{
  "log_path": "C#/powershell@PowerShell/failed/547432425.log",
  "failure_chunk": "Execution of { dotnet restore $project $RestoreArguments } by build.psm1: line 519 failed with exit code 1\nAt /home/travis/build/PowerShell/PowerShell/build.psm1:2038 char:17\n+                 throw $errorMessage\n+                 ~~~~~~~~~~~~~~~~~~~\n+ CategoryInfo          : OperationStopped: (Execution of { dotn\\u2026ed with exit code 1:String) [], RuntimeException\n+ FullyQualifiedErrorId : Execution of { dotnet restore $project $RestoreArguments } by build.psm1: line 519 failed with exit code 1",
  "keywords": [
    "failed",
    "",
    ""
  ],
  "category": "0",
  "full_log": "travis_fold:start:worker_info\n\u001b[0K\u001b[33;1mWorker information\u001b[0m\nhostname: 353d97fc-6734-42f4-9a8a-9b3185813711@1.production-1-worker-org-gce-cwjh\nversion: v6.2.0 https://github.com/travis-ci/worker/tree/5e5476e01646095f48eec13196fdb3faf8f5cbf7\ninstance: travis-job-17d5e2a2-4dd6-49f8-82f7-25e72528f099 travis-ci-garnet-trusty-1512502259-986baf0 (via amqp)\nstartup: 36.924010973s\ntravis_fold:end:worker_info\n\u001b[0Ktravis_fold:start:system_info\n\u001b[0K\u001b[33;1mBuild system information\u001b[0m\nBuild language: cpp\nBuild group: stable\nBuild dist: trusty\nBuild id: 547432425\nJob id: 547432426\nRuntime kernel version: 4.4.0-101-generic\ntravis-build version: 541266b83\n\u001b[34m\u001b[1mBuild image provisioning date and time\u001b[0m\nTue Dec  5 19:58:13 UTC 2017\n\u001b[34m\u001b[1mOperating System Details\u001b[0m\nDistributor ID:\tUbuntu\nDescription:\tUbuntu 14.04.5 LTS\nRelease:\t14.04\nCodename:\ttrusty\n\u001b[34m\u001b[1mCookbooks Version\u001b[0m\n7c2c6a6 https://github.com/travis-ci/travis-cookbooks/tree/7c2c6a6\n\u001b[34m\u001b[1mgit version\u001b[0m\ngit version 2.15.1\n\u001b[34m\u001b[1mbash version\u001b[0m\nGNU bash, version 4.3.11(1)-release (x86_64-pc-linux-gnu)\n\u001b[34m\u001b[1mgcc version\u001b[0m\ngcc (Ubuntu 4.8.4-2ubuntu1~14.04.3) 4.8.4\nCopyright (C) 2013 Free Software Foundation, Inc.\nThis is free software; see the source for copying conditions.  There is NO\nwarranty; not even for MERCHANTABILITY or FITNESS FOR A PARTICULAR PURPOSE.\n\n\u001b[34m\u001b[1mdocker version\u001b[0m\nClient:\n Version:      17.09.0-ce\n API version:  1.32\n Go version:   go1.8.3\n Git commit:   afdb6d4\n Built:        Tue Sep 26 22:42:38 2017\n OS/Arch:      linux/amd64\n\nServer:\n Version:      17.09.0-ce\n API version:  1.32 (minimum version 1.12)\n Go version:   go1.8.3\n Git commit:   afdb6d4\n Built:        Tue Sep 26 22:41:20 2017\n OS/Arch:      linux/amd64\n Experimental: false\n\u001b[34m\u001b[1mclang version\u001b[0m\nclang version 5.0.0 (tags/RELEASE_500/final)\nTarget: x86_64-unknown-linux-gnu\nThread model: posix\nInstalledDir: /usr/local/clang-5.0.0/bin\n\u001b[34m\u001b[1mjq version\u001b[0m\njq-1.5\n\u001b[34m\u001b[1mbats version\u001b[0m\nBats 0.4.0\n\u001b[34m\u001b[1mshellcheck version\u001b[0m\n0.4.6\n\u001b[34m\u001b[1mshfmt version\u001b[0m\nv2.0.0\n\u001b[34m\u001b[1mccache version\u001b[0m\nccache version 3.1.9\n\nCopyright (C) 2002-2007 Andrew Tridgell\nCopyright (C) 2009-2011 Joel Rosdahl\n\nThis program is free software; you can redistribute it and/or modify it under\nthe terms of the GNU General Public License as published by the Free Software\nFoundation; either version 3 of the License, or (at your option) any later\nversion.\n\u001b[34m\u001b[1mcmake version\u001b[0m\ncmake version 3.9.2\n\nCMake suite maintained and supported by Kitware (kitware.com/cmake).\n\u001b[34m\u001b[1mheroku version\u001b[0m\nheroku-cli/6.14.39-addc925 (linux-x64) node-v9.2.0\n\u001b[34m\u001b[1mimagemagick version\u001b[0m\nVersion: ImageMagick 6.7.7-10 2017-07-31 Q16 http://www.imagemagick.org\n\u001b[34m\u001b[1mmd5deep version\u001b[0m\n4.2\n\u001b[34m\u001b[1mmercurial version\u001b[0m\nMercurial Distributed SCM (version 4.2.2)\n(see https://mercurial-scm.org for more information)\n\nCopyright (C) 2005-2017 Matt Mackall and others\nThis is free software; see the source for copying conditions. There is NO\nwarranty; not even for MERCHANTABILITY or FITNESS FOR A PARTICULAR PURPOSE.\n\u001b[34m\u001b[1mmysql version\u001b[0m\nmysql  Ver 14.14 Distrib 5.6.33, for debian-linux-gnu (x86_64) using  EditLine wrapper\n\u001b[34m\u001b[1mopenssl version\u001b[0m\nOpenSSL 1.0.1f 6 Jan 2014\n\u001b[34m\u001b[1mpacker version\u001b[0m\nPacker v1.0.2\n\nYour version of Packer is out of date! The latest version\nis 1.1.2. You can update by downloading from www.packer.io\n\u001b[34m\u001b[1mpostgresql client version\u001b[0m\npsql (PostgreSQL) 9.6.6\n\u001b[34m\u001b[1mragel version\u001b[0m\nRagel State Machine Compiler version 6.8 Feb 2013\nCopyright (c) 2001-2009 by Adrian Thurston\n\u001b[34m\u001b[1msubversion version\u001b[0m\nsvn, version 1.8.8 (r1568071)\n   compiled Aug 10 2017, 17:20:39 on x86_64-pc-linux-gnu\n\nCopyright (C) 2013 The Apache Software Foundation.\nThis software consists of contributions made by many people;\nsee the NOTICE file for more information.\nSubversion is open source software, see http://subversion.apache.org/\n\nThe following repository access (RA) modules are available:\n\n* ra_svn : Module for accessing a repository using the svn network protocol.\n  - with Cyrus SASL authentication\n  - handles 'svn' scheme\n* ra_local : Module for accessing a repository on local disk.\n  - handles 'file' scheme\n* ra_serf : Module for accessing a repository via WebDAV protocol using serf.\n  - using serf 1.3.3\n  - handles 'http' scheme\n  - handles 'https' scheme\n\n\u001b[34m\u001b[1msudo version\u001b[0m\nSudo version 1.8.9p5\nConfigure options: --prefix=/usr -v --with-all-insults --with-pam --with-fqdn --with-logging=syslog --with-logfac=authpriv --with-env-editor --with-editor=/usr/bin/editor --with-timeout=15 --with-password-timeout=0 --with-passprompt=[sudo] password for %p:  --without-lecture --with-tty-tickets --disable-root-mailer --enable-admin-flag --with-sendmail=/usr/sbin/sendmail --with-timedir=/var/lib/sudo --mandir=/usr/share/man --libexecdir=/usr/lib/sudo --with-sssd --with-sssd-lib=/usr/lib/x86_64-linux-gnu --with-selinux\nSudoers policy plugin version 1.8.9p5\nSudoers file grammar version 43\n\nSudoers path: /etc/sudoers\nAuthentication methods: 'pam'\nSyslog facility if syslog is being used for logging: authpriv\nSyslog priority to use when user authenticates successfully: notice\nSyslog priority to use when user authenticates unsuccessfully: alert\nSend mail if the user is not in sudoers\nUse a separate timestamp for each user/tty combo\nLecture user the first time they run sudo\nRoot may run sudo\nAllow some information gathering to give useful error messages\nRequire fully-qualified hostnames in the sudoers file\nVisudo will honor the EDITOR environment variable\nSet the LOGNAME and USER environment variables\nLength at which to wrap log file lines (0 for no wrap): 80\nAuthentication timestamp timeout: 15.0 minutes\nPassword prompt timeout: 0.0 minutes\nNumber of tries to enter a password: 3\nUmask to use or 0777 to use user's: 022\nPath to mail program: /usr/sbin/sendmail\nFlags for mail program: -t\nAddress to send mail to: root\nSubject line for mail messages: *** SECURITY information for %h ***\nIncorrect password message: Sorry, try again.\nPath to authentication timestamp dir: /var/lib/sudo\nDefault password prompt: [sudo] password for %p: \nDefault user to run commands as: root\nValue to override user's $PATH with: /usr/local/sbin:/usr/local/bin:/usr/sbin:/usr/bin:/sbin:/bin:/snap/bin\nPath to the editor for use by visudo: /usr/bin/editor\nWhen to require a password for 'list' pseudocommand: any\nWhen to require a password for 'verify' pseudocommand: all\nFile descriptors >= 3 will be closed before executing a command\nEnvironment variables to check for sanity:\n\tTZ\n\tTERM\n\tLINGUAS\n\tLC_*\n\tLANGUAGE\n\tLANG\n\tCOLORTERM\nEnvironment variables to remove:\n\tRUBYOPT\n\tRUBYLIB\n\tPYTHONUSERBASE\n\tPYTHONINSPECT\n\tPYTHONPATH\n\tPYTHONHOME\n\tTMPPREFIX\n\tZDOTDIR\n\tREADNULLCMD\n\tNULLCMD\n\tFPATH\n\tPERL5DB\n\tPERL5OPT\n\tPERL5LIB\n\tPERLLIB\n\tPERLIO_DEBUG \n\tJAVA_TOOL_OPTIONS\n\tSHELLOPTS\n\tGLOBIGNORE\n\tPS4\n\tBASH_ENV\n\tENV\n\tTERMCAP\n\tTERMPATH\n\tTERMINFO_DIRS\n\tTERMINFO\n\t_RLD*\n\tLD_*\n\tPATH_LOCALE\n\tNLSPATH\n\tHOSTALIASES\n\tRES_OPTIONS\n\tLOCALDOMAIN\n\tCDPATH\n\tIFS\nEnvironment variables to preserve:\n\tJAVA_HOME\n\tTRAVIS\n\tCI\n\tDEBIAN_FRONTEND\n\tXAUTHORIZATION\n\tXAUTHORITY\n\tPS2\n\tPS1\n\tPATH\n\tLS_COLORS\n\tKRB5CCNAME\n\tHOSTNAME\n\tHOME\n\tDISPLAY\n\tCOLORS\nLocale to use while parsing sudoers: C\nDirectory in which to store input/output logs: /var/log/sudo-io\nFile in which to store the input/output log: %{seq}\nAdd an entry to the utmp/utmpx file when allocating a pty\nPAM service name to use\nPAM service name to use for login shells\nCreate a new PAM session for the command to run in\nMaximum I/O log sequence number: 0\n\nLocal IP address and netmask pairs:\n\t10.240.0.28/255.255.255.255\n\t172.17.0.1/255.255.0.0\n\nSudoers I/O plugin version 1.8.9p5\n\u001b[34m\u001b[1mgzip version\u001b[0m\ngzip 1.6\nCopyright (C) 2007, 2010, 2011 Free Software Foundation, Inc.\nCopyright (C) 1993 Jean-loup Gailly.\nThis is free software.  You may redistribute copies of it under the terms of\nthe GNU General Public License <http://www.gnu.org/licenses/gpl.html>.\nThere is NO WARRANTY, to the extent permitted by law.\n\nWritten by Jean-loup Gailly.\n\u001b[34m\u001b[1mzip version\u001b[0m\nCopyright (c) 1990-2008 Info-ZIP - Type 'zip \"-L\"' for software license.\nThis is Zip 3.0 (July 5th 2008), by Info-ZIP.\nCurrently maintained by E. Gordon.  Please send bug reports to\nthe authors using the web page at www.info-zip.org; see README for details.\n\nLatest sources and executables are at ftp://ftp.info-zip.org/pub/infozip,\nas of above date; see http://www.info-zip.org/ for other sites.\n\nCompiled with gcc 4.8.2 for Unix (Linux ELF) on Oct 21 2013.\n\nZip special compilation options:\n\tUSE_EF_UT_TIME       (store Universal Time)\n\tBZIP2_SUPPORT        (bzip2 library version 1.0.6, 6-Sept-2010)\n\t    bzip2 code and library copyright (c) Julian R Seward\n\t    (See the bzip2 license for terms of use)\n\tSYMLINK_SUPPORT      (symbolic links supported)\n\tLARGE_FILE_SUPPORT   (can read and write large files on file system)\n\tZIP64_SUPPORT        (use Zip64 to store large files in archives)\n\tUNICODE_SUPPORT      (store and read UTF-8 Unicode paths)\n\tSTORE_UNIX_UIDs_GIDs (store UID/GID sizes/values using new extra field)\n\tUIDGID_NOT_16BIT     (old Unix 16-bit UID/GID extra field not used)\n\t[encryption, version 2.91 of 05 Jan 2007] (modified for Zip 3)\n\nEncryption notice:\n\tThe encryption code of this program is not copyrighted and is\n\tput in the public domain.  It was originally written in Europe\n\tand, to the best of our knowledge, can be freely distributed\n\tin both source and object forms from any country, including\n\tthe USA under License Exception TSU of the U.S. Export\n\tAdministration Regulations (section 740.13(e)) of 6 June 2002.\n\nZip environment options:\n             ZIP:  [none]\n          ZIPOPT:  [none]\n\u001b[34m\u001b[1mvim version\u001b[0m\nVIM - Vi IMproved 7.4 (2013 Aug 10, compiled Nov 24 2016 16:43:18)\nIncluded patches: 1-52\nExtra patches: 8.0.0056\nModified by pkg-vim-maintainers@lists.alioth.debian.org\nCompiled by buildd@\nHuge version without GUI.  Features included (+) or not (-):\n+acl             +farsi           +mouse_netterm   +syntax\n+arabic          +file_in_path    +mouse_sgr       +tag_binary\n+autocmd         +find_in_path    -mouse_sysmouse  +tag_old_static\n-balloon_eval    +float           +mouse_urxvt     -tag_any_white\n-browse          +folding         +mouse_xterm     -tcl\n++builtin_terms  -footer          +multi_byte      +terminfo\n+byte_offset     +fork()          +multi_lang      +termresponse\n+cindent         +gettext         -mzscheme        +textobjects\n-clientserver    -hangul_input    +netbeans_intg   +title\n-clipboard       +iconv           +path_extra      -toolbar\n+cmdline_compl   +insert_expand   -perl            +user_commands\n+cmdline_hist    +jumplist        +persistent_undo +vertsplit\n+cmdline_info    +keymap          +postscript      +virtualedit\n+comments        +langmap         +printer         +visual\n+conceal         +libcall         +profile         +visualextra\n+cryptv          +linebreak       +python          +viminfo\n+cscope          +lispindent      -python3         +vreplace\n+cursorbind      +listcmds        +quickfix        +wildignore\n+cursorshape     +localmap        +reltime         +wildmenu\n+dialog_con      -lua             +rightleft       +windows\n+diff            +menu            -ruby            +writebackup\n+digraphs        +mksession       +scrollbind      -X11\n-dnd             +modify_fname    +signs           -xfontset\n-ebcdic          +mouse           +smartindent     -xim\n+emacs_tags      -mouseshape      -sniff           -xsmp\n+eval            +mouse_dec       +startuptime     -xterm_clipboard\n+ex_extra        +mouse_gpm       +statusline      -xterm_save\n+extra_search    -mouse_jsbterm   -sun_workshop    -xpm\n   system vimrc file: \"$VIM/vimrc\"\n     user vimrc file: \"$HOME/.vimrc\"\n 2nd user vimrc file: \"~/.vim/vimrc\"\n      user exrc file: \"$HOME/.exrc\"\n  fall-back for $VIM: \"/usr/share/vim\"\nCompilation: gcc -c -I. -Iproto -DHAVE_CONFIG_H     -g -O2 -fstack-protector --param=ssp-buffer-size=4 -Wformat -Werror=format-security -U_FORTIFY_SOURCE -D_FORTIFY_SOURCE=1      \nLinking: gcc   -Wl,-Bsymbolic-functions -Wl,-z,relro -Wl,--as-needed -o vim        -lm -ltinfo -lnsl  -lselinux  -lacl -lattr -lgpm -ldl    -L/usr/lib/python2.7/config-x86_64-linux-gnu -lpython2.7 -lpthread -ldl -lutil -lm -Xlinker -export-dynamic -Wl,-O1 -Wl,-Bsymbolic-functions      \n\u001b[34m\u001b[1miptables version\u001b[0m\niptables v1.4.21\n\u001b[34m\u001b[1mcurl version\u001b[0m\ncurl 7.35.0 (x86_64-pc-linux-gnu) libcurl/7.35.0 OpenSSL/1.0.1f zlib/1.2.8 libidn/1.28 librtmp/2.3\n\u001b[34m\u001b[1mwget version\u001b[0m\nGNU Wget 1.15 built on linux-gnu.\n\u001b[34m\u001b[1mrsync version\u001b[0m\nrsync  version 3.1.0  protocol version 31\n\u001b[34m\u001b[1mgimme version\u001b[0m\nv1.2.0\n\u001b[34m\u001b[1mnvm version\u001b[0m\n0.33.6\n\u001b[34m\u001b[1mperlbrew version\u001b[0m\n/home/travis/perl5/perlbrew/bin/perlbrew  - App::perlbrew/0.80\n\u001b[34m\u001b[1mphpenv version\u001b[0m\nrbenv 1.1.1-25-g6aa70b6\n\u001b[34m\u001b[1mrvm version\u001b[0m\nrvm 1.29.3 (latest) by Michal Papis, Piotr Kuczynski, Wayne E. Seguin [https://rvm.io]\n\u001b[34m\u001b[1mdefault ruby version\u001b[0m\nruby 2.4.1p111 (2017-03-22 revision 58053) [x86_64-linux]\n\u001b[34m\u001b[1mCouchDB version\u001b[0m\ncouchdb 1.6.1\n\u001b[34m\u001b[1mElasticSearch version\u001b[0m\n5.5.0\n\u001b[34m\u001b[1mInstalled Firefox version\u001b[0m\nfirefox 56.0.2\n\u001b[34m\u001b[1mMongoDB version\u001b[0m\nMongoDB 3.4.10\n\u001b[34m\u001b[1mPhantomJS version\u001b[0m\n2.1.1\n\u001b[34m\u001b[1mPre-installed PostgreSQL versions\u001b[0m\n9.2.24\n9.3.20\n9.4.15\n9.5.10\n9.6.6\n\u001b[34m\u001b[1mRabbitMQ Version\u001b[0m\n3.6.14\n\u001b[34m\u001b[1mRedis version\u001b[0m\nredis-server 4.0.6\n\u001b[34m\u001b[1mriak version\u001b[0m\n2.2.3\n\u001b[34m\u001b[1mPre-installed Go versions\u001b[0m\n1.7.4\n\u001b[34m\u001b[1mant version\u001b[0m\nApache Ant(TM) version 1.9.3 compiled on April 8 2014\n\u001b[34m\u001b[1mmvn version\u001b[0m\nApache Maven 3.5.2 (138edd61fd100ec658bfa2d307c43b76940a5d7d; 2017-10-18T07:58:13Z)\nMaven home: /usr/local/maven-3.5.2\nJava version: 1.8.0_151, vendor: Oracle Corporation\nJava home: /usr/lib/jvm/java-8-oracle/jre\nDefault locale: en_US, platform encoding: UTF-8\nOS name: \"linux\", version: \"4.4.0-98-generic\", arch: \"amd64\", family: \"unix\"\n\u001b[34m\u001b[1mgradle version\u001b[0m\n\n------------------------------------------------------------\nGradle 4.0.1\n------------------------------------------------------------\n\nBuild time:   2017-07-07 14:02:41 UTC\nRevision:     38e5dc0f772daecca1d2681885d3d85414eb6826\n\nGroovy:       2.4.11\nAnt:          Apache Ant(TM) version 1.9.6 compiled on June 29 2015\nJVM:          1.8.0_151 (Oracle Corporation 25.151-b12)\nOS:           Linux 4.4.0-98-generic amd64\n\n\u001b[34m\u001b[1mlein version\u001b[0m\nLeiningen 2.8.1 on Java 1.8.0_151 Java HotSpot(TM) 64-Bit Server VM\n\u001b[34m\u001b[1mPre-installed Node.js versions\u001b[0m\nv4.8.6\nv6.12.0\nv6.12.1\nv8.9\nv8.9.1\n\u001b[34m\u001b[1mphpenv versions\u001b[0m\n  system\n  5.6\n* 5.6.32 (set by /home/travis/.phpenv/version)\n  7.0\n  7.0.25\n  7.1\n  7.1.11\n  hhvm\n  hhvm-stable\n\u001b[34m\u001b[1mcomposer --version\u001b[0m\nComposer version 1.5.2 2017-09-11 16:59:25\n\u001b[34m\u001b[1mPre-installed Ruby versions\u001b[0m\nruby-2.2.7\nruby-2.3.4\nruby-2.4.1\ntravis_fold:end:system_info\n\u001b[0K\ntravis_fold:start:docker_mtu\n\u001b[0Kdocker stop/waiting\ndocker start/running, process 3736\ntravis_fold:end:docker_mtu\n\u001b[0Ktravis_fold:start:resolvconf\n\u001b[0Kresolvconf stop/waiting\nresolvconf start/running\ntravis_fold:end:resolvconf\n\u001b[0K\ntravis_fold:start:git.checkout\n\u001b[0Ktravis_time:start:0086a9cc\n\u001b[0K$ git clone --depth=1000 --branch=dependabot/nuget/src/Modules/release/v6.1.5/PowerShellGet-2.1.5 https://github.com/PowerShell/PowerShell.git PowerShell/PowerShell\nCloning into 'PowerShell/PowerShell'...\ntravis_time:end:0086a9cc:start=1560892686628900468,finish=1560892693709873142,duration=7080972674\n\u001b[0K$ cd PowerShell/PowerShell\n$ git checkout -qf 3e01204f18ca3405196aadaf9339ae62ac08f718\ntravis_fold:end:git.checkout\n\u001b[0K\ntravis_fold:start:git.submodule\n\u001b[0Ktravis_time:start:1782bd2d\n\u001b[0K$ git submodule update --init --recursive\nSubmodule 'src/libpsl-native/test/googletest' (https://github.com/google/googletest.git) registered for path 'src/libpsl-native/test/googletest'\nCloning into '/home/travis/build/PowerShell/PowerShell/src/libpsl-native/test/googletest'...\nSubmodule path 'src/libpsl-native/test/googletest': checked out 'c99458533a9b4c743ed51537e25989ea55944908'\ntravis_time:end:1782bd2d:start=1560892694378417762,finish=1560892696067814942,duration=1689397180\n\u001b[0Ktravis_fold:end:git.submodule\n\u001b[0K\n\u001b[33;1mSetting environment variables from repository settings\u001b[0m\n$ export ARTIFACTS_BUCKET=[secure]\n$ export ARTIFACTS_KEY=[secure]\n$ export ARTIFACTS_SECRET=[secure]\n$ export TestResultAccountName=[secure]\n$ export TestResultAccountKey=[secure]\n$ export NUGET_URL=[secure]\n$ export NUGET_KEY=[secure]\n$ export WebHookUrl=[secure]\n\n\u001b[33;1mSetting environment variables from .travis.yml\u001b[0m\n$ export CACHE_VERSION=netcoreapp.2.1-sdk.2.1.401\n$ export POWERSHELL_TELEMETRY_OPTOUT=1\n$ export DOTNET_SKIP_FIRST_TIME_EXPERIENCE=1\n$ export TRAVIS_CI_CACHE_NAME=linux\n\n$ export TRAVIS_COMPILER=g++\n$ export CXX=g++\n$ export CXX_FOR_BUILD=g++\n$ export CC=gcc\n$ export CC_FOR_BUILD=gcc\ntravis_fold:start:cache.1\n\u001b[0KSetting up build cache\n$ export CASHER_DIR=${TRAVIS_HOME}/.casher\ntravis_time:start:0fcd9788\n\u001b[0K$ Installing caching utilities\ntravis_time:end:0fcd9788:start=1560892700406361862,finish=1560892700549290094,duration=142928232\n\u001b[0Ktravis_time:start:09a5a2ea\n\u001b[0Ktravis_time:end:09a5a2ea:start=1560892700555998511,finish=1560892700559240490,duration=3241979\n\u001b[0Ktravis_time:start:150e68ec\n\u001b[0Kattempting to download cache archive\u001b[0m\n\u001b[32;1mfetching PowerShellGet-2.1.5/cache-linux-trusty-b63ba428cd21dd946309ed81c41c4b9000afe459974af6ba6ead38ce4f74cf7f--compiler-gpp.tgz\u001b[0m\n\u001b[32;1mfetching PowerShellGet-2.1.5/cache--compiler-gpp.tgz\u001b[0m\n\u001b[32;1mfetching dependabotnugetsrcModulesreleasev6.1.5PowerShellGet-2.1.5/cache-linux-trusty-b63ba428cd21dd946309ed81c41c4b9000afe459974af6ba6ead38ce4f74cf7f--compiler-gpp.tgz\u001b[0m\n\u001b[32;1mfetching dependabotnugetsrcModulesreleasev6.1.5PowerShellGet-2.1.5/cache--compiler-gpp.tgz\u001b[0m\n\u001b[32;1mfetching master/cache-linux-trusty-b63ba428cd21dd946309ed81c41c4b9000afe459974af6ba6ead38ce4f74cf7f--compiler-gpp.tgz\u001b[0m\n\u001b[32;1mfetching master/cache--compiler-gpp.tgz\u001b[0m\n\u001b[31;1mcould not download cache\u001b[0m\ntravis_time:end:150e68ec:start=1560892700564495407,finish=1560892702135913667,duration=1571418260\n\u001b[0Ktravis_time:start:031df7b4\n\u001b[0Ktravis_time:end:031df7b4:start=1560892702141741600,finish=1560892702145181239,duration=3439639\n\u001b[0Ktravis_time:start:180a3a40\n\u001b[0Kadding /home/travis/.nuget to cache\u001b[0m\ncreating directory /home/travis/.nuget\u001b[0m\nadding /home/travis/Library/Caches/Homebrew to cache\u001b[0m\ncreating directory /home/travis/Library/Caches/Homebrew\u001b[0m\ntravis_time:end:180a3a40:start=1560892702151132453,finish=1560892703220866148,duration=1069733695\n\u001b[0Ktravis_fold:end:cache.1\n\u001b[0K\n$ g++ --version\ng++ (Ubuntu 4.8.4-2ubuntu1~14.04.3) 4.8.4\nCopyright (C) 2013 Free Software Foundation, Inc.\nThis is free software; see the source for copying conditions.  There is NO\nwarranty; not even for MERCHANTABILITY or FITNESS FOR A PARTICULAR PURPOSE.\n\ntravis_fold:start:install.1\n\u001b[0Ktravis_time:start:0ca80397\n\u001b[0K$ if [[ \"$TRAVIS_OS_NAME\" == \"osx\" ]]; then rvm install ruby-2.3.3; rvm --default use 2.3.3; fi\ntravis_time:end:0ca80397:start=1560892703239729022,finish=1560892703243362833,duration=3633811\n\u001b[0Ktravis_fold:end:install.1\n\u001b[0Ktravis_fold:start:install.2\n\u001b[0Ktravis_time:start:022e70e6\n\u001b[0K$ if [[ \"$TRAVIS_OS_NAME\" == \"osx\" ]]; then export DYLD_LIBRARY_PATH=/usr/local/opt/curl/lib:/usr/local/opt/openssl/lib:${DYLD_LIBRARY_PATH}; fi\ntravis_time:end:022e70e6:start=1560892703248453894,finish=1560892703251797748,duration=3343854\n\u001b[0Ktravis_fold:end:install.2\n\u001b[0Ktravis_fold:start:install.3\n\u001b[0Ktravis_time:start:000035cc\n\u001b[0K$ pushd tools\n~/build/PowerShell/PowerShell/tools ~/build/PowerShell/PowerShell\ntravis_time:end:000035cc:start=1560892703256662457,finish=1560892703259902869,duration=3240412\n\u001b[0Ktravis_fold:end:install.3\n\u001b[0Ktravis_fold:start:install.4\n\u001b[0Ktravis_time:start:0f6b2413\n\u001b[0K$ ./install-powershell.sh\nGet-PowerShell Core MASTER Installer Version 1.2.0\nInstalls PowerShell Core and Optional The Development Environment\n  Original script is at: https://raw.githubusercontent.com/PowerShell/PowerShell/master/tools$gitscriptname\nArguments used: \n\nOperating System Details:\n  OS: linux\n  DIST: Ubuntu\n  DistroBasedOn: debian\n  PSUEDONAME: trusty\n  REV: 14.04\n  KERNEL: 4.4.0-101-generic\n  MACH: x86_64\nConfiguring PowerShell Core Enviornment for: debian Ubuntu 14.04\n\n*** PowerShell Core Development Environment Installer 1.2.0 for debian\n***    Current PowerShell Core Version: \n***    Original script is at: https://raw.githubusercontent.com/PowerShell/PowerShell/master/tools/installpsh-debian.psh\n\n*** Arguments used: \nRunning on CI (as determined by env var CI set to true), skipping SUDO check.\n\n*** Installing PowerShell Core for debian...\n  % Total    % Received % Xferd  Average Speed   Time    Time     Time  Current\n                                 Dload  Upload   Total   Spent    Left  Speed\n\n  0     0    0     0    0     0      0      0 --:--:-- --:--:-- --:--:--     0\n100 37161  100 37161    0     0   172k      0 --:--:-- --:--:-- --:--:--  172k\n*** Current version on git is: , repo version may differ slightly...\n*** Setting up PowerShell Core repo...\n  % Total    % Received % Xferd  Average Speed   Time    Time     Time  Current\n                                 Dload  Upload   Total   Spent    Left  Speed\n\n  0     0    0     0    0     0      0      0 --:--:-- --:--:-- --:--:--     0\n100   983  100   983    0     0   4876      0 --:--:-- --:--:-- --:--:--  4890\nOK\n  % Total    % Received % Xferd  Average Speed   Time    Time     Time  Current\n                                 Dload  Upload   Total   Spent    Left  Speed\n\n  0     0    0     0    0     0      0      0 --:--:-- --:--:-- --:--:--     0\n100    78  100    78    0     0    607      0 --:--:-- --:--:-- --:--:--   609\ndeb [arch=amd64] https://packages.microsoft.com/ubuntu/14.04/prod trusty main\nGet:1 http://security.ubuntu.com/ubuntu trusty-security InRelease [65.9 kB]\nGet:3 http://ppa.launchpad.net/chris-lea/redis-server/ubuntu trusty InRelease [15.4 kB]\nGet:5 http://dl.hhvm.com/ubuntu trusty InRelease [3,106 B]\nGet:6 http://apt.postgresql.org/pub/repos/apt trusty-pgdg InRelease [56.5 kB]\nHit:2 http://dl.bintray.com/apache/cassandra 39x InRelease\nIgn:7 http://repo.mongodb.org/apt/ubuntu trusty/mongodb-org/3.4 InRelease\nGet:8 http://repo.mongodb.org/apt/ubuntu trusty/mongodb-org/3.4 Release [2,495 B]\nGet:9 http://repo.mongodb.org/apt/ubuntu trusty/mongodb-org/3.4 Release.gpg [801 B]\nIgn:10 http://dl.google.com/linux/chrome/deb stable InRelease\nGet:11 http://dl.google.com/linux/chrome/deb stable Release [943 B]\nGet:12 http://dl.google.com/linux/chrome/deb stable Release.gpg [819 B]\nIgn:13 http://us-east-1.ec2.archive.ubuntu.com/ubuntu trusty InRelease\nGet:14 http://us-east-1.ec2.archive.ubuntu.com/ubuntu trusty-updates InRelease [65.9 kB]\nGet:15 http://us-east-1.ec2.archive.ubuntu.com/ubuntu trusty-backports InRelease [65.9 kB]\nGet:16 http://us-east-1.ec2.archive.ubuntu.com/ubuntu trusty Release [58.5 kB]\nGet:17 http://us-east-1.ec2.archive.ubuntu.com/ubuntu trusty Release.gpg [933 B]\nIgn:4 http://heroku-toolbelt.s3.amazonaws.com/apt ./ InRelease\nHit:18 http://heroku-toolbelt.s3.amazonaws.com/apt ./ Release\nIgn:19 http://ppa.launchpad.net/couchdb/stable/ubuntu trusty InRelease\nGet:20 http://ppa.launchpad.net/git-core/ppa/ubuntu trusty InRelease [20.8 kB]\nGet:21 http://ppa.launchpad.net/openjdk-r/ppa/ubuntu trusty InRelease [15.4 kB]\nGet:22 http://ppa.launchpad.net/pollinate/ppa/ubuntu trusty InRelease [15.4 kB]\nGet:23 http://ppa.launchpad.net/webupd8team/java/ubuntu trusty InRelease [15.5 kB]\nGet:24 http://ppa.launchpad.net/chris-lea/redis-server/ubuntu trusty/main amd64 Packages [1,843 B]\nGet:25 http://ppa.launchpad.net/chris-lea/redis-server/ubuntu trusty/main i386 Packages [1,842 B]\nGet:26 http://ppa.launchpad.net/chris-lea/redis-server/ubuntu trusty/main Translation-en [990 B]\nHit:27 http://ppa.launchpad.net/couchdb/stable/ubuntu trusty Release\nGet:28 https://download.docker.com/linux/ubuntu trusty InRelease [37.1 kB]\nGet:29 http://security.ubuntu.com/ubuntu trusty-security/main Sources [220 kB]\nGet:30 http://security.ubuntu.com/ubuntu trusty-security/restricted Sources [5,050 B]\nGet:31 http://security.ubuntu.com/ubuntu trusty-security/universe Sources [126 kB]\nGet:32 http://security.ubuntu.com/ubuntu trusty-security/multiverse Sources [3,070 B]\nGet:33 http://security.ubuntu.com/ubuntu trusty-security/main amd64 Packages [1,032 kB]\nGet:34 http://security.ubuntu.com/ubuntu trusty-security/main i386 Packages [934 kB]\nGet:35 http://security.ubuntu.com/ubuntu trusty-security/main Translation-en [541 kB]\nGet:36 http://dl.hhvm.com/ubuntu trusty/main amd64 Packages [1,817 B]\nGet:37 http://security.ubuntu.com/ubuntu trusty-security/restricted amd64 Packages [18.1 kB]\nGet:38 http://security.ubuntu.com/ubuntu trusty-security/restricted i386 Packages [17.8 kB]\nGet:39 http://security.ubuntu.com/ubuntu trusty-security/restricted Translation-en [3,272 B]\nGet:40 http://security.ubuntu.com/ubuntu trusty-security/universe amd64 Packages [377 kB]\nGet:41 http://security.ubuntu.com/ubuntu trusty-security/universe i386 Packages [355 kB]\nGet:42 https://packages.microsoft.com/ubuntu/14.04/prod trusty InRelease [3,226 B]\nGet:43 http://security.ubuntu.com/ubuntu trusty-security/universe Translation-en [203 kB]\nGet:44 http://security.ubuntu.com/ubuntu trusty-security/multiverse amd64 Packages [4,730 B]\nGet:45 http://security.ubuntu.com/ubuntu trusty-security/multiverse i386 Packages [4,887 B]\nGet:46 http://security.ubuntu.com/ubuntu trusty-security/multiverse Translation-en [2,426 B]\nGet:47 http://apt.postgresql.org/pub/repos/apt trusty-pgdg/main amd64 Packages [201 kB]\nGet:48 http://apt.postgresql.org/pub/repos/apt trusty-pgdg/main i386 Packages [201 kB]\nGet:49 http://repo.mongodb.org/apt/ubuntu trusty/mongodb-org/3.4/multiverse amd64 Packages [14.1 kB]\nGet:50 https://packagecloud.io/computology/apt-backport/ubuntu trusty InRelease [23.5 kB]\nGet:51 http://dl.google.com/linux/chrome/deb stable/main amd64 Packages [1,108 B]\nGet:52 http://us-east-1.ec2.archive.ubuntu.com/ubuntu trusty-updates/main Sources [532 kB]\nGet:53 http://us-east-1.ec2.archive.ubuntu.com/ubuntu trusty-updates/restricted Sources [6,444 B]\nGet:54 http://us-east-1.ec2.archive.ubuntu.com/ubuntu trusty-updates/universe Sources [288 kB]\nGet:55 http://us-east-1.ec2.archive.ubuntu.com/ubuntu trusty-updates/multiverse Sources [7,389 B]\nGet:56 http://us-east-1.ec2.archive.ubuntu.com/ubuntu trusty-updates/main amd64 Packages [1,460 kB]\nGet:57 https://packagecloud.io/github/git-lfs/ubuntu trusty InRelease [23.2 kB]\nGet:58 http://us-east-1.ec2.archive.ubuntu.com/ubuntu trusty-updates/main i386 Packages [1,354 kB]\nGet:59 http://us-east-1.ec2.archive.ubuntu.com/ubuntu trusty-updates/main Translation-en [701 kB]\nGet:60 http://us-east-1.ec2.archive.ubuntu.com/ubuntu trusty-updates/restricted amd64 Packages [21.4 kB]\nGet:61 http://us-east-1.ec2.archive.ubuntu.com/ubuntu trusty-updates/restricted i386 Packages [21.1 kB]\nGet:62 http://us-east-1.ec2.archive.ubuntu.com/ubuntu trusty-updates/restricted Translation-en [3,706 B]\nGet:63 http://us-east-1.ec2.archive.ubuntu.com/ubuntu trusty-updates/universe amd64 Packages [671 kB]\nGet:64 http://us-east-1.ec2.archive.ubuntu.com/ubuntu trusty-updates/universe i386 Packages [646 kB]\nGet:65 http://us-east-1.ec2.archive.ubuntu.com/ubuntu trusty-updates/universe Translation-en [347 kB]\nGet:66 https://packagecloud.io/rabbitmq/rabbitmq-server/ubuntu trusty InRelease [23.7 kB]\nGet:67 http://us-east-1.ec2.archive.ubuntu.com/ubuntu trusty-updates/multiverse amd64 Packages [16.1 kB]\nGet:68 http://us-east-1.ec2.archive.ubuntu.com/ubuntu trusty-updates/multiverse i386 Packages [16.6 kB]\nGet:69 http://us-east-1.ec2.archive.ubuntu.com/ubuntu trusty-updates/multiverse Translation-en [7,680 B]\nGet:70 http://us-east-1.ec2.archive.ubuntu.com/ubuntu trusty-backports/main Sources [10.4 kB]\nGet:71 http://us-east-1.ec2.archive.ubuntu.com/ubuntu trusty-backports/restricted Sources [40 B]\nGet:72 http://us-east-1.ec2.archive.ubuntu.com/ubuntu trusty-backports/universe Sources [41.3 kB]\nGet:73 http://us-east-1.ec2.archive.ubuntu.com/ubuntu trusty-backports/multiverse Sources [1,747 B]\nGet:74 http://us-east-1.ec2.archive.ubuntu.com/ubuntu trusty-backports/main amd64 Packages [14.7 kB]\nGet:76 http://us-east-1.ec2.archive.ubuntu.com/ubuntu trusty-backports/main i386 Packages [14.7 kB]\nGet:77 http://us-east-1.ec2.archive.ubuntu.com/ubuntu trusty-backports/main Translation-en [7,426 B]\nGet:78 http://us-east-1.ec2.archive.ubuntu.com/ubuntu trusty-backports/restricted amd64 Packages [40 B]\nGet:79 http://us-east-1.ec2.archive.ubuntu.com/ubuntu trusty-backports/restricted i386 Packages [40 B]\nGet:80 http://us-east-1.ec2.archive.ubuntu.com/ubuntu trusty-backports/restricted Translation-en [40 B]\nGet:81 http://us-east-1.ec2.archive.ubuntu.com/ubuntu trusty-backports/universe amd64 Packages [52.5 kB]\nGet:82 http://us-east-1.ec2.archive.ubuntu.com/ubuntu trusty-backports/universe i386 Packages [52.4 kB]\nGet:83 http://us-east-1.ec2.archive.ubuntu.com/ubuntu trusty-backports/universe Translation-en [40.0 kB]\nGet:84 http://us-east-1.ec2.archive.ubuntu.com/ubuntu trusty-backports/multiverse amd64 Packages [1,392 B]\nGet:85 http://us-east-1.ec2.archive.ubuntu.com/ubuntu trusty-backports/multiverse i386 Packages [1,376 B]\nGet:86 http://us-east-1.ec2.archive.ubuntu.com/ubuntu trusty-backports/multiverse Translation-en [1,165 B]\nGet:87 http://us-east-1.ec2.archive.ubuntu.com/ubuntu trusty/main Sources [1,335 kB]\nGet:88 http://us-east-1.ec2.archive.ubuntu.com/ubuntu trusty/restricted Sources [5,335 B]\nGet:89 http://us-east-1.ec2.archive.ubuntu.com/ubuntu trusty/universe Sources [7,926 kB]\nGet:90 http://ppa.launchpad.net/git-core/ppa/ubuntu trusty/main amd64 Packages [3,505 B]\nGet:91 http://ppa.launchpad.net/git-core/ppa/ubuntu trusty/main i386 Packages [3,505 B]\nGet:92 http://ppa.launchpad.net/git-core/ppa/ubuntu trusty/main Translation-en [2,372 B]\nGet:93 http://ppa.launchpad.net/openjdk-r/ppa/ubuntu trusty/main amd64 Packages [7,571 B]\nGet:94 http://ppa.launchpad.net/openjdk-r/ppa/ubuntu trusty/main i386 Packages [7,700 B]\nGet:95 http://ppa.launchpad.net/openjdk-r/ppa/ubuntu trusty/main Translation-en [2,388 B]\nGet:96 http://us-east-1.ec2.archive.ubuntu.com/ubuntu trusty/multiverse Sources [211 kB]\nGet:97 http://us-east-1.ec2.archive.ubuntu.com/ubuntu trusty/main amd64 Packages [1,743 kB]\nGet:98 http://ppa.launchpad.net/pollinate/ppa/ubuntu trusty/main amd64 Packages [430 B]\nGet:99 http://ppa.launchpad.net/pollinate/ppa/ubuntu trusty/main i386 Packages [430 B]\nGet:100 http://ppa.launchpad.net/pollinate/ppa/ubuntu trusty/main Translation-en [374 B]\nGet:101 http://us-east-1.ec2.archive.ubuntu.com/ubuntu trusty/main i386 Packages [1,739 kB]\nGet:102 http://us-east-1.ec2.archive.ubuntu.com/ubuntu trusty/restricted amd64 Packages [16.0 kB]\nGet:103 http://us-east-1.ec2.archive.ubuntu.com/ubuntu trusty/restricted i386 Packages [16.4 kB]\nGet:104 http://us-east-1.ec2.archive.ubuntu.com/ubuntu trusty/universe amd64 Packages [7,589 kB]\nGet:105 http://ppa.launchpad.net/webupd8team/java/ubuntu trusty/main amd64 Packages [20 B]\nGet:106 http://ppa.launchpad.net/webupd8team/java/ubuntu trusty/main i386 Packages [20 B]\nGet:107 http://ppa.launchpad.net/webupd8team/java/ubuntu trusty/main Translation-en [20 B]\nGet:108 http://us-east-1.ec2.archive.ubuntu.com/ubuntu trusty/universe i386 Packages [7,597 kB]\nGet:110 https://download.docker.com/linux/ubuntu trusty/stable amd64 Packages [5,763 B]\nGet:111 https://download.docker.com/linux/ubuntu trusty/edge amd64 Packages [6,911 B]\nGet:112 http://us-east-1.ec2.archive.ubuntu.com/ubuntu trusty/multiverse amd64 Packages [169 kB]\nGet:113 http://us-east-1.ec2.archive.ubuntu.com/ubuntu trusty/multiverse i386 Packages [172 kB]\nGet:114 https://packages.microsoft.com/ubuntu/14.04/prod trusty/main amd64 Packages [75.4 kB]\nErr:57 https://packagecloud.io/github/git-lfs/ubuntu trusty InRelease\n  The following signatures couldn't be verified because the public key is not available: NO_PUBKEY 6B05F25D762E3157\nGet:115 https://packagecloud.io/computology/apt-backport/ubuntu trusty/main amd64 Packages [3,628 B]\nGet:116 https://packagecloud.io/rabbitmq/rabbitmq-server/ubuntu trusty/main amd64 Packages [7,866 B]\nGet:117 https://packagecloud.io/rabbitmq/rabbitmq-server/ubuntu trusty/main i386 Packages [7,866 B]\nFetched 39.8 MB in 4s (8,953 kB/s)\nReading package lists...\nW: http://ppa.launchpad.net/couchdb/stable/ubuntu/dists/trusty/Release.gpg: Signature by key 15866BAFD9BCC4F3C1E0DFC7D69548E1C17EAB57 uses weak digest algorithm (SHA1)\nW: An error occurred during the signature verification. The repository is not updated and the previous index files will be used. GPG error: https://packagecloud.io/github/git-lfs/ubuntu trusty InRelease: The following signatures couldn't be verified because the public key is not available: NO_PUBKEY 6B05F25D762E3157\nW: Failed to fetch https://packagecloud.io/github/git-lfs/ubuntu/dists/trusty/InRelease  The following signatures couldn't be verified because the public key is not available: NO_PUBKEY 6B05F25D762E3157\nW: Some index files failed to download. They have been ignored, or old ones used instead.\nReading package lists...\nBuilding dependency tree...\nReading state information...\nThe following additional packages will be installed:\n  liblttng-ust-ctl2 liblttng-ust0 liburcu1\nThe following NEW packages will be installed:\n  liblttng-ust-ctl2 liblttng-ust0 liburcu1 powershell\n0 upgraded, 4 newly installed, 0 to remove and 308 not upgraded.\nNeed to get 58.1 MB of archives.\nAfter this operation, 159 MB of additional disk space will be used.\nGet:1 http://us-east-1.ec2.archive.ubuntu.com/ubuntu trusty/main amd64 liburcu1 amd64 0.7.12-0ubuntu2 [34.9 kB]\nGet:2 http://us-east-1.ec2.archive.ubuntu.com/ubuntu trusty/main amd64 liblttng-ust-ctl2 amd64 2.4.0-4ubuntu1 [61.7 kB]\nGet:3 http://us-east-1.ec2.archive.ubuntu.com/ubuntu trusty/main amd64 liblttng-ust0 amd64 2.4.0-4ubuntu1 [106 kB]\nGet:4 https://packages.microsoft.com/ubuntu/14.04/prod trusty/main amd64 powershell amd64 6.2.0-1.ubuntu.14.04 [57.9 MB]\nFetched 58.1 MB in 2s (24.0 MB/s)\nSelecting previously unselected package liburcu1.\n(Reading database ... \n(Reading database ... 5%\n(Reading database ... 10%\n(Reading database ... 15%\n(Reading database ... 20%\n(Reading database ... 25%\n(Reading database ... 30%\n(Reading database ... 35%\n(Reading database ... 40%\n(Reading database ... 45%\n(Reading database ... 50%\n(Reading database ... 55%\n(Reading database ... 60%\n(Reading database ... 65%\n(Reading database ... 70%\n(Reading database ... 75%\n(Reading database ... 80%\n(Reading database ... 85%\n(Reading database ... 90%\n(Reading database ... 95%\n(Reading database ... 100%\n(Reading database ... 93695 files and directories currently installed.)\nPreparing to unpack .../liburcu1_0.7.12-0ubuntu2_amd64.deb ...\nUnpacking liburcu1 (0.7.12-0ubuntu2) ...\nSelecting previously unselected package liblttng-ust-ctl2:amd64.\nPreparing to unpack .../liblttng-ust-ctl2_2.4.0-4ubuntu1_amd64.deb ...\nUnpacking liblttng-ust-ctl2:amd64 (2.4.0-4ubuntu1) ...\nSelecting previously unselected package liblttng-ust0:amd64.\nPreparing to unpack .../liblttng-ust0_2.4.0-4ubuntu1_amd64.deb ...\nUnpacking liblttng-ust0:amd64 (2.4.0-4ubuntu1) ...\nSelecting previously unselected package powershell.\nPreparing to unpack .../powershell_6.2.0-1.ubuntu.14.04_amd64.deb ...\nUnpacking powershell (6.2.0-1.ubuntu.14.04) ...\nProcessing triggers for man-db (2.6.7.1-1ubuntu1) ...\nSetting up liburcu1 (0.7.12-0ubuntu2) ...\nSetting up liblttng-ust-ctl2:amd64 (2.4.0-4ubuntu1) ...\nSetting up liblttng-ust0:amd64 (2.4.0-4ubuntu1) ...\nSetting up powershell (6.2.0-1.ubuntu.14.04) ...\nProcessing triggers for libc-bin (2.19-0ubuntu6.13) ...\nCongratulations! PowerShell is installed at /opt/microsoft/powershell/6.\nRun \"pwsh\" to start a PowerShell session.\n\n*** NOTE: Run your regular package manager update cycle to update PowerShell Core\\n\n*** Install Complete\ntravis_time:end:0f6b2413:start=1560892703273624883,finish=1560892717169060594,duration=13895435711\n\u001b[0Ktravis_fold:end:install.4\n\u001b[0Ktravis_fold:start:install.5\n\u001b[0Ktravis_time:start:0d169810\n\u001b[0K$ popd\n~/build/PowerShell/PowerShell\ntravis_time:end:0d169810:start=1560892717176138781,finish=1560892717180516783,duration=4378002\n\u001b[0Ktravis_fold:end:install.5\n\u001b[0Ktravis_fold:start:install.6\n\u001b[0Ktravis_time:start:040ee5b6\n\u001b[0K$ if [[ \"$TRAVIS_OS_NAME\" == \"linux\" ]]; then nvm install 6.4.0 && npm install -g markdown-spellcheck@0.11.0; fi\nDownloading and installing node v6.4.0...\nDownloading https://nodejs.org/dist/v6.4.0/node-v6.4.0-linux-x64.tar.xz...\nComputing checksum with sha256sum\nChecksums matched!\nNow using node v6.4.0 (npm v3.10.3)\n/home/travis/.nvm/versions/node/v6.4.0/bin/mdspell -> /home/travis/.nvm/versions/node/v6.4.0/lib/node_modules/markdown-spellcheck/bin/mdspell\n\n> spawn-sync@1.0.15 postinstall /home/travis/.nvm/versions/node/v6.4.0/lib/node_modules/markdown-spellcheck/node_modules/spawn-sync\n> node postinstall\n\n/home/travis/.nvm/versions/node/v6.4.0/lib\n\u2514\u2500\u252c markdown-spellcheck@0.11.0 \n  \u251c\u2500\u2500 async@1.5.2 \n  \u251c\u2500\u252c chalk@1.1.3 \n  \u2502 \u251c\u2500\u2500 ansi-styles@2.2.1 \n  \u2502 \u251c\u2500\u2500 escape-string-regexp@1.0.5 \n  \u2502 \u251c\u2500\u252c has-ansi@2.0.0 \n  \u2502 \u2502 \u2514\u2500\u2500 ansi-regex@2.1.1 \n  \u2502 \u251c\u2500\u2500 strip-ansi@3.0.1 \n  \u2502 \u2514\u2500\u2500 supports-color@2.0.0 \n  \u251c\u2500\u2500 commander@2.20.0 \n  \u251c\u2500\u252c globby@4.1.0 \n  \u2502 \u251c\u2500\u252c array-union@1.0.2 \n  \u2502 \u2502 \u2514\u2500\u2500 array-uniq@1.0.3 \n  \u2502 \u251c\u2500\u2500 arrify@1.0.1 \n  \u2502 \u251c\u2500\u252c glob@6.0.4 \n  \u2502 \u2502 \u251c\u2500\u252c inflight@1.0.6 \n  \u2502 \u2502 \u2502 \u2514\u2500\u2500 wrappy@1.0.2 \n  \u2502 \u2502 \u251c\u2500\u2500 inherits@2.0.3 \n  \u2502 \u2502 \u251c\u2500\u252c minimatch@3.0.4 \n  \u2502 \u2502 \u2502 \u2514\u2500\u252c brace-expansion@1.1.11 \n  \u2502 \u2502 \u2502   \u251c\u2500\u2500 balanced-match@1.0.0 \n  \u2502 \u2502 \u2502   \u2514\u2500\u2500 concat-map@0.0.1 \n  \u2502 \u2502 \u251c\u2500\u2500 once@1.4.0 \n  \u2502 \u2502 \u2514\u2500\u2500 path-is-absolute@1.0.1 \n  \u2502 \u251c\u2500\u2500 object-assign@4.1.1 \n  \u2502 \u251c\u2500\u2500 pify@2.3.0 \n  \u2502 \u2514\u2500\u252c pinkie-promise@2.0.1 \n  \u2502   \u2514\u2500\u2500 pinkie@2.0.4 \n  \u251c\u2500\u2500 hunspell-spellchecker@1.0.2 \n  \u251c\u2500\u252c inquirer@1.2.3 \n  \u2502 \u251c\u2500\u2500 ansi-escapes@1.4.0 \n  \u2502 \u251c\u2500\u252c cli-cursor@1.0.2 \n  \u2502 \u2502 \u2514\u2500\u252c restore-cursor@1.0.1 \n  \u2502 \u2502   \u251c\u2500\u2500 exit-hook@1.1.1 \n  \u2502 \u2502   \u2514\u2500\u2500 onetime@1.1.0 \n  \u2502 \u251c\u2500\u2500 cli-width@2.2.0 \n  \u2502 \u251c\u2500\u252c external-editor@1.1.1 \n  \u2502 \u2502 \u251c\u2500\u2500 extend@3.0.2 \n  \u2502 \u2502 \u251c\u2500\u252c spawn-sync@1.0.15 \n  \u2502 \u2502 \u2502 \u251c\u2500\u252c concat-stream@1.6.2 \n  \u2502 \u2502 \u2502 \u2502 \u251c\u2500\u2500 buffer-from@1.1.1 \n  \u2502 \u2502 \u2502 \u2502 \u251c\u2500\u252c readable-stream@2.3.6 \n  \u2502 \u2502 \u2502 \u2502 \u2502 \u251c\u2500\u2500 core-util-is@1.0.2 \n  \u2502 \u2502 \u2502 \u2502 \u2502 \u251c\u2500\u2500 isarray@1.0.0 \n  \u2502 \u2502 \u2502 \u2502 \u2502 \u251c\u2500\u2500 process-nextick-args@2.0.0 \n  \u2502 \u2502 \u2502 \u2502 \u2502 \u251c\u2500\u2500 safe-buffer@5.1.2 \n  \u2502 \u2502 \u2502 \u2502 \u2502 \u251c\u2500\u2500 string_decoder@1.1.1 \n  \u2502 \u2502 \u2502 \u2502 \u2502 \u2514\u2500\u2500 util-deprecate@1.0.2 \n  \u2502 \u2502 \u2502 \u2502 \u2514\u2500\u2500 typedarray@0.0.6 \n  \u2502 \u2502 \u2502 \u2514\u2500\u2500 os-shim@0.1.3 \n  \u2502 \u2502 \u2514\u2500\u252c tmp@0.0.29 \n  \u2502 \u2502   \u2514\u2500\u2500 os-tmpdir@1.0.2 \n  \u2502 \u251c\u2500\u2500 figures@1.7.0 \n  \u2502 \u251c\u2500\u2500 lodash@4.17.11 \n  \u2502 \u251c\u2500\u2500 mute-stream@0.0.6 \n  \u2502 \u251c\u2500\u252c run-async@2.3.0 \n  \u2502 \u2502 \u2514\u2500\u2500 is-promise@2.1.0 \n  \u2502 \u251c\u2500\u2500 rx@4.1.0 \n  \u2502 \u251c\u2500\u252c string-width@1.0.2 \n  \u2502 \u2502 \u251c\u2500\u2500 code-point-at@1.1.0 \n  \u2502 \u2502 \u2514\u2500\u252c is-fullwidth-code-point@1.0.0 \n  \u2502 \u2502   \u2514\u2500\u2500 number-is-nan@1.0.1 \n  \u2502 \u2514\u2500\u2500 through@2.3.8 \n  \u251c\u2500\u2500 marked@0.3.19 \n  \u251c\u2500\u2500 UNMET PEER DEPENDENCY sinon@1\n  \u2514\u2500\u252c sinon-as-promised@4.0.3 \n    \u251c\u2500\u252c create-thenable@1.0.2 \n    \u2502 \u251c\u2500\u252c object.omit@2.0.1 \n    \u2502 \u2502 \u251c\u2500\u252c for-own@0.1.5 \n    \u2502 \u2502 \u2502 \u2514\u2500\u2500 for-in@1.0.2 \n    \u2502 \u2502 \u2514\u2500\u2500 is-extendable@0.1.1 \n    \u2502 \u2514\u2500\u2500 unique-concat@0.2.2 \n    \u2514\u2500\u2500 native-promise-only@0.8.1 \n\nnpm WARN sinon-as-promised@4.0.3 requires a peer of sinon@1 but none was installed.\ntravis_time:end:040ee5b6:start=1560892717186116206,finish=1560892726372678890,duration=9186562684\n\u001b[0Ktravis_fold:end:install.6\n\u001b[0Ktravis_fold:start:install.7\n\u001b[0Ktravis_time:start:013de1a3\n\u001b[0K$ ulimit -n 4096\ntravis_time:end:013de1a3:start=1560892726389542577,finish=1560892726393637375,duration=4094798\n\u001b[0Ktravis_fold:end:install.7\n\u001b[0Ktravis_fold:start:install.8\n\u001b[0Ktravis_time:start:08821608\n\u001b[0K$ pwsh -File tools/travis.ps1 -Stage Bootstrap\nExecuting travis.ps1 -BootStrap $isPR='False' - Build(deps): Bump PowerShellGet from 1.6.7 to 2.1.5 in /src/Modules\n\nBumps [PowerShellGet](https://github.com/PowerShell/PowerShellGet) from 1.6.7 to 2.1.5.\n- [Release notes](https://github.com/PowerShell/PowerShellGet/releases)\n- [Changelog](https://github.com/PowerShell/PowerShellGet/blob/development/CHANGELOG.md)\n- [Commits](https://github.com/PowerShell/PowerShellGet/commits)\n\nSigned-off-by: dependabot-preview[bot] <support@dependabot.com>\nInstalling PowerShell build dependencies\nW: An error occurred during the signature verification. The repository is not updated and the previous index files will be used. GPG error: https://packagecloud.io/github/git-lfs/ubuntu trusty InRelease: The following signatures couldn't be verified because the public key is not available: NO_PUBKEY 6B05F25D762E3157\nW: http://ppa.launchpad.net/couchdb/stable/ubuntu/dists/trusty/Release.gpg: Signature by key 15866BAFD9BCC4F3C1E0DFC7D69548E1C17EAB57 uses weak digest algorithm (SHA1)\nW: Failed to fetch https://packagecloud.io/github/git-lfs/ubuntu/dists/trusty/InRelease  The following signatures couldn't be verified because the public key is not available: NO_PUBKEY 6B05F25D762E3157\nW: Some index files failed to download. They have been ignored, or old ones used instead.\nPreconfiguring packages ...\n(Reading database ... \n(Reading database ... 5%\n(Reading database ... 10%\n(Reading database ... 15%\n(Reading database ... 20%\n(Reading database ... 25%\n(Reading database ... 30%\n(Reading database ... 35%\n(Reading database ... 40%\n(Reading database ... 45%\n(Reading database ... 50%\n(Reading database ... 55%\n(Reading database ... 60%\n(Reading database ... 65%\n(Reading database ... 70%\n(Reading database ... 75%\n(Reading database ... 80%\n(Reading database ... 85%\n(Reading database ... 90%\n(Reading database ... 95%\n(Reading database ... 100%\n(Reading database ... 94325 files and directories currently installed.)\nPreparing to unpack .../libcups2_1.7.2-0ubuntu1.11_amd64.deb ...\nUnpacking libcups2:amd64 (1.7.2-0ubuntu1.11) over (1.7.2-0ubuntu1.8) ...\nSetting up libcups2:amd64 (1.7.2-0ubuntu1.11) ...\nProcessing triggers for libc-bin (2.19-0ubuntu6.13) ...\nSelecting previously unselected package libnettle4:amd64.\n(Reading database ... \n(Reading database ... 5%\n(Reading database ... 10%\n(Reading database ... 15%\n(Reading database ... 20%\n(Reading database ... 25%\n(Reading database ... 30%\n(Reading database ... 35%\n(Reading database ... 40%\n(Reading database ... 45%\n(Reading database ... 50%\n(Reading database ... 55%\n(Reading database ... 60%\n(Reading database ... 65%\n(Reading database ... 70%\n(Reading database ... 75%\n(Reading database ... 80%\n(Reading database ... 85%\n(Reading database ... 90%\n(Reading database ... 95%\n(Reading database ... 100%\n(Reading database ... 94325 files and directories currently installed.)\nPreparing to unpack .../libnettle4_2.7.1-1ubuntu0.2_amd64.deb ...\nUnpacking libnettle4:amd64 (2.7.1-1ubuntu0.2) ...\nSelecting previously unselected package libarchive13:amd64.\nPreparing to unpack .../libarchive13_3.1.2-7ubuntu2.8_amd64.deb ...\nUnpacking libarchive13:amd64 (3.1.2-7ubuntu2.8) ...\nSelecting previously unselected package libcupsfilters1:amd64.\nPreparing to unpack .../libcupsfilters1_1.0.52-0ubuntu1.8_amd64.deb ...\nUnpacking libcupsfilters1:amd64 (1.0.52-0ubuntu1.8) ...\nSelecting previously unselected package libcupsimage2:amd64.\nPreparing to unpack .../libcupsimage2_1.7.2-0ubuntu1.11_amd64.deb ...\nUnpacking libcupsimage2:amd64 (1.7.2-0ubuntu1.11) ...\nPreparing to unpack .../curl_7.35.0-1ubuntu2.20_amd64.deb ...\nUnpacking curl (7.35.0-1ubuntu2.20) over (7.35.0-1ubuntu2.13) ...\nPreparing to unpack .../libcurl3_7.35.0-1ubuntu2.20_amd64.deb ...\nUnpacking libcurl3:amd64 (7.35.0-1ubuntu2.20) over (7.35.0-1ubuntu2.13) ...\nPreparing to unpack .../libicu-dev_52.1-3ubuntu0.8_amd64.deb ...\nUnpacking libicu-dev:amd64 (52.1-3ubuntu0.8) over (52.1-3ubuntu0.7) ...\nPreparing to unpack .../icu-devtools_52.1-3ubuntu0.8_amd64.deb ...\nUnpacking icu-devtools (52.1-3ubuntu0.8) over (52.1-3ubuntu0.7) ...\nPreparing to unpack .../libicu52_52.1-3ubuntu0.8_amd64.deb ...\nUnpacking libicu52:amd64 (52.1-3ubuntu0.8) over (52.1-3ubuntu0.7) ...\nSelecting previously unselected package libpaper1:amd64.\nPreparing to unpack .../libpaper1_1.1.24+nmu2ubuntu3_amd64.deb ...\nUnpacking libpaper1:amd64 (1.1.24+nmu2ubuntu3) ...\nSelecting previously unselected package libunwind8.\nPreparing to unpack .../libunwind8_1.1-2.2ubuntu3_amd64.deb ...\nUnpacking libunwind8 (1.1-2.2ubuntu3) ...\nSelecting previously unselected package poppler-data.\nPreparing to unpack .../poppler-data_0.4.6-4_all.deb ...\nUnpacking poppler-data (0.4.6-4) ...\nSelecting previously unselected package cmake-data.\nPreparing to unpack .../cmake-data_2.8.12.2-0ubuntu3_all.deb ...\nERROR: cmake-data is broken - called emacs-package-install as a new-style add-on, but has no compat file.\nUnpacking cmake-data (2.8.12.2-0ubuntu3) ...\nSelecting previously unselected package cmake.\nPreparing to unpack .../cmake_2.8.12.2-0ubuntu3_amd64.deb ...\nUnpacking cmake (2.8.12.2-0ubuntu3) ...\nSelecting previously unselected package libijs-0.35.\nPreparing to unpack .../libijs-0.35_0.35-8build1_amd64.deb ...\nUnpacking libijs-0.35 (0.35-8build1) ...\nSelecting previously unselected package libjbig2dec0.\nPreparing to unpack .../libjbig2dec0_0.11+20120125-1ubuntu1.1_amd64.deb ...\nUnpacking libjbig2dec0 (0.11+20120125-1ubuntu1.1) ...\nSelecting previously unselected package libgs9-common.\nPreparing to unpack .../libgs9-common_9.26~dfsg+0-0ubuntu0.14.04.8_all.deb ...\nUnpacking libgs9-common (9.26~dfsg+0-0ubuntu0.14.04.8) ...\nSelecting previously unselected package libgs9.\nPreparing to unpack .../libgs9_9.26~dfsg+0-0ubuntu0.14.04.8_amd64.deb ...\nUnpacking libgs9 (9.26~dfsg+0-0ubuntu0.14.04.8) ...\nSelecting previously unselected package ghostscript.\nPreparing to unpack .../ghostscript_9.26~dfsg+0-0ubuntu0.14.04.8_amd64.deb ...\nUnpacking ghostscript (9.26~dfsg+0-0ubuntu0.14.04.8) ...\nSelecting previously unselected package groff.\nPreparing to unpack .../groff_1.22.2-5_amd64.deb ...\nUnpacking groff (1.22.2-5) ...\nSelecting previously unselected package libnetpbm10.\nPreparing to unpack .../libnetpbm10_2%3a10.0-15ubuntu2_amd64.deb ...\nUnpacking libnetpbm10 (2:10.0-15ubuntu2) ...\nSelecting previously unselected package libpaper-utils.\nPreparing to unpack .../libpaper-utils_1.1.24+nmu2ubuntu3_amd64.deb ...\nUnpacking libpaper-utils (1.1.24+nmu2ubuntu3) ...\nPreparing to unpack .../libruby1.9.1_1.9.3.484-2ubuntu1.14_amd64.deb ...\nUnpacking libruby1.9.1 (1.9.3.484-2ubuntu1.14) over (1.9.3.484-2ubuntu1.5) ...\nPreparing to unpack .../ruby1.9.1_1.9.3.484-2ubuntu1.14_amd64.deb ...\nUnpacking ruby1.9.1 (1.9.3.484-2ubuntu1.14) over (1.9.3.484-2ubuntu1.5) ...\nSelecting previously unselected package netpbm.\nPreparing to unpack .../netpbm_2%3a10.0-15ubuntu2_amd64.deb ...\nUnpacking netpbm (2:10.0-15ubuntu2) ...\nSelecting previously unselected package psutils.\nPreparing to unpack .../psutils_1.17.dfsg-1_amd64.deb ...\nUnpacking psutils (1.17.dfsg-1) ...\nSelecting previously unselected package ruby1.9.1-dev.\nPreparing to unpack .../ruby1.9.1-dev_1.9.3.484-2ubuntu1.14_amd64.deb ...\nUnpacking ruby1.9.1-dev (1.9.3.484-2ubuntu1.14) ...\nSelecting previously unselected package ruby-dev.\nPreparing to unpack .../ruby-dev_1%3a1.9.3.4_all.deb ...\nUnpacking ruby-dev (1:1.9.3.4) ...\nProcessing triggers for man-db (2.6.7.1-1ubuntu1) ...\nProcessing triggers for fontconfig (2.11.0-0ubuntu4.2) ...\nProcessing triggers for install-info (5.2.0.dfsg.1-2) ...\nSetting up libnettle4:amd64 (2.7.1-1ubuntu0.2) ...\nSetting up libarchive13:amd64 (3.1.2-7ubuntu2.8) ...\nSetting up libcupsfilters1:amd64 (1.0.52-0ubuntu1.8) ...\nSetting up libcupsimage2:amd64 (1.7.2-0ubuntu1.11) ...\nSetting up libcurl3:amd64 (7.35.0-1ubuntu2.20) ...\nSetting up curl (7.35.0-1ubuntu2.20) ...\nSetting up libicu52:amd64 (52.1-3ubuntu0.8) ...\nSetting up icu-devtools (52.1-3ubuntu0.8) ...\nSetting up libicu-dev:amd64 (52.1-3ubuntu0.8) ...\nSetting up libpaper1:amd64 (1.1.24+nmu2ubuntu3) ...\n\nCreating config file /etc/papersize with new version\nSetting up libunwind8 (1.1-2.2ubuntu3) ...\nSetting up poppler-data (0.4.6-4) ...\nSetting up cmake-data (2.8.12.2-0ubuntu3) ...\nInstall cmake-data for emacs23\ninstall/cmake-data: Byte-compiling for emacs23\nWrote /usr/share/emacs23/site-lisp/cmake-data/cmake-mode.elc\nInstall cmake-data for emacs24\ninstall/cmake-data: Byte-compiling for emacs24\nWrote /usr/share/emacs24/site-lisp/cmake-data/cmake-mode.elc\nSetting up cmake (2.8.12.2-0ubuntu3) ...\nSetting up libijs-0.35 (0.35-8build1) ...\nSetting up libjbig2dec0 (0.11+20120125-1ubuntu1.1) ...\nSetting up libgs9-common (9.26~dfsg+0-0ubuntu0.14.04.8) ...\nupdate-alternatives: using /usr/share/ghostscript/9.26 to provide /usr/share/ghostscript/current (ghostscript-current) in auto mode\nSetting up libgs9 (9.26~dfsg+0-0ubuntu0.14.04.8) ...\nSetting up ghostscript (9.26~dfsg+0-0ubuntu0.14.04.8) ...\nSetting up groff (1.22.2-5) ...\nSetting up libnetpbm10 (2:10.0-15ubuntu2) ...\nSetting up libpaper-utils (1.1.24+nmu2ubuntu3) ...\nSetting up netpbm (2:10.0-15ubuntu2) ...\nSetting up psutils (1.17.dfsg-1) ...\nSetting up libruby1.9.1 (1.9.3.484-2ubuntu1.14) ...\nSetting up ruby1.9.1 (1.9.3.484-2ubuntu1.14) ...\nSetting up ruby1.9.1-dev (1.9.3.484-2ubuntu1.14) ...\nSetting up ruby-dev (1:1.9.3.4) ...\nProcessing triggers for libc-bin (2.19-0ubuntu6.13) ...\nSuccessfully installed stud-0.0.23\nSuccessfully installed dotenv-2.7.2\nSuccessfully installed insist-1.0.0\nSuccessfully installed mustache-0.99.8\nSuccessfully installed clamp-1.0.1\nSuccessfully installed cabin-0.9.0\nSuccessfully installed pleaserun-0.0.30\nSuccessfully installed io-like-0.3.0\nBuilding native extensions. This could take a while...\nSuccessfully installed ffi-1.11.1\nSuccessfully installed ruby-xz-0.2.3\nSuccessfully installed childprocess-0.9.0\nSuccessfully installed arr-pm-0.0.10\nSuccessfully installed backports-3.15.0\nBuilding native extensions. This could take a while...\nSuccessfully installed json-1.8.6\nSuccessfully installed fpm-1.11.0\n15 gems installed\nBuilding native extensions. This could take a while...\nSuccessfully installed rdiscount-2.2.0.1\nBuilding native extensions. This could take a while...\nSuccessfully installed hpricot-0.8.6\nSuccessfully installed ronn-0.7.3\n3 gems installed\nWARNING: Could not find 'dotnet', appending /home/travis/.dotnet to PATH.\nWARNING: Still could not find 'dotnet', restoring PATH.\ndotnet not present.  Installing dotnet.\nUnable to find dotnet installation to remove.\ndotnet-install: Downloading link: https://dotnetcli.azureedge.net/dotnet/Sdk/2.1.507/dotnet-sdk-2.1.507-linux-x64.tar.gz\ndotnet-install: Extracting zip from https://dotnetcli.azureedge.net/dotnet/Sdk/2.1.507/dotnet-sdk-2.1.507-linux-x64.tar.gz\ndotnet-install: Adding to current process PATH: `/home/travis/.dotnet`. Note: This change will be visible only when sourcing script.\ndotnet-install: Installation finished successfully.\ntravis_time:end:08821608:start=1560892726400166018,finish=1560892783902635583,duration=57502469565\n\u001b[0Ktravis_fold:end:install.8\n\u001b[0Ktravis_time:start:20e79199\n\u001b[0K$ pwsh -File tools/travis.ps1\nExecuting travis.ps1 $isPR='False' $isFullBuild='False' - Build(deps): Bump PowerShellGet from 1.6.7 to 2.1.5 in /src/Modules\n\nBumps [PowerShellGet](https://github.com/PowerShell/PowerShellGet) from 1.6.7 to 2.1.5.\n- [Release notes](https://github.com/PowerShell/PowerShellGet/releases)\n- [Changelog](https://github.com/PowerShell/PowerShellGet/blob/development/CHANGELOG.md)\n- [Commits](https://github.com/PowerShell/PowerShellGet/commits)\n\nSigned-off-by: dependabot-preview[bot] <support@dependabot.com>\nWARNING: Could not find 'dotnet', appending /home/travis/.dotnet to PATH.\nVERBOSE: Using configuration 'Release'\nVERBOSE: Top project directory is /home/travis/build/PowerShell/PowerShell/src/powershell-unix\nVERBOSE: Using framework 'netcoreapp2.1'\nVERBOSE: Using runtime 'linux-x64'\nRun dotnet restore /home/travis/build/PowerShell/PowerShell/src/powershell-unix --runtime linux-x64 --verbosity quiet\nDone restoring /home/travis/build/PowerShell/PowerShell/src/powershell-unix\nRun dotnet restore /home/travis/build/PowerShell/PowerShell/src/TypeCatalogGen --runtime linux-x64 --verbosity quiet\nDone restoring /home/travis/build/PowerShell/PowerShell/src/TypeCatalogGen\nRun dotnet restore /home/travis/build/PowerShell/PowerShell/src/ResGen --runtime linux-x64 --verbosity quiet\nDone restoring /home/travis/build/PowerShell/PowerShell/src/ResGen\nRun dotnet restore /home/travis/build/PowerShell/PowerShell/src/Modules --runtime linux-x64 --verbosity quiet\n/home/travis/build/PowerShell/PowerShell/src/Modules/PSGalleryModules.csproj : error NU1605: Detected package downgrade: PackageManagement from 1.4.0 to 1.1.7.2. Reference the package directly from the project to select a different version. \n/home/travis/build/PowerShell/PowerShell/src/Modules/PSGalleryModules.csproj : error NU1605:  PSGalleryModules -> PowerShellGet 2.1.5 -> PackageManagement (>= 1.4.0) \n/home/travis/build/PowerShell/PowerShell/src/Modules/PSGalleryModules.csproj : error NU1605:  PSGalleryModules -> PackageManagement (>= 1.1.7.2)\nFailed to restore /home/travis/build/PowerShell/PowerShell/src/Modules, retrying...\n/home/travis/build/PowerShell/PowerShell/src/Modules/PSGalleryModules.csproj : error NU1605: Detected package downgrade: PackageManagement from 1.4.0 to 1.1.7.2. Reference the package directly from the project to select a different version. \n/home/travis/build/PowerShell/PowerShell/src/Modules/PSGalleryModules.csproj : error NU1605:  PSGalleryModules -> PowerShellGet 2.1.5 -> PackageManagement (>= 1.4.0) \n/home/travis/build/PowerShell/PowerShell/src/Modules/PSGalleryModules.csproj : error NU1605:  PSGalleryModules -> PackageManagement (>= 1.1.7.2)\nFailed to restore /home/travis/build/PowerShell/PowerShell/src/Modules, retrying...\n/home/travis/build/PowerShell/PowerShell/src/Modules/PSGalleryModules.csproj : error NU1605: Detected package downgrade: PackageManagement from 1.4.0 to 1.1.7.2. Reference the package directly from the project to select a different version. \n/home/travis/build/PowerShell/PowerShell/src/Modules/PSGalleryModules.csproj : error NU1605:  PSGalleryModules -> PowerShellGet 2.1.5 -> PackageManagement (>= 1.4.0) \n/home/travis/build/PowerShell/PowerShell/src/Modules/PSGalleryModules.csproj : error NU1605:  PSGalleryModules -> PackageManagement (>= 1.1.7.2)\nFailed to restore /home/travis/build/PowerShell/PowerShell/src/Modules, retrying...\n/home/travis/build/PowerShell/PowerShell/src/Modules/PSGalleryModules.csproj : error NU1605: Detected package downgrade: PackageManagement from 1.4.0 to 1.1.7.2. Reference the package directly from the project to select a different version. \n/home/travis/build/PowerShell/PowerShell/src/Modules/PSGalleryModules.csproj : error NU1605:  PSGalleryModules -> PowerShellGet 2.1.5 -> PackageManagement (>= 1.4.0) \n/home/travis/build/PowerShell/PowerShell/src/Modules/PSGalleryModules.csproj : error NU1605:  PSGalleryModules -> PackageManagement (>= 1.1.7.2)\nFailed to restore /home/travis/build/PowerShell/PowerShell/src/Modules, retrying...\n/home/travis/build/PowerShell/PowerShell/src/Modules/PSGalleryModules.csproj : error NU1605: Detected package downgrade: PackageManagement from 1.4.0 to 1.1.7.2. Reference the package directly from the project to select a different version. \n/home/travis/build/PowerShell/PowerShell/src/Modules/PSGalleryModules.csproj : error NU1605:  PSGalleryModules -> PowerShellGet 2.1.5 -> PackageManagement (>= 1.4.0) \n/home/travis/build/PowerShell/PowerShell/src/Modules/PSGalleryModules.csproj : error NU1605:  PSGalleryModules -> PackageManagement (>= 1.1.7.2)\nFailed to restore /home/travis/build/PowerShell/PowerShell/src/Modules, retrying...\nExecution of { dotnet restore $project $RestoreArguments } by build.psm1: line 519 failed with exit code 1\nAt /home/travis/build/PowerShell/PowerShell/build.psm1:2038 char:17\n+                 throw $errorMessage\n+                 ~~~~~~~~~~~~~~~~~~~\n+ CategoryInfo          : OperationStopped: (Execution of { dotn\\u2026ed with exit code 1:String) [], RuntimeException\n+ FullyQualifiedErrorId : Execution of { dotnet restore $project $RestoreArguments } by build.psm1: line 519 failed with exit code 1\n \ntravis_time:end:20e79199:start=1560892783909298307,finish=1560892818953335435,duration=35044037128\n\u001b[0K\u001b[31;1mThe command \"pwsh -File tools/travis.ps1\" exited with 1.\u001b[0m\n\ntravis_time:start:03a44fae\n\u001b[0K$ if [[ \"$TRAVIS_OS_NAME\" == \"linux\" ]]; then mdspell '**/*.md' '!**/Pester/**/*.md' --ignore-numbers --ignore-acronyms --report --en-us; fi\n>> 64 files are free from spelling errors\ntravis_time:end:03a44fae:start=1560892818960283281,finish=1560892820553701422,duration=1593418141\n\u001b[0K\u001b[32;1mThe command \"if [[ \"$TRAVIS_OS_NAME\" == \"linux\" ]]; then mdspell '**/*.md' '!**/Pester/**/*.md' --ignore-numbers --ignore-acronyms --report --en-us; fi\" exited with 0.\u001b[0m\n\ntravis_fold:start:cache.2\n\u001b[0Kstore build cache\ntravis_time:start:01aa17bb\n\u001b[0Ktravis_time:end:01aa17bb:start=1560892820562367720,finish=1560892820566640428,duration=4272708\n\u001b[0Ktravis_time:start:159b2124\n\u001b[0K\u001b[32;1mchanges detected, packing new archive\u001b[0m\n\u001b[32;1muploading PowerShellGet-2.1.5/cache-linux-trusty-b63ba428cd21dd946309ed81c41c4b9000afe459974af6ba6ead38ce4f74cf7f--compiler-gpp.tgz\u001b[0m\n\u001b[32;1mcache uploaded\u001b[0m\ntravis_time:end:159b2124:start=1560892820572450689,finish=1560892852157772399,duration=31585321710\n\u001b[0Ktravis_fold:end:cache.2\n\u001b[0K\ntravis_fold:start:after_failure\n\u001b[0Ktravis_time:start:268cd418\n\u001b[0K$ pwsh -File tools/travis.ps1 -Stage Failure\nWe only send bagde or webhook update for Cron builds\ntravis_time:end:268cd418:start=1560892852164582820,finish=1560892853263265528,duration=1098682708\n\u001b[0Ktravis_fold:end:after_failure\n\u001b[0K\n\u001b[33;1mUploading Artifacts\u001b[0m\ntravis_fold:start:artifacts.setup\n\u001b[0Kartifacts version v0.7.9-3-geef78ca revision=eef78ca2da49a8783a32d4293c24b7025b52b097\n$ export ARTIFACTS_PATHS=\"$(ls powershell*{deb,pkg,AppImage,gz} | tr \\\"\\\\n\\\" \\\":\\\"):TestResultsSudo.xml:TestResultsNoSudo.xml\"\nls: cannot access powershell*deb: No such file or directory\nls: cannot access powershell*pkg: No such file or directory\nls: cannot access powershell*AppImage: No such file or directory\nls: cannot access powershell*gz: No such file or directory\ntravis_fold:end:artifacts.setup\n\u001b[0K$ artifacts upload\nINFO: uploading with settings\n  bucket: [secure]\n  cache_control: private\n  permissions: private\n\n\u001b[31;1mERROR: failed to upload: /home/travis/build/PowerShell/PowerShell/TestResultsNoSudo.xml\n\u001b[0m  err: open /home/travis/build/PowerShell/PowerShell/TestResultsNoSudo.xml: no such file or directory\n\n\u001b[31;1mERROR: failed to upload: /home/travis/build/PowerShell/PowerShell/TestResultsSudo.xml\n\u001b[0m  err: open /home/travis/build/PowerShell/PowerShell/TestResultsSudo.xml: no such file or directory\n\n\u001b[33;1mDone uploading artifacts\u001b[0m\n\n\nDone. Your build exited with 1.\n"
}