{
  "log_path": "C#/powershell@PowerShell/failed/536509309.log",
  "failure_chunk": "Description: ThreadJob with ScriptBlock and Using variables\nName:        Basic ThreadJob Tests.ThreadJob with ScriptBlock and Using variables\nmessage:\nExpected {1 2 3 4 5}, but got {GlobalVar}.\nstack-trace:\nat <ScriptBlock>, /home/travis/build/PowerShell/PowerShell/test/powershell/Modules/ThreadJob/ThreadJob.Tests.ps1: line 137\n137:         $results[4] | Should -Be $Var4\nDescription: ThreadJob with ScriptFile and Using variables\nName:        Basic ThreadJob Tests.ThreadJob with ScriptFile and Using variables\nmessage:\nExpected {1 2 3 4 5 6 7 8 9 10}, but got {}.\nstack-trace:\nat <ScriptBlock>, /home/travis/build/PowerShell/PowerShell/test/powershell/Modules/ThreadJob/ThreadJob.Tests.ps1: line 196\n196:         $results[2] | Should -Be $Array1",
  "keywords": [
    "FAILURES",
    "failed",
    ""
  ],
  "category": "1",
  "full_log": "travis_fold:start:worker_info\n\u001b[0K\u001b[33;1mWorker information\u001b[0m\nhostname: 03e86e9d-ed7b-46ed-89ee-ec4469279055@1.production-2-worker-org-gce-499c\nversion: v6.2.0 https://github.com/travis-ci/worker/tree/5e5476e01646095f48eec13196fdb3faf8f5cbf7\ninstance: travis-job-8290a04e-c687-4453-9a63-780bda56747d travis-ci-garnet-trusty-1512502259-986baf0 (via amqp)\nstartup: 6.276588952s\ntravis_fold:end:worker_info\n\u001b[0Ktravis_fold:start:system_info\n\u001b[0K\u001b[33;1mBuild system information\u001b[0m\nBuild language: cpp\nBuild group: stable\nBuild dist: trusty\nBuild id: 536509309\nJob id: 536509310\nRuntime kernel version: 4.4.0-101-generic\ntravis-build version: 1ea7e2622\n\u001b[34m\u001b[1mBuild image provisioning date and time\u001b[0m\nTue Dec  5 19:58:13 UTC 2017\n\u001b[34m\u001b[1mOperating System Details\u001b[0m\nDistributor ID:\tUbuntu\nDescription:\tUbuntu 14.04.5 LTS\nRelease:\t14.04\nCodename:\ttrusty\n\u001b[34m\u001b[1mCookbooks Version\u001b[0m\n7c2c6a6 https://github.com/travis-ci/travis-cookbooks/tree/7c2c6a6\n\u001b[34m\u001b[1mgit version\u001b[0m\ngit version 2.15.1\n\u001b[34m\u001b[1mbash version\u001b[0m\nGNU bash, version 4.3.11(1)-release (x86_64-pc-linux-gnu)\n\u001b[34m\u001b[1mgcc version\u001b[0m\ngcc (Ubuntu 4.8.4-2ubuntu1~14.04.3) 4.8.4\nCopyright (C) 2013 Free Software Foundation, Inc.\nThis is free software; see the source for copying conditions.  There is NO\nwarranty; not even for MERCHANTABILITY or FITNESS FOR A PARTICULAR PURPOSE.\n\n\u001b[34m\u001b[1mdocker version\u001b[0m\nClient:\n Version:      17.09.0-ce\n API version:  1.32\n Go version:   go1.8.3\n Git commit:   afdb6d4\n Built:        Tue Sep 26 22:42:38 2017\n OS/Arch:      linux/amd64\n\nServer:\n Version:      17.09.0-ce\n API version:  1.32 (minimum version 1.12)\n Go version:   go1.8.3\n Git commit:   afdb6d4\n Built:        Tue Sep 26 22:41:20 2017\n OS/Arch:      linux/amd64\n Experimental: false\n\u001b[34m\u001b[1mclang version\u001b[0m\nclang version 5.0.0 (tags/RELEASE_500/final)\nTarget: x86_64-unknown-linux-gnu\nThread model: posix\nInstalledDir: /usr/local/clang-5.0.0/bin\n\u001b[34m\u001b[1mjq version\u001b[0m\njq-1.5\n\u001b[34m\u001b[1mbats version\u001b[0m\nBats 0.4.0\n\u001b[34m\u001b[1mshellcheck version\u001b[0m\n0.4.6\n\u001b[34m\u001b[1mshfmt version\u001b[0m\nv2.0.0\n\u001b[34m\u001b[1mccache version\u001b[0m\nccache version 3.1.9\n\nCopyright (C) 2002-2007 Andrew Tridgell\nCopyright (C) 2009-2011 Joel Rosdahl\n\nThis program is free software; you can redistribute it and/or modify it under\nthe terms of the GNU General Public License as published by the Free Software\nFoundation; either version 3 of the License, or (at your option) any later\nversion.\n\u001b[34m\u001b[1mcmake version\u001b[0m\ncmake version 3.9.2\n\nCMake suite maintained and supported by Kitware (kitware.com/cmake).\n\u001b[34m\u001b[1mheroku version\u001b[0m\nheroku-cli/6.14.39-addc925 (linux-x64) node-v9.2.0\n\u001b[34m\u001b[1mimagemagick version\u001b[0m\nVersion: ImageMagick 6.7.7-10 2017-07-31 Q16 http://www.imagemagick.org\n\u001b[34m\u001b[1mmd5deep version\u001b[0m\n4.2\n\u001b[34m\u001b[1mmercurial version\u001b[0m\nMercurial Distributed SCM (version 4.2.2)\n(see https://mercurial-scm.org for more information)\n\nCopyright (C) 2005-2017 Matt Mackall and others\nThis is free software; see the source for copying conditions. There is NO\nwarranty; not even for MERCHANTABILITY or FITNESS FOR A PARTICULAR PURPOSE.\n\u001b[34m\u001b[1mmysql version\u001b[0m\nmysql  Ver 14.14 Distrib 5.6.33, for debian-linux-gnu (x86_64) using  EditLine wrapper\n\u001b[34m\u001b[1mopenssl version\u001b[0m\nOpenSSL 1.0.1f 6 Jan 2014\n\u001b[34m\u001b[1mpacker version\u001b[0m\nPacker v1.0.2\n\nYour version of Packer is out of date! The latest version\nis 1.1.2. You can update by downloading from www.packer.io\n\u001b[34m\u001b[1mpostgresql client version\u001b[0m\npsql (PostgreSQL) 9.6.6\n\u001b[34m\u001b[1mragel version\u001b[0m\nRagel State Machine Compiler version 6.8 Feb 2013\nCopyright (c) 2001-2009 by Adrian Thurston\n\u001b[34m\u001b[1msubversion version\u001b[0m\nsvn, version 1.8.8 (r1568071)\n   compiled Aug 10 2017, 17:20:39 on x86_64-pc-linux-gnu\n\nCopyright (C) 2013 The Apache Software Foundation.\nThis software consists of contributions made by many people;\nsee the NOTICE file for more information.\nSubversion is open source software, see http://subversion.apache.org/\n\nThe following repository access (RA) modules are available:\n\n* ra_svn : Module for accessing a repository using the svn network protocol.\n  - with Cyrus SASL authentication\n  - handles 'svn' scheme\n* ra_local : Module for accessing a repository on local disk.\n  - handles 'file' scheme\n* ra_serf : Module for accessing a repository via WebDAV protocol using serf.\n  - using serf 1.3.3\n  - handles 'http' scheme\n  - handles 'https' scheme\n\n\u001b[34m\u001b[1msudo version\u001b[0m\nSudo version 1.8.9p5\nConfigure options: --prefix=/usr -v --with-all-insults --with-pam --with-fqdn --with-logging=syslog --with-logfac=authpriv --with-env-editor --with-editor=/usr/bin/editor --with-timeout=15 --with-password-timeout=0 --with-passprompt=[sudo] password for %p:  --without-lecture --with-tty-tickets --disable-root-mailer --enable-admin-flag --with-sendmail=/usr/sbin/sendmail --with-timedir=/var/lib/sudo --mandir=/usr/share/man --libexecdir=/usr/lib/sudo --with-sssd --with-sssd-lib=/usr/lib/x86_64-linux-gnu --with-selinux\nSudoers policy plugin version 1.8.9p5\nSudoers file grammar version 43\n\nSudoers path: /etc/sudoers\nAuthentication methods: 'pam'\nSyslog facility if syslog is being used for logging: authpriv\nSyslog priority to use when user authenticates successfully: notice\nSyslog priority to use when user authenticates unsuccessfully: alert\nSend mail if the user is not in sudoers\nUse a separate timestamp for each user/tty combo\nLecture user the first time they run sudo\nRoot may run sudo\nAllow some information gathering to give useful error messages\nRequire fully-qualified hostnames in the sudoers file\nVisudo will honor the EDITOR environment variable\nSet the LOGNAME and USER environment variables\nLength at which to wrap log file lines (0 for no wrap): 80\nAuthentication timestamp timeout: 15.0 minutes\nPassword prompt timeout: 0.0 minutes\nNumber of tries to enter a password: 3\nUmask to use or 0777 to use user's: 022\nPath to mail program: /usr/sbin/sendmail\nFlags for mail program: -t\nAddress to send mail to: root\nSubject line for mail messages: *** SECURITY information for %h ***\nIncorrect password message: Sorry, try again.\nPath to authentication timestamp dir: /var/lib/sudo\nDefault password prompt: [sudo] password for %p: \nDefault user to run commands as: root\nValue to override user's $PATH with: /usr/local/sbin:/usr/local/bin:/usr/sbin:/usr/bin:/sbin:/bin:/snap/bin\nPath to the editor for use by visudo: /usr/bin/editor\nWhen to require a password for 'list' pseudocommand: any\nWhen to require a password for 'verify' pseudocommand: all\nFile descriptors >= 3 will be closed before executing a command\nEnvironment variables to check for sanity:\n\tTZ\n\tTERM\n\tLINGUAS\n\tLC_*\n\tLANGUAGE\n\tLANG\n\tCOLORTERM\nEnvironment variables to remove:\n\tRUBYOPT\n\tRUBYLIB\n\tPYTHONUSERBASE\n\tPYTHONINSPECT\n\tPYTHONPATH\n\tPYTHONHOME\n\tTMPPREFIX\n\tZDOTDIR\n\tREADNULLCMD\n\tNULLCMD\n\tFPATH\n\tPERL5DB\n\tPERL5OPT\n\tPERL5LIB\n\tPERLLIB\n\tPERLIO_DEBUG \n\tJAVA_TOOL_OPTIONS\n\tSHELLOPTS\n\tGLOBIGNORE\n\tPS4\n\tBASH_ENV\n\tENV\n\tTERMCAP\n\tTERMPATH\n\tTERMINFO_DIRS\n\tTERMINFO\n\t_RLD*\n\tLD_*\n\tPATH_LOCALE\n\tNLSPATH\n\tHOSTALIASES\n\tRES_OPTIONS\n\tLOCALDOMAIN\n\tCDPATH\n\tIFS\nEnvironment variables to preserve:\n\tJAVA_HOME\n\tTRAVIS\n\tCI\n\tDEBIAN_FRONTEND\n\tXAUTHORIZATION\n\tXAUTHORITY\n\tPS2\n\tPS1\n\tPATH\n\tLS_COLORS\n\tKRB5CCNAME\n\tHOSTNAME\n\tHOME\n\tDISPLAY\n\tCOLORS\nLocale to use while parsing sudoers: C\nDirectory in which to store input/output logs: /var/log/sudo-io\nFile in which to store the input/output log: %{seq}\nAdd an entry to the utmp/utmpx file when allocating a pty\nPAM service name to use\nPAM service name to use for login shells\nCreate a new PAM session for the command to run in\nMaximum I/O log sequence number: 0\n\nLocal IP address and netmask pairs:\n\t10.240.0.28/255.255.255.255\n\t172.17.0.1/255.255.0.0\n\nSudoers I/O plugin version 1.8.9p5\n\u001b[34m\u001b[1mgzip version\u001b[0m\ngzip 1.6\nCopyright (C) 2007, 2010, 2011 Free Software Foundation, Inc.\nCopyright (C) 1993 Jean-loup Gailly.\nThis is free software.  You may redistribute copies of it under the terms of\nthe GNU General Public License <http://www.gnu.org/licenses/gpl.html>.\nThere is NO WARRANTY, to the extent permitted by law.\n\nWritten by Jean-loup Gailly.\n\u001b[34m\u001b[1mzip version\u001b[0m\nCopyright (c) 1990-2008 Info-ZIP - Type 'zip \"-L\"' for software license.\nThis is Zip 3.0 (July 5th 2008), by Info-ZIP.\nCurrently maintained by E. Gordon.  Please send bug reports to\nthe authors using the web page at www.info-zip.org; see README for details.\n\nLatest sources and executables are at ftp://ftp.info-zip.org/pub/infozip,\nas of above date; see http://www.info-zip.org/ for other sites.\n\nCompiled with gcc 4.8.2 for Unix (Linux ELF) on Oct 21 2013.\n\nZip special compilation options:\n\tUSE_EF_UT_TIME       (store Universal Time)\n\tBZIP2_SUPPORT        (bzip2 library version 1.0.6, 6-Sept-2010)\n\t    bzip2 code and library copyright (c) Julian R Seward\n\t    (See the bzip2 license for terms of use)\n\tSYMLINK_SUPPORT      (symbolic links supported)\n\tLARGE_FILE_SUPPORT   (can read and write large files on file system)\n\tZIP64_SUPPORT        (use Zip64 to store large files in archives)\n\tUNICODE_SUPPORT      (store and read UTF-8 Unicode paths)\n\tSTORE_UNIX_UIDs_GIDs (store UID/GID sizes/values using new extra field)\n\tUIDGID_NOT_16BIT     (old Unix 16-bit UID/GID extra field not used)\n\t[encryption, version 2.91 of 05 Jan 2007] (modified for Zip 3)\n\nEncryption notice:\n\tThe encryption code of this program is not copyrighted and is\n\tput in the public domain.  It was originally written in Europe\n\tand, to the best of our knowledge, can be freely distributed\n\tin both source and object forms from any country, including\n\tthe USA under License Exception TSU of the U.S. Export\n\tAdministration Regulations (section 740.13(e)) of 6 June 2002.\n\nZip environment options:\n             ZIP:  [none]\n          ZIPOPT:  [none]\n\u001b[34m\u001b[1mvim version\u001b[0m\nVIM - Vi IMproved 7.4 (2013 Aug 10, compiled Nov 24 2016 16:43:18)\nIncluded patches: 1-52\nExtra patches: 8.0.0056\nModified by pkg-vim-maintainers@lists.alioth.debian.org\nCompiled by buildd@\nHuge version without GUI.  Features included (+) or not (-):\n+acl             +farsi           +mouse_netterm   +syntax\n+arabic          +file_in_path    +mouse_sgr       +tag_binary\n+autocmd         +find_in_path    -mouse_sysmouse  +tag_old_static\n-balloon_eval    +float           +mouse_urxvt     -tag_any_white\n-browse          +folding         +mouse_xterm     -tcl\n++builtin_terms  -footer          +multi_byte      +terminfo\n+byte_offset     +fork()          +multi_lang      +termresponse\n+cindent         +gettext         -mzscheme        +textobjects\n-clientserver    -hangul_input    +netbeans_intg   +title\n-clipboard       +iconv           +path_extra      -toolbar\n+cmdline_compl   +insert_expand   -perl            +user_commands\n+cmdline_hist    +jumplist        +persistent_undo +vertsplit\n+cmdline_info    +keymap          +postscript      +virtualedit\n+comments        +langmap         +printer         +visual\n+conceal         +libcall         +profile         +visualextra\n+cryptv          +linebreak       +python          +viminfo\n+cscope          +lispindent      -python3         +vreplace\n+cursorbind      +listcmds        +quickfix        +wildignore\n+cursorshape     +localmap        +reltime         +wildmenu\n+dialog_con      -lua             +rightleft       +windows\n+diff            +menu            -ruby            +writebackup\n+digraphs        +mksession       +scrollbind      -X11\n-dnd             +modify_fname    +signs           -xfontset\n-ebcdic          +mouse           +smartindent     -xim\n+emacs_tags      -mouseshape      -sniff           -xsmp\n+eval            +mouse_dec       +startuptime     -xterm_clipboard\n+ex_extra        +mouse_gpm       +statusline      -xterm_save\n+extra_search    -mouse_jsbterm   -sun_workshop    -xpm\n   system vimrc file: \"$VIM/vimrc\"\n     user vimrc file: \"$HOME/.vimrc\"\n 2nd user vimrc file: \"~/.vim/vimrc\"\n      user exrc file: \"$HOME/.exrc\"\n  fall-back for $VIM: \"/usr/share/vim\"\nCompilation: gcc -c -I. -Iproto -DHAVE_CONFIG_H     -g -O2 -fstack-protector --param=ssp-buffer-size=4 -Wformat -Werror=format-security -U_FORTIFY_SOURCE -D_FORTIFY_SOURCE=1      \nLinking: gcc   -Wl,-Bsymbolic-functions -Wl,-z,relro -Wl,--as-needed -o vim        -lm -ltinfo -lnsl  -lselinux  -lacl -lattr -lgpm -ldl    -L/usr/lib/python2.7/config-x86_64-linux-gnu -lpython2.7 -lpthread -ldl -lutil -lm -Xlinker -export-dynamic -Wl,-O1 -Wl,-Bsymbolic-functions      \n\u001b[34m\u001b[1miptables version\u001b[0m\niptables v1.4.21\n\u001b[34m\u001b[1mcurl version\u001b[0m\ncurl 7.35.0 (x86_64-pc-linux-gnu) libcurl/7.35.0 OpenSSL/1.0.1f zlib/1.2.8 libidn/1.28 librtmp/2.3\n\u001b[34m\u001b[1mwget version\u001b[0m\nGNU Wget 1.15 built on linux-gnu.\n\u001b[34m\u001b[1mrsync version\u001b[0m\nrsync  version 3.1.0  protocol version 31\n\u001b[34m\u001b[1mgimme version\u001b[0m\nv1.2.0\n\u001b[34m\u001b[1mnvm version\u001b[0m\n0.33.6\n\u001b[34m\u001b[1mperlbrew version\u001b[0m\n/home/travis/perl5/perlbrew/bin/perlbrew  - App::perlbrew/0.80\n\u001b[34m\u001b[1mphpenv version\u001b[0m\nrbenv 1.1.1-25-g6aa70b6\n\u001b[34m\u001b[1mrvm version\u001b[0m\nrvm 1.29.3 (latest) by Michal Papis, Piotr Kuczynski, Wayne E. Seguin [https://rvm.io]\n\u001b[34m\u001b[1mdefault ruby version\u001b[0m\nruby 2.4.1p111 (2017-03-22 revision 58053) [x86_64-linux]\n\u001b[34m\u001b[1mCouchDB version\u001b[0m\ncouchdb 1.6.1\n\u001b[34m\u001b[1mElasticSearch version\u001b[0m\n5.5.0\n\u001b[34m\u001b[1mInstalled Firefox version\u001b[0m\nfirefox 56.0.2\n\u001b[34m\u001b[1mMongoDB version\u001b[0m\nMongoDB 3.4.10\n\u001b[34m\u001b[1mPhantomJS version\u001b[0m\n2.1.1\n\u001b[34m\u001b[1mPre-installed PostgreSQL versions\u001b[0m\n9.2.24\n9.3.20\n9.4.15\n9.5.10\n9.6.6\n\u001b[34m\u001b[1mRabbitMQ Version\u001b[0m\n3.6.14\n\u001b[34m\u001b[1mRedis version\u001b[0m\nredis-server 4.0.6\n\u001b[34m\u001b[1mriak version\u001b[0m\n2.2.3\n\u001b[34m\u001b[1mPre-installed Go versions\u001b[0m\n1.7.4\n\u001b[34m\u001b[1mant version\u001b[0m\nApache Ant(TM) version 1.9.3 compiled on April 8 2014\n\u001b[34m\u001b[1mmvn version\u001b[0m\nApache Maven 3.5.2 (138edd61fd100ec658bfa2d307c43b76940a5d7d; 2017-10-18T07:58:13Z)\nMaven home: /usr/local/maven-3.5.2\nJava version: 1.8.0_151, vendor: Oracle Corporation\nJava home: /usr/lib/jvm/java-8-oracle/jre\nDefault locale: en_US, platform encoding: UTF-8\nOS name: \"linux\", version: \"4.4.0-98-generic\", arch: \"amd64\", family: \"unix\"\n\u001b[34m\u001b[1mgradle version\u001b[0m\n\n------------------------------------------------------------\nGradle 4.0.1\n------------------------------------------------------------\n\nBuild time:   2017-07-07 14:02:41 UTC\nRevision:     38e5dc0f772daecca1d2681885d3d85414eb6826\n\nGroovy:       2.4.11\nAnt:          Apache Ant(TM) version 1.9.6 compiled on June 29 2015\nJVM:          1.8.0_151 (Oracle Corporation 25.151-b12)\nOS:           Linux 4.4.0-98-generic amd64\n\n\u001b[34m\u001b[1mlein version\u001b[0m\nLeiningen 2.8.1 on Java 1.8.0_151 Java HotSpot(TM) 64-Bit Server VM\n\u001b[34m\u001b[1mPre-installed Node.js versions\u001b[0m\nv4.8.6\nv6.12.0\nv6.12.1\nv8.9\nv8.9.1\n\u001b[34m\u001b[1mphpenv versions\u001b[0m\n  system\n  5.6\n* 5.6.32 (set by /home/travis/.phpenv/version)\n  7.0\n  7.0.25\n  7.1\n  7.1.11\n  hhvm\n  hhvm-stable\n\u001b[34m\u001b[1mcomposer --version\u001b[0m\nComposer version 1.5.2 2017-09-11 16:59:25\n\u001b[34m\u001b[1mPre-installed Ruby versions\u001b[0m\nruby-2.2.7\nruby-2.3.4\nruby-2.4.1\ntravis_fold:end:system_info\n\u001b[0K\ntravis_fold:start:docker_mtu\n\u001b[0Kdocker stop/waiting\ndocker start/running, process 3654\ntravis_fold:end:docker_mtu\n\u001b[0Ktravis_fold:start:resolvconf\n\u001b[0Kresolvconf stop/waiting\nresolvconf start/running\ntravis_fold:end:resolvconf\n\u001b[0K\ntravis_fold:start:git.checkout\n\u001b[0Ktravis_time:start:22857660\n\u001b[0K$ git clone --depth=1000 --branch=dependabot/nuget/src/Modules/release/v6.1.5/ThreadJob-2.0.0 https://github.com/PowerShell/PowerShell.git PowerShell/PowerShell\nCloning into 'PowerShell/PowerShell'...\ntravis_time:end:22857660:start=1558647315576375591,finish=1558647321739582681,duration=6163207090\n\u001b[0K$ cd PowerShell/PowerShell\n$ git checkout -qf cd9e953c54ebcf806da4f6af2b836393beca846c\ntravis_fold:end:git.checkout\n\u001b[0K\ntravis_fold:start:git.submodule\n\u001b[0Ktravis_time:start:08c48968\n\u001b[0K$ git submodule update --init --recursive\nSubmodule 'src/libpsl-native/test/googletest' (https://github.com/google/googletest.git) registered for path 'src/libpsl-native/test/googletest'\nCloning into '/home/travis/build/PowerShell/PowerShell/src/libpsl-native/test/googletest'...\nSubmodule path 'src/libpsl-native/test/googletest': checked out 'c99458533a9b4c743ed51537e25989ea55944908'\ntravis_time:end:08c48968:start=1558647322417246974,finish=1558647324097798481,duration=1680551507\n\u001b[0Ktravis_fold:end:git.submodule\n\u001b[0K\n\u001b[33;1mSetting environment variables from repository settings\u001b[0m\n$ export ARTIFACTS_BUCKET=[secure]\n$ export ARTIFACTS_KEY=[secure]\n$ export ARTIFACTS_SECRET=[secure]\n$ export TestResultAccountName=[secure]\n$ export TestResultAccountKey=[secure]\n$ export NUGET_URL=[secure]\n$ export NUGET_KEY=[secure]\n$ export WebHookUrl=[secure]\n\n\u001b[33;1mSetting environment variables from .travis.yml\u001b[0m\n$ export CACHE_VERSION=netcoreapp.2.1-sdk.2.1.401\n$ export POWERSHELL_TELEMETRY_OPTOUT=1\n$ export DOTNET_SKIP_FIRST_TIME_EXPERIENCE=1\n$ export TRAVIS_CI_CACHE_NAME=linux\n\n$ export TRAVIS_COMPILER=g++\n$ export CXX=g++\n$ export CXX_FOR_BUILD=g++\n$ export CC=gcc\n$ export CC_FOR_BUILD=gcc\ntravis_fold:start:cache.1\n\u001b[0KSetting up build cache\n$ export CASHER_DIR=${TRAVIS_HOME}/.casher\ntravis_time:start:03e42d9f\n\u001b[0K$ Installing caching utilities\ntravis_time:end:03e42d9f:start=1558647328641424300,finish=1558647328801260753,duration=159836453\n\u001b[0Ktravis_time:start:06208ecc\n\u001b[0Ktravis_time:end:06208ecc:start=1558647328808590849,finish=1558647328812630336,duration=4039487\n\u001b[0Ktravis_time:start:045b0b77\n\u001b[0K\u001b[32;1mattempting to download cache archive\u001b[0m\n\u001b[32;1mfetching ThreadJob-2.0.0/cache-linux-trusty-b63ba428cd21dd946309ed81c41c4b9000afe459974af6ba6ead38ce4f74cf7f--compiler-gpp.tgz\u001b[0m\n\u001b[32;1mfetching ThreadJob-2.0.0/cache--compiler-gpp.tgz\u001b[0m\n\u001b[32;1mfetching dependabotnugetsrcModulesreleasev6.1.5ThreadJob-2.0.0/cache-linux-trusty-b63ba428cd21dd946309ed81c41c4b9000afe459974af6ba6ead38ce4f74cf7f--compiler-gpp.tgz\u001b[0m\n\u001b[32;1mfetching dependabotnugetsrcModulesreleasev6.1.5ThreadJob-2.0.0/cache--compiler-gpp.tgz\u001b[0m\n\u001b[32;1mfetching master/cache-linux-trusty-b63ba428cd21dd946309ed81c41c4b9000afe459974af6ba6ead38ce4f74cf7f--compiler-gpp.tgz\u001b[0m\n\u001b[32;1mfetching master/cache--compiler-gpp.tgz\u001b[0m\n\u001b[31;1mcould not download cache\u001b[0m\ntravis_time:end:045b0b77:start=1558647328818516950,finish=1558647330819069440,duration=2000552490\n\u001b[0Ktravis_time:start:04e86df3\n\u001b[0Ktravis_time:end:04e86df3:start=1558647330824343939,finish=1558647330827733730,duration=3389791\n\u001b[0Ktravis_time:start:30e72010\n\u001b[0K\u001b[32;1madding /home/travis/.nuget to cache\u001b[0m\n\u001b[32;1mcreating directory /home/travis/.nuget\u001b[0m\n\u001b[32;1madding /home/travis/Library/Caches/Homebrew to cache\u001b[0m\n\u001b[32;1mcreating directory /home/travis/Library/Caches/Homebrew\u001b[0m\ntravis_time:end:30e72010:start=1558647330832833499,finish=1558647331915027216,duration=1082193717\n\u001b[0Ktravis_fold:end:cache.1\n\u001b[0K\n$ g++ --version\ng++ (Ubuntu 4.8.4-2ubuntu1~14.04.3) 4.8.4\nCopyright (C) 2013 Free Software Foundation, Inc.\nThis is free software; see the source for copying conditions.  There is NO\nwarranty; not even for MERCHANTABILITY or FITNESS FOR A PARTICULAR PURPOSE.\n\ntravis_fold:start:install.1\n\u001b[0Ktravis_time:start:0c8152ac\n\u001b[0K$ if [[ \"$TRAVIS_OS_NAME\" == \"osx\" ]]; then rvm install ruby-2.3.3; rvm --default use 2.3.3; fi\ntravis_time:end:0c8152ac:start=1558647331935406816,finish=1558647331939067800,duration=3660984\n\u001b[0Ktravis_fold:end:install.1\n\u001b[0Ktravis_fold:start:install.2\n\u001b[0Ktravis_time:start:0abf898a\n\u001b[0K$ if [[ \"$TRAVIS_OS_NAME\" == \"osx\" ]]; then export DYLD_LIBRARY_PATH=/usr/local/opt/curl/lib:/usr/local/opt/openssl/lib:${DYLD_LIBRARY_PATH}; fi\ntravis_time:end:0abf898a:start=1558647331944773755,finish=1558647331948712856,duration=3939101\n\u001b[0Ktravis_fold:end:install.2\n\u001b[0Ktravis_fold:start:install.3\n\u001b[0Ktravis_time:start:2dad1150\n\u001b[0K$ pushd tools\n~/build/PowerShell/PowerShell/tools ~/build/PowerShell/PowerShell\ntravis_time:end:2dad1150:start=1558647331956855751,finish=1558647331962087260,duration=5231509\n\u001b[0Ktravis_fold:end:install.3\n\u001b[0Ktravis_fold:start:install.4\n\u001b[0Ktravis_time:start:1394a516\n\u001b[0K$ ./install-powershell.sh\nGet-PowerShell Core MASTER Installer Version 1.2.0\nInstalls PowerShell Core and Optional The Development Environment\n  Original script is at: https://raw.githubusercontent.com/PowerShell/PowerShell/master/tools$gitscriptname\nArguments used: \n\nOperating System Details:\n  OS: linux\n  DIST: Ubuntu\n  DistroBasedOn: debian\n  PSUEDONAME: trusty\n  REV: 14.04\n  KERNEL: 4.4.0-101-generic\n  MACH: x86_64\nConfiguring PowerShell Core Enviornment for: debian Ubuntu 14.04\n\n*** PowerShell Core Development Environment Installer 1.2.0 for debian\n***    Current PowerShell Core Version: \n***    Original script is at: https://raw.githubusercontent.com/PowerShell/PowerShell/master/tools/installpsh-debian.psh\n\n*** Arguments used: \nRunning on CI (as determined by env var CI set to true), skipping SUDO check.\n\n*** Installing PowerShell Core for debian...\n  % Total    % Received % Xferd  Average Speed   Time    Time     Time  Current\n                                 Dload  Upload   Total   Spent    Left  Speed\n\n  0     0    0     0    0     0      0      0 --:--:-- --:--:-- --:--:--     0\n100 37141  100 37141    0     0   153k      0 --:--:-- --:--:-- --:--:--  153k\n*** Current version on git is: , repo version may differ slightly...\n*** Setting up PowerShell Core repo...\n  % Total    % Received % Xferd  Average Speed   Time    Time     Time  Current\n                                 Dload  Upload   Total   Spent    Left  Speed\n\n  0     0    0     0    0     0      0      0 --:--:-- --:--:-- --:--:--     0\n100   983  100   983    0     0   4843      0 --:--:-- --:--:-- --:--:--  4842\n100   983  100   983    0     0   4842      0 --:--:-- --:--:-- --:--:--  4842\nOK\n  % Total    % Received % Xferd  Average Speed   Time    Time     Time  Current\n                                 Dload  Upload   Total   Spent    Left  Speed\n\n  0     0    0     0    0     0      0      0 --:--:-- --:--:-- --:--:--     0\n100    78  100    78    0     0    609      0 --:--:-- --:--:-- --:--:--   614\ndeb [arch=amd64] https://packages.microsoft.com/ubuntu/14.04/prod trusty main\nGet:1 http://security.ubuntu.com/ubuntu trusty-security InRelease [65.9 kB]\nGet:2 http://dl.hhvm.com/ubuntu trusty InRelease [3,106 B]\nGet:4 http://ppa.launchpad.net/chris-lea/redis-server/ubuntu trusty InRelease [15.4 kB]\nGet:6 http://apt.postgresql.org/pub/repos/apt trusty-pgdg InRelease [56.5 kB]\nHit:3 http://dl.bintray.com/apache/cassandra 39x InRelease\nIgn:7 http://repo.mongodb.org/apt/ubuntu trusty/mongodb-org/3.4 InRelease\nGet:8 http://repo.mongodb.org/apt/ubuntu trusty/mongodb-org/3.4 Release [2,495 B]\nGet:9 http://repo.mongodb.org/apt/ubuntu trusty/mongodb-org/3.4 Release.gpg [801 B]\nIgn:10 http://us-east-1.ec2.archive.ubuntu.com/ubuntu trusty InRelease\nGet:11 http://us-east-1.ec2.archive.ubuntu.com/ubuntu trusty-updates InRelease [65.9 kB]\nGet:12 http://us-east-1.ec2.archive.ubuntu.com/ubuntu trusty-backports InRelease [65.9 kB]\nGet:13 http://us-east-1.ec2.archive.ubuntu.com/ubuntu trusty Release [58.5 kB]\nGet:14 http://us-east-1.ec2.archive.ubuntu.com/ubuntu trusty Release.gpg [933 B]\nIgn:5 http://toolbelt.heroku.com/ubuntu ./ InRelease\nHit:15 http://toolbelt.heroku.com/ubuntu ./ Release\nIgn:16 http://ppa.launchpad.net/couchdb/stable/ubuntu trusty InRelease\nGet:17 http://ppa.launchpad.net/git-core/ppa/ubuntu trusty InRelease [20.8 kB]\nGet:18 http://ppa.launchpad.net/openjdk-r/ppa/ubuntu trusty InRelease [15.4 kB]\nGet:19 http://ppa.launchpad.net/pollinate/ppa/ubuntu trusty InRelease [15.4 kB]\nGet:20 http://ppa.launchpad.net/webupd8team/java/ubuntu trusty InRelease [15.5 kB]\nHit:21 http://ppa.launchpad.net/couchdb/stable/ubuntu trusty Release\nGet:22 http://security.ubuntu.com/ubuntu trusty-security/main Sources [220 kB]\nGet:23 http://security.ubuntu.com/ubuntu trusty-security/restricted Sources [5,050 B]\nGet:24 http://security.ubuntu.com/ubuntu trusty-security/universe Sources [126 kB]\nGet:25 http://security.ubuntu.com/ubuntu trusty-security/multiverse Sources [3,070 B]\nGet:26 http://security.ubuntu.com/ubuntu trusty-security/main amd64 Packages [1,032 kB]\nIgn:27 http://dl.google.com/linux/chrome/deb stable InRelease\nGet:28 http://dl.google.com/linux/chrome/deb stable Release [943 B]\nGet:29 http://dl.google.com/linux/chrome/deb stable Release.gpg [819 B]\nGet:30 http://dl.hhvm.com/ubuntu trusty/main amd64 Packages [1,820 B]\nGet:31 http://security.ubuntu.com/ubuntu trusty-security/main i386 Packages [934 kB]\nGet:32 http://security.ubuntu.com/ubuntu trusty-security/main Translation-en [541 kB]\nGet:33 http://security.ubuntu.com/ubuntu trusty-security/restricted amd64 Packages [18.1 kB]\nGet:34 http://security.ubuntu.com/ubuntu trusty-security/restricted i386 Packages [17.8 kB]\nGet:35 http://security.ubuntu.com/ubuntu trusty-security/restricted Translation-en [3,272 B]\nGet:36 http://security.ubuntu.com/ubuntu trusty-security/universe amd64 Packages [377 kB]\nGet:37 https://download.docker.com/linux/ubuntu trusty InRelease [37.1 kB]\nGet:38 http://ppa.launchpad.net/chris-lea/redis-server/ubuntu trusty/main amd64 Packages [1,843 B]\nGet:39 http://ppa.launchpad.net/chris-lea/redis-server/ubuntu trusty/main i386 Packages [1,842 B]\nGet:40 http://ppa.launchpad.net/chris-lea/redis-server/ubuntu trusty/main Translation-en [990 B]\nGet:41 http://security.ubuntu.com/ubuntu trusty-security/universe i386 Packages [355 kB]\nGet:42 http://security.ubuntu.com/ubuntu trusty-security/universe Translation-en [203 kB]\nGet:43 http://security.ubuntu.com/ubuntu trusty-security/multiverse amd64 Packages [4,730 B]\nGet:44 http://security.ubuntu.com/ubuntu trusty-security/multiverse i386 Packages [4,887 B]\nGet:45 http://security.ubuntu.com/ubuntu trusty-security/multiverse Translation-en [2,426 B]\nGet:46 https://packages.microsoft.com/ubuntu/14.04/prod trusty InRelease [3,226 B]\nGet:47 http://apt.postgresql.org/pub/repos/apt trusty-pgdg/main amd64 Packages [201 kB]\nGet:48 http://apt.postgresql.org/pub/repos/apt trusty-pgdg/main i386 Packages [201 kB]\nGet:49 http://repo.mongodb.org/apt/ubuntu trusty/mongodb-org/3.4/multiverse amd64 Packages [14.1 kB]\nGet:50 https://packagecloud.io/computology/apt-backport/ubuntu trusty InRelease [23.5 kB]\nGet:51 http://us-east-1.ec2.archive.ubuntu.com/ubuntu trusty-updates/main Sources [532 kB]\nGet:52 http://us-east-1.ec2.archive.ubuntu.com/ubuntu trusty-updates/restricted Sources [6,444 B]\nGet:53 http://us-east-1.ec2.archive.ubuntu.com/ubuntu trusty-updates/universe Sources [288 kB]\nGet:54 http://us-east-1.ec2.archive.ubuntu.com/ubuntu trusty-updates/multiverse Sources [7,389 B]\nGet:55 http://us-east-1.ec2.archive.ubuntu.com/ubuntu trusty-updates/main amd64 Packages [1,460 kB]\nGet:56 http://us-east-1.ec2.archive.ubuntu.com/ubuntu trusty-updates/main i386 Packages [1,354 kB]\nGet:57 http://us-east-1.ec2.archive.ubuntu.com/ubuntu trusty-updates/main Translation-en [701 kB]\nGet:58 http://us-east-1.ec2.archive.ubuntu.com/ubuntu trusty-updates/restricted amd64 Packages [21.4 kB]\nGet:59 https://packagecloud.io/github/git-lfs/ubuntu trusty InRelease [23.2 kB]\nGet:60 http://us-east-1.ec2.archive.ubuntu.com/ubuntu trusty-updates/restricted i386 Packages [21.1 kB]\nGet:61 http://us-east-1.ec2.archive.ubuntu.com/ubuntu trusty-updates/restricted Translation-en [3,706 B]\nGet:62 http://us-east-1.ec2.archive.ubuntu.com/ubuntu trusty-updates/universe amd64 Packages [671 kB]\nGet:63 http://us-east-1.ec2.archive.ubuntu.com/ubuntu trusty-updates/universe i386 Packages [646 kB]\nGet:64 http://us-east-1.ec2.archive.ubuntu.com/ubuntu trusty-updates/universe Translation-en [347 kB]\nGet:65 http://us-east-1.ec2.archive.ubuntu.com/ubuntu trusty-updates/multiverse amd64 Packages [16.1 kB]\nGet:66 http://us-east-1.ec2.archive.ubuntu.com/ubuntu trusty-updates/multiverse i386 Packages [16.6 kB]\nGet:67 http://us-east-1.ec2.archive.ubuntu.com/ubuntu trusty-updates/multiverse Translation-en [7,680 B]\nGet:68 http://us-east-1.ec2.archive.ubuntu.com/ubuntu trusty-backports/main Sources [10.4 kB]\nGet:69 http://us-east-1.ec2.archive.ubuntu.com/ubuntu trusty-backports/restricted Sources [40 B]\nGet:70 http://us-east-1.ec2.archive.ubuntu.com/ubuntu trusty-backports/universe Sources [41.3 kB]\nGet:71 http://us-east-1.ec2.archive.ubuntu.com/ubuntu trusty-backports/multiverse Sources [1,747 B]\nGet:72 http://us-east-1.ec2.archive.ubuntu.com/ubuntu trusty-backports/main amd64 Packages [14.7 kB]\nGet:73 http://us-east-1.ec2.archive.ubuntu.com/ubuntu trusty-backports/main i386 Packages [14.7 kB]\nGet:74 http://us-east-1.ec2.archive.ubuntu.com/ubuntu trusty-backports/main Translation-en [7,426 B]\nGet:75 http://us-east-1.ec2.archive.ubuntu.com/ubuntu trusty-backports/restricted amd64 Packages [40 B]\nGet:76 http://us-east-1.ec2.archive.ubuntu.com/ubuntu trusty-backports/restricted i386 Packages [40 B]\nGet:77 http://us-east-1.ec2.archive.ubuntu.com/ubuntu trusty-backports/restricted Translation-en [40 B]\nGet:78 http://us-east-1.ec2.archive.ubuntu.com/ubuntu trusty-backports/universe amd64 Packages [52.5 kB]\nGet:79 http://us-east-1.ec2.archive.ubuntu.com/ubuntu trusty-backports/universe i386 Packages [52.4 kB]\nGet:80 http://us-east-1.ec2.archive.ubuntu.com/ubuntu trusty-backports/universe Translation-en [40.0 kB]\nGet:81 http://us-east-1.ec2.archive.ubuntu.com/ubuntu trusty-backports/multiverse amd64 Packages [1,392 B]\nGet:82 http://us-east-1.ec2.archive.ubuntu.com/ubuntu trusty-backports/multiverse i386 Packages [1,376 B]\nGet:83 http://us-east-1.ec2.archive.ubuntu.com/ubuntu trusty-backports/multiverse Translation-en [1,165 B]\nGet:84 http://us-east-1.ec2.archive.ubuntu.com/ubuntu trusty/main Sources [1,335 kB]\nGet:85 https://packagecloud.io/rabbitmq/rabbitmq-server/ubuntu trusty InRelease [23.7 kB]\nGet:87 http://us-east-1.ec2.archive.ubuntu.com/ubuntu trusty/restricted Sources [5,335 B]\nGet:88 http://us-east-1.ec2.archive.ubuntu.com/ubuntu trusty/universe Sources [7,926 kB]\nGet:89 http://ppa.launchpad.net/git-core/ppa/ubuntu trusty/main amd64 Packages [3,505 B]\nGet:90 http://ppa.launchpad.net/git-core/ppa/ubuntu trusty/main i386 Packages [3,505 B]\nGet:91 http://ppa.launchpad.net/git-core/ppa/ubuntu trusty/main Translation-en [2,372 B]\nGet:92 http://us-east-1.ec2.archive.ubuntu.com/ubuntu trusty/multiverse Sources [211 kB]\nGet:93 http://us-east-1.ec2.archive.ubuntu.com/ubuntu trusty/main amd64 Packages [1,743 kB]\nGet:94 http://ppa.launchpad.net/openjdk-r/ppa/ubuntu trusty/main amd64 Packages [7,571 B]\nGet:95 http://ppa.launchpad.net/openjdk-r/ppa/ubuntu trusty/main i386 Packages [7,700 B]\nGet:96 http://ppa.launchpad.net/openjdk-r/ppa/ubuntu trusty/main Translation-en [2,388 B]\nGet:97 http://us-east-1.ec2.archive.ubuntu.com/ubuntu trusty/main i386 Packages [1,739 kB]\nGet:98 http://ppa.launchpad.net/pollinate/ppa/ubuntu trusty/main amd64 Packages [430 B]\nGet:99 http://ppa.launchpad.net/pollinate/ppa/ubuntu trusty/main i386 Packages [430 B]\nGet:100 http://ppa.launchpad.net/pollinate/ppa/ubuntu trusty/main Translation-en [374 B]\nGet:101 http://us-east-1.ec2.archive.ubuntu.com/ubuntu trusty/restricted amd64 Packages [16.0 kB]\nGet:102 http://us-east-1.ec2.archive.ubuntu.com/ubuntu trusty/restricted i386 Packages [16.4 kB]\nGet:103 http://us-east-1.ec2.archive.ubuntu.com/ubuntu trusty/universe amd64 Packages [7,589 kB]\nGet:104 http://us-east-1.ec2.archive.ubuntu.com/ubuntu trusty/universe i386 Packages [7,597 kB]\nGet:105 http://ppa.launchpad.net/webupd8team/java/ubuntu trusty/main amd64 Packages [20 B]\nGet:106 http://ppa.launchpad.net/webupd8team/java/ubuntu trusty/main i386 Packages [20 B]\nGet:107 http://ppa.launchpad.net/webupd8team/java/ubuntu trusty/main Translation-en [20 B]\nGet:108 http://us-east-1.ec2.archive.ubuntu.com/ubuntu trusty/multiverse amd64 Packages [169 kB]\nGet:109 http://us-east-1.ec2.archive.ubuntu.com/ubuntu trusty/multiverse i386 Packages [172 kB]\nGet:111 http://dl.google.com/linux/chrome/deb stable/main amd64 Packages [1,103 B]\nGet:112 https://download.docker.com/linux/ubuntu trusty/stable amd64 Packages [5,763 B]\nGet:113 https://download.docker.com/linux/ubuntu trusty/edge amd64 Packages [6,911 B]\nGet:114 https://packages.microsoft.com/ubuntu/14.04/prod trusty/main amd64 Packages [75.4 kB]\nErr:59 https://packagecloud.io/github/git-lfs/ubuntu trusty InRelease\n  The following signatures couldn't be verified because the public key is not available: NO_PUBKEY 6B05F25D762E3157\nGet:115 https://packagecloud.io/computology/apt-backport/ubuntu trusty/main amd64 Packages [3,628 B]\nGet:116 https://packagecloud.io/rabbitmq/rabbitmq-server/ubuntu trusty/main amd64 Packages [7,866 B]\nGet:117 https://packagecloud.io/rabbitmq/rabbitmq-server/ubuntu trusty/main i386 Packages [7,866 B]\nFetched 39.8 MB in 4s (9,005 kB/s)\nReading package lists...\nW: http://ppa.launchpad.net/couchdb/stable/ubuntu/dists/trusty/Release.gpg: Signature by key 15866BAFD9BCC4F3C1E0DFC7D69548E1C17EAB57 uses weak digest algorithm (SHA1)\nW: An error occurred during the signature verification. The repository is not updated and the previous index files will be used. GPG error: https://packagecloud.io/github/git-lfs/ubuntu trusty InRelease: The following signatures couldn't be verified because the public key is not available: NO_PUBKEY 6B05F25D762E3157\nW: Failed to fetch https://packagecloud.io/github/git-lfs/ubuntu/dists/trusty/InRelease  The following signatures couldn't be verified because the public key is not available: NO_PUBKEY 6B05F25D762E3157\nW: Some index files failed to download. They have been ignored, or old ones used instead.\nReading package lists...\nBuilding dependency tree...\nReading state information...\nThe following additional packages will be installed:\n  liblttng-ust-ctl2 liblttng-ust0 liburcu1\nThe following NEW packages will be installed:\n  liblttng-ust-ctl2 liblttng-ust0 liburcu1 powershell\n0 upgraded, 4 newly installed, 0 to remove and 308 not upgraded.\nNeed to get 58.1 MB of archives.\nAfter this operation, 159 MB of additional disk space will be used.\nGet:1 http://us-east-1.ec2.archive.ubuntu.com/ubuntu trusty/main amd64 liburcu1 amd64 0.7.12-0ubuntu2 [34.9 kB]\nGet:2 http://us-east-1.ec2.archive.ubuntu.com/ubuntu trusty/main amd64 liblttng-ust-ctl2 amd64 2.4.0-4ubuntu1 [61.7 kB]\nGet:3 http://us-east-1.ec2.archive.ubuntu.com/ubuntu trusty/main amd64 liblttng-ust0 amd64 2.4.0-4ubuntu1 [106 kB]\nGet:4 https://packages.microsoft.com/ubuntu/14.04/prod trusty/main amd64 powershell amd64 6.2.0-1.ubuntu.14.04 [57.9 MB]\nFetched 58.1 MB in 2s (23.6 MB/s)\nSelecting previously unselected package liburcu1.\n(Reading database ... \n(Reading database ... 5%\n(Reading database ... 10%\n(Reading database ... 15%\n(Reading database ... 20%\n(Reading database ... 25%\n(Reading database ... 30%\n(Reading database ... 35%\n(Reading database ... 40%\n(Reading database ... 45%\n(Reading database ... 50%\n(Reading database ... 55%\n(Reading database ... 60%\n(Reading database ... 65%\n(Reading database ... 70%\n(Reading database ... 75%\n(Reading database ... 80%\n(Reading database ... 85%\n(Reading database ... 90%\n(Reading database ... 95%\n(Reading database ... 100%\n(Reading database ... 93695 files and directories currently installed.)\nPreparing to unpack .../liburcu1_0.7.12-0ubuntu2_amd64.deb ...\nUnpacking liburcu1 (0.7.12-0ubuntu2) ...\nSelecting previously unselected package liblttng-ust-ctl2:amd64.\nPreparing to unpack .../liblttng-ust-ctl2_2.4.0-4ubuntu1_amd64.deb ...\nUnpacking liblttng-ust-ctl2:amd64 (2.4.0-4ubuntu1) ...\nSelecting previously unselected package liblttng-ust0:amd64.\nPreparing to unpack .../liblttng-ust0_2.4.0-4ubuntu1_amd64.deb ...\nUnpacking liblttng-ust0:amd64 (2.4.0-4ubuntu1) ...\nSelecting previously unselected package powershell.\nPreparing to unpack .../powershell_6.2.0-1.ubuntu.14.04_amd64.deb ...\nUnpacking powershell (6.2.0-1.ubuntu.14.04) ...\nProcessing triggers for man-db (2.6.7.1-1ubuntu1) ...\nSetting up liburcu1 (0.7.12-0ubuntu2) ...\nSetting up liblttng-ust-ctl2:amd64 (2.4.0-4ubuntu1) ...\nSetting up liblttng-ust0:amd64 (2.4.0-4ubuntu1) ...\nSetting up powershell (6.2.0-1.ubuntu.14.04) ...\nProcessing triggers for libc-bin (2.19-0ubuntu6.13) ...\nCongratulations! PowerShell is installed at /opt/microsoft/powershell/6.\nRun \"pwsh\" to start a PowerShell session.\n\n*** NOTE: Run your regular package manager update cycle to update PowerShell Core\\n\n*** Install Complete\ntravis_time:end:1394a516:start=1558647331968527157,finish=1558647345059937954,duration=13091410797\n\u001b[0Ktravis_fold:end:install.4\n\u001b[0Ktravis_fold:start:install.5\n\u001b[0Ktravis_time:start:0a159d70\n\u001b[0K$ popd\n~/build/PowerShell/PowerShell\ntravis_time:end:0a159d70:start=1558647345072900817,finish=1558647345076549454,duration=3648637\n\u001b[0Ktravis_fold:end:install.5\n\u001b[0Ktravis_fold:start:install.6\n\u001b[0Ktravis_time:start:0a10aea8\n\u001b[0K$ if [[ \"$TRAVIS_OS_NAME\" == \"linux\" ]]; then nvm install 6.4.0 && npm install -g markdown-spellcheck@0.11.0; fi\nDownloading and installing node v6.4.0...\nDownloading https://nodejs.org/dist/v6.4.0/node-v6.4.0-linux-x64.tar.xz...\nComputing checksum with sha256sum\nChecksums matched!\nNow using node v6.4.0 (npm v3.10.3)\n/home/travis/.nvm/versions/node/v6.4.0/bin/mdspell -> /home/travis/.nvm/versions/node/v6.4.0/lib/node_modules/markdown-spellcheck/bin/mdspell\n\n> spawn-sync@1.0.15 postinstall /home/travis/.nvm/versions/node/v6.4.0/lib/node_modules/markdown-spellcheck/node_modules/spawn-sync\n> node postinstall\n\n/home/travis/.nvm/versions/node/v6.4.0/lib\n\u2514\u2500\u252c markdown-spellcheck@0.11.0 \n  \u251c\u2500\u2500 async@1.5.2 \n  \u251c\u2500\u252c chalk@1.1.3 \n  \u2502 \u251c\u2500\u2500 ansi-styles@2.2.1 \n  \u2502 \u251c\u2500\u2500 escape-string-regexp@1.0.5 \n  \u2502 \u251c\u2500\u252c has-ansi@2.0.0 \n  \u2502 \u2502 \u2514\u2500\u2500 ansi-regex@2.1.1 \n  \u2502 \u251c\u2500\u2500 strip-ansi@3.0.1 \n  \u2502 \u2514\u2500\u2500 supports-color@2.0.0 \n  \u251c\u2500\u2500 commander@2.20.0 \n  \u251c\u2500\u252c globby@4.1.0 \n  \u2502 \u251c\u2500\u252c array-union@1.0.2 \n  \u2502 \u2502 \u2514\u2500\u2500 array-uniq@1.0.3 \n  \u2502 \u251c\u2500\u2500 arrify@1.0.1 \n  \u2502 \u251c\u2500\u252c glob@6.0.4 \n  \u2502 \u2502 \u251c\u2500\u252c inflight@1.0.6 \n  \u2502 \u2502 \u2502 \u2514\u2500\u2500 wrappy@1.0.2 \n  \u2502 \u2502 \u251c\u2500\u2500 inherits@2.0.3 \n  \u2502 \u2502 \u251c\u2500\u252c minimatch@3.0.4 \n  \u2502 \u2502 \u2502 \u2514\u2500\u252c brace-expansion@1.1.11 \n  \u2502 \u2502 \u2502   \u251c\u2500\u2500 balanced-match@1.0.0 \n  \u2502 \u2502 \u2502   \u2514\u2500\u2500 concat-map@0.0.1 \n  \u2502 \u2502 \u251c\u2500\u2500 once@1.4.0 \n  \u2502 \u2502 \u2514\u2500\u2500 path-is-absolute@1.0.1 \n  \u2502 \u251c\u2500\u2500 object-assign@4.1.1 \n  \u2502 \u251c\u2500\u2500 pify@2.3.0 \n  \u2502 \u2514\u2500\u252c pinkie-promise@2.0.1 \n  \u2502   \u2514\u2500\u2500 pinkie@2.0.4 \n  \u251c\u2500\u2500 hunspell-spellchecker@1.0.2 \n  \u251c\u2500\u252c inquirer@1.2.3 \n  \u2502 \u251c\u2500\u2500 ansi-escapes@1.4.0 \n  \u2502 \u251c\u2500\u252c cli-cursor@1.0.2 \n  \u2502 \u2502 \u2514\u2500\u252c restore-cursor@1.0.1 \n  \u2502 \u2502   \u251c\u2500\u2500 exit-hook@1.1.1 \n  \u2502 \u2502   \u2514\u2500\u2500 onetime@1.1.0 \n  \u2502 \u251c\u2500\u2500 cli-width@2.2.0 \n  \u2502 \u251c\u2500\u252c external-editor@1.1.1 \n  \u2502 \u2502 \u251c\u2500\u2500 extend@3.0.2 \n  \u2502 \u2502 \u251c\u2500\u252c spawn-sync@1.0.15 \n  \u2502 \u2502 \u2502 \u251c\u2500\u252c concat-stream@1.6.2 \n  \u2502 \u2502 \u2502 \u2502 \u251c\u2500\u2500 buffer-from@1.1.1 \n  \u2502 \u2502 \u2502 \u2502 \u251c\u2500\u252c readable-stream@2.3.6 \n  \u2502 \u2502 \u2502 \u2502 \u2502 \u251c\u2500\u2500 core-util-is@1.0.2 \n  \u2502 \u2502 \u2502 \u2502 \u2502 \u251c\u2500\u2500 isarray@1.0.0 \n  \u2502 \u2502 \u2502 \u2502 \u2502 \u251c\u2500\u2500 process-nextick-args@2.0.0 \n  \u2502 \u2502 \u2502 \u2502 \u2502 \u251c\u2500\u2500 safe-buffer@5.1.2 \n  \u2502 \u2502 \u2502 \u2502 \u2502 \u251c\u2500\u2500 string_decoder@1.1.1 \n  \u2502 \u2502 \u2502 \u2502 \u2502 \u2514\u2500\u2500 util-deprecate@1.0.2 \n  \u2502 \u2502 \u2502 \u2502 \u2514\u2500\u2500 typedarray@0.0.6 \n  \u2502 \u2502 \u2502 \u2514\u2500\u2500 os-shim@0.1.3 \n  \u2502 \u2502 \u2514\u2500\u252c tmp@0.0.29 \n  \u2502 \u2502   \u2514\u2500\u2500 os-tmpdir@1.0.2 \n  \u2502 \u251c\u2500\u2500 figures@1.7.0 \n  \u2502 \u251c\u2500\u2500 lodash@4.17.11 \n  \u2502 \u251c\u2500\u2500 mute-stream@0.0.6 \n  \u2502 \u251c\u2500\u252c run-async@2.3.0 \n  \u2502 \u2502 \u2514\u2500\u2500 is-promise@2.1.0 \n  \u2502 \u251c\u2500\u2500 rx@4.1.0 \n  \u2502 \u251c\u2500\u252c string-width@1.0.2 \n  \u2502 \u2502 \u251c\u2500\u2500 code-point-at@1.1.0 \n  \u2502 \u2502 \u2514\u2500\u252c is-fullwidth-code-point@1.0.0 \n  \u2502 \u2502   \u2514\u2500\u2500 number-is-nan@1.0.1 \n  \u2502 \u2514\u2500\u2500 through@2.3.8 \n  \u251c\u2500\u2500 marked@0.3.19 \n  \u251c\u2500\u2500 UNMET PEER DEPENDENCY sinon@1\n  \u2514\u2500\u252c sinon-as-promised@4.0.3 \n    \u251c\u2500\u252c create-thenable@1.0.2 \n    \u2502 \u251c\u2500\u252c object.omit@2.0.1 \n    \u2502 \u2502 \u251c\u2500\u252c for-own@0.1.5 \n    \u2502 \u2502 \u2502 \u2514\u2500\u2500 for-in@1.0.2 \n    \u2502 \u2502 \u2514\u2500\u2500 is-extendable@0.1.1 \n    \u2502 \u2514\u2500\u2500 unique-concat@0.2.2 \n    \u2514\u2500\u2500 native-promise-only@0.8.1 \n\nnpm WARN sinon-as-promised@4.0.3 requires a peer of sinon@1 but none was installed.\ntravis_time:end:0a10aea8:start=1558647345085927656,finish=1558647354690378546,duration=9604450890\n\u001b[0Ktravis_fold:end:install.6\n\u001b[0Ktravis_fold:start:install.7\n\u001b[0Ktravis_time:start:1f78f5a0\n\u001b[0K$ ulimit -n 4096\ntravis_time:end:1f78f5a0:start=1558647354702883021,finish=1558647354706698965,duration=3815944\n\u001b[0Ktravis_fold:end:install.7\n\u001b[0Ktravis_fold:start:install.8\n\u001b[0Ktravis_time:start:0257251a\n\u001b[0K$ pwsh -File tools/travis.ps1 -Stage Bootstrap\nExecuting travis.ps1 -BootStrap $isPR='False' - Build(deps): Bump ThreadJob from 1.1.2 to 2.0.0 in /src/Modules\n\nBumps ThreadJob from 1.1.2 to 2.0.0.\n\nSigned-off-by: dependabot[bot] <support@dependabot.com>\nInstalling PowerShell build dependencies\nW: http://ppa.launchpad.net/couchdb/stable/ubuntu/dists/trusty/Release.gpg: Signature by key 15866BAFD9BCC4F3C1E0DFC7D69548E1C17EAB57 uses weak digest algorithm (SHA1)\nW: An error occurred during the signature verification. The repository is not updated and the previous index files will be used. GPG error: https://packagecloud.io/github/git-lfs/ubuntu trusty InRelease: The following signatures couldn't be verified because the public key is not available: NO_PUBKEY 6B05F25D762E3157\nW: Failed to fetch https://packagecloud.io/github/git-lfs/ubuntu/dists/trusty/InRelease  The following signatures couldn't be verified because the public key is not available: NO_PUBKEY 6B05F25D762E3157\nW: Some index files failed to download. They have been ignored, or old ones used instead.\nPreconfiguring packages ...\n(Reading database ... \n(Reading database ... 5%\n(Reading database ... 10%\n(Reading database ... 15%\n(Reading database ... 20%\n(Reading database ... 25%\n(Reading database ... 30%\n(Reading database ... 35%\n(Reading database ... 40%\n(Reading database ... 45%\n(Reading database ... 50%\n(Reading database ... 55%\n(Reading database ... 60%\n(Reading database ... 65%\n(Reading database ... 70%\n(Reading database ... 75%\n(Reading database ... 80%\n(Reading database ... 85%\n(Reading database ... 90%\n(Reading database ... 95%\n(Reading database ... 100%\n(Reading database ... 94325 files and directories currently installed.)\nPreparing to unpack .../libcups2_1.7.2-0ubuntu1.11_amd64.deb ...\nUnpacking libcups2:amd64 (1.7.2-0ubuntu1.11) over (1.7.2-0ubuntu1.8) ...\nSetting up libcups2:amd64 (1.7.2-0ubuntu1.11) ...\nProcessing triggers for libc-bin (2.19-0ubuntu6.13) ...\nSelecting previously unselected package libnettle4:amd64.\n(Reading database ... \n(Reading database ... 5%\n(Reading database ... 10%\n(Reading database ... 15%\n(Reading database ... 20%\n(Reading database ... 25%\n(Reading database ... 30%\n(Reading database ... 35%\n(Reading database ... 40%\n(Reading database ... 45%\n(Reading database ... 50%\n(Reading database ... 55%\n(Reading database ... 60%\n(Reading database ... 65%\n(Reading database ... 70%\n(Reading database ... 75%\n(Reading database ... 80%\n(Reading database ... 85%\n(Reading database ... 90%\n(Reading database ... 95%\n(Reading database ... 100%\n(Reading database ... 94325 files and directories currently installed.)\nPreparing to unpack .../libnettle4_2.7.1-1ubuntu0.2_amd64.deb ...\nUnpacking libnettle4:amd64 (2.7.1-1ubuntu0.2) ...\nSelecting previously unselected package libarchive13:amd64.\nPreparing to unpack .../libarchive13_3.1.2-7ubuntu2.8_amd64.deb ...\nUnpacking libarchive13:amd64 (3.1.2-7ubuntu2.8) ...\nSelecting previously unselected package libcupsfilters1:amd64.\nPreparing to unpack .../libcupsfilters1_1.0.52-0ubuntu1.8_amd64.deb ...\nUnpacking libcupsfilters1:amd64 (1.0.52-0ubuntu1.8) ...\nSelecting previously unselected package libcupsimage2:amd64.\nPreparing to unpack .../libcupsimage2_1.7.2-0ubuntu1.11_amd64.deb ...\nUnpacking libcupsimage2:amd64 (1.7.2-0ubuntu1.11) ...\nPreparing to unpack .../curl_7.35.0-1ubuntu2.20_amd64.deb ...\nUnpacking curl (7.35.0-1ubuntu2.20) over (7.35.0-1ubuntu2.13) ...\nPreparing to unpack .../libcurl3_7.35.0-1ubuntu2.20_amd64.deb ...\nUnpacking libcurl3:amd64 (7.35.0-1ubuntu2.20) over (7.35.0-1ubuntu2.13) ...\nPreparing to unpack .../libicu-dev_52.1-3ubuntu0.8_amd64.deb ...\nUnpacking libicu-dev:amd64 (52.1-3ubuntu0.8) over (52.1-3ubuntu0.7) ...\nPreparing to unpack .../icu-devtools_52.1-3ubuntu0.8_amd64.deb ...\nUnpacking icu-devtools (52.1-3ubuntu0.8) over (52.1-3ubuntu0.7) ...\nPreparing to unpack .../libicu52_52.1-3ubuntu0.8_amd64.deb ...\nUnpacking libicu52:amd64 (52.1-3ubuntu0.8) over (52.1-3ubuntu0.7) ...\nSelecting previously unselected package libpaper1:amd64.\nPreparing to unpack .../libpaper1_1.1.24+nmu2ubuntu3_amd64.deb ...\nUnpacking libpaper1:amd64 (1.1.24+nmu2ubuntu3) ...\nSelecting previously unselected package libunwind8.\nPreparing to unpack .../libunwind8_1.1-2.2ubuntu3_amd64.deb ...\nUnpacking libunwind8 (1.1-2.2ubuntu3) ...\nSelecting previously unselected package poppler-data.\nPreparing to unpack .../poppler-data_0.4.6-4_all.deb ...\nUnpacking poppler-data (0.4.6-4) ...\nSelecting previously unselected package cmake-data.\nPreparing to unpack .../cmake-data_2.8.12.2-0ubuntu3_all.deb ...\nERROR: cmake-data is broken - called emacs-package-install as a new-style add-on, but has no compat file.\nUnpacking cmake-data (2.8.12.2-0ubuntu3) ...\nSelecting previously unselected package cmake.\nPreparing to unpack .../cmake_2.8.12.2-0ubuntu3_amd64.deb ...\nUnpacking cmake (2.8.12.2-0ubuntu3) ...\nSelecting previously unselected package libijs-0.35.\nPreparing to unpack .../libijs-0.35_0.35-8build1_amd64.deb ...\nUnpacking libijs-0.35 (0.35-8build1) ...\nSelecting previously unselected package libjbig2dec0.\nPreparing to unpack .../libjbig2dec0_0.11+20120125-1ubuntu1.1_amd64.deb ...\nUnpacking libjbig2dec0 (0.11+20120125-1ubuntu1.1) ...\nSelecting previously unselected package libgs9-common.\nPreparing to unpack .../libgs9-common_9.26~dfsg+0-0ubuntu0.14.04.8_all.deb ...\nUnpacking libgs9-common (9.26~dfsg+0-0ubuntu0.14.04.8) ...\nSelecting previously unselected package libgs9.\nPreparing to unpack .../libgs9_9.26~dfsg+0-0ubuntu0.14.04.8_amd64.deb ...\nUnpacking libgs9 (9.26~dfsg+0-0ubuntu0.14.04.8) ...\nSelecting previously unselected package ghostscript.\nPreparing to unpack .../ghostscript_9.26~dfsg+0-0ubuntu0.14.04.8_amd64.deb ...\nUnpacking ghostscript (9.26~dfsg+0-0ubuntu0.14.04.8) ...\nSelecting previously unselected package groff.\nPreparing to unpack .../groff_1.22.2-5_amd64.deb ...\nUnpacking groff (1.22.2-5) ...\nSelecting previously unselected package libnetpbm10.\nPreparing to unpack .../libnetpbm10_2%3a10.0-15ubuntu2_amd64.deb ...\nUnpacking libnetpbm10 (2:10.0-15ubuntu2) ...\nSelecting previously unselected package libpaper-utils.\nPreparing to unpack .../libpaper-utils_1.1.24+nmu2ubuntu3_amd64.deb ...\nUnpacking libpaper-utils (1.1.24+nmu2ubuntu3) ...\nPreparing to unpack .../libruby1.9.1_1.9.3.484-2ubuntu1.14_amd64.deb ...\nUnpacking libruby1.9.1 (1.9.3.484-2ubuntu1.14) over (1.9.3.484-2ubuntu1.5) ...\nPreparing to unpack .../ruby1.9.1_1.9.3.484-2ubuntu1.14_amd64.deb ...\nUnpacking ruby1.9.1 (1.9.3.484-2ubuntu1.14) over (1.9.3.484-2ubuntu1.5) ...\nSelecting previously unselected package netpbm.\nPreparing to unpack .../netpbm_2%3a10.0-15ubuntu2_amd64.deb ...\nUnpacking netpbm (2:10.0-15ubuntu2) ...\nSelecting previously unselected package psutils.\nPreparing to unpack .../psutils_1.17.dfsg-1_amd64.deb ...\nUnpacking psutils (1.17.dfsg-1) ...\nSelecting previously unselected package ruby1.9.1-dev.\nPreparing to unpack .../ruby1.9.1-dev_1.9.3.484-2ubuntu1.14_amd64.deb ...\nUnpacking ruby1.9.1-dev (1.9.3.484-2ubuntu1.14) ...\nSelecting previously unselected package ruby-dev.\nPreparing to unpack .../ruby-dev_1%3a1.9.3.4_all.deb ...\nUnpacking ruby-dev (1:1.9.3.4) ...\nProcessing triggers for man-db (2.6.7.1-1ubuntu1) ...\nProcessing triggers for fontconfig (2.11.0-0ubuntu4.2) ...\nProcessing triggers for install-info (5.2.0.dfsg.1-2) ...\nSetting up libnettle4:amd64 (2.7.1-1ubuntu0.2) ...\nSetting up libarchive13:amd64 (3.1.2-7ubuntu2.8) ...\nSetting up libcupsfilters1:amd64 (1.0.52-0ubuntu1.8) ...\nSetting up libcupsimage2:amd64 (1.7.2-0ubuntu1.11) ...\nSetting up libcurl3:amd64 (7.35.0-1ubuntu2.20) ...\nSetting up curl (7.35.0-1ubuntu2.20) ...\nSetting up libicu52:amd64 (52.1-3ubuntu0.8) ...\nSetting up icu-devtools (52.1-3ubuntu0.8) ...\nSetting up libicu-dev:amd64 (52.1-3ubuntu0.8) ...\nSetting up libpaper1:amd64 (1.1.24+nmu2ubuntu3) ...\n\nCreating config file /etc/papersize with new version\nSetting up libunwind8 (1.1-2.2ubuntu3) ...\nSetting up poppler-data (0.4.6-4) ...\nSetting up cmake-data (2.8.12.2-0ubuntu3) ...\nInstall cmake-data for emacs23\ninstall/cmake-data: Byte-compiling for emacs23\nWrote /usr/share/emacs23/site-lisp/cmake-data/cmake-mode.elc\nInstall cmake-data for emacs24\ninstall/cmake-data: Byte-compiling for emacs24\nWrote /usr/share/emacs24/site-lisp/cmake-data/cmake-mode.elc\nSetting up cmake (2.8.12.2-0ubuntu3) ...\nSetting up libijs-0.35 (0.35-8build1) ...\nSetting up libjbig2dec0 (0.11+20120125-1ubuntu1.1) ...\nSetting up libgs9-common (9.26~dfsg+0-0ubuntu0.14.04.8) ...\nupdate-alternatives: using /usr/share/ghostscript/9.26 to provide /usr/share/ghostscript/current (ghostscript-current) in auto mode\nSetting up libgs9 (9.26~dfsg+0-0ubuntu0.14.04.8) ...\nSetting up ghostscript (9.26~dfsg+0-0ubuntu0.14.04.8) ...\nSetting up groff (1.22.2-5) ...\nSetting up libnetpbm10 (2:10.0-15ubuntu2) ...\nSetting up libpaper-utils (1.1.24+nmu2ubuntu3) ...\nSetting up netpbm (2:10.0-15ubuntu2) ...\nSetting up psutils (1.17.dfsg-1) ...\nSetting up libruby1.9.1 (1.9.3.484-2ubuntu1.14) ...\nSetting up ruby1.9.1 (1.9.3.484-2ubuntu1.14) ...\nSetting up ruby1.9.1-dev (1.9.3.484-2ubuntu1.14) ...\nSetting up ruby-dev (1:1.9.3.4) ...\nProcessing triggers for libc-bin (2.19-0ubuntu6.13) ...\nSuccessfully installed stud-0.0.23\nSuccessfully installed dotenv-2.7.2\nSuccessfully installed insist-1.0.0\nSuccessfully installed mustache-0.99.8\nSuccessfully installed clamp-1.0.1\nSuccessfully installed cabin-0.9.0\nSuccessfully installed pleaserun-0.0.30\nSuccessfully installed io-like-0.3.0\nBuilding native extensions. This could take a while...\nSuccessfully installed ffi-1.11.1\nSuccessfully installed ruby-xz-0.2.3\nSuccessfully installed childprocess-0.9.0\nSuccessfully installed arr-pm-0.0.10\nSuccessfully installed backports-3.15.0\nBuilding native extensions. This could take a while...\nSuccessfully installed json-1.8.6\nSuccessfully installed fpm-1.11.0\n15 gems installed\nBuilding native extensions. This could take a while...\nSuccessfully installed rdiscount-2.2.0.1\nBuilding native extensions. This could take a while...\nSuccessfully installed hpricot-0.8.6\nSuccessfully installed ronn-0.7.3\n3 gems installed\nWARNING: Could not find 'dotnet', appending /home/travis/.dotnet to PATH.\nWARNING: Still could not find 'dotnet', restoring PATH.\ndotnet not present.  Installing dotnet.\nUnable to find dotnet installation to remove.\ndotnet-install: Downloading link: https://dotnetcli.azureedge.net/dotnet/Sdk/2.1.507/dotnet-sdk-2.1.507-linux-x64.tar.gz\ndotnet-install: Extracting zip from https://dotnetcli.azureedge.net/dotnet/Sdk/2.1.507/dotnet-sdk-2.1.507-linux-x64.tar.gz\ndotnet-install: Adding to current process PATH: `/home/travis/.dotnet`. Note: This change will be visible only when sourcing script.\ndotnet-install: Installation finished successfully.\ntravis_time:end:0257251a:start=1558647354714462098,finish=1558647411660646614,duration=56946184516\n\u001b[0Ktravis_fold:end:install.8\n\u001b[0Ktravis_time:start:143c6578\n\u001b[0K$ pwsh -File tools/travis.ps1\nExecuting travis.ps1 $isPR='False' $isFullBuild='False' - Build(deps): Bump ThreadJob from 1.1.2 to 2.0.0 in /src/Modules\n\nBumps ThreadJob from 1.1.2 to 2.0.0.\n\nSigned-off-by: dependabot[bot] <support@dependabot.com>\nWARNING: Could not find 'dotnet', appending /home/travis/.dotnet to PATH.\nVERBOSE: Using configuration 'Release'\nVERBOSE: Top project directory is /home/travis/build/PowerShell/PowerShell/src/powershell-unix\nVERBOSE: Using framework 'netcoreapp2.1'\nVERBOSE: Using runtime 'linux-x64'\nRun dotnet restore /home/travis/build/PowerShell/PowerShell/src/powershell-unix --runtime linux-x64 --verbosity quiet\nDone restoring /home/travis/build/PowerShell/PowerShell/src/powershell-unix\nRun dotnet restore /home/travis/build/PowerShell/PowerShell/src/TypeCatalogGen --runtime linux-x64 --verbosity quiet\nDone restoring /home/travis/build/PowerShell/PowerShell/src/TypeCatalogGen\nRun dotnet restore /home/travis/build/PowerShell/PowerShell/src/ResGen --runtime linux-x64 --verbosity quiet\nDone restoring /home/travis/build/PowerShell/PowerShell/src/ResGen\nRun dotnet restore /home/travis/build/PowerShell/PowerShell/src/Modules --runtime linux-x64 --verbosity quiet\nDone restoring /home/travis/build/PowerShell/PowerShell/src/Modules\nRun ResGen (generating C# bindings for resx files)\nRun TypeGen (generating CorePsTypeCatalog.cs)\nRun dotnet publish --no-restore /property:GenerateFullPaths=true --configuration Release --framework netcoreapp2.1 --runtime linux-x64 /property:ReleaseTag=6.1.0-rc.11496 from /home/travis/build/PowerShell/PowerShell/src/powershell-unix\nMicrosoft (R) Build Engine version 15.9.20+g88f5fadfbe for .NET Core\n\nCopyright (C) Microsoft Corporation. All rights reserved.\n\n\n  Microsoft.PowerShell.CoreCLR.Eventing -> /home/travis/build/PowerShell/PowerShell/src/Microsoft.PowerShell.CoreCLR.Eventing/bin/Release/netcoreapp2.1/Microsoft.PowerShell.CoreCLR.Eventing.dll\n  System.Management.Automation -> /home/travis/build/PowerShell/PowerShell/src/System.Management.Automation/bin/Release/netcoreapp2.1/System.Management.Automation.dll\n  Microsoft.PowerShell.MarkdownRender -> /home/travis/build/PowerShell/PowerShell/src/Microsoft.PowerShell.MarkdownRender/bin/Release/netcoreapp2.1/Microsoft.PowerShell.MarkdownRender.dll\n  Microsoft.PowerShell.ConsoleHost -> /home/travis/build/PowerShell/PowerShell/src/Microsoft.PowerShell.ConsoleHost/bin/Release/netcoreapp2.1/Microsoft.PowerShell.ConsoleHost.dll\n  Microsoft.PowerShell.Security -> /home/travis/build/PowerShell/PowerShell/src/Microsoft.PowerShell.Security/bin/Release/netcoreapp2.1/Microsoft.PowerShell.Security.dll\n  Microsoft.PowerShell.Commands.Management -> /home/travis/build/PowerShell/PowerShell/src/Microsoft.PowerShell.Commands.Management/bin/Release/netcoreapp2.1/Microsoft.PowerShell.Commands.Management.dll\n  Microsoft.PowerShell.Commands.Utility -> /home/travis/build/PowerShell/PowerShell/src/Microsoft.PowerShell.Commands.Utility/bin/Release/netcoreapp2.1/Microsoft.PowerShell.Commands.Utility.dll\n  Microsoft.PowerShell.SDK -> /home/travis/build/PowerShell/PowerShell/src/Microsoft.PowerShell.SDK/bin/Release/netcoreapp2.1/Microsoft.PowerShell.SDK.dll\n  powershell-unix -> /home/travis/build/PowerShell/PowerShell/src/powershell-unix/bin/Release/netcoreapp2.1/linux-x64/pwsh.dll\n  powershell-unix -> /home/travis/build/PowerShell/PowerShell/src/powershell-unix/bin/Release/netcoreapp2.1/linux-x64/publish/\nVERBOSE: Matched CrossGen.exe: /home/travis/.nuget/packages/runtime.linux-x64.microsoft.netcore.app/2.1.11/tools/crossgen\nVERBOSE: PowerShell Ngen assemblies have been generated. Deploying ...\npwsh.exe with ngen binaries is available at: /home/travis/build/PowerShell/PowerShell/src/powershell-unix/bin/Release/netcoreapp2.1/linux-x64/publish/pwsh\nRestore PowerShell modules to /home/travis/build/PowerShell/PowerShell/src/powershell-unix/bin/Release/netcoreapp2.1/linux-x64/publish\nName='PackageManagement', Version='1.1.7.2', Destination='/home/travis/build/PowerShell/PowerShell/src/powershell-unix/bin/Release/netcoreapp2.1/linux-x64/publish/Modules'\nName='PowerShellGet', Version='1.6.7', Destination='/home/travis/build/PowerShell/PowerShell/src/powershell-unix/bin/Release/netcoreapp2.1/linux-x64/publish/Modules'\nName='Microsoft.PowerShell.Archive', Version='1.2.3.0', Destination='/home/travis/build/PowerShell/PowerShell/src/powershell-unix/bin/Release/netcoreapp2.1/linux-x64/publish/Modules'\nName='PSReadLine', Version='2.0.0-beta3', Destination='/home/travis/build/PowerShell/PowerShell/src/powershell-unix/bin/Release/netcoreapp2.1/linux-x64/publish/Modules'\nName='ThreadJob', Version='2.0.0', Destination='/home/travis/build/PowerShell/PowerShell/src/powershell-unix/bin/Release/netcoreapp2.1/linux-x64/publish/Modules'\nVERBOSE: Running pester tests at '/home/travis/build/PowerShell/PowerShell/test/common /home/travis/build/PowerShell/PowerShell/test/powershell' with tag 'CI' and ExcludeTag 'RequireSudoOnUnix'\nMicrosoft (R) Build Engine version 15.9.20+g88f5fadfbe for .NET Core\nCopyright (C) Microsoft Corporation. All rights reserved.\n\n  Restoring packages for /home/travis/build/PowerShell/PowerShell/test/tools/TestExe/TestExe.csproj...\n  Installing runtime.win-x86.Microsoft.NETCore.DotNetAppHost 2.1.11.\n  Installing runtime.win-x86.Microsoft.NETCore.DotNetHostResolver 2.1.11.\n  Installing runtime.win-x86.Microsoft.NETCore.DotNetHostPolicy 2.1.11.\n  Installing runtime.win-x86.Microsoft.NETCore.App 2.1.11.\n  Installing runtime.win-x64.Microsoft.NETCore.DotNetAppHost 2.1.11.\n  Installing runtime.win-x64.Microsoft.NETCore.DotNetHostResolver 2.1.11.\n  Installing runtime.win-x64.Microsoft.NETCore.DotNetHostPolicy 2.1.11.\n  Installing runtime.win-x64.Microsoft.NETCore.App 2.1.11.\n  Installing runtime.osx-x64.Microsoft.NETCore.DotNetAppHost 2.1.11.\n  Installing runtime.osx-x64.Microsoft.NETCore.DotNetHostResolver 2.1.11.\n  Installing runtime.osx-x64.Microsoft.NETCore.DotNetHostPolicy 2.1.11.\n  Installing runtime.osx-x64.Microsoft.NETCore.App 2.1.11.\n  Generating MSBuild file /home/travis/build/PowerShell/PowerShell/test/tools/TestExe/obj/TestExe.csproj.nuget.g.props.\n  Generating MSBuild file /home/travis/build/PowerShell/PowerShell/test/tools/TestExe/obj/TestExe.csproj.nuget.g.targets.\n  Restore completed in 3.96 sec for /home/travis/build/PowerShell/PowerShell/test/tools/TestExe/TestExe.csproj.\n  TestExe -> /home/travis/build/PowerShell/PowerShell/test/tools/TestExe/bin/Release/netcoreapp2.1/linux-x64/testexe.dll\n  TestExe -> /home/travis/build/PowerShell/PowerShell/test/tools/TestExe/bin/\nMicrosoft (R) Build Engine version 15.9.20+g88f5fadfbe for .NET Core\nCopyright (C) Microsoft Corporation. All rights reserved.\n\n  Restoring packages for /home/travis/build/PowerShell/PowerShell/test/tools/WebListener/WebListener.csproj...\n  Restoring packages for /home/travis/build/PowerShell/PowerShell/test/tools/WebListener/WebListener.csproj...\n  Installing System.Xml.XmlSerializer 4.0.11.\n  Installing System.Security.Principal 4.0.1.\n  Installing System.Threading.Overlapped 4.0.1.\n  Installing System.Private.DataContractSerialization 4.1.1.\n  Installing Microsoft.Win32.Registry 4.0.0.\n  Installing System.Security.Cryptography.Cng 4.2.0.\n  Installing System.Security.Cryptography.Csp 4.0.0.\n  Installing System.Security.Cryptography.OpenSsl 4.0.0.\n  Installing System.Diagnostics.DiagnosticSource 4.0.0.\n  Installing System.Globalization.Extensions 4.0.1.\n  Installing runtime.native.System.Net.Http 4.0.1.\n  Installing runtime.native.System.Security.Cryptography 4.0.0.\n  Installing runtime.native.System.IO.Compression 4.1.0.\n  Installing System.Buffers 4.0.0.\n  Installing runtime.native.System 4.0.0.\n  Installing System.Runtime.CompilerServices.Unsafe 4.5.0-preview1-26216-02.\n  Installing Microsoft.VisualStudio.Web.CodeGeneration.Tools 2.1.0-preview1-final.\n  Installing Microsoft.VisualStudio.Web.CodeGeneration.Contracts 2.1.0-preview1-final.\n  Installing Newtonsoft.Json 10.0.1.\n  Installing System.Security.Principal 4.3.0.\n  Installing System.Security.Cryptography.X509Certificates 4.1.0.\n  Installing System.Net.Http 4.1.0.\n  Installing System.Security.Cryptography.Encoding 4.0.0.\n  Installing System.Security.Cryptography.Algorithms 4.2.0.\n  Installing System.IO.Compression 4.1.0.\n  Installing System.Threading.Timer 4.0.1.\n  Installing System.Security.Cryptography.Primitives 4.0.0.\n  Installing System.Runtime.Numerics 4.0.1.\n  Installing Microsoft.Extensions.FileProviders.Physical 2.1.0-preview1-final.\n  Installing NuGet.Frameworks 4.7.0-preview1-4986.\n  Installing Microsoft.Build.Runtime 15.7.0-preview-000011-1378327.\n  Installing System.Net.Sockets 4.1.0.\n  Installing System.Net.Primitives 4.0.11.\n  Installing Microsoft.CSharp 4.3.0.\n  Installing System.Runtime.Serialization.Formatters 4.3.0.\n  Installing System.IO.Compression.ZipFile 4.0.1.\n  Installing System.ComponentModel.TypeConverter 4.3.0.\n  Installing System.Globalization.Calendars 4.0.1.\n  Installing System.Diagnostics.Tracing 4.1.0.\n  Installing Microsoft.Extensions.FileSystemGlobbing 2.1.0-preview1-final.\n  Installing Microsoft.Extensions.FileProviders.Abstractions 2.1.0-preview1-final.\n  Installing NETStandard.Library 1.6.0.\n  Installing System.Text.Encoding.CodePages 4.0.1.\n  Installing System.Console 4.0.0.\n  Installing System.Collections.Concurrent 4.0.12.\n  Installing Microsoft.Build.Framework 15.7.0-preview-000011-1378327.\n  Installing Microsoft.Build.Utilities.Core 15.7.0-preview-000011-1378327.\n  Installing Microsoft.Win32.Primitives 4.0.1.\n  Installing Microsoft.Build 15.7.0-preview-000011-1378327.\n  Installing System.Security.Claims 4.3.0.\n  Installing System.Diagnostics.Contracts 4.3.0.\n  Installing Microsoft.IdentityModel.Logging 5.2.0.\n  Installing System.Runtime.InteropServices.RuntimeInformation 4.0.0.\n  Installing System.AppContext 4.1.0.\n  Installing System.ComponentModel 4.3.0.\n  Installing System.Collections.Specialized 4.3.0.\n  Installing System.ComponentModel.Primitives 4.3.0.\n  Installing System.Collections.NonGeneric 4.3.0.\n  Installing Microsoft.Build.Tasks.Core 15.7.0-preview-000011-1378327.\n  Installing System.Linq.Queryable 4.0.1.\n  Installing Microsoft.Extensions.Primitives 2.1.0-preview1-final.\n  Installing Microsoft.IdentityModel.Tokens 5.2.0.\n  Installing Microsoft.IdentityModel.Xml 5.2.0.\n  Installing Microsoft.IdentityModel.Tokens.Saml 5.2.0.\n  Installing Microsoft.IdentityModel.Protocols 5.2.0.\n  Installing Microsoft.CodeAnalysis.Analyzers 1.1.0.\n  Installing System.Reflection.Metadata 1.4.2.\n  Installing System.Collections.Immutable 1.3.1.\n  Installing System.Threading.Thread 4.0.0.\n  Installing System.Threading.Tasks.Parallel 4.0.1.\n  Installing Microsoft.AspNetCore.App 2.1.11.\n  Installing System.Diagnostics.Process 4.1.0.\n  Installing Microsoft.AspNetCore 2.1.7.\n  Installing Microsoft.AspNetCore.Antiforgery 2.1.1.\n  Installing Microsoft.AspNetCore.Authentication 2.1.2.\n  Installing Microsoft.AspNetCore.Authentication.Abstractions 2.1.1.\n  Installing Microsoft.AspNetCore.Authentication.Core 2.1.1.\n  Installing Microsoft.AspNetCore.Identity.EntityFrameworkCore 2.1.6.\n  Installing Microsoft.AspNetCore.Mvc.RazorPages 2.1.11.\n  Installing Microsoft.DotNet.PlatformAbstractions 2.1.0.\n  Installing Microsoft.AspNetCore.Authorization 2.1.2.\n  Installing Microsoft.AspNetCore.CookiePolicy 2.1.2.\n  Installing System.Collections.Immutable 1.2.0.\n  Installing Microsoft.Extensions.Logging.Abstractions 2.1.1.\n  Installing System.Interactive.Async 3.1.1.\n  Installing Microsoft.Extensions.DiagnosticAdapter 2.1.0.\n  Installing Microsoft.Extensions.Localization 2.1.1.\n  Installing Microsoft.Extensions.Localization.Abstractions 2.1.1.\n  Installing Microsoft.Extensions.Logging.Debug 2.1.1.\n  Installing System.Collections.NonGeneric 4.0.1.\n  Installing Remotion.Linq 2.2.0.\n  Installing Microsoft.Extensions.Options 2.1.1.\n  Installing Microsoft.Extensions.Logging.Console 2.1.1.\n  Installing Microsoft.Extensions.ObjectPool 2.1.6.\n  Installing System.Xml.XmlDocument 4.0.1.\n  Installing Microsoft.AspNetCore.Http.Connections 1.0.4.\n  Installing Microsoft.IdentityModel.Protocols.OpenIdConnect 5.2.0.\n  Installing System.IdentityModel.Tokens.Jwt 5.2.0.\n  Installing Microsoft.IdentityModel.Protocols.WsFederation 5.2.0.\n  Installing Microsoft.AspNetCore.Authentication.Cookies 2.1.2.\n  Installing Microsoft.CodeAnalysis.Common 2.8.0.\n  Installing System.Resources.Reader 4.0.0.\n  Installing Microsoft.AspNetCore.Authentication.Facebook 2.1.2.\n  Installing Microsoft.AspNetCore.Authentication.Google 2.1.8.\n  Installing System.Diagnostics.TraceSource 4.0.0.\n  Installing Microsoft.Extensions.Logging 2.1.1.\n  Installing System.Runtime.Serialization.Xml 4.1.1.\n  Installing Microsoft.Extensions.WebEncoders 2.1.1.\n  Installing System.IO.Pipelines 4.5.3.\n  Installing Microsoft.Extensions.Options.ConfigurationExtensions 2.1.1.\n  Installing System.Diagnostics.FileVersionInfo 4.0.0.\n  Installing Microsoft.CodeAnalysis.CSharp 2.8.0.\n  Installing Microsoft.Extensions.Logging.EventSource 2.1.1.\n  Installing Microsoft.Extensions.Logging.TraceSource 2.1.1.\n  Installing Microsoft.Extensions.Logging.Configuration 2.1.1.\n  Installing Microsoft.Extensions.Http 2.1.1.\n  Installing System.Threading.ThreadPool 4.0.10.\n  Installing System.Diagnostics.Contracts 4.0.1.\n  Installing Microsoft.Extensions.Hosting.Abstractions 2.1.1.\n  Installing System.Linq.Parallel 4.0.1.\n  Installing Microsoft.Extensions.FileSystemGlobbing 2.1.1.\n  Installing Microsoft.Net.Http.Headers 2.1.1.\n  Installing Microsoft.Extensions.Hosting 2.1.1.\n  Installing System.Reflection.Metadata 1.3.0.\n  Installing Microsoft.Extensions.FileProviders.Physical 2.1.1.\n  Installing Microsoft.Extensions.FileProviders.Embedded 2.1.1.\n  Installing System.Runtime.Loader 4.0.0.\n  Installing System.Threading.Tasks.Dataflow 4.6.0.\n  Installing Microsoft.Extensions.DependencyModel 2.1.0.\n  Installing System.Xml.XPath.XmlDocument 4.0.1.\n  Installing System.Threading.Tasks.Extensions 4.5.2.\n  Installing System.Diagnostics.DiagnosticSource 4.5.1.\n  Installing System.IO.Pipes 4.0.0.\n  Installing System.Threading.Tasks.Extensions 4.5.1.\n  Installing System.Xml.XPath 4.0.1.\n  Installing System.Numerics.Vectors 4.5.0.\n  Installing System.Resources.Writer 4.0.0.\n  Installing Microsoft.Extensions.FileProviders.Composite 2.1.1.\n  Installing Microsoft.Extensions.FileProviders.Abstractions 2.1.1.\n  Installing System.Memory 4.5.2.\n  Installing Microsoft.Extensions.DependencyInjection 2.1.1.\n  Installing Microsoft.Extensions.DependencyInjection.Abstractions 2.1.1.\n  Installing System.Threading.Channels 4.5.0.\n  Installing Microsoft.Extensions.Configuration.Json 2.1.1.\n  Installing Microsoft.Extensions.Configuration.UserSecrets 2.1.1.\n  Installing Microsoft.Extensions.Configuration.Ini 2.1.1.\n  Installing System.Net.WebSockets.WebSocketProtocol 4.5.3.\n  Installing Microsoft.Extensions.Configuration.KeyPerFile 2.1.1.\n  Installing Microsoft.Extensions.Configuration.Xml 2.1.1.\n  Installing Microsoft.Extensions.Configuration.EnvironmentVariables 2.1.1.\n  Installing Microsoft.CSharp 4.5.0.\n  Installing Microsoft.Extensions.Configuration.FileExtensions 2.1.1.\n  Installing Microsoft.Extensions.Configuration.CommandLine 2.1.1.\n  Installing Microsoft.Extensions.Configuration.Binder 2.1.10.\n  Installing Microsoft.Extensions.Configuration.Abstractions 2.1.1.\n  Installing Microsoft.Extensions.Configuration 2.1.1.\n  Installing Microsoft.Extensions.Caching.SqlServer 2.1.2.\n  Installing Microsoft.Extensions.Caching.Memory 2.1.2.\n  Installing Microsoft.Extensions.Caching.Abstractions 2.1.2.\n  Installing Microsoft.EntityFrameworkCore.SqlServer 2.1.11.\n  Installing Microsoft.EntityFrameworkCore.Tools 2.1.11.\n  Installing System.ComponentModel.Annotations 4.5.0.\n  Installing Microsoft.EntityFrameworkCore.InMemory 2.1.11.\n  Installing Microsoft.EntityFrameworkCore.Abstractions 2.1.11.\n  Installing Microsoft.EntityFrameworkCore.Analyzers 2.1.11.\n  Installing Microsoft.AspNetCore.StaticFiles 2.1.1.\n  Installing Microsoft.AspNet.WebApi.Client 5.2.6.\n  Installing Microsoft.AspNetCore.SpaServices 2.1.1.\n  Installing Microsoft.AspNetCore.WebUtilities 2.1.1.\n  Installing Microsoft.AspNetCore.SpaServices.Extensions 2.1.1.\n  Installing Microsoft.AspNetCore.SignalR.Protocols.Json 1.0.4.\n  Installing Microsoft.Extensions.Primitives 2.1.6.\n  Installing System.Memory 4.5.1.\n  Installing Microsoft.Extensions.Identity.Core 2.1.6.\n  Installing Microsoft.Extensions.Identity.Stores 2.1.6.\n  Installing Newtonsoft.Json.Bson 1.0.1.\n  Installing Microsoft.AspNetCore.SignalR.Common 1.0.4.\n  Installing Microsoft.AspNetCore.SignalR 1.0.4.\n  Installing System.Buffers 4.5.0.\n  Installing Microsoft.AspNetCore.Server.Kestrel.Transport.Sockets 2.1.3.\n  Installing Microsoft.AspNetCore.Session 2.1.1.\n  Installing Microsoft.EntityFrameworkCore 2.1.11.\n  Installing Microsoft.AspNetCore.Server.Kestrel.Transport.Abstractions 2.1.3.\n  Installing Microsoft.AspNetCore.Server.Kestrel.Https 2.1.3.\n  Installing Microsoft.AspNetCore.Server.Kestrel 2.1.3.\n  Installing Microsoft.AspNetCore.Routing.Abstractions 2.1.1.\n  Installing Microsoft.AspNetCore.Server.HttpSys 2.1.1.\n  Installing Microsoft.AspNetCore.Routing 2.1.1.\n  Installing Microsoft.AspNetCore.ResponseCaching.Abstractions 2.1.1.\n  Installing Microsoft.AspNetCore.Rewrite 2.1.1.\n  Installing Microsoft.AspNetCore.ResponseCompression 2.1.1.\n  Installing Microsoft.AspNetCore.Razor.Runtime 2.1.2.\n  Installing Microsoft.AspNetCore.ResponseCaching 2.1.1.\n  Installing Microsoft.AspNetCore.Razor 2.1.2.\n  Installing Microsoft.EntityFrameworkCore.Relational 2.1.11.\n  Installing Microsoft.AspNetCore.NodeServices 2.1.1.\n  Installing Microsoft.AspNetCore.Mvc.TagHelpers 2.1.3.\n  Installing Microsoft.AspNetCore.Mvc.ViewFeatures 2.1.3.\n  Installing Microsoft.AspNetCore.Mvc.Razor.ViewCompilation 2.1.1.\n  Installing Microsoft.AspNetCore.Mvc.Formatters.Xml 2.1.3.\n  Installing Microsoft.AspNetCore.Authentication.OpenIdConnect 2.1.2.\n  Installing Microsoft.AspNetCore.Mvc.Localization 2.1.3.\n  Installing Microsoft.AspNetCore.Authentication.JwtBearer 2.1.2.\n  Installing Microsoft.AspNetCore.Mvc.Formatters.Json 2.1.3.\n  Installing Microsoft.AspNetCore.Authentication.WsFederation 2.1.2.\n  Installing Microsoft.AspNetCore.Mvc.Cors 2.1.3.\n  Installing Microsoft.AspNetCore.Owin 2.1.1.\n  Installing Microsoft.AspNetCore.Mvc.DataAnnotations 2.1.3.\n  Installing Microsoft.AspNetCore.Mvc.Razor 2.1.3.\n  Installing Microsoft.AspNetCore.Mvc 2.1.3.\n  Installing Microsoft.AspNetCore.Mvc.ApiExplorer 2.1.3.\n  Installing Microsoft.AspNetCore.Mvc.Razor.Extensions 2.1.2.\n  Installing Microsoft.AspNetCore.MiddlewareAnalysis 2.1.1.\n  Installing Microsoft.AspNetCore.Localization 2.1.1.\n  Installing Microsoft.AspNetCore.Mvc.Abstractions 2.1.3.\n  Installing Microsoft.CodeAnalysis.Razor 2.1.2.\n  Installing Microsoft.AspNetCore.Localization.Routing 2.1.1.\n  Installing Microsoft.AspNetCore.Mvc.Core 2.1.11.\n  Installing Microsoft.AspNetCore.Identity 2.1.6.\n  Installing Microsoft.AspNetCore.Mvc.Analyzers 2.1.3.\n  Installing Microsoft.AspNetCore.HttpOverrides 2.1.1.\n  Installing Microsoft.AspNetCore.Http.Features 2.1.1.\n  Installing Microsoft.AspNetCore.Http.Extensions 2.1.1.\n  Installing Microsoft.AspNetCore.Http.Connections.Common 1.0.4.\n  Installing Microsoft.AspNetCore.Html.Abstractions 2.1.1.\n  Installing Microsoft.AspNetCore.Http 2.1.1.\n  Installing Microsoft.AspNetCore.Http.Abstractions 2.1.1.\n  Installing Microsoft.AspNetCore.Hosting.Server.Abstractions 2.1.1.\n  Installing Microsoft.AspNetCore.HttpsPolicy 2.1.1.\n  Installing Microsoft.AspNetCore.Hosting 2.1.1.\n  Installing Microsoft.AspNetCore.Diagnostics.Abstractions 2.1.1.\n  Installing Microsoft.AspNetCore.Hosting.Abstractions 2.1.1.\n  Installing Microsoft.AspNetCore.HostFiltering 2.1.1.\n  Installing Microsoft.AspNetCore.DataProtection 2.1.1.\n  Installing Microsoft.AspNetCore.Diagnostics 2.1.1.\n  Installing Microsoft.AspNetCore.Diagnostics.EntityFrameworkCore 2.1.1.\n  Installing Microsoft.AspNetCore.Cryptography.Internal 2.1.1.\n  Installing Microsoft.AspNetCore.Cryptography.KeyDerivation 2.1.1.\n  Installing Microsoft.AspNetCore.Authorization.Policy 2.1.2.\n  Installing Microsoft.AspNetCore.Cors 2.1.1.\n  Installing Microsoft.AspNetCore.DataProtection.Extensions 2.1.1.\n  Installing Microsoft.AspNetCore.Authentication.Twitter 2.1.2.\n  Installing Microsoft.AspNetCore.Razor.Language 2.1.2.\n  Installing Microsoft.AspNetCore.DataProtection.Abstractions 2.1.1.\n  Installing Microsoft.AspNetCore.Connections.Abstractions 2.1.3.\n  Installing Microsoft.AspNetCore.Authentication.MicrosoftAccount 2.1.2.\n  Installing Microsoft.AspNetCore.Authentication.OAuth 2.1.2.\n  Installing Microsoft.EntityFrameworkCore.Design 2.1.11.\n  Installing Microsoft.AspNetCore.JsonPatch 2.1.1.\n  Installing Microsoft.AspNetCore.WebSockets 2.1.7.\n  Installing Microsoft.AspNetCore.SignalR.Core 1.0.4.\n  Installing Microsoft.AspNetCore.Identity.UI 2.1.11.\n  Installing Microsoft.AspNetCore.Razor.Design 2.1.2.\n  Installing Microsoft.AspNetCore.Server.IISIntegration 2.1.7.\n  Installing Microsoft.AspNetCore.Server.Kestrel.Core 2.1.7.\n  Restore completed in 7.57 sec for /home/travis/build/PowerShell/PowerShell/test/tools/WebListener/WebListener.csproj.\n  Generating MSBuild file /home/travis/build/PowerShell/PowerShell/test/tools/WebListener/obj/WebListener.csproj.nuget.g.props.\n  Generating MSBuild file /home/travis/build/PowerShell/PowerShell/test/tools/WebListener/obj/WebListener.csproj.nuget.g.targets.\n  Restore completed in 7.91 sec for /home/travis/build/PowerShell/PowerShell/test/tools/WebListener/WebListener.csproj.\n  WebListener -> /home/travis/build/PowerShell/PowerShell/test/tools/WebListener/bin/Release/netcoreapp2.1/linux-x64/WebListener.dll\n  WebListener -> /home/travis/build/PowerShell/PowerShell/test/tools/WebListener/bin/Release/netcoreapp2.1/linux-x64/WebListener.Views.dll\n  WebListener -> /home/travis/build/PowerShell/PowerShell/test/tools/WebListener/bin/\nMicrosoft (R) Build Engine version 15.9.20+g88f5fadfbe for .NET Core\nCopyright (C) Microsoft Corporation. All rights reserved.\n\n  Restoring packages for /home/travis/build/PowerShell/PowerShell/test/tools/TestService/TestService.csproj...\n  Installing System.Reflection.DispatchProxy 4.4.0.\n  Installing System.Net.Http.WinHttpHandler 4.4.0.\n  Installing System.Private.ServiceModel 4.4.1.\n  Installing System.ServiceModel.NetTcp 4.4.1.\n  Installing System.ServiceModel.Security 4.4.1.\n  Installing System.ServiceModel.Primitives 4.4.1.\n  Installing System.ServiceModel.Http 4.4.1.\n  Installing System.ServiceModel.Duplex 4.4.1.\n  Installing System.Data.SqlClient 4.5.0.\n  Installing Microsoft.Windows.Compatibility.Shims 2.0.0.\n  Installing Microsoft.Windows.Compatibility 2.0.0.\n  Generating MSBuild file /home/travis/build/PowerShell/PowerShell/test/tools/TestService/obj/TestService.csproj.nuget.g.props.\n  Generating MSBuild file /home/travis/build/PowerShell/PowerShell/test/tools/TestService/obj/TestService.csproj.nuget.g.targets.\n  Restore completed in 1.77 sec for /home/travis/build/PowerShell/PowerShell/test/tools/TestService/TestService.csproj.\n  TestService -> /home/travis/build/PowerShell/PowerShell/test/tools/TestService/bin/Release/netcoreapp2.1/linux-x64/TestService.dll\n  TestService -> /home/travis/build/PowerShell/PowerShell/test/tools/TestService/bin/\n\nWARNING: OS Information retrieval is not possible, reports will contain only partial system data\nExecuting all tests in '/home/travis/build/PowerShell/PowerShell/test/common', '/home/travis/build/PowerShell/PowerShell/test/powershell' with Tags CI\n\n\n  Describing Common Tests - Validate Markdown Files\n!\n\n\n  Describing Common Tests - Package Reference\n++++++++++++++++++++++++++++++++++++????????????????????????????????????\n\n\n  Describing Basic engine APIs\n\n    Context powershell::Create\n+!\n\n    Context executioncontext\n+\n\n\n  Describing ScriptBlock.GetNewClosure()\n++\n\n\n  Describing InitialSessionState capacity\n++++++\n\n\n  Describing Language Primitive Tests\n+++++++++++++++\n\n\n  Describing ProxyCommand Tests\n+++\n\n\n  Describing Serialization Tests\n++?++++\n\n\n  Describing Type inference Tests\n+++++++++++++++++++++!++++++++++++++!+++++++++++++++++++++++++++++++++++++++++++\n\n    Context TestDrivePath\n+++++++++++!!!!\n\n  Describing AstTypeInference tests\n++\n\n\n  Describing Assembly.LoadFrom Validation Test\n+\n\n\n  Describing Assembly::LoadWithPartialName Validation Test\n++\n\n\n  Describing Attribute tests\n+++\n\n\n  Describing Command Discovery tests\n++++++++++++\n\n\n  Describing Credential tests\n+\n\n\n  Describing Verify approved aliases list\n++++\n\n\n  Describing File encoding tests\n\n    Context ParameterType for parameter 'Encoding' should be 'Encoding'\n+++++++++++\n\n    Context File contents are UTF8 without BOM\n++++++++\n\n\n  Describing User-Specific powershell.config.json Modifications\n!!!!\n\n\n  Describing SemanticVersion api tests\n\n    Context Constructing valid versions\n+++++\n\n    Context Comparisons\n++++++++++++++++++++++++++++++++++++++++++++\n\n    Context Error handling\n+++++++++++++++++++++++++++\n\n    Context Serialization\n++++\n\n    Context Formatting\n+\n\n\n  Describing Validate Attributes Tests\n\n    Context ValidateCount\n+++++++\n\n    Context ValidateRange - ParameterConstuctors\n++++\n\n    Context ValidateRange - User Defined Range\n++++\n\n    Context ValidateRange - Predefined Range\n++++++++++++++++++++\n\n    Context ValidateNotNull, ValidateNotNullOrEmpty and Not-Null-Or-Empty check for Mandatory parameter\n+++++++++!++++\n\n\n  Describing Cdxml cmdlets are supported\n\n    Context Module level tests\n!!\n\n    Context Get-CimTest cmdlet\n!!!!!!!\n\n    Context Remove-CimTest cmdlet\n!!!\n\n    Context New-CimTest operations\n!!!\n\n    Context Set-CimTest operations\n!!\n\n\n  Describing Basic COM Tests\n!!!\n\n  Describing GetMember/SetMember/InvokeMember binders should have more restricted rule for COM object\n!!!\n\n\n  Describing Adapter Tests\n\n    Context Property Adapter Tests\n+++++++++++\n\n    Context Null Magic Method Adapter Tests\n+\n\n    Context ForEach Magic Method Adapter Tests\n?+?\n\n    Context Where Magic Method Adapter Tests\n?+\n\n  Describing Adapter XML Tests\n\n    Context Can set XML node property to non-string object\n++++++++++\n\n  Describing DataRow and DataRowView Adapter tests\n\n    Context DataRow Adapter tests\n++\n\n    Context DataRowView Adapter tests\n++\n\n  Describing Base method call on object mapped to PropertyOnlyAdapter should work\n++\n\n\n  Describing CIM Objects are adapted properly\n!???!???!??!??!\n\n\n  Describing Experimental Feature Basic Tests - Feature-Disabled\n+++++++++++++++\n\n  Describing Experimental Feature Basic Tests - Feature-Enabled\nVERBOSE: Test Suite Skipped. The test suite requires the experimental feature 'ExpTest.FeatureOne' to be enabled.\n!!!!!!!!!!!!!!!\n\n  Describing Expected errors\n++++++++++++\n\n\n  Describing Get-ExperimentalFeature basic tests - Feature-Disabled\n+++\n\n  Describing Get-ExperimentalFeature basic tests - Feature-Enabled\nVERBOSE: Test Suite Skipped. The test suite requires the experimental feature 'ExpTest.FeatureOne' to be enabled.\n!!!\n\n\n  Describing Online help tests for PowerShell Core Cmdlets\n!+++!+!+!+++++!!+++++++++++!+!!!!!+!!!++++!+++++++++!+!++!+++++!++++++!+++++++++++++!!+!+!++++!!!!+++++++++++!!+!!++++++!+!!!!!!++++++!!++!!!!++!++!+++++++!!!+!+++++++!+!!++!+!!!!++++!+!++++++++!!+++!!!!++++!+!+!++!+!+!+++!+!+!+!+!++++++!+++++++!!!++!!!!!!!!!!!!+!++!!!!!!!!!!!!!!+!!+!!!!!!!!!!!++++++++++!!!!+++!!!+!!!!!!!!!!!!!!!!!!+!++++++\n\n  Describing Get-Help -Online is not supported on Nano Server and IoT\n!\n\n\n  Describing Validate that <pshome>/<culture>/default.help.txt is present\n+\n\n  Describing Validate that the Help function can Run in strict mode\n+\n\n  Describing Validate that get-help works for CurrentUserScope\n\n    Context for module : Microsoft.PowerShell.Core\n+++\n\n  Describing Validate that get-help works for provider specific help\n?\n\n  Describing Get-Help should find help info within help files\n+\n\n  Describing Get-Help should find pattern help files\n????+\n\n  Describing Get-Help should find pattern alias\n+++\n\n  Describing help function uses full view by default\n+++\n\n  Describing help can be found for CurrentUser Scope\n++++\n\n\n  Describing Validate 'Save-Help -DestinationPath for one PowerShell Core modules.\n+\n\n\n  Describing Basic Job Tests\n\n    Context Basic tests\n+++\nWARNING: MyWarning\n++++\n\n    Context Wait-Job tests\n+++++++\n\n    Context Receive-job tests\n++++++++\n\n    Context Get-Job tests\n+++++++++\n\n    Context Remove-Job tests\n++++\n\n    Context Stop-Job tests\n++++\n\n\n  Describing SxS Module Path Basic Tests\n+++\n\n\n  Describing ModuleSpecification objects and logic\n\n    Context ModuleSpecification construction and string parsing\n+++++++++++++\n\n    Context ModuleSpecification comparison\n+++++++++++++++++++\n\n    Context Invalid ModuleSpecification initialization\n+++++\n\n\n  Describing New-ModuleManifest tests\n+++\n\n\n  Describing Tests for paths of submodules in module manifest\n++++++++++++++++++++++++++++++\n\n\n  Describing Test-ModuleManifest tests\n++++++++++++++++++\n\n  Describing Tests for circular references in required modules\n++++\n\n  Describing Test-ModuleManifest Performance bug followup\n+\n\n\n  Describing BooleanParameterDCR Tests\n++++++++\n\n\n  Describing Nullable Boolean DCR Tests\n++++++++++++++++++++++++\n\n\n  Describing Parameter Binding Tests\n+++++++++++++\n\n    Context Use automatic variables as default value for parameters\n++\n\n    Context ValueFromRemainingArguments\n++++++\n\n\n  Describing StaticParameterBinder tests\n++++++++++\n\n\n\n  Describing New-PSSession basic test\n+\n\n  Describing Basic Auth over HTTP not allowed on Unix\n+New-PSSession : [localhost] Connecting to remote server localhost failed with the following error message : MI_RESULT_FAILED For more information, see the about_Remote_Troubleshooting Help topic.\nAt /home/travis/build/PowerShell/PowerShell/test/powershell/engine/Remoting/RemoteSession.Basic.Tests.ps1:30 char:9\n+         New-PSSession -Uri $uri -Credential $credential -Authenticati ...\n+         ~~~~~~~~~~~~~~~~~~~~~~~~~~~~~~~~~~~~~~~~~~~~~~~~~~~~~~~~~~~~~\n+ CategoryInfo          : OpenError: (System.Manageme....RemoteRunspace:RemoteRunspace) [New-PSSession], PSRemotingTransportException\n+ FullyQualifiedErrorId : 1,PSSessionOpenFailed\n+\n\n  Describing JEA session Get-Help test\n!\n\n  Describing Remoting loopback tests\n!!!!!!!!!!\n\n\n\n\n  Describing  WSMan SessionOption object\n!!!!\n\n\n\n\n\n\n\n\n\n\n\n\n  Describing UntrustedDataMode tests for variable assignments\n+\n\n    Context Set global variable value in top-level session state\n++++++++++++++++++++++\n\n    Context Set variable in Import-LocalizedData\n+\n\n    Context Exported variables by module loading\n+\n\n    Context Splatting of untrusted value\n+\n\n    Context ValidateTrustedDataAttribute takes NO effect in non-FullLanguage\n++++++\n\n    Context ValidateTrustedDataAttribute takes effect in FullLanguage\n++++++\n\n    Context Validate trusted data for parameters of some built-in powershell cmdlets\n++++++\n\n\n  Describing Tab completion bug fix\n+++++\n\n    Context Issue#3416 - 'Select-Object'\n+++++\n\n\n  Describing TabCompletion\n+!++++++++++++++++++!!!\n\n    Context NativeCommand\n++++?\n\n    Context File name completion\n++++++++++++++++++++++++++++++++++++++++++++++++++++++\n\n    Context Cmdlet name completion\n++++++++++++++++\n\n    Context Miscellaneous completion tests\n++++++++++++++++++++++++++++++++++++++++++++++++++++++++++++++++++++++++++++++++++++++++++++++++++!!!++!++++++++\n\n    Context Module completion for 'using module'\n+++\n\n    Context Completion on 'comma', 'redirection' and 'minus' tokens\n+++++++++\n\n    Context Folder/File path tab completion with special characters\n+++++++\n\n    Context Local tab completion with AST\n+++\n\n    Context User-overridden TabExpansion implementations\n++\n\n    Context No tab completion tests\n+++\n\n    Context Tab completion error tests\n++++++++++\n\n    Context DSC tab completion tests\n!!!!!!!!!!!!!!!!!!!!!!!!!!\n\n    Context CIM cmdlet completion tests\n!!!!!!!!!!!!!!!!!!!!!!!!!\n\n    Context Module cmdlet completion tests\n+\n\n    Context Tab completion help test\n+\n\n\n  Describing Configuration file locations\n\n    Context Default configuration file locations\n+++!\n\n    Context XDG Base Directory Specification is supported on Linux\n+++!\n\n  Describing Working directory on startup\n?\n\n\n  Describing minishell for native executables\n\n    Context Streams from minishell\n+++\n\n    Context Streams to minishell\n+\n\n  Describing Console host api tests\n\n    Context String escape sequences\n++++++\n\n  Describing Pwsh exe resources tests\n!!\n\n  Describing Pwsh startup in directories that contain wild cards\n++++\n\n\n\n  Describing Basic EventLog tests on Windows\n!!\n\n\n  Describing PSVersionTable\n++++++++++++\n\n\n\n\n  Describing Protected Member Access - w/ default ctor\n+++++++++++++++\n\n  Describing Protected Member Access - w/ non-default ctor\n++++++++++++++\n\n  Describing Protected Member Access - members not visible outside class\n++++++\n\n\n  Describing Attributes Test\n\n    Context Property.Instance.ValidateSet.String\n+\n\n    Context Property.Static.ValidateSet.String\n+\n\n    Context Property.Instance.ValidateRange.Int\n+\n\n    Context Property.Static.ValidateRange.Int\n+\n\n    Context Property.Static.ValidateSet.ImplicitObject\n+\n\n    Context Property.Instance.Transformation.ImplicitObject\n++\n\n    Context Property.Instance.Transformation.String\n+\n\n    Context Property.Instance.Transformation.Int\n++\n\n    Context Property.Instance.Transformation.Nullable\n+\n\n    Context Property.Instance.Transformation.Order\n++\n\n  Describing Type resolution with attributes\n\n    Context Name collision\n+\n\n  Describing ValidateSet support a dynamically generated set\n\n    Context C# tests\n+++\n\n    Context Powershell tests\n++++Remove-Module : No modules were removed. Verify that the specification of modules to remove is correct and those modules exist in the runspace.\nAt /home/travis/build/PowerShell/PowerShell/test/powershell/Language/Classes/Scripting.Classes.Attributes.Tests.ps1:404 char:17\n+                 Remove-Module -Name $moduleFile -Force\n+                 ~~~~~~~~~~~~~~~~~~~~~~~~~~~~~~~~~~~~~~\n+ CategoryInfo          : ResourceUnavailable: (:) [Remove-Module], InvalidOperationException\n+ FullyQualifiedErrorId : Modules_NoModulesRemoved,Microsoft.PowerShell.Commands.RemoveModuleCommand\n \n+\n\n    Context CachedValidValuesGeneratorBase class tests\n++\n\n\n  Describing Positive Parse Properties Tests\n++\n\n    Context Positive ParseMethods return type Test\n++++++++++\n\n  Describing Negative Parsing Tests\n\n    Context Parse error expected: <<class>>\n+++\n\n    Context Parse error expected: <<class foo>>\n+++\n\n    Context Parse error expected: <<class foo {>>\n+++\n\n    Context Parse error expected: <<class foo { [int] }>>\n+++\n\n    Context Parse error expected: <<class foo { $private: }>>\n+++\n\n    Context Parse error expected: <<class foo { [int]$global: }>>\n+++\n\n    Context Parse error expected: <<class foo { [Attr()] }>>\n+++\n\n    Context Parse error expected: <<class foo {} class foo {}>>\n+++\n\n    Context Parse error expected: <<class foo { $x; $x; }>>\n!++?\n\n    Context Parse error expected: <<class foo { [int][string]$x; }>>\n+++\n\n    Context Parse error expected: <<class foo { static static $x; }>>\n+++\n\n    Context Parse error expected: <<class foo { [zz]$x; }>>\n+++\n\n    Context Parse error expected: <<class foo { [zz]f() { return 0 } }>>\n+++\n\n    Context Parse error expected: <<class foo { f([zz]$x) {} }>>\n+++\n\n    Context Parse error expected: <<class C {} class C {}>>\n+++\n\n    Context Parse error expected: <<class C { f(){} f(){} }>>\n!++?\n\n    Context Parse error expected: <<class C { F(){} F($o){} [int] F($o) {return 1} }>>\n!++?\n\n    Context Parse error expected: <<class C { f(){} f($a){} f(){} }>>\n!++?\n\n    Context Parse error expected: <<class C { f([int]$a){} f([int]$b){} }>>\n!++?\n\n    Context Parse error expected: <<class C { $x; [int]$x; }>>\n!++?\n\n    Context Parse error expected: <<class C { static C($x) {} }>>\n!++?\n\n    Context Parse error expected: <<class C { static C([int]$x = 100) {} }>>\n!++?\n\n    Context Parse error expected: <<class C {f(){ return 1} }>>\n+++\n\n    Context Parse error expected: <<class C {[int] f(){ return } }>>\n+++\n\n    Context Parse error expected: <<class C {[int] f(){} }>>\n+++\n\n    Context Parse error expected: <<class C {f(){ $x=1; if($x -lt 2){ return } elseif($x -gt 0 ) {return 1} else{return 2} return 3 } }>>\n+++++++\n\n    Context Parse error expected: <<class foo { [int] bar() { $y = $z; return $y} }>>\n+++\n\n    Context Parse error expected: <<class foo { bar() { foreach ($zz in $yy) { } } }>>\n+++\n\n    Context Parse error expected: <<class foo { bar() { foreach ($zz in $global:yy) { $abc = $zzzzz } } }>>\n+++\n\n    Context Parse error expected: <<class foo { bar() { try { $zz = 42 } finally { } $zz } }>>\n+++\n\n    Context Parse error expected: <<class foo { bar() { try { $zz = 42 } catch { } $zz } }>>\n+++\n\n    Context Parse error expected: <<class foo { bar() { switch (@()) { default { $aa = 42 } } $aa } }>>\n+++\n\n    Context Parse error expected: <<class C { $x; static bar() { $this.x = 1 } }>>\n+++\n\n    Context Parse error expected: <<class C { $x; static $y = $this.x }>>\n+++\n\n    Context Parse error expected: <<class C { [void]foo() { try { throw \"foo\"} finally { return } } }>>\n+++\n\n    Context Parse error expected: <<class C { [int]foo() { return; return 1 } }>>\n+++\n\n    Context Parse error expected: <<class C { [int]foo() { try { throw \"foo\"} catch { } } }>>\n+++\n\n    Context Parse error expected: <<class C { [int]foo() { try { throw \"foo\"} catch [ArgumentException] {} catch {throw $_} } }>>\n+++\n\n    Context Parse error expected: <<class C { [int]foo() { try { throw \"foo\"} catch [ArgumentException] {return 1} catch {} } }>>\n+++\n\n    Context Parse error expected: <<class C { [int]foo() { while ($false) { return 1 } } }>>\n+++\n\n    Context Parse error expected: <<class C { [int]foo() { try { mkdir foo } finally { rm -rec foo } } }>>\n+++\n\n    Context Parse error expected: <<class C { [int]foo() { try { mkdir foo; return 1 } catch { } } }>>\n+++\n\n    Context Parse error expected: <<class C { [bool] Test() { if ($false) { return $true; } } }>>\n+++\n\n    Context Parse error expected: <<class C { [int]$i; [void] foo() {$i = 10} }>>\n+++\n\n    Context Parse error expected: <<class C { static [int]$i; [void] foo() {$i = 10} }>>\n+++\n\n    Context Parse error expected: <<class C : B>>\n+++\n\n    Context Parse error expected: <<Class foo { q(){} w(){}>>\n+++\n\n  Describing Negative methods Tests\n\n    Context Parse error expected: <<class foo { f() { param($x) } }>>\n+++\n\n    Context Parse error expected: <<class foo { f() { dynamicparam {} } }>>\n+++\n\n    Context Parse error expected: <<class foo { f() { begin {} } }>>\n+++\n\n    Context Parse error expected: <<class foo { f() { process {} } }>>\n+++\n\n    Context Parse error expected: <<class foo { f() { end {} } }>>\n+++\n\n    Context Parse error expected: <<class foo { f([Parameter()]$a) {} }>>\n+++\n\n    Context Parse error expected: <<class foo { [int] foo() { return 1 }}>>\n+++\n\n    Context Parse error expected: <<class foo { [void] bar($a, [string][int]$b, $c) {} }>>\n+++\n\n  Describing Negative Assignment Tests\n\n    Context Parse error expected: <<class foo { [string ]$path; f() { $path=\"\" } }>>\n+++\n\n    Context Parse error expected: <<class foo { [string ]$path; f() { [string] $path=\"\" } }>>\n+++\n\n    Context Parse error expected: <<class foo { [string ]$path; f() { [int] [string] $path=\"\" } }>>\n+++\n\n  Describing Negative Assignment Tests\n\n    Context Parse error expected: <<[DscResource()]class C { [bool] Test() { return $false } [C] Get() { return $this } Set() {} }>>\n+++\n\n    Context Parse error expected: <<[DscResource()]class C { [DscProperty(Key)][string]$Key; [C] Get() { return $this } Set() {} }>>\n+++\n\n    Context Parse error expected: <<[DscResource()]class C { [DscProperty(Key)][string]$Key; [C] Get() { return $this } Set() {} Test() { } }>>\n+++\n\n    Context Parse error expected: <<[DscResource()]class C { [DscProperty(Key)][string]$Key; [C] Get() { return $this } Set() {} [int] Test() { return 1 } }>>\n+++\n\n    Context Parse error expected: <<[DscResource()]class C { [DscProperty(Key)][string]$Key; [C] Get() { return $this } Set() {} [bool] Test($a) { return $false } }>>\n+++\n\n    Context Parse error expected: <<[DscResource()]class C { [DscProperty(Key)][string]$Key; [bool] Test() { return $false } Set() {} }>>\n+++\n\n    Context Parse error expected: <<[DscResource()]class C { [DscProperty(Key)][string]$Key; [bool] Test() { return $false } Set() {} Get() { } }>>\n+++\n\n    Context Parse error expected: <<[DscResource()]class C { [DscProperty(Key)][string]$Key; [bool] Test() { return $false } Set() {} [int] Get() { return 1 } }>>\n+++\n\n    Context Parse error expected: <<[DscResource()]class C { [DscProperty(Key)][string]$Key; [bool] Test() { return $false } Set() {} [C] Get($a) { return $this } }>>\n+++\n\n    Context Parse error expected: <<[DscResource()]class C { [DscProperty(Key)][string]$Key; [bool] Test() { return $false } [C] Get() { return $this } }>>\n+++\n\n    Context Parse error expected: <<[DscResource()]class C { [DscProperty(Key)][string]$Key; [bool] Test() { return $false } [C] Get() { return $this } [int] Set() { return 1 } }>>\n+++\n\n    Context Parse error expected: <<[DscResource()]class C { [DscProperty(Key)][string]$Key; [bool] Test() { return $false } [C] Get() { return $this } Set($a) { } }>>\n+++\n\n    Context Parse error expected: <<[DscResource()]class C { [DscProperty(Key)][string]$Key; [bool] Test() { return $false } [C] Get() { return $this } Set() {} C($a) { } }>>\n+++\n\n  Describing Negative DscResources Tests\n\n    Context Parse error expected: <<[Flags()]class C{}>>\n+++\n\n    Context Parse error expected: <<class C { [Flags()]$field; }>>\n+++\n\n    Context Parse error expected: <<class C { [Flags()]foo(){} }>>\n+++\n\n    Context Parse error expected: <<[UnknownAttr()]class C{}>>\n+++\n\n    Context Parse error expected: <<[System.Management.Automation.Cmdlet()]class C{}>>\n!++?\n\n    Context Parse error expected: <<[System.Management.Automation.Cmdlet(\"zz\")]class C{}>>\n!++?\n\n    Context Parse error expected: <<[System.Management.Automation.Cmdlet(\"Get\", \"Thing\", Prop=1)]class C{}>>\n+++\n\n    Context Parse error expected: <<[System.Management.Automation.Cmdlet(\"Get\", \"Thing\", ConfirmImpact=\"foo\")]class C{}>>\n!++?\n\n    Context Parse error expected: <<[System.Management.Automation.Cmdlet(\"Get\", \"Thing\", NounName=\"foo\")]class C{}>>\n+++\n\n    Context Parse error expected: <<[System.Management.Automation.Cmdlet(\"Get\", \"Thing\", ConfirmImpact=$zed)]class C{}>>\n+++\n\n    Context Parse error expected: <<class C{ [ValidateScript({})]$p; }>>\n+++\n\n  Describing Negative ClassAttributes Tests\n++++++++++\n\n    Context Support ConfirmImpact as an attribute\n+\n\n  Describing Property Attributes Test\n++++\n\n  Describing Method Attributes Test\n++\n\n  Describing Positive SelfClass Type As Parameter Test\n++\n\n  Describing PositiveReturnSelfClassTypeFromMemberFunction Test\n+\n\n  Describing TestMultipleArguments Test\n++++++++++++++++++++++++++++\n\n  Describing Scopes Test\n\n  Describing Check PS Class Assembly Test\n+\n\n  Describing ScriptScopeAccessFromClassMethod\n+\n\n  Describing Hidden Members Test \n+++++\n\n  Describing BaseMethodCall Test \n++\n\n  Describing Scoped Types Test\n++++++\n\n  Describing ParameterOfClassTypeInModule Test\n+\n\n  Describing Type building\n+?+\n\n  Describing RuntimeType created for TypeDefinitionAst\n?\n\n  Describing TypeTable lookups\n\n    Context Call methods from a different thread\n++\n\n  Describing Protected method access\n++\n\n  Describing variable analysis\n+\n\n\n  Describing Break statements with classes\n\n    Context break is inside a class method\n+++\n\n    Context continue inside a class method\n+\n\n    Context break is in called function\n!!\n\n    Context no classes involved\n+\n\n\n  Describing Exceptions flow for classes\n\n    Context All calls are inside classes\n+++\n\n    Context Class method call PS function\n++\n\n    Context No class is involved\n+\n\n  Describing Exception error position\n++++\n\n  Describing Exception from initializer\n++++\n\n\n  Describing Classes inheritance syntax\n+++++++\n\n    Context Inheritance from abstract .NET classes\n+++\n\n  Describing Classes inheritance syntax errors\n\n    Context Parse error expected: <<class A : NonExistingClass {}>>\n+++\n\n    Context Parse error expected: <<class A : {}>>\n+++\n\n    Context Parse error expected: <<class A {}; class B : A, {}>>\n+++\n\n    Context Parse error expected: <<class A{} ; class B : A[] {}>>\n!++?\n\n    Context Parse error expected: <<class A : System.Collections.Generic.List`1 {}>>\n!++?\n\n    Context Parse error expected: <<class A {}; class B : A, NonExistingInterface {}>>\n+++\n\n    Context Parse error expected: <<class A {} ; class B {}; class C : A, B {}>>\n!++?\n\n    Context Parse error expected: <<class A{} ; class B : A, System.IDisposable[] {}>>\n!++?\n\n    Context Parse error expected: <<class A {}; class B : A, NonExistingInterface {}>>\n+++\n\n    Context Parse error expected: <<class A { A($a){} } ; class B : A { foo() : base(1) {} }>>\n+++\n\n    Context Parse error expected: <<class A { static A() {} }; class B { static B() : base() {} }>>\n+++\n\n    Context Parse error expected: <<class A { A($a){} } ; class B : A { B() : bas {} }>>\n+++\n\n    Context Parse error expected: <<class A { A($a){} } ; class B : A { B() : base( {} }>>\n+++++\n\n    Context Parse error expected: <<class A { A($a){} } ; class B : A { B() : base {} }>>\n+++++\n\n    Context Parse error expected: <<class baz : string {}>>\n!++?\n\n    Context Parse error expected: <<class bar {}; class baz : bar, Non.Existing.Interface {}>>\n!++?\n\n    Context Parse error expected: <<class MyType : Type {}>>\n!++?\n\n    Context Parse error expected: <<class A : B {}; class B {}>>\n!++?\n\n    Context Parse error expected: <<class A : B {}; class B : A {}>>\n!++?\n\n    Context Parse error expected: <<class A : C {}; class B : A {}; class C : B {}>>\n!++?\n\n  Describing Classes methods with inheritance\n\n    Context Method calls\n+++++++++++++\n\n    Context base static method call\n!+\n\n  Describing Classes inheritance ctors syntax errors\n\n    Context Parse error expected: <<class MyComparable : system.IComparable {}>>\n!++?\n\n    Context Parse error expected: <<class MyComparable : system.IComparable { [void] CompareTo([object]$obj) {} }>>\n!++?\n\n    Context Parse error expected: <<class MyCollection : System.Collections.ObjectModel.ReadOnlyCollection[int] {}>>\n!++?\n\n    Context Parse error expected: <<class A { A([int]$a) {} }; class B : A {}>>\n!++?\n\n  Describing Classes inheritance ctors\n++++++\n\n  Describing Type creation\n+\n\n\n  Describing Misc Test\n\n    Context Where\n++\n\n    Context ForEach\n++\n\n    Context Class instantiation\n++\n\n\n  Describing PSModuleInfo.GetExportedTypeDefinitions()\n+\n\n  Describing use of a module from two runspaces\n+\n\n  Describing Module reloading with Class definition\n++\n\n\n  Describing NestedModules\n++\n\n    Context execute type creation in the module context\n?+\n\n\n  Describing Script with a class definition run path\n++\n\n\n  Describing Additional static method tests\n\n    Context Basic static member methods\n++\n\n    Context Class defined in different Runspace\n+++\n\n\n  Describing using module\n+++++++++++++\n\n    Context parse time errors\n+++++++++++++\n\n    Context short name in case of name collision\n++++\n\n    Context using use the latest version of module after Import-Module -Force\n+\n\n    Context Side by side\n++++\n\n    Context Use module with runtime error\n+\n\n    Context shared InitialSessionState\n+\n\n    Context Module by path\n+++++++\n\n    Context module has non-terminating error handled with 'SilentlyContinue'\n+\n\n\n  Describing enums\n\n    Context basic enums\n+++++\n\n    Context Basic enum with initial value\n+++++\n\n    Context Basic enum with initial value expression\n++++++\n\n    Context Enum with complicated initial value\n+++\n\n  Describing Basic enum errors\n\n    Context Parse error expected: <<enum>>\n+++\n\n    Context Parse error expected: <<enum foo>>\n+++\n\n    Context Parse error expected: <<enum foo {>>\n+++\n\n    Context Parse error expected: <<enum foo { x = }>>\n+++\n\n    Context Parse error expected: <<enum foo { x =>>\n+++++\n\n    Context Parse error expected: <<enum foo {} enum foo {}>>\n+++\n\n    Context Parse error expected: <<enum foo { x; x }>>\n!++?\n\n    Context Parse error expected: <<enum foo { X; x }>>\n!++?\n\n    Context Parse error expected: <<enum foo1 { x = [foo2]::x } enum foo2 { x = [foo1]::x }>>\n!++?\n\n    Context Parse error expected: <<enum foo { e = [int]::MaxValue;  e2 }>>\n!++?\n\n    Context Parse error expected: <<enum foo { e = [int]::MaxValue + 1 }>>\n!++?\n\n    Context Parse error expected: <<enum foo { e = $foo }>>\n!++?\n\n    Context Parse error expected: <<enum foo { e = \"hello\" }>>\n!++?\n\n    Context Parse error expected: <<enum foo { a;b;c;>>\n+++\n\n\n  Describing DotNetAPI\n+++++\n\n\n  Describing Handle ByRef-like types gracefully\n++++++++++++++++++++++\n\n\n  Describing ComparisonOperator\n+++++++++++++++++++++++++++++++++++++++++++++\n\n  Describing Bytewise Operator\n++++++\n\n\n  Describing Range Operator\n\n    Context Range integer operations\n+++++++\n\n    Context Character expansion\n+++++++++\n\n    Context Range operator operand types\n+\n\n\n  Describing Replace Operator\n\n    Context Replace operator\n+++\n\n    Context Replace operator substitutions\n+++++\n\n\n  Describing Split Operator\n\n    Context Binary split operator\n+++++++\n\n    Context Binary split operator options\n+++++++++++++\n\n    Context Unary split operator\n+++\n\n\n  Describing The SafeGetValue method on AST returns safe values\n++++\n\n\n  Describing Automatic variable $input\n!+\n\n\n  Describing bnot on enums\n\n    Context E_sbyte\n++++\n\n    Context E_uint\n++++\n\n    Context E_ushort\n++++\n\n    Context E_long\n++++\n\n    Context E_int\n++++\n\n    Context E_byte\n++++\n\n    Context E_ulong\n++++\n\n    Context E_short\n++++\n\n  Describing bnot on integral types\n\n    Context SByte\n++++\n\n    Context UInt32\n++++\n\n    Context UInt16\n++++\n\n    Context Int64\n++++\n\n    Context Int32\n++++\n\n    Context Byte\n++++\n\n    Context UInt64\n++++\n\n    Context Int16\n++++\n\n\n  Describing conversion syntax\n+++\n\n    Context Cast object[] to more narrow generic collection\n+++++++++++++++\n\n  Describing method conversion\n++++++++++++\n\n\n  Describing Script block based extensible completion\n\n    Context Command line: <TestFunction -Beta 11 -Gamma 22 -Alpha aa>\n+\n\n  Describing Test class based extensible completion\n\n    Context Command line: <TestFunction -Alpha 42 -Gamma 44 -Beta zz>\n+\n\n  Describing Test registration based extensible completion\n\n    Context Command line: <TestFunction -Alpha aa -Beta bb -Gamma 42>\n+\n\n  Describing Test extensible completion of native commands\n\n    Context Command line: <netsh >\n++\n\n  Describing Test completion of parameters for native commands\n\n    Context Command line: <foo ->\n++++\n\n    Context Command line: <foo -v>\n++\n\n  Describing Test extensible completion of using namespace\n\n    Context Command line: <Using namespace sys>\n+\n\n    Context Command line: <Using namespace system.>\n++++\n\n    Context Command line: <Using namespace System.Management.Automati>\n+\n\n    Context Command line: <using namespace System.Management.Automation.>\n+++!+++!\n\n  Describing Type extensible completion of type after using namespace\n\n    Context Command line: <using namespace System; [TextR>\n+\n\n    Context Command line: <using namespace System.IO; [TextR>\n+\n\n    Context Command line: <[aliasatt>\n+\n\n    Context Command line: <using namespace System; [strin>\n+\n\n  Describing Additional type name completion tests\n\n    Context Command line: <Get-Command -ParameterType System>\n++\n\n    Context Command line: <Get-Command -ParameterType System.>\n++\n\n    Context Command line: <Get-Command -ParameterType System.Collections.Generic.Li>\n+++\n\n    Context Command line: <Get-Command -ParameterType System.Collections.Generic.Dic>\n+\n\n  Describing ArgumentCompletionsAttribute tests\n++++\n\n\n  Describing Clone array\n++\n\n  Describing Set fields through PSMemberInfo\n+++\n\n  Describing MSFT:3309783\n+++\n\n  Describing ScriptBlockAst.GetScriptBlock throws on error\n++\n\n  Describing Hashtable key property syntax\n++\n\n  Describing Assign automatic variables\n+++++++++++++++++++\n\n  Describing Assign readonly/constant variables\n++++++\n\n  Describing Attribute error position\n+\n\n  Describing Multiple alias attributes\n+\n\n  Describing Members of System.Type\n+\n\n  Describing Hash expression with if statement as value\n+++\n\n\n\n  Describing Argument transformation attribute on optional argument with explicit $null\n+++++++++\n\n\n  Describing ParserTests (admin\\monad\\tests\\monad\\src\\engine\\core\\ParserTests.cs)\n+++++++++++++++\n\n    Context Test Unicode escape sequences.\n+++++++++++++\n\n    Context Test that we support all of the C# escape sequences. We use the  instead of \\. (line 613)\n++++++++++++++++++++++++++++++++++++++++\n\n    Context Boolean Tests (starting at line 1723 to line 1772)\n+++++++++\n\n    Context Comparison operator Tests (starting at line 1785 to line 1842)\n+++++++++++++++++++++++\n\n    Context Arithmetic and String Comparison Tests (starting at line 1848 to line 1943)\n++++++++++++++++++++++\n\n    Context Comparison Operators with Arrays Tests (starting at line 2015 to line 2178)\n+++++++++\n\n    Context Numerical Notations Tests (starting at line 2374 to line 2452)\n++++++++++++++++++++++++++++++++++++?+++\n\n    Context Mathematical Operations Tests (starting at line 2975 to line 3036)\n++\n\t\t\t6 should return 2 46ms\n+\n\t\t\t6 *\n\t\t\t4  +\n\t\t\t2 ) /\n\t\t\t2 -\n\t\t\t3 should return 2 45ms\n+++++++\n\n    Context #requires nested scan tokenizer tests\n++++\n\n\n  Describing for statement parsing\n\n    Context Parse error expected: <<for>>\n+++\n\n    Context Parse error expected: <<for(>>\n+++\n\n    Context Parse error expected: <<for(;>>\n+++\n\n    Context Parse error expected: <<for(;;>>\n+++\n\n    Context Parse error expected: <<for($a>>\n+++\n\n    Context Parse error expected: <<for($a;>>\n+++\n\n    Context Parse error expected: <<for($a;$b>>\n+++\n\n    Context Parse error expected: <<for($a;$b;>>\n+++\n\n    Context Parse error expected: <<for($a;$b;$c>>\n+++\n\n    Context Parse error expected: <<for($a;$b;$c)>>\n+++\n\n    Context Parse error expected: <<:lab for>>\n+++\n\n    Context Parse error expected: <<:lab for(>>\n+++\n\n    Context Parse error expected: <<:lab for(;>>\n+++\n\n    Context Parse error expected: <<:lab for(;;>>\n+++\n\n    Context Parse error expected: <<:lab for($a>>\n+++\n\n    Context Parse error expected: <<:lab for($a;>>\n+++\n\n    Context Parse error expected: <<:lab for($a;$b>>\n+++\n\n    Context Parse error expected: <<:lab for($a;$b;>>\n+++\n\n    Context Parse error expected: <<:lab for($a;$b;$c>>\n+++\n\n    Context Parse error expected: <<:lab for($a;$b;$c)>>\n+++\n\n    Context Error Statement expected: <<for z>>\n+++\n\n    Context Error Statement expected: <<for {}>>\n+++\n\n    Context Error Statement expected: <<for ()>>\n+++\n\n    Context Error Statement expected: <<for(>>\n+++\n\n    Context Error Statement expected: <<for(;>>\n+++\n\n    Context Error Statement expected: <<for(;;>>\n+++\n\n    Context Error Statement expected: <<for($a>>\n++++++\n\n    Context Error Statement expected: <<for($a;$b>>\n+++++++++\n\n    Context Error Statement expected: <<for($a;$b;$c>>\n++++++++++++\n\n    Context Error Statement expected: <<for($a;$b;$c)>>\n++++++++++++\n\n    Context Error Statement expected: <<for()zzzz>>\n+++\n\n    Context Error Statement expected: <<:lab for z>>\n+++\n\n    Context Error Statement expected: <<:lab for {}>>\n+++\n\n    Context Error Statement expected: <<:lab for ()>>\n+++\n\n    Context Error Statement expected: <<:lab for(>>\n+++\n\n    Context Error Statement expected: <<:lab for(;>>\n+++\n\n    Context Error Statement expected: <<:lab for(;;>>\n+++\n\n    Context Error Statement expected: <<:lab for($a>>\n++++++\n\n    Context Error Statement expected: <<:lab for($a;$b>>\n+++++++++\n\n    Context Error Statement expected: <<:lab for($a;$b;$c>>\n++++++++++++\n\n    Context Error Statement expected: <<:lab for($a;$b;$c)>>\n++++++++++++\n\n    Context Error Statement expected: <<:lab for()zzzz>>\n+++\n\n  Describing foreach statement parsing\n\n    Context Parse error expected: <<foreach>>\n+++\n\n    Context Parse error expected: <<foreach (>>\n+++\n\n    Context Parse error expected: <<foreach ($a>>\n+++\n\n    Context Parse error expected: <<foreach ($a into>>\n+++\n\n    Context Parse error expected: <<foreach ($a in>>\n+++\n\n    Context Parse error expected: <<foreach ($a in $x>>\n+++\n\n    Context Parse error expected: <<foreach ($a in $x)>>\n+++\n\n    Context Parse error expected: <<:lab foreach>>\n+++\n\n    Context Parse error expected: <<:lab foreach (>>\n+++\n\n    Context Parse error expected: <<:lab foreach ($a>>\n+++\n\n    Context Parse error expected: <<:lab foreach ($a into>>\n+++\n\n    Context Parse error expected: <<:lab foreach ($a in>>\n+++\n\n    Context Parse error expected: <<:lab foreach ($a in $x>>\n+++\n\n    Context Parse error expected: <<:lab foreach ($a in $x)>>\n+++\n\n    Context Error Statement expected: <<foreach>>\n+++\n\n    Context Error Statement expected: <<foreach z>>\n+++\n\n    Context Error Statement expected: <<foreach (>>\n+++\n\n    Context Error Statement expected: <<foreach ($a>>\n++++\n\n    Context Error Statement expected: <<foreach ($a zz>>\n++++\n\n    Context Error Statement expected: <<foreach ($a # line comment>>\n++++\n\n    Context Error Statement expected: <<foreach ($a $zz>>\n++++\n\n    Context Error Statement expected: <<foreach ($a in>>\n++++\n\n    Context Error Statement expected: <<foreach ($a in $b>>\n+++++++\n\n    Context Error Statement expected: <<foreach ($a in $b <#hmm#>)>>\n+++++++\n\n    Context Error Statement expected: <<:lab foreach>>\n+++\n\n    Context Error Statement expected: <<:lab foreach z>>\n+++\n\n    Context Error Statement expected: <<:lab foreach (>>\n+++\n\n    Context Error Statement expected: <<:lab foreach ($a>>\n++++\n\n    Context Error Statement expected: <<:lab foreach ($a zz>>\n++++\n\n    Context Error Statement expected: <<:lab foreach ($a # line comment>>\n++++\n\n    Context Error Statement expected: <<:lab foreach ($a $zz>>\n++++\n\n    Context Error Statement expected: <<:lab foreach ($a in>>\n++++\n\n    Context Error Statement expected: <<:lab foreach ($a in $b>>\n+++++++\n\n    Context Error Statement expected: <<:lab foreach ($a in $b <#hmm#>)>>\n+++++++\n\n  Describing do/while statement statement parsing\n\n    Context Parse error expected: <<do>>\n+++\n\n    Context Parse error expected: <<do {}>>\n+++\n\n    Context Parse error expected: <<do {} while>>\n+++\n\n    Context Parse error expected: <<do {} while (>>\n+++\n\n    Context Parse error expected: <<do {} while (1>>\n+++\n\n    Context Parse error expected: <<:lab do>>\n+++\n\n    Context Parse error expected: <<:lab do {}>>\n+++\n\n    Context Parse error expected: <<:lab do {} while>>\n+++\n\n    Context Parse error expected: <<:lab do {} while (>>\n+++\n\n    Context Parse error expected: <<:lab do {} while (1>>\n+++\n\n    Context Error Statement expected: <<do>>\n+++\n\n    Context Error Statement expected: <<do {1}>>\n+++++++\n\n    Context Error Statement expected: <<do {1} while>>\n+++++++\n\n    Context Error Statement expected: <<do {1} while(>>\n+++++++\n\n    Context Error Statement expected: <<do {1} while($false>>\n++++++++++\n\n    Context Error Statement expected: <<:lab do>>\n+++\n\n    Context Error Statement expected: <<:lab do {1}>>\n+++++++\n\n    Context Error Statement expected: <<:lab do {1} while>>\n+++++++\n\n    Context Error Statement expected: <<:lab do {1} while(>>\n+++++++\n\n    Context Error Statement expected: <<:lab do {1} while($false>>\n++++++++++\n\n  Describing do/while statement statement parsing\n\n    Context Parse error expected: <<do>>\n+++\n\n    Context Parse error expected: <<do {}>>\n+++\n\n    Context Parse error expected: <<do {} until>>\n+++\n\n    Context Parse error expected: <<do {} until (>>\n+++\n\n    Context Parse error expected: <<do {} until (1>>\n+++\n\n    Context Parse error expected: <<:lab do>>\n+++\n\n    Context Parse error expected: <<:lab do {}>>\n+++\n\n    Context Parse error expected: <<:lab do {} until>>\n+++\n\n    Context Parse error expected: <<:lab do {} until (>>\n+++\n\n    Context Parse error expected: <<:lab do {} until (1>>\n+++\n\n    Context Error Statement expected: <<do>>\n+++\n\n    Context Error Statement expected: <<do {1}>>\n+++++++\n\n    Context Error Statement expected: <<do {1} until>>\n+++++++\n\n    Context Error Statement expected: <<do {1} until(>>\n+++++++\n\n    Context Error Statement expected: <<do {1} until($false>>\n++++++++++\n\n    Context Error Statement expected: <<:lab do>>\n+++\n\n    Context Error Statement expected: <<:lab do {1}>>\n+++++++\n\n    Context Error Statement expected: <<:lab do {1} until>>\n+++++++\n\n    Context Error Statement expected: <<:lab do {1} until(>>\n+++++++\n\n    Context Error Statement expected: <<:lab do {1} until($false>>\n++++++++++\n\n  Describing trap statement parsing\n\n    Context Parse error expected: <<trap>>\n+++\n\n    Context Parse error expected: <<trap [int]>>\n+++\n\n    Context Error Statement expected: <<trap>>\n+++\n\n    Context Error Statement expected: <<trap [int]>>\n++++\n\n  Describing named blocks parsing\n\n    Context Parse error expected: <<begin>>\n+++\n\n    Context Parse error expected: <<process>>\n+++\n\n    Context Parse error expected: <<end>>\n+++\n\n    Context Parse error expected: <<dynamicparam>>\n+++\n\n    Context Parse error expected: <<begin process {}>>\n+++\n\n    Context Parse error expected: <<end process {}>>\n+++\n\n    Context Parse error expected: <<dynamicparam process {}>>\n+++\n\n    Context Parse error expected: <<process begin {}>>\n+++\n\n    Context Parse error expected: <<begin process end>>\n+++++++\n\n    Context Ast Validation: <<begin>>\n+++\n\n    Context Ast Validation: <<begin end>>\n++++\n\n    Context Ast Validation: <<begin end process>>\n+++++\n\n    Context Ast Validation: <<begin {} end>>\n++++\n\n  Describing data statement parsing\n\n    Context Parse error expected: <<data>>\n+++\n\n    Context Parse error expected: <<data foo>>\n+++\n\n    Context Parse error expected: <<data -abc>>\n+++\n\n    Context Parse error expected: <<data -abc foo {}>>\n+++\n\n    Context Parse error expected: <<data -abc & {}>>\n+++\n\n    Context Parse error expected: <<data -s & {}>>\n+++\n\n    Context Parse error expected: <<data -s ) {}>>\n+++++\n\n    Context Parse error expected: <<data -s } {}>>\n+++++\n\n    Context Parse error expected: <<data -s ; {}>>\n+++\n\n    Context Parse error expected: <<data -sup a,>>\n+++\n\n    Context Parse error expected: <<data -sup a,b>>\n+++\n\n    Context Error Statement expected: <<data>>\n+++\n\n    Context Error Statement expected: <<data -s & {}>>\n+++\n\n    Context Error Statement expected: <<data -s ) {}>>\n+++\n\n    Context Error Statement expected: <<data -s abc>>\n++++\n\n    Context Error Statement expected: <<data -s abc,>>\n++++\n\n    Context Error Statement expected: <<data -s a,b>>\n+++++\n\n  Describing try/catch/finally statement parsing\n\n    Context Parse error expected: <<try>>\n+++\n\n    Context Parse error expected: <<try {}>>\n+++\n\n    Context Parse error expected: <<try {} catch>>\n+++\n\n    Context Parse error expected: <<try {} finally>>\n+++\n\n    Context Parse error expected: <<try {} catch [int]>>\n+++\n\n    Context Parse error expected: <<try {} catch {} finally>>\n+++\n\n    Context Parse error expected: <<try {} catch {} catch>>\n+++\n\n    Context Parse error expected: <<try {} catch [int],>>\n+++\n\n    Context Parse error expected: <<try {} finally { return }>>\n+++\n\n    Context Parse error expected: <<try {} finally { break }>>\n+++\n\n    Context Parse error expected: <<try {} finally { continue }>>\n+++\n\n    Context Error Statement expected: <<try>>\n+++\n\n    Context Error Statement expected: <<try {1}>>\n+++++++\n\n    Context Error Statement expected: <<try {1} catch>>\n+++++++\n\n    Context Error Statement expected: <<try {1} finally>>\n+++++++\n\n    Context Error Statement expected: <<try {1} catch [int]>>\n++++++++\n\n    Context Error Statement expected: <<try {1} catch {2} finally>>\n++++++++++++\n\n    Context Error Statement expected: <<try {1} catch {2} catch>>\n++++++++++++\n\n    Context Error Statement expected: <<try {1} catch [int],[char] {2} catch>>\n++++++++++++++\n\n    Context Error Statement expected: <<try {1} catch [int],>>\n++++++++\n\n  Describing switch statement parsing\n\n    Context Parse error expected: <<switch>>\n+++\n\n    Context Parse error expected: <<switch -abc>>\n+++++\n\n    Context Parse error expected: <<switch -file>>\n+++\n\n    Context Parse error expected: <<switch -file a (1)>>\n+++++\n\n    Context Parse error expected: <<switch (>>\n+++\n\n    Context Parse error expected: <<switch ()>>\n+++++\n\n    Context Parse error expected: <<switch (\"abc\")  >>\n+++\n\n    Context Parse error expected: <<switch (\"abc\")  {>>\n+++\n\n    Context Parse error expected: <<switch (\"abc\")  { 1>>\n+++\n\n    Context Parse error expected: <<switch (\"abc\")  { 1 }>>\n+++\n\n    Context Parse error expected: <<switch (1) {default {} default {}}>>\n+++\n\n    Context Error Statement expected: <<switch>>\n+++\n\n    Context Error Statement expected: <<switch -abc>>\n+++\n\n    Context Error Statement expected: <<switch (>>\n+++\n\n    Context Error Statement expected: <<switch ()>>\n+++\n\n    Context Error Statement expected: <<switch -file>>\n+++\n\n    Context Error Statement expected: <<switch -file a>>\n+++\n\n    Context Ast Validation: <<switch -file a>>\n\n    Context Error Statement expected: <<switch -file a (1)>>\n++++++\n\n    Context Ast Validation: <<switch -file a (1)>>\n\n    Context Error Statement expected: <<switch (1) {foo>>\n+++++++\n\n    Context Error Statement expected: <<switch (1) {foo}>>\n+++++++\n\n    Context Error Statement expected: <<switch (1) {foo {bar}>>\n+++++++++++\n\n    Context Error Statement expected: <<switch (1) {default {9} default{2}>>\n++++++++++++++++\n\n  Describing function statement parsing\n\n    Context Parse error expected: <<function>>\n+++\n\n    Context Parse error expected: <<function foo>>\n+++\n\n    Context Parse error expected: <<function foo(>>\n+++\n\n    Context Parse error expected: <<function foo {>>\n+++\n\n    Context Parse error expected: <<function foo { function bar { if (1) {} }>>\n+++\n\n    Context Parse error expected: <<function f { param($a,[int]$a) }>>\n+++\n\n    Context Parse error expected: <<function f($a,[int]$a){}>>\n+++\n\n    Context Parse error expected: <<function foo {param(}>>\n+++\n\n    Context Error Statement expected: <<function foo()>>\n+++\n\n    Context Error Statement expected: <<function foo($a)>>\n+++++\n\n    Context Error Statement expected: <<function foo($a = 1)>>\n++++++\n\n    Context Error Statement expected: <<function foo($a>>\n+++++\n\n    Context Error Statement expected: <<function foo($a 1>>\n+++++\n\n    Context Error Statement expected: <<function foo($a = 1>>\n++++++\n\n  Describing assignment statement parsing\n\n    Context Parse error expected: <<$a,$b += 1,2>>\n+++\n\n  Describing splatting parsing\n\n    Context Parse error expected: <<@a>>\n+++\n\n    Context Parse error expected: <<foreach (@a in $b) {}>>\n+++\n\n    Context Parse error expected: <<param(@a)>>\n+++\n\n    Context Parse error expected: <<function foo (@a) {}>>\n+++\n\n  Describing Pipes parsing\n\n    Context Parse error expected: <<gps|>>\n+++\n\n    Context Parse error expected: <<1|1>>\n+++\n\n    Context Parse error expected: <<$a=>>\n+++\n\n  Describing commands parsing\n\n    Context Parse error expected: <<gcm -a:>>\n+++\n\n    Context Parse error expected: <<gcm -a: 1,>>\n+++\n\n    Context Parse error expected: <<gcm ,>>\n+++\n\n  Describing tokens parsing\n\n    Context Parse error expected: <<   )>>\n+++\n\n    Context Parse error expected: <<   }>>\n+++\n\n  Describing expressions parsing\n\n    Context Parse error expected: <<1+>>\n+++\n\n    Context Parse error expected: <<[a()][b]>>\n+++\n\n    Context Parse error expected: <<[a()][b]2>>\n+++\n\n    Context Parse error expected: <<[ref][ref]$x>>\n+++\n\n    Context Parse error expected: <<[int][ref]$x>>\n+++\n\n    Context Parse error expected: <<[int][ref]$x = 42>>\n+++\n\n  Describing Hash Expression parsing\n\n    Context Parse error expected: <<@{ a=1;b=2;c=3;>>\n+++\n\n  Describing Unicode escape sequence parsing\n\n    Context Parse error expected: <<\"`u{}\">>\n+++\n\n    Context Parse error expected: <<\"`u{219z}\">>\n+++\n\n    Context Parse error expected: <<\"`u{12345z}\">>\n+++\n\n    Context Parse error expected: <<\"`u{1234567}\">>\n+++\n\n    Context Parse error expected: <<\"`u{110000}\">>\n+++\n\n    Context Parse error expected: <<\"`u2195}\">>\n+++\n\n    Context Parse error expected: <<\"`u{>>\n+++++\n\n    Context Parse error expected: <<\"`u{1>>\n+++++\n\n    Context Parse error expected: <<\"`u{123456>>\n+++++\n\n    Context Parse error expected: <<\"`u{1234567>>\n+++++\n\n\n  Describing Redirection operator now supports encoding changes\n+\n\n  Describing File redirection mixed with Out-Null\n+\n\n  Describing File redirection should have 'DoComplete' called on the underlying pipeline processor\n++\n\n\n  Describing Type accelerators\n\n    Context BuiltIn Accelerators\n+++++++++++++++++++++++++++++++++++++++++++++++++++++++++++++++++++++++++++++++++++++++++++++++!\n\n    Context User Defined Accelerators\n++\n\n\n  Describing Using assembly\n++++?+?\n\n\n  Describing Using Namespace\n++?+++\n\n    Context Parse error expected: <<1; using namespace System>>\n+++\n\n    Context Parse error expected: <<using namespace Foo = System>>\n+++\n\n\n  Describing Breakpoints set on custom FileSystem provider files should work\n+\n\n  Describing Tests line breakpoints on dot-sourced files\n+\n\n  Describing Function calls clear debugger cache too early\n++\n\n  Describing Line breakpoints on commands in multi-line pipelines\n+++\n\n    Context COM TESTS\n!!!\n\n  Describing Unit tests for various script breakpoints\n+++++++++++++++++++++++++++++++++++++++++++++++++++++++++++\n\n  Describing Unit tests for line breakpoints on dot-sourced files\nIn Function1\nIn Get-TestCmdlet (begin)\nIn Get-TestCmdlet (process)\nIn Get-TestCmdlet (end)\n+++\n\n  Describing Unit tests for line breakpoints on modules\n++++\n\n  Describing Sometimes line breakpoints are ignored\n++\n\n\n  Describing Breakpoints when set should be hit\n\n    Context Basic tests\n+\n\n    Context Break point on switch condition should be hit only when enumerating it\n+\n\n    Context Break point on for-statement initializer should be hit\n+++++\n\n    Context Break point on while loop condition should be hit\n++\n\n    Context Break point on do-while loop condition should be hit\n++\n\n    Context Break point on do-until loop condition should be hit\n++\n\n    Context Break point on if condition should be hit\n++++\n\n\n  Describing Tests Debugger GetCallStack() on runspaces when attached to a WinRM host process\n!\n\n\n  Describing Native Command Arguments\n++++++++++++\n\n\n  Describing Native pipeline should have proper encoding\n+\n\n\n  Describing NativeLinuxCommands\n++++++\n\n  Describing Scripts with extensions\n++\n\n\n  Describing Native streams behavior with PowerShell\n\n    Context Error stream\n+++++\n\n  Describing piping powershell objects to finished native executable\n+\n\n\n  Describing Native UNIX globbing tests\n+++++++++++++++++++!!!!+++++\n\n\n  Describing Tests for (error, warning, etc) action preference\n\n    Context Setting ErrorActionPreference to stop prevents user from getting the error exception\n+++++++++!+++?\nVERBOSE: Performing the operation \"Create File\" on target \"Destination: /tmp/fd43f71b-7e2c-47ad-8430-a09010af40b9/test.txt\".\nVERBOSE: Performing the operation \"Create File\" on target \"Destination: /tmp/fd43f71b-7e2c-47ad-8430-a09010af40b9/test.txt\".\n++\n\n\n  Describing ArrayExpression Tests\n++++++++++++\n\n  Describing ArrayLiteral Tests\n+++\n\n\n  Describing Test restricted language check method on scriptblocks\n++++++++++++\n\n\n  Describing Cmdlet declaration statement\n++++++++++++\n\n\n  Describing Common parameters support for script cmdlets\n\n    Context Debug\n++\n\n    Context verbose\n++\n\n    Context erroraction\n++++\n\n    Context SupportShouldprocess\n+++\n\n    Context confirmimpact support: none\n++\n\n    Context confirmimpact support: low under the non-interactive host\n++\n\n    Context confirmimpact support: Medium under the non-interactive host\n++\n\n    Context confirmimpact support: High under the non-interactive host\n++\n\n    Context ShouldContinue Support under the non-interactive host\n+\n\n\n  Describing Test constrained language mode\n+\n\n\n  Describing Test for conversion b/w script block and delegate\n+\n\n    Context System.Action`1\n+\n\n    Context System.Action`2\n+\n\n    Context System.Action`3\n+\n\n    Context System.Action`4\n+\n\n    Context System.Action`5\n+\n\n    Context System.Action`6\n+\n\n    Context System.Action`7\n+\n\n    Context System.Action`8\n++++\n\n    Context System.Func`2\n++\n\n    Context System.Func`3\n++\n\n    Context System.Func`4\n++\n\n    Context System.Func`5\n++\n\n    Context System.Func`6\n++\n\n    Context System.Func`7\n++\n\n    Context System.Func`8\n++\n\n    Context System.Func`9\n++\n\n\n  Describing DeserializedMethods\n+\n\n\n  Describing Tests conversion of deserialized types to original type using object properties.\n\n    Context Type conversion and parameter binding of deserialized Type case 1: type definition contains public fields\n++\n\n    Context Type conversion and parameter binding of deserialized Type case 2: type definition contains public properties\n++\n\n    Context Type conversion and parameter binding of deserialized Type case 1: type definition contains 2 public properties and 1 read only property\n++\n\n    Context Type conversion and parameter binding of deserialized Type case 1: type definition contains 2 public properties\n++\n\n    Context Type conversion and parameter binding of deserialized Powershell class with default constructor\n++\n\n    Context Type conversion and parameter binding of deserialized Powershell class with a defualt constructor and a constructor\n++\n\n\n  Describing Dynamic parameter support in script cmdlets.\n+++++\n\n\n  Describing Error position Tests\n++++++++++\n\n\n  Describing Parallel foreach syntax\n\n    Context Should be able to retrieve AST of parallel foreach, error in regular case\n++!\n\n    Context Supports newlines before and after\n++\n\n    Context Generates an error on invalid parameter\n++\n\n    Context Generate an error on -parallel that is not a workflow\n++\n\n\n  Describing Generics support\n++++++++!+\n\n\n  Describing Tests for hashtable to PSCustomObject conversion\n++++++++++++++++\n\n\n  Describing Testing of script internationalization\n+++++++++++++++\n\n\n  Describing Tests for indexers\n++!!+++\n\n\n  Describing Line endings\n++++++++++++++++++++++++++++++\n\n\n  Describing Testing of MyInvocation\n++\n\n    Context MyInvocation works in Script block\n++++\n\n\n  Describing Test for cmdlet to support Ordered Attribute on hash literal nodes\n+\n\n    Context Select-Xml cmdlet - Namespace parameter must take IDictionary\n+!\n\n    Context Select-Object cmdlet - Property parameter (Calculated properties) must take IDictionary\n+\n\n\n  Describing Tests OutVariable only\n+++++\n\n  Describing Test ErrorVariable only\n++++++\n\n  Describing Update both OutVariable and ErrorVariable\n++++\n\n    Context Error variable in multi-command pipeline (with native cmdlet)\n+++++\n\n\n  Describing Tests for parameter binding\n\n    Context Test of Mandatory parameters\n++++++++++++++++++++++++++\n\n    Context Default value conversion tests\n+++++++++++!+\n\n\n  Describing Requires tests\n\n    Context Parser error\n+++++++\n\n    Context Interactive requires\n+\n\n\n  Describing get-help file\n\n    Context get-help file1\n++\n\n    Context get-help file2\n++\n\n  Describing get-help other tests\n\n    Context get-help missingHelp\n++\n\n    Context get-help helpFunc2\n++\n\n    Context get-help file and get-help helpFunc2\n++\n\n    Context get-help file and get-help helpFunc2\n++\n\n    Context get-help psuedo file\n+++++++++\n\n    Context get-help helpFunc5\n++\n\n    Context get-help helpFunc6 script help xml\n++\n\n    Context get-help helpFunc6 script help xml\n++\n\n    Context get-help helpFunc7\n++++\n\n    Context get-help helpFunc8\n++\n\n    Context get-help helpFunc9\n+++\n\n    Context get-help helpFunc11\n++++++\n\n    Context get-help helpFunc12\n++++++++++++++\n\n    Context get-help helpFunc12\n+++\n\n    Context get-help -Examples prompt string should have trailing space\n+\n\n\n  Describing Scripting.Followup.Tests\n+++\n\n\n  Describing Test trap\n\n    Context Trap with flow control\n++++\n\n\n  Describing Test try/catch\n+\n\n    Context Basic exception handling\n+++\n\n    Context Mix traps with try/catch\n++\n\n    Context Catch by type\n+++++\n\n    Context Control flow in try [exit not tested and throw tested elsewhere]\n++?++\n\n    Context Control flow in catch [exit not tested and throw tested elsewhere]\n++++++??\n\n    Context Control flow in finally, normal execution\n++\n\n    Context Control flow in finally, abnormal execution\n++\n\n    Context Exception object\n++\n\n    Context Rethrow\n++\n\n    Context Additional try/catch tests by exception types\n+++++\n\n\n  Describing CimInstance cmdlet tests\n????\n\n\n  Describing New-CimSession\n???\n\n\n  Describing Get-CimClass\n????\n\n\n  Describing Get-Module with CompatiblePSEditions-checked paths\n\n    Context Loading from checked paths on the module path with no flags\n!!\n\n    Context Loading from checked paths by absolute path with no flags\n!!\n\n    Context Loading from checked paths on the module path with -SkipEditionCheck\n!\n\n    Context Loading from checked paths by absolute path with -SkipEditionCheck\n!\n\n  Describing Import-Module from CompatiblePSEditions-checked paths\n\n    Context Imports from module path\n!!!!!!!!\n\n    Context Imports from absolute path\n!!!!!!!!\n\n\n  Describing Get-Module\n++++++\n\n\n  Describing History cmdlet test cases\n\n    Context Simple History Tests\n+++++++\n\n\n  Describing Import-Module\n++++++\n\n  Describing Import-Module with ScriptsToProcess\n++++\n\n  Describing Import-Module for Binary Modules\n++\n\n  Describing Import-Module should be case insensitive\n+++\n\n  Describing Circular nested module test\n+\n\n\n  Describing Job Cmdlet Tests\n\n    Context Simple Jobs\n+++++\n\n    Context Jobs with arguments\n+\n\n    Context jobs which take time\n+++++\n\n    Context Retrieving partial output from jobs\n++\n\n  Describing Ampersand background test\n\n    Context Simple background job\n+\n\n    Context Variable tests\n+++++++\n\n    Context Backgrounding expressions\n++\n\n\n  Describing Out-Default Tests\n++++\n\n\n  Describing Out-Host Tests\n+\n\n\n  Describing Tests Get-Command with relative paths and wildcards\n!++++++++++\n\n\n  Describing Validate Register-PSSessionConfiguration\n!\n\n  Describing Validate Get-PSSessionConfiguration, Enable-PSSessionConfiguration, Disable-PSSessionConfiguration, Unregister-PSSessionConfiguration cmdlets\n\n    Context Validate Get-PSSessionConfiguration cmdlet\n!!!!\n\n    Context Validate Enable-PSSessionConfiguration and Disable-PSSessionConfiguration\n!!\n\n    Context Validate Unregister-PSSessionConfiguration cmdlet\n!!!\n\n  Describing Basic tests for New-PSSessionConfigurationFile Cmdlet\n!\n\n  Describing Test suite for Test-PSSessionConfigurationFile Cmdlet\n!!!\n\n\n\n\n\n  Describing Remove-Module\n++\n\n\n  Describing Set-PSDebug\n\n    Context Tracing can be used\nDEBUG:   11+             { Set-PSDebug -Trace 1  >>>> } | Should -Not -Throw\n\nDEBUG:   15+         } until ( >>>> $true)\n\nDEBUG:   25+      >>>> [bool] $succeeded = $false\n\nDEBUG:   27+     if ( >>>> $Negate) {\n\nDEBUG:   30+          >>>> $succeeded = -not $actualExceptionWasThrown\n\nDEBUG:   31+         if ( >>>> -not $succeeded) {\n\nDEBUG:   38+             return  >>>> New-Object psobject -Property @{\n\nDEBUG:  120+  >>>> }\n\nDEBUG:  205+     if ( >>>> -not $testResult.Succeeded) {\n\nDEBUG:  209+          >>>> $data = $testResult.psObject.Properties.Item('Data')\n\nDEBUG:  210+         if ( >>>> $data) {\n\nDEBUG:  214+  >>>> }\n\nDEBUG:  165+                 foreach ( >>>> $object in $inputArray)\n\nDEBUG:  171+      >>>> }\n\nDEBUG:   12+              >>>> { Set-PSDebug -Trace 2 } | Should -Not -Throw\n\nDEBUG:   93+      >>>> {\n\nDEBUG:   94+          >>>> Get-AssertionDynamicParams\n\nDEBUG:  370+  >>>> {\n\nDEBUG:  371+     return  >>>> $script:AssertionDynamicParams\n\nDEBUG:  372+  >>>> }\n\nDEBUG:   95+      >>>> }\n\nDEBUG:   98+      >>>> {\n\nDEBUG:   99+          >>>> $inputArray = New-Object System.Collections.ArrayList\n\nDEBUG:  101+         if ( >>>> $PSCmdlet.ParameterSetName -eq 'Legacy')\n\nDEBUG:  110+      >>>> }\n\nDEBUG:  113+      >>>> {\n\nDEBUG:  114+          >>>> $null = $inputArray.Add($ActualValue)\n\nDEBUG:  115+      >>>> }\n\nDEBUG:  118+      >>>> {\n\nDEBUG:  119+          >>>> $lineNumber = $MyInvocation.ScriptLineNumber\n\nDEBUG:  120+          >>>> $lineText   = $MyInvocation.Line.TrimEnd(\"$([System.Environment]::NewLine)\")\n\nDEBUG:  120+         $lineText   = $MyInvocation.Line.TrimEnd(\"$( >>>> [System.Environment]::NewLine)\")\n\nDEBUG:  121+          >>>> $file       = $MyInvocation.ScriptName\n\nDEBUG:  123+         if ( >>>> $PSCmdlet.ParameterSetName -eq 'Legacy')\n\nDEBUG:  143+              >>>> $negate = $false\n\nDEBUG:  144+             if ( >>>> $PSBoundParameters.ContainsKey('Not'))\n\nDEBUG:  146+                  >>>> $negate = [bool]$PSBoundParameters['Not']\n\nDEBUG:  149+              >>>> $null = $PSBoundParameters.Remove('ActualValue')\n\nDEBUG:  150+              >>>> $null = $PSBoundParameters.Remove($PSCmdlet.ParameterSetName)\n\nDEBUG:  151+              >>>> $null = $PSBoundParameters.Remove('Not')\n\nDEBUG:  153+              >>>> $entry = Get-AssertionOperatorEntry -Name $PSCmdlet.ParameterSetName\n\nDEBUG:  365+  >>>> {\n\nDEBUG:  366+     return  >>>> $script:AssertionOperators[$Name]\n\nDEBUG:  367+  >>>> }\n\nDEBUG:  155+             if ( >>>> $inputArray.Count -eq 0)\n\nDEBUG:  159+             elseif ( >>>> $entry.SupportsArrayInput)\n\nDEBUG:  165+                 foreach ($object in  >>>> $inputArray)\n\nDEBUG:  165+                 foreach ( >>>> $object in $inputArray)\n\nDEBUG:  167+                      >>>> Invoke-Assertion $entry $PSBoundParameters $object $file $lineNumber $lineText -Negate:$negate\n\nDEBUG:  193+  >>>> {\n\nDEBUG:  204+      >>>> $testResult = & $AssertionEntry.Test -ActualValue $valuetoTest -Negate:$Negate @BoundParameters\n\nDEBUG:    1+ function PesterThrow([scriptblock] $ActualValue, $ExpectedMessage, $ErrorId, [type]$ExceptionType, [switch] $Negate, [string] $Because, [switch] $PassThru)  >>>> {\n\nDEBUG:    2+      >>>> $actualExceptionMessage = \"\"\n\nDEBUG:    3+      >>>> $actualExceptionWasThrown = $false\n\nDEBUG:    4+      >>>> $actualError = $null\n\nDEBUG:    5+      >>>> $actualException = $null\n\nDEBUG:    6+      >>>> $actualExceptionLine = $null\n\nDEBUG:    8+     if ( >>>> $null -eq $ActualValue) {\n\nDEBUG:   14+              >>>> $null = & $ActualValue\n\nDEBUG:   12+              >>>> { Set-PSDebug -Trace 2 } | Should -Not -Throw\n\nDEBUG:   12+             {  >>>> Set-PSDebug -Trace 2 } | Should -Not -Throw\n\nDEBUG:   12+             { Set-PSDebug -Trace 2  >>>> } | Should -Not -Throw\n\nDEBUG:   15+         } until ( >>>> $true)\n\nDEBUG:   25+      >>>> [bool] $succeeded = $false\n\nDEBUG:     ! SET $succeeded = 'False'.\nDEBUG:   27+     if ( >>>> $Negate) {\n\nDEBUG:   30+          >>>> $succeeded = -not $actualExceptionWasThrown\n\nDEBUG:     ! SET $succeeded = 'True'.\nDEBUG:   31+         if ( >>>> -not $succeeded) {\n\nDEBUG:   38+             return  >>>> New-Object psobject -Property @{\n\nDEBUG:  120+  >>>> }\n\nDEBUG:     ! SET $testResult = '@{Succeeded=True}'.\nDEBUG:  205+     if ( >>>> -not $testResult.Succeeded) {\n\nDEBUG:  209+          >>>> $data = $testResult.psObject.Properties.Item('Data')\n\nDEBUG:     ! SET $data = ''.\nDEBUG:  210+         if ( >>>> $data) {\n\nDEBUG:  214+  >>>> }\n\nDEBUG:  165+                 foreach ( >>>> $object in $inputArray)\n\nDEBUG:     ! SET $foreach = ''.\nDEBUG:  171+      >>>> }\n\nDEBUG:   13+          >>>> }\n\nDEBUG:  274+                 } until ( >>>> $true)\n\nDEBUG:  285+                     if ( >>>> -not ($Skip -or $Pending))\n\nDEBUG:  287+                          >>>> Invoke-TestCaseTeardownBlocks\n\nDEBUG:  119+  >>>> {\n\nDEBUG:     ! CALL function 'Invoke-TestCaseTeardownBlocks'  (defined in file '/home/travis/build/PowerShell/PowerShell/src/powershell-unix/bin/Release/netcoreapp2.1/linux-x64/publish/Modules/Pester/4.2.0/Functions/SetupTeardown.ps1')\nDEBUG:  120+      >>>> Invoke-Blocks -ScriptBlock $pester.GetTestCaseTeardownBlocks()\n\nDEBUG:  288+          >>>> {\n\nDEBUG:     ! CALL function 'GetTestCaseTeardownBlocks'  (defined in file '/home/travis/build/PowerShell/PowerShell/src/powershell-unix/bin/Release/netcoreapp2.1/linux-x64/publish/Modules/Pester/4.2.0/Functions/PesterState.ps1')\nDEBUG:  289+              >>>> $groups = @($this.TestGroups)\n\nDEBUG:     ! SET $groups = '   '.\nDEBUG:  290+              >>>> [Array]::Reverse($groups)\n\nDEBUG:  292+              >>>> $blocks = @(\n\nDEBUG:  293+                 foreach ($group in  >>>> $groups)\n\nDEBUG:     ! SET $foreach = 'IEnumerator'.\nDEBUG:  293+                 foreach ( >>>> $group in $groups)\n\nDEBUG:     ! SET $group = '@{InconclusiveCount=0; BeforeEach=System.Collections.Ge...'.\nDEBUG:  295+                      >>>> $group.AfterEach\n\nDEBUG:  293+                 foreach ( >>>> $group in $groups)\n\nDEBUG:     ! SET $group = '@{InconclusiveCount=0; BeforeEach=System.Collections.Ge...'.\nDEBUG:  295+                      >>>> $group.AfterEach\n\nDEBUG:  293+                 foreach ( >>>> $group in $groups)\n\nDEBUG:     ! SET $group = '@{InconclusiveCount=0; BeforeEach=System.Collections.Ge...'.\nDEBUG:  295+                      >>>> $group.AfterEach\n\nDEBUG:  293+                 foreach ( >>>> $group in $groups)\n\nDEBUG:     ! SET $group = '@{InconclusiveCount=0; BeforeEach=System.Collections.Ge...'.\nDEBUG:  295+                      >>>> $group.AfterEach\n\nDEBUG:  293+                 foreach ( >>>> $group in $groups)\n\nDEBUG:     ! SET $foreach = ''.\nDEBUG:     ! SET $blocks = '\n            Set-PSDebug -Off\n        '.\nDEBUG:  299+             return  >>>> $blocks\n\nDEBUG:  300+          >>>> }\n\nDEBUG:  134+  >>>> {\n\nDEBUG:     ! CALL function 'Invoke-Blocks'  (defined in file '/home/travis/build/PowerShell/PowerShell/src/powershell-unix/bin/Release/netcoreapp2.1/linux-x64/publish/Modules/Pester/4.2.0/Functions/SetupTeardown.ps1')\nDEBUG:  137+     foreach ($block in  >>>> $ScriptBlock)\n\nDEBUG:     ! SET $foreach = 'IEnumerator'.\nDEBUG:  137+     foreach ( >>>> $block in $ScriptBlock)\n\nDEBUG:     ! SET $block = '\n            Set-PSDebug -Off\n        '.\nDEBUG:  139+         if ( >>>> $null -eq $block) { continue }\n\nDEBUG:  140+          >>>> $null = . $block\n\nDEBUG:    5+         AfterEach  >>>> {\n\nDEBUG:     ! CALL function '<ScriptBlock>'  (defined in file '/home/travis/build/PowerShell/PowerShell/test/powershell/Modules/Microsoft.PowerShell.Core/Set-PSDebug.Tests.ps1')\nDEBUG:    6+              >>>> Set-PSDebug -Off\n\n++\n\n\n  Describing Get-Command Tests\n+++++++++++?+?\n\n\n  Describing Where-Object\n++++++++++++++++++++++\n\n\n\n\n  Describing Get-WinEvent\n\n    Context Get-WinEvent ListProvider parameter\n!!\n\n    Context Get-WinEvent can retrieve events\n!!!!!!\n\n    Context Get-WinEvent UserData Queries\n!!!!!\n\n    Context Get-WinEvent Queries with SuppressHashFilter\n!!!\n\n\n\n  Describing New-WinEvent\n\n    Context New-WinEvent tests\n!!!!!!\n\n\n  Describing Start-Transcript, Stop-Transcript tests\n+++++++++++\n539a77b8-defb-41a6-befe-2766b252a935\n+++\n\nConfirm\nContinue with this operation?\n[Y] Yes  [A] Yes to All  [H] Halt Command  [S] Suspend  [?] Help \n(default is \"Y\"):    [+] Transcription should record Write-Information output in correct order when InformationAction is set to Inquire 154ms\ne89a3f17-a8fd-49b7-b75d-7321e1c8a91d\n+\n577ccb9f-ea20-4bd3-b63b-7f95324bc3b9\n++\neda9d098-c0b7-4631-b102-bb009e4da3ba\n\nConfirm\nContinue with this operation?\n[Y] Yes  [A] Yes to All  [H] Halt Command  [S] Suspend  [?] Help \n(default is \"Y\"):    [+] Transcription should record Write-Host output in correct order when InformationAction is set to Inquire 135ms\n\n\n\n\n\n  Describing Add-Content cmdlet tests\n\n    Context Add-Content should actually add content\n++??+++!?\n\n\n  Describing Basic Alias Provider Tests\n++++++\n\n\n  Describing Clear-Content cmdlet tests\n\n    Context Clear-Content should actually clear content\n++!+!!+\n\n    Context Proper errors should be delivered when bad locations are specified\n++++++\n\n\n  Describing Clear-EventLog cmdlet tests\n???\n\n\n  Describing Clear-Item tests\n+\n\n\n\n  Describing Convert-Path tests\n+++++++++\n\nPS Remoting is not available, skipping tests...\n\n\n  Describing Basic FileSystem Provider Tests\n\n    Context Validate basic FileSystem Cmdlets\n+++++++++++++++++!!!+++++++++\n\n    Context Validate behavior when access is denied\n!!!!\n\n    Context Validate basic host navigation functionality\n++\n\n    Context Validate Basic Path Cmdlets\n+++++\n\n  Describing Handling of globbing patterns\n\n    Context Handling of Unix [ab] globbing patterns in literal paths\n++++\n\n    Context Handle asterisks in name\n++\n\n  Describing Hard link and symbolic link tests\n\n    Context New-Item and hard/symbolic links\n+++++!!\n\n    Context Get-ChildItem and symbolic links\n+++\n\n    Context Remove-Item and hard/symbolic links\n+++!!!+\n\n  Describing Copy-Item can avoid copying an item onto itself\n\n    Context Copy-Item using different case (on case-sensitive file systems)\n+\n\n    Context Copy-Item avoids copying an item onto itself\n++++++!!\n\n  Describing Handling long paths\n++++\n\n  Describing UNC paths\n!!\n\n  Describing Remove-Item UnAuthorized Access\n!\n\n\n  Describing Basic Function Provider Tests\n\n    Context Validate Set-Item Cmdlet\n++++++\n\n    Context Validate Get-Item Cmdlet\n++\n\n    Context Validate Remove-Item Cmdlet\n++\n\n    Context Validate Rename-Item Cmdlet\n+++++\n\n\n  Describing Get-ChildItem\n\n    Context FileSystem provider\n+++++++!+++++++++++++?\n\n    Context Env: Provider\n+\n\n\n  Describing Tests for Get-ComputerInfo: Ensure Type returned\n!\n\n\n  Describing Get-Content\n++++++++++!+++++++++++++++++++!!++++++++++++\n\n    Context Check Get-Content containing multi-byte chars\n++++++++\n\n  Describing Get-Content -Raw test\n++++\n\n\n  Describing Get-EventLog cmdlet tests\n??????\n\n\n  Describing Get-Item\n++++++\n\n    Context Test for Include, Exclude, and Filter\n++++\n\n    Context Error Condition Checking\n++\n\n    Context Alternate Stream Tests\n!\n\n    Context Registry Provider\n!\nWARNING: Context 'Environment provider': Tags are only effective on the outermost test group, for now.\n\n    Context Environment provider\n++\n\n\n  Describing Get-ItemProperty\n+++++++\n\n\n  Describing Get-Location\n++\n\n\n  Describing Get-Process for admin\n++++!\n\n  Describing Get-Process\n++++++++!!!\n\n  Describing Process Parent property\n++\n\n\n  Describing Get-PSDrive\n+++++++++\n\n\n  Describing Get-PSProvider\n++++\n\n\n  Describing Get-Service cmdlet tests\n\n    Context Check null or empty value to the -Name parameter\n!!\n\n    Context Check null or empty value to the -Name parameter via pipeline\n!!!!!!!!!!!!!!!!\n\n\n  Describing Hierarchical paths\n++++++++\n\n\n  Describing Simple ItemProperty Tests\n++\n\n    Context Registry targeted cmdlets\n????\n\n\n  Describing Join-Path cmdlet tests\n++++++++\n\n\n  Describing Move-Item tests\n++\n\n    Context Move-Item with filters\n++++++\n\n\n  Describing New-EventLog cmdlet tests\n!!!!!\n\n\n  Describing New-Item\n+++++++++\nWhat if: Performing the operation \"Create File\" on target \"Destination: /tmp/e5dbfee8-cf2e-4a0b-90ae-25a3b77ef15c/testfile.txt\".\n+\nWhat if: Performing the operation \"Create File\" on target \"Destination: /tmp/e5dbfee8-cf2e-4a0b-90ae-25a3b77ef15c/testfile.txt\".\n++++++\n\n  Describing New-Item with links\n++++\n\n  Describing New-Item with links fails for non elevated user.\n+\n\n\n\n  Describing Pop-Location\n+++\n\n\n  Describing Basic Alias Provider Tests\n\n    Context Validate basic PSDrive Cmdlets\n++++\n\n\n  Describing Test-Push-Location\n+++++++++\n\n\n  Describing Basic Registry Provider Tests\n\n    Context Validate basic registry provider Cmdlets\n!!!!!!!!!\n\n    Context Valdiate basic registry property Cmdlets\n!!!!!!!!!!!!\n\n\n  Describing New-EventLog cmdlet tests\n??\n\n\n  Describing Remove-Item\n\n    Context File removal Tests\n+++++++++\n\n    Context Directory Removal Tests\n++\n\n\n\n  Describing Rename-Item tests\n+\n\n\n  Describing Resolve-Path returns proper path\n+++++++\n\n\n\n  Describing Set-Content cmdlet tests\n+\n\n    Context Set-Content should create a file if it does not exist\n+\n\n    Context Set-Content/Get-Content should set/get the content of an exisiting file\n+++++++!+\n\n  Describing Set-Content should work for PSDrive with UNC path as root\n?\n\n\n  Describing Set-Item\n++++\n\n\n  Describing Set-Location\n+++++?!\n\n    Context Set-Location with no arguments\n+++\n\n    Context Set-Location with last location history\n+++\n\n    Context Test the LocationChangedAction event handler\n++\n\n\n\n  Describing Split-Path\n++++++++++\n\n\n\n\n  Describing Test-Connection\n\n    Context Ping\n++++++?+++++?++++\n\n    Context MTUSizeDetect\n++\n\n    Context TraceRoute\n++\n\n    Context Connection\n++\n\n\n  Describing Test-Path\n+++++++++++++++++++++++\n\n\n  Describing Get-Timezone test cases\n+++++++++++++\n\n  Describing Set-Timezone test case: call by single Id\n!\n\n\n  Describing Unimplemented Management Cmdlet Tests\n+++++++++++++\n\n\n  Describing Validate basic Variable provider cmdlets\n++++++\n\n\n  Describing Acl cmdlets are available and operate properly\n??\n\n\n\n  Describing Certificate Provider tests\n\n    Context Get-Item tests\n!!!!!!!!!!!\n\n    Context Get-ChildItem tests\n!!\n\n\n  Describing CmsMessage cmdlets and Get-PfxCertificate basic tests\n+++++!!!\n\n\n  Describing Local script debugger is disabled in system lock down mode\n!!!!!\n\n\n\n\n  Describing Importing PowerShell script files are not allowed in ConstrainedLanguage\n!!\n\n\n  Describing ExecutionPolicy\n\n    Context Check Get-ExecutionPolicy behavior\n+!\n\n    Context Check Set-ExecutionPolicy behavior\n+!\n\n  Describing Validate ExecutionPolicy cmdlets in PowerShell\n\n    Context Prereq: Validate that 'Microsoft.PowerShell.Archive' is signed\n!!\n\n    Context Validate that 'Restricted' execution policy works on OneCore powershell\n!!!!!!!!!!!!!!!!!!\n\n    Context Validate that 'Unrestricted' execution policy works on OneCore powershell\n!!!!!!!!!!!!!!!\n\n    Context Validate that 'ByPass' execution policy works on OneCore powershell\n!!!!!!!!!!!!!!!!!!\n\n    Context 'RemoteSigned' execution policy works on OneCore powershell\n!!!!!!!!!!!!!!!!\n\n    Context Validate that 'AllSigned' execution policy works on OneCore powershell\n!!!??????!!!!!!!!!!!!!\n\n  Describing Validate Set-ExecutionPolicy -Scope\n!!!!\n\n  Describing Validate Set-ExecutionPolicy -Scope (Admin)\n!!\n\n\n  Describing Test suite for NewFileCatalogAndTestFileCatalogCmdlets\n\n    Context NewAndTestCatalogTests PositiveTestCases when validation Succeeds\n!!!!!????\n\n    Context NewAndTestCatalogTests NegativeTestCases when creation or validation Fails\n!!!\n\n    Context TestCatalog Skip Validation Tests\n!!!!\n\n\n  Describing Get-Credential Test\n++++++++++\n\n\n  Describing SecureString conversion tests\n????\n\n\n  Describing Add-Member DRT Unit Tests\n+++++++++++++++++++++++\n\n  Describing Add-Member\n++\n\n\n  Describing Add-Type\n++++++++++++++++\n\n\n  Describing Alias tests\n\n    Context Export-Alias literal path\n++++++\n\n    Context Export-All inside a literal path\n++\n\n    Context Import-Alias literal path\n++++\n\n\n  Describing Clear-Variable DRT Unit Tests\n+++++\n\n  Describing Clear-Variable\n++++++++\n\n    Context Scope Tests\n++++++++\n\n\n  Describing CliXml test\n\n    Context Export-CliXml\n+++++\n\n    Context Import-CliXML\n+++++\nWhat if: Performing the operation \"Export-Clixml\" on target \"testdrive:\\Bug161470NonExistPath.txt\".\n+\n\n\n\n  Describing Compare-Object\n++++++++++++++++\n\n  Describing Compare-Object DRT basic functionality\n++++++++\n\n\n  Describing ConvertFrom-Csv\n+++++++\n\n  Describing ConvertFrom-Csv DRT Unit Tests\n+\n\n\n  Describing ConvertFrom-Json\n++++++++\n\n\n  Describing ConvertFrom-StringData DRT Unit Tests\n+\n\n  Describing ConvertFrom-StringData\n++++++++\n\n\n  Describing ConvertTo-Csv DRT Unit Tests\n++++\n\n  Describing ConvertTo-Csv\n+++++++++\n\n\n  Describing ConvertTo-Html Tests\n++++++++++\n\n\n  Describing ConvertTo-Json\n++++\n\n\n  Describing ConvertTo--SecureString\n\n    Context Checking return types of ConvertTo--SecureString\n+\n\n\n  Describing ConvertTo-Xml DRT Unit Tests\n++++++++++\n\n\n  Describing Debug-Runspace\n++\nDebugging Runspace: MyRunspace2\nTo end the debugging session type the 'Detach' command at the debugger prompt, or type 'Ctrl+C' otherwise.\n\n+\nDebugging Runspace: MyRunspace1\nTo end the debugging session type the 'Detach' command at the debugger prompt, or type 'Ctrl+C' otherwise.\n\n+\n\n\n  Describing Enable and Disable PSBreakpoints\n++\n\n\n  Describing Environment-Variables\n+++++\n\n\n  Describing Event Subscriber Tests\n?+\n\n\n  Describing Export-Alias DRT Unit Tests\n+++++++++++\n\n  Describing Export-Alias\n++\n\n\n  Describing Export-Csv\n++++++++++++++\nWhat if: Performing the operation \"Export-Csv\" on target \"/tmp/cd8df4dc-244e-4f22-8c06-a372b0a0090c/output.csv\".\n+++++++++++\n\n\n  Describing Export-FormatData\n+++++++\n\n\n  Describing Format-Custom\n\n    Context Check Format-Custom aliases\n+\n\n    Context Check specific flags on Format-Custom\n++\n\n  Describing Format-Custom DRT basic functionality\n+++++\n\n\n  Describing Format-List\n+++++++++\n\n  Describing Format-List DRT basic functionality\n++++++++++\n\n\n  Describing Format-Table\n++++++?+++??++++++++++++++++++++++++++++++++++++++++\n\n\n  Describing Format-Wide\n++++++\n\n  Describing Format-Wide DRT basic functionality\n++++++++\n\n\n  Describing FormatHex\n\n    Context InputObject Paramater\n+++++++++\n\n    Context InputObject From Pipeline\n+++++++++\n\n    Context Path and LiteralPath Parameters\n+++++\n\n    Context Encoding Parameter\n++++++\n\n    Context Validate Error Scenarios\n!!\n\n    Context Continues to Process Valid Paths\n!!!\n\n    Context Cmdlet Functionality\n++++\n\n\n  Describing Get-Alias DRT Unit Tests\n++++++++++++\n\n  Describing Get-Alias\n++\n\n  Describing Get-Alias null tests\n\n    Context Check null or empty value to the -Name parameter\n++\n\n    Context Check null or empty value to the -Name parameter via pipeline\n++\n\n\n  Describing Get-Culture DRT Unit Tests\n+\n\n  Describing Get-Culture\n++\n\n\n  Describing Get-Date DRT Unit Tests\n+++++++++++++++++++++++++++++++\n\n  Describing Get-Date\n+++++++\n\n  Describing Get-Date -UFormat tests\n++++++++++++++++++++++++++++++++++++\n\n\n  Describing Get-Event\n\n    Context Check return type of Get-Event\n+\n\n    Context Validate Get-Event can retrieve event\n+++\n\n\n  Describing Get-EventSubscriber\n\n    Context Check return type of Get-EventSubscriber\n+\n\n    Context Check Get-EventSubscriber can validly register events\n++\n\n\n  Describing Get-FileHash\n\n    Context Validate platform encoding\n+\n\n    Context Default result tests\n+\n\n    Context Algorithm tests\n++++++\n\n    Context Paths tests\n++++\n\n\n  Describing Get-FormatData\n\n    Context Check return type of Get-FormatData\n+\n\n\n  Describing Get-Host DRT Unit Tests\n+\n\n\n  Describing Get-Member\n+++\n\n  Describing Get-Member DRT Unit Tests\n\n    Context Verify Get-Member with Class\n++++\n\n    Context Verify Get-Member with Static Parameter\n+++\n\n    Context Verify Get-Member with other parameters\n+++\n\n\n  Describing Get-PSBreakpoint\n++\n\n\n  Describing Get-PSCallStack DRT Unit Tests\n++\n\n\n  Describing Get-Random DRT Unit Tests\n++++++++++++++++++++++++++++++++++++++++++++++++++++\n\n  Describing Get-Random\n++++++++++++++\n\n\n  Describing Get-RunspaceDebug\n\n    Context Check return types of RunspaceDebug\n+\n\n\n\n  Describing Get-UICulture\n+\n\n\n  Describing Get-Unique DRT Unit Tests\n+\n\n  Describing Get-Unique\n+++++++\n\n\n  Describing Get-Uptime\n+++\n\n\n  Describing Get-Variable DRT Unit Tests\n+++++\n\n  Describing Get-Variable\n+++++++++\n\n    Context Scope Tests\n+++++++\n\n\n  Describing Get-Verb\n+++++++++++\n\n\n  Describing Group-Object DRT Unit Tests\n+\n\n  Describing Group-Object\n+++++++++++++++++\n\n  Describing Check 'Culture' parameter in order object cmdlets (Group-Object, Sort-Object, Compare-Object)\n+++\n\n\n\n  Describing Import-Alias DRT Unit Tests\n++++\n\n  Describing Import-Alias\n++++\n\n\n  Describing Import-Csv DRT Unit Tests\n++\n\n  Describing Import-Csv File Format Tests\n\n    Context Next test file: TestImportCsv_NoHeader.csv\n+++\n\n    Context Next test file: TestImportCsv_WithHeader.csv\n+++\n\n    Context Next test file: TestImportCsv_W3C_ELF.csv\n+++\n\n  Describing Import-Csv #Type Tests\n+\n\n  Describing Import-Csv with different newlines\n+++\n\n\n  Describing Import-LocalizedData\n++++\n\n\n\n  Describing Invoke-Expression\n\n    Context Should execute the invoked command validly\n++\n\n  Describing Invoke-Expression DRT Unit Tests\n+\n\n\n  Describing Invoke-Item tests on Windows\n!!\n\n\n  Describing Unit tests for JsonObject\n++++++++++++\n\n    Context Empty key name\n++\n\n    Context Keys with different casing \n++\n\n\n  Describing ConvertFrom-Markdown tests\n\n    Context Basic tests\n++++++++++++++++++++++++++++++++++++++++++++++++++++\n\n    Context ConvertFrom-Markdown error cases\n++++\n\n    Context ConvertFrom-Markdown empty or null content tests\n+++++++++\n\n    Context Get/Set-MarkdownOption tests\n+++++\n\n    Context Show-Markdown tests\n++++++++\n\n\n  Describing Measure-Command\n\n    Context Validate return types for Measure-Command\n+\n\n    Context Validate that it is executing commands correctly\n++\n\n\n  Describing Measure-Object\n++++++++++\n\n    Context Numeric tests\n+++++++\n\n    Context String tests\n+++\n\n  Describing Measure-Object DRT basic functionality\n++++++++++++++++\n\n  Describing Directly test the PSPropertyExpression type\n+++++++++\n\n  Describing Directly test the PSPropertyExpression type\n+++++++++\n\n  Describing Directly test the PSPropertyExpression type\n+++\n\n\n\n  Describing New-Alias DRT Unit Tests\n++++\n\n  Describing New-Alias\n++++\n\n\n  Describing New-Event\n\n    Context Check return type of New-Event\n+\n\n    Context Check New-Event can register an event\n++\n\n\n  Describing New-Object\n++++\n\n  Describing New-Object DRT basic functionality\n+++++++++?++\n\n  Describing New-Object COM functionality\n!!!\n\n\n  Describing New-TimeSpan DRT Unit Tests\n+\n\n  Describing New-TimeSpan\n+\n\n    Context Core Functionality Tests\n++\n\n\n  Describing New-Variable DRT Unit Tests\n++++\n\n  Describing New-Variable\n++++++++++\n\n    Context Option tests\n+++++++++++++\n\n    Context Scope Tests\n+++\n\n\n  Describing New-Guid\n+++\n\n\n  Describing New-TemporaryFile\n+\nWhat if: Performing the operation \"New-TemporaryFile\" on target \"/tmp/\".\n++\n\n\n  Describing Object cmdlets\n\n    Context Group-Object\n++\n\n    Context Tee-Object\n+\n\n  Describing Object cmdlets\n\n    Context Measure-Object\n+++++++++++++++++++++++++++++\n\n\n  Describing Out-File DRT Unit Tests\n++\n\n  Describing Out-File\n+++++++++\n\n\n  Describing Out-String DRT Unit Tests\n+\n\n  Describing Out-String\n+++++++\n\n\n  Describing Validate Json serialization\n\n    Context Validate Json serialization ascii values\n++++++++++++++++++++++++++++++++++++++++++++++++++++++++++++++++++++++++++++++++++++++++++++++++++++++++++++++++++++++++++++++++\n\n    Context Validate Json serialization for types\n++++++?+++++++++++++++++++++++++\n\n    Context Validate Json Serialization for 'Get-CimClass' and 'Get-Command'\n!+++\n\n    Context Validate Json output is either Pretty or Compressed\n+++\n\n\n  Describing Tests for the Import-PowerShellDataFile cmdlet\n+++++\n\n\n  Describing Read-Host Test\n+++\n\n\n  Describing Register-EngineEvent\n\n    Context Check return type of Register-EngineEvent\n+\n\n\n  Describing Register-ObjectEvent\n\n    Context Check return type of Register-ObjectEvent\n+\n\n    Context Check Register-ObjectEvent can validly register events\n++\n\n\n  Describing Remove-Alias\n+++++++\n\n\n  Describing Remove-Event\n\n    Context Check Remove-Event can validly remove events\n++++\n\n\n  Describing Remove-PSBreakpoint\n\n    Context Basic Removal Methods Tests\n+++++\n\n\n  Describing Remove-TypeData DRT Unit Tests\n+++\n\n\n  Describing Remove-Variable\n+++++++++\n\n    Context Scope Tests\n++++++++\n\n  Describing Remove-Variable basic functionality\n+++++\n\n\n  Describing Get-Runspace cmdlet tests\n++++\n\n    Context Multiple Runspaces\n+\n\n\n  Describing Select-Object\n+++++++++++++\n\n  Describing Select-Object DRT basic functionality\n++++++++++++++++++++\n\n  Describing Select-Object with Property = '*'\n+++++++\n\n\n  Describing Select-String\n\n    Context String actions\n+++++++++++++++\n\n    Context Filesystem actions\n++++++++++++\n\n\n  Describing Select-XML DRT Unit Tests\n+\n\n\n  Describing Basic Send-MailMessage tests\n??\n\n\n  Describing Set-Alias DRT Unit Tests\n+++++++\n\n  Describing Set-Alias\n++++\n\n\n  Describing Set-Date\n+\n\n\n  Describing Set-PSBreakpoint DRT Unit Tests\n+++++++??+++++++++++\n\n  Describing Set-PSBreakpoint\n++++\n\n\n  Describing Set-Variable DRT Unit Tests\n++++++++++++\n\n  Describing Set-Variable\n+++++++++\n\n    Context Scope Tests\n+++\n\n\n  Describing Sort-Object\n++\n\n  Describing Sort-Object DRT Unit Tests\n++++++++++++++\n\n  Describing Sort-Object Top and Bottom Unit Tests\n\n    Context Integer n-sort\n++++++++\n\n    Context Heterogeneous n-sort\n++++++++\n\n    Context Homogeneous n-sort\n++++++++++++++++++++++++++\n\n    Context N-sort of objects that do not define ToString\n++++\n\n    Context N-sort of objects with some null property values\n++++++++\n\n\n  Describing Start-Sleep DRT Unit Tests\n+++\n\n  Describing Start-Sleep\n\n    Context Validate Start-Sleep works properly\n+\n\n\n  Describing String cmdlets\n\n    Context Select-String\n+++++!+++\n\n\n  Describing Tee-Object\n\n    Context Validate Tee-Object is correctly forking output\n++\n\n  Describing Tee-Object DRT Unit Tests\n+++\n\n\n  Describing Test-Json\n++++++++\n\n\n  Describing Trace-Command\n\n    Context Listener options\n!!+++++\n\n    Context Trace-Command tests for code coverage\n+++++++\n\n\n  Describing TestData cmdlets\n\n    Context Get-TypeData\n++++\n\n    Context Update-TypeData\n+\n\n    Context Remove-TypeData\n++++++++++\n\n\n  Describing Unblock-File\n!!!!!\n\n\n  Describing Unimplemented Utility Cmdlet Tests\n++\n\n\n  Describing Update-FormatData\n\n    Context Validate Update-FormatData update correctly\n++\n\n  Describing Update-FormatData basic functionality\nWhat if: Performing the operation \"Update FormatData\" on target \"FileName: /tmp/22f134b9-9169-4b85-b976-830809f0c4e1/testfile.ps1xml\".\nWhat if: Performing the operation \"Update FormatData\" on target \"FileName: /tmp/22f134b9-9169-4b85-b976-830809f0c4e1/testfile.ps1xml\".\n+?\n\n  Describing Update-FormatData with resources in CustomControls\n\n    Context Validate Update-FormatData\n+++\n\n\n  Describing Update-TypeData basic functionality\n+++++++++++++++?\n\n    Context Duplicate XML files\n+\n\n\n  Describing Wait-Event\n\n    Context Validate Wait-Event is waiting for events\n+\n\n\n  Describing Web cmdlets tests using the cmdlet's aliases\n++\n\n\n  Describing Write-Debug tests\n+\n\n\n  Describing Write-Error Tests\n++++++++\n\n\n  Describing Write-Host with wrong colors\n++++\n\n  Describing Write-Host with TestHostCS\n++++++++\n\n\n  Describing Write-Output DRT Unit Tests\n++\n\n  Describing Write-Output\n\n    Context Input Tests\n+++++\n\n    Context Pipeline Command Tests\n++\n\n    Context Enumerate Objects\n++\n\n\n  Describing Write-Progress DRT Unit Tests\n+++??\n\n\n  Describing Stream writer tests\n\n    Context Redirect Stream Tests\n++++\n\n    Context Error automatic variable\n+\n\n    Context Write-Information cmdlet\n+++++++\n\n\n  Describing Write-Verbose\n++++++\n\n\n\n  Describing XmlCommand DRT basic functionality Tests\n++++++++++\n\n\n\n\n\n\n  Describing PowerShellGet Type tests\n+\n\n\n  Describing DSC MOF Compilation\nWARNING: The names of some imported commands from the module 'PSDesiredStateConfiguration' include unapproved verbs that might make them less discoverable. To find the commands with unapproved verbs, run the Import-Module command again with the Verbose parameter. For a list of approved verbs, type Get-Verb.\n/usr/bin/sort: invalid option -- 'P'\nTry '/usr/bin/sort --help' for more information.\n+\nWARNING: The names of some imported commands from the module 'PSDesiredStateConfiguration' include unapproved verbs that might make them less discoverable. To find the commands with unapproved verbs, run the Import-Module command again with the Verbose parameter. For a list of approved verbs, type Get-Verb.\n/usr/bin/sort: invalid option -- 'P'\nTry '/usr/bin/sort --help' for more information.\n+\nWARNING: The names of some imported commands from the module 'PSDesiredStateConfiguration' include unapproved verbs that might make them less discoverable. To find the commands with unapproved verbs, run the Import-Module command again with the Verbose parameter. For a list of approved verbs, type Get-Verb.\n/usr/bin/sort: invalid option -- 'P'\nTry '/usr/bin/sort --help' for more information.\n+!!\n\n\n  Describing PSReadLine\n++!++++\n\n\n  Describing Basic ThreadJob Tests\n++++A Using variable cannot be retrieved. A Using variable can be used only with Invoke-Command, Start-Job, or InlineScript in the script workflow. When it is used with Invoke-Command, the Using variable is valid only if the script block is invoked on a remote computer.\nAt line:7 char:13\n+             Write-Output $using:GVar1\n+             ~~~~~~~~~~~~~~~~~~~~~~~~~\n+ CategoryInfo          : InvalidOperation: (:) [], RuntimeException\n+ FullyQualifiedErrorId : UsingWithoutInvokeCommand\n \n\n    [-] ThreadJob with ScriptBlock and Using variables 356ms\n      Expected {1 2 3 4 5}, but got {GlobalVar}.\n      137:         $results[4] | Should -Be $Var4\n      at Invoke-Assertion, /home/travis/build/PowerShell/PowerShell/src/powershell-unix/bin/Release/netcoreapp2.1/linux-x64/publish/Modules/Pester/4.2.0/Functions/Assertions/Should.ps1: line 206\n      at <ScriptBlock>, /home/travis/build/PowerShell/PowerShell/test/powershell/Modules/ThreadJob/ThreadJob.Tests.ps1: line 137\n+++++A Using variable cannot be retrieved. A Using variable can be used only with Invoke-Command, Start-Job, or InlineScript in the script workflow. When it is used with Invoke-Command, the Using variable is valid only if the script block is invoked on a remote computer.\nAt line:3 char:9\n+         Write-Output @(,$using:Array1)\n+         ~~~~~~~~~~~~~~~~~~~~~~~~~~~~~~\n+ CategoryInfo          : InvalidOperation: (:) [], RuntimeException\n+ FullyQualifiedErrorId : UsingWithoutInvokeCommand\n \n\n    [-] ThreadJob with ScriptFile and Using variables 258ms\n      Expected {1 2 3 4 5 6 7 8 9 10}, but got {}.\n      196:         $results[2] | Should -Be $Array1\n      at Invoke-Assertion, /home/travis/build/PowerShell/PowerShell/src/powershell-unix/bin/Release/netcoreapp2.1/linux-x64/publish/Modules/Pester/4.2.0/Functions/Assertions/Should.ps1: line 206\n      at <ScriptBlock>, /home/travis/build/PowerShell/PowerShell/test/powershell/Modules/ThreadJob/ThreadJob.Tests.ps1: line 196\n+++++++++++\n\n  Describing Job2 class API tests\n+++++\n\n\n\n  Describing ProviderIntrinsics Tests\n+++\n\n\n  Describing Json.NET LINQ Parsing\n++++++\n\n\n  Describing PowerShell Command Debugging\n++?+++??\n\n  Describing Runspace Debugging API tests\n\n    Context PSStandaloneMonitorRunspaceInfo tests\n+++\n\n    Context Test Monitor RunspaceInfo API tests\n++++\nTests completed in 452.02s\nTests Passed: 5986, Failed: 2, Skipped: 631, Pending: 169, Inconclusive: 0 \nTEST FAILURES\nDescription: ThreadJob with ScriptBlock and Using variables\nName:        Basic ThreadJob Tests.ThreadJob with ScriptBlock and Using variables\nmessage:\nExpected {1 2 3 4 5}, but got {GlobalVar}.\nstack-trace:\nat <ScriptBlock>, /home/travis/build/PowerShell/PowerShell/test/powershell/Modules/ThreadJob/ThreadJob.Tests.ps1: line 137\n137:         $results[4] | Should -Be $Var4\nDescription: ThreadJob with ScriptFile and Using variables\nName:        Basic ThreadJob Tests.ThreadJob with ScriptFile and Using variables\nmessage:\nExpected {1 2 3 4 5 6 7 8 9 10}, but got {}.\nstack-trace:\nat <ScriptBlock>, /home/travis/build/PowerShell/PowerShell/test/powershell/Modules/ThreadJob/ThreadJob.Tests.ps1: line 196\n196:         $results[2] | Should -Be $Array1\n2 tests in test/powershell failed\nAt /home/travis/build/PowerShell/PowerShell/build.psm1:1339 char:13\n+             throw \"$($x.'test-results'.failures) tests in $TestArea f ...\n+             ~~~~~~~~~~~~~~~~~~~~~~~~~~~~~~~~~~~~~~~~~~~~~~~~~~~~~~~~~\n+ CategoryInfo          : OperationStopped: (2 tests in test/powershell failed:String) [], RuntimeException\n+ FullyQualifiedErrorId : 2 tests in test/powershell failed\n \ntravis_time:end:143c6578:start=1558647411667546834,finish=1558648126381194144,duration=714713647310\n\u001b[0K\u001b[31;1mThe command \"pwsh -File tools/travis.ps1\" exited with 1.\u001b[0m\n\ntravis_time:start:017c356a\n\u001b[0K$ if [[ \"$TRAVIS_OS_NAME\" == \"linux\" ]]; then mdspell '**/*.md' '!**/Pester/**/*.md' --ignore-numbers --ignore-acronyms --report --en-us; fi\n>> 64 files are free from spelling errors\ntravis_time:end:017c356a:start=1558648126387719484,finish=1558648128044092196,duration=1656372712\n\u001b[0K\u001b[32;1mThe command \"if [[ \"$TRAVIS_OS_NAME\" == \"linux\" ]]; then mdspell '**/*.md' '!**/Pester/**/*.md' --ignore-numbers --ignore-acronyms --report --en-us; fi\" exited with 0.\u001b[0m\n\ntravis_fold:start:cache.2\n\u001b[0Kstore build cache\ntravis_time:start:310a4577\n\u001b[0Ktravis_time:end:310a4577:start=1558648128052718109,finish=1558648128056261137,duration=3543028\n\u001b[0Ktravis_time:start:18e67910\n\u001b[0K\u001b[32;1mchanges detected, packing new archive\u001b[0m\n.\n.\n.\n.\n.\n.\n.\n.\n.\n.\n.\n.\n.\n.\n.\n.\n\u001b[32;1muploading ThreadJob-2.0.0/cache-linux-trusty-b63ba428cd21dd946309ed81c41c4b9000afe459974af6ba6ead38ce4f74cf7f--compiler-gpp.tgz\u001b[0m\n\u001b[32;1mcache uploaded\u001b[0m\ntravis_time:end:18e67910:start=1558648128061410040,finish=1558648222832666024,duration=94771255984\n\u001b[0Ktravis_fold:end:cache.2\n\u001b[0K\ntravis_fold:start:after_failure\n\u001b[0Ktravis_time:start:0a540020\n\u001b[0K$ pwsh -File tools/travis.ps1 -Stage Failure\nWe only send bagde or webhook update for Cron builds\ntravis_time:end:0a540020:start=1558648222839532432,finish=1558648223867974438,duration=1028442006\n\u001b[0Ktravis_fold:end:after_failure\n\u001b[0K\n\u001b[33;1mUploading Artifacts\u001b[0m\ntravis_fold:start:artifacts.setup\n\u001b[0Kartifacts version v0.7.9-3-geef78ca revision=eef78ca2da49a8783a32d4293c24b7025b52b097\n$ export ARTIFACTS_PATHS=\"$(ls powershell*{deb,pkg,AppImage,gz} | tr \\\"\\\\n\\\" \\\":\\\"):TestResultsSudo.xml:TestResultsNoSudo.xml\"\nls: cannot access powershell*deb: No such file or directory\nls: cannot access powershell*pkg: No such file or directory\nls: cannot access powershell*AppImage: No such file or directory\nls: cannot access powershell*gz: No such file or directory\ntravis_fold:end:artifacts.setup\n\u001b[0K$ artifacts upload\nINFO: uploading with settings\n  bucket: [secure]\n  cache_control: private\n  permissions: private\n\nINFO: uploading: /home/travis/build/PowerShell/PowerShell/TestResultsNoSudo.xml (size: 2.5MB)\n  download_url: https://s3.amazonaws.com/[secure]/PowerShell/PowerShell/11496/11496.1/TestResultsNoSudo.xml\n\nINFO: uploading: /home/travis/build/PowerShell/PowerShell/TestResultsNoSudo.xml (size: 2.5MB)\n  download_url: https://s3.amazonaws.com/[secure]/PowerShell/PowerShell/11496/11496.1/TestResultsNoSudo.xml\n\nINFO: uploading: /home/travis/build/PowerShell/PowerShell/TestResultsNoSudo.xml (size: 2.5MB)\n  download_url: https://s3.amazonaws.com/[secure]/PowerShell/PowerShell/11496/11496.1/TestResultsNoSudo.xml\n\n\u001b[31;1mERROR: failed to upload: /home/travis/build/PowerShell/PowerShell/TestResultsSudo.xml\n\u001b[0m  err: open /home/travis/build/PowerShell/PowerShell/TestResultsSudo.xml: no such file or directory\n\n\u001b[31;1mERROR: failed to upload: /home/travis/build/PowerShell/PowerShell/TestResultsNoSudo.xml\n\u001b[0m  err: The AWS Access Key Id you provided does not exist in our records.\n\n\u001b[33;1mDone uploading artifacts\u001b[0m\n\n\nDone. Your build exited with 1.\n"
}