{
  "log_path": "CoffeeScript/jashkenas@coffeescript/failed/460615864.log",
  "failure_chunk": "AST as expected for ComputedPropertyName node[0m \n[0;31m  AssertionError: Property [0mtype[0;31m: expected [0mK[0;31m to equal [0mObjectProperty[0;31m\n  Expected AST output to include:\n  [0m{\n  \"type\": \"ObjectProperty\",\n  \"key\": {\n    \"type\": \"Identifier\",\n    \"name\": \"a\"\n  },\n  \"value\": {\n    \"type\": \"Identifier\",\n    \"name\": \"b\"\n  },\n  \"computed\": true,\n  \"shorthand\": false,\n  \"method\": false\n}[0;31m\n  but instead it was:\n  [0m{\n  \"key\": {\n    \"name\": \"a\",\n    \"type\": \"Identifier\",\n    \"loc\": {\n      \"start\": {\n        \"line\": 1,\n        \"column\": 1\n      },\n      \"end\": {\n        \"line\": 1,\n        \"column\": 2\n      }\n    },\n    \"range\": [\n      1,\n      2\n    ],\n    \"start\": 1,\n    \"end\": 2\n  },\n  \"value\": {\n    \"name\": \"b\",\n    \"type\": \"Identifier\",\n    \"loc\": {\n      \"start\": {\n        \"line\": 1,\n        \"column\": 5\n      },\n      \"end\": {\n        \"line\": 1,\n        \"column\": 6\n      }\n    },\n    \"range\": [\n      5,\n      6\n    ],\n    \"start\": 5,\n    \"end\": 6\n  },\n  \"shorthand\": false,\n  \"computed\": true,\n  \"method\": false,\n  \"type\": \"K\",\n  \"loc\": {\n    \"start\": {\n      \"line\": 1,\n      \"column\": 0\n    },\n    \"end\": {\n      \"line\": 1,\n      \"column\": 6\n    }\n  },\n  \"range\": [\n    0,\n    6\n  ],\n  \"start\": 0,\n  \"end\": 6\n}[0;31m\n    at exports.eq (/home/travis/build/jashkenas/coffeescript/test/support/helpers.coffee:1:1)\n    at deepStrictIncludeExpectedProperties (anonymous>:1:1)\n    at deepStrictIncludeExpectedProperties (anonymous>:1:1)\n    at deepStrictIncludeExpectedProperties (anonymous>:1:1)\n    at testExpression (anonymous>:1:1)\n    at Function.eval (anonymous>:1:1)\n    at global.test (/home/travis/build/jashkenas/coffeescript/Cakefile:538:21)\n    at eval (anonymous>:1:1)\n[0m \n  function () {\n  // testExpression '[fn]: ->',\n  //   type: 'Obj'\n  //   properties: [\n  //     type: 'Assign'\n  //     context: 'object'\n  //     variable:\n  //       type: 'ComputedPropertyName'\n  //     value:\n  //       type: 'Code'\n  //   ]\n  return testExpression('[a]: b', {\n    type: 'ObjectExpression',\n    properties: [\n      {\n        type: 'ObjectProperty',\n        key: {\n          type: 'Identifier',\n          name: 'a'\n        },\n        value: {\n          type: 'Identifier',\n          name: 'b'\n        },\n        computed: true,\n        shorthand: false,\n        method: false\n      }\n    ],\n    implicit: true\n  });\n}\n\n[0;31m  AST as expected for NullLiteral node[0m \n[0;31m  AssertionError: Property [0mtype[0;31m: expected [0mq[0;31m to equal [0mNullLiteral[0;31m\n  Expected AST output to include:\n  [0m{\n  \"type\": \"NullLiteral\"\n}[0;31m\n  but instead it was:\n  [0m{\n  \"value\": \"null\",\n  \"type\": \"q\",\n  \"loc\": {\n    \"start\": {\n      \"line\": 1,\n      \"column\": 0\n    },\n    \"end\": {\n      \"line\": 1,\n      \"column\": 4\n    }\n  },\n  \"range\": [\n    0,\n    4\n  ],\n  \"start\": 0,\n  \"end\": 4\n}[0;31m\n    at exports.eq (/home/travis/build/jashkenas/coffeescript/test/support/helpers.coffee:1:1)\n    at deepStrictIncludeExpectedProperties (anonymous>:1:1)\n    at testExpression (anonymous>:1:1)\n    at Function.eval (anonymous>:1:1)\n    at global.test (/home/travis/build/jashkenas/coffeescript/Cakefile:538:21)\n    at eval (anonymous>:1:1)\n[0m \n  function () {\n  return testExpression('null', {\n    type: 'NullLiteral'\n  });\n}\n\n[0;31m  AST as expected for BooleanLiteral node[0m \n[0;31m  AssertionError: Property [0mtype[0;31m: expected [0mh[0;31m to equal [0mBooleanLiteral[0;31m\n  Expected AST output to include:\n  [0m{\n  \"type\": \"BooleanLiteral\",\n  \"value\": true,\n  \"name\": \"true\"\n}[0;31m\n  but instead it was:\n  [0m{\n  \"value\": true,\n  \"name\": \"true\",\n  \"type\": \"h\",\n  \"loc\": {\n    \"start\": {\n      \"line\": 1,\n      \"column\": 0\n    },\n    \"end\": {\n      \"line\": 1,\n      \"column\": 4\n    }\n  },\n  \"range\": [\n    0,\n    4\n  ],\n  \"start\": 0,\n  \"end\": 4\n}[0;31m\n    at exports.eq (/home/travis/build/jashkenas/coffeescript/test/support/helpers.coffee:1:1)\n    at deepStrictIncludeExpectedProperties (anonymous>:1:1)\n    at testExpression (anonymous>:1:1)\n    at Function.eval (anonymous>:1:1)\n    at global.test (/home/travis/build/jashkenas/coffeescript/Cakefile:538:21)\n    at eval (anonymous>:1:1)\n[0m \n  function () {\n  testExpression('true', {\n    type: 'BooleanLiteral',\n    value: true,\n    name: 'true'\n  });\n  testExpression('off', {\n    type: 'BooleanLiteral',\n    value: false,\n    name: 'off'\n  });\n  return testExpression('yes', {\n    type: 'BooleanLiteral',\n    value: true,\n    name: 'yes'\n  });\n}\n\n[0;31m  AST as expected for Range node[0m \n[0;31m  AssertionError: Property [0mtype[0;31m: expected [0me[0;31m to equal [0mRange[0;31m\n  Expected AST output to include:\n  [0m{\n  \"type\": \"Range\",\n  \"exclusive\": false,\n  \"from\": {\n    \"name\": \"x\"\n  },\n  \"to\": {\n    \"name\": \"y\"\n  }\n}[0;31m\n  but instead it was:\n  [0m{\n  \"from\": {\n    \"name\": \"x\",\n    \"type\": \"Identifier\",\n    \"loc\": {\n      \"start\": {\n        \"line\": 1,\n        \"column\": 1\n      },\n      \"end\": {\n        \"line\": 1,\n        \"column\": 2\n      }\n    },\n    \"range\": [\n      1,\n      2\n    ],\n    \"start\": 1,\n    \"end\": 2\n  },\n  \"to\": {\n    \"name\": \"y\",\n    \"type\": \"Identifier\",\n    \"loc\": {\n      \"start\": {\n        \"line\": 1,\n        \"column\": 4\n      },\n      \"end\": {\n        \"line\": 1,\n        \"column\": 5\n      }\n    },\n    \"range\": [\n      4,\n      5\n    ],\n    \"start\": 4,\n    \"end\": 5\n  },\n  \"exclusive\": false,\n  \"type\": \"e\",\n  \"loc\": {\n    \"start\": {\n      \"line\": 1,\n      \"column\": 0\n    },\n    \"end\": {\n      \"line\": 1,\n      \"column\": 6\n    }\n  },\n  \"range\": [\n    0,\n    6\n  ],\n  \"start\": 0,\n  \"end\": 6\n}[0;31m\n    at exports.eq (/home/travis/build/jashkenas/coffeescript/test/support/helpers.coffee:1:1)\n    at deepStrictIncludeExpectedProperties (anonymous>:1:1)\n    at testExpression (anonymous>:1:1)\n    at Function.eval (anonymous>:1:1)\n    at global.test (/home/travis/build/jashkenas/coffeescript/Cakefile:538:21)\n    at eval (anonymous>:1:1)\n[0m \n  function () {\n  testExpression('[x..y]', {\n    type: 'Range',\n    exclusive: false,\n    from: {\n      name: 'x'\n    },\n    to: {\n      name: 'y'\n    }\n  });\n  return testExpression('[4...2]', {\n    type: 'Range',\n    exclusive: true,\n    from: {\n      value: 4\n    },\n    to: {\n      value: 2\n    }\n  });\n}\n\n[0;31m  AST as expected for Slice node[0m \n[0;31m  AssertionError: Property [0mtype[0;31m: expected [0me[0;31m to equal [0mRange[0;31m\n  Expected AST output to include:\n  [0m{\n  \"type\": \"Range\",\n  \"exclusive\": false,\n  \"from\": null,\n  \"to\": {\n    \"name\": \"y\"\n  }\n}[0;31m\n  but instead it was:\n  [0m{\n  \"from\": null,\n  \"to\": {\n    \"name\": \"y\",\n    \"type\": \"Identifier\",\n    \"loc\": {\n      \"start\": {\n        \"line\": 1,\n        \"column\": 4\n      },\n      \"end\": {\n        \"line\": 1,\n        \"column\": 5\n      }\n    },\n    \"range\": [\n      4,\n      5\n    ],\n    \"start\": 4,\n    \"end\": 5\n  },\n  \"exclusive\": false,\n  \"type\": \"e\",\n  \"loc\": {\n    \"start\": {\n      \"line\": 1,\n      \"column\": 2\n    },\n    \"end\": {\n      \"line\": 1,\n      \"column\": 5\n    }\n  },\n  \"range\": [\n    2,\n    5\n  ],\n  \"start\": 2,\n  \"end\": 5\n}[0;31m\n    at exports.eq (/home/travis/build/jashkenas/coffeescript/test/support/helpers.coffee:1:1)\n    at deepStrictIncludeExpectedProperties (anonymous>:1:1)\n    at deepStrictIncludeExpectedProperties (anonymous>:1:1)\n    at testExpression (anonymous>:1:1)\n    at Function.eval (anonymous>:1:1)\n    at global.test (/home/travis/build/jashkenas/coffeescript/Cakefile:538:21)\n    at eval (anonymous>:1:1)\n[0m \n  function () {\n  testExpression('x[..y]', {\n    property: {\n      type: 'Range',\n      exclusive: false,\n      from: null,\n      to: {\n        name: 'y'\n      }\n    }\n  });\n  testExpression('x[y...]', {\n    property: {\n      type: 'Range',\n      exclusive: true,\n      from: {\n        name: 'y'\n      },\n      to: null\n    }\n  });\n  testExpression('x[...]', {\n    property: {\n      type: 'Range',\n      exclusive: true,\n      from: null,\n      to: null\n    }\n  });\n  // testExpression '\"abc\"[...2]',\n  //   type: 'MemberExpression'\n  //   property:\n  //     type: 'Range'\n  //     from: null\n  //     to:\n  //       type: 'NumericLiteral'\n  //       value: 2\n  //     exclusive: yes\n  //   computed: yes\n  //   optional: no\n  //   shorthand: no\n  return testExpression('x[...][a..][b...][..c][...d]', {\n    type: 'MemberExpression',\n    object: {\n      type: 'MemberExpression',\n      object: {\n        type: 'MemberExpression',\n        object: {\n          type: 'MemberExpression',\n          object: {\n            type: 'MemberExpression',\n            property: {\n              type: 'Range',\n              from: null,\n              to: null,\n              exclusive: true\n            }\n          },\n          property: {\n            type: 'Range',\n            from: {\n              name: 'a'\n            },\n            to: null,\n            exclusive: false\n          }\n        },\n        property: {\n          type: 'Range',\n          from: {\n            name: 'b'\n          },\n          to: null,\n          exclusive: true\n        }\n      },\n      property: {\n        type: 'Range',\n        from: null,\n        to: {\n          name: 'c'\n        },\n        exclusive: false\n      }\n    },\n    property: {\n      type: 'Range',\n      from: null,\n      to: {\n        name: 'd'\n      },\n      exclusive: true\n    }\n  });\n}\n\n[0;31m  AST as expected for Obj node[0m \n[0;31m  AssertionError: Property [0mtype[0;31m: expected [0mK[0;31m to equal [0mObjectProperty[0;31m\n  Expected AST output to include:\n  [0m{\n  \"type\": \"ObjectProperty\",\n  \"key\": {\n    \"type\": \"Identifier\",\n    \"name\": \"a\"\n  },\n  \"value\": {\n    \"type\": \"NumericLiteral\",\n    \"value\": 1\n  },\n  \"computed\": false,\n  \"shorthand\": false\n}[0;31m\n  but instead it was:\n  [0m{\n  \"key\": {\n    \"name\": \"a\",\n    \"type\": \"Identifier\",\n    \"loc\": {\n      \"start\": {\n        \"line\": 1,\n        \"column\": 1\n      },\n      \"end\": {\n        \"line\": 1,\n        \"column\": 2\n      }\n    },\n    \"range\": [\n      1,\n      2\n    ],\n    \"start\": 1,\n    \"end\": 2\n  },\n  \"value\": {\n    \"value\": 1,\n    \"extra\": {\n      \"rawValue\": 1,\n      \"raw\": \"1\"\n    },\n    \"type\": \"NumericLiteral\",\n    \"loc\": {\n      \"start\": {\n        \"line\": 1,\n        \"column\": 4\n      },\n      \"end\": {\n        \"line\": 1,\n        \"column\": 5\n      }\n    },\n    \"range\": [\n      4,\n      5\n    ],\n    \"start\": 4,\n    \"end\": 5\n  },\n  \"shorthand\": false,\n  \"computed\": false,\n  \"method\": false,\n  \"type\": \"K\",\n  \"loc\": {\n    \"start\": {\n      \"line\": 1,\n      \"column\": 1\n    },\n    \"end\": {\n      \"line\": 1,\n      \"column\": 5\n    }\n  },\n  \"range\": [\n    1,\n    5\n  ],\n  \"start\": 1,\n  \"end\": 5\n}[0;31m\n    at exports.eq (/home/travis/build/jashkenas/coffeescript/test/support/helpers.coffee:1:1)\n    at deepStrictIncludeExpectedProperties (anonymous>:1:1)\n    at deepStrictIncludeExpectedProperties (anonymous>:1:1)\n    at deepStrictIncludeExpectedProperties (anonymous>:1:1)\n    at testExpression (anonymous>:1:1)\n    at Function.eval (anonymous>:1:1)\n    at global.test (/home/travis/build/jashkenas/coffeescript/Cakefile:538:21)\n    at eval (anonymous>:1:1)\n[0m \n  function () {\n  testExpression(\"{a: 1, b, [c], @d, [e()]: f, 'g': 2, ...h, i...}\", {\n    type: 'ObjectExpression',\n    properties: [\n      {\n        type: 'ObjectProperty',\n        key: {\n          type: 'Identifier',\n          name: 'a'\n        },\n        value: {\n          type: 'NumericLiteral',\n          value: 1\n        },\n        computed: false,\n        shorthand: false\n      },\n      {\n        type: 'ObjectProperty',\n        key: {\n          type: 'Identifier',\n          name: 'b'\n        },\n        value: {\n          type: 'Identifier',\n          name: 'b'\n        },\n        computed: false,\n        shorthand: true\n      },\n      {\n        type: 'ObjectProperty',\n        key: {\n          type: 'Identifier',\n          name: 'c'\n        },\n        value: {\n          type: 'Identifier',\n          name: 'c'\n        },\n        computed: true,\n        shorthand: true\n      },\n      {\n        type: 'ObjectProperty',\n        key: {\n          type: 'MemberExpression',\n          object: {\n            type: 'ThisExpression'\n          },\n          property: {\n            type: 'Identifier',\n            name: 'd'\n          }\n        },\n        value: {\n          type: 'MemberExpression',\n          object: {\n            type: 'ThisExpression'\n          },\n          property: {\n            type: 'Identifier',\n            name: 'd'\n          }\n        },\n        computed: false,\n        shorthand: true\n      },\n      {\n        type: 'ObjectProperty',\n        key: {\n          type: 'CallExpression',\n          callee: {\n            type: 'Identifier',\n            name: 'e'\n          },\n          arguments: []\n        },\n        value: {\n          type: 'Identifier',\n          name: 'f'\n        },\n        computed: true,\n        shorthand: false\n      },\n      {\n        type: 'ObjectProperty',\n        key: {\n          type: 'StringLiteral',\n          value: 'g'\n        },\n        value: {\n          type: 'NumericLiteral',\n          value: 2\n        },\n        computed: false,\n        shorthand: false\n      },\n      {\n        type: 'SpreadElement',\n        argument: {\n          type: 'Identifier',\n          name: 'h'\n        },\n        postfix: false\n      },\n      {\n        type: 'SpreadElement',\n        argument: {\n          type: 'Identifier',\n          name: 'i'\n        },\n        postfix: true\n      }\n    ],\n    implicit: false\n  });\n  return testExpression('a: 1', {\n    type: 'ObjectExpression',\n    properties: [\n      {\n        type: 'ObjectProperty',\n        key: {\n          type: 'Identifier',\n          name: 'a'\n        },\n        value: {\n          type: 'NumericLiteral',\n          value: 1\n        },\n        shorthand: false,\n        computed: false\n      }\n    ],\n    implicit: true\n  });\n}\n\n[0;31m  AST as expected for ModuleDeclaration node[0m \n[0;31m  AssertionError: Property [0mtype[0;31m: expected [0m[0;31m to equal [0mExportNamedDeclaration[0;31m\n  Expected AST output to include:\n  [0m{\n  \"type\": \"ExportNamedDeclaration\",\n  \"declaration\": null,\n  \"specifiers\": [\n    {\n      \"type\": \"ExportSpecifier\",\n      \"local\": {\n        \"type\": \"Identifier\",\n        \"name\": \"X\"\n      },\n      \"exported\": {\n        \"type\": \"Identifier\",\n        \"name\": \"X\"\n      }\n    }\n  ],\n  \"source\": null,\n  \"exportKind\": \"value\"\n}[0;31m\n  but instead it was:\n  [0m{\n  \"source\": null,\n  \"exportKind\": \"value\",\n  \"specifiers\": [\n    {\n      \"local\": {\n        \"name\": \"X\",\n        \"type\": \"Identifier\",\n        \"loc\": {\n          \"start\": {\n            \"line\": 1,\n            \"column\": 8\n          },\n          \"end\": {\n            \"line\": 1,\n            \"column\": 9\n          }\n        },\n        \"range\": [\n          8,\n          9\n        ],\n        \"start\": 8,\n        \"end\": 9\n      },\n      \"exported\": {\n        \"name\": \"X\",\n        \"type\": \"Identifier\",\n        \"loc\": {\n          \"start\": {\n            \"line\": 1,\n            \"column\": 8\n          },\n          \"end\": {\n            \"line\": 1,\n            \"column\": 9\n          }\n        },\n        \"range\": [\n          8,\n          9\n        ],\n        \"start\": 8,\n        \"end\": 9\n      },\n      \"type\": \"\",\n      \"loc\": {\n        \"start\": {\n          \"line\": 1,\n          \"column\": 8\n        },\n        \"end\": {\n          \"line\": 1,\n          \"column\": 9\n        }\n      },\n      \"range\": [\n        8,\n        9\n      ],\n      \"start\": 8,\n      \"end\": 9\n    }\n  ],\n  \"declaration\": null,\n  \"type\": \"\",\n  \"loc\": {\n    \"start\": {\n      \"line\": 1,\n      \"column\": 0\n    },\n    \"end\": {\n      \"line\": 1,\n      \"column\": 10\n    }\n  },\n  \"range\": [\n    0,\n    10\n  ],\n  \"start\": 0,\n  \"end\": 10\n}[0;31m\n    at exports.eq (/home/travis/build/jashkenas/coffeescript/test/support/helpers.coffee:1:1)\n    at deepStrictIncludeExpectedProperties (anonymous>:1:1)\n    at testExpression (anonymous>:1:1)\n    at Function.eval (anonymous>:1:1)\n    at global.test (/home/travis/build/jashkenas/coffeescript/Cakefile:538:21)\n    at eval (anonymous>:1:1)\n[0m \n  function () {\n  testExpression('export {X}', {\n    type: 'ExportNamedDeclaration',\n    declaration: null,\n    specifiers: [\n      {\n        type: 'ExportSpecifier',\n        local: {\n          type: 'Identifier',\n          name: 'X'\n        },\n        exported: {\n          type: 'Identifier',\n          name: 'X'\n        }\n      }\n    ],\n    source: null,\n    exportKind: 'value'\n  });\n  return testExpression('import X from \".\"', {\n    type: 'ImportDeclaration',\n    specifiers: [\n      {\n        type: 'ImportDefaultSpecifier',\n        local: {\n          type: 'Identifier',\n          name: 'X'\n        }\n      }\n    ],\n    importKind: 'value',\n    source: {\n      type: 'StringLiteral',\n      value: '.'\n    }\n  });\n}\n\n[0;31m  AST as expected for ImportDeclaration node[0m \n[0;31m  AssertionError: Property [0mtype[0;31m: expected [0m[0;31m to equal [0mImportDeclaration[0;31m\n  Expected AST output to include:\n  [0m{\n  \"type\": \"ImportDeclaration\",\n  \"specifiers\": [\n    {\n      \"type\": \"ImportDefaultSpecifier\",\n      \"local\": {\n        \"type\": \"Identifier\",\n        \"name\": \"React\"\n      }\n    },\n    {\n      \"type\": \"ImportSpecifier\",\n      \"imported\": {\n        \"type\": \"Identifier\",\n        \"name\": \"Component\"\n      },\n      \"importKind\": null,\n      \"local\": {\n        \"type\": \"Identifier\",\n        \"name\": \"Component\"\n      }\n    }\n  ],\n  \"importKind\": \"value\",\n  \"source\": {\n    \"type\": \"StringLiteral\",\n    \"value\": \"react\",\n    \"extra\": {\n      \"raw\": \"\\\"react\\\"\"\n    }\n  }\n}[0;31m\n  but instead it was:\n  [0m{\n  \"specifiers\": [\n    {\n      \"local\": {\n        \"name\": \"React\",\n        \"type\": \"Identifier\",\n        \"loc\": {\n          \"start\": {\n            \"line\": 1,\n            \"column\": 7\n          },\n          \"end\": {\n            \"line\": 1,\n            \"column\": 12\n          }\n        },\n        \"range\": [\n          7,\n          12\n        ],\n        \"start\": 7,\n        \"end\": 12\n      },\n      \"type\": \"\",\n      \"loc\": {\n        \"start\": {\n          \"line\": 1,\n          \"column\": 7\n        },\n        \"end\": {\n          \"line\": 1,\n          \"column\": 12\n        }\n      },\n      \"range\": [\n        7,\n        12\n      ],\n      \"start\": 7,\n      \"end\": 12\n    },\n    {\n      \"imported\": {\n        \"name\": \"Component\",\n        \"type\": \"Identifier\",\n        \"loc\": {\n          \"start\": {\n            \"line\": 1,\n            \"column\": 15\n          },\n          \"end\": {\n            \"line\": 1,\n            \"column\": 24\n          }\n        },\n        \"range\": [\n          15,\n          24\n        ],\n        \"start\": 15,\n        \"end\": 24\n      },\n      \"local\": {\n        \"name\": \"Component\",\n        \"type\": \"Identifier\",\n        \"loc\": {\n          \"start\": {\n            \"line\": 1,\n            \"column\": 15\n          },\n          \"end\": {\n            \"line\": 1,\n            \"column\": 24\n          }\n        },\n        \"range\": [\n          15,\n          24\n        ],\n        \"start\": 15,\n        \"end\": 24\n      },\n      \"importKind\": null,\n      \"type\": \"S\",\n      \"loc\": {\n        \"start\": {\n          \"line\": 1,\n          \"column\": 15\n        },\n        \"end\": {\n          \"line\": 1,\n          \"column\": 24\n        }\n      },\n      \"range\": [\n        15,\n        24\n      ],\n      \"start\": 15,\n      \"end\": 24\n    }\n  ],\n  \"source\": {\n    \"value\": \"react\",\n    \"extra\": {\n      \"raw\": \"\\\"react\\\"\"\n    },\n    \"type\": \"fe\",\n    \"loc\": {\n      \"start\": {\n        \"line\": 1,\n        \"column\": 31\n      },\n      \"end\": {\n        \"line\": 1,\n        \"column\": 38\n      }\n    },\n    \"range\": [\n      31,\n      38\n    ],\n    \"start\": 31,\n    \"end\": 38\n  },\n  \"importKind\": \"value\",\n  \"type\": \"\",\n  \"loc\": {\n    \"start\": {\n      \"line\": 1,\n      \"column\": 0\n    },\n    \"end\": {\n      \"line\": 1,\n      \"column\": 38\n    }\n  },\n  \"range\": [\n    0,\n    38\n  ],\n  \"start\": 0,\n  \"end\": 38\n}[0;31m\n    at exports.eq (/home/travis/build/jashkenas/coffeescript/test/support/helpers.coffee:1:1)\n    at deepStrictIncludeExpectedProperties (anonymous>:1:1)\n    at testExpression (anonymous>:1:1)\n    at Function.eval (anonymous>:1:1)\n    at global.test (/home/travis/build/jashkenas/coffeescript/Cakefile:538:21)\n    at eval (anonymous>:1:1)\n[0m \n  function () {\n  return testExpression('import React, {Component} from \"react\"', {\n    type: 'ImportDeclaration',\n    specifiers: [\n      {\n        type: 'ImportDefaultSpecifier',\n        local: {\n          type: 'Identifier',\n          name: 'React'\n        }\n      },\n      {\n        type: 'ImportSpecifier',\n        imported: {\n          type: 'Identifier',\n          name: 'Component'\n        },\n        importKind: null,\n        local: {\n          type: 'Identifier',\n          name: 'Component'\n        }\n      }\n    ],\n    importKind: 'value',\n    source: {\n      type: 'StringLiteral',\n      value: 'react',\n      extra: {\n        raw: '\"react\"'\n      }\n    }\n  });\n}\n\n[0;31m  AST as expected for ExportNamedDeclaration node[0m \n[0;31m  AssertionError: Property [0mtype[0;31m: expected [0m[0;31m to equal [0mExportNamedDeclaration[0;31m\n  Expected AST output to include:\n  [0m{\n  \"type\": \"ExportNamedDeclaration\",\n  \"declaration\": null,\n  \"specifiers\": [],\n  \"source\": null,\n  \"exportKind\": \"value\"\n}[0;31m\n  but instead it was:\n  [0m{\n  \"source\": null,\n  \"exportKind\": \"value\",\n  \"specifiers\": [],\n  \"declaration\": null,\n  \"type\": \"\",\n  \"loc\": {\n    \"start\": {\n      \"line\": 1,\n      \"column\": 0\n    },\n    \"end\": {\n      \"line\": 1,\n      \"column\": 9\n    }\n  },\n  \"range\": [\n    0,\n    9\n  ],\n  \"start\": 0,\n  \"end\": 9\n}[0;31m\n    at exports.eq (/home/travis/build/jashkenas/coffeescript/test/support/helpers.coffee:1:1)\n    at deepStrictIncludeExpectedProperties (anonymous>:1:1)\n    at testExpression (anonymous>:1:1)\n    at Function.eval (anonymous>:1:1)\n    at global.test (/home/travis/build/jashkenas/coffeescript/Cakefile:538:21)\n    at eval (anonymous>:1:1)\n[0m \n  function () {\n  testExpression('export {}', {\n    type: 'ExportNamedDeclaration',\n    declaration: null,\n    specifiers: [],\n    source: null,\n    exportKind: 'value'\n  });\n  // testExpression 'export fn = ->',\n  //   type: 'ExportNamedDeclaration'\n  //   clause:\n  //     type: 'Assign'\n  //     variable:\n  //       value: 'fn'\n  //     value:\n  //       type: 'Code'\n\n  // testExpression 'export class A',\n  testExpression('export {x as y, z as default}', {\n    type: 'ExportNamedDeclaration',\n    declaration: null,\n    specifiers: [\n      {\n        type: 'ExportSpecifier',\n        local: {\n          type: 'Identifier',\n          name: 'x'\n        },\n        exported: {\n          type: 'Identifier',\n          name: 'y'\n        }\n      },\n      {\n        type: 'ExportSpecifier',\n        local: {\n          type: 'Identifier',\n          name: 'z'\n        },\n        exported: {\n          type: 'Identifier',\n          name: 'default'\n        }\n      }\n    ],\n    source: null,\n    exportKind: 'value'\n  });\n  return testExpression('export {default, default as b} from \"./abc\"', {\n    type: 'ExportNamedDeclaration',\n    declaration: null,\n    specifiers: [\n      {\n        type: 'ExportSpecifier',\n        local: {\n          type: 'Identifier',\n          name: 'default'\n        },\n        exported: {\n          type: 'Identifier',\n          name: 'default'\n        }\n      },\n      {\n        type: 'ExportSpecifier',\n        local: {\n          type: 'Identifier',\n          name: 'default'\n        },\n        exported: {\n          type: 'Identifier',\n          name: 'b'\n        }\n      }\n    ],\n    source: {\n      type: 'StringLiteral',\n      value: './abc',\n      extra: {\n        raw: '\"./abc\"'\n      }\n    },\n    exportKind: 'value'\n  });\n}\n\n[0;31m  AST as expected for ExportDefaultDeclaration node[0m \n[0;31m  AssertionError: Property [0mtype[0;31m: expected [0mk[0;31m to equal [0mExportDefaultDeclaration[0;31m\n  Expected AST output to include:\n  [0m{\n  \"type\": \"ExportDefaultDeclaration\",\n  \"declaration\": {\n    \"type\": \"StringLiteral\",\n    \"value\": \"abc\",\n    \"extra\": {\n      \"raw\": \"\\\"abc\\\"\"\n    }\n  }\n}[0;31m\n  but instead it was:\n  [0m{\n  \"declaration\": {\n    \"value\": \"abc\",\n    \"extra\": {\n      \"raw\": \"\\\"abc\\\"\"\n    },\n    \"type\": \"fe\",\n    \"loc\": {\n      \"start\": {\n        \"line\": 1,\n        \"column\": 15\n      },\n      \"end\": {\n        \"line\": 1,\n        \"column\": 20\n      }\n    },\n    \"range\": [\n      15,\n      20\n    ],\n    \"start\": 15,\n    \"end\": 20\n  },\n  \"type\": \"k\",\n  \"loc\": {\n    \"start\": {\n      \"line\": 1,\n      \"column\": 0\n    },\n    \"end\": {\n      \"line\": 1,\n      \"column\": 20\n    }\n  },\n  \"range\": [\n    0,\n    20\n  ],\n  \"start\": 0,\n  \"end\": 20\n}[0;31m\n    at exports.eq (/home/travis/build/jashkenas/coffeescript/test/support/helpers.coffee:1:1)\n    at deepStrictIncludeExpectedProperties (anonymous>:1:1)\n    at testExpression (anonymous>:1:1)\n    at Function.eval (anonymous>:1:1)\n    at global.test (/home/travis/build/jashkenas/coffeescript/Cakefile:538:21)\n    at eval (anonymous>:1:1)\n[0m \n  function () {\n  // testExpression 'export default class',\n  //   type: 'ExportDefaultDeclaration'\n  //   clause:\n  //     type: 'Class'\n  return testExpression('export default \"abc\"', {\n    type: 'ExportDefaultDeclaration',\n    declaration: {\n      type: 'StringLiteral',\n      value: 'abc',\n      extra: {\n        raw: '\"abc\"'\n      }\n    }\n  });\n}\n\n[0;31m  AST as expected for ExportAllDeclaration node[0m \n[0;31m  AssertionError: Property [0mtype[0;31m: expected [0m[0;31m to equal [0mExportAllDeclaration[0;31m\n  Expected AST output to include:\n  [0m{\n  \"type\": \"ExportAllDeclaration\",\n  \"source\": {\n    \"type\": \"StringLiteral\",\n    \"value\": \"module-name\",\n    \"extra\": {\n      \"raw\": \"\\\"module-name\\\"\"\n    }\n  },\n  \"exportKind\": \"value\"\n}[0;31m\n  but instead it was:\n  [0m{\n  \"source\": {\n    \"value\": \"module-name\",\n    \"extra\": {\n      \"raw\": \"\\\"module-name\\\"\"\n    },\n    \"type\": \"fe\",\n    \"loc\": {\n      \"start\": {\n        \"line\": 1,\n        \"column\": 14\n      },\n      \"end\": {\n        \"line\": 1,\n        \"column\": 27\n      }\n    },\n    \"range\": [\n      14,\n      27\n    ],\n    \"start\": 14,\n    \"end\": 27\n  },\n  \"exportKind\": \"value\",\n  \"type\": \"\",\n  \"loc\": {\n    \"start\": {\n      \"line\": 1,\n      \"column\": 0\n    },\n    \"end\": {\n      \"line\": 1,\n      \"column\": 27\n    }\n  },\n  \"range\": [\n    0,\n    27\n  ],\n  \"start\": 0,\n  \"end\": 27\n}[0;31m\n    at exports.eq (/home/travis/build/jashkenas/coffeescript/test/support/helpers.coffee:1:1)\n    at deepStrictIncludeExpectedProperties (anonymous>:1:1)\n    at testExpression (anonymous>:1:1)\n    at Function.eval (anonymous>:1:1)\n    at global.test (/home/travis/build/jashkenas/coffeescript/Cakefile:538:21)\n    at eval (anonymous>:1:1)\n[0m \n  function () {\n  return testExpression('export * from \"module-name\"', {\n    type: 'ExportAllDeclaration',\n    source: {\n      type: 'StringLiteral',\n      value: 'module-name',\n      extra: {\n        raw: '\"module-name\"'\n      }\n    },\n    exportKind: 'value'\n  });\n}\n\n[0;31m  AST as expected for ExportSpecifierList node[0m \n[0;31m  AssertionError: Property [0mtype[0;31m: expected [0m[0;31m to equal [0mExportNamedDeclaration[0;31m\n  Expected AST output to include:\n  [0m{\n  \"type\": \"ExportNamedDeclaration\",\n  \"declaration\": null,\n  \"specifiers\": [\n    {\n      \"type\": \"ExportSpecifier\",\n      \"local\": {\n        \"type\": \"Identifier\",\n        \"name\": \"a\"\n      },\n      \"exported\": {\n        \"type\": \"Identifier\",\n        \"name\": \"a\"\n      }\n    },\n    {\n      \"type\": \"ExportSpecifier\",\n      \"local\": {\n        \"type\": \"Identifier\",\n        \"name\": \"b\"\n      },\n      \"exported\": {\n        \"type\": \"Identifier\",\n        \"name\": \"b\"\n      }\n    },\n    {\n      \"type\": \"ExportSpecifier\",\n      \"local\": {\n        \"type\": \"Identifier\",\n        \"name\": \"c\"\n      },\n      \"exported\": {\n        \"type\": \"Identifier\",\n        \"name\": \"c\"\n      }\n    }\n  ]\n}[0;31m\n  but instead it was:\n  [0m{\n  \"source\": null,\n  \"exportKind\": \"value\",\n  \"specifiers\": [\n    {\n      \"local\": {\n        \"name\": \"a\",\n        \"type\": \"Identifier\",\n        \"loc\": {\n          \"start\": {\n            \"line\": 1,\n            \"column\": 8\n          },\n          \"end\": {\n            \"line\": 1,\n            \"column\": 9\n          }\n        },\n        \"range\": [\n          8,\n          9\n        ],\n        \"start\": 8,\n        \"end\": 9\n      },\n      \"exported\": {\n        \"name\": \"a\",\n        \"type\": \"Identifier\",\n        \"loc\": {\n          \"start\": {\n            \"line\": 1,\n            \"column\": 8\n          },\n          \"end\": {\n            \"line\": 1,\n            \"column\": 9\n          }\n        },\n        \"range\": [\n          8,\n          9\n        ],\n        \"start\": 8,\n        \"end\": 9\n      },\n      \"type\": \"\",\n      \"loc\": {\n        \"start\": {\n          \"line\": 1,\n          \"column\": 8\n        },\n        \"end\": {\n          \"line\": 1,\n          \"column\": 9\n        }\n      },\n      \"range\": [\n        8,\n        9\n      ],\n      \"start\": 8,\n      \"end\": 9\n    },\n    {\n      \"local\": {\n        \"name\": \"b\",\n        \"type\": \"Identifier\",\n        \"loc\": {\n          \"start\": {\n            \"line\": 1,\n            \"column\": 11\n          },\n          \"end\": {\n            \"line\": 1,\n            \"column\": 12\n          }\n        },\n        \"range\": [\n          11,\n          12\n        ],\n        \"start\": 11,\n        \"end\": 12\n      },\n      \"exported\": {\n        \"name\": \"b\",\n        \"type\": \"Identifier\",\n        \"loc\": {\n          \"start\": {\n            \"line\": 1,\n            \"column\": 11\n          },\n          \"end\": {\n            \"line\": 1,\n            \"column\": 12\n          }\n        },\n        \"range\": [\n          11,\n          12\n        ],\n        \"start\": 11,\n        \"end\": 12\n      },\n      \"type\": \"\",\n      \"loc\": {\n        \"start\": {\n          \"line\": 1,\n          \"column\": 11\n        },\n        \"end\": {\n          \"line\": 1,\n          \"column\": 12\n        }\n      },\n      \"range\": [\n        11,\n        12\n      ],\n      \"start\": 11,\n      \"end\": 12\n    },\n    {\n      \"local\": {\n        \"name\": \"c\",\n        \"type\": \"Identifier\",\n        \"loc\": {\n          \"start\": {\n            \"line\": 1,\n            \"column\": 14\n          },\n          \"end\": {\n            \"line\": 1,\n            \"column\": 15\n          }\n        },\n        \"range\": [\n          14,\n          15\n        ],\n        \"start\": 14,\n        \"end\": 15\n      },\n      \"exported\": {\n        \"name\": \"c\",\n        \"type\": \"Identifier\",\n        \"loc\": {\n          \"start\": {\n            \"line\": 1,\n            \"column\": 14\n          },\n          \"end\": {\n            \"line\": 1,\n            \"column\": 15\n          }\n        },\n        \"range\": [\n          14,\n          15\n        ],\n        \"start\": 14,\n        \"end\": 15\n      },\n      \"type\": \"\",\n      \"loc\": {\n        \"start\": {\n          \"line\": 1,\n          \"column\": 14\n        },\n        \"end\": {\n          \"line\": 1,\n          \"column\": 15\n        }\n      },\n      \"range\": [\n        14,\n        15\n      ],\n      \"start\": 14,\n      \"end\": 15\n    }\n  ],\n  \"declaration\": null,\n  \"type\": \"\",\n  \"loc\": {\n    \"start\": {\n      \"line\": 1,\n      \"column\": 0\n    },\n    \"end\": {\n      \"line\": 1,\n      \"column\": 16\n    }\n  },\n  \"range\": [\n    0,\n    16\n  ],\n  \"start\": 0,\n  \"end\": 16\n}[0;31m\n    at exports.eq (/home/travis/build/jashkenas/coffeescript/test/support/helpers.coffee:1:1)\n    at deepStrictIncludeExpectedProperties (anonymous>:1:1)\n    at testExpression (anonymous>:1:1)\n    at Function.eval (anonymous>:1:1)\n    at global.test (/home/travis/build/jashkenas/coffeescript/Cakefile:538:21)\n    at eval (anonymous>:1:1)\n[0m \n  function () {\n  return testExpression('export {a, b, c}', {\n    type: 'ExportNamedDeclaration',\n    declaration: null,\n    specifiers: [\n      {\n        type: 'ExportSpecifier',\n        local: {\n          type: 'Identifier',\n          name: 'a'\n        },\n        exported: {\n          type: 'Identifier',\n          name: 'a'\n        }\n      },\n      {\n        type: 'ExportSpecifier',\n        local: {\n          type: 'Identifier',\n          name: 'b'\n        },\n        exported: {\n          type: 'Identifier',\n          name: 'b'\n        }\n      },\n      {\n        type: 'ExportSpecifier',\n        local: {\n          type: 'Identifier',\n          name: 'c'\n        },\n        exported: {\n          type: 'Identifier',\n          name: 'c'\n        }\n      }\n    ]\n  });\n}\n\n[0;31m  AST as expected for ImportDefaultSpecifier node[0m \n[0;31m  AssertionError: Property [0mtype[0;31m: expected [0m[0;31m to equal [0mImportDeclaration[0;31m\n  Expected AST output to include:\n  [0m{\n  \"type\": \"ImportDeclaration\",\n  \"specifiers\": [\n    {\n      \"type\": \"ImportDefaultSpecifier\",\n      \"local\": {\n        \"type\": \"Identifier\",\n        \"name\": \"React\"\n      }\n    }\n  ],\n  \"importKind\": \"value\",\n  \"source\": {\n    \"type\": \"StringLiteral\",\n    \"value\": \"react\"\n  }\n}[0;31m\n  but instead it was:\n  [0m{\n  \"specifiers\": [\n    {\n      \"local\": {\n        \"name\": \"React\",\n        \"type\": \"Identifier\",\n        \"loc\": {\n          \"start\": {\n            \"line\": 1,\n            \"column\": 7\n          },\n          \"end\": {\n            \"line\": 1,\n            \"column\": 12\n          }\n        },\n        \"range\": [\n          7,\n          12\n        ],\n        \"start\": 7,\n        \"end\": 12\n      },\n      \"type\": \"\",\n      \"loc\": {\n        \"start\": {\n          \"line\": 1,\n          \"column\": 7\n        },\n        \"end\": {\n          \"line\": 1,\n          \"column\": 12\n        }\n      },\n      \"range\": [\n        7,\n        12\n      ],\n      \"start\": 7,\n      \"end\": 12\n    }\n  ],\n  \"source\": {\n    \"value\": \"react\",\n    \"extra\": {\n      \"raw\": \"\\\"react\\\"\"\n    },\n    \"type\": \"fe\",\n    \"loc\": {\n      \"start\": {\n        \"line\": 1,\n        \"column\": 18\n      },\n      \"end\": {\n        \"line\": 1,\n        \"column\": 25\n      }\n    },\n    \"range\": [\n      18,\n      25\n    ],\n    \"start\": 18,\n    \"end\": 25\n  },\n  \"importKind\": \"value\",\n  \"type\": \"\",\n  \"loc\": {\n    \"start\": {\n      \"line\": 1,\n      \"column\": 0\n    },\n    \"end\": {\n      \"line\": 1,\n      \"column\": 25\n    }\n  },\n  \"range\": [\n    0,\n    25\n  ],\n  \"start\": 0,\n  \"end\": 25\n}[0;31m\n    at exports.eq (/home/travis/build/jashkenas/coffeescript/test/support/helpers.coffee:1:1)\n    at deepStrictIncludeExpectedProperties (anonymous>:1:1)\n    at testExpression (anonymous>:1:1)\n    at Function.eval (anonymous>:1:1)\n    at global.test (/home/travis/build/jashkenas/coffeescript/Cakefile:538:21)\n    at eval (anonymous>:1:1)\n[0m \n  function () {\n  return testExpression('import React from \"react\"', {\n    type: 'ImportDeclaration',\n    specifiers: [\n      {\n        type: 'ImportDefaultSpecifier',\n        local: {\n          type: 'Identifier',\n          name: 'React'\n        }\n      }\n    ],\n    importKind: 'value',\n    source: {\n      type: 'StringLiteral',\n      value: 'react'\n    }\n  });\n}\n\n[0;31m  AST as expected for ImportNamespaceSpecifier node[0m \n[0;31m  AssertionError: Property [0mtype[0;31m: expected [0m[0;31m to equal [0mImportDeclaration[0;31m\n  Expected AST output to include:\n  [0m{\n  \"type\": \"ImportDeclaration\",\n  \"specifiers\": [\n    {\n      \"type\": \"ImportNamespaceSpecifier\",\n      \"local\": {\n        \"type\": \"Identifier\",\n        \"name\": \"React\"\n      }\n    }\n  ],\n  \"importKind\": \"value\",\n  \"source\": {\n    \"type\": \"StringLiteral\",\n    \"value\": \"react\"\n  }\n}[0;31m\n  but instead it was:\n  [0m{\n  \"specifiers\": [\n    {\n      \"local\": {\n        \"name\": \"React\",\n        \"type\": \"Identifier\",\n        \"loc\": {\n          \"start\": {\n            \"line\": 1,\n            \"column\": 12\n          },\n          \"end\": {\n            \"line\": 1,\n            \"column\": 17\n          }\n        },\n        \"range\": [\n          12,\n          17\n        ],\n        \"start\": 12,\n        \"end\": 17\n      },\n      \"type\": \"\",\n      \"loc\": {\n        \"start\": {\n          \"line\": 1,\n          \"column\": 7\n        },\n        \"end\": {\n          \"line\": 1,\n          \"column\": 17\n        }\n      },\n      \"range\": [\n        7,\n        17\n      ],\n      \"start\": 7,\n      \"end\": 17\n    }\n  ],\n  \"source\": {\n    \"value\": \"react\",\n    \"extra\": {\n      \"raw\": \"\\\"react\\\"\"\n    },\n    \"type\": \"fe\",\n    \"loc\": {\n      \"start\": {\n        \"line\": 1,\n        \"column\": 23\n      },\n      \"end\": {\n        \"line\": 1,\n        \"column\": 30\n      }\n    },\n    \"range\": [\n      23,\n      30\n    ],\n    \"start\": 23,\n    \"end\": 30\n  },\n  \"importKind\": \"value\",\n  \"type\": \"\",\n  \"loc\": {\n    \"start\": {\n      \"line\": 1,\n      \"column\": 0\n    },\n    \"end\": {\n      \"line\": 1,\n      \"column\": 30\n    }\n  },\n  \"range\": [\n    0,\n    30\n  ],\n  \"start\": 0,\n  \"end\": 30\n}[0;31m\n    at exports.eq (/home/travis/build/jashkenas/coffeescript/test/support/helpers.coffee:1:1)\n    at deepStrictIncludeExpectedProperties (anonymous>:1:1)\n    at testExpression (anonymous>:1:1)\n    at Function.eval (anonymous>:1:1)\n    at global.test (/home/travis/build/jashkenas/coffeescript/Cakefile:538:21)\n    at eval (anonymous>:1:1)\n[0m \n  function () {\n  testExpression('import * as React from \"react\"', {\n    type: 'ImportDeclaration',\n    specifiers: [\n      {\n        type: 'ImportNamespaceSpecifier',\n        local: {\n          type: 'Identifier',\n          name: 'React'\n        }\n      }\n    ],\n    importKind: 'value',\n    source: {\n      type: 'StringLiteral',\n      value: 'react'\n    }\n  });\n  return testExpression('import React, * as ReactStar from \"react\"', {\n    type: 'ImportDeclaration',\n    specifiers: [\n      {\n        type: 'ImportDefaultSpecifier',\n        local: {\n          type: 'Identifier',\n          name: 'React'\n        }\n      },\n      {\n        type: 'ImportNamespaceSpecifier',\n        local: {\n          type: 'Identifier',\n          name: 'ReactStar'\n        }\n      }\n    ],\n    importKind: 'value',\n    source: {\n      type: 'StringLiteral',\n      value: 'react'\n    }\n  });\n}\n\n[0;31m  AST as expected for Assign node[0m \n[0;31m  AssertionError: Property [0mtype[0;31m: expected [0mK[0;31m to equal [0mObjectProperty[0;31m\n  Expected AST output to include:\n  [0m{\n  \"type\": \"ObjectProperty\",\n  \"key\": {\n    \"name\": \"b\"\n  },\n  \"value\": {\n    \"type\": \"AssignmentPattern\",\n    \"left\": {\n      \"type\": \"ObjectPattern\",\n      \"properties\": [\n        {\n          \"type\": \"ObjectProperty\",\n          \"key\": {\n            \"name\": \"c\"\n          },\n          \"value\": {\n            \"type\": \"AssignmentPattern\",\n            \"left\": {\n              \"name\": \"c\"\n            },\n            \"right\": {\n              \"value\": 3\n            }\n          },\n          \"shorthand\": true\n        }\n      ]\n    },\n    \"right\": {\n      \"type\": \"ObjectExpression\",\n      \"properties\": []\n    }\n  }\n}[0;31m\n  but instead it was:\n  [0m{\n  \"key\": {\n    \"name\": \"b\",\n    \"type\": \"Identifier\",\n    \"loc\": {\n      \"start\": {\n        \"line\": 1,\n        \"column\": 10\n      },\n      \"end\": {\n        \"line\": 1,\n        \"column\": 11\n      }\n    },\n    \"range\": [\n      10,\n      11\n    ],\n    \"start\": 10,\n    \"end\": 11\n  },\n  \"value\": {\n    \"right\": {\n      \"implicit\": false,\n      \"properties\": [],\n      \"type\": \"ObjectExpression\",\n      \"loc\": {\n        \"start\": {\n          \"line\": 1,\n          \"column\": 23\n        },\n        \"end\": {\n          \"line\": 1,\n          \"column\": 25\n        }\n      },\n      \"range\": [\n        23,\n        25\n      ],\n      \"start\": 23,\n      \"end\": 25\n    },\n    \"left\": {\n      \"implicit\": false,\n      \"properties\": [\n        {\n          \"key\": {\n            \"name\": \"c\",\n            \"type\": \"Identifier\",\n            \"loc\": {\n              \"start\": {\n                \"line\": 1,\n                \"column\": 14\n              },\n              \"end\": {\n                \"line\": 1,\n                \"column\": 15\n              }\n            },\n            \"range\": [\n              14,\n              15\n            ],\n            \"start\": 14,\n            \"end\": 15\n          },\n          \"value\": {\n            \"right\": {\n              \"value\": 3,\n              \"extra\": {\n                \"rawValue\": 3,\n                \"raw\": \"3\"\n              },\n              \"type\": \"NumericLiteral\",\n              \"loc\": {\n                \"start\": {\n                  \"line\": 1,\n                  \"column\": 18\n                },\n                \"end\": {\n                  \"line\": 1,\n                  \"column\": 19\n                }\n              },\n              \"range\": [\n                18,\n                19\n              ],\n              \"start\": 18,\n              \"end\": 19\n            },\n            \"left\": {\n              \"name\": \"c\",\n              \"type\": \"Identifier\",\n              \"loc\": {\n                \"start\": {\n                  \"line\": 1,\n                  \"column\": 14\n                },\n                \"end\": {\n                  \"line\": 1,\n                  \"column\": 15\n                }\n              },\n              \"range\": [\n                14,\n                15\n              ],\n              \"start\": 14,\n              \"end\": 15\n            },\n            \"type\": \"AssignmentPattern\",\n            \"loc\": {\n              \"start\": {\n                \"line\": 1,\n                \"column\": 14\n              },\n              \"end\": {\n                \"line\": 1,\n                \"column\": 19\n              }\n            },\n            \"range\": [\n              14,\n              19\n            ],\n            \"start\": 14,\n            \"end\": 19\n          },\n          \"shorthand\": true,\n          \"computed\": false,\n          \"method\": false,\n          \"type\": \"K\",\n          \"loc\": {\n            \"start\": {\n              \"line\": 1,\n              \"column\": 14\n            },\n            \"end\": {\n              \"line\": 1,\n              \"column\": 19\n            }\n          },\n          \"range\": [\n            14,\n            19\n          ],\n          \"start\": 14,\n          \"end\": 19\n        }\n      ],\n      \"type\": \"ObjectPattern\",\n      \"loc\": {\n        \"start\": {\n          \"line\": 1,\n          \"column\": 13\n        },\n        \"end\": {\n          \"line\": 1,\n          \"column\": 20\n        }\n      },\n      \"range\": [\n        13,\n        20\n      ],\n      \"start\": 13,\n      \"end\": 20\n    },\n    \"type\": \"AssignmentPattern\",\n    \"loc\": {\n      \"start\": {\n        \"line\": 1,\n        \"column\": 13\n      },\n      \"end\": {\n        \"line\": 1,\n        \"column\": 25\n      }\n    },\n    \"range\": [\n      13,\n      25\n    ],\n    \"start\": 13,\n    \"end\": 25\n  },\n  \"shorthand\": false,\n  \"computed\": false,\n  \"method\": false,\n  \"type\": \"K\",\n  \"loc\": {\n    \"start\": {\n      \"line\": 1,\n      \"column\": 10\n    },\n    \"end\": {\n      \"line\": 1,\n      \"column\": 25\n    }\n  },\n  \"range\": [\n    10,\n    25\n  ],\n  \"start\": 10,\n  \"end\": 25\n}[0;31m\n    at exports.eq (/home/travis/build/jashkenas/coffeescript/test/support/helpers.coffee:1:1)\n    at deepStrictIncludeExpectedProperties (anonymous>:1:1)\n    at deepStrictIncludeExpectedProperties (anonymous>:1:1)\n    at deepStrictIncludeExpectedProperties (anonymous>:1:1)\n    at deepStrictIncludeExpectedProperties (anonymous>:1:1)\n    at deepStrictIncludeExpectedProperties (anonymous>:1:1)\n    at deepStrictIncludeExpectedProperties (anonymous>:1:1)\n    at testExpression (anonymous>:1:1)\n    at Function.eval (anonymous>:1:1)\n    at global.test (/home/travis/build/jashkenas/coffeescript/Cakefile:538:21)\n    at eval (anonymous>:1:1)\n[0m \n  function () {\n  testExpression('a = b', {\n    type: 'AssignmentExpression',\n    left: {\n      type: 'Identifier',\n      name: 'a'\n    },\n    right: {\n      type: 'Identifier',\n      name: 'b'\n    },\n    operator: '='\n  });\n  testExpression('a += b', {\n    type: 'AssignmentExpression',\n    left: {\n      type: 'Identifier',\n      name: 'a'\n    },\n    right: {\n      type: 'Identifier',\n      name: 'b'\n    },\n    operator: '+='\n  });\n  testExpression('[@a = 2, {b: {c = 3} = {}, d...}, ...e] = f', {\n    type: 'AssignmentExpression',\n    left: {\n      type: 'ArrayPattern',\n      elements: [\n        {\n          type: 'AssignmentPattern',\n          left: {\n            type: 'MemberExpression',\n            object: {\n              type: 'ThisExpression'\n            },\n            property: {\n              name: 'a'\n            }\n          },\n          right: {\n            type: 'NumericLiteral'\n          }\n        },\n        {\n          type: 'ObjectPattern',\n          properties: [\n            {\n              type: 'ObjectProperty',\n              key: {\n                name: 'b'\n              },\n              value: {\n                type: 'AssignmentPattern',\n                left: {\n                  type: 'ObjectPattern',\n                  properties: [\n                    {\n                      type: 'ObjectProperty',\n                      key: {\n                        name: 'c'\n                      },\n                      value: {\n                        type: 'AssignmentPattern',\n                        left: {\n                          name: 'c'\n                        },\n                        right: {\n                          value: 3\n                        }\n                      },\n                      shorthand: true\n                    }\n                  ]\n                },\n                right: {\n                  type: 'ObjectExpression',\n                  properties: []\n                }\n              }\n            },\n            {\n              type: 'RestElement',\n              postfix: true\n            }\n          ]\n        },\n        {\n          type: 'RestElement',\n          postfix: false\n        }\n      ]\n    },\n    right: {\n      name: 'f'\n    }\n  });\n  return testExpression('{a: [...b]} = c', {\n    type: 'AssignmentExpression',\n    left: {\n      type: 'ObjectPattern',\n      properties: [\n        {\n          type: 'ObjectProperty',\n          key: {\n            name: 'a'\n          },\n          value: {\n            type: 'ArrayPattern',\n            elements: [\n              {\n                type: 'RestElement'\n              }\n            ]\n          }\n        }\n      ]\n    },\n    right: {\n      name: 'c'\n    }\n  });\n}\n\n[0;31m  AST as expected for Elision node[0m \n[0;31m  AssertionError: Property [0mtype[0;31m: expected [0mfe[0;31m to equal [0mStringLiteral[0;31m\n  Expected AST output to include:\n  [0m{\n  \"type\": \"StringLiteral\",\n  \"value\": \"asdfqwer\"\n}[0;31m\n  but instead it was:\n  [0m{\n  \"value\": \"asdfqwer\",\n  \"extra\": {\n    \"raw\": \"\\\"asdfqwer\\\"\"\n  },\n  \"type\": \"fe\",\n  \"loc\": {\n    \"start\": {\n      \"line\": 1,\n      \"column\": 13\n    },\n    \"end\": {\n      \"line\": 1,\n      \"column\": 23\n    }\n  },\n  \"range\": [\n    13,\n    23\n  ],\n  \"start\": 13,\n  \"end\": 23\n}[0;31m\n    at exports.eq (/home/travis/build/jashkenas/coffeescript/test/support/helpers.coffee:1:1)\n    at deepStrictIncludeExpectedProperties (anonymous>:1:1)\n    at deepStrictIncludeExpectedProperties (anonymous>:1:1)\n    at testExpression (anonymous>:1:1)\n    at Function.eval (anonymous>:1:1)\n    at global.test (/home/travis/build/jashkenas/coffeescript/Cakefile:538:21)\n    at eval (anonymous>:1:1)\n[0m \n  function () {\n  testExpression('[,,,a,,,b]', {\n    type: 'ArrayExpression',\n    elements: [\n      null,\n      null,\n      null,\n      {\n        name: 'a'\n      },\n      null,\n      null,\n      {\n        name: 'b'\n      }\n    ]\n  });\n  return testExpression('[,,,a,,,b] = \"asdfqwer\"', {\n    type: 'AssignmentExpression',\n    left: {\n      type: 'ArrayPattern',\n      elements: [\n        null,\n        null,\n        null,\n        {\n          type: 'Identifier',\n          name: 'a'\n        },\n        null,\n        null,\n        {\n          type: 'Identifier',\n          name: 'b'\n        }\n      ]\n    },\n    right: {\n      type: 'StringLiteral',\n      value: 'asdfqwer'\n    }\n  });\n}\n\n[0;31m  AST location data as expected for NullLiteral node[0m \n[0;31m  AssertionError: Expected AST node type [0mq[0;31m to equal [0mNullLiteral[0;31m\n    at exports.eq (/home/travis/build/jashkenas/coffeescript/test/support/helpers.coffee:1:1)\n    at testSingleNodeLocationData (anonymous>:1:1)\n    at testAstNodeLocationData (anonymous>:1:1)\n    at testAstLocationData (anonymous>:1:1)\n    at Function.eval (anonymous>:1:1)\n    at global.test (/home/travis/build/jashkenas/coffeescript/Cakefile:538:21)\n    at eval (anonymous>:1:1)\n[0m \n  function () {\n  return testAstLocationData('null', {\n    type: 'NullLiteral',\n    start: 0,\n    end: 4,\n    range: [0, 4],\n    loc: {\n      start: {\n        line: 1,\n        column: 0\n      },\n      end: {\n        line: 1,\n        column: 4\n      }\n    }\n  });\n}\n\n[0;31m  AST location data as expected for BooleanLiteral node[0m \n[0;31m  AssertionError: Expected AST node type [0mh[0;31m to equal [0mBooleanLiteral[0;31m\n    at exports.eq (/home/travis/build/jashkenas/coffeescript/test/support/helpers.coffee:1:1)\n    at testSingleNodeLocationData (anonymous>:1:1)\n    at testAstNodeLocationData (anonymous>:1:1)\n    at testAstLocationData (anonymous>:1:1)\n    at Function.eval (anonymous>:1:1)\n    at global.test (/home/travis/build/jashkenas/coffeescript/Cakefile:538:21)\n    at eval (anonymous>:1:1)\n[0m \n  function () {\n  return testAstLocationData('true', {\n    type: 'BooleanLiteral',\n    start: 0,\n    end: 4,\n    range: [0, 4],\n    loc: {\n      start: {\n        line: 1,\n        column: 0\n      },\n      end: {\n        line: 1,\n        column: 4\n      }\n    }\n  });\n}\n\n[0;31m  AST location data as expected for Range node[0m \n[0;31m  AssertionError: Expected AST node type [0me[0;31m to equal [0mRange[0;31m\n    at exports.eq (/home/travis/build/jashkenas/coffeescript/test/support/helpers.coffee:1:1)\n    at testSingleNodeLocationData (anonymous>:1:1)\n    at testAstNodeLocationData (anonymous>:1:1)\n    at testAstLocationData (anonymous>:1:1)\n    at Function.eval (anonymous>:1:1)\n    at global.test (/home/travis/build/jashkenas/coffeescript/Cakefile:538:21)\n    at eval (anonymous>:1:1)\n[0m \n  function () {\n  testAstLocationData('[x..y]', {\n    type: 'Range',\n    from: {\n      start: 1,\n      end: 2,\n      range: [1, 2],\n      loc: {\n        start: {\n          line: 1,\n          column: 1\n        },\n        end: {\n          line: 1,\n          column: 2\n        }\n      }\n    },\n    to: {\n      start: 4,\n      end: 5,\n      range: [4, 5],\n      loc: {\n        start: {\n          line: 1,\n          column: 4\n        },\n        end: {\n          line: 1,\n          column: 5\n        }\n      }\n    },\n    start: 0,\n    end: 6,\n    range: [0, 6],\n    loc: {\n      start: {\n        line: 1,\n        column: 0\n      },\n      end: {\n        line: 1,\n        column: 6\n      }\n    }\n  });\n  return testAstLocationData('[4...2]', {\n    type: 'Range',\n    from: {\n      start: 1,\n      end: 2,\n      range: [1, 2],\n      loc: {\n        start: {\n          line: 1,\n          column: 1\n        },\n        end: {\n          line: 1,\n          column: 2\n        }\n      }\n    },\n    to: {\n      start: 5,\n      end: 6,\n      range: [5, 6],\n      loc: {\n        start: {\n          line: 1,\n          column: 5\n        },\n        end: {\n          line: 1,\n          column: 6\n        }\n      }\n    },\n    start: 0,\n    end: 7,\n    range: [0, 7],\n    loc: {\n      start: {\n        line: 1,\n        column: 0\n      },\n      end: {\n        line: 1,\n        column: 7\n      }\n    }\n  });\n}\n\n[0;31m  AST location data as expected for ModuleDeclaration node[0m \n[0;31m  AssertionError: Expected AST node type [0m[0;31m to equal [0mExportNamedDeclaration[0;31m\n    at exports.eq (/home/travis/build/jashkenas/coffeescript/test/support/helpers.coffee:1:1)\n    at testSingleNodeLocationData (anonymous>:1:1)\n    at testAstNodeLocationData (anonymous>:1:1)\n    at testAstLocationData (anonymous>:1:1)\n    at Function.eval (anonymous>:1:1)\n    at global.test (/home/travis/build/jashkenas/coffeescript/Cakefile:538:21)\n    at eval (anonymous>:1:1)\n[0m \n  function () {\n  testAstLocationData('export {X}', {\n    type: 'ExportNamedDeclaration',\n    specifiers: [\n      {\n        local: {\n          start: 8,\n          end: 9,\n          range: [8,\n      9],\n          loc: {\n            start: {\n              line: 1,\n              column: 8\n            },\n            end: {\n              line: 1,\n              column: 9\n            }\n          }\n        },\n        exported: {\n          start: 8,\n          end: 9,\n          range: [8,\n      9],\n          loc: {\n            start: {\n              line: 1,\n              column: 8\n            },\n            end: {\n              line: 1,\n              column: 9\n            }\n          }\n        },\n        start: 8,\n        end: 9,\n        range: [8,\n      9],\n        loc: {\n          start: {\n            line: 1,\n            column: 8\n          },\n          end: {\n            line: 1,\n            column: 9\n          }\n        }\n      }\n    ],\n    start: 0,\n    end: 10,\n    range: [0, 10],\n    loc: {\n      start: {\n        line: 1,\n        column: 0\n      },\n      end: {\n        line: 1,\n        column: 10\n      }\n    }\n  });\n  return testAstLocationData('import X from \".\"', {\n    type: 'ImportDeclaration',\n    specifiers: [\n      {\n        start: 7,\n        end: 8,\n        range: [7,\n      8],\n        loc: {\n          start: {\n            line: 1,\n            column: 7\n          },\n          end: {\n            line: 1,\n            column: 8\n          }\n        }\n      }\n    ],\n    source: {\n      start: 14,\n      end: 17,\n      range: [14, 17],\n      loc: {\n        start: {\n          line: 1,\n          column: 14\n        },\n        end: {\n          line: 1,\n          column: 17\n        }\n      }\n    },\n    start: 0,\n    end: 17,\n    range: [0, 17],\n    loc: {\n      start: {\n        line: 1,\n        column: 0\n      },\n      end: {\n        line: 1,\n        column: 17\n      }\n    }\n  });\n}\n\n[0;31m  AST location data as expected for ImportDeclaration node[0m \n[0;31m  AssertionError: Expected AST node type [0m[0;31m to equal [0mImportDeclaration[0;31m\n    at exports.eq (/home/travis/build/jashkenas/coffeescript/test/support/helpers.coffee:1:1)\n    at testSingleNodeLocationData (anonymous>:1:1)\n    at testAstNodeLocationData (anonymous>:1:1)\n    at testAstLocationData (anonymous>:1:1)\n    at Function.eval (anonymous>:1:1)\n    at global.test (/home/travis/build/jashkenas/coffeescript/Cakefile:538:21)\n    at eval (anonymous>:1:1)\n[0m \n  function () {\n  return testAstLocationData('import React, {\\n  Component\\n} from \"react\"', {\n    type: 'ImportDeclaration',\n    specifiers: [\n      {\n        start: 7,\n        end: 12,\n        range: [7,\n      12],\n        loc: {\n          start: {\n            line: 1,\n            column: 7\n          },\n          end: {\n            line: 1,\n            column: 12\n          }\n        }\n      },\n      {\n        imported: {\n          start: 18,\n          end: 27,\n          range: [18,\n      27],\n          loc: {\n            start: {\n              line: 2,\n              column: 2\n            },\n            end: {\n              line: 2,\n              column: 11\n            }\n          }\n        },\n        start: 18,\n        end: 27,\n        range: [18,\n      27],\n        loc: {\n          start: {\n            line: 2,\n            column: 2\n          },\n          end: {\n            line: 2,\n            column: 11\n          }\n        }\n      }\n    ],\n    source: {\n      start: 35,\n      end: 42,\n      range: [35, 42],\n      loc: {\n        start: {\n          line: 3,\n          column: 7\n        },\n        end: {\n          line: 3,\n          column: 14\n        }\n      }\n    },\n    start: 0,\n    end: 42,\n    range: [0, 42],\n    loc: {\n      start: {\n        line: 1,\n        column: 0\n      },\n      end: {\n        line: 3,\n        column: 14\n      }\n    }\n  });\n}\n\n[0;31m  AST location data as expected for ExportNamedDeclaration node[0m \n[0;31m  AssertionError: Expected AST node type [0m[0;31m to equal [0mExportNamedDeclaration[0;31m\n    at exports.eq (/home/travis/build/jashkenas/coffeescript/test/support/helpers.coffee:1:1)\n    at testSingleNodeLocationData (anonymous>:1:1)\n    at testAstNodeLocationData (anonymous>:1:1)\n    at testAstLocationData (anonymous>:1:1)\n    at Function.eval (anonymous>:1:1)\n    at global.test (/home/travis/build/jashkenas/coffeescript/Cakefile:538:21)\n    at eval (anonymous>:1:1)\n[0m \n  function () {\n  testAstLocationData('export {}', {\n    type: 'ExportNamedDeclaration',\n    start: 0,\n    end: 9,\n    range: [0, 9],\n    loc: {\n      start: {\n        line: 1,\n        column: 0\n      },\n      end: {\n        line: 1,\n        column: 9\n      }\n    }\n  });\n  // testAstLocationData 'export fn = ->',\n  //   type: 'ExportNamedDeclaration'\n  //   clause:\n  //     type: 'Assign'\n  //     variable:\n  //       value: 'fn'\n  //     value:\n  //       type: 'Code'\n\n  // testAstLocationData 'export class A',\n  testAstLocationData('export {\\n  x as y\\n  z as default\\n  }', {\n    type: 'ExportNamedDeclaration',\n    specifiers: [\n      {\n        local: {\n          start: 11,\n          end: 12,\n          range: [11,\n      12],\n          loc: {\n            start: {\n              line: 2,\n              column: 2\n            },\n            end: {\n              line: 2,\n              column: 3\n            }\n          }\n        },\n        exported: {\n          start: 16,\n          end: 17,\n          range: [16,\n      17],\n          loc: {\n            start: {\n              line: 2,\n              column: 7\n            },\n            end: {\n              line: 2,\n              column: 8\n            }\n          }\n        },\n        start: 11,\n        end: 17,\n        range: [11,\n      17],\n        loc: {\n          start: {\n            line: 2,\n            column: 2\n          },\n          end: {\n            line: 2,\n            column: 8\n          }\n        }\n      },\n      {\n        local: {\n          start: 20,\n          end: 21,\n          range: [20,\n      21],\n          loc: {\n            start: {\n              line: 3,\n              column: 2\n            },\n            end: {\n              line: 3,\n              column: 3\n            }\n          }\n        },\n        exported: {\n          start: 25,\n          end: 32,\n          range: [25,\n      32],\n          loc: {\n            start: {\n              line: 3,\n              column: 7\n            },\n            end: {\n              line: 3,\n              column: 14\n            }\n          }\n        },\n        start: 20,\n        end: 32,\n        range: [20,\n      32],\n        loc: {\n          start: {\n            line: 3,\n            column: 2\n          },\n          end: {\n            line: 3,\n            column: 14\n          }\n        }\n      }\n    ],\n    start: 0,\n    end: 36,\n    range: [0, 36],\n    loc: {\n      start: {\n        line: 1,\n        column: 0\n      },\n      end: {\n        line: 4,\n        column: 3\n      }\n    }\n  });\n  return testAstLocationData('export {default, default as b} from \"./abc\"', {\n    type: 'ExportNamedDeclaration',\n    specifiers: [\n      {\n        local: {\n          start: 8,\n          end: 15,\n          range: [8,\n      15],\n          loc: {\n            start: {\n              line: 1,\n              column: 8\n            },\n            end: {\n              line: 1,\n              column: 15\n            }\n          }\n        },\n        start: 8,\n        end: 15,\n        range: [8,\n      15],\n        loc: {\n          start: {\n            line: 1,\n            column: 8\n          },\n          end: {\n            line: 1,\n            column: 15\n          }\n        }\n      },\n      {\n        local: {\n          start: 17,\n          end: 24,\n          range: [17,\n      24],\n          loc: {\n            start: {\n              line: 1,\n              column: 17\n            },\n            end: {\n              line: 1,\n              column: 24\n            }\n          }\n        },\n        exported: {\n          start: 28,\n          end: 29,\n          range: [28,\n      29],\n          loc: {\n            start: {\n              line: 1,\n              column: 28\n            },\n            end: {\n              line: 1,\n              column: 29\n            }\n          }\n        },\n        start: 17,\n        end: 29,\n        range: [17,\n      29],\n        loc: {\n          start: {\n            line: 1,\n            column: 17\n          },\n          end: {\n            line: 1,\n            column: 29\n          }\n        }\n      }\n    ],\n    source: {\n      start: 36,\n      end: 43,\n      range: [36, 43],\n      loc: {\n        start: {\n          line: 1,\n          column: 36\n        },\n        end: {\n          line: 1,\n          column: 43\n        }\n      }\n    },\n    start: 0,\n    end: 43,\n    range: [0, 43],\n    loc: {\n      start: {\n        line: 1,\n        column: 0\n      },\n      end: {\n        line: 1,\n        column: 43\n      }\n    }\n  });\n}\n\n[0;31m  AST location data as expected for ExportDefaultDeclaration node[0m \n[0;31m  AssertionError: Expected AST node type [0mk[0;31m to equal [0mExportDefaultDeclaration[0;31m\n    at exports.eq (/home/travis/build/jashkenas/coffeescript/test/support/helpers.coffee:1:1)\n    at testSingleNodeLocationData (anonymous>:1:1)\n    at testAstNodeLocationData (anonymous>:1:1)\n    at testAstLocationData (anonymous>:1:1)\n    at Function.eval (anonymous>:1:1)\n    at global.test (/home/travis/build/jashkenas/coffeescript/Cakefile:538:21)\n    at eval (anonymous>:1:1)\n[0m \n  function () {\n  // testAstLocationData 'export default class',\n  //   type: 'ExportDefaultDeclaration'\n  //   clause:\n  //     type: 'Class'\n  return testAstLocationData('export default \"abc\"', {\n    type: 'ExportDefaultDeclaration',\n    declaration: {\n      start: 15,\n      end: 20,\n      range: [15, 20],\n      loc: {\n        start: {\n          line: 1,\n          column: 15\n        },\n        end: {\n          line: 1,\n          column: 20\n        }\n      }\n    },\n    start: 0,\n    end: 20,\n    range: [0, 20],\n    loc: {\n      start: {\n        line: 1,\n        column: 0\n      },\n      end: {\n        line: 1,\n        column: 20\n      }\n    }\n  });\n}\n\n[0;31m  AST location data as expected for ExportAllDeclaration node[0m \n[0;31m  AssertionError: Expected AST node type [0m[0;31m to equal [0mExportAllDeclaration[0;31m\n    at exports.eq (/home/travis/build/jashkenas/coffeescript/test/support/helpers.coffee:1:1)\n    at testSingleNodeLocationData (anonymous>:1:1)\n    at testAstNodeLocationData (anonymous>:1:1)\n    at testAstLocationData (anonymous>:1:1)\n    at Function.eval (anonymous>:1:1)\n    at global.test (/home/travis/build/jashkenas/coffeescript/Cakefile:538:21)\n    at eval (anonymous>:1:1)\n[0m \n  function () {\n  return testAstLocationData('export * from \"module-name\"', {\n    type: 'ExportAllDeclaration',\n    source: {\n      start: 14,\n      end: 27,\n      range: [14, 27],\n      loc: {\n        start: {\n          line: 1,\n          column: 14\n        },\n        end: {\n          line: 1,\n          column: 27\n        }\n      }\n    },\n    start: 0,\n    end: 27,\n    range: [0, 27],\n    loc: {\n      start: {\n        line: 1,\n        column: 0\n      },\n      end: {\n        line: 1,\n        column: 27\n      }\n    }\n  });\n}\n\n[0;31m  AST location data as expected for ImportDefaultSpecifier node[0m \n[0;31m  AssertionError: Expected AST node type [0m[0;31m to equal [0mImportDeclaration[0;31m\n    at exports.eq (/home/travis/build/jashkenas/coffeescript/test/support/helpers.coffee:1:1)\n    at testSingleNodeLocationData (anonymous>:1:1)\n    at testAstNodeLocationData (anonymous>:1:1)\n    at testAstLocationData (anonymous>:1:1)\n    at Function.eval (anonymous>:1:1)\n    at global.test (/home/travis/build/jashkenas/coffeescript/Cakefile:538:21)\n    at eval (anonymous>:1:1)\n[0m \n  function () {\n  return testAstLocationData('import React from \"react\"', {\n    type: 'ImportDeclaration',\n    specifiers: [\n      {\n        start: 7,\n        end: 12,\n        range: [7,\n      12],\n        loc: {\n          start: {\n            line: 1,\n            column: 7\n          },\n          end: {\n            line: 1,\n            column: 12\n          }\n        }\n      }\n    ],\n    source: {\n      start: 18,\n      end: 25,\n      range: [18, 25],\n      loc: {\n        start: {\n          line: 1,\n          column: 18\n        },\n        end: {\n          line: 1,\n          column: 25\n        }\n      }\n    },\n    start: 0,\n    end: 25,\n    range: [0, 25],\n    loc: {\n      start: {\n        line: 1,\n        column: 0\n      },\n      end: {\n        line: 1,\n        column: 25\n      }\n    }\n  });\n}\n\n[0;31m  AST location data as expected for ImportNamespaceSpecifier node[0m \n[0;31m  AssertionError: Expected AST node type [0m[0;31m to equal [0mImportDeclaration[0;31m\n    at exports.eq (/home/travis/build/jashkenas/coffeescript/test/support/helpers.coffee:1:1)\n    at testSingleNodeLocationData (anonymous>:1:1)\n    at testAstNodeLocationData (anonymous>:1:1)\n    at testAstLocationData (anonymous>:1:1)\n    at Function.eval (anonymous>:1:1)\n    at global.test (/home/travis/build/jashkenas/coffeescript/Cakefile:538:21)\n    at eval (anonymous>:1:1)\n[0m \n  function () {\n  testAstLocationData('import * as React from \"react\"', {\n    type: 'ImportDeclaration',\n    specifiers: [\n      {\n        start: 7,\n        end: 17,\n        range: [7,\n      17],\n        loc: {\n          start: {\n            line: 1,\n            column: 7\n          },\n          end: {\n            line: 1,\n            column: 17\n          }\n        }\n      }\n    ],\n    source: {\n      start: 23,\n      end: 30,\n      range: [23, 30],\n      loc: {\n        start: {\n          line: 1,\n          column: 23\n        },\n        end: {\n          line: 1,\n          column: 30\n        }\n      }\n    },\n    start: 0,\n    end: 30,\n    range: [0, 30],\n    loc: {\n      start: {\n        line: 1,\n        column: 0\n      },\n      end: {\n        line: 1,\n        column: 30\n      }\n    }\n  });\n  return testAstLocationData('import React, * as ReactStar from \"react\"', {\n    type: 'ImportDeclaration',\n    specifiers: [\n      {\n        start: 7,\n        end: 12,\n        range: [7,\n      12],\n        loc: {\n          start: {\n            line: 1,\n            column: 7\n          },\n          end: {\n            line: 1,\n            column: 12\n          }\n        }\n      },\n      {\n        local: {\n          start: 19,\n          end: 28,\n          range: [19,\n      28],\n          loc: {\n            start: {\n              line: 1,\n              column: 19\n            },\n            end: {\n              line: 1,\n              column: 28\n            }\n          }\n        },\n        start: 14,\n        end: 28,\n        range: [14,\n      28],\n        loc: {\n          start: {\n            line: 1,\n            column: 14\n          },\n          end: {\n            line: 1,\n            column: 28\n          }\n        }\n      }\n    ],\n    source: {\n      start: 34,\n      end: 41,\n      range: [34, 41],\n      loc: {\n        start: {\n          line: 1,\n          column: 34\n        },\n        end: {\n          line: 1,\n          column: 41\n        }\n      }\n    },\n    start: 0,\n    end: 41,\n    range: [0, 41],\n    loc: {\n      start: {\n        line: 1,\n        column: 0\n      },\n      end: {\n        line: 1,\n        column: 41\n      }\n    }\n  });\n}\n\n[0;31m  AST location data as expected for Assign node[0m \n[0;31m  AssertionError: Expected AST node type [0mK[0;31m to equal [0mObjectProperty[0;31m\n    at exports.eq (/home/travis/build/jashkenas/coffeescript/test/support/helpers.coffee:1:1)\n    at testSingleNodeLocationData (anonymous>:1:1)\n    at testAstNodeLocationData (anonymous>:1:1)\n    at eval (anonymous>:1:1)\n    at testAstNodeLocationData (anonymous>:1:1)\n    at testAstNodeLocationData (anonymous>:1:1)\n    at testAstLocationData (anonymous>:1:1)\n    at Function.eval (anonymous>:1:1)\n    at global.test (/home/travis/build/jashkenas/coffeescript/Cakefile:538:21)\n    at eval (anonymous>:1:1)\n[0m \n  function () {\n  testAstLocationData('a = b', {\n    type: 'AssignmentExpression',\n    left: {\n      start: 0,\n      end: 1,\n      range: [0, 1],\n      loc: {\n        start: {\n          line: 1,\n          column: 0\n        },\n        end: {\n          line: 1,\n          column: 1\n        }\n      }\n    },\n    right: {\n      start: 4,\n      end: 5,\n      range: [4, 5],\n      loc: {\n        start: {\n          line: 1,\n          column: 4\n        },\n        end: {\n          line: 1,\n          column: 5\n        }\n      }\n    },\n    start: 0,\n    end: 5,\n    range: [0, 5],\n    loc: {\n      start: {\n        line: 1,\n        column: 0\n      },\n      end: {\n        line: 1,\n        column: 5\n      }\n    }\n  });\n  testAstLocationData('a += b', {\n    type: 'AssignmentExpression',\n    left: {\n      start: 0,\n      end: 1,\n      range: [0, 1],\n      loc: {\n        start: {\n          line: 1,\n          column: 0\n        },\n        end: {\n          line: 1,\n          column: 1\n        }\n      }\n    },\n    right: {\n      start: 5,\n      end: 6,\n      range: [5, 6],\n      loc: {\n        start: {\n          line: 1,\n          column: 5\n        },\n        end: {\n          line: 1,\n          column: 6\n        }\n      }\n    },\n    start: 0,\n    end: 6,\n    range: [0, 6],\n    loc: {\n      start: {\n        line: 1,\n        column: 0\n      },\n      end: {\n        line: 1,\n        column: 6\n      }\n    }\n  });\n  return testAstLocationData('{a: [...b]} = c', {\n    type: 'AssignmentExpression',\n    left: {\n      properties: [\n        {\n          type: 'ObjectProperty',\n          key: {\n            start: 1,\n            end: 2,\n            range: [1,\n        2],\n            loc: {\n              start: {\n                line: 1,\n                column: 1\n              },\n              end: {\n                line: 1,\n                column: 2\n              }\n            }\n          },\n          value: {\n            elements: [\n              {\n                start: 5,\n                end: 9,\n                range: [5,\n              9],\n                loc: {\n                  start: {\n                    line: 1,\n                    column: 5\n                  },\n                  end: {\n                    line: 1,\n                    column: 9\n                  }\n                }\n              }\n            ],\n            start: 4,\n            end: 10,\n            range: [4,\n        10],\n            loc: {\n              start: {\n                line: 1,\n                column: 4\n              },\n              end: {\n                line: 1,\n                column: 10\n              }\n            }\n          },\n          start: 1,\n          end: 10,\n          range: [1,\n        10],\n          loc: {\n            start: {\n              line: 1,\n              column: 1\n            },\n            end: {\n              line: 1,\n              column: 10\n            }\n          }\n        }\n      ],\n      start: 0,\n      end: 11,\n      range: [0, 11],\n      loc: {\n        start: {\n          line: 1,\n          column: 0\n        },\n        end: {\n          line: 1,\n          column: 11\n        }\n      }\n    },\n    right: {\n      start: 14,\n      end: 15,\n      range: [14, 15],\n      loc: {\n        start: {\n          line: 1,\n          column: 14\n        },\n        end: {\n          line: 1,\n          column: 15\n        }\n      }\n    },\n    start: 0,\n    end: 15,\n    range: [0, 15],\n    loc: {\n      start: {\n        line: 1,\n        column: 0\n      },\n      end: {\n        line: 1,\n        column: 15\n      }\n    }\n  });\n}\n\n[0;31m  CSX error: non-matching tag names[0m \n[0;31m  AssertionError: Expected [0m[stdin]:1:6: error: expected corresponding CSX closing tag for span\ndiv>span>/div>/span>\n     ^^^^^[0;31m to equal [0m[stdin]:1:7: error: expected corresponding CSX closing tag for span\ndiv>span>/div>/span>\n      ^^^^[0;31m\n    at exports.eq (/home/travis/build/jashkenas/coffeescript/test/support/helpers.coffee:1:1)\n    at Object.eval (anonymous>:1:1)\n    at expectedException (assert.js:299:19)\n    at innerThrows (assert.js:343:8)\n    at throws (assert.js:350:3)\n    at assertErrorFormat (anonymous>:1:1)\n    at Function.eval (anonymous>:1:1)\n    at global.test (/home/travis/build/jashkenas/coffeescript/Cakefile:538:21)\n    at eval (anonymous>:1:1)\n    at Object.s.run (/tmp/coffeescript.js:1:31704)\n    at runTests (/home/travis/build/jashkenas/coffeescript/Cakefile:609:22)\n    at /home/travis/build/jashkenas/coffeescript/Cakefile:687:21\n    at finalCallback (/home/travis/build/jashkenas/coffeescript/node_modules/webpack/lib/Compiler.js:210:39)\n    at hooks.done.callAsync.err (/home/travis/build/jashkenas/coffeescript/node_modules/webpack/lib/Compiler.js:259:14)\n    at AsyncSeriesHook.eval [as callAsync] (anonymous>:1:1)\n    at AsyncSeriesHook.lazyCompileHook (/home/travis/build/jashkenas/coffeescript/node_modules/tapable/lib/Hook.js:154:20)\n    at emitRecords.err (/home/travis/build/jashkenas/coffeescript/node_modules/webpack/lib/Compiler.js:257:22)\n    at Compiler.emitRecords (/home/travis/build/jashkenas/coffeescript/node_modules/webpack/lib/Compiler.js:372:39)\n    at emitAssets.err (/home/travis/build/jashkenas/coffeescript/node_modules/webpack/lib/Compiler.js:251:10)\n    at hooks.afterEmit.callAsync.err (/home/travis/build/jashkenas/coffeescript/node_modules/webpack/lib/Compiler.js:358:14)\n    at AsyncSeriesHook.eval [as callAsync] (anonymous>:1:1)\n    at AsyncSeriesHook.lazyCompileHook (/home/travis/build/jashkenas/coffeescript/node_modules/tapable/lib/Hook.js:154:20)\n    at asyncLib.forEach.err (/home/travis/build/jashkenas/coffeescript/node_modules/webpack/lib/Compiler.js:355:27)\n    at done (/home/travis/build/jashkenas/coffeescript/node_modules/neo-async/async.js:2854:11)\n    at /home/travis/build/jashkenas/coffeescript/node_modules/neo-async/async.js:2805:7\n    at /home/travis/build/jashkenas/coffeescript/node_modules/graceful-fs/graceful-fs.js:43:10\n    at FSReqWrap.oncomplete (fs.js:123:15)\n[0m \n  function () {\n  return assertErrorFormat('div>span>/div>/span>', '[stdin]:1:6: error: expected corresponding CSX closing tag for span\\ndiv>span>/div>/span>\\n     ^^^^^');\n}\ntravis_time:end:2b8bb82c:start=1543384322020412199,finish=1543384341261893103,duration=19241480904\n[0K[32;1mThe command \"node ./bin/cake test:integrations\" exited with 0.[0m\n\ntravis_time:start:12f2843d\n[0K$ node ./bin/cake build:except-parser\ntravis_time:end:12f2843d:start=1543384341266085628,finish=1543384347013018030,duration=5746932402\n[0K[32;1mThe command \"node ./bin/cake build:except-parser\" exited with 0.[0m\n\ntravis_time:start:0451e754\n[0K$ node ./bin/cake build:parser\ntravis_time:end:0451e754:start=1543384347017225097,finish=1543384416837498342,duration=69820273245\n[0K[32;1mThe command \"node ./bin/cake build:parser\" exited with 0.[0m\n\ntravis_time:start:265d7ad9\n[0K$ node ./bin/cake build:full\n(node:5159) UnhandledPromiseRejectionWarning: Unhandled promise rejection (rejection id: 2): undefined\n[0;31mfailed 1 and passed 1309 tests in 10.83 seconds[0m[0m \n\n[0;31m  CSX error: non-matching tag names[0m \n[0;31m  AssertionError: Expected [0m[stdin]:1:6: error: expected corresponding CSX closing tag for span\ndiv>span>/div>/span>\n     ^^^^^[0;31m to equal [0m[stdin]:1:7: error: expected corresponding CSX closing tag for span\ndiv>span>/div>/span>\n      ^^^^[0;31m\n    at exports.eq (/home/travis/build/jashkenas/coffeescript/test/support/helpers.coffee:28:3)\n    at Object.anonymous> (/home/travis/build/jashkenas/coffeescript/test/error_messages.coffee:1:1)\n    at expectedException (assert.js:299:19)\n    at innerThrows (assert.js:343:8)\n    at throws (assert.js:350:3)\n    at assertErrorFormat (/home/travis/build/jashkenas/coffeescript/test/error_messages.coffee:1:1)\n    at Function.anonymous> (/home/travis/build/jashkenas/coffeescript/test/error_messages.coffee:1:1)\n    at global.test (/home/travis/build/jashkenas/coffeescript/Cakefile:538:21)\n    at Object.anonymous> (/home/travis/build/jashkenas/coffeescript/test/error_messages.coffee:1:1)\n    at Object.anonymous> (/home/travis/build/jashkenas/coffeescript/test/error_messages.coffee:1:1)\n    at Module._compile (module.js:577:32)\n    at Object.CoffeeScript.run (/home/travis/build/jashkenas/coffeescript/lib/coffeescript/index.js:67:23)\n    at runTests (/home/travis/build/jashkenas/coffeescript/Cakefile:609:22)\n    at testBuiltCode (/home/travis/build/jashkenas/coffeescript/Cakefile:150:19)\n    at /home/travis/build/jashkenas/coffeescript/Cakefile:67:16\n    at ChildProcess.anonymous> (/home/travis/build/jashkenas/coffeescript/Cakefile:55:16)\n    at emitTwo (events.js:106:13)\n    at ChildProcess.emit (events.js:191:7)\n    at Process.ChildProcess._handle.onexit (internal/child_process.js:219:12)\n[0m \n  function () {\n    return assertErrorFormat('div>span>/div>/span>', '[stdin]:1:6: error: expected corresponding CSX closing tag for span\\ndiv>span>/div>/span>\\n     ^^^^^');\n  }",
  "keywords": [
    "failed",
    "Error",
    ""
  ],
  "category": "1",
  "full_log": "travis_fold:start:worker_info\n\u001b[0K\u001b[33;1mWorker information\u001b[0m\nhostname: 6b639590-a2f2-48b2-8dd7-eef743567d42@1.production-3-worker-org-gce-gxh8\nversion: v5.1.0 https://github.com/travis-ci/worker/tree/0bdbc36fc39a4c4c18f44c0a80f1eadac7a66a65\ninstance: travis-job-e7a5ed0e-766b-4f27-b820-c7549163b8c7 travis-ci-garnet-trusty-1512502259-986baf0 (via amqp)\nstartup: 6.866926913s\ntravis_fold:end:worker_info\n\u001b[0Ktravis_fold:start:system_info\n\u001b[0K\u001b[33;1mBuild system information\u001b[0m\nBuild language: node_js\nBuild group: stable\nBuild dist: trusty\nBuild id: 460615864\nJob id: 460615865\nRuntime kernel version: 4.4.0-101-generic\ntravis-build version: a3472fade\n\u001b[34m\u001b[1mBuild image provisioning date and time\u001b[0m\nTue Dec  5 19:58:13 UTC 2017\n\u001b[34m\u001b[1mOperating System Details\u001b[0m\nDistributor ID:\tUbuntu\nDescription:\tUbuntu 14.04.5 LTS\nRelease:\t14.04\nCodename:\ttrusty\n\u001b[34m\u001b[1mCookbooks Version\u001b[0m\n7c2c6a6 https://github.com/travis-ci/travis-cookbooks/tree/7c2c6a6\n\u001b[34m\u001b[1mgit version\u001b[0m\ngit version 2.15.1\n\u001b[34m\u001b[1mbash version\u001b[0m\nGNU bash, version 4.3.11(1)-release (x86_64-pc-linux-gnu)\n\u001b[34m\u001b[1mgcc version\u001b[0m\ngcc (Ubuntu 4.8.4-2ubuntu1~14.04.3) 4.8.4\nCopyright (C) 2013 Free Software Foundation, Inc.\nThis is free software; see the source for copying conditions.  There is NO\nwarranty; not even for MERCHANTABILITY or FITNESS FOR A PARTICULAR PURPOSE.\n\n\u001b[34m\u001b[1mdocker version\u001b[0m\nClient:\n Version:      17.09.0-ce\n API version:  1.32\n Go version:   go1.8.3\n Git commit:   afdb6d4\n Built:        Tue Sep 26 22:42:38 2017\n OS/Arch:      linux/amd64\n\nServer:\n Version:      17.09.0-ce\n API version:  1.32 (minimum version 1.12)\n Go version:   go1.8.3\n Git commit:   afdb6d4\n Built:        Tue Sep 26 22:41:20 2017\n OS/Arch:      linux/amd64\n Experimental: false\n\u001b[34m\u001b[1mclang version\u001b[0m\nclang version 5.0.0 (tags/RELEASE_500/final)\nTarget: x86_64-unknown-linux-gnu\nThread model: posix\nInstalledDir: /usr/local/clang-5.0.0/bin\n\u001b[34m\u001b[1mjq version\u001b[0m\njq-1.5\n\u001b[34m\u001b[1mbats version\u001b[0m\nBats 0.4.0\n\u001b[34m\u001b[1mshellcheck version\u001b[0m\n0.4.6\n\u001b[34m\u001b[1mshfmt version\u001b[0m\nv2.0.0\n\u001b[34m\u001b[1mccache version\u001b[0m\nccache version 3.1.9\n\nCopyright (C) 2002-2007 Andrew Tridgell\nCopyright (C) 2009-2011 Joel Rosdahl\n\nThis program is free software; you can redistribute it and/or modify it under\nthe terms of the GNU General Public License as published by the Free Software\nFoundation; either version 3 of the License, or (at your option) any later\nversion.\n\u001b[34m\u001b[1mcmake version\u001b[0m\ncmake version 3.9.2\n\nCMake suite maintained and supported by Kitware (kitware.com/cmake).\n\u001b[34m\u001b[1mheroku version\u001b[0m\nheroku-cli/6.14.39-addc925 (linux-x64) node-v9.2.0\n\u001b[34m\u001b[1mimagemagick version\u001b[0m\nVersion: ImageMagick 6.7.7-10 2017-07-31 Q16 http://www.imagemagick.org\n\u001b[34m\u001b[1mmd5deep version\u001b[0m\n4.2\n\u001b[34m\u001b[1mmercurial version\u001b[0m\nMercurial Distributed SCM (version 4.2.2)\n(see https://mercurial-scm.org for more information)\n\nCopyright (C) 2005-2017 Matt Mackall and others\nThis is free software; see the source for copying conditions. There is NO\nwarranty; not even for MERCHANTABILITY or FITNESS FOR A PARTICULAR PURPOSE.\n\u001b[34m\u001b[1mmysql version\u001b[0m\nmysql  Ver 14.14 Distrib 5.6.33, for debian-linux-gnu (x86_64) using  EditLine wrapper\n\u001b[34m\u001b[1mopenssl version\u001b[0m\nOpenSSL 1.0.1f 6 Jan 2014\n\u001b[34m\u001b[1mpacker version\u001b[0m\nPacker v1.0.2\n\nYour version of Packer is out of date! The latest version\nis 1.1.2. You can update by downloading from www.packer.io\n\u001b[34m\u001b[1mpostgresql client version\u001b[0m\npsql (PostgreSQL) 9.6.6\n\u001b[34m\u001b[1mragel version\u001b[0m\nRagel State Machine Compiler version 6.8 Feb 2013\nCopyright (c) 2001-2009 by Adrian Thurston\n\u001b[34m\u001b[1msubversion version\u001b[0m\nsvn, version 1.8.8 (r1568071)\n   compiled Aug 10 2017, 17:20:39 on x86_64-pc-linux-gnu\n\nCopyright (C) 2013 The Apache Software Foundation.\nThis software consists of contributions made by many people;\nsee the NOTICE file for more information.\nSubversion is open source software, see http://subversion.apache.org/\n\nThe following repository access (RA) modules are available:\n\n* ra_svn : Module for accessing a repository using the svn network protocol.\n  - with Cyrus SASL authentication\n  - handles 'svn' scheme\n* ra_local : Module for accessing a repository on local disk.\n  - handles 'file' scheme\n* ra_serf : Module for accessing a repository via WebDAV protocol using serf.\n  - using serf 1.3.3\n  - handles 'http' scheme\n  - handles 'https' scheme\n\n\u001b[34m\u001b[1msudo version\u001b[0m\nSudo version 1.8.9p5\nConfigure options: --prefix=/usr -v --with-all-insults --with-pam --with-fqdn --with-logging=syslog --with-logfac=authpriv --with-env-editor --with-editor=/usr/bin/editor --with-timeout=15 --with-password-timeout=0 --with-passprompt=[sudo] password for %p:  --without-lecture --with-tty-tickets --disable-root-mailer --enable-admin-flag --with-sendmail=/usr/sbin/sendmail --with-timedir=/var/lib/sudo --mandir=/usr/share/man --libexecdir=/usr/lib/sudo --with-sssd --with-sssd-lib=/usr/lib/x86_64-linux-gnu --with-selinux\nSudoers policy plugin version 1.8.9p5\nSudoers file grammar version 43\n\nSudoers path: /etc/sudoers\nAuthentication methods: 'pam'\nSyslog facility if syslog is being used for logging: authpriv\nSyslog priority to use when user authenticates successfully: notice\nSyslog priority to use when user authenticates unsuccessfully: alert\nSend mail if the user is not in sudoers\nUse a separate timestamp for each user/tty combo\nLecture user the first time they run sudo\nRoot may run sudo\nAllow some information gathering to give useful error messages\nRequire fully-qualified hostnames in the sudoers file\nVisudo will honor the EDITOR environment variable\nSet the LOGNAME and USER environment variables\nLength at which to wrap log file lines (0 for no wrap): 80\nAuthentication timestamp timeout: 15.0 minutes\nPassword prompt timeout: 0.0 minutes\nNumber of tries to enter a password: 3\nUmask to use or 0777 to use user's: 022\nPath to mail program: /usr/sbin/sendmail\nFlags for mail program: -t\nAddress to send mail to: root\nSubject line for mail messages: *** SECURITY information for %h ***\nIncorrect password message: Sorry, try again.\nPath to authentication timestamp dir: /var/lib/sudo\nDefault password prompt: [sudo] password for %p: \nDefault user to run commands as: root\nValue to override user's $PATH with: /usr/local/sbin:/usr/local/bin:/usr/sbin:/usr/bin:/sbin:/bin:/snap/bin\nPath to the editor for use by visudo: /usr/bin/editor\nWhen to require a password for 'list' pseudocommand: any\nWhen to require a password for 'verify' pseudocommand: all\nFile descriptors >= 3 will be closed before executing a command\nEnvironment variables to check for sanity:\n\tTZ\n\tTERM\n\tLINGUAS\n\tLC_*\n\tLANGUAGE\n\tLANG\n\tCOLORTERM\nEnvironment variables to remove:\n\tRUBYOPT\n\tRUBYLIB\n\tPYTHONUSERBASE\n\tPYTHONINSPECT\n\tPYTHONPATH\n\tPYTHONHOME\n\tTMPPREFIX\n\tZDOTDIR\n\tREADNULLCMD\n\tNULLCMD\n\tFPATH\n\tPERL5DB\n\tPERL5OPT\n\tPERL5LIB\n\tPERLLIB\n\tPERLIO_DEBUG \n\tJAVA_TOOL_OPTIONS\n\tSHELLOPTS\n\tGLOBIGNORE\n\tPS4\n\tBASH_ENV\n\tENV\n\tTERMCAP\n\tTERMPATH\n\tTERMINFO_DIRS\n\tTERMINFO\n\t_RLD*\n\tLD_*\n\tPATH_LOCALE\n\tNLSPATH\n\tHOSTALIASES\n\tRES_OPTIONS\n\tLOCALDOMAIN\n\tCDPATH\n\tIFS\nEnvironment variables to preserve:\n\tJAVA_HOME\n\tTRAVIS\n\tCI\n\tDEBIAN_FRONTEND\n\tXAUTHORIZATION\n\tXAUTHORITY\n\tPS2\n\tPS1\n\tPATH\n\tLS_COLORS\n\tKRB5CCNAME\n\tHOSTNAME\n\tHOME\n\tDISPLAY\n\tCOLORS\nLocale to use while parsing sudoers: C\nDirectory in which to store input/output logs: /var/log/sudo-io\nFile in which to store the input/output log: %{seq}\nAdd an entry to the utmp/utmpx file when allocating a pty\nPAM service name to use\nPAM service name to use for login shells\nCreate a new PAM session for the command to run in\nMaximum I/O log sequence number: 0\n\nLocal IP address and netmask pairs:\n\t10.240.0.28/255.255.255.255\n\t172.17.0.1/255.255.0.0\n\nSudoers I/O plugin version 1.8.9p5\n\u001b[34m\u001b[1mgzip version\u001b[0m\ngzip 1.6\nCopyright (C) 2007, 2010, 2011 Free Software Foundation, Inc.\nCopyright (C) 1993 Jean-loup Gailly.\nThis is free software.  You may redistribute copies of it under the terms of\nthe GNU General Public License <http://www.gnu.org/licenses/gpl.html>.\nThere is NO WARRANTY, to the extent permitted by law.\n\nWritten by Jean-loup Gailly.\n\u001b[34m\u001b[1mzip version\u001b[0m\nCopyright (c) 1990-2008 Info-ZIP - Type 'zip \"-L\"' for software license.\nThis is Zip 3.0 (July 5th 2008), by Info-ZIP.\nCurrently maintained by E. Gordon.  Please send bug reports to\nthe authors using the web page at www.info-zip.org; see README for details.\n\nLatest sources and executables are at ftp://ftp.info-zip.org/pub/infozip,\nas of above date; see http://www.info-zip.org/ for other sites.\n\nCompiled with gcc 4.8.2 for Unix (Linux ELF) on Oct 21 2013.\n\nZip special compilation options:\n\tUSE_EF_UT_TIME       (store Universal Time)\n\tBZIP2_SUPPORT        (bzip2 library version 1.0.6, 6-Sept-2010)\n\t    bzip2 code and library copyright (c) Julian R Seward\n\t    (See the bzip2 license for terms of use)\n\tSYMLINK_SUPPORT      (symbolic links supported)\n\tLARGE_FILE_SUPPORT   (can read and write large files on file system)\n\tZIP64_SUPPORT        (use Zip64 to store large files in archives)\n\tUNICODE_SUPPORT      (store and read UTF-8 Unicode paths)\n\tSTORE_UNIX_UIDs_GIDs (store UID/GID sizes/values using new extra field)\n\tUIDGID_NOT_16BIT     (old Unix 16-bit UID/GID extra field not used)\n\t[encryption, version 2.91 of 05 Jan 2007] (modified for Zip 3)\n\nEncryption notice:\n\tThe encryption code of this program is not copyrighted and is\n\tput in the public domain.  It was originally written in Europe\n\tand, to the best of our knowledge, can be freely distributed\n\tin both source and object forms from any country, including\n\tthe USA under License Exception TSU of the U.S. Export\n\tAdministration Regulations (section 740.13(e)) of 6 June 2002.\n\nZip environment options:\n             ZIP:  [none]\n          ZIPOPT:  [none]\n\u001b[34m\u001b[1mvim version\u001b[0m\nVIM - Vi IMproved 7.4 (2013 Aug 10, compiled Nov 24 2016 16:43:18)\nIncluded patches: 1-52\nExtra patches: 8.0.0056\nModified by pkg-vim-maintainers@lists.alioth.debian.org\nCompiled by buildd@\nHuge version without GUI.  Features included (+) or not (-):\n+acl             +farsi           +mouse_netterm   +syntax\n+arabic          +file_in_path    +mouse_sgr       +tag_binary\n+autocmd         +find_in_path    -mouse_sysmouse  +tag_old_static\n-balloon_eval    +float           +mouse_urxvt     -tag_any_white\n-browse          +folding         +mouse_xterm     -tcl\n++builtin_terms  -footer          +multi_byte      +terminfo\n+byte_offset     +fork()          +multi_lang      +termresponse\n+cindent         +gettext         -mzscheme        +textobjects\n-clientserver    -hangul_input    +netbeans_intg   +title\n-clipboard       +iconv           +path_extra      -toolbar\n+cmdline_compl   +insert_expand   -perl            +user_commands\n+cmdline_hist    +jumplist        +persistent_undo +vertsplit\n+cmdline_info    +keymap          +postscript      +virtualedit\n+comments        +langmap         +printer         +visual\n+conceal         +libcall         +profile         +visualextra\n+cryptv          +linebreak       +python          +viminfo\n+cscope          +lispindent      -python3         +vreplace\n+cursorbind      +listcmds        +quickfix        +wildignore\n+cursorshape     +localmap        +reltime         +wildmenu\n+dialog_con      -lua             +rightleft       +windows\n+diff            +menu            -ruby            +writebackup\n+digraphs        +mksession       +scrollbind      -X11\n-dnd             +modify_fname    +signs           -xfontset\n-ebcdic          +mouse           +smartindent     -xim\n+emacs_tags      -mouseshape      -sniff           -xsmp\n+eval            +mouse_dec       +startuptime     -xterm_clipboard\n+ex_extra        +mouse_gpm       +statusline      -xterm_save\n+extra_search    -mouse_jsbterm   -sun_workshop    -xpm\n   system vimrc file: \"$VIM/vimrc\"\n     user vimrc file: \"$HOME/.vimrc\"\n 2nd user vimrc file: \"~/.vim/vimrc\"\n      user exrc file: \"$HOME/.exrc\"\n  fall-back for $VIM: \"/usr/share/vim\"\nCompilation: gcc -c -I. -Iproto -DHAVE_CONFIG_H     -g -O2 -fstack-protector --param=ssp-buffer-size=4 -Wformat -Werror=format-security -U_FORTIFY_SOURCE -D_FORTIFY_SOURCE=1      \nLinking: gcc   -Wl,-Bsymbolic-functions -Wl,-z,relro -Wl,--as-needed -o vim        -lm -ltinfo -lnsl  -lselinux  -lacl -lattr -lgpm -ldl    -L/usr/lib/python2.7/config-x86_64-linux-gnu -lpython2.7 -lpthread -ldl -lutil -lm -Xlinker -export-dynamic -Wl,-O1 -Wl,-Bsymbolic-functions      \n\u001b[34m\u001b[1miptables version\u001b[0m\niptables v1.4.21\n\u001b[34m\u001b[1mcurl version\u001b[0m\ncurl 7.35.0 (x86_64-pc-linux-gnu) libcurl/7.35.0 OpenSSL/1.0.1f zlib/1.2.8 libidn/1.28 librtmp/2.3\n\u001b[34m\u001b[1mwget version\u001b[0m\nGNU Wget 1.15 built on linux-gnu.\n\u001b[34m\u001b[1mrsync version\u001b[0m\nrsync  version 3.1.0  protocol version 31\n\u001b[34m\u001b[1mgimme version\u001b[0m\nv1.2.0\n\u001b[34m\u001b[1mnvm version\u001b[0m\n0.33.6\n\u001b[34m\u001b[1mperlbrew version\u001b[0m\n/home/travis/perl5/perlbrew/bin/perlbrew  - App::perlbrew/0.80\n\u001b[34m\u001b[1mphpenv version\u001b[0m\nrbenv 1.1.1-25-g6aa70b6\n\u001b[34m\u001b[1mrvm version\u001b[0m\nrvm 1.29.3 (latest) by Michal Papis, Piotr Kuczynski, Wayne E. Seguin [https://rvm.io]\n\u001b[34m\u001b[1mdefault ruby version\u001b[0m\nruby 2.4.1p111 (2017-03-22 revision 58053) [x86_64-linux]\n\u001b[34m\u001b[1mCouchDB version\u001b[0m\ncouchdb 1.6.1\n\u001b[34m\u001b[1mElasticSearch version\u001b[0m\n5.5.0\n\u001b[34m\u001b[1mInstalled Firefox version\u001b[0m\nfirefox 56.0.2\n\u001b[34m\u001b[1mMongoDB version\u001b[0m\nMongoDB 3.4.10\n\u001b[34m\u001b[1mPhantomJS version\u001b[0m\n2.1.1\n\u001b[34m\u001b[1mPre-installed PostgreSQL versions\u001b[0m\n9.2.24\n9.3.20\n9.4.15\n9.5.10\n9.6.6\n\u001b[34m\u001b[1mRabbitMQ Version\u001b[0m\n3.6.14\n\u001b[34m\u001b[1mRedis version\u001b[0m\nredis-server 4.0.6\n\u001b[34m\u001b[1mriak version\u001b[0m\n2.2.3\n\u001b[34m\u001b[1mPre-installed Go versions\u001b[0m\n1.7.4\n\u001b[34m\u001b[1mant version\u001b[0m\nApache Ant(TM) version 1.9.3 compiled on April 8 2014\n\u001b[34m\u001b[1mmvn version\u001b[0m\nApache Maven 3.5.2 (138edd61fd100ec658bfa2d307c43b76940a5d7d; 2017-10-18T07:58:13Z)\nMaven home: /usr/local/maven-3.5.2\nJava version: 1.8.0_151, vendor: Oracle Corporation\nJava home: /usr/lib/jvm/java-8-oracle/jre\nDefault locale: en_US, platform encoding: UTF-8\nOS name: \"linux\", version: \"4.4.0-98-generic\", arch: \"amd64\", family: \"unix\"\n\u001b[34m\u001b[1mgradle version\u001b[0m\n\n------------------------------------------------------------\nGradle 4.0.1\n------------------------------------------------------------\n\nBuild time:   2017-07-07 14:02:41 UTC\nRevision:     38e5dc0f772daecca1d2681885d3d85414eb6826\n\nGroovy:       2.4.11\nAnt:          Apache Ant(TM) version 1.9.6 compiled on June 29 2015\nJVM:          1.8.0_151 (Oracle Corporation 25.151-b12)\nOS:           Linux 4.4.0-98-generic amd64\n\n\u001b[34m\u001b[1mlein version\u001b[0m\nLeiningen 2.8.1 on Java 1.8.0_151 Java HotSpot(TM) 64-Bit Server VM\n\u001b[34m\u001b[1mPre-installed Node.js versions\u001b[0m\nv4.8.6\nv6.12.0\nv6.12.1\nv8.9\nv8.9.1\n\u001b[34m\u001b[1mphpenv versions\u001b[0m\n  system\n  5.6\n* 5.6.32 (set by /home/travis/.phpenv/version)\n  7.0\n  7.0.25\n  7.1\n  7.1.11\n  hhvm\n  hhvm-stable\n\u001b[34m\u001b[1mcomposer --version\u001b[0m\nComposer version 1.5.2 2017-09-11 16:59:25\n\u001b[34m\u001b[1mPre-installed Ruby versions\u001b[0m\nruby-2.2.7\nruby-2.3.4\nruby-2.4.1\ntravis_fold:end:system_info\n\u001b[0K\nSetting APT mirror in /etc/apt/sources.list: http://us-east-1.ec2.archive.ubuntu.com/ubuntu/\n\ntravis_fold:start:git.checkout\n\u001b[0Ktravis_time:start:150aa590\n\u001b[0K$ git clone --depth=50 https://github.com/jashkenas/coffeescript.git jashkenas/coffeescript\nCloning into 'jashkenas/coffeescript'...\nremote: Enumerating objects: 1069, done.\u001b[K\nremote: Counting objects:   0% (1/1069)   \u001b[K\nremote: Counting objects:   1% (11/1069)   \u001b[K\nremote: Counting objects:   2% (22/1069)   \u001b[K\nremote: Counting objects:   3% (33/1069)   \u001b[K\nremote: Counting objects:   4% (43/1069)   \u001b[K\nremote: Counting objects:   5% (54/1069)   \u001b[K\nremote: Counting objects:   6% (65/1069)   \u001b[K\nremote: Counting objects:   7% (75/1069)   \u001b[K\nremote: Counting objects:   8% (86/1069)   \u001b[K\nremote: Counting objects:   9% (97/1069)   \u001b[K\nremote: Counting objects:  10% (107/1069)   \u001b[K\nremote: Counting objects:  11% (118/1069)   \u001b[K\nremote: Counting objects:  12% (129/1069)   \u001b[K\nremote: Counting objects:  13% (139/1069)   \u001b[K\nremote: Counting objects:  14% (150/1069)   \u001b[K\nremote: Counting objects:  15% (161/1069)   \u001b[K\nremote: Counting objects:  16% (172/1069)   \u001b[K\nremote: Counting objects:  17% (182/1069)   \u001b[K\nremote: Counting objects:  18% (193/1069)   \u001b[K\nremote: Counting objects:  19% (204/1069)   \u001b[K\nremote: Counting objects:  20% (214/1069)   \u001b[K\nremote: Counting objects:  21% (225/1069)   \u001b[K\nremote: Counting objects:  22% (236/1069)   \u001b[K\nremote: Counting objects:  23% (246/1069)   \u001b[K\nremote: Counting objects:  24% (257/1069)   \u001b[K\nremote: Counting objects:  25% (268/1069)   \u001b[K\nremote: Counting objects:  26% (278/1069)   \u001b[K\nremote: Counting objects:  27% (289/1069)   \u001b[K\nremote: Counting objects:  28% (300/1069)   \u001b[K\nremote: Counting objects:  29% (311/1069)   \u001b[K\nremote: Counting objects:  30% (321/1069)   \u001b[K\nremote: Counting objects:  31% (332/1069)   \u001b[K\nremote: Counting objects:  32% (343/1069)   \u001b[K\nremote: Counting objects:  33% (353/1069)   \u001b[K\nremote: Counting objects:  34% (364/1069)   \u001b[K\nremote: Counting objects:  35% (375/1069)   \u001b[K\nremote: Counting objects:  36% (385/1069)   \u001b[K\nremote: Counting objects:  37% (396/1069)   \u001b[K\nremote: Counting objects:  38% (407/1069)   \u001b[K\nremote: Counting objects:  39% (417/1069)   \u001b[K\nremote: Counting objects:  40% (428/1069)   \u001b[K\nremote: Counting objects:  41% (439/1069)   \u001b[K\nremote: Counting objects:  42% (449/1069)   \u001b[K\nremote: Counting objects:  43% (460/1069)   \u001b[K\nremote: Counting objects:  44% (471/1069)   \u001b[K\nremote: Counting objects:  45% (482/1069)   \u001b[K\nremote: Counting objects:  46% (492/1069)   \u001b[K\nremote: Counting objects:  47% (503/1069)   \u001b[K\nremote: Counting objects:  48% (514/1069)   \u001b[K\nremote: Counting objects:  49% (524/1069)   \u001b[K\nremote: Counting objects:  50% (535/1069)   \u001b[K\nremote: Counting objects:  51% (546/1069)   \u001b[K\nremote: Counting objects:  52% (556/1069)   \u001b[K\nremote: Counting objects:  53% (567/1069)   \u001b[K\nremote: Counting objects:  54% (578/1069)   \u001b[K\nremote: Counting objects:  55% (588/1069)   \u001b[K\nremote: Counting objects:  56% (599/1069)   \u001b[K\nremote: Counting objects:  57% (610/1069)   \u001b[K\nremote: Counting objects:  58% (621/1069)   \u001b[K\nremote: Counting objects:  59% (631/1069)   \u001b[K\nremote: Counting objects:  60% (642/1069)   \u001b[K\nremote: Counting objects:  61% (653/1069)   \u001b[K\nremote: Counting objects:  62% (663/1069)   \u001b[K\nremote: Counting objects:  63% (674/1069)   \u001b[K\nremote: Counting objects:  64% (685/1069)   \u001b[K\nremote: Counting objects:  65% (695/1069)   \u001b[K\nremote: Counting objects:  66% (706/1069)   \u001b[K\nremote: Counting objects:  67% (717/1069)   \u001b[K\nremote: Counting objects:  68% (727/1069)   \u001b[K\nremote: Counting objects:  69% (738/1069)   \u001b[K\nremote: Counting objects:  70% (749/1069)   \u001b[K\nremote: Counting objects:  71% (759/1069)   \u001b[K\nremote: Counting objects:  72% (770/1069)   \u001b[K\nremote: Counting objects:  73% (781/1069)   \u001b[K\nremote: Counting objects:  74% (792/1069)   \u001b[K\nremote: Counting objects:  75% (802/1069)   \u001b[K\nremote: Counting objects:  76% (813/1069)   \u001b[K\nremote: Counting objects:  77% (824/1069)   \u001b[K\nremote: Counting objects:  78% (834/1069)   \u001b[K\nremote: Counting objects:  79% (845/1069)   \u001b[K\nremote: Counting objects:  80% (856/1069)   \u001b[K\nremote: Counting objects:  81% (866/1069)   \u001b[K\nremote: Counting objects:  82% (877/1069)   \u001b[K\nremote: Counting objects:  83% (888/1069)   \u001b[K\nremote: Counting objects:  84% (898/1069)   \u001b[K\nremote: Counting objects:  85% (909/1069)   \u001b[K\nremote: Counting objects:  86% (920/1069)   \u001b[K\nremote: Counting objects:  87% (931/1069)   \u001b[K\nremote: Counting objects:  88% (941/1069)   \u001b[K\nremote: Counting objects:  89% (952/1069)   \u001b[K\nremote: Counting objects:  90% (963/1069)   \u001b[K\nremote: Counting objects:  91% (973/1069)   \u001b[K\nremote: Counting objects:  92% (984/1069)   \u001b[K\nremote: Counting objects:  93% (995/1069)   \u001b[K\nremote: Counting objects:  94% (1005/1069)   \u001b[K\nremote: Counting objects:  95% (1016/1069)   \u001b[K\nremote: Counting objects:  96% (1027/1069)   \u001b[K\nremote: Counting objects:  97% (1037/1069)   \u001b[K\nremote: Counting objects:  98% (1048/1069)   \u001b[K\nremote: Counting objects:  99% (1059/1069)   \u001b[K\nremote: Counting objects: 100% (1069/1069)   \u001b[K\nremote: Counting objects: 100% (1069/1069), done.\u001b[K\nremote: Compressing objects:   0% (1/680)   \u001b[K\nremote: Compressing objects:   1% (7/680)   \u001b[K\nremote: Compressing objects:   2% (14/680)   \u001b[K\nremote: Compressing objects:   3% (21/680)   \u001b[K\nremote: Compressing objects:   4% (28/680)   \u001b[K\nremote: Compressing objects:   5% (34/680)   \u001b[K\nremote: Compressing objects:   6% (41/680)   \u001b[K\nremote: Compressing objects:   7% (48/680)   \u001b[K\nremote: Compressing objects:   8% (55/680)   \u001b[K\nremote: Compressing objects:   9% (62/680)   \u001b[K\nremote: Compressing objects:  10% (68/680)   \u001b[K\nremote: Compressing objects:  11% (75/680)   \u001b[K\nremote: Compressing objects:  12% (82/680)   \u001b[K\nremote: Compressing objects:  13% (89/680)   \u001b[K\nremote: Compressing objects:  14% (96/680)   \u001b[K\nremote: Compressing objects:  15% (102/680)   \u001b[K\nremote: Compressing objects:  16% (109/680)   \u001b[K\nremote: Compressing objects:  17% (116/680)   \u001b[K\nremote: Compressing objects:  18% (123/680)   \u001b[K\nremote: Compressing objects:  19% (130/680)   \u001b[K\nremote: Compressing objects:  20% (136/680)   \u001b[K\nremote: Compressing objects:  21% (143/680)   \u001b[K\nremote: Compressing objects:  22% (150/680)   \u001b[K\nremote: Compressing objects:  23% (157/680)   \u001b[K\nremote: Compressing objects:  24% (164/680)   \u001b[K\nremote: Compressing objects:  25% (170/680)   \u001b[K\nremote: Compressing objects:  26% (177/680)   \u001b[K\nremote: Compressing objects:  27% (184/680)   \u001b[K\nremote: Compressing objects:  28% (191/680)   \u001b[K\nremote: Compressing objects:  29% (198/680)   \u001b[K\nremote: Compressing objects:  30% (204/680)   \u001b[K\nremote: Compressing objects:  31% (211/680)   \u001b[K\nremote: Compressing objects:  32% (218/680)   \u001b[K\nremote: Compressing objects:  33% (225/680)   \u001b[K\nremote: Compressing objects:  34% (232/680)   \u001b[K\nremote: Compressing objects:  35% (238/680)   \u001b[K\nremote: Compressing objects:  36% (245/680)   \u001b[K\nremote: Compressing objects:  37% (252/680)   \u001b[K\nremote: Compressing objects:  38% (259/680)   \u001b[K\nremote: Compressing objects:  39% (266/680)   \u001b[K\nremote: Compressing objects:  40% (272/680)   \u001b[K\nremote: Compressing objects:  41% (279/680)   \u001b[K\nremote: Compressing objects:  42% (286/680)   \u001b[K\nremote: Compressing objects:  43% (293/680)   \u001b[K\nremote: Compressing objects:  44% (300/680)   \u001b[K\nremote: Compressing objects:  45% (306/680)   \u001b[K\nremote: Compressing objects:  46% (313/680)   \u001b[K\nremote: Compressing objects:  47% (320/680)   \u001b[K\nremote: Compressing objects:  48% (327/680)   \u001b[K\nremote: Compressing objects:  49% (334/680)   \u001b[K\nremote: Compressing objects:  50% (340/680)   \u001b[K\nremote: Compressing objects:  51% (347/680)   \u001b[K\nremote: Compressing objects:  52% (354/680)   \u001b[K\nremote: Compressing objects:  53% (361/680)   \u001b[K\nremote: Compressing objects:  54% (368/680)   \u001b[K\nremote: Compressing objects:  55% (374/680)   \u001b[K\nremote: Compressing objects:  56% (381/680)   \u001b[K\nremote: Compressing objects:  57% (388/680)   \u001b[K\nremote: Compressing objects:  58% (395/680)   \u001b[K\nremote: Compressing objects:  59% (402/680)   \u001b[K\nremote: Compressing objects:  60% (408/680)   \u001b[K\nremote: Compressing objects:  61% (415/680)   \u001b[K\nremote: Compressing objects:  62% (422/680)   \u001b[K\nremote: Compressing objects:  63% (429/680)   \u001b[K\nremote: Compressing objects:  64% (436/680)   \u001b[K\nremote: Compressing objects:  65% (442/680)   \u001b[K\nremote: Compressing objects:  66% (449/680)   \u001b[K\nremote: Compressing objects:  67% (456/680)   \u001b[K\nremote: Compressing objects:  68% (463/680)   \u001b[K\nremote: Compressing objects:  69% (470/680)   \u001b[K\nremote: Compressing objects:  70% (476/680)   \u001b[K\nremote: Compressing objects:  71% (483/680)   \u001b[K\nremote: Compressing objects:  72% (490/680)   \u001b[K\nremote: Compressing objects:  73% (497/680)   \u001b[K\nremote: Compressing objects:  74% (504/680)   \u001b[K\nremote: Compressing objects:  75% (510/680)   \u001b[K\nremote: Compressing objects:  76% (517/680)   \u001b[K\nremote: Compressing objects:  77% (524/680)   \u001b[K\nremote: Compressing objects:  78% (531/680)   \u001b[K\nremote: Compressing objects:  79% (538/680)   \u001b[K\nremote: Compressing objects:  80% (544/680)   \u001b[K\nremote: Compressing objects:  81% (551/680)   \u001b[K\nremote: Compressing objects:  82% (558/680)   \u001b[K\nremote: Compressing objects:  83% (565/680)   \u001b[K\nremote: Compressing objects:  84% (572/680)   \u001b[K\nremote: Compressing objects:  85% (578/680)   \u001b[K\nremote: Compressing objects:  86% (585/680)   \u001b[K\nremote: Compressing objects:  87% (592/680)   \u001b[K\nremote: Compressing objects:  88% (599/680)   \u001b[K\nremote: Compressing objects:  89% (606/680)   \u001b[K\nremote: Compressing objects:  90% (612/680)   \u001b[K\nremote: Compressing objects:  91% (619/680)   \u001b[K\nremote: Compressing objects:  92% (626/680)   \u001b[K\nremote: Compressing objects:  93% (633/680)   \u001b[K\nremote: Compressing objects:  94% (640/680)   \u001b[K\nremote: Compressing objects:  95% (646/680)   \u001b[K\nremote: Compressing objects:  96% (653/680)   \u001b[K\nremote: Compressing objects:  97% (660/680)   \u001b[K\nremote: Compressing objects:  98% (667/680)   \u001b[K\nremote: Compressing objects:  99% (674/680)   \u001b[K\nremote: Compressing objects: 100% (680/680)   \u001b[K\nremote: Compressing objects: 100% (680/680), done.\u001b[K\nReceiving objects:   0% (1/1069)   \nReceiving objects:   1% (11/1069)   \nReceiving objects:   2% (22/1069)   \nReceiving objects:   3% (33/1069)   \nReceiving objects:   4% (43/1069)   \nReceiving objects:   5% (54/1069)   \nReceiving objects:   6% (65/1069)   \nReceiving objects:   7% (75/1069)   \nReceiving objects:   8% (86/1069)   \nReceiving objects:   9% (97/1069)   \nReceiving objects:  10% (107/1069)   \nReceiving objects:  11% (118/1069)   \nReceiving objects:  12% (129/1069)   \nReceiving objects:  13% (139/1069)   \nReceiving objects:  14% (150/1069)   \nReceiving objects:  15% (161/1069)   \nReceiving objects:  16% (172/1069)   \nReceiving objects:  17% (182/1069)   \nReceiving objects:  18% (193/1069)   \nReceiving objects:  19% (204/1069)   \nReceiving objects:  20% (214/1069)   \nReceiving objects:  21% (225/1069)   \nReceiving objects:  22% (236/1069)   \nReceiving objects:  23% (246/1069)   \nReceiving objects:  24% (257/1069)   \nReceiving objects:  25% (268/1069)   \nReceiving objects:  26% (278/1069)   \nReceiving objects:  27% (289/1069)   \nReceiving objects:  28% (300/1069)   \nReceiving objects:  29% (311/1069)   \nReceiving objects:  30% (321/1069)   \nReceiving objects:  31% (332/1069)   \nReceiving objects:  32% (343/1069)   \nReceiving objects:  33% (353/1069)   \nReceiving objects:  34% (364/1069)   \nReceiving objects:  35% (375/1069)   \nReceiving objects:  36% (385/1069)   \nReceiving objects:  37% (396/1069)   \nReceiving objects:  38% (407/1069)   \nReceiving objects:  39% (417/1069)   \nReceiving objects:  40% (428/1069)   \nReceiving objects:  41% (439/1069)   \nReceiving objects:  42% (449/1069)   \nReceiving objects:  43% (460/1069)   \nReceiving objects:  44% (471/1069)   \nReceiving objects:  45% (482/1069)   \nReceiving objects:  46% (492/1069)   \nReceiving objects:  47% (503/1069)   \nReceiving objects:  48% (514/1069)   \nReceiving objects:  49% (524/1069)   \nReceiving objects:  50% (535/1069)   \nReceiving objects:  51% (546/1069)   \nReceiving objects:  52% (556/1069)   \nReceiving objects:  53% (567/1069)   \nReceiving objects:  54% (578/1069)   \nReceiving objects:  55% (588/1069)   \nReceiving objects:  56% (599/1069)   \nReceiving objects:  57% (610/1069)   \nReceiving objects:  58% (621/1069)   \nReceiving objects:  59% (631/1069)   \nReceiving objects:  60% (642/1069)   \nReceiving objects:  61% (653/1069)   \nReceiving objects:  62% (663/1069)   \nReceiving objects:  63% (674/1069)   \nReceiving objects:  64% (685/1069)   \nReceiving objects:  65% (695/1069)   \nReceiving objects:  66% (706/1069)   \nReceiving objects:  67% (717/1069)   \nReceiving objects:  68% (727/1069)   \nReceiving objects:  69% (738/1069)   \nReceiving objects:  70% (749/1069)   \nReceiving objects:  71% (759/1069)   \nReceiving objects:  72% (770/1069)   \nReceiving objects:  73% (781/1069)   \nReceiving objects:  74% (792/1069)   \nReceiving objects:  75% (802/1069)   \nReceiving objects:  76% (813/1069)   \nReceiving objects:  77% (824/1069)   \nReceiving objects:  78% (834/1069)   \nReceiving objects:  79% (845/1069)   \nReceiving objects:  80% (856/1069)   \nReceiving objects:  81% (866/1069)   \nReceiving objects:  82% (877/1069)   \nReceiving objects:  83% (888/1069)   \nReceiving objects:  84% (898/1069)   \nReceiving objects:  85% (909/1069)   \nReceiving objects:  86% (920/1069)   \nReceiving objects:  87% (931/1069)   \nReceiving objects:  88% (941/1069)   \nReceiving objects:  89% (952/1069)   \nReceiving objects:  90% (963/1069)   \nReceiving objects:  91% (973/1069)   \nReceiving objects:  92% (984/1069)   \nReceiving objects:  93% (995/1069)   \nReceiving objects:  94% (1005/1069)   \nReceiving objects:  95% (1016/1069)   \nReceiving objects:  96% (1027/1069)   \nReceiving objects:  97% (1037/1069)   \nReceiving objects:  98% (1048/1069)   \nReceiving objects:  99% (1059/1069)   \nremote: Total 1069 (delta 522), reused 691 (delta 321), pack-reused 0\u001b[K\nReceiving objects: 100% (1069/1069)   \nReceiving objects: 100% (1069/1069), 1.91 MiB | 10.15 MiB/s, done.\nResolving deltas:   0% (0/522)   \nResolving deltas:   2% (14/522)   \nResolving deltas:   8% (42/522)   \nResolving deltas:   9% (47/522)   \nResolving deltas:  12% (67/522)   \nResolving deltas:  13% (68/522)   \nResolving deltas:  14% (77/522)   \nResolving deltas:  16% (87/522)   \nResolving deltas:  18% (97/522)   \nResolving deltas:  19% (104/522)   \nResolving deltas:  25% (131/522)   \nResolving deltas:  26% (137/522)   \nResolving deltas:  27% (141/522)   \nResolving deltas:  29% (153/522)   \nResolving deltas:  30% (158/522)   \nResolving deltas:  31% (164/522)   \nResolving deltas:  32% (172/522)   \nResolving deltas:  33% (174/522)   \nResolving deltas:  34% (180/522)   \nResolving deltas:  36% (190/522)   \nResolving deltas:  42% (222/522)   \nResolving deltas:  44% (232/522)   \nResolving deltas:  48% (252/522)   \nResolving deltas:  49% (257/522)   \nResolving deltas:  50% (262/522)   \nResolving deltas:  51% (267/522)   \nResolving deltas:  52% (275/522)   \nResolving deltas:  53% (277/522)   \nResolving deltas:  54% (282/522)   \nResolving deltas:  56% (293/522)   \nResolving deltas:  57% (302/522)   \nResolving deltas:  60% (314/522)   \nResolving deltas:  62% (328/522)   \nResolving deltas:  64% (337/522)   \nResolving deltas:  66% (348/522)   \nResolving deltas:  68% (360/522)   \nResolving deltas:  70% (367/522)   \nResolving deltas:  72% (379/522)   \nResolving deltas:  73% (386/522)   \nResolving deltas:  75% (395/522)   \nResolving deltas:  77% (405/522)   \nResolving deltas:  78% (412/522)   \nResolving deltas:  80% (419/522)   \nResolving deltas:  81% (424/522)   \nResolving deltas:  83% (434/522)   \nResolving deltas:  84% (439/522)   \nResolving deltas:  85% (445/522)   \nResolving deltas:  87% (456/522)   \nResolving deltas:  88% (463/522)   \nResolving deltas:  89% (466/522)   \nResolving deltas:  90% (471/522)   \nResolving deltas:  91% (476/522)   \nResolving deltas:  92% (483/522)   \nResolving deltas:  94% (491/522)   \nResolving deltas:  95% (496/522)   \nResolving deltas:  96% (502/522)   \nResolving deltas:  97% (507/522)   \nResolving deltas:  98% (512/522)   \nResolving deltas:  99% (519/522)   \nResolving deltas: 100% (522/522)   \nResolving deltas: 100% (522/522), done.\ntravis_time:end:150aa590:start=1543384270264839413,finish=1543384271583648112,duration=1318808699\n\u001b[0K$ cd jashkenas/coffeescript\ntravis_time:start:016f0a2b\n\u001b[0K$ git fetch origin +refs/pull/5137/merge:\nremote: Enumerating objects: 981, done.\u001b[K\nremote: Counting objects:   0% (1/794)   \u001b[K\nremote: Counting objects:   1% (8/794)   \u001b[K\nremote: Counting objects:   2% (16/794)   \u001b[K\nremote: Counting objects:   3% (24/794)   \u001b[K\nremote: Counting objects:   4% (32/794)   \u001b[K\nremote: Counting objects:   5% (40/794)   \u001b[K\nremote: Counting objects:   6% (48/794)   \u001b[K\nremote: Counting objects:   7% (56/794)   \u001b[K\nremote: Counting objects:   8% (64/794)   \u001b[K\nremote: Counting objects:   9% (72/794)   \u001b[K\nremote: Counting objects:  10% (80/794)   \u001b[K\nremote: Counting objects:  11% (88/794)   \u001b[K\nremote: Counting objects:  12% (96/794)   \u001b[K\nremote: Counting objects:  13% (104/794)   \u001b[K\nremote: Counting objects:  14% (112/794)   \u001b[K\nremote: Counting objects:  15% (120/794)   \u001b[K\nremote: Counting objects:  16% (128/794)   \u001b[K\nremote: Counting objects:  17% (135/794)   \u001b[K\nremote: Counting objects:  18% (143/794)   \u001b[K\nremote: Counting objects:  19% (151/794)   \u001b[K\nremote: Counting objects:  20% (159/794)   \u001b[K\nremote: Counting objects:  21% (167/794)   \u001b[K\nremote: Counting objects:  22% (175/794)   \u001b[K\nremote: Counting objects:  23% (183/794)   \u001b[K\nremote: Counting objects:  24% (191/794)   \u001b[K\nremote: Counting objects:  25% (199/794)   \u001b[K\nremote: Counting objects:  26% (207/794)   \u001b[K\nremote: Counting objects:  27% (215/794)   \u001b[K\nremote: Counting objects:  28% (223/794)   \u001b[K\nremote: Counting objects:  29% (231/794)   \u001b[K\nremote: Counting objects:  30% (239/794)   \u001b[K\nremote: Counting objects:  31% (247/794)   \u001b[K\nremote: Counting objects:  32% (255/794)   \u001b[K\nremote: Counting objects:  33% (263/794)   \u001b[K\nremote: Counting objects:  34% (270/794)   \u001b[K\nremote: Counting objects:  35% (278/794)   \u001b[K\nremote: Counting objects:  36% (286/794)   \u001b[K\nremote: Counting objects:  37% (294/794)   \u001b[K\nremote: Counting objects:  38% (302/794)   \u001b[K\nremote: Counting objects:  39% (310/794)   \u001b[K\nremote: Counting objects:  40% (318/794)   \u001b[K\nremote: Counting objects:  41% (326/794)   \u001b[K\nremote: Counting objects:  42% (334/794)   \u001b[K\nremote: Counting objects:  43% (342/794)   \u001b[K\nremote: Counting objects:  44% (350/794)   \u001b[K\nremote: Counting objects:  45% (358/794)   \u001b[K\nremote: Counting objects:  46% (366/794)   \u001b[K\nremote: Counting objects:  47% (374/794)   \u001b[K\nremote: Counting objects:  48% (382/794)   \u001b[K\nremote: Counting objects:  49% (390/794)   \u001b[K\nremote: Counting objects:  50% (397/794)   \u001b[K\nremote: Counting objects:  51% (405/794)   \u001b[K\nremote: Counting objects:  52% (413/794)   \u001b[K\nremote: Counting objects:  53% (421/794)   \u001b[K\nremote: Counting objects:  54% (429/794)   \u001b[K\nremote: Counting objects:  55% (437/794)   \u001b[K\nremote: Counting objects:  56% (445/794)   \u001b[K\nremote: Counting objects:  57% (453/794)   \u001b[K\nremote: Counting objects:  58% (461/794)   \u001b[K\nremote: Counting objects:  59% (469/794)   \u001b[K\nremote: Counting objects:  60% (477/794)   \u001b[K\nremote: Counting objects:  61% (485/794)   \u001b[K\nremote: Counting objects:  62% (493/794)   \u001b[K\nremote: Counting objects:  63% (501/794)   \u001b[K\nremote: Counting objects:  64% (509/794)   \u001b[K\nremote: Counting objects:  65% (517/794)   \u001b[K\nremote: Counting objects:  66% (525/794)   \u001b[K\nremote: Counting objects:  67% (532/794)   \u001b[K\nremote: Counting objects:  68% (540/794)   \u001b[K\nremote: Counting objects:  69% (548/794)   \u001b[K\nremote: Counting objects:  70% (556/794)   \u001b[K\nremote: Counting objects:  71% (564/794)   \u001b[K\nremote: Counting objects:  72% (572/794)   \u001b[K\nremote: Counting objects:  73% (580/794)   \u001b[K\nremote: Counting objects:  74% (588/794)   \u001b[K\nremote: Counting objects:  75% (596/794)   \u001b[K\nremote: Counting objects:  76% (604/794)   \u001b[K\nremote: Counting objects:  77% (612/794)   \u001b[K\nremote: Counting objects:  78% (620/794)   \u001b[K\nremote: Counting objects:  79% (628/794)   \u001b[K\nremote: Counting objects:  80% (636/794)   \u001b[K\nremote: Counting objects:  81% (644/794)   \u001b[K\nremote: Counting objects:  82% (652/794)   \u001b[K\nremote: Counting objects:  83% (660/794)   \u001b[K\nremote: Counting objects:  84% (667/794)   \u001b[K\nremote: Counting objects:  85% (675/794)   \u001b[K\nremote: Counting objects:  86% (683/794)   \u001b[K\nremote: Counting objects:  87% (691/794)   \u001b[K\nremote: Counting objects:  88% (699/794)   \u001b[K\nremote: Counting objects:  89% (707/794)   \u001b[K\nremote: Counting objects:  90% (715/794)   \u001b[K\nremote: Counting objects:  91% (723/794)   \u001b[K\nremote: Counting objects:  92% (731/794)   \u001b[K\nremote: Counting objects:  93% (739/794)   \u001b[K\nremote: Counting objects:  94% (747/794)   \u001b[K\nremote: Counting objects:  95% (755/794)   \u001b[K\nremote: Counting objects:  96% (763/794)   \u001b[K\nremote: Counting objects:  97% (771/794)   \u001b[K\nremote: Counting objects:  98% (779/794)   \u001b[K\nremote: Counting objects:  99% (787/794)   \u001b[K\nremote: Counting objects: 100% (794/794)   \u001b[K\nremote: Counting objects: 100% (794/794), done.\u001b[K\nremote: Compressing objects:   0% (1/143)   \u001b[K\nremote: Compressing objects:   1% (2/143)   \u001b[K\nremote: Compressing objects:   2% (3/143)   \u001b[K\nremote: Compressing objects:   3% (5/143)   \u001b[K\nremote: Compressing objects:   4% (6/143)   \u001b[K\nremote: Compressing objects:   5% (8/143)   \u001b[K\nremote: Compressing objects:   6% (9/143)   \u001b[K\nremote: Compressing objects:   7% (11/143)   \u001b[K\nremote: Compressing objects:   8% (12/143)   \u001b[K\nremote: Compressing objects:   9% (13/143)   \u001b[K\nremote: Compressing objects:  10% (15/143)   \u001b[K\nremote: Compressing objects:  11% (16/143)   \u001b[K\nremote: Compressing objects:  12% (18/143)   \u001b[K\nremote: Compressing objects:  13% (19/143)   \u001b[K\nremote: Compressing objects:  14% (21/143)   \u001b[K\nremote: Compressing objects:  15% (22/143)   \u001b[K\nremote: Compressing objects:  16% (23/143)   \u001b[K\nremote: Compressing objects:  17% (25/143)   \u001b[K\nremote: Compressing objects:  18% (26/143)   \u001b[K\nremote: Compressing objects:  19% (28/143)   \u001b[K\nremote: Compressing objects:  20% (29/143)   \u001b[K\nremote: Compressing objects:  21% (31/143)   \u001b[K\nremote: Compressing objects:  22% (32/143)   \u001b[K\nremote: Compressing objects:  23% (33/143)   \u001b[K\nremote: Compressing objects:  24% (35/143)   \u001b[K\nremote: Compressing objects:  25% (36/143)   \u001b[K\nremote: Compressing objects:  26% (38/143)   \u001b[K\nremote: Compressing objects:  27% (39/143)   \u001b[K\nremote: Compressing objects:  28% (41/143)   \u001b[K\nremote: Compressing objects:  29% (42/143)   \u001b[K\nremote: Compressing objects:  30% (43/143)   \u001b[K\nremote: Compressing objects:  31% (45/143)   \u001b[K\nremote: Compressing objects:  32% (46/143)   \u001b[K\nremote: Compressing objects:  33% (48/143)   \u001b[K\nremote: Compressing objects:  34% (49/143)   \u001b[K\nremote: Compressing objects:  35% (51/143)   \u001b[K\nremote: Compressing objects:  36% (52/143)   \u001b[K\nremote: Compressing objects:  37% (53/143)   \u001b[K\nremote: Compressing objects:  38% (55/143)   \u001b[K\nremote: Compressing objects:  39% (56/143)   \u001b[K\nremote: Compressing objects:  40% (58/143)   \u001b[K\nremote: Compressing objects:  41% (59/143)   \u001b[K\nremote: Compressing objects:  42% (61/143)   \u001b[K\nremote: Compressing objects:  43% (62/143)   \u001b[K\nremote: Compressing objects:  44% (63/143)   \u001b[K\nremote: Compressing objects:  45% (65/143)   \u001b[K\nremote: Compressing objects:  46% (66/143)   \u001b[K\nremote: Compressing objects:  47% (68/143)   \u001b[K\nremote: Compressing objects:  48% (69/143)   \u001b[K\nremote: Compressing objects:  49% (71/143)   \u001b[K\nremote: Compressing objects:  50% (72/143)   \u001b[K\nremote: Compressing objects:  51% (73/143)   \u001b[K\nremote: Compressing objects:  52% (75/143)   \u001b[K\nremote: Compressing objects:  53% (76/143)   \u001b[K\nremote: Compressing objects:  54% (78/143)   \u001b[K\nremote: Compressing objects:  55% (79/143)   \u001b[K\nremote: Compressing objects:  56% (81/143)   \u001b[K\nremote: Compressing objects:  57% (82/143)   \u001b[K\nremote: Compressing objects:  58% (83/143)   \u001b[K\nremote: Compressing objects:  59% (85/143)   \u001b[K\nremote: Compressing objects:  60% (86/143)   \u001b[K\nremote: Compressing objects:  61% (88/143)   \u001b[K\nremote: Compressing objects:  62% (89/143)   \u001b[K\nremote: Compressing objects:  63% (91/143)   \u001b[K\nremote: Compressing objects:  64% (92/143)   \u001b[K\nremote: Compressing objects:  65% (93/143)   \u001b[K\nremote: Compressing objects:  66% (95/143)   \u001b[K\nremote: Compressing objects:  67% (96/143)   \u001b[K\nremote: Compressing objects:  68% (98/143)   \u001b[K\nremote: Compressing objects:  69% (99/143)   \u001b[K\nremote: Compressing objects:  70% (101/143)   \u001b[K\nremote: Compressing objects:  71% (102/143)   \u001b[K\nremote: Compressing objects:  72% (103/143)   \u001b[K\nremote: Compressing objects:  73% (105/143)   \u001b[K\nremote: Compressing objects:  74% (106/143)   \u001b[K\nremote: Compressing objects:  75% (108/143)   \u001b[K\nremote: Compressing objects:  76% (109/143)   \u001b[K\nremote: Compressing objects:  77% (111/143)   \u001b[K\nremote: Compressing objects:  78% (112/143)   \u001b[K\nremote: Compressing objects:  79% (113/143)   \u001b[K\nremote: Compressing objects:  80% (115/143)   \u001b[K\nremote: Compressing objects:  81% (116/143)   \u001b[K\nremote: Compressing objects:  82% (118/143)   \u001b[K\nremote: Compressing objects:  83% (119/143)   \u001b[K\nremote: Compressing objects:  84% (121/143)   \u001b[K\nremote: Compressing objects:  85% (122/143)   \u001b[K\nremote: Compressing objects:  86% (123/143)   \u001b[K\nremote: Compressing objects:  87% (125/143)   \u001b[K\nremote: Compressing objects:  88% (126/143)   \u001b[K\nremote: Compressing objects:  89% (128/143)   \u001b[K\nremote: Compressing objects:  90% (129/143)   \u001b[K\nremote: Compressing objects:  91% (131/143)   \u001b[K\nremote: Compressing objects:  92% (132/143)   \u001b[K\nremote: Compressing objects:  93% (133/143)   \u001b[K\nremote: Compressing objects:  94% (135/143)   \u001b[K\nremote: Compressing objects:  95% (136/143)   \u001b[K\nremote: Compressing objects:  96% (138/143)   \u001b[K\nremote: Compressing objects:  97% (139/143)   \u001b[K\nremote: Compressing objects:  98% (141/143)   \u001b[K\nremote: Compressing objects:  99% (142/143)   \u001b[K\nremote: Compressing objects: 100% (143/143)   \u001b[K\nremote: Compressing objects: 100% (143/143), done.\u001b[K\nReceiving objects:   0% (1/571)   \nReceiving objects:   1% (6/571)   \nReceiving objects:   2% (12/571)   \nReceiving objects:   3% (18/571)   \nReceiving objects:   4% (23/571)   \nReceiving objects:   5% (29/571)   \nReceiving objects:   6% (35/571)   \nReceiving objects:   7% (40/571)   \nReceiving objects:   8% (46/571)   \nReceiving objects:   9% (52/571)   \nReceiving objects:  10% (58/571)   \nReceiving objects:  11% (63/571)   \nReceiving objects:  12% (69/571)   \nReceiving objects:  13% (75/571)   \nReceiving objects:  14% (80/571)   \nReceiving objects:  15% (86/571)   \nReceiving objects:  16% (92/571)   \nReceiving objects:  17% (98/571)   \nReceiving objects:  18% (103/571)   \nReceiving objects:  19% (109/571)   \nReceiving objects:  20% (115/571)   \nReceiving objects:  21% (120/571)   \nReceiving objects:  22% (126/571)   \nReceiving objects:  23% (132/571)   \nReceiving objects:  24% (138/571)   \nReceiving objects:  25% (143/571)   \nReceiving objects:  26% (149/571)   \nReceiving objects:  27% (155/571)   \nReceiving objects:  28% (160/571)   \nReceiving objects:  29% (166/571)   \nReceiving objects:  30% (172/571)   \nReceiving objects:  31% (178/571)   \nReceiving objects:  32% (183/571)   \nReceiving objects:  33% (189/571)   \nReceiving objects:  34% (195/571)   \nReceiving objects:  35% (200/571)   \nReceiving objects:  36% (206/571)   \nReceiving objects:  37% (212/571)   \nReceiving objects:  38% (217/571)   \nReceiving objects:  39% (223/571)   \nReceiving objects:  40% (229/571)   \nReceiving objects:  41% (235/571)   \nReceiving objects:  42% (240/571)   \nReceiving objects:  43% (246/571)   \nReceiving objects:  44% (252/571)   \nReceiving objects:  45% (257/571)   \nReceiving objects:  46% (263/571)   \nReceiving objects:  47% (269/571)   \nReceiving objects:  48% (275/571)   \nReceiving objects:  49% (280/571)   \nReceiving objects:  50% (286/571)   \nReceiving objects:  51% (292/571)   \nReceiving objects:  52% (297/571)   \nReceiving objects:  53% (303/571)   \nReceiving objects:  54% (309/571)   \nReceiving objects:  55% (315/571)   \nReceiving objects:  56% (320/571)   \nReceiving objects:  57% (326/571)   \nReceiving objects:  58% (332/571)   \nReceiving objects:  59% (337/571)   \nReceiving objects:  60% (343/571)   \nReceiving objects:  61% (349/571)   \nReceiving objects:  62% (355/571)   \nReceiving objects:  63% (360/571)   \nReceiving objects:  64% (366/571)   \nReceiving objects:  65% (372/571)   \nReceiving objects:  66% (377/571)   \nReceiving objects:  67% (383/571)   \nReceiving objects:  68% (389/571)   \nReceiving objects:  69% (394/571)   \nReceiving objects:  70% (400/571)   \nReceiving objects:  71% (406/571)   \nReceiving objects:  72% (412/571)   \nReceiving objects:  73% (417/571)   \nReceiving objects:  74% (423/571)   \nReceiving objects:  75% (429/571)   \nReceiving objects:  76% (434/571)   \nReceiving objects:  77% (440/571)   \nReceiving objects:  78% (446/571)   \nReceiving objects:  79% (452/571)   \nReceiving objects:  80% (457/571)   \nReceiving objects:  81% (463/571)   \nReceiving objects:  82% (469/571)   \nReceiving objects:  83% (474/571)   \nReceiving objects:  84% (480/571)   \nReceiving objects:  85% (486/571)   \nReceiving objects:  86% (492/571)   \nReceiving objects:  87% (497/571)   \nReceiving objects:  88% (503/571)   \nReceiving objects:  89% (509/571)   \nReceiving objects:  90% (514/571)   \nReceiving objects:  91% (520/571)   \nReceiving objects:  92% (526/571)   \nReceiving objects:  93% (532/571)   \nReceiving objects:  94% (537/571)   \nReceiving objects:  95% (543/571)   \nReceiving objects:  96% (549/571)   \nReceiving objects:  97% (554/571)   \nremote: Total 571 (delta 453), reused 496 (delta 380), pack-reused 0\u001b[K\nReceiving objects:  98% (560/571)   \nReceiving objects:  99% (566/571)   \nReceiving objects: 100% (571/571)   \nReceiving objects: 100% (571/571), 284.10 KiB | 6.04 MiB/s, done.\nResolving deltas:   0% (0/453)   \nResolving deltas:   7% (32/453)   \nResolving deltas:  11% (54/453)   \nResolving deltas:  13% (61/453)   \nResolving deltas:  16% (73/453)   \nResolving deltas:  17% (80/453)   \nResolving deltas:  18% (83/453)   \nResolving deltas:  20% (91/453)   \nResolving deltas:  25% (114/453)   \nResolving deltas:  26% (118/453)   \nResolving deltas:  27% (124/453)   \nResolving deltas:  28% (128/453)   \nResolving deltas:  32% (147/453)   \nResolving deltas:  34% (157/453)   \nResolving deltas:  37% (170/453)   \nResolving deltas:  43% (199/453)   \nResolving deltas:  44% (203/453)   \nResolving deltas:  45% (208/453)   \nResolving deltas:  46% (209/453)   \nResolving deltas:  55% (251/453)   \nResolving deltas:  56% (255/453)   \nResolving deltas:  59% (270/453)   \nResolving deltas:  61% (278/453)   \nResolving deltas:  63% (288/453)   \nResolving deltas:  73% (333/453)   \nResolving deltas:  74% (336/453)   \nResolving deltas:  75% (340/453)   \nResolving deltas:  82% (372/453)   \nResolving deltas:  83% (376/453)   \nResolving deltas:  84% (382/453)   \nResolving deltas:  87% (397/453)   \nResolving deltas:  92% (420/453)   \nResolving deltas:  93% (423/453)   \nResolving deltas:  95% (433/453)   \nResolving deltas:  96% (435/453)   \nResolving deltas:  97% (443/453)   \nResolving deltas:  98% (444/453)   \nResolving deltas:  99% (452/453)   \nResolving deltas: 100% (453/453)   \nResolving deltas: 100% (453/453), completed with 46 local objects.\nFrom https://github.com/jashkenas/coffeescript\n * branch            refs/pull/5137/merge -> FETCH_HEAD\ntravis_time:end:016f0a2b:start=1543384271587415758,finish=1543384272481671918,duration=894256160\n\u001b[0K$ git checkout -qf FETCH_HEAD\ntravis_fold:end:git.checkout\n\u001b[0K\ntravis_fold:start:nvm.install\n\u001b[0Ktravis_time:start:129ed303\n\u001b[0K$ nvm install 6\nDownloading and installing node v6.15.0...\nDownloading https://nodejs.org/dist/v6.15.0/node-v6.15.0-linux-x64.tar.xz...\nComputing checksum with sha256sum\nChecksums matched!\nNow using node v6.15.0 (npm v3.10.10)\ntravis_time:end:129ed303:start=1543384273265149523,finish=1543384276113654863,duration=2848505340\n\u001b[0Ktravis_fold:end:nvm.install\n\u001b[0K\ntravis_fold:start:cache.1\n\u001b[0KSetting up build cache\n$ export CASHER_DIR=${TRAVIS_HOME}/.casher\ntravis_time:start:00bc174e\n\u001b[0K$ Installing caching utilities\ntravis_time:end:00bc174e:start=1543384281578878322,finish=1543384281720487506,duration=141609184\n\u001b[0Ktravis_time:start:0afce44e\n\u001b[0Ktravis_time:end:0afce44e:start=1543384281725521390,finish=1543384281728135598,duration=2614208\n\u001b[0Ktravis_time:start:002b6ae3\n\u001b[0K\u001b[32;1mattempting to download cache archive\u001b[0m\n\u001b[32;1mfetching PR.5137/cache-linux-trusty-e3b0c44298fc1c149afbf4c8996fb92427ae41e4649b934ca495991b7852b855--node-6.tgz\u001b[0m\n\u001b[32;1mfound cache\u001b[0m\ntravis_time:end:002b6ae3:start=1543384281731522092,finish=1543384283110241489,duration=1378719397\n\u001b[0Ktravis_time:start:08755d9c\n\u001b[0Ktravis_time:end:08755d9c:start=1543384283114138066,finish=1543384283116884976,duration=2746910\n\u001b[0Ktravis_time:start:058c5c60\n\u001b[0K\u001b[32;1madding /home/travis/build/jashkenas/coffeescript/node_modules to cache\u001b[0m\n\u001b[32;1mcreating directory /home/travis/build/jashkenas/coffeescript/node_modules\u001b[0m\ntravis_time:end:058c5c60:start=1543384283120477165,finish=1543384285671455569,duration=2550978404\n\u001b[0Ktravis_fold:end:cache.1\n\u001b[0K\n$ node --version\nv6.15.0\n$ npm --version\n3.10.10\n$ nvm --version\n0.33.11\n\ntravis_fold:start:install.npm\n\u001b[0Ktravis_time:start:02511339\n\u001b[0K$ npm install \n\u001b[37;40mnpm\u001b[0m \u001b[0m\u001b[30;43mWARN\u001b[0m \u001b[0m\u001b[35moptional\u001b[0m SKIPPING OPTIONAL DEPENDENCY: fsevents@^1.2.2 (node_modules/chokidar/node_modules/fsevents):\n\u001b[0m\u001b[37;40mnpm\u001b[0m \u001b[0m\u001b[30;43mWARN\u001b[0m \u001b[0m\u001b[35mnotsup\u001b[0m SKIPPING OPTIONAL DEPENDENCY: Unsupported platform for fsevents@1.2.4: wanted {\"os\":\"darwin\",\"arch\":\"any\"} (current: {\"os\":\"linux\",\"arch\":\"x64\"})\n\u001b[0mtravis_time:end:02511339:start=1543384286556924951,finish=1543384289929555031,duration=3372630080\n\u001b[0Ktravis_fold:end:install.npm\n\u001b[0K\ntravis_time:start:033366e8\n\u001b[0K$ node ./bin/cake test\n\u001b[0;31mfailed 1 and passed 1309 tests in 10.54 seconds\u001b[0m\u001b[0m \n\n\u001b[0;31m  CSX error: non-matching tag names\u001b[0m \n\u001b[0;31m  AssertionError: Expected \u001b[0m[stdin]:1:6: error: expected corresponding CSX closing tag for span\n<div><span></div></span>\n     ^^^^^\u001b[0;31m to equal \u001b[0m[stdin]:1:7: error: expected corresponding CSX closing tag for span\n<div><span></div></span>\n      ^^^^\u001b[0;31m\n    at exports.eq (/home/travis/build/jashkenas/coffeescript/test/support/helpers.coffee:28:3)\n    at Object.<anonymous> (/home/travis/build/jashkenas/coffeescript/test/error_messages.coffee:1:1)\n    at expectedException (assert.js:299:19)\n    at innerThrows (assert.js:343:8)\n    at throws (assert.js:350:3)\n    at assertErrorFormat (/home/travis/build/jashkenas/coffeescript/test/error_messages.coffee:1:1)\n    at Function.<anonymous> (/home/travis/build/jashkenas/coffeescript/test/error_messages.coffee:1:1)\n    at global.test (/home/travis/build/jashkenas/coffeescript/Cakefile:538:21)\n    at Object.<anonymous> (/home/travis/build/jashkenas/coffeescript/test/error_messages.coffee:1:1)\n    at Object.<anonymous> (/home/travis/build/jashkenas/coffeescript/test/error_messages.coffee:1:1)\n    at Module._compile (module.js:577:32)\n    at Object.CoffeeScript.run (/home/travis/build/jashkenas/coffeescript/lib/coffeescript/index.js:67:23)\n    at runTests (/home/travis/build/jashkenas/coffeescript/Cakefile:609:22)\n    at Object.action (/home/travis/build/jashkenas/coffeescript/Cakefile:623:12)\n    at invoke (/home/travis/build/jashkenas/coffeescript/lib/coffeescript/cake.js:57:26)\n    at Object.exports.run (/home/travis/build/jashkenas/coffeescript/lib/coffeescript/cake.js:87:20)\n    at Object.<anonymous> (/home/travis/build/jashkenas/coffeescript/bin/cake:22:42)\n    at Module._compile (module.js:577:32)\n    at Object.Module._extensions..js (module.js:586:10)\n    at Module.load (module.js:494:32)\n    at tryModuleLoad (module.js:453:12)\n    at Function.Module._load (module.js:445:3)\n    at Module.runMain (module.js:611:10)\n    at run (bootstrap_node.js:394:7)\n    at startup (bootstrap_node.js:160:9)\n    at bootstrap_node.js:507:3\n\u001b[0m \n  function () {\n    return assertErrorFormat('<div><span></div></span>', '[stdin]:1:6: error: expected corresponding CSX closing tag for span\\n<div><span></div></span>\\n     ^^^^^');\n  }\ntravis_time:end:033366e8:start=1543384289934012513,finish=1543384301195640495,duration=11261627982\n\u001b[0K\u001b[31;1mThe command \"node ./bin/cake test\" exited with 1.\u001b[0m\n\ntravis_time:start:17edfff3\n\u001b[0K$ node --harmony ./bin/cake test\n\u001b[0;31mfailed 1 and passed 1313 tests in 10.01 seconds\u001b[0m\u001b[0m \n\n\u001b[0;31m  CSX error: non-matching tag names\u001b[0m \n\u001b[0;31m  AssertionError: Expected \u001b[0m[stdin]:1:6: error: expected corresponding CSX closing tag for span\n<div><span></div></span>\n     ^^^^^\u001b[0;31m to equal \u001b[0m[stdin]:1:7: error: expected corresponding CSX closing tag for span\n<div><span></div></span>\n      ^^^^\u001b[0;31m\n    at exports.eq (/home/travis/build/jashkenas/coffeescript/test/support/helpers.coffee:28:3)\n    at Object.<anonymous> (/home/travis/build/jashkenas/coffeescript/test/error_messages.coffee:1:1)\n    at expectedException (assert.js:299:19)\n    at innerThrows (assert.js:343:8)\n    at throws (assert.js:350:3)\n    at assertErrorFormat (/home/travis/build/jashkenas/coffeescript/test/error_messages.coffee:1:1)\n    at Function.<anonymous> (/home/travis/build/jashkenas/coffeescript/test/error_messages.coffee:1:1)\n    at global.test (/home/travis/build/jashkenas/coffeescript/Cakefile:538:21)\n    at Object.<anonymous> (/home/travis/build/jashkenas/coffeescript/test/error_messages.coffee:1:1)\n    at Object.<anonymous> (/home/travis/build/jashkenas/coffeescript/test/error_messages.coffee:1:1)\n    at Module._compile (module.js:577:32)\n    at Object.CoffeeScript.run (/home/travis/build/jashkenas/coffeescript/lib/coffeescript/index.js:67:23)\n    at runTests (/home/travis/build/jashkenas/coffeescript/Cakefile:609:22)\n    at Object.action (/home/travis/build/jashkenas/coffeescript/Cakefile:623:12)\n    at invoke (/home/travis/build/jashkenas/coffeescript/lib/coffeescript/cake.js:57:26)\n    at Object.exports.run (/home/travis/build/jashkenas/coffeescript/lib/coffeescript/cake.js:87:20)\n    at Object.<anonymous> (/home/travis/build/jashkenas/coffeescript/bin/cake:22:42)\n    at Module._compile (module.js:577:32)\n    at Object.Module._extensions..js (module.js:586:10)\n    at Module.load (module.js:494:32)\n    at tryModuleLoad (module.js:453:12)\n    at Function.Module._load (module.js:445:3)\n    at Module.runMain (module.js:611:10)\n    at run (bootstrap_node.js:394:7)\n    at startup (bootstrap_node.js:160:9)\n    at bootstrap_node.js:507:3\n\u001b[0m \n  function () {\n    return assertErrorFormat('<div><span></div></span>', '[stdin]:1:6: error: expected corresponding CSX closing tag for span\\n<div><span></div></span>\\n     ^^^^^');\n  }\ntravis_time:end:17edfff3:start=1543384301199789780,finish=1543384311843319314,duration=10643529534\n\u001b[0K\u001b[31;1mThe command \"node --harmony ./bin/cake test\" exited with 1.\u001b[0m\n\ntravis_time:start:06c6b028\n\u001b[0K$ node ./bin/cake test:browser\n\u001b[0;31mfailed 1 and passed 1280 tests in 9.43 seconds\u001b[0m\u001b[0m \n\n\u001b[0;31m  CSX error: non-matching tag names\u001b[0m \n\u001b[0;31m  AssertionError: Expected \u001b[0m[stdin]:1:6: error: expected corresponding CSX closing tag for span\n<div><span></div></span>\n     ^^^^^\u001b[0;31m to equal \u001b[0m[stdin]:1:7: error: expected corresponding CSX closing tag for span\n<div><span></div></span>\n      ^^^^\u001b[0;31m\n    at exports.eq (/home/travis/build/jashkenas/coffeescript/test/support/helpers.coffee:46:12)\n    at Object.<anonymous> (/home/travis/build/jashkenas/coffeescript/test/error_messages.coffee:13:7)\n    at expectedException (assert.js:299:19)\n    at innerThrows (assert.js:343:8)\n    at throws (assert.js:350:3)\n    at assertErrorFormat (/home/travis/build/jashkenas/coffeescript/test/error_messages.coffee:19:12)\n    at Function.<anonymous> (/home/travis/build/jashkenas/coffeescript/test/error_messages.coffee:579:12)\n    at global.test (/home/travis/build/jashkenas/coffeescript/Cakefile:538:21)\n    at Object.<anonymous> (/home/travis/build/jashkenas/coffeescript/test/error_messages.coffee:578:3)\n    at Object.<anonymous> (/home/travis/build/jashkenas/coffeescript/test/error_messages.coffee:716:4)\n    at Module._compile (module.js:577:32)\n    at Object.CoffeeScript.run (/home/travis/build/jashkenas/coffeescript/lib/coffeescript/index.js:67:23)\n    at runTests (/home/travis/build/jashkenas/coffeescript/Cakefile:609:22)\n    at Object.action (/home/travis/build/jashkenas/coffeescript/Cakefile:636:12)\n    at invoke (/home/travis/build/jashkenas/coffeescript/lib/coffeescript/cake.js:57:26)\n    at Object.exports.run (/home/travis/build/jashkenas/coffeescript/lib/coffeescript/cake.js:87:20)\n    at Object.<anonymous> (/home/travis/build/jashkenas/coffeescript/bin/cake:22:42)\n    at Module._compile (module.js:577:32)\n    at Object.Module._extensions..js (module.js:586:10)\n    at Module.load (module.js:494:32)\n    at tryModuleLoad (module.js:453:12)\n    at Function.Module._load (module.js:445:3)\n    at Module.runMain (module.js:611:10)\n    at run (bootstrap_node.js:394:7)\n    at startup (bootstrap_node.js:160:9)\n    at bootstrap_node.js:507:3\n\u001b[0m \n  function () {\n    return assertErrorFormat('<div><span></div></span>', '[stdin]:1:6: error: expected corresponding CSX closing tag for span\\n<div><span></div></span>\\n     ^^^^^');\n  }\ntravis_time:end:06c6b028:start=1543384311847540747,finish=1543384322016066721,duration=10168525974\n\u001b[0K\u001b[31;1mThe command \"node ./bin/cake test:browser\" exited with 1.\u001b[0m\n\ntravis_time:start:2b8bb82c\n\u001b[0K$ node ./bin/cake test:integrations\n(node:5100) UnhandledPromiseRejectionWarning: Unhandled promise rejection (rejection id: 2): undefined\n\u001b[0;31mfailed 28 and passed 1228 tests in 8.36 seconds\u001b[0m\u001b[0m \n\n\u001b[0;31m  AST as expected for ComputedPropertyName node\u001b[0m \n\u001b[0;31m  AssertionError: Property \u001b[0mtype\u001b[0;31m: expected \u001b[0mK\u001b[0;31m to equal \u001b[0mObjectProperty\u001b[0;31m\n  Expected AST output to include:\n  \u001b[0m{\n  \"type\": \"ObjectProperty\",\n  \"key\": {\n    \"type\": \"Identifier\",\n    \"name\": \"a\"\n  },\n  \"value\": {\n    \"type\": \"Identifier\",\n    \"name\": \"b\"\n  },\n  \"computed\": true,\n  \"shorthand\": false,\n  \"method\": false\n}\u001b[0;31m\n  but instead it was:\n  \u001b[0m{\n  \"key\": {\n    \"name\": \"a\",\n    \"type\": \"Identifier\",\n    \"loc\": {\n      \"start\": {\n        \"line\": 1,\n        \"column\": 1\n      },\n      \"end\": {\n        \"line\": 1,\n        \"column\": 2\n      }\n    },\n    \"range\": [\n      1,\n      2\n    ],\n    \"start\": 1,\n    \"end\": 2\n  },\n  \"value\": {\n    \"name\": \"b\",\n    \"type\": \"Identifier\",\n    \"loc\": {\n      \"start\": {\n        \"line\": 1,\n        \"column\": 5\n      },\n      \"end\": {\n        \"line\": 1,\n        \"column\": 6\n      }\n    },\n    \"range\": [\n      5,\n      6\n    ],\n    \"start\": 5,\n    \"end\": 6\n  },\n  \"shorthand\": false,\n  \"computed\": true,\n  \"method\": false,\n  \"type\": \"K\",\n  \"loc\": {\n    \"start\": {\n      \"line\": 1,\n      \"column\": 0\n    },\n    \"end\": {\n      \"line\": 1,\n      \"column\": 6\n    }\n  },\n  \"range\": [\n    0,\n    6\n  ],\n  \"start\": 0,\n  \"end\": 6\n}\u001b[0;31m\n    at exports.eq (/home/travis/build/jashkenas/coffeescript/test/support/helpers.coffee:1:1)\n    at deepStrictIncludeExpectedProperties (<anonymous>:1:1)\n    at deepStrictIncludeExpectedProperties (<anonymous>:1:1)\n    at deepStrictIncludeExpectedProperties (<anonymous>:1:1)\n    at testExpression (<anonymous>:1:1)\n    at Function.eval (<anonymous>:1:1)\n    at global.test (/home/travis/build/jashkenas/coffeescript/Cakefile:538:21)\n    at eval (<anonymous>:1:1)\n\u001b[0m \n  function () {\n  // testExpression '[fn]: ->',\n  //   type: 'Obj'\n  //   properties: [\n  //     type: 'Assign'\n  //     context: 'object'\n  //     variable:\n  //       type: 'ComputedPropertyName'\n  //     value:\n  //       type: 'Code'\n  //   ]\n  return testExpression('[a]: b', {\n    type: 'ObjectExpression',\n    properties: [\n      {\n        type: 'ObjectProperty',\n        key: {\n          type: 'Identifier',\n          name: 'a'\n        },\n        value: {\n          type: 'Identifier',\n          name: 'b'\n        },\n        computed: true,\n        shorthand: false,\n        method: false\n      }\n    ],\n    implicit: true\n  });\n}\n\n\u001b[0;31m  AST as expected for NullLiteral node\u001b[0m \n\u001b[0;31m  AssertionError: Property \u001b[0mtype\u001b[0;31m: expected \u001b[0mq\u001b[0;31m to equal \u001b[0mNullLiteral\u001b[0;31m\n  Expected AST output to include:\n  \u001b[0m{\n  \"type\": \"NullLiteral\"\n}\u001b[0;31m\n  but instead it was:\n  \u001b[0m{\n  \"value\": \"null\",\n  \"type\": \"q\",\n  \"loc\": {\n    \"start\": {\n      \"line\": 1,\n      \"column\": 0\n    },\n    \"end\": {\n      \"line\": 1,\n      \"column\": 4\n    }\n  },\n  \"range\": [\n    0,\n    4\n  ],\n  \"start\": 0,\n  \"end\": 4\n}\u001b[0;31m\n    at exports.eq (/home/travis/build/jashkenas/coffeescript/test/support/helpers.coffee:1:1)\n    at deepStrictIncludeExpectedProperties (<anonymous>:1:1)\n    at testExpression (<anonymous>:1:1)\n    at Function.eval (<anonymous>:1:1)\n    at global.test (/home/travis/build/jashkenas/coffeescript/Cakefile:538:21)\n    at eval (<anonymous>:1:1)\n\u001b[0m \n  function () {\n  return testExpression('null', {\n    type: 'NullLiteral'\n  });\n}\n\n\u001b[0;31m  AST as expected for BooleanLiteral node\u001b[0m \n\u001b[0;31m  AssertionError: Property \u001b[0mtype\u001b[0;31m: expected \u001b[0mh\u001b[0;31m to equal \u001b[0mBooleanLiteral\u001b[0;31m\n  Expected AST output to include:\n  \u001b[0m{\n  \"type\": \"BooleanLiteral\",\n  \"value\": true,\n  \"name\": \"true\"\n}\u001b[0;31m\n  but instead it was:\n  \u001b[0m{\n  \"value\": true,\n  \"name\": \"true\",\n  \"type\": \"h\",\n  \"loc\": {\n    \"start\": {\n      \"line\": 1,\n      \"column\": 0\n    },\n    \"end\": {\n      \"line\": 1,\n      \"column\": 4\n    }\n  },\n  \"range\": [\n    0,\n    4\n  ],\n  \"start\": 0,\n  \"end\": 4\n}\u001b[0;31m\n    at exports.eq (/home/travis/build/jashkenas/coffeescript/test/support/helpers.coffee:1:1)\n    at deepStrictIncludeExpectedProperties (<anonymous>:1:1)\n    at testExpression (<anonymous>:1:1)\n    at Function.eval (<anonymous>:1:1)\n    at global.test (/home/travis/build/jashkenas/coffeescript/Cakefile:538:21)\n    at eval (<anonymous>:1:1)\n\u001b[0m \n  function () {\n  testExpression('true', {\n    type: 'BooleanLiteral',\n    value: true,\n    name: 'true'\n  });\n  testExpression('off', {\n    type: 'BooleanLiteral',\n    value: false,\n    name: 'off'\n  });\n  return testExpression('yes', {\n    type: 'BooleanLiteral',\n    value: true,\n    name: 'yes'\n  });\n}\n\n\u001b[0;31m  AST as expected for Range node\u001b[0m \n\u001b[0;31m  AssertionError: Property \u001b[0mtype\u001b[0;31m: expected \u001b[0me\u001b[0;31m to equal \u001b[0mRange\u001b[0;31m\n  Expected AST output to include:\n  \u001b[0m{\n  \"type\": \"Range\",\n  \"exclusive\": false,\n  \"from\": {\n    \"name\": \"x\"\n  },\n  \"to\": {\n    \"name\": \"y\"\n  }\n}\u001b[0;31m\n  but instead it was:\n  \u001b[0m{\n  \"from\": {\n    \"name\": \"x\",\n    \"type\": \"Identifier\",\n    \"loc\": {\n      \"start\": {\n        \"line\": 1,\n        \"column\": 1\n      },\n      \"end\": {\n        \"line\": 1,\n        \"column\": 2\n      }\n    },\n    \"range\": [\n      1,\n      2\n    ],\n    \"start\": 1,\n    \"end\": 2\n  },\n  \"to\": {\n    \"name\": \"y\",\n    \"type\": \"Identifier\",\n    \"loc\": {\n      \"start\": {\n        \"line\": 1,\n        \"column\": 4\n      },\n      \"end\": {\n        \"line\": 1,\n        \"column\": 5\n      }\n    },\n    \"range\": [\n      4,\n      5\n    ],\n    \"start\": 4,\n    \"end\": 5\n  },\n  \"exclusive\": false,\n  \"type\": \"e\",\n  \"loc\": {\n    \"start\": {\n      \"line\": 1,\n      \"column\": 0\n    },\n    \"end\": {\n      \"line\": 1,\n      \"column\": 6\n    }\n  },\n  \"range\": [\n    0,\n    6\n  ],\n  \"start\": 0,\n  \"end\": 6\n}\u001b[0;31m\n    at exports.eq (/home/travis/build/jashkenas/coffeescript/test/support/helpers.coffee:1:1)\n    at deepStrictIncludeExpectedProperties (<anonymous>:1:1)\n    at testExpression (<anonymous>:1:1)\n    at Function.eval (<anonymous>:1:1)\n    at global.test (/home/travis/build/jashkenas/coffeescript/Cakefile:538:21)\n    at eval (<anonymous>:1:1)\n\u001b[0m \n  function () {\n  testExpression('[x..y]', {\n    type: 'Range',\n    exclusive: false,\n    from: {\n      name: 'x'\n    },\n    to: {\n      name: 'y'\n    }\n  });\n  return testExpression('[4...2]', {\n    type: 'Range',\n    exclusive: true,\n    from: {\n      value: 4\n    },\n    to: {\n      value: 2\n    }\n  });\n}\n\n\u001b[0;31m  AST as expected for Slice node\u001b[0m \n\u001b[0;31m  AssertionError: Property \u001b[0mtype\u001b[0;31m: expected \u001b[0me\u001b[0;31m to equal \u001b[0mRange\u001b[0;31m\n  Expected AST output to include:\n  \u001b[0m{\n  \"type\": \"Range\",\n  \"exclusive\": false,\n  \"from\": null,\n  \"to\": {\n    \"name\": \"y\"\n  }\n}\u001b[0;31m\n  but instead it was:\n  \u001b[0m{\n  \"from\": null,\n  \"to\": {\n    \"name\": \"y\",\n    \"type\": \"Identifier\",\n    \"loc\": {\n      \"start\": {\n        \"line\": 1,\n        \"column\": 4\n      },\n      \"end\": {\n        \"line\": 1,\n        \"column\": 5\n      }\n    },\n    \"range\": [\n      4,\n      5\n    ],\n    \"start\": 4,\n    \"end\": 5\n  },\n  \"exclusive\": false,\n  \"type\": \"e\",\n  \"loc\": {\n    \"start\": {\n      \"line\": 1,\n      \"column\": 2\n    },\n    \"end\": {\n      \"line\": 1,\n      \"column\": 5\n    }\n  },\n  \"range\": [\n    2,\n    5\n  ],\n  \"start\": 2,\n  \"end\": 5\n}\u001b[0;31m\n    at exports.eq (/home/travis/build/jashkenas/coffeescript/test/support/helpers.coffee:1:1)\n    at deepStrictIncludeExpectedProperties (<anonymous>:1:1)\n    at deepStrictIncludeExpectedProperties (<anonymous>:1:1)\n    at testExpression (<anonymous>:1:1)\n    at Function.eval (<anonymous>:1:1)\n    at global.test (/home/travis/build/jashkenas/coffeescript/Cakefile:538:21)\n    at eval (<anonymous>:1:1)\n\u001b[0m \n  function () {\n  testExpression('x[..y]', {\n    property: {\n      type: 'Range',\n      exclusive: false,\n      from: null,\n      to: {\n        name: 'y'\n      }\n    }\n  });\n  testExpression('x[y...]', {\n    property: {\n      type: 'Range',\n      exclusive: true,\n      from: {\n        name: 'y'\n      },\n      to: null\n    }\n  });\n  testExpression('x[...]', {\n    property: {\n      type: 'Range',\n      exclusive: true,\n      from: null,\n      to: null\n    }\n  });\n  // testExpression '\"abc\"[...2]',\n  //   type: 'MemberExpression'\n  //   property:\n  //     type: 'Range'\n  //     from: null\n  //     to:\n  //       type: 'NumericLiteral'\n  //       value: 2\n  //     exclusive: yes\n  //   computed: yes\n  //   optional: no\n  //   shorthand: no\n  return testExpression('x[...][a..][b...][..c][...d]', {\n    type: 'MemberExpression',\n    object: {\n      type: 'MemberExpression',\n      object: {\n        type: 'MemberExpression',\n        object: {\n          type: 'MemberExpression',\n          object: {\n            type: 'MemberExpression',\n            property: {\n              type: 'Range',\n              from: null,\n              to: null,\n              exclusive: true\n            }\n          },\n          property: {\n            type: 'Range',\n            from: {\n              name: 'a'\n            },\n            to: null,\n            exclusive: false\n          }\n        },\n        property: {\n          type: 'Range',\n          from: {\n            name: 'b'\n          },\n          to: null,\n          exclusive: true\n        }\n      },\n      property: {\n        type: 'Range',\n        from: null,\n        to: {\n          name: 'c'\n        },\n        exclusive: false\n      }\n    },\n    property: {\n      type: 'Range',\n      from: null,\n      to: {\n        name: 'd'\n      },\n      exclusive: true\n    }\n  });\n}\n\n\u001b[0;31m  AST as expected for Obj node\u001b[0m \n\u001b[0;31m  AssertionError: Property \u001b[0mtype\u001b[0;31m: expected \u001b[0mK\u001b[0;31m to equal \u001b[0mObjectProperty\u001b[0;31m\n  Expected AST output to include:\n  \u001b[0m{\n  \"type\": \"ObjectProperty\",\n  \"key\": {\n    \"type\": \"Identifier\",\n    \"name\": \"a\"\n  },\n  \"value\": {\n    \"type\": \"NumericLiteral\",\n    \"value\": 1\n  },\n  \"computed\": false,\n  \"shorthand\": false\n}\u001b[0;31m\n  but instead it was:\n  \u001b[0m{\n  \"key\": {\n    \"name\": \"a\",\n    \"type\": \"Identifier\",\n    \"loc\": {\n      \"start\": {\n        \"line\": 1,\n        \"column\": 1\n      },\n      \"end\": {\n        \"line\": 1,\n        \"column\": 2\n      }\n    },\n    \"range\": [\n      1,\n      2\n    ],\n    \"start\": 1,\n    \"end\": 2\n  },\n  \"value\": {\n    \"value\": 1,\n    \"extra\": {\n      \"rawValue\": 1,\n      \"raw\": \"1\"\n    },\n    \"type\": \"NumericLiteral\",\n    \"loc\": {\n      \"start\": {\n        \"line\": 1,\n        \"column\": 4\n      },\n      \"end\": {\n        \"line\": 1,\n        \"column\": 5\n      }\n    },\n    \"range\": [\n      4,\n      5\n    ],\n    \"start\": 4,\n    \"end\": 5\n  },\n  \"shorthand\": false,\n  \"computed\": false,\n  \"method\": false,\n  \"type\": \"K\",\n  \"loc\": {\n    \"start\": {\n      \"line\": 1,\n      \"column\": 1\n    },\n    \"end\": {\n      \"line\": 1,\n      \"column\": 5\n    }\n  },\n  \"range\": [\n    1,\n    5\n  ],\n  \"start\": 1,\n  \"end\": 5\n}\u001b[0;31m\n    at exports.eq (/home/travis/build/jashkenas/coffeescript/test/support/helpers.coffee:1:1)\n    at deepStrictIncludeExpectedProperties (<anonymous>:1:1)\n    at deepStrictIncludeExpectedProperties (<anonymous>:1:1)\n    at deepStrictIncludeExpectedProperties (<anonymous>:1:1)\n    at testExpression (<anonymous>:1:1)\n    at Function.eval (<anonymous>:1:1)\n    at global.test (/home/travis/build/jashkenas/coffeescript/Cakefile:538:21)\n    at eval (<anonymous>:1:1)\n\u001b[0m \n  function () {\n  testExpression(\"{a: 1, b, [c], @d, [e()]: f, 'g': 2, ...h, i...}\", {\n    type: 'ObjectExpression',\n    properties: [\n      {\n        type: 'ObjectProperty',\n        key: {\n          type: 'Identifier',\n          name: 'a'\n        },\n        value: {\n          type: 'NumericLiteral',\n          value: 1\n        },\n        computed: false,\n        shorthand: false\n      },\n      {\n        type: 'ObjectProperty',\n        key: {\n          type: 'Identifier',\n          name: 'b'\n        },\n        value: {\n          type: 'Identifier',\n          name: 'b'\n        },\n        computed: false,\n        shorthand: true\n      },\n      {\n        type: 'ObjectProperty',\n        key: {\n          type: 'Identifier',\n          name: 'c'\n        },\n        value: {\n          type: 'Identifier',\n          name: 'c'\n        },\n        computed: true,\n        shorthand: true\n      },\n      {\n        type: 'ObjectProperty',\n        key: {\n          type: 'MemberExpression',\n          object: {\n            type: 'ThisExpression'\n          },\n          property: {\n            type: 'Identifier',\n            name: 'd'\n          }\n        },\n        value: {\n          type: 'MemberExpression',\n          object: {\n            type: 'ThisExpression'\n          },\n          property: {\n            type: 'Identifier',\n            name: 'd'\n          }\n        },\n        computed: false,\n        shorthand: true\n      },\n      {\n        type: 'ObjectProperty',\n        key: {\n          type: 'CallExpression',\n          callee: {\n            type: 'Identifier',\n            name: 'e'\n          },\n          arguments: []\n        },\n        value: {\n          type: 'Identifier',\n          name: 'f'\n        },\n        computed: true,\n        shorthand: false\n      },\n      {\n        type: 'ObjectProperty',\n        key: {\n          type: 'StringLiteral',\n          value: 'g'\n        },\n        value: {\n          type: 'NumericLiteral',\n          value: 2\n        },\n        computed: false,\n        shorthand: false\n      },\n      {\n        type: 'SpreadElement',\n        argument: {\n          type: 'Identifier',\n          name: 'h'\n        },\n        postfix: false\n      },\n      {\n        type: 'SpreadElement',\n        argument: {\n          type: 'Identifier',\n          name: 'i'\n        },\n        postfix: true\n      }\n    ],\n    implicit: false\n  });\n  return testExpression('a: 1', {\n    type: 'ObjectExpression',\n    properties: [\n      {\n        type: 'ObjectProperty',\n        key: {\n          type: 'Identifier',\n          name: 'a'\n        },\n        value: {\n          type: 'NumericLiteral',\n          value: 1\n        },\n        shorthand: false,\n        computed: false\n      }\n    ],\n    implicit: true\n  });\n}\n\n\u001b[0;31m  AST as expected for ModuleDeclaration node\u001b[0m \n\u001b[0;31m  AssertionError: Property \u001b[0mtype\u001b[0;31m: expected \u001b[0m\u001b[0;31m to equal \u001b[0mExportNamedDeclaration\u001b[0;31m\n  Expected AST output to include:\n  \u001b[0m{\n  \"type\": \"ExportNamedDeclaration\",\n  \"declaration\": null,\n  \"specifiers\": [\n    {\n      \"type\": \"ExportSpecifier\",\n      \"local\": {\n        \"type\": \"Identifier\",\n        \"name\": \"X\"\n      },\n      \"exported\": {\n        \"type\": \"Identifier\",\n        \"name\": \"X\"\n      }\n    }\n  ],\n  \"source\": null,\n  \"exportKind\": \"value\"\n}\u001b[0;31m\n  but instead it was:\n  \u001b[0m{\n  \"source\": null,\n  \"exportKind\": \"value\",\n  \"specifiers\": [\n    {\n      \"local\": {\n        \"name\": \"X\",\n        \"type\": \"Identifier\",\n        \"loc\": {\n          \"start\": {\n            \"line\": 1,\n            \"column\": 8\n          },\n          \"end\": {\n            \"line\": 1,\n            \"column\": 9\n          }\n        },\n        \"range\": [\n          8,\n          9\n        ],\n        \"start\": 8,\n        \"end\": 9\n      },\n      \"exported\": {\n        \"name\": \"X\",\n        \"type\": \"Identifier\",\n        \"loc\": {\n          \"start\": {\n            \"line\": 1,\n            \"column\": 8\n          },\n          \"end\": {\n            \"line\": 1,\n            \"column\": 9\n          }\n        },\n        \"range\": [\n          8,\n          9\n        ],\n        \"start\": 8,\n        \"end\": 9\n      },\n      \"type\": \"\",\n      \"loc\": {\n        \"start\": {\n          \"line\": 1,\n          \"column\": 8\n        },\n        \"end\": {\n          \"line\": 1,\n          \"column\": 9\n        }\n      },\n      \"range\": [\n        8,\n        9\n      ],\n      \"start\": 8,\n      \"end\": 9\n    }\n  ],\n  \"declaration\": null,\n  \"type\": \"\",\n  \"loc\": {\n    \"start\": {\n      \"line\": 1,\n      \"column\": 0\n    },\n    \"end\": {\n      \"line\": 1,\n      \"column\": 10\n    }\n  },\n  \"range\": [\n    0,\n    10\n  ],\n  \"start\": 0,\n  \"end\": 10\n}\u001b[0;31m\n    at exports.eq (/home/travis/build/jashkenas/coffeescript/test/support/helpers.coffee:1:1)\n    at deepStrictIncludeExpectedProperties (<anonymous>:1:1)\n    at testExpression (<anonymous>:1:1)\n    at Function.eval (<anonymous>:1:1)\n    at global.test (/home/travis/build/jashkenas/coffeescript/Cakefile:538:21)\n    at eval (<anonymous>:1:1)\n\u001b[0m \n  function () {\n  testExpression('export {X}', {\n    type: 'ExportNamedDeclaration',\n    declaration: null,\n    specifiers: [\n      {\n        type: 'ExportSpecifier',\n        local: {\n          type: 'Identifier',\n          name: 'X'\n        },\n        exported: {\n          type: 'Identifier',\n          name: 'X'\n        }\n      }\n    ],\n    source: null,\n    exportKind: 'value'\n  });\n  return testExpression('import X from \".\"', {\n    type: 'ImportDeclaration',\n    specifiers: [\n      {\n        type: 'ImportDefaultSpecifier',\n        local: {\n          type: 'Identifier',\n          name: 'X'\n        }\n      }\n    ],\n    importKind: 'value',\n    source: {\n      type: 'StringLiteral',\n      value: '.'\n    }\n  });\n}\n\n\u001b[0;31m  AST as expected for ImportDeclaration node\u001b[0m \n\u001b[0;31m  AssertionError: Property \u001b[0mtype\u001b[0;31m: expected \u001b[0m\u001b[0;31m to equal \u001b[0mImportDeclaration\u001b[0;31m\n  Expected AST output to include:\n  \u001b[0m{\n  \"type\": \"ImportDeclaration\",\n  \"specifiers\": [\n    {\n      \"type\": \"ImportDefaultSpecifier\",\n      \"local\": {\n        \"type\": \"Identifier\",\n        \"name\": \"React\"\n      }\n    },\n    {\n      \"type\": \"ImportSpecifier\",\n      \"imported\": {\n        \"type\": \"Identifier\",\n        \"name\": \"Component\"\n      },\n      \"importKind\": null,\n      \"local\": {\n        \"type\": \"Identifier\",\n        \"name\": \"Component\"\n      }\n    }\n  ],\n  \"importKind\": \"value\",\n  \"source\": {\n    \"type\": \"StringLiteral\",\n    \"value\": \"react\",\n    \"extra\": {\n      \"raw\": \"\\\"react\\\"\"\n    }\n  }\n}\u001b[0;31m\n  but instead it was:\n  \u001b[0m{\n  \"specifiers\": [\n    {\n      \"local\": {\n        \"name\": \"React\",\n        \"type\": \"Identifier\",\n        \"loc\": {\n          \"start\": {\n            \"line\": 1,\n            \"column\": 7\n          },\n          \"end\": {\n            \"line\": 1,\n            \"column\": 12\n          }\n        },\n        \"range\": [\n          7,\n          12\n        ],\n        \"start\": 7,\n        \"end\": 12\n      },\n      \"type\": \"\",\n      \"loc\": {\n        \"start\": {\n          \"line\": 1,\n          \"column\": 7\n        },\n        \"end\": {\n          \"line\": 1,\n          \"column\": 12\n        }\n      },\n      \"range\": [\n        7,\n        12\n      ],\n      \"start\": 7,\n      \"end\": 12\n    },\n    {\n      \"imported\": {\n        \"name\": \"Component\",\n        \"type\": \"Identifier\",\n        \"loc\": {\n          \"start\": {\n            \"line\": 1,\n            \"column\": 15\n          },\n          \"end\": {\n            \"line\": 1,\n            \"column\": 24\n          }\n        },\n        \"range\": [\n          15,\n          24\n        ],\n        \"start\": 15,\n        \"end\": 24\n      },\n      \"local\": {\n        \"name\": \"Component\",\n        \"type\": \"Identifier\",\n        \"loc\": {\n          \"start\": {\n            \"line\": 1,\n            \"column\": 15\n          },\n          \"end\": {\n            \"line\": 1,\n            \"column\": 24\n          }\n        },\n        \"range\": [\n          15,\n          24\n        ],\n        \"start\": 15,\n        \"end\": 24\n      },\n      \"importKind\": null,\n      \"type\": \"S\",\n      \"loc\": {\n        \"start\": {\n          \"line\": 1,\n          \"column\": 15\n        },\n        \"end\": {\n          \"line\": 1,\n          \"column\": 24\n        }\n      },\n      \"range\": [\n        15,\n        24\n      ],\n      \"start\": 15,\n      \"end\": 24\n    }\n  ],\n  \"source\": {\n    \"value\": \"react\",\n    \"extra\": {\n      \"raw\": \"\\\"react\\\"\"\n    },\n    \"type\": \"fe\",\n    \"loc\": {\n      \"start\": {\n        \"line\": 1,\n        \"column\": 31\n      },\n      \"end\": {\n        \"line\": 1,\n        \"column\": 38\n      }\n    },\n    \"range\": [\n      31,\n      38\n    ],\n    \"start\": 31,\n    \"end\": 38\n  },\n  \"importKind\": \"value\",\n  \"type\": \"\",\n  \"loc\": {\n    \"start\": {\n      \"line\": 1,\n      \"column\": 0\n    },\n    \"end\": {\n      \"line\": 1,\n      \"column\": 38\n    }\n  },\n  \"range\": [\n    0,\n    38\n  ],\n  \"start\": 0,\n  \"end\": 38\n}\u001b[0;31m\n    at exports.eq (/home/travis/build/jashkenas/coffeescript/test/support/helpers.coffee:1:1)\n    at deepStrictIncludeExpectedProperties (<anonymous>:1:1)\n    at testExpression (<anonymous>:1:1)\n    at Function.eval (<anonymous>:1:1)\n    at global.test (/home/travis/build/jashkenas/coffeescript/Cakefile:538:21)\n    at eval (<anonymous>:1:1)\n\u001b[0m \n  function () {\n  return testExpression('import React, {Component} from \"react\"', {\n    type: 'ImportDeclaration',\n    specifiers: [\n      {\n        type: 'ImportDefaultSpecifier',\n        local: {\n          type: 'Identifier',\n          name: 'React'\n        }\n      },\n      {\n        type: 'ImportSpecifier',\n        imported: {\n          type: 'Identifier',\n          name: 'Component'\n        },\n        importKind: null,\n        local: {\n          type: 'Identifier',\n          name: 'Component'\n        }\n      }\n    ],\n    importKind: 'value',\n    source: {\n      type: 'StringLiteral',\n      value: 'react',\n      extra: {\n        raw: '\"react\"'\n      }\n    }\n  });\n}\n\n\u001b[0;31m  AST as expected for ExportNamedDeclaration node\u001b[0m \n\u001b[0;31m  AssertionError: Property \u001b[0mtype\u001b[0;31m: expected \u001b[0m\u001b[0;31m to equal \u001b[0mExportNamedDeclaration\u001b[0;31m\n  Expected AST output to include:\n  \u001b[0m{\n  \"type\": \"ExportNamedDeclaration\",\n  \"declaration\": null,\n  \"specifiers\": [],\n  \"source\": null,\n  \"exportKind\": \"value\"\n}\u001b[0;31m\n  but instead it was:\n  \u001b[0m{\n  \"source\": null,\n  \"exportKind\": \"value\",\n  \"specifiers\": [],\n  \"declaration\": null,\n  \"type\": \"\",\n  \"loc\": {\n    \"start\": {\n      \"line\": 1,\n      \"column\": 0\n    },\n    \"end\": {\n      \"line\": 1,\n      \"column\": 9\n    }\n  },\n  \"range\": [\n    0,\n    9\n  ],\n  \"start\": 0,\n  \"end\": 9\n}\u001b[0;31m\n    at exports.eq (/home/travis/build/jashkenas/coffeescript/test/support/helpers.coffee:1:1)\n    at deepStrictIncludeExpectedProperties (<anonymous>:1:1)\n    at testExpression (<anonymous>:1:1)\n    at Function.eval (<anonymous>:1:1)\n    at global.test (/home/travis/build/jashkenas/coffeescript/Cakefile:538:21)\n    at eval (<anonymous>:1:1)\n\u001b[0m \n  function () {\n  testExpression('export {}', {\n    type: 'ExportNamedDeclaration',\n    declaration: null,\n    specifiers: [],\n    source: null,\n    exportKind: 'value'\n  });\n  // testExpression 'export fn = ->',\n  //   type: 'ExportNamedDeclaration'\n  //   clause:\n  //     type: 'Assign'\n  //     variable:\n  //       value: 'fn'\n  //     value:\n  //       type: 'Code'\n\n  // testExpression 'export class A',\n  testExpression('export {x as y, z as default}', {\n    type: 'ExportNamedDeclaration',\n    declaration: null,\n    specifiers: [\n      {\n        type: 'ExportSpecifier',\n        local: {\n          type: 'Identifier',\n          name: 'x'\n        },\n        exported: {\n          type: 'Identifier',\n          name: 'y'\n        }\n      },\n      {\n        type: 'ExportSpecifier',\n        local: {\n          type: 'Identifier',\n          name: 'z'\n        },\n        exported: {\n          type: 'Identifier',\n          name: 'default'\n        }\n      }\n    ],\n    source: null,\n    exportKind: 'value'\n  });\n  return testExpression('export {default, default as b} from \"./abc\"', {\n    type: 'ExportNamedDeclaration',\n    declaration: null,\n    specifiers: [\n      {\n        type: 'ExportSpecifier',\n        local: {\n          type: 'Identifier',\n          name: 'default'\n        },\n        exported: {\n          type: 'Identifier',\n          name: 'default'\n        }\n      },\n      {\n        type: 'ExportSpecifier',\n        local: {\n          type: 'Identifier',\n          name: 'default'\n        },\n        exported: {\n          type: 'Identifier',\n          name: 'b'\n        }\n      }\n    ],\n    source: {\n      type: 'StringLiteral',\n      value: './abc',\n      extra: {\n        raw: '\"./abc\"'\n      }\n    },\n    exportKind: 'value'\n  });\n}\n\n\u001b[0;31m  AST as expected for ExportDefaultDeclaration node\u001b[0m \n\u001b[0;31m  AssertionError: Property \u001b[0mtype\u001b[0;31m: expected \u001b[0mk\u001b[0;31m to equal \u001b[0mExportDefaultDeclaration\u001b[0;31m\n  Expected AST output to include:\n  \u001b[0m{\n  \"type\": \"ExportDefaultDeclaration\",\n  \"declaration\": {\n    \"type\": \"StringLiteral\",\n    \"value\": \"abc\",\n    \"extra\": {\n      \"raw\": \"\\\"abc\\\"\"\n    }\n  }\n}\u001b[0;31m\n  but instead it was:\n  \u001b[0m{\n  \"declaration\": {\n    \"value\": \"abc\",\n    \"extra\": {\n      \"raw\": \"\\\"abc\\\"\"\n    },\n    \"type\": \"fe\",\n    \"loc\": {\n      \"start\": {\n        \"line\": 1,\n        \"column\": 15\n      },\n      \"end\": {\n        \"line\": 1,\n        \"column\": 20\n      }\n    },\n    \"range\": [\n      15,\n      20\n    ],\n    \"start\": 15,\n    \"end\": 20\n  },\n  \"type\": \"k\",\n  \"loc\": {\n    \"start\": {\n      \"line\": 1,\n      \"column\": 0\n    },\n    \"end\": {\n      \"line\": 1,\n      \"column\": 20\n    }\n  },\n  \"range\": [\n    0,\n    20\n  ],\n  \"start\": 0,\n  \"end\": 20\n}\u001b[0;31m\n    at exports.eq (/home/travis/build/jashkenas/coffeescript/test/support/helpers.coffee:1:1)\n    at deepStrictIncludeExpectedProperties (<anonymous>:1:1)\n    at testExpression (<anonymous>:1:1)\n    at Function.eval (<anonymous>:1:1)\n    at global.test (/home/travis/build/jashkenas/coffeescript/Cakefile:538:21)\n    at eval (<anonymous>:1:1)\n\u001b[0m \n  function () {\n  // testExpression 'export default class',\n  //   type: 'ExportDefaultDeclaration'\n  //   clause:\n  //     type: 'Class'\n  return testExpression('export default \"abc\"', {\n    type: 'ExportDefaultDeclaration',\n    declaration: {\n      type: 'StringLiteral',\n      value: 'abc',\n      extra: {\n        raw: '\"abc\"'\n      }\n    }\n  });\n}\n\n\u001b[0;31m  AST as expected for ExportAllDeclaration node\u001b[0m \n\u001b[0;31m  AssertionError: Property \u001b[0mtype\u001b[0;31m: expected \u001b[0m\u001b[0;31m to equal \u001b[0mExportAllDeclaration\u001b[0;31m\n  Expected AST output to include:\n  \u001b[0m{\n  \"type\": \"ExportAllDeclaration\",\n  \"source\": {\n    \"type\": \"StringLiteral\",\n    \"value\": \"module-name\",\n    \"extra\": {\n      \"raw\": \"\\\"module-name\\\"\"\n    }\n  },\n  \"exportKind\": \"value\"\n}\u001b[0;31m\n  but instead it was:\n  \u001b[0m{\n  \"source\": {\n    \"value\": \"module-name\",\n    \"extra\": {\n      \"raw\": \"\\\"module-name\\\"\"\n    },\n    \"type\": \"fe\",\n    \"loc\": {\n      \"start\": {\n        \"line\": 1,\n        \"column\": 14\n      },\n      \"end\": {\n        \"line\": 1,\n        \"column\": 27\n      }\n    },\n    \"range\": [\n      14,\n      27\n    ],\n    \"start\": 14,\n    \"end\": 27\n  },\n  \"exportKind\": \"value\",\n  \"type\": \"\",\n  \"loc\": {\n    \"start\": {\n      \"line\": 1,\n      \"column\": 0\n    },\n    \"end\": {\n      \"line\": 1,\n      \"column\": 27\n    }\n  },\n  \"range\": [\n    0,\n    27\n  ],\n  \"start\": 0,\n  \"end\": 27\n}\u001b[0;31m\n    at exports.eq (/home/travis/build/jashkenas/coffeescript/test/support/helpers.coffee:1:1)\n    at deepStrictIncludeExpectedProperties (<anonymous>:1:1)\n    at testExpression (<anonymous>:1:1)\n    at Function.eval (<anonymous>:1:1)\n    at global.test (/home/travis/build/jashkenas/coffeescript/Cakefile:538:21)\n    at eval (<anonymous>:1:1)\n\u001b[0m \n  function () {\n  return testExpression('export * from \"module-name\"', {\n    type: 'ExportAllDeclaration',\n    source: {\n      type: 'StringLiteral',\n      value: 'module-name',\n      extra: {\n        raw: '\"module-name\"'\n      }\n    },\n    exportKind: 'value'\n  });\n}\n\n\u001b[0;31m  AST as expected for ExportSpecifierList node\u001b[0m \n\u001b[0;31m  AssertionError: Property \u001b[0mtype\u001b[0;31m: expected \u001b[0m\u001b[0;31m to equal \u001b[0mExportNamedDeclaration\u001b[0;31m\n  Expected AST output to include:\n  \u001b[0m{\n  \"type\": \"ExportNamedDeclaration\",\n  \"declaration\": null,\n  \"specifiers\": [\n    {\n      \"type\": \"ExportSpecifier\",\n      \"local\": {\n        \"type\": \"Identifier\",\n        \"name\": \"a\"\n      },\n      \"exported\": {\n        \"type\": \"Identifier\",\n        \"name\": \"a\"\n      }\n    },\n    {\n      \"type\": \"ExportSpecifier\",\n      \"local\": {\n        \"type\": \"Identifier\",\n        \"name\": \"b\"\n      },\n      \"exported\": {\n        \"type\": \"Identifier\",\n        \"name\": \"b\"\n      }\n    },\n    {\n      \"type\": \"ExportSpecifier\",\n      \"local\": {\n        \"type\": \"Identifier\",\n        \"name\": \"c\"\n      },\n      \"exported\": {\n        \"type\": \"Identifier\",\n        \"name\": \"c\"\n      }\n    }\n  ]\n}\u001b[0;31m\n  but instead it was:\n  \u001b[0m{\n  \"source\": null,\n  \"exportKind\": \"value\",\n  \"specifiers\": [\n    {\n      \"local\": {\n        \"name\": \"a\",\n        \"type\": \"Identifier\",\n        \"loc\": {\n          \"start\": {\n            \"line\": 1,\n            \"column\": 8\n          },\n          \"end\": {\n            \"line\": 1,\n            \"column\": 9\n          }\n        },\n        \"range\": [\n          8,\n          9\n        ],\n        \"start\": 8,\n        \"end\": 9\n      },\n      \"exported\": {\n        \"name\": \"a\",\n        \"type\": \"Identifier\",\n        \"loc\": {\n          \"start\": {\n            \"line\": 1,\n            \"column\": 8\n          },\n          \"end\": {\n            \"line\": 1,\n            \"column\": 9\n          }\n        },\n        \"range\": [\n          8,\n          9\n        ],\n        \"start\": 8,\n        \"end\": 9\n      },\n      \"type\": \"\",\n      \"loc\": {\n        \"start\": {\n          \"line\": 1,\n          \"column\": 8\n        },\n        \"end\": {\n          \"line\": 1,\n          \"column\": 9\n        }\n      },\n      \"range\": [\n        8,\n        9\n      ],\n      \"start\": 8,\n      \"end\": 9\n    },\n    {\n      \"local\": {\n        \"name\": \"b\",\n        \"type\": \"Identifier\",\n        \"loc\": {\n          \"start\": {\n            \"line\": 1,\n            \"column\": 11\n          },\n          \"end\": {\n            \"line\": 1,\n            \"column\": 12\n          }\n        },\n        \"range\": [\n          11,\n          12\n        ],\n        \"start\": 11,\n        \"end\": 12\n      },\n      \"exported\": {\n        \"name\": \"b\",\n        \"type\": \"Identifier\",\n        \"loc\": {\n          \"start\": {\n            \"line\": 1,\n            \"column\": 11\n          },\n          \"end\": {\n            \"line\": 1,\n            \"column\": 12\n          }\n        },\n        \"range\": [\n          11,\n          12\n        ],\n        \"start\": 11,\n        \"end\": 12\n      },\n      \"type\": \"\",\n      \"loc\": {\n        \"start\": {\n          \"line\": 1,\n          \"column\": 11\n        },\n        \"end\": {\n          \"line\": 1,\n          \"column\": 12\n        }\n      },\n      \"range\": [\n        11,\n        12\n      ],\n      \"start\": 11,\n      \"end\": 12\n    },\n    {\n      \"local\": {\n        \"name\": \"c\",\n        \"type\": \"Identifier\",\n        \"loc\": {\n          \"start\": {\n            \"line\": 1,\n            \"column\": 14\n          },\n          \"end\": {\n            \"line\": 1,\n            \"column\": 15\n          }\n        },\n        \"range\": [\n          14,\n          15\n        ],\n        \"start\": 14,\n        \"end\": 15\n      },\n      \"exported\": {\n        \"name\": \"c\",\n        \"type\": \"Identifier\",\n        \"loc\": {\n          \"start\": {\n            \"line\": 1,\n            \"column\": 14\n          },\n          \"end\": {\n            \"line\": 1,\n            \"column\": 15\n          }\n        },\n        \"range\": [\n          14,\n          15\n        ],\n        \"start\": 14,\n        \"end\": 15\n      },\n      \"type\": \"\",\n      \"loc\": {\n        \"start\": {\n          \"line\": 1,\n          \"column\": 14\n        },\n        \"end\": {\n          \"line\": 1,\n          \"column\": 15\n        }\n      },\n      \"range\": [\n        14,\n        15\n      ],\n      \"start\": 14,\n      \"end\": 15\n    }\n  ],\n  \"declaration\": null,\n  \"type\": \"\",\n  \"loc\": {\n    \"start\": {\n      \"line\": 1,\n      \"column\": 0\n    },\n    \"end\": {\n      \"line\": 1,\n      \"column\": 16\n    }\n  },\n  \"range\": [\n    0,\n    16\n  ],\n  \"start\": 0,\n  \"end\": 16\n}\u001b[0;31m\n    at exports.eq (/home/travis/build/jashkenas/coffeescript/test/support/helpers.coffee:1:1)\n    at deepStrictIncludeExpectedProperties (<anonymous>:1:1)\n    at testExpression (<anonymous>:1:1)\n    at Function.eval (<anonymous>:1:1)\n    at global.test (/home/travis/build/jashkenas/coffeescript/Cakefile:538:21)\n    at eval (<anonymous>:1:1)\n\u001b[0m \n  function () {\n  return testExpression('export {a, b, c}', {\n    type: 'ExportNamedDeclaration',\n    declaration: null,\n    specifiers: [\n      {\n        type: 'ExportSpecifier',\n        local: {\n          type: 'Identifier',\n          name: 'a'\n        },\n        exported: {\n          type: 'Identifier',\n          name: 'a'\n        }\n      },\n      {\n        type: 'ExportSpecifier',\n        local: {\n          type: 'Identifier',\n          name: 'b'\n        },\n        exported: {\n          type: 'Identifier',\n          name: 'b'\n        }\n      },\n      {\n        type: 'ExportSpecifier',\n        local: {\n          type: 'Identifier',\n          name: 'c'\n        },\n        exported: {\n          type: 'Identifier',\n          name: 'c'\n        }\n      }\n    ]\n  });\n}\n\n\u001b[0;31m  AST as expected for ImportDefaultSpecifier node\u001b[0m \n\u001b[0;31m  AssertionError: Property \u001b[0mtype\u001b[0;31m: expected \u001b[0m\u001b[0;31m to equal \u001b[0mImportDeclaration\u001b[0;31m\n  Expected AST output to include:\n  \u001b[0m{\n  \"type\": \"ImportDeclaration\",\n  \"specifiers\": [\n    {\n      \"type\": \"ImportDefaultSpecifier\",\n      \"local\": {\n        \"type\": \"Identifier\",\n        \"name\": \"React\"\n      }\n    }\n  ],\n  \"importKind\": \"value\",\n  \"source\": {\n    \"type\": \"StringLiteral\",\n    \"value\": \"react\"\n  }\n}\u001b[0;31m\n  but instead it was:\n  \u001b[0m{\n  \"specifiers\": [\n    {\n      \"local\": {\n        \"name\": \"React\",\n        \"type\": \"Identifier\",\n        \"loc\": {\n          \"start\": {\n            \"line\": 1,\n            \"column\": 7\n          },\n          \"end\": {\n            \"line\": 1,\n            \"column\": 12\n          }\n        },\n        \"range\": [\n          7,\n          12\n        ],\n        \"start\": 7,\n        \"end\": 12\n      },\n      \"type\": \"\",\n      \"loc\": {\n        \"start\": {\n          \"line\": 1,\n          \"column\": 7\n        },\n        \"end\": {\n          \"line\": 1,\n          \"column\": 12\n        }\n      },\n      \"range\": [\n        7,\n        12\n      ],\n      \"start\": 7,\n      \"end\": 12\n    }\n  ],\n  \"source\": {\n    \"value\": \"react\",\n    \"extra\": {\n      \"raw\": \"\\\"react\\\"\"\n    },\n    \"type\": \"fe\",\n    \"loc\": {\n      \"start\": {\n        \"line\": 1,\n        \"column\": 18\n      },\n      \"end\": {\n        \"line\": 1,\n        \"column\": 25\n      }\n    },\n    \"range\": [\n      18,\n      25\n    ],\n    \"start\": 18,\n    \"end\": 25\n  },\n  \"importKind\": \"value\",\n  \"type\": \"\",\n  \"loc\": {\n    \"start\": {\n      \"line\": 1,\n      \"column\": 0\n    },\n    \"end\": {\n      \"line\": 1,\n      \"column\": 25\n    }\n  },\n  \"range\": [\n    0,\n    25\n  ],\n  \"start\": 0,\n  \"end\": 25\n}\u001b[0;31m\n    at exports.eq (/home/travis/build/jashkenas/coffeescript/test/support/helpers.coffee:1:1)\n    at deepStrictIncludeExpectedProperties (<anonymous>:1:1)\n    at testExpression (<anonymous>:1:1)\n    at Function.eval (<anonymous>:1:1)\n    at global.test (/home/travis/build/jashkenas/coffeescript/Cakefile:538:21)\n    at eval (<anonymous>:1:1)\n\u001b[0m \n  function () {\n  return testExpression('import React from \"react\"', {\n    type: 'ImportDeclaration',\n    specifiers: [\n      {\n        type: 'ImportDefaultSpecifier',\n        local: {\n          type: 'Identifier',\n          name: 'React'\n        }\n      }\n    ],\n    importKind: 'value',\n    source: {\n      type: 'StringLiteral',\n      value: 'react'\n    }\n  });\n}\n\n\u001b[0;31m  AST as expected for ImportNamespaceSpecifier node\u001b[0m \n\u001b[0;31m  AssertionError: Property \u001b[0mtype\u001b[0;31m: expected \u001b[0m\u001b[0;31m to equal \u001b[0mImportDeclaration\u001b[0;31m\n  Expected AST output to include:\n  \u001b[0m{\n  \"type\": \"ImportDeclaration\",\n  \"specifiers\": [\n    {\n      \"type\": \"ImportNamespaceSpecifier\",\n      \"local\": {\n        \"type\": \"Identifier\",\n        \"name\": \"React\"\n      }\n    }\n  ],\n  \"importKind\": \"value\",\n  \"source\": {\n    \"type\": \"StringLiteral\",\n    \"value\": \"react\"\n  }\n}\u001b[0;31m\n  but instead it was:\n  \u001b[0m{\n  \"specifiers\": [\n    {\n      \"local\": {\n        \"name\": \"React\",\n        \"type\": \"Identifier\",\n        \"loc\": {\n          \"start\": {\n            \"line\": 1,\n            \"column\": 12\n          },\n          \"end\": {\n            \"line\": 1,\n            \"column\": 17\n          }\n        },\n        \"range\": [\n          12,\n          17\n        ],\n        \"start\": 12,\n        \"end\": 17\n      },\n      \"type\": \"\",\n      \"loc\": {\n        \"start\": {\n          \"line\": 1,\n          \"column\": 7\n        },\n        \"end\": {\n          \"line\": 1,\n          \"column\": 17\n        }\n      },\n      \"range\": [\n        7,\n        17\n      ],\n      \"start\": 7,\n      \"end\": 17\n    }\n  ],\n  \"source\": {\n    \"value\": \"react\",\n    \"extra\": {\n      \"raw\": \"\\\"react\\\"\"\n    },\n    \"type\": \"fe\",\n    \"loc\": {\n      \"start\": {\n        \"line\": 1,\n        \"column\": 23\n      },\n      \"end\": {\n        \"line\": 1,\n        \"column\": 30\n      }\n    },\n    \"range\": [\n      23,\n      30\n    ],\n    \"start\": 23,\n    \"end\": 30\n  },\n  \"importKind\": \"value\",\n  \"type\": \"\",\n  \"loc\": {\n    \"start\": {\n      \"line\": 1,\n      \"column\": 0\n    },\n    \"end\": {\n      \"line\": 1,\n      \"column\": 30\n    }\n  },\n  \"range\": [\n    0,\n    30\n  ],\n  \"start\": 0,\n  \"end\": 30\n}\u001b[0;31m\n    at exports.eq (/home/travis/build/jashkenas/coffeescript/test/support/helpers.coffee:1:1)\n    at deepStrictIncludeExpectedProperties (<anonymous>:1:1)\n    at testExpression (<anonymous>:1:1)\n    at Function.eval (<anonymous>:1:1)\n    at global.test (/home/travis/build/jashkenas/coffeescript/Cakefile:538:21)\n    at eval (<anonymous>:1:1)\n\u001b[0m \n  function () {\n  testExpression('import * as React from \"react\"', {\n    type: 'ImportDeclaration',\n    specifiers: [\n      {\n        type: 'ImportNamespaceSpecifier',\n        local: {\n          type: 'Identifier',\n          name: 'React'\n        }\n      }\n    ],\n    importKind: 'value',\n    source: {\n      type: 'StringLiteral',\n      value: 'react'\n    }\n  });\n  return testExpression('import React, * as ReactStar from \"react\"', {\n    type: 'ImportDeclaration',\n    specifiers: [\n      {\n        type: 'ImportDefaultSpecifier',\n        local: {\n          type: 'Identifier',\n          name: 'React'\n        }\n      },\n      {\n        type: 'ImportNamespaceSpecifier',\n        local: {\n          type: 'Identifier',\n          name: 'ReactStar'\n        }\n      }\n    ],\n    importKind: 'value',\n    source: {\n      type: 'StringLiteral',\n      value: 'react'\n    }\n  });\n}\n\n\u001b[0;31m  AST as expected for Assign node\u001b[0m \n\u001b[0;31m  AssertionError: Property \u001b[0mtype\u001b[0;31m: expected \u001b[0mK\u001b[0;31m to equal \u001b[0mObjectProperty\u001b[0;31m\n  Expected AST output to include:\n  \u001b[0m{\n  \"type\": \"ObjectProperty\",\n  \"key\": {\n    \"name\": \"b\"\n  },\n  \"value\": {\n    \"type\": \"AssignmentPattern\",\n    \"left\": {\n      \"type\": \"ObjectPattern\",\n      \"properties\": [\n        {\n          \"type\": \"ObjectProperty\",\n          \"key\": {\n            \"name\": \"c\"\n          },\n          \"value\": {\n            \"type\": \"AssignmentPattern\",\n            \"left\": {\n              \"name\": \"c\"\n            },\n            \"right\": {\n              \"value\": 3\n            }\n          },\n          \"shorthand\": true\n        }\n      ]\n    },\n    \"right\": {\n      \"type\": \"ObjectExpression\",\n      \"properties\": []\n    }\n  }\n}\u001b[0;31m\n  but instead it was:\n  \u001b[0m{\n  \"key\": {\n    \"name\": \"b\",\n    \"type\": \"Identifier\",\n    \"loc\": {\n      \"start\": {\n        \"line\": 1,\n        \"column\": 10\n      },\n      \"end\": {\n        \"line\": 1,\n        \"column\": 11\n      }\n    },\n    \"range\": [\n      10,\n      11\n    ],\n    \"start\": 10,\n    \"end\": 11\n  },\n  \"value\": {\n    \"right\": {\n      \"implicit\": false,\n      \"properties\": [],\n      \"type\": \"ObjectExpression\",\n      \"loc\": {\n        \"start\": {\n          \"line\": 1,\n          \"column\": 23\n        },\n        \"end\": {\n          \"line\": 1,\n          \"column\": 25\n        }\n      },\n      \"range\": [\n        23,\n        25\n      ],\n      \"start\": 23,\n      \"end\": 25\n    },\n    \"left\": {\n      \"implicit\": false,\n      \"properties\": [\n        {\n          \"key\": {\n            \"name\": \"c\",\n            \"type\": \"Identifier\",\n            \"loc\": {\n              \"start\": {\n                \"line\": 1,\n                \"column\": 14\n              },\n              \"end\": {\n                \"line\": 1,\n                \"column\": 15\n              }\n            },\n            \"range\": [\n              14,\n              15\n            ],\n            \"start\": 14,\n            \"end\": 15\n          },\n          \"value\": {\n            \"right\": {\n              \"value\": 3,\n              \"extra\": {\n                \"rawValue\": 3,\n                \"raw\": \"3\"\n              },\n              \"type\": \"NumericLiteral\",\n              \"loc\": {\n                \"start\": {\n                  \"line\": 1,\n                  \"column\": 18\n                },\n                \"end\": {\n                  \"line\": 1,\n                  \"column\": 19\n                }\n              },\n              \"range\": [\n                18,\n                19\n              ],\n              \"start\": 18,\n              \"end\": 19\n            },\n            \"left\": {\n              \"name\": \"c\",\n              \"type\": \"Identifier\",\n              \"loc\": {\n                \"start\": {\n                  \"line\": 1,\n                  \"column\": 14\n                },\n                \"end\": {\n                  \"line\": 1,\n                  \"column\": 15\n                }\n              },\n              \"range\": [\n                14,\n                15\n              ],\n              \"start\": 14,\n              \"end\": 15\n            },\n            \"type\": \"AssignmentPattern\",\n            \"loc\": {\n              \"start\": {\n                \"line\": 1,\n                \"column\": 14\n              },\n              \"end\": {\n                \"line\": 1,\n                \"column\": 19\n              }\n            },\n            \"range\": [\n              14,\n              19\n            ],\n            \"start\": 14,\n            \"end\": 19\n          },\n          \"shorthand\": true,\n          \"computed\": false,\n          \"method\": false,\n          \"type\": \"K\",\n          \"loc\": {\n            \"start\": {\n              \"line\": 1,\n              \"column\": 14\n            },\n            \"end\": {\n              \"line\": 1,\n              \"column\": 19\n            }\n          },\n          \"range\": [\n            14,\n            19\n          ],\n          \"start\": 14,\n          \"end\": 19\n        }\n      ],\n      \"type\": \"ObjectPattern\",\n      \"loc\": {\n        \"start\": {\n          \"line\": 1,\n          \"column\": 13\n        },\n        \"end\": {\n          \"line\": 1,\n          \"column\": 20\n        }\n      },\n      \"range\": [\n        13,\n        20\n      ],\n      \"start\": 13,\n      \"end\": 20\n    },\n    \"type\": \"AssignmentPattern\",\n    \"loc\": {\n      \"start\": {\n        \"line\": 1,\n        \"column\": 13\n      },\n      \"end\": {\n        \"line\": 1,\n        \"column\": 25\n      }\n    },\n    \"range\": [\n      13,\n      25\n    ],\n    \"start\": 13,\n    \"end\": 25\n  },\n  \"shorthand\": false,\n  \"computed\": false,\n  \"method\": false,\n  \"type\": \"K\",\n  \"loc\": {\n    \"start\": {\n      \"line\": 1,\n      \"column\": 10\n    },\n    \"end\": {\n      \"line\": 1,\n      \"column\": 25\n    }\n  },\n  \"range\": [\n    10,\n    25\n  ],\n  \"start\": 10,\n  \"end\": 25\n}\u001b[0;31m\n    at exports.eq (/home/travis/build/jashkenas/coffeescript/test/support/helpers.coffee:1:1)\n    at deepStrictIncludeExpectedProperties (<anonymous>:1:1)\n    at deepStrictIncludeExpectedProperties (<anonymous>:1:1)\n    at deepStrictIncludeExpectedProperties (<anonymous>:1:1)\n    at deepStrictIncludeExpectedProperties (<anonymous>:1:1)\n    at deepStrictIncludeExpectedProperties (<anonymous>:1:1)\n    at deepStrictIncludeExpectedProperties (<anonymous>:1:1)\n    at testExpression (<anonymous>:1:1)\n    at Function.eval (<anonymous>:1:1)\n    at global.test (/home/travis/build/jashkenas/coffeescript/Cakefile:538:21)\n    at eval (<anonymous>:1:1)\n\u001b[0m \n  function () {\n  testExpression('a = b', {\n    type: 'AssignmentExpression',\n    left: {\n      type: 'Identifier',\n      name: 'a'\n    },\n    right: {\n      type: 'Identifier',\n      name: 'b'\n    },\n    operator: '='\n  });\n  testExpression('a += b', {\n    type: 'AssignmentExpression',\n    left: {\n      type: 'Identifier',\n      name: 'a'\n    },\n    right: {\n      type: 'Identifier',\n      name: 'b'\n    },\n    operator: '+='\n  });\n  testExpression('[@a = 2, {b: {c = 3} = {}, d...}, ...e] = f', {\n    type: 'AssignmentExpression',\n    left: {\n      type: 'ArrayPattern',\n      elements: [\n        {\n          type: 'AssignmentPattern',\n          left: {\n            type: 'MemberExpression',\n            object: {\n              type: 'ThisExpression'\n            },\n            property: {\n              name: 'a'\n            }\n          },\n          right: {\n            type: 'NumericLiteral'\n          }\n        },\n        {\n          type: 'ObjectPattern',\n          properties: [\n            {\n              type: 'ObjectProperty',\n              key: {\n                name: 'b'\n              },\n              value: {\n                type: 'AssignmentPattern',\n                left: {\n                  type: 'ObjectPattern',\n                  properties: [\n                    {\n                      type: 'ObjectProperty',\n                      key: {\n                        name: 'c'\n                      },\n                      value: {\n                        type: 'AssignmentPattern',\n                        left: {\n                          name: 'c'\n                        },\n                        right: {\n                          value: 3\n                        }\n                      },\n                      shorthand: true\n                    }\n                  ]\n                },\n                right: {\n                  type: 'ObjectExpression',\n                  properties: []\n                }\n              }\n            },\n            {\n              type: 'RestElement',\n              postfix: true\n            }\n          ]\n        },\n        {\n          type: 'RestElement',\n          postfix: false\n        }\n      ]\n    },\n    right: {\n      name: 'f'\n    }\n  });\n  return testExpression('{a: [...b]} = c', {\n    type: 'AssignmentExpression',\n    left: {\n      type: 'ObjectPattern',\n      properties: [\n        {\n          type: 'ObjectProperty',\n          key: {\n            name: 'a'\n          },\n          value: {\n            type: 'ArrayPattern',\n            elements: [\n              {\n                type: 'RestElement'\n              }\n            ]\n          }\n        }\n      ]\n    },\n    right: {\n      name: 'c'\n    }\n  });\n}\n\n\u001b[0;31m  AST as expected for Elision node\u001b[0m \n\u001b[0;31m  AssertionError: Property \u001b[0mtype\u001b[0;31m: expected \u001b[0mfe\u001b[0;31m to equal \u001b[0mStringLiteral\u001b[0;31m\n  Expected AST output to include:\n  \u001b[0m{\n  \"type\": \"StringLiteral\",\n  \"value\": \"asdfqwer\"\n}\u001b[0;31m\n  but instead it was:\n  \u001b[0m{\n  \"value\": \"asdfqwer\",\n  \"extra\": {\n    \"raw\": \"\\\"asdfqwer\\\"\"\n  },\n  \"type\": \"fe\",\n  \"loc\": {\n    \"start\": {\n      \"line\": 1,\n      \"column\": 13\n    },\n    \"end\": {\n      \"line\": 1,\n      \"column\": 23\n    }\n  },\n  \"range\": [\n    13,\n    23\n  ],\n  \"start\": 13,\n  \"end\": 23\n}\u001b[0;31m\n    at exports.eq (/home/travis/build/jashkenas/coffeescript/test/support/helpers.coffee:1:1)\n    at deepStrictIncludeExpectedProperties (<anonymous>:1:1)\n    at deepStrictIncludeExpectedProperties (<anonymous>:1:1)\n    at testExpression (<anonymous>:1:1)\n    at Function.eval (<anonymous>:1:1)\n    at global.test (/home/travis/build/jashkenas/coffeescript/Cakefile:538:21)\n    at eval (<anonymous>:1:1)\n\u001b[0m \n  function () {\n  testExpression('[,,,a,,,b]', {\n    type: 'ArrayExpression',\n    elements: [\n      null,\n      null,\n      null,\n      {\n        name: 'a'\n      },\n      null,\n      null,\n      {\n        name: 'b'\n      }\n    ]\n  });\n  return testExpression('[,,,a,,,b] = \"asdfqwer\"', {\n    type: 'AssignmentExpression',\n    left: {\n      type: 'ArrayPattern',\n      elements: [\n        null,\n        null,\n        null,\n        {\n          type: 'Identifier',\n          name: 'a'\n        },\n        null,\n        null,\n        {\n          type: 'Identifier',\n          name: 'b'\n        }\n      ]\n    },\n    right: {\n      type: 'StringLiteral',\n      value: 'asdfqwer'\n    }\n  });\n}\n\n\u001b[0;31m  AST location data as expected for NullLiteral node\u001b[0m \n\u001b[0;31m  AssertionError: Expected AST node type \u001b[0mq\u001b[0;31m to equal \u001b[0mNullLiteral\u001b[0;31m\n    at exports.eq (/home/travis/build/jashkenas/coffeescript/test/support/helpers.coffee:1:1)\n    at testSingleNodeLocationData (<anonymous>:1:1)\n    at testAstNodeLocationData (<anonymous>:1:1)\n    at testAstLocationData (<anonymous>:1:1)\n    at Function.eval (<anonymous>:1:1)\n    at global.test (/home/travis/build/jashkenas/coffeescript/Cakefile:538:21)\n    at eval (<anonymous>:1:1)\n\u001b[0m \n  function () {\n  return testAstLocationData('null', {\n    type: 'NullLiteral',\n    start: 0,\n    end: 4,\n    range: [0, 4],\n    loc: {\n      start: {\n        line: 1,\n        column: 0\n      },\n      end: {\n        line: 1,\n        column: 4\n      }\n    }\n  });\n}\n\n\u001b[0;31m  AST location data as expected for BooleanLiteral node\u001b[0m \n\u001b[0;31m  AssertionError: Expected AST node type \u001b[0mh\u001b[0;31m to equal \u001b[0mBooleanLiteral\u001b[0;31m\n    at exports.eq (/home/travis/build/jashkenas/coffeescript/test/support/helpers.coffee:1:1)\n    at testSingleNodeLocationData (<anonymous>:1:1)\n    at testAstNodeLocationData (<anonymous>:1:1)\n    at testAstLocationData (<anonymous>:1:1)\n    at Function.eval (<anonymous>:1:1)\n    at global.test (/home/travis/build/jashkenas/coffeescript/Cakefile:538:21)\n    at eval (<anonymous>:1:1)\n\u001b[0m \n  function () {\n  return testAstLocationData('true', {\n    type: 'BooleanLiteral',\n    start: 0,\n    end: 4,\n    range: [0, 4],\n    loc: {\n      start: {\n        line: 1,\n        column: 0\n      },\n      end: {\n        line: 1,\n        column: 4\n      }\n    }\n  });\n}\n\n\u001b[0;31m  AST location data as expected for Range node\u001b[0m \n\u001b[0;31m  AssertionError: Expected AST node type \u001b[0me\u001b[0;31m to equal \u001b[0mRange\u001b[0;31m\n    at exports.eq (/home/travis/build/jashkenas/coffeescript/test/support/helpers.coffee:1:1)\n    at testSingleNodeLocationData (<anonymous>:1:1)\n    at testAstNodeLocationData (<anonymous>:1:1)\n    at testAstLocationData (<anonymous>:1:1)\n    at Function.eval (<anonymous>:1:1)\n    at global.test (/home/travis/build/jashkenas/coffeescript/Cakefile:538:21)\n    at eval (<anonymous>:1:1)\n\u001b[0m \n  function () {\n  testAstLocationData('[x..y]', {\n    type: 'Range',\n    from: {\n      start: 1,\n      end: 2,\n      range: [1, 2],\n      loc: {\n        start: {\n          line: 1,\n          column: 1\n        },\n        end: {\n          line: 1,\n          column: 2\n        }\n      }\n    },\n    to: {\n      start: 4,\n      end: 5,\n      range: [4, 5],\n      loc: {\n        start: {\n          line: 1,\n          column: 4\n        },\n        end: {\n          line: 1,\n          column: 5\n        }\n      }\n    },\n    start: 0,\n    end: 6,\n    range: [0, 6],\n    loc: {\n      start: {\n        line: 1,\n        column: 0\n      },\n      end: {\n        line: 1,\n        column: 6\n      }\n    }\n  });\n  return testAstLocationData('[4...2]', {\n    type: 'Range',\n    from: {\n      start: 1,\n      end: 2,\n      range: [1, 2],\n      loc: {\n        start: {\n          line: 1,\n          column: 1\n        },\n        end: {\n          line: 1,\n          column: 2\n        }\n      }\n    },\n    to: {\n      start: 5,\n      end: 6,\n      range: [5, 6],\n      loc: {\n        start: {\n          line: 1,\n          column: 5\n        },\n        end: {\n          line: 1,\n          column: 6\n        }\n      }\n    },\n    start: 0,\n    end: 7,\n    range: [0, 7],\n    loc: {\n      start: {\n        line: 1,\n        column: 0\n      },\n      end: {\n        line: 1,\n        column: 7\n      }\n    }\n  });\n}\n\n\u001b[0;31m  AST location data as expected for ModuleDeclaration node\u001b[0m \n\u001b[0;31m  AssertionError: Expected AST node type \u001b[0m\u001b[0;31m to equal \u001b[0mExportNamedDeclaration\u001b[0;31m\n    at exports.eq (/home/travis/build/jashkenas/coffeescript/test/support/helpers.coffee:1:1)\n    at testSingleNodeLocationData (<anonymous>:1:1)\n    at testAstNodeLocationData (<anonymous>:1:1)\n    at testAstLocationData (<anonymous>:1:1)\n    at Function.eval (<anonymous>:1:1)\n    at global.test (/home/travis/build/jashkenas/coffeescript/Cakefile:538:21)\n    at eval (<anonymous>:1:1)\n\u001b[0m \n  function () {\n  testAstLocationData('export {X}', {\n    type: 'ExportNamedDeclaration',\n    specifiers: [\n      {\n        local: {\n          start: 8,\n          end: 9,\n          range: [8,\n      9],\n          loc: {\n            start: {\n              line: 1,\n              column: 8\n            },\n            end: {\n              line: 1,\n              column: 9\n            }\n          }\n        },\n        exported: {\n          start: 8,\n          end: 9,\n          range: [8,\n      9],\n          loc: {\n            start: {\n              line: 1,\n              column: 8\n            },\n            end: {\n              line: 1,\n              column: 9\n            }\n          }\n        },\n        start: 8,\n        end: 9,\n        range: [8,\n      9],\n        loc: {\n          start: {\n            line: 1,\n            column: 8\n          },\n          end: {\n            line: 1,\n            column: 9\n          }\n        }\n      }\n    ],\n    start: 0,\n    end: 10,\n    range: [0, 10],\n    loc: {\n      start: {\n        line: 1,\n        column: 0\n      },\n      end: {\n        line: 1,\n        column: 10\n      }\n    }\n  });\n  return testAstLocationData('import X from \".\"', {\n    type: 'ImportDeclaration',\n    specifiers: [\n      {\n        start: 7,\n        end: 8,\n        range: [7,\n      8],\n        loc: {\n          start: {\n            line: 1,\n            column: 7\n          },\n          end: {\n            line: 1,\n            column: 8\n          }\n        }\n      }\n    ],\n    source: {\n      start: 14,\n      end: 17,\n      range: [14, 17],\n      loc: {\n        start: {\n          line: 1,\n          column: 14\n        },\n        end: {\n          line: 1,\n          column: 17\n        }\n      }\n    },\n    start: 0,\n    end: 17,\n    range: [0, 17],\n    loc: {\n      start: {\n        line: 1,\n        column: 0\n      },\n      end: {\n        line: 1,\n        column: 17\n      }\n    }\n  });\n}\n\n\u001b[0;31m  AST location data as expected for ImportDeclaration node\u001b[0m \n\u001b[0;31m  AssertionError: Expected AST node type \u001b[0m\u001b[0;31m to equal \u001b[0mImportDeclaration\u001b[0;31m\n    at exports.eq (/home/travis/build/jashkenas/coffeescript/test/support/helpers.coffee:1:1)\n    at testSingleNodeLocationData (<anonymous>:1:1)\n    at testAstNodeLocationData (<anonymous>:1:1)\n    at testAstLocationData (<anonymous>:1:1)\n    at Function.eval (<anonymous>:1:1)\n    at global.test (/home/travis/build/jashkenas/coffeescript/Cakefile:538:21)\n    at eval (<anonymous>:1:1)\n\u001b[0m \n  function () {\n  return testAstLocationData('import React, {\\n  Component\\n} from \"react\"', {\n    type: 'ImportDeclaration',\n    specifiers: [\n      {\n        start: 7,\n        end: 12,\n        range: [7,\n      12],\n        loc: {\n          start: {\n            line: 1,\n            column: 7\n          },\n          end: {\n            line: 1,\n            column: 12\n          }\n        }\n      },\n      {\n        imported: {\n          start: 18,\n          end: 27,\n          range: [18,\n      27],\n          loc: {\n            start: {\n              line: 2,\n              column: 2\n            },\n            end: {\n              line: 2,\n              column: 11\n            }\n          }\n        },\n        start: 18,\n        end: 27,\n        range: [18,\n      27],\n        loc: {\n          start: {\n            line: 2,\n            column: 2\n          },\n          end: {\n            line: 2,\n            column: 11\n          }\n        }\n      }\n    ],\n    source: {\n      start: 35,\n      end: 42,\n      range: [35, 42],\n      loc: {\n        start: {\n          line: 3,\n          column: 7\n        },\n        end: {\n          line: 3,\n          column: 14\n        }\n      }\n    },\n    start: 0,\n    end: 42,\n    range: [0, 42],\n    loc: {\n      start: {\n        line: 1,\n        column: 0\n      },\n      end: {\n        line: 3,\n        column: 14\n      }\n    }\n  });\n}\n\n\u001b[0;31m  AST location data as expected for ExportNamedDeclaration node\u001b[0m \n\u001b[0;31m  AssertionError: Expected AST node type \u001b[0m\u001b[0;31m to equal \u001b[0mExportNamedDeclaration\u001b[0;31m\n    at exports.eq (/home/travis/build/jashkenas/coffeescript/test/support/helpers.coffee:1:1)\n    at testSingleNodeLocationData (<anonymous>:1:1)\n    at testAstNodeLocationData (<anonymous>:1:1)\n    at testAstLocationData (<anonymous>:1:1)\n    at Function.eval (<anonymous>:1:1)\n    at global.test (/home/travis/build/jashkenas/coffeescript/Cakefile:538:21)\n    at eval (<anonymous>:1:1)\n\u001b[0m \n  function () {\n  testAstLocationData('export {}', {\n    type: 'ExportNamedDeclaration',\n    start: 0,\n    end: 9,\n    range: [0, 9],\n    loc: {\n      start: {\n        line: 1,\n        column: 0\n      },\n      end: {\n        line: 1,\n        column: 9\n      }\n    }\n  });\n  // testAstLocationData 'export fn = ->',\n  //   type: 'ExportNamedDeclaration'\n  //   clause:\n  //     type: 'Assign'\n  //     variable:\n  //       value: 'fn'\n  //     value:\n  //       type: 'Code'\n\n  // testAstLocationData 'export class A',\n  testAstLocationData('export {\\n  x as y\\n  z as default\\n  }', {\n    type: 'ExportNamedDeclaration',\n    specifiers: [\n      {\n        local: {\n          start: 11,\n          end: 12,\n          range: [11,\n      12],\n          loc: {\n            start: {\n              line: 2,\n              column: 2\n            },\n            end: {\n              line: 2,\n              column: 3\n            }\n          }\n        },\n        exported: {\n          start: 16,\n          end: 17,\n          range: [16,\n      17],\n          loc: {\n            start: {\n              line: 2,\n              column: 7\n            },\n            end: {\n              line: 2,\n              column: 8\n            }\n          }\n        },\n        start: 11,\n        end: 17,\n        range: [11,\n      17],\n        loc: {\n          start: {\n            line: 2,\n            column: 2\n          },\n          end: {\n            line: 2,\n            column: 8\n          }\n        }\n      },\n      {\n        local: {\n          start: 20,\n          end: 21,\n          range: [20,\n      21],\n          loc: {\n            start: {\n              line: 3,\n              column: 2\n            },\n            end: {\n              line: 3,\n              column: 3\n            }\n          }\n        },\n        exported: {\n          start: 25,\n          end: 32,\n          range: [25,\n      32],\n          loc: {\n            start: {\n              line: 3,\n              column: 7\n            },\n            end: {\n              line: 3,\n              column: 14\n            }\n          }\n        },\n        start: 20,\n        end: 32,\n        range: [20,\n      32],\n        loc: {\n          start: {\n            line: 3,\n            column: 2\n          },\n          end: {\n            line: 3,\n            column: 14\n          }\n        }\n      }\n    ],\n    start: 0,\n    end: 36,\n    range: [0, 36],\n    loc: {\n      start: {\n        line: 1,\n        column: 0\n      },\n      end: {\n        line: 4,\n        column: 3\n      }\n    }\n  });\n  return testAstLocationData('export {default, default as b} from \"./abc\"', {\n    type: 'ExportNamedDeclaration',\n    specifiers: [\n      {\n        local: {\n          start: 8,\n          end: 15,\n          range: [8,\n      15],\n          loc: {\n            start: {\n              line: 1,\n              column: 8\n            },\n            end: {\n              line: 1,\n              column: 15\n            }\n          }\n        },\n        start: 8,\n        end: 15,\n        range: [8,\n      15],\n        loc: {\n          start: {\n            line: 1,\n            column: 8\n          },\n          end: {\n            line: 1,\n            column: 15\n          }\n        }\n      },\n      {\n        local: {\n          start: 17,\n          end: 24,\n          range: [17,\n      24],\n          loc: {\n            start: {\n              line: 1,\n              column: 17\n            },\n            end: {\n              line: 1,\n              column: 24\n            }\n          }\n        },\n        exported: {\n          start: 28,\n          end: 29,\n          range: [28,\n      29],\n          loc: {\n            start: {\n              line: 1,\n              column: 28\n            },\n            end: {\n              line: 1,\n              column: 29\n            }\n          }\n        },\n        start: 17,\n        end: 29,\n        range: [17,\n      29],\n        loc: {\n          start: {\n            line: 1,\n            column: 17\n          },\n          end: {\n            line: 1,\n            column: 29\n          }\n        }\n      }\n    ],\n    source: {\n      start: 36,\n      end: 43,\n      range: [36, 43],\n      loc: {\n        start: {\n          line: 1,\n          column: 36\n        },\n        end: {\n          line: 1,\n          column: 43\n        }\n      }\n    },\n    start: 0,\n    end: 43,\n    range: [0, 43],\n    loc: {\n      start: {\n        line: 1,\n        column: 0\n      },\n      end: {\n        line: 1,\n        column: 43\n      }\n    }\n  });\n}\n\n\u001b[0;31m  AST location data as expected for ExportDefaultDeclaration node\u001b[0m \n\u001b[0;31m  AssertionError: Expected AST node type \u001b[0mk\u001b[0;31m to equal \u001b[0mExportDefaultDeclaration\u001b[0;31m\n    at exports.eq (/home/travis/build/jashkenas/coffeescript/test/support/helpers.coffee:1:1)\n    at testSingleNodeLocationData (<anonymous>:1:1)\n    at testAstNodeLocationData (<anonymous>:1:1)\n    at testAstLocationData (<anonymous>:1:1)\n    at Function.eval (<anonymous>:1:1)\n    at global.test (/home/travis/build/jashkenas/coffeescript/Cakefile:538:21)\n    at eval (<anonymous>:1:1)\n\u001b[0m \n  function () {\n  // testAstLocationData 'export default class',\n  //   type: 'ExportDefaultDeclaration'\n  //   clause:\n  //     type: 'Class'\n  return testAstLocationData('export default \"abc\"', {\n    type: 'ExportDefaultDeclaration',\n    declaration: {\n      start: 15,\n      end: 20,\n      range: [15, 20],\n      loc: {\n        start: {\n          line: 1,\n          column: 15\n        },\n        end: {\n          line: 1,\n          column: 20\n        }\n      }\n    },\n    start: 0,\n    end: 20,\n    range: [0, 20],\n    loc: {\n      start: {\n        line: 1,\n        column: 0\n      },\n      end: {\n        line: 1,\n        column: 20\n      }\n    }\n  });\n}\n\n\u001b[0;31m  AST location data as expected for ExportAllDeclaration node\u001b[0m \n\u001b[0;31m  AssertionError: Expected AST node type \u001b[0m\u001b[0;31m to equal \u001b[0mExportAllDeclaration\u001b[0;31m\n    at exports.eq (/home/travis/build/jashkenas/coffeescript/test/support/helpers.coffee:1:1)\n    at testSingleNodeLocationData (<anonymous>:1:1)\n    at testAstNodeLocationData (<anonymous>:1:1)\n    at testAstLocationData (<anonymous>:1:1)\n    at Function.eval (<anonymous>:1:1)\n    at global.test (/home/travis/build/jashkenas/coffeescript/Cakefile:538:21)\n    at eval (<anonymous>:1:1)\n\u001b[0m \n  function () {\n  return testAstLocationData('export * from \"module-name\"', {\n    type: 'ExportAllDeclaration',\n    source: {\n      start: 14,\n      end: 27,\n      range: [14, 27],\n      loc: {\n        start: {\n          line: 1,\n          column: 14\n        },\n        end: {\n          line: 1,\n          column: 27\n        }\n      }\n    },\n    start: 0,\n    end: 27,\n    range: [0, 27],\n    loc: {\n      start: {\n        line: 1,\n        column: 0\n      },\n      end: {\n        line: 1,\n        column: 27\n      }\n    }\n  });\n}\n\n\u001b[0;31m  AST location data as expected for ImportDefaultSpecifier node\u001b[0m \n\u001b[0;31m  AssertionError: Expected AST node type \u001b[0m\u001b[0;31m to equal \u001b[0mImportDeclaration\u001b[0;31m\n    at exports.eq (/home/travis/build/jashkenas/coffeescript/test/support/helpers.coffee:1:1)\n    at testSingleNodeLocationData (<anonymous>:1:1)\n    at testAstNodeLocationData (<anonymous>:1:1)\n    at testAstLocationData (<anonymous>:1:1)\n    at Function.eval (<anonymous>:1:1)\n    at global.test (/home/travis/build/jashkenas/coffeescript/Cakefile:538:21)\n    at eval (<anonymous>:1:1)\n\u001b[0m \n  function () {\n  return testAstLocationData('import React from \"react\"', {\n    type: 'ImportDeclaration',\n    specifiers: [\n      {\n        start: 7,\n        end: 12,\n        range: [7,\n      12],\n        loc: {\n          start: {\n            line: 1,\n            column: 7\n          },\n          end: {\n            line: 1,\n            column: 12\n          }\n        }\n      }\n    ],\n    source: {\n      start: 18,\n      end: 25,\n      range: [18, 25],\n      loc: {\n        start: {\n          line: 1,\n          column: 18\n        },\n        end: {\n          line: 1,\n          column: 25\n        }\n      }\n    },\n    start: 0,\n    end: 25,\n    range: [0, 25],\n    loc: {\n      start: {\n        line: 1,\n        column: 0\n      },\n      end: {\n        line: 1,\n        column: 25\n      }\n    }\n  });\n}\n\n\u001b[0;31m  AST location data as expected for ImportNamespaceSpecifier node\u001b[0m \n\u001b[0;31m  AssertionError: Expected AST node type \u001b[0m\u001b[0;31m to equal \u001b[0mImportDeclaration\u001b[0;31m\n    at exports.eq (/home/travis/build/jashkenas/coffeescript/test/support/helpers.coffee:1:1)\n    at testSingleNodeLocationData (<anonymous>:1:1)\n    at testAstNodeLocationData (<anonymous>:1:1)\n    at testAstLocationData (<anonymous>:1:1)\n    at Function.eval (<anonymous>:1:1)\n    at global.test (/home/travis/build/jashkenas/coffeescript/Cakefile:538:21)\n    at eval (<anonymous>:1:1)\n\u001b[0m \n  function () {\n  testAstLocationData('import * as React from \"react\"', {\n    type: 'ImportDeclaration',\n    specifiers: [\n      {\n        start: 7,\n        end: 17,\n        range: [7,\n      17],\n        loc: {\n          start: {\n            line: 1,\n            column: 7\n          },\n          end: {\n            line: 1,\n            column: 17\n          }\n        }\n      }\n    ],\n    source: {\n      start: 23,\n      end: 30,\n      range: [23, 30],\n      loc: {\n        start: {\n          line: 1,\n          column: 23\n        },\n        end: {\n          line: 1,\n          column: 30\n        }\n      }\n    },\n    start: 0,\n    end: 30,\n    range: [0, 30],\n    loc: {\n      start: {\n        line: 1,\n        column: 0\n      },\n      end: {\n        line: 1,\n        column: 30\n      }\n    }\n  });\n  return testAstLocationData('import React, * as ReactStar from \"react\"', {\n    type: 'ImportDeclaration',\n    specifiers: [\n      {\n        start: 7,\n        end: 12,\n        range: [7,\n      12],\n        loc: {\n          start: {\n            line: 1,\n            column: 7\n          },\n          end: {\n            line: 1,\n            column: 12\n          }\n        }\n      },\n      {\n        local: {\n          start: 19,\n          end: 28,\n          range: [19,\n      28],\n          loc: {\n            start: {\n              line: 1,\n              column: 19\n            },\n            end: {\n              line: 1,\n              column: 28\n            }\n          }\n        },\n        start: 14,\n        end: 28,\n        range: [14,\n      28],\n        loc: {\n          start: {\n            line: 1,\n            column: 14\n          },\n          end: {\n            line: 1,\n            column: 28\n          }\n        }\n      }\n    ],\n    source: {\n      start: 34,\n      end: 41,\n      range: [34, 41],\n      loc: {\n        start: {\n          line: 1,\n          column: 34\n        },\n        end: {\n          line: 1,\n          column: 41\n        }\n      }\n    },\n    start: 0,\n    end: 41,\n    range: [0, 41],\n    loc: {\n      start: {\n        line: 1,\n        column: 0\n      },\n      end: {\n        line: 1,\n        column: 41\n      }\n    }\n  });\n}\n\n\u001b[0;31m  AST location data as expected for Assign node\u001b[0m \n\u001b[0;31m  AssertionError: Expected AST node type \u001b[0mK\u001b[0;31m to equal \u001b[0mObjectProperty\u001b[0;31m\n    at exports.eq (/home/travis/build/jashkenas/coffeescript/test/support/helpers.coffee:1:1)\n    at testSingleNodeLocationData (<anonymous>:1:1)\n    at testAstNodeLocationData (<anonymous>:1:1)\n    at eval (<anonymous>:1:1)\n    at testAstNodeLocationData (<anonymous>:1:1)\n    at testAstNodeLocationData (<anonymous>:1:1)\n    at testAstLocationData (<anonymous>:1:1)\n    at Function.eval (<anonymous>:1:1)\n    at global.test (/home/travis/build/jashkenas/coffeescript/Cakefile:538:21)\n    at eval (<anonymous>:1:1)\n\u001b[0m \n  function () {\n  testAstLocationData('a = b', {\n    type: 'AssignmentExpression',\n    left: {\n      start: 0,\n      end: 1,\n      range: [0, 1],\n      loc: {\n        start: {\n          line: 1,\n          column: 0\n        },\n        end: {\n          line: 1,\n          column: 1\n        }\n      }\n    },\n    right: {\n      start: 4,\n      end: 5,\n      range: [4, 5],\n      loc: {\n        start: {\n          line: 1,\n          column: 4\n        },\n        end: {\n          line: 1,\n          column: 5\n        }\n      }\n    },\n    start: 0,\n    end: 5,\n    range: [0, 5],\n    loc: {\n      start: {\n        line: 1,\n        column: 0\n      },\n      end: {\n        line: 1,\n        column: 5\n      }\n    }\n  });\n  testAstLocationData('a += b', {\n    type: 'AssignmentExpression',\n    left: {\n      start: 0,\n      end: 1,\n      range: [0, 1],\n      loc: {\n        start: {\n          line: 1,\n          column: 0\n        },\n        end: {\n          line: 1,\n          column: 1\n        }\n      }\n    },\n    right: {\n      start: 5,\n      end: 6,\n      range: [5, 6],\n      loc: {\n        start: {\n          line: 1,\n          column: 5\n        },\n        end: {\n          line: 1,\n          column: 6\n        }\n      }\n    },\n    start: 0,\n    end: 6,\n    range: [0, 6],\n    loc: {\n      start: {\n        line: 1,\n        column: 0\n      },\n      end: {\n        line: 1,\n        column: 6\n      }\n    }\n  });\n  return testAstLocationData('{a: [...b]} = c', {\n    type: 'AssignmentExpression',\n    left: {\n      properties: [\n        {\n          type: 'ObjectProperty',\n          key: {\n            start: 1,\n            end: 2,\n            range: [1,\n        2],\n            loc: {\n              start: {\n                line: 1,\n                column: 1\n              },\n              end: {\n                line: 1,\n                column: 2\n              }\n            }\n          },\n          value: {\n            elements: [\n              {\n                start: 5,\n                end: 9,\n                range: [5,\n              9],\n                loc: {\n                  start: {\n                    line: 1,\n                    column: 5\n                  },\n                  end: {\n                    line: 1,\n                    column: 9\n                  }\n                }\n              }\n            ],\n            start: 4,\n            end: 10,\n            range: [4,\n        10],\n            loc: {\n              start: {\n                line: 1,\n                column: 4\n              },\n              end: {\n                line: 1,\n                column: 10\n              }\n            }\n          },\n          start: 1,\n          end: 10,\n          range: [1,\n        10],\n          loc: {\n            start: {\n              line: 1,\n              column: 1\n            },\n            end: {\n              line: 1,\n              column: 10\n            }\n          }\n        }\n      ],\n      start: 0,\n      end: 11,\n      range: [0, 11],\n      loc: {\n        start: {\n          line: 1,\n          column: 0\n        },\n        end: {\n          line: 1,\n          column: 11\n        }\n      }\n    },\n    right: {\n      start: 14,\n      end: 15,\n      range: [14, 15],\n      loc: {\n        start: {\n          line: 1,\n          column: 14\n        },\n        end: {\n          line: 1,\n          column: 15\n        }\n      }\n    },\n    start: 0,\n    end: 15,\n    range: [0, 15],\n    loc: {\n      start: {\n        line: 1,\n        column: 0\n      },\n      end: {\n        line: 1,\n        column: 15\n      }\n    }\n  });\n}\n\n\u001b[0;31m  CSX error: non-matching tag names\u001b[0m \n\u001b[0;31m  AssertionError: Expected \u001b[0m[stdin]:1:6: error: expected corresponding CSX closing tag for span\n<div><span></div></span>\n     ^^^^^\u001b[0;31m to equal \u001b[0m[stdin]:1:7: error: expected corresponding CSX closing tag for span\n<div><span></div></span>\n      ^^^^\u001b[0;31m\n    at exports.eq (/home/travis/build/jashkenas/coffeescript/test/support/helpers.coffee:1:1)\n    at Object.eval (<anonymous>:1:1)\n    at expectedException (assert.js:299:19)\n    at innerThrows (assert.js:343:8)\n    at throws (assert.js:350:3)\n    at assertErrorFormat (<anonymous>:1:1)\n    at Function.eval (<anonymous>:1:1)\n    at global.test (/home/travis/build/jashkenas/coffeescript/Cakefile:538:21)\n    at eval (<anonymous>:1:1)\n    at Object.s.run (/tmp/coffeescript.js:1:31704)\n    at runTests (/home/travis/build/jashkenas/coffeescript/Cakefile:609:22)\n    at /home/travis/build/jashkenas/coffeescript/Cakefile:687:21\n    at finalCallback (/home/travis/build/jashkenas/coffeescript/node_modules/webpack/lib/Compiler.js:210:39)\n    at hooks.done.callAsync.err (/home/travis/build/jashkenas/coffeescript/node_modules/webpack/lib/Compiler.js:259:14)\n    at AsyncSeriesHook.eval [as callAsync] (<anonymous>:1:1)\n    at AsyncSeriesHook.lazyCompileHook (/home/travis/build/jashkenas/coffeescript/node_modules/tapable/lib/Hook.js:154:20)\n    at emitRecords.err (/home/travis/build/jashkenas/coffeescript/node_modules/webpack/lib/Compiler.js:257:22)\n    at Compiler.emitRecords (/home/travis/build/jashkenas/coffeescript/node_modules/webpack/lib/Compiler.js:372:39)\n    at emitAssets.err (/home/travis/build/jashkenas/coffeescript/node_modules/webpack/lib/Compiler.js:251:10)\n    at hooks.afterEmit.callAsync.err (/home/travis/build/jashkenas/coffeescript/node_modules/webpack/lib/Compiler.js:358:14)\n    at AsyncSeriesHook.eval [as callAsync] (<anonymous>:1:1)\n    at AsyncSeriesHook.lazyCompileHook (/home/travis/build/jashkenas/coffeescript/node_modules/tapable/lib/Hook.js:154:20)\n    at asyncLib.forEach.err (/home/travis/build/jashkenas/coffeescript/node_modules/webpack/lib/Compiler.js:355:27)\n    at done (/home/travis/build/jashkenas/coffeescript/node_modules/neo-async/async.js:2854:11)\n    at /home/travis/build/jashkenas/coffeescript/node_modules/neo-async/async.js:2805:7\n    at /home/travis/build/jashkenas/coffeescript/node_modules/graceful-fs/graceful-fs.js:43:10\n    at FSReqWrap.oncomplete (fs.js:123:15)\n\u001b[0m \n  function () {\n  return assertErrorFormat('<div><span></div></span>', '[stdin]:1:6: error: expected corresponding CSX closing tag for span\\n<div><span></div></span>\\n     ^^^^^');\n}\ntravis_time:end:2b8bb82c:start=1543384322020412199,finish=1543384341261893103,duration=19241480904\n\u001b[0K\u001b[32;1mThe command \"node ./bin/cake test:integrations\" exited with 0.\u001b[0m\n\ntravis_time:start:12f2843d\n\u001b[0K$ node ./bin/cake build:except-parser\ntravis_time:end:12f2843d:start=1543384341266085628,finish=1543384347013018030,duration=5746932402\n\u001b[0K\u001b[32;1mThe command \"node ./bin/cake build:except-parser\" exited with 0.\u001b[0m\n\ntravis_time:start:0451e754\n\u001b[0K$ node ./bin/cake build:parser\ntravis_time:end:0451e754:start=1543384347017225097,finish=1543384416837498342,duration=69820273245\n\u001b[0K\u001b[32;1mThe command \"node ./bin/cake build:parser\" exited with 0.\u001b[0m\n\ntravis_time:start:265d7ad9\n\u001b[0K$ node ./bin/cake build:full\n(node:5159) UnhandledPromiseRejectionWarning: Unhandled promise rejection (rejection id: 2): undefined\n\u001b[0;31mfailed 1 and passed 1309 tests in 10.83 seconds\u001b[0m\u001b[0m \n\n\u001b[0;31m  CSX error: non-matching tag names\u001b[0m \n\u001b[0;31m  AssertionError: Expected \u001b[0m[stdin]:1:6: error: expected corresponding CSX closing tag for span\n<div><span></div></span>\n     ^^^^^\u001b[0;31m to equal \u001b[0m[stdin]:1:7: error: expected corresponding CSX closing tag for span\n<div><span></div></span>\n      ^^^^\u001b[0;31m\n    at exports.eq (/home/travis/build/jashkenas/coffeescript/test/support/helpers.coffee:28:3)\n    at Object.<anonymous> (/home/travis/build/jashkenas/coffeescript/test/error_messages.coffee:1:1)\n    at expectedException (assert.js:299:19)\n    at innerThrows (assert.js:343:8)\n    at throws (assert.js:350:3)\n    at assertErrorFormat (/home/travis/build/jashkenas/coffeescript/test/error_messages.coffee:1:1)\n    at Function.<anonymous> (/home/travis/build/jashkenas/coffeescript/test/error_messages.coffee:1:1)\n    at global.test (/home/travis/build/jashkenas/coffeescript/Cakefile:538:21)\n    at Object.<anonymous> (/home/travis/build/jashkenas/coffeescript/test/error_messages.coffee:1:1)\n    at Object.<anonymous> (/home/travis/build/jashkenas/coffeescript/test/error_messages.coffee:1:1)\n    at Module._compile (module.js:577:32)\n    at Object.CoffeeScript.run (/home/travis/build/jashkenas/coffeescript/lib/coffeescript/index.js:67:23)\n    at runTests (/home/travis/build/jashkenas/coffeescript/Cakefile:609:22)\n    at testBuiltCode (/home/travis/build/jashkenas/coffeescript/Cakefile:150:19)\n    at /home/travis/build/jashkenas/coffeescript/Cakefile:67:16\n    at ChildProcess.<anonymous> (/home/travis/build/jashkenas/coffeescript/Cakefile:55:16)\n    at emitTwo (events.js:106:13)\n    at ChildProcess.emit (events.js:191:7)\n    at Process.ChildProcess._handle.onexit (internal/child_process.js:219:12)\n\u001b[0m \n  function () {\n    return assertErrorFormat('<div><span></div></span>', '[stdin]:1:6: error: expected corresponding CSX closing tag for span\\n<div><span></div></span>\\n     ^^^^^');\n  }\ntravis_time:end:265d7ad9:start=1543384416841866813,finish=1543384510161717531,duration=93319850718\n\u001b[0K\u001b[32;1mThe command \"node ./bin/cake build:full\" exited with 0.\u001b[0m\n\ntravis_time:start:018ae138\n\u001b[0K$ node ./bin/cake build:browser\ntravis_time:end:018ae138:start=1543384510166018041,finish=1543384532204844728,duration=22038826687\n\u001b[0K\u001b[32;1mThe command \"node ./bin/cake build:browser\" exited with 0.\u001b[0m\n\ntravis_fold:start:cache.2\n\u001b[0Kstore build cache\ntravis_time:start:20b39d18\n\u001b[0Ktravis_time:end:20b39d18:start=1543384532212412855,finish=1543384532216462290,duration=4049435\n\u001b[0Ktravis_time:start:0465817c\n\u001b[0K\u001b[32;1mchange detected (content changed, file is created, or file is deleted):\n/home/travis/build/jashkenas/coffeescript/node_modules/.cache/uglifyjs-webpack-plugin/content-v2/sha512/c7/c3/19e8d723228e668e6bec29ae61d8b1d2c7dbe30fbb9f7f622b7014329a4a9c0cb8a163e940a1228b1797e77150193ceb1b829df593d893cf1d55659bd9bb\n/home/travis/build/jashkenas/coffeescript/node_modules/.cache/uglifyjs-webpack-plugin/index-v5/e7/48/25deb215aa1aa5ea301f767bd9e09b2d252b54d93cf6c616005e3783f085\n\n\u001b[0m\n\u001b[32;1mchanges detected, packing new archive\u001b[0m\n\u001b[32;1muploading PR.5137/cache-linux-trusty-e3b0c44298fc1c149afbf4c8996fb92427ae41e4649b934ca495991b7852b855--node-6.tgz\u001b[0m\n\u001b[32;1mcache uploaded\u001b[0m\ntravis_time:end:0465817c:start=1543384532222649054,finish=1543384536308936264,duration=4086287210\n\u001b[0Ktravis_fold:end:cache.2\n\u001b[0K\n\nDone. Your build exited with 1.\n"
}