{
  "log_path": "CSS/twbs@bootstrap/failed/567309876.log",
  "failure_chunk": "Variable $bd-warning is not being used!",
  "keywords": [
    "ERR!",
    "\u2716",
    ""
  ],
  "category": "3",
  "full_log": "travis_fold:start:worker_info\n\u001b[0K\u001b[33;1mWorker information\u001b[0m\nhostname: 8e77cdda-3444-4204-9d03-6910404c5881@1.worker-org-b6c9dcb4d-nbw7f.gce-production-1\nversion: v6.2.1 https://github.com/travis-ci/worker/tree/4e3246c044eb4915c2378ffacd0b3d3ed0136bba\ninstance: travis-job-0e4dbfcc-bfbd-464c-a3d4-925f30ea8956 travis-ci-sardonyx-xenial-1553530528-f909ac5 (via amqp)\nstartup: 6.466701171s\ntravis_fold:end:worker_info\n\u001b[0Ktravis_fold:start:system_info\n\u001b[0K\u001b[33;1mBuild system information\u001b[0m\nBuild language: node_js\nBuild group: stable\nBuild dist: xenial\nBuild id: 567309876\nJob id: 567309877\nRuntime kernel version: 4.15.0-1028-gcp\ntravis-build version: 65949ed1e\n\u001b[34m\u001b[1mBuild image provisioning date and time\u001b[0m\nMon Mar 25 16:43:24 UTC 2019\n\u001b[34m\u001b[1mOperating System Details\u001b[0m\nDistributor ID:\tUbuntu\nDescription:\tUbuntu 16.04.6 LTS\nRelease:\t16.04\nCodename:\txenial\n\u001b[34m\u001b[1mSystemd Version\u001b[0m\nsystemd 229\n\u001b[34m\u001b[1mCookbooks Version\u001b[0m\n42e42e4 https://github.com/travis-ci/travis-cookbooks/tree/42e42e4\n\u001b[34m\u001b[1mgit version\u001b[0m\ngit version 2.21.0\n\u001b[34m\u001b[1mbash version\u001b[0m\nGNU bash, version 4.3.48(1)-release (x86_64-pc-linux-gnu)\n\u001b[34m\u001b[1mgcc version\u001b[0m\ngcc (Ubuntu 5.4.0-6ubuntu1~16.04.11) 5.4.0 20160609\n\u001b[34m\u001b[1mdocker version\u001b[0m\nClient:\n Version:           18.06.0-ce\n API version:       1.38\n Go version:        go1.10.3\n Git commit:        0ffa825\n Built:             Wed Jul 18 19:11:02 2018\n OS/Arch:           linux/amd64\n Experimental:      false\n\nServer:\n Engine:\n  Version:          18.06.0-ce\n  API version:      1.38 (minimum version 1.12)\n  Go version:       go1.10.3\n  Git commit:       0ffa825\n  Built:            Wed Jul 18 19:09:05 2018\n  OS/Arch:          linux/amd64\n  Experimental:     false\n\u001b[34m\u001b[1mclang version\u001b[0m\nclang version 7.0.0 (tags/RELEASE_700/final)\n\u001b[34m\u001b[1mjq version\u001b[0m\njq-1.5\n\u001b[34m\u001b[1mbats version\u001b[0m\nBats 0.4.0\n\u001b[34m\u001b[1mshellcheck version\u001b[0m\n0.6.0\n\u001b[34m\u001b[1mshfmt version\u001b[0m\nv2.6.3\n\u001b[34m\u001b[1mccache version\u001b[0m\n3.2.4\n\u001b[34m\u001b[1mcmake version\u001b[0m\ncmake version 3.12.4\n\u001b[34m\u001b[1mheroku version\u001b[0m\nheroku/7.22.7 linux-x64 node-v11.10.1\n\u001b[34m\u001b[1mimagemagick version\u001b[0m\nVersion: ImageMagick 6.8.9-9 Q16 x86_64 2018-09-28 http://www.imagemagick.org\n\u001b[34m\u001b[1mmd5deep version\u001b[0m\n4.4\n\u001b[34m\u001b[1mmercurial version\u001b[0m\nversion 4.8\n\u001b[34m\u001b[1mmysql version\u001b[0m\nmysql  Ver 14.14 Distrib 5.7.25, for Linux (x86_64) using  EditLine wrapper\n\u001b[34m\u001b[1mopenssl version\u001b[0m\nOpenSSL 1.0.2g  1 Mar 2016\n\u001b[34m\u001b[1mpacker version\u001b[0m\n1.3.3\n\u001b[34m\u001b[1mpostgresql client version\u001b[0m\npsql (PostgreSQL) 10.7 (Ubuntu 10.7-1.pgdg16.04+1)\n\u001b[34m\u001b[1mragel version\u001b[0m\nRagel State Machine Compiler version 6.8 Feb 2013\n\u001b[34m\u001b[1msudo version\u001b[0m\n1.8.16\n\u001b[34m\u001b[1mgzip version\u001b[0m\ngzip 1.6\n\u001b[34m\u001b[1mzip version\u001b[0m\nZip 3.0\n\u001b[34m\u001b[1mvim version\u001b[0m\nVIM - Vi IMproved 7.4 (2013 Aug 10, compiled Nov 24 2016 16:44:48)\n\u001b[34m\u001b[1miptables version\u001b[0m\niptables v1.6.0\n\u001b[34m\u001b[1mcurl version\u001b[0m\ncurl 7.47.0 (x86_64-pc-linux-gnu) libcurl/7.47.0 GnuTLS/3.4.10 zlib/1.2.8 libidn/1.32 librtmp/2.3\n\u001b[34m\u001b[1mwget version\u001b[0m\nGNU Wget 1.17.1 built on linux-gnu.\n\u001b[34m\u001b[1mrsync version\u001b[0m\nrsync  version 3.1.1  protocol version 31\n\u001b[34m\u001b[1mgimme version\u001b[0m\nv1.5.3\n\u001b[34m\u001b[1mnvm version\u001b[0m\n0.34.0\n\u001b[34m\u001b[1mperlbrew version\u001b[0m\n/home/travis/perl5/perlbrew/bin/perlbrew  - App::perlbrew/0.86\n\u001b[34m\u001b[1mphpenv version\u001b[0m\nrbenv 1.1.2\n\u001b[34m\u001b[1mrvm version\u001b[0m\nrvm 1.29.7 (latest) by Michal Papis, Piotr Kuczynski, Wayne E. Seguin [https://rvm.io]\n\u001b[34m\u001b[1mdefault ruby version\u001b[0m\nruby 2.5.3p105 (2018-10-18 revision 65156) [x86_64-linux]\n\u001b[34m\u001b[1mCouchDB version\u001b[0m\ncouchdb 1.6.1\n\u001b[34m\u001b[1mElasticSearch version\u001b[0m\n5.5.0\n\u001b[34m\u001b[1mInstalled Firefox version\u001b[0m\nfirefox 63.0.1\n\u001b[34m\u001b[1mMongoDB version\u001b[0m\nMongoDB 4.0.7\n\u001b[34m\u001b[1mPhantomJS version\u001b[0m\n2.1.1\n\u001b[34m\u001b[1mPre-installed PostgreSQL versions\u001b[0m\n9.4.21\n9.5.16\n9.6.12\n\u001b[34m\u001b[1mRedis version\u001b[0m\nredis-server 5.0.4\n\u001b[34m\u001b[1mPre-installed Go versions\u001b[0m\n1.11.1\n\u001b[34m\u001b[1mmvn version\u001b[0m\nApache Maven 3.6.0 (97c98ec64a1fdfee7767ce5ffb20918da4f719f3; 2018-10-24T18:41:47Z)\n\u001b[34m\u001b[1mgradle version\u001b[0m\nGradle 4.10.2!\n\u001b[34m\u001b[1mlein version\u001b[0m\nLeiningen 2.9.1 on Java 11.0.2 OpenJDK 64-Bit Server VM\n\u001b[34m\u001b[1mPre-installed Node.js versions\u001b[0m\nv10.15.3\nv11.0.0\nv4.9.1\nv6.17.0\nv8.12.0\nv8.15.1\nv8.9\n\u001b[34m\u001b[1mphpenv versions\u001b[0m\n  system\n  5.6\n  5.6.40\n  7.1\n  7.1.27\n  7.2\n* 7.2.15 (set by /home/travis/.phpenv/version)\n  hhvm\n  hhvm-stable\n\u001b[34m\u001b[1mcomposer --version\u001b[0m\nComposer version 1.8.4 2019-02-11 10:52:10\n\u001b[34m\u001b[1mPre-installed Ruby versions\u001b[0m\nruby-2.3.8\nruby-2.4.5\nruby-2.5.3\ntravis_fold:end:system_info\n\u001b[0K\ntravis_fold:start:docker_mtu\n\u001b[0Ktravis_fold:end:docker_mtu\n\u001b[0Ktravis_fold:start:resolvconf\n\u001b[0Ktravis_fold:end:resolvconf\n\u001b[0Ktravis_fold:start:install_chrome\n\u001b[0K$ export CHROME_SOURCE_URL=https://dl.google.com/dl/linux/direct/google-chrome-stable_current_amd64.deb\n\u001b[33;1mInstalling Google Chrome stable\u001b[0m\ntravis_time:start:0fd55928\n\u001b[0K$ wget --no-verbose -O /tmp/$(basename $CHROME_SOURCE_URL) $CHROME_SOURCE_URL\n2019-08-03 14:27:06 URL:https://dl.google.com/dl/linux/direct/google-chrome-stable_current_amd64.deb [59355402/59355402] -> \"/tmp/google-chrome-stable_current_amd64.deb\" [1]\ntravis_time:end:0fd55928:start=1564842425632766205,finish=1564842426737359248,duration=1104593043\n\u001b[0K(Reading database ... 124189 files and directories currently installed.)\nPreparing to unpack .../google-chrome-stable_current_amd64.deb ...\nUnpacking google-chrome-stable (76.0.3809.87-1) over (73.0.3683.86-1) ...\nSetting up google-chrome-stable (76.0.3809.87-1) ...\nProcessing triggers for mime-support (3.59ubuntu1) ...\nProcessing triggers for man-db (2.7.5-1) ...\ntravis_fold:end:install_chrome\n\u001b[0K\ntravis_fold:start:git.checkout\n\u001b[0Ktravis_time:start:14440b08\n\u001b[0K$ git clone --depth=3 https://github.com/twbs/bootstrap.git twbs/bootstrap\nCloning into 'twbs/bootstrap'...\ntravis_time:end:14440b08:start=1564842435581867746,finish=1564842436889033713,duration=1307165967\n\u001b[0K$ cd twbs/bootstrap\ntravis_time:start:06691f8a\n\u001b[0K$ git fetch origin +refs/pull/29197/merge:\nFrom https://github.com/twbs/bootstrap\n * branch            refs/pull/29197/merge -> FETCH_HEAD\ntravis_time:end:06691f8a:start=1564842436894165860,finish=1564842437582972256,duration=688806396\n\u001b[0K$ git checkout -qf FETCH_HEAD\ntravis_fold:end:git.checkout\n\u001b[0K\n\n\u001b[33;1mSetting environment variables from repository settings\u001b[0m\n$ export BROWSER_STACK_USERNAME=[secure]\n$ export BROWSER_STACK_ACCESS_KEY=[secure]\n$ export BUNDLESIZE_GITHUB_TOKEN=[secure]\n\ntravis_fold:start:nvm.install\n\u001b[0Ktravis_time:start:04bd887c\n\u001b[0K$ nvm install 8\nDownloading and installing node v8.16.0...\nDownloading https://nodejs.org/dist/v8.16.0/node-v8.16.0-linux-x64.tar.xz...\nComputing checksum with sha256sum\nChecksums matched!\nNow using node v8.16.0 (npm v6.4.1)\ntravis_time:end:04bd887c:start=1564842438890885612,finish=1564842443170101164,duration=4279215552\n\u001b[0Ktravis_fold:end:nvm.install\n\u001b[0K\ntravis_fold:start:cache.1\n\u001b[0KSetting up build cache\n$ export CASHER_DIR=${TRAVIS_HOME}/.casher\ntravis_time:start:02d5f72a\n\u001b[0K$ Installing caching utilities\ntravis_time:end:02d5f72a:start=1564842444518305738,finish=1564842444807978913,duration=289673175\n\u001b[0Ktravis_time:start:2d3ee536\n\u001b[0Ktravis_time:end:2d3ee536:start=1564842444815270026,finish=1564842444818647549,duration=3377523\n\u001b[0Ktravis_time:start:02339e56\n\u001b[0Kattempting to download cache archive\u001b[0m\n\u001b[32;1mfetching PR.29197/cache-linux-xenial-e3b0c44298fc1c149afbf4c8996fb92427ae41e4649b934ca495991b7852b855--node-8.tgz\u001b[0m\n\u001b[32;1mfetching PR.29197/cache--node-8.tgz\u001b[0m\n\u001b[32;1mfetching master/cache-linux-xenial-e3b0c44298fc1c149afbf4c8996fb92427ae41e4649b934ca495991b7852b855--node-8.tgz\u001b[0m\n\u001b[32;1mfound cache\u001b[0m\ntravis_time:end:02339e56:start=1564842444823942595,finish=1564842447012425321,duration=2188482726\n\u001b[0Ktravis_fold:end:cache.1\n\u001b[0K\ntravis_fold:start:cache.npm\n\u001b[0K\ntravis_time:start:10c3917e\n\u001b[0Ktravis_time:end:10c3917e:start=1564842447196991955,finish=1564842447200892625,duration=3900670\n\u001b[0Ktravis_time:start:25a29716\n\u001b[0Kadding /home/travis/.npm to cache\u001b[0m\ntravis_time:end:25a29716:start=1564842447207106873,finish=1564842449594341771,duration=2387234898\n\u001b[0Ktravis_fold:end:cache.npm\n\u001b[0K$ node --version\nv8.16.0\n$ npm --version\n6.4.1\n$ nvm --version\n0.34.0\n\ntravis_fold:start:install.npm\n\u001b[0Ktravis_time:start:12ee4ade\n\u001b[0K$ npm ci \n\n> fsevents@1.2.9 install /home/travis/build/twbs/bootstrap/node_modules/fsevents\n> node install\n\n\n> core-js@2.6.9 postinstall /home/travis/build/twbs/bootstrap/node_modules/babel-runtime/node_modules/core-js\n> node scripts/postinstall || echo \"ignore\"\n\n\n> nodemon@1.19.1 postinstall /home/travis/build/twbs/bootstrap/node_modules/nodemon\n> node bin/postinstall || exit 0\n\n\u001b[32mLove nodemon? You can now support the project via the open collective:\u001b[22m\u001b[39m\n > \u001b[96m\u001b[1mhttps://opencollective.com/nodemon/donate\u001b[0m\n\n\n> node-sass@4.12.0 install /home/travis/build/twbs/bootstrap/node_modules/node-sass\n> node scripts/install.js\n\nCached binary found at /home/travis/.npm/node-sass/4.12.0/linux-x64-57_binding.node\n\n> node-sass@4.12.0 postinstall /home/travis/build/twbs/bootstrap/node_modules/node-sass\n> node scripts/build.js\n\nBinary found at /home/travis/build/twbs/bootstrap/node_modules/node-sass/vendor/linux-x64-57/binding.node\nTesting binary\nBinary is fine\n\n> core-js@3.1.4 postinstall /home/travis/build/twbs/bootstrap/node_modules/core-js\n> node scripts/postinstall || echo \"ignore\"\n\n\n> hugo-bin@0.44.3 postinstall /home/travis/build/twbs/bootstrap/node_modules/hugo-bin\n> rimraf vendor && node lib/install\n\n\u2714  success   Hugo binary installed successfully!\n\n> iltorb@2.4.3 install /home/travis/build/twbs/bootstrap/node_modules/iltorb\n> node ./scripts/install.js || node-gyp rebuild\n\ninfo looking for cached prebuild @ /home/travis/.npm/_prebuilds/95f620-iltorb-v2.4.3-node-v57-linux-x64.tar.gz\ninfo found cached prebuild \ninfo unpacking @ /home/travis/.npm/_prebuilds/95f620-iltorb-v2.4.3-node-v57-linux-x64.tar.gz\ninfo unpack resolved to /home/travis/build/twbs/bootstrap/node_modules/iltorb/build/bindings/iltorb.node\ninfo unpack required /home/travis/build/twbs/bootstrap/node_modules/iltorb/build/bindings/iltorb.node successfully\ninfo install Successfully installed iltorb binary!\n\n> core-js-pure@3.1.4 postinstall /home/travis/build/twbs/bootstrap/node_modules/core-js-pure\n> node scripts/postinstall || echo \"ignore\"\n\nadded 1313 packages in 11.761s\ntravis_time:end:12ee4ade:start=1564842450605866132,finish=1564842462703675760,duration=12097809628\n\u001b[0Ktravis_fold:end:install.npm\n\u001b[0K\ntravis_fold:start:before_script\n\u001b[0Ktravis_time:start:1cb0dff5\n\u001b[0K$ google-chrome-stable --product-version\n76.0.3809.87\ntravis_time:end:1cb0dff5:start=1564842462710017831,finish=1564842463000995365,duration=290977534\n\u001b[0Ktravis_fold:end:before_script\n\u001b[0Ktravis_time:start:034f03aa\n\u001b[0K$ npm test || travis_terminate 1\n\n> bootstrap@4.3.1 test /home/travis/build/twbs/bootstrap\n> npm-run-all lint dist js-test docs-build docs-lint bundlesize\n\n\n> bootstrap@4.3.1 lint /home/travis/build/twbs/bootstrap\n> npm-run-all --parallel js-lint css-lint\n\n\n> bootstrap@4.3.1 js-lint /home/travis/build/twbs/bootstrap\n> npm-run-all --continue-on-error --parallel js-lint-*\n\n\n> bootstrap@4.3.1 css-lint /home/travis/build/twbs/bootstrap\n> npm-run-all --continue-on-error --parallel css-lint-*\n\n\n> bootstrap@4.3.1 css-lint-main /home/travis/build/twbs/bootstrap\n> stylelint \"scss/**/*.scss\" --cache --cache-location .cache/.stylelintcache\n\n\n> bootstrap@4.3.1 js-lint-main /home/travis/build/twbs/bootstrap\n> eslint --cache --cache-location .cache/.eslintcache js/src js/tests build/\n\n\n> bootstrap@4.3.1 js-lint-docs /home/travis/build/twbs/bootstrap\n> eslint --cache --cache-location .cache/.eslintcache site/\n\n\n> bootstrap@4.3.1 css-lint-vars /home/travis/build/twbs/bootstrap\n> fusv scss/ site/static/\n\n\n> bootstrap@4.3.1 css-lint-docs /home/travis/build/twbs/bootstrap\n> stylelint \"site/static/**/assets/scss/*.scss\" \"site/content/**/*.css\" --cache --cache-location .cache/.stylelintcache\n\nLooking for unused variables\n- \n\u2139 Finding unused variables in \"/home/travis/build/twbs/bootstrap/scss\"...\n- \n\u2139 673 total variables.\n- \n- \n\u2139 Finding unused variables in \"/home/travis/build/twbs/bootstrap/site/static\"...\n- \n\u2139 10 total variables.\n- \n\u2716 Variable $bd-warning is not being used!\n- \nnpm ERR! code ELIFECYCLE\nnpm ERR! errno 1\nnpm ERR! bootstrap@4.3.1 css-lint-vars: `fusv scss/ site/static/`\nnpm ERR! Exit status 1\nnpm ERR! \nnpm ERR! Failed at the bootstrap@4.3.1 css-lint-vars script.\nnpm ERR! This is probably not a problem with npm. There is likely additional logging output above.\n\nnpm ERR! A complete log of this run can be found in:\nnpm ERR!     /home/travis/.npm/_logs/2019-08-03T14_27_46_746Z-debug.log\nERROR: \"css-lint-vars\" exited with 1.\nnpm ERR! code ELIFECYCLE\nnpm ERR! errno 1\nnpm ERR! bootstrap@4.3.1 css-lint: `npm-run-all --continue-on-error --parallel css-lint-*`\nnpm ERR! Exit status 1\nnpm ERR! \nnpm ERR! Failed at the bootstrap@4.3.1 css-lint script.\nnpm ERR! This is probably not a problem with npm. There is likely additional logging output above.\n\nnpm ERR! A complete log of this run can be found in:\nnpm ERR!     /home/travis/.npm/_logs/2019-08-03T14_27_57_327Z-debug.log\nERROR: \"css-lint\" exited with 1.\nnpm ERR! code ELIFECYCLE\nnpm ERR! errno 1\nnpm ERR! bootstrap@4.3.1 lint: `npm-run-all --parallel js-lint css-lint`\nnpm ERR! Exit status 1\nnpm ERR! \nnpm ERR! Failed at the bootstrap@4.3.1 lint script.\nnpm ERR! This is probably not a problem with npm. There is likely additional logging output above.\n\nnpm ERR! A complete log of this run can be found in:\nnpm ERR!     /home/travis/.npm/_logs/2019-08-03T14_27_57_397Z-debug.log\nERROR: \"lint\" exited with 1.\nnpm ERR! Test failed.  See above for more details.\n"
}