{
  "log_path": "CSS/twbs@bootstrap/failed/566773003.log",
  "failure_chunk": "ERROR[39m\n  Disconnected, because no message in 30000 ms.\nChrome Mobile 74.0.3729 (Android 8.0.0) ERROR\n  Disconnected, because no message in 30000 ms.\nChrome Mobile 74.0.3729 (Android 8.0.0): Executed 0 of 0[31m DISCONNECTED[39m (30.001 secs / 0 secs)\n[91m02 08 2019 03:17:08.751:ERROR [reporter.browserlabs]: [39m\u2716 Test Disconnected",
  "keywords": [
    "ERROR",
    "ERR!",
    ""
  ],
  "category": "1",
  "full_log": "travis_fold:start:worker_info\n\u001b[0K\u001b[33;1mWorker information\u001b[0m\nhostname: e6fc81be-31c7-4561-9020-71de680478c4@1.worker-org-5dcc948c89-rknln.gce-production-2\nversion: v6.2.1 https://github.com/travis-ci/worker/tree/4e3246c044eb4915c2378ffacd0b3d3ed0136bba\ninstance: travis-job-4310d76b-13b0-4a84-a270-0973ab2cb94e travis-ci-sardonyx-xenial-1553530528-f909ac5 (via amqp)\nstartup: 6.366790799s\ntravis_fold:end:worker_info\n\u001b[0Ktravis_fold:start:system_info\n\u001b[0K\u001b[33;1mBuild system information\u001b[0m\nBuild language: node_js\nBuild group: stable\nBuild dist: xenial\nBuild id: 566773003\nJob id: 566773005\nRuntime kernel version: 4.15.0-1028-gcp\ntravis-build version: 65949ed1e\n\u001b[34m\u001b[1mBuild image provisioning date and time\u001b[0m\nMon Mar 25 16:43:24 UTC 2019\n\u001b[34m\u001b[1mOperating System Details\u001b[0m\nDistributor ID:\tUbuntu\nDescription:\tUbuntu 16.04.6 LTS\nRelease:\t16.04\nCodename:\txenial\n\u001b[34m\u001b[1mSystemd Version\u001b[0m\nsystemd 229\n\u001b[34m\u001b[1mCookbooks Version\u001b[0m\n42e42e4 https://github.com/travis-ci/travis-cookbooks/tree/42e42e4\n\u001b[34m\u001b[1mgit version\u001b[0m\ngit version 2.21.0\n\u001b[34m\u001b[1mbash version\u001b[0m\nGNU bash, version 4.3.48(1)-release (x86_64-pc-linux-gnu)\n\u001b[34m\u001b[1mgcc version\u001b[0m\ngcc (Ubuntu 5.4.0-6ubuntu1~16.04.11) 5.4.0 20160609\n\u001b[34m\u001b[1mdocker version\u001b[0m\nClient:\n Version:           18.06.0-ce\n API version:       1.38\n Go version:        go1.10.3\n Git commit:        0ffa825\n Built:             Wed Jul 18 19:11:02 2018\n OS/Arch:           linux/amd64\n Experimental:      false\n\nServer:\n Engine:\n  Version:          18.06.0-ce\n  API version:      1.38 (minimum version 1.12)\n  Go version:       go1.10.3\n  Git commit:       0ffa825\n  Built:            Wed Jul 18 19:09:05 2018\n  OS/Arch:          linux/amd64\n  Experimental:     false\n\u001b[34m\u001b[1mclang version\u001b[0m\nclang version 7.0.0 (tags/RELEASE_700/final)\n\u001b[34m\u001b[1mjq version\u001b[0m\njq-1.5\n\u001b[34m\u001b[1mbats version\u001b[0m\nBats 0.4.0\n\u001b[34m\u001b[1mshellcheck version\u001b[0m\n0.6.0\n\u001b[34m\u001b[1mshfmt version\u001b[0m\nv2.6.3\n\u001b[34m\u001b[1mccache version\u001b[0m\n3.2.4\n\u001b[34m\u001b[1mcmake version\u001b[0m\ncmake version 3.12.4\n\u001b[34m\u001b[1mheroku version\u001b[0m\nheroku/7.22.7 linux-x64 node-v11.10.1\n\u001b[34m\u001b[1mimagemagick version\u001b[0m\nVersion: ImageMagick 6.8.9-9 Q16 x86_64 2018-09-28 http://www.imagemagick.org\n\u001b[34m\u001b[1mmd5deep version\u001b[0m\n4.4\n\u001b[34m\u001b[1mmercurial version\u001b[0m\nversion 4.8\n\u001b[34m\u001b[1mmysql version\u001b[0m\nmysql  Ver 14.14 Distrib 5.7.25, for Linux (x86_64) using  EditLine wrapper\n\u001b[34m\u001b[1mopenssl version\u001b[0m\nOpenSSL 1.0.2g  1 Mar 2016\n\u001b[34m\u001b[1mpacker version\u001b[0m\n1.3.3\n\u001b[34m\u001b[1mpostgresql client version\u001b[0m\npsql (PostgreSQL) 10.7 (Ubuntu 10.7-1.pgdg16.04+1)\n\u001b[34m\u001b[1mragel version\u001b[0m\nRagel State Machine Compiler version 6.8 Feb 2013\n\u001b[34m\u001b[1msudo version\u001b[0m\n1.8.16\n\u001b[34m\u001b[1mgzip version\u001b[0m\ngzip 1.6\n\u001b[34m\u001b[1mzip version\u001b[0m\nZip 3.0\n\u001b[34m\u001b[1mvim version\u001b[0m\nVIM - Vi IMproved 7.4 (2013 Aug 10, compiled Nov 24 2016 16:44:48)\n\u001b[34m\u001b[1miptables version\u001b[0m\niptables v1.6.0\n\u001b[34m\u001b[1mcurl version\u001b[0m\ncurl 7.47.0 (x86_64-pc-linux-gnu) libcurl/7.47.0 GnuTLS/3.4.10 zlib/1.2.8 libidn/1.32 librtmp/2.3\n\u001b[34m\u001b[1mwget version\u001b[0m\nGNU Wget 1.17.1 built on linux-gnu.\n\u001b[34m\u001b[1mrsync version\u001b[0m\nrsync  version 3.1.1  protocol version 31\n\u001b[34m\u001b[1mgimme version\u001b[0m\nv1.5.3\n\u001b[34m\u001b[1mnvm version\u001b[0m\n0.34.0\n\u001b[34m\u001b[1mperlbrew version\u001b[0m\n/home/travis/perl5/perlbrew/bin/perlbrew  - App::perlbrew/0.86\n\u001b[34m\u001b[1mphpenv version\u001b[0m\nrbenv 1.1.2\n\u001b[34m\u001b[1mrvm version\u001b[0m\nrvm 1.29.7 (latest) by Michal Papis, Piotr Kuczynski, Wayne E. Seguin [https://rvm.io]\n\u001b[34m\u001b[1mdefault ruby version\u001b[0m\nruby 2.5.3p105 (2018-10-18 revision 65156) [x86_64-linux]\n\u001b[34m\u001b[1mCouchDB version\u001b[0m\ncouchdb 1.6.1\n\u001b[34m\u001b[1mElasticSearch version\u001b[0m\n5.5.0\n\u001b[34m\u001b[1mInstalled Firefox version\u001b[0m\nfirefox 63.0.1\n\u001b[34m\u001b[1mMongoDB version\u001b[0m\nMongoDB 4.0.7\n\u001b[34m\u001b[1mPhantomJS version\u001b[0m\n2.1.1\n\u001b[34m\u001b[1mPre-installed PostgreSQL versions\u001b[0m\n9.4.21\n9.5.16\n9.6.12\n\u001b[34m\u001b[1mRedis version\u001b[0m\nredis-server 5.0.4\n\u001b[34m\u001b[1mPre-installed Go versions\u001b[0m\n1.11.1\n\u001b[34m\u001b[1mmvn version\u001b[0m\nApache Maven 3.6.0 (97c98ec64a1fdfee7767ce5ffb20918da4f719f3; 2018-10-24T18:41:47Z)\n\u001b[34m\u001b[1mgradle version\u001b[0m\nGradle 4.10.2!\n\u001b[34m\u001b[1mlein version\u001b[0m\nLeiningen 2.9.1 on Java 11.0.2 OpenJDK 64-Bit Server VM\n\u001b[34m\u001b[1mPre-installed Node.js versions\u001b[0m\nv10.15.3\nv11.0.0\nv4.9.1\nv6.17.0\nv8.12.0\nv8.15.1\nv8.9\n\u001b[34m\u001b[1mphpenv versions\u001b[0m\n  system\n  5.6\n  5.6.40\n  7.1\n  7.1.27\n  7.2\n* 7.2.15 (set by /home/travis/.phpenv/version)\n  hhvm\n  hhvm-stable\n\u001b[34m\u001b[1mcomposer --version\u001b[0m\nComposer version 1.8.4 2019-02-11 10:52:10\n\u001b[34m\u001b[1mPre-installed Ruby versions\u001b[0m\nruby-2.3.8\nruby-2.4.5\nruby-2.5.3\ntravis_fold:end:system_info\n\u001b[0K\ntravis_fold:start:docker_mtu\n\u001b[0Ktravis_fold:end:docker_mtu\n\u001b[0Ktravis_fold:start:resolvconf\n\u001b[0Ktravis_fold:end:resolvconf\n\u001b[0Ktravis_fold:start:install_chrome\n\u001b[0K$ export CHROME_SOURCE_URL=https://dl.google.com/dl/linux/direct/google-chrome-stable_current_amd64.deb\n\u001b[33;1mInstalling Google Chrome stable\u001b[0m\ntravis_time:start:1751cdff\n\u001b[0K$ wget --no-verbose -O /tmp/$(basename $CHROME_SOURCE_URL) $CHROME_SOURCE_URL\n2019-08-02 03:12:56 URL:https://dl.google.com/dl/linux/direct/google-chrome-stable_current_amd64.deb [59355402/59355402] -> \"/tmp/google-chrome-stable_current_amd64.deb\" [1]\ntravis_time:end:1751cdff:start=1564715575349475924,finish=1564715576470753418,duration=1121277494\n\u001b[0K(Reading database ... 124189 files and directories currently installed.)\nPreparing to unpack .../google-chrome-stable_current_amd64.deb ...\nUnpacking google-chrome-stable (76.0.3809.87-1) over (73.0.3683.86-1) ...\nSetting up google-chrome-stable (76.0.3809.87-1) ...\nProcessing triggers for mime-support (3.59ubuntu1) ...\nProcessing triggers for man-db (2.7.5-1) ...\ntravis_fold:end:install_chrome\n\u001b[0K\ntravis_fold:start:git.checkout\n\u001b[0Ktravis_time:start:06364e58\n\u001b[0K$ git clone --depth=3 --branch=responsive-container-fixes https://github.com/twbs/bootstrap.git twbs/bootstrap\nCloning into 'twbs/bootstrap'...\ntravis_time:end:06364e58:start=1564715596347501992,finish=1564715597696242414,duration=1348740422\n\u001b[0K$ cd twbs/bootstrap\n$ git checkout -qf b02069947d1417d52fa1205067a6d5deba2c6e84\ntravis_fold:end:git.checkout\n\u001b[0K\n\n\u001b[33;1mSetting environment variables from repository settings\u001b[0m\n$ export BROWSER_STACK_USERNAME=[secure]\n$ export BROWSER_STACK_ACCESS_KEY=[secure]\n$ export BUNDLESIZE_GITHUB_TOKEN=[secure]\n\ntravis_fold:start:nvm.install\n\u001b[0Ktravis_time:start:11aa1650\n\u001b[0K$ nvm install 10\nDownloading and installing node v10.16.1...\nDownloading https://nodejs.org/dist/v10.16.1/node-v10.16.1-linux-x64.tar.xz...\nComputing checksum with sha256sum\nChecksums matched!\nNow using node v10.16.1 (npm v6.9.0)\ntravis_time:end:11aa1650:start=1564715599071875189,finish=1564715602749907729,duration=3678032540\n\u001b[0Ktravis_fold:end:nvm.install\n\u001b[0K\ntravis_fold:start:cache.1\n\u001b[0KSetting up build cache\n$ export CASHER_DIR=${TRAVIS_HOME}/.casher\ntravis_time:start:01d75a00\n\u001b[0K$ Installing caching utilities\ntravis_time:end:01d75a00:start=1564715604194016354,finish=1564715604471135661,duration=277119307\n\u001b[0Ktravis_time:start:0214a0eb\n\u001b[0Ktravis_time:end:0214a0eb:start=1564715604478702990,finish=1564715604482281230,duration=3578240\n\u001b[0Ktravis_time:start:0cb85f09\n\u001b[0Kattempting to download cache archive\u001b[0m\n\u001b[32;1mfetching responsive-container-fixes/cache-linux-xenial-e3b0c44298fc1c149afbf4c8996fb92427ae41e4649b934ca495991b7852b855--node-10.tgz\u001b[0m\n\u001b[32;1mfetching responsive-container-fixes/cache--node-10.tgz\u001b[0m\n\u001b[32;1mfetching master/cache-linux-xenial-e3b0c44298fc1c149afbf4c8996fb92427ae41e4649b934ca495991b7852b855--node-10.tgz\u001b[0m\n\u001b[32;1mfound cache\u001b[0m\ntravis_time:end:0cb85f09:start=1564715604490544682,finish=1564715606974016971,duration=2483472289\n\u001b[0Ktravis_fold:end:cache.1\n\u001b[0K\ntravis_fold:start:cache.npm\n\u001b[0K\ntravis_time:start:17fc9fb0\n\u001b[0Ktravis_time:end:17fc9fb0:start=1564715607194073705,finish=1564715607197745155,duration=3671450\n\u001b[0Ktravis_time:start:18a86144\n\u001b[0Kadding /home/travis/.npm to cache\u001b[0m\ntravis_time:end:18a86144:start=1564715607205889122,finish=1564715609658874177,duration=2452985055\n\u001b[0Ktravis_fold:end:cache.npm\n\u001b[0K$ node --version\nv10.16.1\n$ npm --version\n6.9.0\n$ nvm --version\n0.34.0\n\ntravis_fold:start:install.npm\n\u001b[0Ktravis_time:start:14e910ea\n\u001b[0K$ npm ci \n\n> fsevents@1.2.9 install /home/travis/build/twbs/bootstrap/node_modules/fsevents\n> node install\n\n\n> core-js@2.6.9 postinstall /home/travis/build/twbs/bootstrap/node_modules/babel-runtime/node_modules/core-js\n> node scripts/postinstall || echo \"ignore\"\n\n\n> nodemon@1.19.1 postinstall /home/travis/build/twbs/bootstrap/node_modules/nodemon\n> node bin/postinstall || exit 0\n\n\u001b[32mLove nodemon? You can now support the project via the open collective:\u001b[22m\u001b[39m\n > \u001b[96m\u001b[1mhttps://opencollective.com/nodemon/donate\u001b[0m\n\n\n> node-sass@4.12.0 install /home/travis/build/twbs/bootstrap/node_modules/node-sass\n> node scripts/install.js\n\nDownloading binary from https://github.com/sass/node-sass/releases/download/v4.12.0/linux-x64-64_binding.node\nDownload complete\nBinary saved to /home/travis/build/twbs/bootstrap/node_modules/node-sass/vendor/linux-x64-64/binding.node\n\n> node-sass@4.12.0 postinstall /home/travis/build/twbs/bootstrap/node_modules/node-sass\n> node scripts/build.js\n\nBinary found at /home/travis/build/twbs/bootstrap/node_modules/node-sass/vendor/linux-x64-64/binding.node\nTesting binary\nBinary is fine\n\n> core-js@3.1.4 postinstall /home/travis/build/twbs/bootstrap/node_modules/core-js\n> node scripts/postinstall || echo \"ignore\"\n\n\n> hugo-bin@0.44.1 postinstall /home/travis/build/twbs/bootstrap/node_modules/hugo-bin\n> rimraf vendor && node lib/install\n\n\u2714  success   Hugo binary installed successfully!\n\n> iltorb@2.4.3 install /home/travis/build/twbs/bootstrap/node_modules/iltorb\n> node ./scripts/install.js || node-gyp rebuild\n\ninfo looking for cached prebuild @ /home/travis/.npm/_prebuilds/54245c-iltorb-v2.4.3-node-v64-linux-x64.tar.gz\ninfo found cached prebuild \ninfo unpacking @ /home/travis/.npm/_prebuilds/54245c-iltorb-v2.4.3-node-v64-linux-x64.tar.gz\ninfo unpack resolved to /home/travis/build/twbs/bootstrap/node_modules/iltorb/build/bindings/iltorb.node\ninfo unpack required /home/travis/build/twbs/bootstrap/node_modules/iltorb/build/bindings/iltorb.node successfully\ninfo install Successfully installed iltorb binary!\n\n> core-js-pure@3.1.4 postinstall /home/travis/build/twbs/bootstrap/node_modules/core-js-pure\n> node scripts/postinstall || echo \"ignore\"\n\nadded 1313 packages in 11.692s\ntravis_time:end:14e910ea:start=1564715610786084491,finish=1564715622992984967,duration=12206900476\n\u001b[0Ktravis_fold:end:install.npm\n\u001b[0K\ntravis_fold:start:before_script\n\u001b[0Ktravis_time:start:094818e0\n\u001b[0K$ google-chrome-stable --product-version\n76.0.3809.87\ntravis_time:end:094818e0:start=1564715623002945482,finish=1564715623326002411,duration=323056929\n\u001b[0Ktravis_fold:end:before_script\n\u001b[0Ktravis_time:start:0384d4b2\n\u001b[0K$ npm test || travis_terminate 1\n\n> bootstrap@4.3.1 test /home/travis/build/twbs/bootstrap\n> npm-run-all lint dist js-test docs-build docs-lint bundlesize\n\n\n> bootstrap@4.3.1 lint /home/travis/build/twbs/bootstrap\n> npm-run-all --parallel js-lint css-lint\n\n\n> bootstrap@4.3.1 js-lint /home/travis/build/twbs/bootstrap\n> npm-run-all --continue-on-error --parallel js-lint-*\n\n\n> bootstrap@4.3.1 css-lint /home/travis/build/twbs/bootstrap\n> npm-run-all --continue-on-error --parallel css-lint-*\n\n\n> bootstrap@4.3.1 css-lint-vars /home/travis/build/twbs/bootstrap\n> fusv scss/ site/static/\n\n\n> bootstrap@4.3.1 js-lint-main /home/travis/build/twbs/bootstrap\n> eslint --cache --cache-location .cache/.eslintcache js/src js/tests build/\n\n\n> bootstrap@4.3.1 js-lint-docs /home/travis/build/twbs/bootstrap\n> eslint --cache --cache-location .cache/.eslintcache site/\n\n\n> bootstrap@4.3.1 css-lint-main /home/travis/build/twbs/bootstrap\n> stylelint \"scss/**/*.scss\" --cache --cache-location .cache/.stylelintcache\n\n\n> bootstrap@4.3.1 css-lint-docs /home/travis/build/twbs/bootstrap\n> stylelint \"site/static/**/assets/scss/*.scss\" \"site/content/**/*.css\" --cache --cache-location .cache/.stylelintcache\n\nLooking for unused variables\n- \n\u2139 Finding unused variables in \"/home/travis/build/twbs/bootstrap/scss\"...\n- \n\u2139 671 total variables.\n- \n- \n\u2139 Finding unused variables in \"/home/travis/build/twbs/bootstrap/site/static\"...\n- \n\u2139 10 total variables.\n- \n- \n\u2714 No unused variables found!\n\n/home/travis/build/twbs/bootstrap/js/src/button/button.js\n  85:13  warning  Blocks are nested too deeply (5). Maximum allowed is 4  max-depth\n\n\u2716 1 problem (0 errors, 1 warning)\n\n\n> bootstrap@4.3.1 dist /home/travis/build/twbs/bootstrap\n> npm-run-all --parallel css js\n\n\n> bootstrap@4.3.1 css /home/travis/build/twbs/bootstrap\n> npm-run-all css-compile css-prefix css-minify css-copy\n\n\n> bootstrap@4.3.1 js /home/travis/build/twbs/bootstrap\n> npm-run-all js-compile js-minify js-copy\n\n\n> bootstrap@4.3.1 css-compile /home/travis/build/twbs/bootstrap\n> npm-run-all --parallel css-compile-*\n\n\n> bootstrap@4.3.1 js-compile /home/travis/build/twbs/bootstrap\n> npm-run-all --parallel js-compile-* --sequential js-copy\n\n\n> bootstrap@4.3.1 js-compile-standalone-esm /home/travis/build/twbs/bootstrap\n> rollup --environment ESM:true,BUNDLE:false --config build/rollup.config.js --sourcemap\n\n\n> bootstrap@4.3.1 css-compile-docs /home/travis/build/twbs/bootstrap\n> cross-env-shell node-sass --output-style expanded --source-map true --source-map-contents true --precision 6 site/static/docs/$npm_package_version_short/assets/scss/docs.scss site/static/docs/$npm_package_version_short/assets/css/docs.min.css\n\n\n> bootstrap@4.3.1 js-compile-standalone /home/travis/build/twbs/bootstrap\n> rollup --environment BUNDLE:false --config build/rollup.config.js --sourcemap\n\n\n> bootstrap@4.3.1 js-compile-plugins /home/travis/build/twbs/bootstrap\n> node build/build-plugins.js\n\n\n> bootstrap@4.3.1 css-compile-main /home/travis/build/twbs/bootstrap\n> node-sass --output-style expanded --source-map true --source-map-contents true --precision 6 scss/ -o dist/css/ && npm run css-copy\n\n\n> bootstrap@4.3.1 js-compile-bundle /home/travis/build/twbs/bootstrap\n> rollup --environment BUNDLE:true --config build/rollup.config.js --sourcemap\n\nBuilding Data plugin...\nBuilding EventHandler plugin...\nBuilding Manipulator plugin...\nBuilding Polyfill plugin...\nBuilding SelectorEngine plugin...\nBuilding Alert plugin...\nBuilding Button plugin...\nBuilding Carousel plugin...\nBuilding Collapse plugin...\nBuilding Dropdown plugin...\nBuilding Modal plugin...\nBuilding Popover plugin...\nBuilding ScrollSpy plugin...\nBuilding Tab plugin...\nBuilding Toast plugin...\nBuilding Tooltip plugin...\n\n/home/travis/build/twbs/bootstrap/js/index.esm.js \u2192 dist/js/bootstrap.esm.js...\n\n/home/travis/build/twbs/bootstrap/js/index.umd.js \u2192 dist/js/bootstrap.js...\n\n/home/travis/build/twbs/bootstrap/js/index.umd.js \u2192 dist/js/bootstrap.bundle.js...\nRendering Complete, saving .css file...\nWrote CSS to /home/travis/build/twbs/bootstrap/site/static/docs/4.3/assets/css/docs.min.css\nWrote Source Map to /home/travis/build/twbs/bootstrap/site/static/docs/4.3/assets/css/docs.min.css.map\nRendering Complete, saving .css file...\nWrote CSS to /home/travis/build/twbs/bootstrap/dist/css/bootstrap-grid.css\nWrote Source Map to /home/travis/build/twbs/bootstrap/dist/css/bootstrap-grid.css.map\nRendering Complete, saving .css file...\nWrote CSS to /home/travis/build/twbs/bootstrap/dist/css/bootstrap-reboot.css\nWrote Source Map to /home/travis/build/twbs/bootstrap/dist/css/bootstrap-reboot.css.map\nRendering Complete, saving .css file...\nWrote CSS to /home/travis/build/twbs/bootstrap/dist/css/bootstrap-utilities.css\nWrote Source Map to /home/travis/build/twbs/bootstrap/dist/css/bootstrap-utilities.css.map\nRendering Complete, saving .css file...\nWrote CSS to /home/travis/build/twbs/bootstrap/dist/css/bootstrap.css\nWrote Source Map to /home/travis/build/twbs/bootstrap/dist/css/bootstrap.css.map\nWrote 4 CSS files to /home/travis/build/twbs/bootstrap/dist/css/\n\n> bootstrap@4.3.1 css-copy /home/travis/build/twbs/bootstrap\n> cross-env-shell shx mkdir -p site/static/docs/$npm_package_version_short/dist/ && cross-env-shell shx cp -r dist/css/ site/static/docs/$npm_package_version_short/dist/\n\n\n> bootstrap@4.3.1 css-prefix /home/travis/build/twbs/bootstrap\n> npm-run-all --parallel css-prefix-*\n\nBuilding Data plugin... Done!\nBuilding Manipulator plugin... Done!\ncreated dist/js/bootstrap.js in 11.9s\ncreated dist/js/bootstrap.esm.js in 12.4s\n\n> bootstrap@4.3.1 css-prefix-main /home/travis/build/twbs/bootstrap\n> postcss --config build/postcss.config.js --replace \"dist/css/*.css\" \"!dist/css/*.min.css\"\n\n\n> bootstrap@4.3.1 css-prefix-docs /home/travis/build/twbs/bootstrap\n> cross-env-shell postcss --config build/postcss.config.js --replace \"site/static/docs/$npm_package_version_short/assets/css/*.css\" \"site/static/docs/$npm_package_version_short/assets/css/*.css\"\n\n\n> bootstrap@4.3.1 css-prefix-docs-examples /home/travis/build/twbs/bootstrap\n> postcss --config build/postcss.config.js --replace \"site/content/**/*.css\" \"site/content/**/*.css\"\n\ncreated dist/js/bootstrap.bundle.js in 13s\nBuilding Polyfill plugin... Done!\nBuilding SelectorEngine plugin... Done!\nBuilding Alert plugin... Done!\nBuilding Button plugin... Done!\nBuilding Popover plugin... Done!\nBuilding Tab plugin... Done!\nBuilding Toast plugin... Done!\nBuilding EventHandler plugin... Done!\nBuilding Collapse plugin... Done!\nBuilding Dropdown plugin... Done!\nBuilding ScrollSpy plugin... Done!\nBuilding Carousel plugin... Done!\nBuilding Modal plugin... Done!\nBuilding Tooltip plugin... Done!\n\n> bootstrap@4.3.1 js-copy /home/travis/build/twbs/bootstrap\n> cross-env-shell shx mkdir -p site/static/docs/$npm_package_version_short/dist/ && cross-env-shell shx cp -r dist/js/ site/static/docs/$npm_package_version_short/dist/\n\n\n> bootstrap@4.3.1 js-minify /home/travis/build/twbs/bootstrap\n> npm-run-all --parallel js-minify-main js-minify-docs\n\n\n> bootstrap@4.3.1 js-minify-docs /home/travis/build/twbs/bootstrap\n> cross-env-shell terser --mangle --comments \\\"/^!/\\\" --output site/static/docs/$npm_package_version_short/assets/js/docs.min.js site/static/docs/$npm_package_version_short/assets/js/vendor/anchor.min.js site/static/docs/$npm_package_version_short/assets/js/vendor/clipboard.min.js site/static/docs/$npm_package_version_short/assets/js/vendor/bs-custom-file-input.min.js \"site/static/docs/$npm_package_version_short/assets/js/src/*.js\"\n\n\n> bootstrap@4.3.1 js-minify-main /home/travis/build/twbs/bootstrap\n> npm-run-all js-minify-standalone* js-minify-bundle\n\n\n> bootstrap@4.3.1 css-minify /home/travis/build/twbs/bootstrap\n> npm-run-all --parallel css-minify-*\n\n\n> bootstrap@4.3.1 js-minify-standalone /home/travis/build/twbs/bootstrap\n> terser --compress typeofs=false --mangle --comments \"/^!/\" --source-map \"content=dist/js/bootstrap.js.map,includeSources,url=bootstrap.min.js.map\" --output dist/js/bootstrap.min.js dist/js/bootstrap.js\n\n\n> bootstrap@4.3.1 css-minify-docs /home/travis/build/twbs/bootstrap\n> cross-env-shell cleancss --level 1 --format breakWith=lf --source-map --source-map-inline-sources --output site/static/docs/$npm_package_version_short/assets/css/docs.min.css site/static/docs/$npm_package_version_short/assets/css/docs.min.css\n\n\n> bootstrap@4.3.1 css-minify-main /home/travis/build/twbs/bootstrap\n> cleancss --level 1 --format breakWith=lf --source-map --source-map-inline-sources --output dist/css/bootstrap.min.css dist/css/bootstrap.css && cleancss --level 1 --format breakWith=lf --source-map --source-map-inline-sources --output dist/css/bootstrap-grid.min.css dist/css/bootstrap-grid.css && cleancss --level 1 --format breakWith=lf --source-map --source-map-inline-sources --output dist/css/bootstrap-utilities.min.css dist/css/bootstrap-utilities.css && cleancss --level 1 --format breakWith=lf --source-map --source-map-inline-sources --output dist/css/bootstrap-reboot.min.css dist/css/bootstrap-reboot.css\n\n\n> bootstrap@4.3.1 js-minify-standalone-esm /home/travis/build/twbs/bootstrap\n> terser --compress --mangle --comments \"/^!/\" --source-map \"content=dist/js/bootstrap.esm.js.map,includeSources,url=bootstrap.esm.min.js.map\" --output dist/js/bootstrap.esm.min.js dist/js/bootstrap.esm.js\n\n\n> bootstrap@4.3.1 css-copy /home/travis/build/twbs/bootstrap\n> cross-env-shell shx mkdir -p site/static/docs/$npm_package_version_short/dist/ && cross-env-shell shx cp -r dist/css/ site/static/docs/$npm_package_version_short/dist/\n\n\n> bootstrap@4.3.1 js-minify-bundle /home/travis/build/twbs/bootstrap\n> terser --compress typeofs=false --mangle --comments \"/^!/\" --source-map \"content=dist/js/bootstrap.bundle.js.map,includeSources,url=bootstrap.bundle.min.js.map\" --output dist/js/bootstrap.bundle.min.js dist/js/bootstrap.bundle.js\n\n\n> bootstrap@4.3.1 js-copy /home/travis/build/twbs/bootstrap\n> cross-env-shell shx mkdir -p site/static/docs/$npm_package_version_short/dist/ && cross-env-shell shx cp -r dist/js/ site/static/docs/$npm_package_version_short/dist/\n\n\n> bootstrap@4.3.1 js-test /home/travis/build/twbs/bootstrap\n> npm-run-all --parallel js-test-karma js-test-integration\n\n\n> bootstrap@4.3.1 js-test-karma /home/travis/build/twbs/bootstrap\n> karma start js/tests/karma.conf.js\n\n\n> bootstrap@4.3.1 js-test-integration /home/travis/build/twbs/bootstrap\n> rollup --config js/tests/integration/rollup.bundle.js\n\n\njs/tests/integration/bundle.js \u2192 js/coverage/bundle.js...\ncreated js/coverage/bundle.js in 4.6s\n................................................................................\n................................................................................\n................................................................................\n................................................................................\n................................................................................\n.....................................\nHeadlessChrome 76.0.3809 (Linux 0.0.0): Executed 437 of 437\u001b[32m SUCCESS\u001b[39m (4.822 secs / 4.223 secs)\nTOTAL: 437 SUCCESS\n\n=============================== Coverage summary ===============================\nStatements   : 96.06% ( 1876/1953 )\nBranches     : 91.07% ( 1010/1109 )\nFunctions    : 95.69% ( 333/348 )\nLines        : 96.12% ( 1856/1931 )\n================================================================================\n\n> bootstrap@4.3.1 predocs-build /home/travis/build/twbs/bootstrap\n> npm-run-all css-copy js-copy\n\n\n> bootstrap@4.3.1 css-copy /home/travis/build/twbs/bootstrap\n> cross-env-shell shx mkdir -p site/static/docs/$npm_package_version_short/dist/ && cross-env-shell shx cp -r dist/css/ site/static/docs/$npm_package_version_short/dist/\n\n\n> bootstrap@4.3.1 js-copy /home/travis/build/twbs/bootstrap\n> cross-env-shell shx mkdir -p site/static/docs/$npm_package_version_short/dist/ && cross-env-shell shx cp -r dist/js/ site/static/docs/$npm_package_version_short/dist/\n\n\n> bootstrap@4.3.1 docs-build /home/travis/build/twbs/bootstrap\n> hugo --cleanDestinationDir\n\nBuilding sites \u2026 \n                   | EN   \n+------------------+-----+\n  Pages            | 105  \n  Paginator pages  |   0  \n  Non-page files   |  20  \n  Static files     | 124  \n  Processed images |   0  \n  Aliases          |  16  \n  Sitemaps         |   1  \n  Cleaned          |   0  \n\nTotal in 1019 ms\n\n> bootstrap@4.3.1 docs-lint /home/travis/build/twbs/bootstrap\n> npm-run-all --parallel docs-vnu docs-linkinator\n\n\n> bootstrap@4.3.1 docs-linkinator /home/travis/build/twbs/bootstrap\n> linkinator _gh_pages --recurse --silent --skip \"^(?!http://localhost)\"\n\n\n> bootstrap@4.3.1 docs-vnu /home/travis/build/twbs/bootstrap\n> node build/vnu-jar.js\n\n\n\n\ud83e\udd16 Successfully scanned 588 links in 5.041 seconds.\n\n> bootstrap@4.3.1 bundlesize /home/travis/build/twbs/bootstrap\n> bundlesize\n\n{ Error: Request failed with status code 500\n    at createError (/home/travis/build/twbs/bootstrap/node_modules/axios/lib/core/createError.js:16:15)\n    at settle (/home/travis/build/twbs/bootstrap/node_modules/axios/lib/core/settle.js:17:12)\n    at IncomingMessage.handleStreamEnd (/home/travis/build/twbs/bootstrap/node_modules/axios/lib/adapters/http.js:237:11)\n    at IncomingMessage.emit (events.js:203:15)\n    at endReadableNT (_stream_readable.js:1145:12)\n    at process._tickCallback (internal/process/next_tick.js:63:19)\n  config:\n   { url:\n      'https://bundlesize-store.now.sh/values?repo=twbs/bootstrap&token=[secure]',\n     method: 'get',\n     headers:\n      { Accept: 'application/json, text/plain, */*',\n        'User-Agent': 'axios/0.19.0' },\n     transformRequest: [ [Function: transformRequest] ],\n     transformResponse: [ [Function: transformResponse] ],\n     timeout: 0,\n     adapter: [Function: httpAdapter],\n     xsrfCookieName: 'XSRF-TOKEN',\n     xsrfHeaderName: 'X-XSRF-TOKEN',\n     maxContentLength: -1,\n     validateStatus: [Function: validateStatus],\n     data: undefined },\n  request:\n   ClientRequest {\n     _events:\n      [Object: null prototype] {\n        socket: [Function],\n        abort: [Function],\n        aborted: [Function],\n        error: [Function],\n        timeout: [Function],\n        prefinish: [Function: requestOnPrefinish] },\n     _eventsCount: 6,\n     _maxListeners: undefined,\n     output: [],\n     outputEncodings: [],\n     outputCallbacks: [],\n     outputSize: 0,\n     writable: true,\n     _last: true,\n     chunkedEncoding: false,\n     shouldKeepAlive: false,\n     useChunkedEncodingByDefault: false,\n     sendDate: false,\n     _removedConnection: false,\n     _removedContLen: false,\n     _removedTE: false,\n     _contentLength: 0,\n     _hasBody: true,\n     _trailer: '',\n     finished: true,\n     _headerSent: true,\n     socket:\n      TLSSocket {\n        _tlsOptions: [Object],\n        _secureEstablished: true,\n        _securePending: false,\n        _newSessionPending: false,\n        _controlReleased: true,\n        _SNICallback: null,\n        servername: 'bundlesize-store.now.sh',\n        alpnProtocol: false,\n        authorized: true,\n        authorizationError: null,\n        encrypted: true,\n        _events: [Object],\n        _eventsCount: 8,\n        connecting: false,\n        _hadError: false,\n        _handle: [TLSWrap],\n        _parent: null,\n        _host: 'bundlesize-store.now.sh',\n        _readableState: [ReadableState],\n        readable: true,\n        _maxListeners: undefined,\n        _writableState: [WritableState],\n        writable: false,\n        allowHalfOpen: false,\n        _sockname: null,\n        _pendingData: null,\n        _pendingEncoding: '',\n        server: undefined,\n        _server: null,\n        ssl: [TLSWrap],\n        _requestCert: true,\n        _rejectUnauthorized: true,\n        parser: null,\n        _httpMessage: [Circular],\n        [Symbol(res)]: [TLSWrap],\n        [Symbol(asyncId)]: 25,\n        [Symbol(lastWriteQueueSize)]: 0,\n        [Symbol(timeout)]: null,\n        [Symbol(kBytesRead)]: 0,\n        [Symbol(kBytesWritten)]: 0,\n        [Symbol(connect-options)]: [Object] },\n     connection:\n      TLSSocket {\n        _tlsOptions: [Object],\n        _secureEstablished: true,\n        _securePending: false,\n        _newSessionPending: false,\n        _controlReleased: true,\n        _SNICallback: null,\n        servername: 'bundlesize-store.now.sh',\n        alpnProtocol: false,\n        authorized: true,\n        authorizationError: null,\n        encrypted: true,\n        _events: [Object],\n        _eventsCount: 8,\n        connecting: false,\n        _hadError: false,\n        _handle: [TLSWrap],\n        _parent: null,\n        _host: 'bundlesize-store.now.sh',\n        _readableState: [ReadableState],\n        readable: true,\n        _maxListeners: undefined,\n        _writableState: [WritableState],\n        writable: false,\n        allowHalfOpen: false,\n        _sockname: null,\n        _pendingData: null,\n        _pendingEncoding: '',\n        server: undefined,\n        _server: null,\n        ssl: [TLSWrap],\n        _requestCert: true,\n        _rejectUnauthorized: true,\n        parser: null,\n        _httpMessage: [Circular],\n        [Symbol(res)]: [TLSWrap],\n        [Symbol(asyncId)]: 25,\n        [Symbol(lastWriteQueueSize)]: 0,\n        [Symbol(timeout)]: null,\n        [Symbol(kBytesRead)]: 0,\n        [Symbol(kBytesWritten)]: 0,\n        [Symbol(connect-options)]: [Object] },\n     _header:\n      'GET /values?repo=twbs/bootstrap&token=[secure] HTTP/1.1\\r\\nAccept: application/json, text/plain, */*\\r\\nUser-Agent: axios/0.19.0\\r\\nHost: bundlesize-store.now.sh\\r\\nConnection: close\\r\\n\\r\\n',\n     _onPendingData: [Function: noopPendingOutput],\n     agent:\n      Agent {\n        _events: [Object],\n        _eventsCount: 1,\n        _maxListeners: undefined,\n        defaultPort: 443,\n        protocol: 'https:',\n        options: [Object],\n        requests: {},\n        sockets: [Object],\n        freeSockets: {},\n        keepAliveMsecs: 1000,\n        keepAlive: false,\n        maxSockets: Infinity,\n        maxFreeSockets: 256,\n        maxCachedSessions: 100,\n        _sessionCache: [Object] },\n     socketPath: undefined,\n     timeout: undefined,\n     method: 'GET',\n     path:\n      '/values?repo=twbs/bootstrap&token=[secure]',\n     _ended: true,\n     res:\n      IncomingMessage {\n        _readableState: [ReadableState],\n        readable: false,\n        _events: [Object],\n        _eventsCount: 3,\n        _maxListeners: undefined,\n        socket: [TLSSocket],\n        connection: [TLSSocket],\n        httpVersionMajor: 1,\n        httpVersionMinor: 1,\n        httpVersion: '1.1',\n        complete: true,\n        headers: [Object],\n        rawHeaders: [Array],\n        trailers: {},\n        rawTrailers: [],\n        aborted: false,\n        upgrade: false,\n        url: '',\n        method: null,\n        statusCode: 500,\n        statusMessage: 'Internal Server Error',\n        client: [TLSSocket],\n        _consuming: false,\n        _dumped: false,\n        req: [Circular],\n        responseUrl:\n         'https://bundlesize-store.now.sh/values?repo=twbs/bootstrap&token=[secure]',\n        redirects: [] },\n     aborted: undefined,\n     timeoutCb: null,\n     upgradeOrConnect: false,\n     parser: null,\n     maxHeadersCount: null,\n     _redirectable:\n      Writable {\n        _writableState: [WritableState],\n        writable: true,\n        _events: [Object],\n        _eventsCount: 2,\n        _maxListeners: undefined,\n        _options: [Object],\n        _redirectCount: 0,\n        _redirects: [],\n        _requestBodyLength: 0,\n        _requestBodyBuffers: [],\n        _onNativeResponse: [Function],\n        _currentRequest: [Circular],\n        _currentUrl:\n         'https://bundlesize-store.now.sh/values?repo=twbs/bootstrap&token=[secure]' },\n     [Symbol(isCorked)]: false,\n     [Symbol(outHeadersKey)]:\n      [Object: null prototype] { accept: [Array], 'user-agent': [Array], host: [Array] } },\n  response:\n   { status: 500,\n     statusText: 'Internal Server Error',\n     headers:\n      { 'content-type': 'text/html; charset=utf-8',\n        connection: 'close',\n        'x-powered-by': 'Express',\n        'content-security-policy': 'default-src \\'none\\'',\n        'content-length': '148',\n        date: 'Fri, 02 Aug 2019 03:15:30 GMT',\n        'x-content-type-options': 'nosniff',\n        'cache-control': 'public, max-age=0, must-revalidate',\n        'x-now-cache': 'MISS',\n        'x-now-trace': 'cle1',\n        server: 'now',\n        'x-now-id': 'cle1:bom1:rz8wd-1564715730285-2c7b6045bd75',\n        'strict-transport-security': 'max-age=63072000' },\n     config:\n      { url:\n         'https://bundlesize-store.now.sh/values?repo=twbs/bootstrap&token=[secure]',\n        method: 'get',\n        headers: [Object],\n        transformRequest: [Array],\n        transformResponse: [Array],\n        timeout: 0,\n        adapter: [Function: httpAdapter],\n        xsrfCookieName: 'XSRF-TOKEN',\n        xsrfHeaderName: 'X-XSRF-TOKEN',\n        maxContentLength: -1,\n        validateStatus: [Function: validateStatus],\n        data: undefined },\n     request:\n      ClientRequest {\n        _events: [Object],\n        _eventsCount: 6,\n        _maxListeners: undefined,\n        output: [],\n        outputEncodings: [],\n        outputCallbacks: [],\n        outputSize: 0,\n        writable: true,\n        _last: true,\n        chunkedEncoding: false,\n        shouldKeepAlive: false,\n        useChunkedEncodingByDefault: false,\n        sendDate: false,\n        _removedConnection: false,\n        _removedContLen: false,\n        _removedTE: false,\n        _contentLength: 0,\n        _hasBody: true,\n        _trailer: '',\n        finished: true,\n        _headerSent: true,\n        socket: [TLSSocket],\n        connection: [TLSSocket],\n        _header:\n         'GET /values?repo=twbs/bootstrap&token=[secure] HTTP/1.1\\r\\nAccept: application/json, text/plain, */*\\r\\nUser-Agent: axios/0.19.0\\r\\nHost: bundlesize-store.now.sh\\r\\nConnection: close\\r\\n\\r\\n',\n        _onPendingData: [Function: noopPendingOutput],\n        agent: [Agent],\n        socketPath: undefined,\n        timeout: undefined,\n        method: 'GET',\n        path:\n         '/values?repo=twbs/bootstrap&token=[secure]',\n        _ended: true,\n        res: [IncomingMessage],\n        aborted: undefined,\n        timeoutCb: null,\n        upgradeOrConnect: false,\n        parser: null,\n        maxHeadersCount: null,\n        _redirectable: [Writable],\n        [Symbol(isCorked)]: false,\n        [Symbol(outHeadersKey)]: [Object] },\n     data:\n      '<!DOCTYPE html>\\n<html lang=\"en\">\\n<head>\\n<meta charset=\"utf-8\">\\n<title>Error</title>\\n</head>\\n<body>\\n<pre>Internal Server Error</pre>\\n</body>\\n</html>\\n' },\n  isAxiosError: true,\n  toJSON: [Function] }\n PASS  ./dist/css/bootstrap-grid.css: 7.59KB < maxSize 8KB (gzip) \n\n PASS  ./dist/css/bootstrap-grid.min.css: 6.89KB < maxSize 7.2KB (gzip) \n\n PASS  ./dist/css/bootstrap-reboot.css: 1.72KB < maxSize 2KB (gzip) \n\n PASS  ./dist/css/bootstrap-reboot.min.css: 1.62KB < maxSize 2KB (gzip) \n\n PASS  ./dist/css/bootstrap-utilities.css: 6.6KB < maxSize 8KB (gzip) \n\n PASS  ./dist/css/bootstrap-utilities.min.css: 6KB < maxSize 7KB (gzip) \n\n PASS  ./dist/css/bootstrap.css: 22.29KB < maxSize 25KB (gzip) \n\n PASS  ./dist/css/bootstrap.min.css: 20.68KB < maxSize 23KB (gzip) \n\n PASS  ./dist/js/bootstrap.bundle.js: 50.15KB < maxSize 51KB (gzip) \n\n PASS  ./dist/js/bootstrap.bundle.min.js: 23.54KB < maxSize 24KB (gzip) \n\n PASS  ./dist/js/bootstrap.esm.js: 27.12KB < maxSize 28KB (gzip) \n\n PASS  ./dist/js/bootstrap.esm.min.js: 18.46KB < maxSize 19KB (gzip) \n\n PASS  ./dist/js/bootstrap.js: 27.78KB < maxSize 29KB (gzip) \n\n PASS  ./dist/js/bootstrap.min.js: 17.03KB < maxSize 17.5KB (gzip) \n\ntravis_time:end:0384d4b2:start=1564715623332067739,finish=1564715731433783095,duration=108101715356\n\u001b[0K\u001b[32;1mThe command \"npm test || travis_terminate 1\" exited with 0.\u001b[0m\n\ntravis_time:start:09a02346\n\u001b[0K$ if [[ \"$TRAVIS_NODE_VERSION\" = \"10\" && \"$TRAVIS_EVENT_TYPE\" = \"push\" && ! `git log --format=%B --no-merges -n 1 | grep '\\[skip browser\\]'` ]]; then npm run js-test-cloud; fi\n\n> bootstrap@4.3.1 js-test-cloud /home/travis/build/twbs/bootstrap\n> cross-env BROWSER=true npm run js-test-karma\n\n\n> bootstrap@4.3.1 js-test-karma /home/travis/build/twbs/bootstrap\n> karma start js/tests/karma.conf.js\n\nBrowserStackTunnel: binary not present\nBrowserStackTunnel: download binary for linux-x64 ...\nBrowserStackTunnel: download complete\nBrowserStackTunnel: chmod 0755 binary\n................................................................................\n................................................................................\n................................................................................\n................................................................................\n................................................................................\n................................................................................\n................................................................................\n................................................................................\n................................................................................\n................................................................................\n................................................................................\n................................................................................\n................................................................................\n................................................................................\n................................................................................\n................................................................................\n................................................................................\n................................................................................\n.............................................................\nMobile Safari 11.0.0 (iOS 11.0.1): Executed 437 of 437\u001b[32m SUCCESS\u001b[39m (4.267 secs / 3.624 secs)\n................................................................................\n................................................................................\n...................................................................\nSafari 11.1.2 (Mac OS X 10.13.6): Executed 437 of 437\u001b[32m SUCCESS\u001b[39m (9.201 secs / 4.626 secs)\n................................................................................\n..\nIE 11.0.0 (Windows 10.0.0): Executed 437 of 437\u001b[32m SUCCESS\u001b[39m (11.699 secs / 7.466 secs)\n................................................................................\n................................................................................\n.........................................................\nChrome 75.0.3770 (Mac OS X 10.13.6): Executed 437 of 437\u001b[32m SUCCESS\u001b[39m (7.335 secs / 6.17 secs)\n................................................................................\n................................................................................\n................................................................................\n.......\nFirefox 68.0.0 (Mac OS X 10.13.0): Executed 437 of 437\u001b[32m SUCCESS\u001b[39m (10.219 secs / 8.671 secs)\n................................................................................\n................................................................................\n................................................................................\n................................................................................\n................................................................................\n................................................................................\n................................................................................\n................................................................................\n................................................................................\n................................................................................\n................................................................................\n................................................................................\n.\nChrome 75.0.3770 (Windows 10.0.0): Executed 437 of 437\u001b[32m SUCCESS\u001b[39m (7.417 secs / 5.823 secs)\n................................................................................\n................................................................................\n................................................................................\n.....................\nFirefox 68.0.0 (Windows 10.0.0): Executed 437 of 437\u001b[32m SUCCESS\u001b[39m (6.379 secs / 5.443 secs)\nEdge 18.18362.0 (Windows 10.0.0): Executed 437 of 437\u001b[32m SUCCESS\u001b[39m (13.239 secs / 10.281 secs)\n\u001b[31mChrome Mobile 74.0.3729 (Android 8.0.0) ERROR\u001b[39m\n  Disconnected, because no message in 30000 ms.\nChrome Mobile 74.0.3729 (Android 8.0.0) ERROR\n  Disconnected, because no message in 30000 ms.\nChrome Mobile 74.0.3729 (Android 8.0.0): Executed 0 of 0\u001b[31m DISCONNECTED\u001b[39m (30.001 secs / 0 secs)\n\u001b[91m02 08 2019 03:17:08.751:ERROR [reporter.browserlabs]: \u001b[39m\u2716 Test Disconnected\nnpm ERR! code ELIFECYCLE\nnpm ERR! errno 1\nnpm ERR! bootstrap@4.3.1 js-test-karma: `karma start js/tests/karma.conf.js`\nnpm ERR! Exit status 1\nnpm ERR! \nnpm ERR! Failed at the bootstrap@4.3.1 js-test-karma script.\nnpm ERR! This is probably not a problem with npm. There is likely additional logging output above.\n\nnpm ERR! A complete log of this run can be found in:\nnpm ERR!     /home/travis/.npm/_logs/2019-08-02T03_17_09_832Z-debug.log\nnpm ERR! code ELIFECYCLE\nnpm ERR! errno 1\nnpm ERR! bootstrap@4.3.1 js-test-cloud: `cross-env BROWSER=true npm run js-test-karma`\nnpm ERR! Exit status 1\nnpm ERR! \nnpm ERR! Failed at the bootstrap@4.3.1 js-test-cloud script.\nnpm ERR! This is probably not a problem with npm. There is likely additional logging output above.\n\nnpm ERR! A complete log of this run can be found in:\nnpm ERR!     /home/travis/.npm/_logs/2019-08-02T03_17_09_860Z-debug.log\ntravis_time:end:09a02346:start=1564715731442088332,finish=1564715829876087852,duration=98433999520\n\u001b[0K\u001b[31;1mThe command \"if [[ \"$TRAVIS_NODE_VERSION\" = \"10\" && \"$TRAVIS_EVENT_TYPE\" = \"push\" && ! `git log --format=%B --no-merges -n 1 | grep '\\[skip browser\\]'` ]]; then npm run js-test-cloud; fi\" exited with 1.\u001b[0m\n\ntravis_fold:start:cache.2\n\u001b[0Kstore build cache\ntravis_time:start:0f895ba4\n\u001b[0Ktravis_time:end:0f895ba4:start=1564715829884173954,finish=1564715829888735427,duration=4561473\n\u001b[0Ktravis_time:start:147ea7e9\n\u001b[0K\u001b[32;1mchanges detected (content changed, file is created, or file is deleted):\\n/home/travis/.npm/_logs/2019-08-02T03_17_09_832Z-debug.log\n/home/travis/.npm/_logs/2019-08-02T03_17_09_860Z-debug.log\\n\u001b[0m\n\u001b[32;1mchanges detected, packing new archive\u001b[0m\n\u001b[32;1muploading responsive-container-fixes/cache-linux-xenial-e3b0c44298fc1c149afbf4c8996fb92427ae41e4649b934ca495991b7852b855--node-10.tgz\u001b[0m\n\u001b[32;1mcache uploaded\u001b[0m\ntravis_time:end:147ea7e9:start=1564715829893710793,finish=1564715834646927826,duration=4753217033\n\u001b[0Ktravis_fold:end:cache.2\n\u001b[0K\n\nDone. Your build exited with 1.\n"
}