{
  "log_path": "CSS/twbs@bootstrap/failed/565940461.log",
  "failure_chunk": "[404] http://localhost:5422\n\n\nERROR: Detected 1 broken links.",
  "keywords": [
    "ERROR",
    "ERR!",
    ""
  ],
  "category": "0",
  "full_log": "travis_fold:start:worker_info\n\u001b[0K\u001b[33;1mWorker information\u001b[0m\nhostname: e5dd89c8-ec9e-4e8a-8cc1-6bad0d01a4cb@1.worker-org-5dcc948c89-kqjv5.gce-production-2\nversion: v6.2.1 https://github.com/travis-ci/worker/tree/4e3246c044eb4915c2378ffacd0b3d3ed0136bba\ninstance: travis-job-d9e644c4-7e05-4ea2-a37e-2e10f73cf15f travis-ci-sardonyx-xenial-1553530528-f909ac5 (via amqp)\nstartup: 6.462498131s\ntravis_fold:end:worker_info\n\u001b[0Ktravis_fold:start:system_info\n\u001b[0K\u001b[33;1mBuild system information\u001b[0m\nBuild language: node_js\nBuild group: stable\nBuild dist: xenial\nBuild id: 565940461\nJob id: 565940462\nRuntime kernel version: 4.15.0-1028-gcp\ntravis-build version: 65949ed1e\n\u001b[34m\u001b[1mBuild image provisioning date and time\u001b[0m\nMon Mar 25 16:43:24 UTC 2019\n\u001b[34m\u001b[1mOperating System Details\u001b[0m\nDistributor ID:\tUbuntu\nDescription:\tUbuntu 16.04.6 LTS\nRelease:\t16.04\nCodename:\txenial\n\u001b[34m\u001b[1mSystemd Version\u001b[0m\nsystemd 229\n\u001b[34m\u001b[1mCookbooks Version\u001b[0m\n42e42e4 https://github.com/travis-ci/travis-cookbooks/tree/42e42e4\n\u001b[34m\u001b[1mgit version\u001b[0m\ngit version 2.21.0\n\u001b[34m\u001b[1mbash version\u001b[0m\nGNU bash, version 4.3.48(1)-release (x86_64-pc-linux-gnu)\n\u001b[34m\u001b[1mgcc version\u001b[0m\ngcc (Ubuntu 5.4.0-6ubuntu1~16.04.11) 5.4.0 20160609\n\u001b[34m\u001b[1mdocker version\u001b[0m\nClient:\n Version:           18.06.0-ce\n API version:       1.38\n Go version:        go1.10.3\n Git commit:        0ffa825\n Built:             Wed Jul 18 19:11:02 2018\n OS/Arch:           linux/amd64\n Experimental:      false\n\nServer:\n Engine:\n  Version:          18.06.0-ce\n  API version:      1.38 (minimum version 1.12)\n  Go version:       go1.10.3\n  Git commit:       0ffa825\n  Built:            Wed Jul 18 19:09:05 2018\n  OS/Arch:          linux/amd64\n  Experimental:     false\n\u001b[34m\u001b[1mclang version\u001b[0m\nclang version 7.0.0 (tags/RELEASE_700/final)\n\u001b[34m\u001b[1mjq version\u001b[0m\njq-1.5\n\u001b[34m\u001b[1mbats version\u001b[0m\nBats 0.4.0\n\u001b[34m\u001b[1mshellcheck version\u001b[0m\n0.6.0\n\u001b[34m\u001b[1mshfmt version\u001b[0m\nv2.6.3\n\u001b[34m\u001b[1mccache version\u001b[0m\n3.2.4\n\u001b[34m\u001b[1mcmake version\u001b[0m\ncmake version 3.12.4\n\u001b[34m\u001b[1mheroku version\u001b[0m\nheroku/7.22.7 linux-x64 node-v11.10.1\n\u001b[34m\u001b[1mimagemagick version\u001b[0m\nVersion: ImageMagick 6.8.9-9 Q16 x86_64 2018-09-28 http://www.imagemagick.org\n\u001b[34m\u001b[1mmd5deep version\u001b[0m\n4.4\n\u001b[34m\u001b[1mmercurial version\u001b[0m\nversion 4.8\n\u001b[34m\u001b[1mmysql version\u001b[0m\nmysql  Ver 14.14 Distrib 5.7.25, for Linux (x86_64) using  EditLine wrapper\n\u001b[34m\u001b[1mopenssl version\u001b[0m\nOpenSSL 1.0.2g  1 Mar 2016\n\u001b[34m\u001b[1mpacker version\u001b[0m\n1.3.3\n\u001b[34m\u001b[1mpostgresql client version\u001b[0m\npsql (PostgreSQL) 10.7 (Ubuntu 10.7-1.pgdg16.04+1)\n\u001b[34m\u001b[1mragel version\u001b[0m\nRagel State Machine Compiler version 6.8 Feb 2013\n\u001b[34m\u001b[1msudo version\u001b[0m\n1.8.16\n\u001b[34m\u001b[1mgzip version\u001b[0m\ngzip 1.6\n\u001b[34m\u001b[1mzip version\u001b[0m\nZip 3.0\n\u001b[34m\u001b[1mvim version\u001b[0m\nVIM - Vi IMproved 7.4 (2013 Aug 10, compiled Nov 24 2016 16:44:48)\n\u001b[34m\u001b[1miptables version\u001b[0m\niptables v1.6.0\n\u001b[34m\u001b[1mcurl version\u001b[0m\ncurl 7.47.0 (x86_64-pc-linux-gnu) libcurl/7.47.0 GnuTLS/3.4.10 zlib/1.2.8 libidn/1.32 librtmp/2.3\n\u001b[34m\u001b[1mwget version\u001b[0m\nGNU Wget 1.17.1 built on linux-gnu.\n\u001b[34m\u001b[1mrsync version\u001b[0m\nrsync  version 3.1.1  protocol version 31\n\u001b[34m\u001b[1mgimme version\u001b[0m\nv1.5.3\n\u001b[34m\u001b[1mnvm version\u001b[0m\n0.34.0\n\u001b[34m\u001b[1mperlbrew version\u001b[0m\n/home/travis/perl5/perlbrew/bin/perlbrew  - App::perlbrew/0.86\n\u001b[34m\u001b[1mphpenv version\u001b[0m\nrbenv 1.1.2\n\u001b[34m\u001b[1mrvm version\u001b[0m\nrvm 1.29.7 (latest) by Michal Papis, Piotr Kuczynski, Wayne E. Seguin [https://rvm.io]\n\u001b[34m\u001b[1mdefault ruby version\u001b[0m\nruby 2.5.3p105 (2018-10-18 revision 65156) [x86_64-linux]\n\u001b[34m\u001b[1mCouchDB version\u001b[0m\ncouchdb 1.6.1\n\u001b[34m\u001b[1mElasticSearch version\u001b[0m\n5.5.0\n\u001b[34m\u001b[1mInstalled Firefox version\u001b[0m\nfirefox 63.0.1\n\u001b[34m\u001b[1mMongoDB version\u001b[0m\nMongoDB 4.0.7\n\u001b[34m\u001b[1mPhantomJS version\u001b[0m\n2.1.1\n\u001b[34m\u001b[1mPre-installed PostgreSQL versions\u001b[0m\n9.4.21\n9.5.16\n9.6.12\n\u001b[34m\u001b[1mRedis version\u001b[0m\nredis-server 5.0.4\n\u001b[34m\u001b[1mPre-installed Go versions\u001b[0m\n1.11.1\n\u001b[34m\u001b[1mmvn version\u001b[0m\nApache Maven 3.6.0 (97c98ec64a1fdfee7767ce5ffb20918da4f719f3; 2018-10-24T18:41:47Z)\n\u001b[34m\u001b[1mgradle version\u001b[0m\nGradle 4.10.2!\n\u001b[34m\u001b[1mlein version\u001b[0m\nLeiningen 2.9.1 on Java 11.0.2 OpenJDK 64-Bit Server VM\n\u001b[34m\u001b[1mPre-installed Node.js versions\u001b[0m\nv10.15.3\nv11.0.0\nv4.9.1\nv6.17.0\nv8.12.0\nv8.15.1\nv8.9\n\u001b[34m\u001b[1mphpenv versions\u001b[0m\n  system\n  5.6\n  5.6.40\n  7.1\n  7.1.27\n  7.2\n* 7.2.15 (set by /home/travis/.phpenv/version)\n  hhvm\n  hhvm-stable\n\u001b[34m\u001b[1mcomposer --version\u001b[0m\nComposer version 1.8.4 2019-02-11 10:52:10\n\u001b[34m\u001b[1mPre-installed Ruby versions\u001b[0m\nruby-2.3.8\nruby-2.4.5\nruby-2.5.3\ntravis_fold:end:system_info\n\u001b[0K\ntravis_fold:start:docker_mtu\n\u001b[0Ktravis_fold:end:docker_mtu\n\u001b[0Ktravis_fold:start:resolvconf\n\u001b[0Ktravis_fold:end:resolvconf\n\u001b[0Ktravis_fold:start:install_chrome\n\u001b[0K$ export CHROME_SOURCE_URL=https://dl.google.com/dl/linux/direct/google-chrome-stable_current_amd64.deb\n\u001b[33;1mInstalling Google Chrome stable\u001b[0m\ntravis_time:start:007094eb\n\u001b[0K$ wget --no-verbose -O /tmp/$(basename $CHROME_SOURCE_URL) $CHROME_SOURCE_URL\n2019-07-31 12:01:59 URL:https://dl.google.com/dl/linux/direct/google-chrome-stable_current_amd64.deb [59355402/59355402] -> \"/tmp/google-chrome-stable_current_amd64.deb\" [1]\ntravis_time:end:007094eb:start=1564574518226614073,finish=1564574519269590719,duration=1042976646\n\u001b[0K(Reading database ... 124189 files and directories currently installed.)\nPreparing to unpack .../google-chrome-stable_current_amd64.deb ...\nUnpacking google-chrome-stable (76.0.3809.87-1) over (73.0.3683.86-1) ...\nSetting up google-chrome-stable (76.0.3809.87-1) ...\nProcessing triggers for mime-support (3.59ubuntu1) ...\nProcessing triggers for man-db (2.7.5-1) ...\ntravis_fold:end:install_chrome\n\u001b[0K\ntravis_fold:start:git.checkout\n\u001b[0Ktravis_time:start:3341f892\n\u001b[0K$ git clone --depth=3 https://github.com/twbs/bootstrap.git twbs/bootstrap\nCloning into 'twbs/bootstrap'...\ntravis_time:end:3341f892:start=1564574540443435842,finish=1564574542778715387,duration=2335279545\n\u001b[0K$ cd twbs/bootstrap\ntravis_time:start:2b7b0d10\n\u001b[0K$ git fetch origin +refs/pull/29161/merge:\nFrom https://github.com/twbs/bootstrap\n * branch            refs/pull/29161/merge -> FETCH_HEAD\ntravis_time:end:2b7b0d10:start=1564574542784854165,finish=1564574543720686181,duration=935832016\n\u001b[0K$ git checkout -qf FETCH_HEAD\ntravis_fold:end:git.checkout\n\u001b[0K\n\n\u001b[33;1mSetting environment variables from repository settings\u001b[0m\n$ export BROWSER_STACK_USERNAME=[secure]\n$ export BROWSER_STACK_ACCESS_KEY=[secure]\n$ export BUNDLESIZE_GITHUB_TOKEN=[secure]\n\ntravis_fold:start:nvm.install\n\u001b[0Ktravis_time:start:0431a1bf\n\u001b[0K$ nvm install 8\nDownloading and installing node v8.16.0...\nDownloading https://nodejs.org/dist/v8.16.0/node-v8.16.0-linux-x64.tar.xz...\nComputing checksum with sha256sum\nChecksums matched!\nNow using node v8.16.0 (npm v6.4.1)\ntravis_time:end:0431a1bf:start=1564574544986214114,finish=1564574548227801564,duration=3241587450\n\u001b[0Ktravis_fold:end:nvm.install\n\u001b[0K\ntravis_fold:start:cache.1\n\u001b[0KSetting up build cache\n$ export CASHER_DIR=${TRAVIS_HOME}/.casher\ntravis_time:start:00c2ee54\n\u001b[0K$ Installing caching utilities\ntravis_time:end:00c2ee54:start=1564574549548531502,finish=1564574549827183358,duration=278651856\n\u001b[0Ktravis_time:start:1a974392\n\u001b[0Ktravis_time:end:1a974392:start=1564574549835062511,finish=1564574549838434063,duration=3371552\n\u001b[0Ktravis_time:start:047f6b2f\n\u001b[0Kattempting to download cache archive\u001b[0m\n\u001b[32;1mfetching PR.29161/cache-linux-xenial-e3b0c44298fc1c149afbf4c8996fb92427ae41e4649b934ca495991b7852b855--node-8.tgz\u001b[0m\n\u001b[32;1mfetching PR.29161/cache--node-8.tgz\u001b[0m\n\u001b[32;1mfetching master/cache-linux-xenial-e3b0c44298fc1c149afbf4c8996fb92427ae41e4649b934ca495991b7852b855--node-8.tgz\u001b[0m\n\u001b[32;1mfound cache\u001b[0m\ntravis_time:end:047f6b2f:start=1564574549843829164,finish=1564574551745009011,duration=1901179847\n\u001b[0Ktravis_fold:end:cache.1\n\u001b[0K\ntravis_fold:start:cache.npm\n\u001b[0K\ntravis_time:start:026f089b\n\u001b[0Ktravis_time:end:026f089b:start=1564574551918686501,finish=1564574551922195513,duration=3509012\n\u001b[0Ktravis_time:start:05382750\n\u001b[0Kadding /home/travis/.npm to cache\u001b[0m\ntravis_time:end:05382750:start=1564574551929916515,finish=1564574554304722554,duration=2374806039\n\u001b[0Ktravis_fold:end:cache.npm\n\u001b[0K$ node --version\nv8.16.0\n$ npm --version\n6.4.1\n$ nvm --version\n0.34.0\n\ntravis_fold:start:install.npm\n\u001b[0Ktravis_time:start:0f02a7e6\n\u001b[0K$ npm ci \n\n> fsevents@1.2.9 install /home/travis/build/twbs/bootstrap/node_modules/fsevents\n> node install\n\n\n> core-js@2.6.9 postinstall /home/travis/build/twbs/bootstrap/node_modules/babel-runtime/node_modules/core-js\n> node scripts/postinstall || echo \"ignore\"\n\n\n> nodemon@1.19.1 postinstall /home/travis/build/twbs/bootstrap/node_modules/nodemon\n> node bin/postinstall || exit 0\n\n\u001b[32mLove nodemon? You can now support the project via the open collective:\u001b[22m\u001b[39m\n > \u001b[96m\u001b[1mhttps://opencollective.com/nodemon/donate\u001b[0m\n\n\n> node-sass@4.12.0 install /home/travis/build/twbs/bootstrap/node_modules/node-sass\n> node scripts/install.js\n\nCached binary found at /home/travis/.npm/node-sass/4.12.0/linux-x64-57_binding.node\n\n> node-sass@4.12.0 postinstall /home/travis/build/twbs/bootstrap/node_modules/node-sass\n> node scripts/build.js\n\nBinary found at /home/travis/build/twbs/bootstrap/node_modules/node-sass/vendor/linux-x64-57/binding.node\nTesting binary\nBinary is fine\n\n> core-js@3.1.4 postinstall /home/travis/build/twbs/bootstrap/node_modules/core-js\n> node scripts/postinstall || echo \"ignore\"\n\n\n> hugo-bin@0.44.2 postinstall /home/travis/build/twbs/bootstrap/node_modules/hugo-bin\n> rimraf vendor && node lib/install\n\n\u2714  success   Hugo binary installed successfully!\n\n> iltorb@2.4.3 install /home/travis/build/twbs/bootstrap/node_modules/iltorb\n> node ./scripts/install.js || node-gyp rebuild\n\ninfo looking for cached prebuild @ /home/travis/.npm/_prebuilds/95f620-iltorb-v2.4.3-node-v57-linux-x64.tar.gz\ninfo found cached prebuild \ninfo unpacking @ /home/travis/.npm/_prebuilds/95f620-iltorb-v2.4.3-node-v57-linux-x64.tar.gz\ninfo unpack resolved to /home/travis/build/twbs/bootstrap/node_modules/iltorb/build/bindings/iltorb.node\ninfo unpack required /home/travis/build/twbs/bootstrap/node_modules/iltorb/build/bindings/iltorb.node successfully\ninfo install Successfully installed iltorb binary!\n\n> core-js-pure@3.1.4 postinstall /home/travis/build/twbs/bootstrap/node_modules/core-js-pure\n> node scripts/postinstall || echo \"ignore\"\n\nadded 1313 packages in 15.768s\ntravis_time:end:0f02a7e6:start=1564574555287100324,finish=1564574571397815507,duration=16110715183\n\u001b[0Ktravis_fold:end:install.npm\n\u001b[0K\ntravis_fold:start:before_script\n\u001b[0Ktravis_time:start:1982fdea\n\u001b[0K$ google-chrome-stable --product-version\n76.0.3809.87\ntravis_time:end:1982fdea:start=1564574571404445364,finish=1564574571665793435,duration=261348071\n\u001b[0Ktravis_fold:end:before_script\n\u001b[0Ktravis_time:start:384e49d2\n\u001b[0K$ npm test || travis_terminate 1\n\n> bootstrap@4.3.1 test /home/travis/build/twbs/bootstrap\n> npm-run-all lint dist js-test docs-build docs-lint bundlesize\n\n\n> bootstrap@4.3.1 lint /home/travis/build/twbs/bootstrap\n> npm-run-all --parallel js-lint css-lint\n\n\n> bootstrap@4.3.1 js-lint /home/travis/build/twbs/bootstrap\n> npm-run-all --continue-on-error --parallel js-lint-*\n\n\n> bootstrap@4.3.1 css-lint /home/travis/build/twbs/bootstrap\n> npm-run-all --continue-on-error --parallel css-lint-*\n\n\n> bootstrap@4.3.1 js-lint-docs /home/travis/build/twbs/bootstrap\n> eslint --cache --cache-location .cache/.eslintcache site/\n\n\n> bootstrap@4.3.1 js-lint-main /home/travis/build/twbs/bootstrap\n> eslint --cache --cache-location .cache/.eslintcache js/src js/tests build/\n\n\n> bootstrap@4.3.1 css-lint-main /home/travis/build/twbs/bootstrap\n> stylelint \"scss/**/*.scss\" --cache --cache-location .cache/.stylelintcache\n\n\n> bootstrap@4.3.1 css-lint-docs /home/travis/build/twbs/bootstrap\n> stylelint \"site/static/**/assets/scss/*.scss\" \"site/content/**/*.css\" --cache --cache-location .cache/.stylelintcache\n\n\n> bootstrap@4.3.1 css-lint-vars /home/travis/build/twbs/bootstrap\n> fusv scss/ site/static/\n\nLooking for unused variables\n- \n\u2139 Finding unused variables in \"/home/travis/build/twbs/bootstrap/scss\"...\n- \n\u2139 671 total variables.\n- \n- \n\u2139 Finding unused variables in \"/home/travis/build/twbs/bootstrap/site/static\"...\n- \n\u2139 10 total variables.\n- \n- \n\u2714 No unused variables found!\n\n/home/travis/build/twbs/bootstrap/js/src/button/button.js\n  85:13  warning  Blocks are nested too deeply (5). Maximum allowed is 4  max-depth\n\n\u2716 1 problem (0 errors, 1 warning)\n\n\n> bootstrap@4.3.1 dist /home/travis/build/twbs/bootstrap\n> npm-run-all --parallel css js\n\n\n> bootstrap@4.3.1 js /home/travis/build/twbs/bootstrap\n> npm-run-all js-compile js-minify\n\n\n> bootstrap@4.3.1 css /home/travis/build/twbs/bootstrap\n> npm-run-all css-compile css-prefix css-minify\n\n\n> bootstrap@4.3.1 css-compile /home/travis/build/twbs/bootstrap\n> npm-run-all --parallel css-compile-*\n\n\n> bootstrap@4.3.1 js-compile /home/travis/build/twbs/bootstrap\n> npm-run-all --parallel js-compile-*\n\n\n> bootstrap@4.3.1 css-compile-docs /home/travis/build/twbs/bootstrap\n> cross-env-shell node-sass --output-style expanded --source-map true --source-map-contents true --precision 6 site/static/docs/$npm_package_version_short/assets/scss/docs.scss site/static/docs/$npm_package_version_short/assets/css/docs.min.css\n\n\n> bootstrap@4.3.1 css-compile-main /home/travis/build/twbs/bootstrap\n> node-sass --output-style expanded --source-map true --source-map-contents true --precision 6 scss/ -o dist/css/\n\n\n> bootstrap@4.3.1 js-compile-standalone-esm /home/travis/build/twbs/bootstrap\n> rollup --environment ESM:true,BUNDLE:false --config build/rollup.config.js --sourcemap\n\n\n> bootstrap@4.3.1 js-compile-standalone /home/travis/build/twbs/bootstrap\n> rollup --environment BUNDLE:false --config build/rollup.config.js --sourcemap\n\n\n> bootstrap@4.3.1 js-compile-bundle /home/travis/build/twbs/bootstrap\n> rollup --environment BUNDLE:true --config build/rollup.config.js --sourcemap\n\n\n> bootstrap@4.3.1 js-compile-plugins /home/travis/build/twbs/bootstrap\n> node build/build-plugins.js\n\nBuilding Data plugin...\nBuilding EventHandler plugin...\nBuilding Manipulator plugin...\nBuilding Polyfill plugin...\nBuilding SelectorEngine plugin...\nBuilding Alert plugin...\nBuilding Button plugin...\nBuilding Carousel plugin...\nBuilding Collapse plugin...\nBuilding Dropdown plugin...\nBuilding Modal plugin...\nBuilding Popover plugin...\nBuilding ScrollSpy plugin...\nBuilding Tab plugin...\nBuilding Toast plugin...\nBuilding Tooltip plugin...\n\n/home/travis/build/twbs/bootstrap/js/index.esm.js \u2192 dist/js/bootstrap.esm.js...\n\n/home/travis/build/twbs/bootstrap/js/index.umd.js \u2192 dist/js/bootstrap.js...\n\n/home/travis/build/twbs/bootstrap/js/index.umd.js \u2192 dist/js/bootstrap.bundle.js...\nRendering Complete, saving .css file...\nWrote CSS to /home/travis/build/twbs/bootstrap/site/static/docs/4.3/assets/css/docs.min.css\nWrote Source Map to /home/travis/build/twbs/bootstrap/site/static/docs/4.3/assets/css/docs.min.css.map\nRendering Complete, saving .css file...\nWrote CSS to /home/travis/build/twbs/bootstrap/dist/css/bootstrap-grid.css\nWrote Source Map to /home/travis/build/twbs/bootstrap/dist/css/bootstrap-grid.css.map\nRendering Complete, saving .css file...\nWrote CSS to /home/travis/build/twbs/bootstrap/dist/css/bootstrap-reboot.css\nWrote Source Map to /home/travis/build/twbs/bootstrap/dist/css/bootstrap-reboot.css.map\nRendering Complete, saving .css file...\nWrote CSS to /home/travis/build/twbs/bootstrap/dist/css/bootstrap-utilities.css\nWrote Source Map to /home/travis/build/twbs/bootstrap/dist/css/bootstrap-utilities.css.map\nRendering Complete, saving .css file...\nWrote CSS to /home/travis/build/twbs/bootstrap/dist/css/bootstrap.css\nWrote Source Map to /home/travis/build/twbs/bootstrap/dist/css/bootstrap.css.map\nWrote 4 CSS files to /home/travis/build/twbs/bootstrap/dist/css/\n\n> bootstrap@4.3.1 css-prefix /home/travis/build/twbs/bootstrap\n> npm-run-all --parallel css-prefix-*\n\n\n> bootstrap@4.3.1 css-prefix-main /home/travis/build/twbs/bootstrap\n> postcss --config build/postcss.config.js --replace \"dist/css/*.css\" \"!dist/css/*.min.css\"\n\n\n> bootstrap@4.3.1 css-prefix-docs /home/travis/build/twbs/bootstrap\n> cross-env-shell postcss --config build/postcss.config.js --replace \"site/static/docs/$npm_package_version_short/assets/css/*.css\" \"site/static/docs/$npm_package_version_short/assets/css/*.css\"\n\n\n> bootstrap@4.3.1 css-prefix-docs-examples /home/travis/build/twbs/bootstrap\n> postcss --config build/postcss.config.js --replace \"site/content/**/*.css\" \"site/content/**/*.css\"\n\nBuilding Data plugin... Done!\nBuilding Manipulator plugin... Done!\ncreated dist/js/bootstrap.esm.js in 14.3s\ncreated dist/js/bootstrap.js in 14.4s\ncreated dist/js/bootstrap.bundle.js in 15s\nBuilding EventHandler plugin... Done!\nBuilding Polyfill plugin... Done!\nBuilding SelectorEngine plugin... Done!\nBuilding Alert plugin... Done!\nBuilding Button plugin... Done!\nBuilding Carousel plugin... Done!\nBuilding Collapse plugin... Done!\nBuilding Dropdown plugin... Done!\nBuilding Modal plugin... Done!\nBuilding Popover plugin... Done!\nBuilding ScrollSpy plugin... Done!\nBuilding Tab plugin... Done!\nBuilding Toast plugin... Done!\nBuilding Tooltip plugin... Done!\n\n> bootstrap@4.3.1 js-minify /home/travis/build/twbs/bootstrap\n> npm-run-all --parallel js-minify-main js-minify-docs\n\n\n> bootstrap@4.3.1 css-minify /home/travis/build/twbs/bootstrap\n> npm-run-all --parallel css-minify-*\n\n\n> bootstrap@4.3.1 js-minify-main /home/travis/build/twbs/bootstrap\n> npm-run-all js-minify-standalone* js-minify-bundle\n\n\n> bootstrap@4.3.1 js-minify-docs /home/travis/build/twbs/bootstrap\n> cross-env-shell terser --mangle --comments \\\"/^!/\\\" --output site/static/docs/$npm_package_version_short/assets/js/docs.min.js site/static/docs/$npm_package_version_short/assets/js/vendor/anchor.min.js site/static/docs/$npm_package_version_short/assets/js/vendor/clipboard.min.js site/static/docs/$npm_package_version_short/assets/js/vendor/bs-custom-file-input.min.js \"site/static/docs/$npm_package_version_short/assets/js/src/*.js\"\n\n\n> bootstrap@4.3.1 css-minify-main /home/travis/build/twbs/bootstrap\n> cleancss --level 1 --format breakWith=lf --source-map --source-map-inline-sources --output dist/css/bootstrap.min.css dist/css/bootstrap.css && cleancss --level 1 --format breakWith=lf --source-map --source-map-inline-sources --output dist/css/bootstrap-grid.min.css dist/css/bootstrap-grid.css && cleancss --level 1 --format breakWith=lf --source-map --source-map-inline-sources --output dist/css/bootstrap-utilities.min.css dist/css/bootstrap-utilities.css && cleancss --level 1 --format breakWith=lf --source-map --source-map-inline-sources --output dist/css/bootstrap-reboot.min.css dist/css/bootstrap-reboot.css\n\n\n> bootstrap@4.3.1 css-minify-docs /home/travis/build/twbs/bootstrap\n> cross-env-shell cleancss --level 1 --format breakWith=lf --source-map --source-map-inline-sources --output site/static/docs/$npm_package_version_short/assets/css/docs.min.css site/static/docs/$npm_package_version_short/assets/css/docs.min.css\n\n\n> bootstrap@4.3.1 js-minify-standalone /home/travis/build/twbs/bootstrap\n> terser --compress typeofs=false --mangle --comments \"/^!/\" --source-map \"content=dist/js/bootstrap.js.map,includeSources,url=bootstrap.min.js.map\" --output dist/js/bootstrap.min.js dist/js/bootstrap.js\n\n\n> bootstrap@4.3.1 js-minify-standalone-esm /home/travis/build/twbs/bootstrap\n> terser --compress --mangle --comments \"/^!/\" --source-map \"content=dist/js/bootstrap.esm.js.map,includeSources,url=bootstrap.esm.min.js.map\" --output dist/js/bootstrap.esm.min.js dist/js/bootstrap.esm.js\n\n\n> bootstrap@4.3.1 js-minify-bundle /home/travis/build/twbs/bootstrap\n> terser --compress typeofs=false --mangle --comments \"/^!/\" --source-map \"content=dist/js/bootstrap.bundle.js.map,includeSources,url=bootstrap.bundle.min.js.map\" --output dist/js/bootstrap.bundle.min.js dist/js/bootstrap.bundle.js\n\n\n> bootstrap@4.3.1 js-test /home/travis/build/twbs/bootstrap\n> npm-run-all --parallel js-test-karma js-test-integration\n\n\n> bootstrap@4.3.1 js-test-karma /home/travis/build/twbs/bootstrap\n> karma start js/tests/karma.conf.js\n\n\n> bootstrap@4.3.1 js-test-integration /home/travis/build/twbs/bootstrap\n> rollup --config js/tests/integration/rollup.bundle.js\n\n\njs/tests/integration/bundle.js \u2192 js/coverage/bundle.js...\ncreated js/coverage/bundle.js in 4.8s\n................................................................................\n................................................................................\n................................................................................\n................................................................................\n................................................................................\n.....................................\nHeadlessChrome 76.0.3809 (Linux 0.0.0): Executed 437 of 437\u001b[32m SUCCESS\u001b[39m (4.704 secs / 4.169 secs)\nTOTAL: 437 SUCCESS\n\n=============================== Coverage summary ===============================\nStatements   : 96.11% ( 1877/1953 )\nBranches     : 90.98% ( 1009/1109 )\nFunctions    : 95.98% ( 334/348 )\nLines        : 96.17% ( 1857/1931 )\n================================================================================\n\n> bootstrap@4.3.1 docs-build /home/travis/build/twbs/bootstrap\n> hugo --cleanDestinationDir\n\nBuilding sites \u2026 WARN 2019/07/31 12:04:14 found no layout file for \"HTML\" for \"home\": You should create a template file which matches Hugo Layouts Lookup Rules for this combination.\n\n                   | EN  \n+------------------+----+\n  Pages            |  1  \n  Paginator pages  |  0  \n  Non-page files   |  0  \n  Static files     |  0  \n  Processed images |  0  \n  Aliases          |  0  \n  Sitemaps         |  1  \n  Cleaned          |  0  \n\nTotal in 4 ms\n\n> bootstrap@4.3.1 docs-lint /home/travis/build/twbs/bootstrap\n> npm-run-all --parallel docs-vnu docs-linkinator\n\n\n> bootstrap@4.3.1 docs-linkinator /home/travis/build/twbs/bootstrap\n> linkinator _gh_pages --recurse --silent --skip \"^(?!http://localhost)\"\n\n\n> bootstrap@4.3.1 docs-vnu /home/travis/build/twbs/bootstrap\n> node build/vnu-jar.js\n\n  [404] http://localhost:5422\n\n\nERROR: Detected 1 broken links. Scanned 1 links in 0.06 seconds.\nnpm ERR! code ELIFECYCLE\nnpm ERR! errno 1\nnpm ERR! bootstrap@4.3.1 docs-linkinator: `linkinator _gh_pages --recurse --silent --skip \"^(?!http://localhost)\"`\nnpm ERR! Exit status 1\nnpm ERR! \nnpm ERR! Failed at the bootstrap@4.3.1 docs-linkinator script.\nnpm ERR! This is probably not a problem with npm. There is likely additional logging output above.\n\nnpm ERR! A complete log of this run can be found in:\nnpm ERR!     /home/travis/.npm/_logs/2019-07-31T12_04_15_647Z-debug.log\nERROR: \"docs-linkinator\" exited with 1.\nnpm ERR! code ELIFECYCLE\nnpm ERR! errno 1\nnpm ERR! bootstrap@4.3.1 docs-lint: `npm-run-all --parallel docs-vnu docs-linkinator`\nnpm ERR! Exit status 1\nnpm ERR! \nnpm ERR! Failed at the bootstrap@4.3.1 docs-lint script.\nnpm ERR! This is probably not a problem with npm. There is likely additional logging output above.\n\nnpm ERR! A complete log of this run can be found in:\nnpm ERR!     /home/travis/.npm/_logs/2019-07-31T12_04_15_695Z-debug.log\nERROR: \"docs-lint\" exited with 1.\nnpm ERR! Test failed.  See above for more details.\n"
}