{
  "log_path": "CSS/twbs@bootstrap/failed/567309401.log",
  "failure_chunk": "Variable $bd-warning is not being used!",
  "keywords": [
    "ERR!",
    "\u2716",
    ""
  ],
  "category": "3",
  "full_log": "travis_fold:start:worker_info\n\u001b[0K\u001b[33;1mWorker information\u001b[0m\nhostname: e6e08468-8aac-4e01-8025-9fe79410a202@1.worker-org-5dcc948c89-9s9h5.gce-production-2\nversion: v6.2.1 https://github.com/travis-ci/worker/tree/4e3246c044eb4915c2378ffacd0b3d3ed0136bba\ninstance: travis-job-89e2b223-0553-433a-bd09-09dcbb6521bb travis-ci-sardonyx-xenial-1553530528-f909ac5 (via amqp)\nstartup: 6.267495301s\ntravis_fold:end:worker_info\n\u001b[0Ktravis_fold:start:system_info\n\u001b[0K\u001b[33;1mBuild system information\u001b[0m\nBuild language: node_js\nBuild group: stable\nBuild dist: xenial\nBuild id: 567309401\nJob id: 567309402\nRuntime kernel version: 4.15.0-1028-gcp\ntravis-build version: 65949ed1e\n\u001b[34m\u001b[1mBuild image provisioning date and time\u001b[0m\nMon Mar 25 16:43:24 UTC 2019\n\u001b[34m\u001b[1mOperating System Details\u001b[0m\nDistributor ID:\tUbuntu\nDescription:\tUbuntu 16.04.6 LTS\nRelease:\t16.04\nCodename:\txenial\n\u001b[34m\u001b[1mSystemd Version\u001b[0m\nsystemd 229\n\u001b[34m\u001b[1mCookbooks Version\u001b[0m\n42e42e4 https://github.com/travis-ci/travis-cookbooks/tree/42e42e4\n\u001b[34m\u001b[1mgit version\u001b[0m\ngit version 2.21.0\n\u001b[34m\u001b[1mbash version\u001b[0m\nGNU bash, version 4.3.48(1)-release (x86_64-pc-linux-gnu)\n\u001b[34m\u001b[1mgcc version\u001b[0m\ngcc (Ubuntu 5.4.0-6ubuntu1~16.04.11) 5.4.0 20160609\n\u001b[34m\u001b[1mdocker version\u001b[0m\nClient:\n Version:           18.06.0-ce\n API version:       1.38\n Go version:        go1.10.3\n Git commit:        0ffa825\n Built:             Wed Jul 18 19:11:02 2018\n OS/Arch:           linux/amd64\n Experimental:      false\n\nServer:\n Engine:\n  Version:          18.06.0-ce\n  API version:      1.38 (minimum version 1.12)\n  Go version:       go1.10.3\n  Git commit:       0ffa825\n  Built:            Wed Jul 18 19:09:05 2018\n  OS/Arch:          linux/amd64\n  Experimental:     false\n\u001b[34m\u001b[1mclang version\u001b[0m\nclang version 7.0.0 (tags/RELEASE_700/final)\n\u001b[34m\u001b[1mjq version\u001b[0m\njq-1.5\n\u001b[34m\u001b[1mbats version\u001b[0m\nBats 0.4.0\n\u001b[34m\u001b[1mshellcheck version\u001b[0m\n0.6.0\n\u001b[34m\u001b[1mshfmt version\u001b[0m\nv2.6.3\n\u001b[34m\u001b[1mccache version\u001b[0m\n3.2.4\n\u001b[34m\u001b[1mcmake version\u001b[0m\ncmake version 3.12.4\n\u001b[34m\u001b[1mheroku version\u001b[0m\nheroku/7.22.7 linux-x64 node-v11.10.1\n\u001b[34m\u001b[1mimagemagick version\u001b[0m\nVersion: ImageMagick 6.8.9-9 Q16 x86_64 2018-09-28 http://www.imagemagick.org\n\u001b[34m\u001b[1mmd5deep version\u001b[0m\n4.4\n\u001b[34m\u001b[1mmercurial version\u001b[0m\nversion 4.8\n\u001b[34m\u001b[1mmysql version\u001b[0m\nmysql  Ver 14.14 Distrib 5.7.25, for Linux (x86_64) using  EditLine wrapper\n\u001b[34m\u001b[1mopenssl version\u001b[0m\nOpenSSL 1.0.2g  1 Mar 2016\n\u001b[34m\u001b[1mpacker version\u001b[0m\n1.3.3\n\u001b[34m\u001b[1mpostgresql client version\u001b[0m\npsql (PostgreSQL) 10.7 (Ubuntu 10.7-1.pgdg16.04+1)\n\u001b[34m\u001b[1mragel version\u001b[0m\nRagel State Machine Compiler version 6.8 Feb 2013\n\u001b[34m\u001b[1msudo version\u001b[0m\n1.8.16\n\u001b[34m\u001b[1mgzip version\u001b[0m\ngzip 1.6\n\u001b[34m\u001b[1mzip version\u001b[0m\nZip 3.0\n\u001b[34m\u001b[1mvim version\u001b[0m\nVIM - Vi IMproved 7.4 (2013 Aug 10, compiled Nov 24 2016 16:44:48)\n\u001b[34m\u001b[1miptables version\u001b[0m\niptables v1.6.0\n\u001b[34m\u001b[1mcurl version\u001b[0m\ncurl 7.47.0 (x86_64-pc-linux-gnu) libcurl/7.47.0 GnuTLS/3.4.10 zlib/1.2.8 libidn/1.32 librtmp/2.3\n\u001b[34m\u001b[1mwget version\u001b[0m\nGNU Wget 1.17.1 built on linux-gnu.\n\u001b[34m\u001b[1mrsync version\u001b[0m\nrsync  version 3.1.1  protocol version 31\n\u001b[34m\u001b[1mgimme version\u001b[0m\nv1.5.3\n\u001b[34m\u001b[1mnvm version\u001b[0m\n0.34.0\n\u001b[34m\u001b[1mperlbrew version\u001b[0m\n/home/travis/perl5/perlbrew/bin/perlbrew  - App::perlbrew/0.86\n\u001b[34m\u001b[1mphpenv version\u001b[0m\nrbenv 1.1.2\n\u001b[34m\u001b[1mrvm version\u001b[0m\nrvm 1.29.7 (latest) by Michal Papis, Piotr Kuczynski, Wayne E. Seguin [https://rvm.io]\n\u001b[34m\u001b[1mdefault ruby version\u001b[0m\nruby 2.5.3p105 (2018-10-18 revision 65156) [x86_64-linux]\n\u001b[34m\u001b[1mCouchDB version\u001b[0m\ncouchdb 1.6.1\n\u001b[34m\u001b[1mElasticSearch version\u001b[0m\n5.5.0\n\u001b[34m\u001b[1mInstalled Firefox version\u001b[0m\nfirefox 63.0.1\n\u001b[34m\u001b[1mMongoDB version\u001b[0m\nMongoDB 4.0.7\n\u001b[34m\u001b[1mPhantomJS version\u001b[0m\n2.1.1\n\u001b[34m\u001b[1mPre-installed PostgreSQL versions\u001b[0m\n9.4.21\n9.5.16\n9.6.12\n\u001b[34m\u001b[1mRedis version\u001b[0m\nredis-server 5.0.4\n\u001b[34m\u001b[1mPre-installed Go versions\u001b[0m\n1.11.1\n\u001b[34m\u001b[1mmvn version\u001b[0m\nApache Maven 3.6.0 (97c98ec64a1fdfee7767ce5ffb20918da4f719f3; 2018-10-24T18:41:47Z)\n\u001b[34m\u001b[1mgradle version\u001b[0m\nGradle 4.10.2!\n\u001b[34m\u001b[1mlein version\u001b[0m\nLeiningen 2.9.1 on Java 11.0.2 OpenJDK 64-Bit Server VM\n\u001b[34m\u001b[1mPre-installed Node.js versions\u001b[0m\nv10.15.3\nv11.0.0\nv4.9.1\nv6.17.0\nv8.12.0\nv8.15.1\nv8.9\n\u001b[34m\u001b[1mphpenv versions\u001b[0m\n  system\n  5.6\n  5.6.40\n  7.1\n  7.1.27\n  7.2\n* 7.2.15 (set by /home/travis/.phpenv/version)\n  hhvm\n  hhvm-stable\n\u001b[34m\u001b[1mcomposer --version\u001b[0m\nComposer version 1.8.4 2019-02-11 10:52:10\n\u001b[34m\u001b[1mPre-installed Ruby versions\u001b[0m\nruby-2.3.8\nruby-2.4.5\nruby-2.5.3\ntravis_fold:end:system_info\n\u001b[0K\ntravis_fold:start:docker_mtu\n\u001b[0Ktravis_fold:end:docker_mtu\n\u001b[0Ktravis_fold:start:resolvconf\n\u001b[0Ktravis_fold:end:resolvconf\n\u001b[0Ktravis_fold:start:install_chrome\n\u001b[0K$ export CHROME_SOURCE_URL=https://dl.google.com/dl/linux/direct/google-chrome-stable_current_amd64.deb\n\u001b[33;1mInstalling Google Chrome stable\u001b[0m\ntravis_time:start:38a9a96e\n\u001b[0K$ wget --no-verbose -O /tmp/$(basename $CHROME_SOURCE_URL) $CHROME_SOURCE_URL\n2019-08-03 14:24:34 URL:https://dl.google.com/dl/linux/direct/google-chrome-stable_current_amd64.deb [59355402/59355402] -> \"/tmp/google-chrome-stable_current_amd64.deb\" [1]\ntravis_time:end:38a9a96e:start=1564842273563435916,finish=1564842274836614144,duration=1273178228\n\u001b[0K(Reading database ... 124189 files and directories currently installed.)\nPreparing to unpack .../google-chrome-stable_current_amd64.deb ...\nUnpacking google-chrome-stable (76.0.3809.87-1) over (73.0.3683.86-1) ...\nSetting up google-chrome-stable (76.0.3809.87-1) ...\nProcessing triggers for mime-support (3.59ubuntu1) ...\nProcessing triggers for man-db (2.7.5-1) ...\ntravis_fold:end:install_chrome\n\u001b[0K\ntravis_fold:start:git.checkout\n\u001b[0Ktravis_time:start:07fb465c\n\u001b[0K$ git clone --depth=3 --branch=v5-docs-callouts https://github.com/twbs/bootstrap.git twbs/bootstrap\nCloning into 'twbs/bootstrap'...\ntravis_time:end:07fb465c:start=1564842284854659245,finish=1564842286258892443,duration=1404233198\n\u001b[0K$ cd twbs/bootstrap\n$ git checkout -qf 02bc181bdc1085de6f6ec41eefb0ddd1424cdfac\ntravis_fold:end:git.checkout\n\u001b[0K\n\n\u001b[33;1mSetting environment variables from repository settings\u001b[0m\n$ export BROWSER_STACK_USERNAME=[secure]\n$ export BROWSER_STACK_ACCESS_KEY=[secure]\n$ export BUNDLESIZE_GITHUB_TOKEN=[secure]\n\ntravis_fold:start:nvm.install\n\u001b[0Ktravis_time:start:2fbf406a\n\u001b[0K$ nvm install 8\nDownloading and installing node v8.16.0...\nDownloading https://nodejs.org/dist/v8.16.0/node-v8.16.0-linux-x64.tar.xz...\nComputing checksum with sha256sum\nChecksums matched!\nNow using node v8.16.0 (npm v6.4.1)\ntravis_time:end:2fbf406a:start=1564842287418529768,finish=1564842291876545507,duration=4458015739\n\u001b[0Ktravis_fold:end:nvm.install\n\u001b[0K\ntravis_fold:start:cache.1\n\u001b[0KSetting up build cache\n$ export CASHER_DIR=${TRAVIS_HOME}/.casher\ntravis_time:start:1fa5c5c0\n\u001b[0K$ Installing caching utilities\ntravis_time:end:1fa5c5c0:start=1564842293268697415,finish=1564842293538518959,duration=269821544\n\u001b[0Ktravis_time:start:07da6ed7\n\u001b[0Ktravis_time:end:07da6ed7:start=1564842293545631897,finish=1564842293549430729,duration=3798832\n\u001b[0Ktravis_time:start:0a37220a\n\u001b[0Kattempting to download cache archive\u001b[0m\n\u001b[32;1mfetching v5-docs-callouts/cache-linux-xenial-e3b0c44298fc1c149afbf4c8996fb92427ae41e4649b934ca495991b7852b855--node-8.tgz\u001b[0m\n\u001b[32;1mfetching v5-docs-callouts/cache--node-8.tgz\u001b[0m\n\u001b[32;1mfetching master/cache-linux-xenial-e3b0c44298fc1c149afbf4c8996fb92427ae41e4649b934ca495991b7852b855--node-8.tgz\u001b[0m\n\u001b[32;1mfound cache\u001b[0m\ntravis_time:end:0a37220a:start=1564842293553658831,finish=1564842295841345411,duration=2287686580\n\u001b[0Ktravis_fold:end:cache.1\n\u001b[0K\ntravis_fold:start:cache.npm\n\u001b[0K\ntravis_time:start:18d13718\n\u001b[0Ktravis_time:end:18d13718:start=1564842296016614702,finish=1564842296020208040,duration=3593338\n\u001b[0Ktravis_time:start:0572925a\n\u001b[0Kadding /home/travis/.npm to cache\u001b[0m\ntravis_time:end:0572925a:start=1564842296026152796,finish=1564842298590454037,duration=2564301241\n\u001b[0Ktravis_fold:end:cache.npm\n\u001b[0K$ node --version\nv8.16.0\n$ npm --version\n6.4.1\n$ nvm --version\n0.34.0\n\ntravis_fold:start:install.npm\n\u001b[0Ktravis_time:start:08c70216\n\u001b[0K$ npm ci \n\n> fsevents@1.2.9 install /home/travis/build/twbs/bootstrap/node_modules/fsevents\n> node install\n\n\n> core-js@2.6.9 postinstall /home/travis/build/twbs/bootstrap/node_modules/babel-runtime/node_modules/core-js\n> node scripts/postinstall || echo \"ignore\"\n\n\n> nodemon@1.19.1 postinstall /home/travis/build/twbs/bootstrap/node_modules/nodemon\n> node bin/postinstall || exit 0\n\n\u001b[32mLove nodemon? You can now support the project via the open collective:\u001b[22m\u001b[39m\n > \u001b[96m\u001b[1mhttps://opencollective.com/nodemon/donate\u001b[0m\n\n\n> node-sass@4.12.0 install /home/travis/build/twbs/bootstrap/node_modules/node-sass\n> node scripts/install.js\n\nCached binary found at /home/travis/.npm/node-sass/4.12.0/linux-x64-57_binding.node\n\n> node-sass@4.12.0 postinstall /home/travis/build/twbs/bootstrap/node_modules/node-sass\n> node scripts/build.js\n\nBinary found at /home/travis/build/twbs/bootstrap/node_modules/node-sass/vendor/linux-x64-57/binding.node\nTesting binary\nBinary is fine\n\n> core-js@3.1.4 postinstall /home/travis/build/twbs/bootstrap/node_modules/core-js\n> node scripts/postinstall || echo \"ignore\"\n\n\n> hugo-bin@0.44.3 postinstall /home/travis/build/twbs/bootstrap/node_modules/hugo-bin\n> rimraf vendor && node lib/install\n\n\u2714  success   Hugo binary installed successfully!\n\n> iltorb@2.4.3 install /home/travis/build/twbs/bootstrap/node_modules/iltorb\n> node ./scripts/install.js || node-gyp rebuild\n\ninfo looking for cached prebuild @ /home/travis/.npm/_prebuilds/95f620-iltorb-v2.4.3-node-v57-linux-x64.tar.gz\ninfo found cached prebuild \ninfo unpacking @ /home/travis/.npm/_prebuilds/95f620-iltorb-v2.4.3-node-v57-linux-x64.tar.gz\ninfo unpack resolved to /home/travis/build/twbs/bootstrap/node_modules/iltorb/build/bindings/iltorb.node\ninfo unpack required /home/travis/build/twbs/bootstrap/node_modules/iltorb/build/bindings/iltorb.node successfully\ninfo install Successfully installed iltorb binary!\n\n> core-js-pure@3.1.4 postinstall /home/travis/build/twbs/bootstrap/node_modules/core-js-pure\n> node scripts/postinstall || echo \"ignore\"\n\nadded 1313 packages in 11.085s\ntravis_time:end:08c70216:start=1564842299722633580,finish=1564842311143424827,duration=11420791247\n\u001b[0Ktravis_fold:end:install.npm\n\u001b[0K\ntravis_fold:start:before_script\n\u001b[0Ktravis_time:start:011d9048\n\u001b[0K$ google-chrome-stable --product-version\n76.0.3809.87\ntravis_time:end:011d9048:start=1564842311149822244,finish=1564842311595226439,duration=445404195\n\u001b[0Ktravis_fold:end:before_script\n\u001b[0Ktravis_time:start:01b5e77f\n\u001b[0K$ npm test || travis_terminate 1\n\n> bootstrap@4.3.1 test /home/travis/build/twbs/bootstrap\n> npm-run-all lint dist js-test docs-build docs-lint bundlesize\n\n\n> bootstrap@4.3.1 lint /home/travis/build/twbs/bootstrap\n> npm-run-all --parallel js-lint css-lint\n\n\n> bootstrap@4.3.1 js-lint /home/travis/build/twbs/bootstrap\n> npm-run-all --continue-on-error --parallel js-lint-*\n\n\n> bootstrap@4.3.1 css-lint /home/travis/build/twbs/bootstrap\n> npm-run-all --continue-on-error --parallel css-lint-*\n\n\n> bootstrap@4.3.1 css-lint-main /home/travis/build/twbs/bootstrap\n> stylelint \"scss/**/*.scss\" --cache --cache-location .cache/.stylelintcache\n\n\n> bootstrap@4.3.1 css-lint-vars /home/travis/build/twbs/bootstrap\n> fusv scss/ site/static/\n\n\n> bootstrap@4.3.1 js-lint-docs /home/travis/build/twbs/bootstrap\n> eslint --cache --cache-location .cache/.eslintcache site/\n\n\n> bootstrap@4.3.1 js-lint-main /home/travis/build/twbs/bootstrap\n> eslint --cache --cache-location .cache/.eslintcache js/src js/tests build/\n\n\n> bootstrap@4.3.1 css-lint-docs /home/travis/build/twbs/bootstrap\n> stylelint \"site/static/**/assets/scss/*.scss\" \"site/content/**/*.css\" --cache --cache-location .cache/.stylelintcache\n\nLooking for unused variables\n- \n\u2139 Finding unused variables in \"/home/travis/build/twbs/bootstrap/scss\"...\n- \n\u2139 673 total variables.\n- \n- \n\u2139 Finding unused variables in \"/home/travis/build/twbs/bootstrap/site/static\"...\n- \n\u2139 10 total variables.\n- \n\u2716 Variable $bd-warning is not being used!\n- \nnpm ERR! code ELIFECYCLE\nnpm ERR! errno 1\nnpm ERR! bootstrap@4.3.1 css-lint-vars: `fusv scss/ site/static/`\nnpm ERR! Exit status 1\nnpm ERR! \nnpm ERR! Failed at the bootstrap@4.3.1 css-lint-vars script.\nnpm ERR! This is probably not a problem with npm. There is likely additional logging output above.\n\nnpm ERR! A complete log of this run can be found in:\nnpm ERR!     /home/travis/.npm/_logs/2019-08-03T14_25_15_262Z-debug.log\nERROR: \"css-lint-vars\" exited with 1.\nnpm ERR! code ELIFECYCLE\nnpm ERR! errno 1\nnpm ERR! bootstrap@4.3.1 css-lint: `npm-run-all --continue-on-error --parallel css-lint-*`\nnpm ERR! Exit status 1\nnpm ERR! \nnpm ERR! Failed at the bootstrap@4.3.1 css-lint script.\nnpm ERR! This is probably not a problem with npm. There is likely additional logging output above.\n\nnpm ERR! A complete log of this run can be found in:\nnpm ERR!     /home/travis/.npm/_logs/2019-08-03T14_25_25_473Z-debug.log\nERROR: \"css-lint\" exited with 1.\nnpm ERR! code ELIFECYCLE\nnpm ERR! errno 1\nnpm ERR! bootstrap@4.3.1 lint: `npm-run-all --parallel js-lint css-lint`\nnpm ERR! Exit status 1\nnpm ERR! \nnpm ERR! Failed at the bootstrap@4.3.1 lint script.\nnpm ERR! This is probably not a problem with npm. There is likely additional logging output above.\n\nnpm ERR! A complete log of this run can be found in:\nnpm ERR!     /home/travis/.npm/_logs/2019-08-03T14_25_25_549Z-debug.log\nERROR: \"lint\" exited with 1.\nnpm ERR! Test failed.  See above for more details.\n"
}