{
  "log_path": "Erlang/erlang@otp/failed/551677118.log",
  "failure_chunk": "cpu_sup_SUITE:util_api failed on line 121\nReason: {badmatch,false}",
  "keywords": [
    "failed",
    "Reason:",
    "FAILED"
  ],
  "category": "2",
  "full_log": "travis_fold:start:worker_info\n\u001b[0K\u001b[33;1mWorker information\u001b[0m\nhostname: ddf1988f-243d-4649-92dc-dda0a82c80d6@3479.travisworker-openstack-backend-1\nversion: v4.0.0 https://github.com/travis-ci/worker/tree/e5cb567e10c0eefe380e81c9a2229ac8fb6a16ce\ninstance: cfebc1a0-a78b-4383-941e-32dd916e610b travis-ci-sardonyx-xenial-1554880529-f909ac5-dirty (via amqp)\nstartup: 2m11.842554389s\ntravis_fold:end:worker_info\n\u001b[0K**************************************************************************\n# A new feature in cloud-init identified possible datasources for        #\n# this system as:                                                        #\n#   ['Ec2', 'None']                                                      #\n# However, the datasource used was: OpenStack                            #\n#                                                                        #\n# In the future, cloud-init will only attempt to use datasources that    #\n# are identified or specifically configured.                             #\n# For more information see                                               #\n#   https://bugs.launchpad.net/bugs/1669675                              #\n#                                                                        #\n# If you are seeing this message, please file a bug against              #\n# cloud-init at                                                          #\n#    https://bugs.launchpad.net/cloud-init/+filebug?field.tags=dsid      #\n# Make sure to include the cloud provider your instance is               #\n# running on.                                                            #\n#                                                                        #\n# After you have filed a bug, you can disable this warning by launching  #\n# your instance with the cloud-config below, or putting that content     #\n# into /etc/cloud/cloud.cfg.d/99-warnings.cfg                            #\n#                                                                        #\n# #cloud-config                                                          #\n# warnings:                                                              #\n#   dsid_missing_source: off                                             #\n**************************************************************************\n\nDisable the warnings above by:\n  touch /home/travis/.cloud-warnings.skip\nor\n  touch /var/lib/cloud/instance/warnings/.skip\n**************************************************************************\n# A new feature in cloud-init identified possible datasources for        #\n# this system as:                                                        #\n#   ['Ec2', 'None']                                                      #\n# However, the datasource used was: OpenStack                            #\n#                                                                        #\n# In the future, cloud-init will only attempt to use datasources that    #\n# are identified or specifically configured.                             #\n# For more information see                                               #\n#   https://bugs.launchpad.net/bugs/1669675                              #\n#                                                                        #\n# If you are seeing this message, please file a bug against              #\n# cloud-init at                                                          #\n#    https://bugs.launchpad.net/cloud-init/+filebug?field.tags=dsid      #\n# Make sure to include the cloud provider your instance is               #\n# running on.                                                            #\n#                                                                        #\n# After you have filed a bug, you can disable this warning by launching  #\n# your instance with the cloud-config below, or putting that content     #\n# into /etc/cloud/cloud.cfg.d/99-warnings.cfg                            #\n#                                                                        #\n# #cloud-config                                                          #\n# warnings:                                                              #\n#   dsid_missing_source: off                                             #\n**************************************************************************\n\nDisable the warnings above by:\n  touch /home/travis/.cloud-warnings.skip\nor\n  touch /var/lib/cloud/instance/warnings/.skip\ntravis_fold:start:system_info\n\u001b[0K\u001b[33;1mBuild system information\u001b[0m\nBuild language: c\nBuild group: stable\nBuild dist: trusty\nBuild id: 551677118\nJob id: 551677122\nRuntime kernel version: 4.4.0-145-generic\ntravis-build version: a8ad8bf9b\n\u001b[34m\u001b[1mBuild image provisioning date and time\u001b[0m\nWed Apr 10 07:50:46 UTC 2019\n\u001b[34m\u001b[1mOperating System Details\u001b[0m\nDistributor ID:\tUbuntu\nDescription:\tUbuntu 16.04.6 LTS\nRelease:\t16.04\nCodename:\txenial\n\u001b[34m\u001b[1mSystemd Version\u001b[0m\nsystemd 229\n\u001b[34m\u001b[1mCookbooks Version\u001b[0m\ne0b11df https://github.com/travis-ci/travis-cookbooks/tree/e0b11df\n\u001b[34m\u001b[1mgit version\u001b[0m\ngit version 2.21.0\n\u001b[34m\u001b[1mbash version\u001b[0m\nGNU bash, version 4.3.48(1)-release (powerpc64le-unknown-linux-gnu)\n\u001b[34m\u001b[1mgcc version\u001b[0m\ngcc (Ubuntu/IBM 5.4.0-6ubuntu1~16.04.11) 5.4.0 20160609\n\u001b[34m\u001b[1mdocker version\u001b[0m\nClient:\n Version:           18.06.0-ce\n API version:       1.38\n Go version:        go1.10.3\n Git commit:        0ffa825\n Built:             Wed Jul 18 19:10:06 2018\n OS/Arch:           linux/ppc64le\n Experimental:      false\n\nServer:\n Engine:\n  Version:          18.06.0-ce\n  API version:      1.38 (minimum version 1.12)\n  Go version:       go1.10.3\n  Git commit:       0ffa825\n  Built:            Wed Jul 18 19:08:17 2018\n  OS/Arch:          linux/ppc64le\n  Experimental:     false\n\u001b[34m\u001b[1mclang version\u001b[0m\nclang version 3.8.0-2ubuntu4 (tags/RELEASE_380/final)\n\u001b[34m\u001b[1mjq version\u001b[0m\njq-1.5-1-a5b5cbe\n\u001b[34m\u001b[1mbats version\u001b[0m\nBats 0.4.0\n\u001b[34m\u001b[1mshellcheck version\u001b[0m\n0.3.7\n\u001b[34m\u001b[1mccache version\u001b[0m\n3.2.4\n\u001b[34m\u001b[1mcmake version\u001b[0m\ncmake version 3.5.1\n\u001b[34m\u001b[1mimagemagick version\u001b[0m\nVersion: ImageMagick 6.8.9-9 Q16 powerpc64le 2018-09-28 http://www.imagemagick.org\n\u001b[34m\u001b[1mmd5deep version\u001b[0m\n4.4\n\u001b[34m\u001b[1mmercurial version\u001b[0m\nversion 4.8\n\u001b[34m\u001b[1mmysql version\u001b[0m\nmysql  Ver 14.14 Distrib 5.7.25, for Linux (ppc64le) using  EditLine wrapper\n\u001b[34m\u001b[1mopenssl version\u001b[0m\nOpenSSL 1.0.2g  1 Mar 2016\n\u001b[34m\u001b[1mpacker version\u001b[0m\n1.3.3\n\u001b[34m\u001b[1mpostgresql client version\u001b[0m\npsql (PostgreSQL) 10.7 (Ubuntu 10.7-1.pgdg16.04+1)\n\u001b[34m\u001b[1mragel version\u001b[0m\nRagel State Machine Compiler version 6.8 Feb 2013\n\u001b[34m\u001b[1msudo version\u001b[0m\n1.8.16\n\u001b[34m\u001b[1mgzip version\u001b[0m\ngzip 1.6\n\u001b[34m\u001b[1mzip version\u001b[0m\nZip 3.0\n\u001b[34m\u001b[1mvim version\u001b[0m\nVIM - Vi IMproved 7.4 (2013 Aug 10, compiled Nov 24 2016 16:44:48)\n\u001b[34m\u001b[1miptables version\u001b[0m\niptables v1.6.0\n\u001b[34m\u001b[1mcurl version\u001b[0m\ncurl 7.47.0 (powerpc64le-unknown-linux-gnu) libcurl/7.47.0 GnuTLS/3.4.10 zlib/1.2.8 libidn/1.32 librtmp/2.3\n\u001b[34m\u001b[1mwget version\u001b[0m\nGNU Wget 1.17.1 built on linux-gnu.\n\u001b[34m\u001b[1mrsync version\u001b[0m\nrsync  version 3.1.1  protocol version 31\n\u001b[34m\u001b[1mgimme version\u001b[0m\nv1.5.3\n\u001b[34m\u001b[1mnvm version\u001b[0m\n0.34.0\n\u001b[34m\u001b[1mperlbrew version\u001b[0m\n/home/travis/perl5/perlbrew/bin/perlbrew  - App::perlbrew/0.86\n\u001b[34m\u001b[1mphpenv version\u001b[0m\nrbenv 1.1.2-2-g4e92322\n\u001b[34m\u001b[1mrvm version\u001b[0m\nrvm 1.29.7 (latest) by Michal Papis, Piotr Kuczynski, Wayne E. Seguin [https://rvm.io]\n\u001b[34m\u001b[1mdefault ruby version\u001b[0m\nruby 2.5.3p105 (2018-10-18 revision 65156) [powerpc64le-linux]\n\u001b[34m\u001b[1mCouchDB version\u001b[0m\ncouchdb 1.6.0\n\u001b[34m\u001b[1mElasticSearch version\u001b[0m\n5.5.0\n\u001b[34m\u001b[1mPhantomJS version\u001b[0m\n2.1.1\n\u001b[34m\u001b[1mPre-installed PostgreSQL versions\u001b[0m\n9.4.21\n9.5.16\n9.6.12\n\u001b[34m\u001b[1mRedis version\u001b[0m\nredis-server 3.0.6\n\u001b[34m\u001b[1mPre-installed Go versions\u001b[0m\n1.11.1\n\u001b[34m\u001b[1mmvn version\u001b[0m\n\u001b[1mApache Maven 3.6.0 (97c98ec64a1fdfee7767ce5ffb20918da4f719f3; 2018-10-24T18:41:47Z)\u001b[m\n\u001b[34m\u001b[1mgradle version\u001b[0m\nGradle 4.10.2!\n\u001b[34m\u001b[1mlein version\u001b[0m\nLeiningen 2.9.1 on Java 1.8.0_191 OpenJDK 64-Bit Server VM\n\u001b[34m\u001b[1mPre-installed Node.js versions\u001b[0m\nv10.15.3\nv11.0.0\nv4.9.1\nv6.17.1\nv8.12.0\nv8.15.1\nv8.9\n\u001b[34m\u001b[1mphpenv versions\u001b[0m\n* system (set by /home/travis/.phpenv/version)\n  hhvm\n  hhvm-stable\n\u001b[34m\u001b[1mPre-installed Ruby versions\u001b[0m\nruby-2.3.8\nruby-2.4.5\nruby-2.5.3\ntravis_fold:end:system_info\n\u001b[0K\ntravis_fold:start:apt\n\u001b[0K\u001b[33;1mInstalling APT Packages\u001b[0m\ntravis_time:start:03b1f17d\n\u001b[0K$ travis_apt_get_update\ntravis_time:end:03b1f17d:start=1561710784704336043,finish=1561710791811283360,duration=7106947317\n\u001b[0Ktravis_time:start:278c46d8\n\u001b[0K$ sudo -E apt-get -yq --no-install-suggests --no-install-recommends $(travis_apt_get_options) install autoconf libncurses-dev build-essential libssl-dev libwxgtk3.0-dev libgl1-mesa-dev libglu1-mesa-dev libpng3 default-jdk g++ xsltproc libxml2-utils\nReading package lists...\nBuilding dependency tree...\nReading state information...\nautoconf is already the newest version (2.69-9).\nbuild-essential is already the newest version (12.1ubuntu2).\ng++ is already the newest version (4:5.3.1-1ubuntu1).\ng++ set to manually installed.\nlibncurses5-dev is already the newest version (6.0+20160213-1ubuntu1).\nlibssl-dev is already the newest version (1.0.2g-1ubuntu4.15).\nlibssl-dev set to manually installed.\nThe following additional packages will be installed:\n  default-jdk-headless default-jre default-jre-headless libdrm-dev\n  libglu1-mesa libwxbase3.0-0v5 libwxbase3.0-dev libwxgtk3.0-0v5\n  libx11-xcb-dev libxcb-dri2-0-dev libxcb-dri3-dev libxcb-glx0-dev\n  libxcb-present-dev libxcb-randr0 libxcb-randr0-dev libxcb-shape0-dev\n  libxcb-sync-dev libxcb-xfixes0-dev libxdamage-dev libxfixes-dev\n  libxshmfence-dev libxxf86vm-dev mesa-common-dev wx-common wx3.0-headers\n  x11proto-damage-dev x11proto-dri2-dev x11proto-fixes-dev x11proto-gl-dev\n  x11proto-xf86vidmode-dev\nSuggested packages:\n  default-java-plugin wx3.0-doc\nThe following NEW packages will be installed:\n  default-jdk default-jdk-headless default-jre default-jre-headless libdrm-dev\n  libgl1-mesa-dev libglu1-mesa libglu1-mesa-dev libpng3 libwxbase3.0-0v5\n  libwxbase3.0-dev libwxgtk3.0-0v5 libwxgtk3.0-dev libx11-xcb-dev\n  libxcb-dri2-0-dev libxcb-dri3-dev libxcb-glx0-dev libxcb-present-dev\n  libxcb-randr0 libxcb-randr0-dev libxcb-shape0-dev libxcb-sync-dev\n  libxcb-xfixes0-dev libxdamage-dev libxfixes-dev libxml2-utils\n  libxshmfence-dev libxxf86vm-dev mesa-common-dev wx-common wx3.0-headers\n  x11proto-damage-dev x11proto-dri2-dev x11proto-fixes-dev x11proto-gl-dev\n  x11proto-xf86vidmode-dev xsltproc\n0 upgraded, 37 newly installed, 0 to remove and 168 not upgraded.\nNeed to get 7,824 kB of archives.\nAfter this operation, 42.4 MB of additional disk space will be used.\nGet:1 http://ports.ubuntu.com/ubuntu-ports xenial/main ppc64el default-jre-headless ppc64el 2:1.8-56ubuntu2 [4,376 B]\nGet:2 http://ports.ubuntu.com/ubuntu-ports xenial/main ppc64el default-jre ppc64el 2:1.8-56ubuntu2 [976 B]\nGet:3 http://ports.ubuntu.com/ubuntu-ports xenial/main ppc64el default-jdk-headless ppc64el 2:1.8-56ubuntu2 [980 B]\nGet:4 http://ports.ubuntu.com/ubuntu-ports xenial/main ppc64el default-jdk ppc64el 2:1.8-56ubuntu2 [964 B]\nGet:5 http://ports.ubuntu.com/ubuntu-ports xenial-updates/main ppc64el libdrm-dev ppc64el 2.4.91-2~16.04.1 [182 kB]\nGet:6 http://ports.ubuntu.com/ubuntu-ports xenial/main ppc64el libglu1-mesa ppc64el 9.0.0-2.1 [224 kB]\nGet:7 http://ports.ubuntu.com/ubuntu-ports xenial-updates/main ppc64el mesa-common-dev ppc64el 18.0.5-0ubuntu0~16.04.1 [542 kB]\nGet:8 http://ports.ubuntu.com/ubuntu-ports xenial-updates/main ppc64el libx11-xcb-dev ppc64el 2:1.6.3-1ubuntu2.1 [9,628 B]\nGet:9 http://ports.ubuntu.com/ubuntu-ports xenial/main ppc64el libxcb-dri3-dev ppc64el 1.11.1-1ubuntu1 [5,694 B]\nGet:10 http://ports.ubuntu.com/ubuntu-ports xenial/main ppc64el libxcb-randr0 ppc64el 1.11.1-1ubuntu1 [13.1 kB]\nGet:11 http://ports.ubuntu.com/ubuntu-ports xenial/main ppc64el libxcb-randr0-dev ppc64el 1.11.1-1ubuntu1 [17.7 kB]\nGet:12 http://ports.ubuntu.com/ubuntu-ports xenial/main ppc64el libxcb-shape0-dev ppc64el 1.11.1-1ubuntu1 [6,796 B]\nGet:13 http://ports.ubuntu.com/ubuntu-ports xenial/main ppc64el libxcb-xfixes0-dev ppc64el 1.11.1-1ubuntu1 [11.0 kB]\nGet:14 http://ports.ubuntu.com/ubuntu-ports xenial/main ppc64el libxcb-sync-dev ppc64el 1.11.1-1ubuntu1 [10.1 kB]\nGet:15 http://ports.ubuntu.com/ubuntu-ports xenial/main ppc64el libxcb-present-dev ppc64el 1.11.1-1ubuntu1 [6,540 B]\nGet:16 http://ports.ubuntu.com/ubuntu-ports xenial/main ppc64el libxshmfence-dev ppc64el 1.2-1 [3,706 B]\nGet:17 http://ports.ubuntu.com/ubuntu-ports xenial/main ppc64el libxcb-dri2-0-dev ppc64el 1.11.1-1ubuntu1 [8,378 B]\nGet:18 http://ports.ubuntu.com/ubuntu-ports xenial/main ppc64el libxcb-glx0-dev ppc64el 1.11.1-1ubuntu1 [26.1 kB]\nGet:19 http://ports.ubuntu.com/ubuntu-ports xenial/main ppc64el x11proto-fixes-dev all 1:5.0-2ubuntu2 [14.2 kB]\nGet:20 http://ports.ubuntu.com/ubuntu-ports xenial/main ppc64el libxfixes-dev ppc64el 1:5.0.1-2 [11.4 kB]\nGet:21 http://ports.ubuntu.com/ubuntu-ports xenial/main ppc64el x11proto-damage-dev all 1:1.2.1-2 [8,286 B]\nGet:22 http://ports.ubuntu.com/ubuntu-ports xenial/main ppc64el libxdamage-dev ppc64el 1:1.1.4-2 [5,116 B]\nGet:23 http://ports.ubuntu.com/ubuntu-ports xenial/main ppc64el x11proto-xf86vidmode-dev all 2.3.1-2 [6,116 B]\nGet:24 http://ports.ubuntu.com/ubuntu-ports xenial/main ppc64el libxxf86vm-dev ppc64el 1:1.1.4-1 [14.0 kB]\nGet:25 http://ports.ubuntu.com/ubuntu-ports xenial/main ppc64el x11proto-dri2-dev all 2.8-2 [12.6 kB]\nGet:26 http://ports.ubuntu.com/ubuntu-ports xenial/main ppc64el x11proto-gl-dev all 1.4.17-1 [17.9 kB]\nGet:27 http://ports.ubuntu.com/ubuntu-ports xenial-updates/main ppc64el libgl1-mesa-dev ppc64el 18.0.5-0ubuntu0~16.04.1 [4,444 B]\nGet:28 http://ports.ubuntu.com/ubuntu-ports xenial/main ppc64el libglu1-mesa-dev ppc64el 9.0.0-2.1 [268 kB]\nGet:29 http://ports.ubuntu.com/ubuntu-ports xenial-updates/universe ppc64el libpng3 ppc64el 1.2.54-1ubuntu1.1 [1,026 B]\nGet:30 http://ports.ubuntu.com/ubuntu-ports xenial-updates/universe ppc64el libwxbase3.0-0v5 ppc64el 3.0.2+dfsg-1.3ubuntu0.1 [935 kB]\nGet:31 http://ports.ubuntu.com/ubuntu-ports xenial-updates/universe ppc64el wx3.0-headers ppc64el 3.0.2+dfsg-1.3ubuntu0.1 [1,024 kB]\nGet:32 http://ports.ubuntu.com/ubuntu-ports xenial-updates/universe ppc64el libwxbase3.0-dev ppc64el 3.0.2+dfsg-1.3ubuntu0.1 [29.2 kB]\nGet:33 http://ports.ubuntu.com/ubuntu-ports xenial-updates/universe ppc64el libwxgtk3.0-0v5 ppc64el 3.0.2+dfsg-1.3ubuntu0.1 [4,255 kB]\nGet:34 http://ports.ubuntu.com/ubuntu-ports xenial-updates/universe ppc64el wx-common ppc64el 3.0.2+dfsg-1.3ubuntu0.1 [66.0 kB]\nGet:35 http://ports.ubuntu.com/ubuntu-ports xenial-updates/universe ppc64el libwxgtk3.0-dev ppc64el 3.0.2+dfsg-1.3ubuntu0.1 [29.4 kB]\nGet:36 http://ports.ubuntu.com/ubuntu-ports xenial-updates/main ppc64el libxml2-utils ppc64el 2.9.3+dfsg1-1ubuntu0.6 [34.3 kB]\nGet:37 http://ports.ubuntu.com/ubuntu-ports xenial-updates/main ppc64el xsltproc ppc64el 1.1.28-2.1ubuntu0.2 [13.9 kB]\n\nExtracting templates from packages: 81%\nExtracting templates from packages: 100%\nFetched 7,824 kB in 2s (3,384 kB/s)\nSelecting previously unselected package default-jre-headless.\n(Reading database ... \n(Reading database ... 5%\n(Reading database ... 10%\n(Reading database ... 15%\n(Reading database ... 20%\n(Reading database ... 25%\n(Reading database ... 30%\n(Reading database ... 35%\n(Reading database ... 40%\n(Reading database ... 45%\n(Reading database ... 50%\n(Reading database ... 55%\n(Reading database ... 60%\n(Reading database ... 65%\n(Reading database ... 70%\n(Reading database ... 75%\n(Reading database ... 80%\n(Reading database ... 85%\n(Reading database ... 90%\n(Reading database ... 95%\n(Reading database ... 100%\n(Reading database ... 81402 files and directories currently installed.)\nPreparing to unpack .../default-jre-headless_2%3a1.8-56ubuntu2_ppc64el.deb ...\nUnpacking default-jre-headless (2:1.8-56ubuntu2) ...\nSelecting previously unselected package default-jre.\nPreparing to unpack .../default-jre_2%3a1.8-56ubuntu2_ppc64el.deb ...\nUnpacking default-jre (2:1.8-56ubuntu2) ...\nSelecting previously unselected package default-jdk-headless.\nPreparing to unpack .../default-jdk-headless_2%3a1.8-56ubuntu2_ppc64el.deb ...\nUnpacking default-jdk-headless (2:1.8-56ubuntu2) ...\nSelecting previously unselected package default-jdk.\nPreparing to unpack .../default-jdk_2%3a1.8-56ubuntu2_ppc64el.deb ...\nUnpacking default-jdk (2:1.8-56ubuntu2) ...\nSelecting previously unselected package libdrm-dev:ppc64el.\nPreparing to unpack .../libdrm-dev_2.4.91-2~16.04.1_ppc64el.deb ...\nUnpacking libdrm-dev:ppc64el (2.4.91-2~16.04.1) ...\nSelecting previously unselected package libglu1-mesa:ppc64el.\nPreparing to unpack .../libglu1-mesa_9.0.0-2.1_ppc64el.deb ...\nUnpacking libglu1-mesa:ppc64el (9.0.0-2.1) ...\nSelecting previously unselected package mesa-common-dev:ppc64el.\nPreparing to unpack .../mesa-common-dev_18.0.5-0ubuntu0~16.04.1_ppc64el.deb ...\nUnpacking mesa-common-dev:ppc64el (18.0.5-0ubuntu0~16.04.1) ...\nSelecting previously unselected package libx11-xcb-dev:ppc64el.\nPreparing to unpack .../libx11-xcb-dev_2%3a1.6.3-1ubuntu2.1_ppc64el.deb ...\nUnpacking libx11-xcb-dev:ppc64el (2:1.6.3-1ubuntu2.1) ...\nSelecting previously unselected package libxcb-dri3-dev:ppc64el.\nPreparing to unpack .../libxcb-dri3-dev_1.11.1-1ubuntu1_ppc64el.deb ...\nUnpacking libxcb-dri3-dev:ppc64el (1.11.1-1ubuntu1) ...\nSelecting previously unselected package libxcb-randr0:ppc64el.\nPreparing to unpack .../libxcb-randr0_1.11.1-1ubuntu1_ppc64el.deb ...\nUnpacking libxcb-randr0:ppc64el (1.11.1-1ubuntu1) ...\nSelecting previously unselected package libxcb-randr0-dev:ppc64el.\nPreparing to unpack .../libxcb-randr0-dev_1.11.1-1ubuntu1_ppc64el.deb ...\nUnpacking libxcb-randr0-dev:ppc64el (1.11.1-1ubuntu1) ...\nSelecting previously unselected package libxcb-shape0-dev:ppc64el.\nPreparing to unpack .../libxcb-shape0-dev_1.11.1-1ubuntu1_ppc64el.deb ...\nUnpacking libxcb-shape0-dev:ppc64el (1.11.1-1ubuntu1) ...\nSelecting previously unselected package libxcb-xfixes0-dev:ppc64el.\nPreparing to unpack .../libxcb-xfixes0-dev_1.11.1-1ubuntu1_ppc64el.deb ...\nUnpacking libxcb-xfixes0-dev:ppc64el (1.11.1-1ubuntu1) ...\nSelecting previously unselected package libxcb-sync-dev:ppc64el.\nPreparing to unpack .../libxcb-sync-dev_1.11.1-1ubuntu1_ppc64el.deb ...\nUnpacking libxcb-sync-dev:ppc64el (1.11.1-1ubuntu1) ...\nSelecting previously unselected package libxcb-present-dev:ppc64el.\nPreparing to unpack .../libxcb-present-dev_1.11.1-1ubuntu1_ppc64el.deb ...\nUnpacking libxcb-present-dev:ppc64el (1.11.1-1ubuntu1) ...\nSelecting previously unselected package libxshmfence-dev:ppc64el.\nPreparing to unpack .../libxshmfence-dev_1.2-1_ppc64el.deb ...\nUnpacking libxshmfence-dev:ppc64el (1.2-1) ...\nSelecting previously unselected package libxcb-dri2-0-dev:ppc64el.\nPreparing to unpack .../libxcb-dri2-0-dev_1.11.1-1ubuntu1_ppc64el.deb ...\nUnpacking libxcb-dri2-0-dev:ppc64el (1.11.1-1ubuntu1) ...\nSelecting previously unselected package libxcb-glx0-dev:ppc64el.\nPreparing to unpack .../libxcb-glx0-dev_1.11.1-1ubuntu1_ppc64el.deb ...\nUnpacking libxcb-glx0-dev:ppc64el (1.11.1-1ubuntu1) ...\nSelecting previously unselected package x11proto-fixes-dev.\nPreparing to unpack .../x11proto-fixes-dev_1%3a5.0-2ubuntu2_all.deb ...\nUnpacking x11proto-fixes-dev (1:5.0-2ubuntu2) ...\nSelecting previously unselected package libxfixes-dev:ppc64el.\nPreparing to unpack .../libxfixes-dev_1%3a5.0.1-2_ppc64el.deb ...\nUnpacking libxfixes-dev:ppc64el (1:5.0.1-2) ...\nSelecting previously unselected package x11proto-damage-dev.\nPreparing to unpack .../x11proto-damage-dev_1%3a1.2.1-2_all.deb ...\nUnpacking x11proto-damage-dev (1:1.2.1-2) ...\nSelecting previously unselected package libxdamage-dev:ppc64el.\nPreparing to unpack .../libxdamage-dev_1%3a1.1.4-2_ppc64el.deb ...\nUnpacking libxdamage-dev:ppc64el (1:1.1.4-2) ...\nSelecting previously unselected package x11proto-xf86vidmode-dev.\nPreparing to unpack .../x11proto-xf86vidmode-dev_2.3.1-2_all.deb ...\nUnpacking x11proto-xf86vidmode-dev (2.3.1-2) ...\nSelecting previously unselected package libxxf86vm-dev:ppc64el.\nPreparing to unpack .../libxxf86vm-dev_1%3a1.1.4-1_ppc64el.deb ...\nUnpacking libxxf86vm-dev:ppc64el (1:1.1.4-1) ...\nSelecting previously unselected package x11proto-dri2-dev.\nPreparing to unpack .../x11proto-dri2-dev_2.8-2_all.deb ...\nUnpacking x11proto-dri2-dev (2.8-2) ...\nSelecting previously unselected package x11proto-gl-dev.\nPreparing to unpack .../x11proto-gl-dev_1.4.17-1_all.deb ...\nUnpacking x11proto-gl-dev (1.4.17-1) ...\nSelecting previously unselected package libgl1-mesa-dev:ppc64el.\nPreparing to unpack .../libgl1-mesa-dev_18.0.5-0ubuntu0~16.04.1_ppc64el.deb ...\nUnpacking libgl1-mesa-dev:ppc64el (18.0.5-0ubuntu0~16.04.1) ...\nSelecting previously unselected package libglu1-mesa-dev:ppc64el.\nPreparing to unpack .../libglu1-mesa-dev_9.0.0-2.1_ppc64el.deb ...\nUnpacking libglu1-mesa-dev:ppc64el (9.0.0-2.1) ...\nSelecting previously unselected package libpng3:ppc64el.\nPreparing to unpack .../libpng3_1.2.54-1ubuntu1.1_ppc64el.deb ...\nUnpacking libpng3:ppc64el (1.2.54-1ubuntu1.1) ...\nSelecting previously unselected package libwxbase3.0-0v5:ppc64el.\nPreparing to unpack .../libwxbase3.0-0v5_3.0.2+dfsg-1.3ubuntu0.1_ppc64el.deb ...\nUnpacking libwxbase3.0-0v5:ppc64el (3.0.2+dfsg-1.3ubuntu0.1) ...\nSelecting previously unselected package wx3.0-headers.\nPreparing to unpack .../wx3.0-headers_3.0.2+dfsg-1.3ubuntu0.1_ppc64el.deb ...\nUnpacking wx3.0-headers (3.0.2+dfsg-1.3ubuntu0.1) ...\nSelecting previously unselected package libwxbase3.0-dev.\nPreparing to unpack .../libwxbase3.0-dev_3.0.2+dfsg-1.3ubuntu0.1_ppc64el.deb ...\nUnpacking libwxbase3.0-dev (3.0.2+dfsg-1.3ubuntu0.1) ...\nSelecting previously unselected package libwxgtk3.0-0v5:ppc64el.\nPreparing to unpack .../libwxgtk3.0-0v5_3.0.2+dfsg-1.3ubuntu0.1_ppc64el.deb ...\nUnpacking libwxgtk3.0-0v5:ppc64el (3.0.2+dfsg-1.3ubuntu0.1) ...\nSelecting previously unselected package wx-common.\nPreparing to unpack .../wx-common_3.0.2+dfsg-1.3ubuntu0.1_ppc64el.deb ...\nUnpacking wx-common (3.0.2+dfsg-1.3ubuntu0.1) ...\nSelecting previously unselected package libwxgtk3.0-dev.\nPreparing to unpack .../libwxgtk3.0-dev_3.0.2+dfsg-1.3ubuntu0.1_ppc64el.deb ...\nUnpacking libwxgtk3.0-dev (3.0.2+dfsg-1.3ubuntu0.1) ...\nSelecting previously unselected package libxml2-utils.\nPreparing to unpack .../libxml2-utils_2.9.3+dfsg1-1ubuntu0.6_ppc64el.deb ...\nUnpacking libxml2-utils (2.9.3+dfsg1-1ubuntu0.6) ...\nSelecting previously unselected package xsltproc.\nPreparing to unpack .../xsltproc_1.1.28-2.1ubuntu0.2_ppc64el.deb ...\nUnpacking xsltproc (1.1.28-2.1ubuntu0.2) ...\nProcessing triggers for man-db (2.7.5-1) ...\nProcessing triggers for libc-bin (2.23-0ubuntu11) ...\nSetting up default-jre-headless (2:1.8-56ubuntu2) ...\nSetting up default-jre (2:1.8-56ubuntu2) ...\nSetting up default-jdk-headless (2:1.8-56ubuntu2) ...\nSetting up default-jdk (2:1.8-56ubuntu2) ...\nSetting up libdrm-dev:ppc64el (2.4.91-2~16.04.1) ...\nSetting up libglu1-mesa:ppc64el (9.0.0-2.1) ...\nSetting up mesa-common-dev:ppc64el (18.0.5-0ubuntu0~16.04.1) ...\nSetting up libx11-xcb-dev:ppc64el (2:1.6.3-1ubuntu2.1) ...\nSetting up libxcb-dri3-dev:ppc64el (1.11.1-1ubuntu1) ...\nSetting up libxcb-randr0:ppc64el (1.11.1-1ubuntu1) ...\nSetting up libxcb-randr0-dev:ppc64el (1.11.1-1ubuntu1) ...\nSetting up libxcb-shape0-dev:ppc64el (1.11.1-1ubuntu1) ...\nSetting up libxcb-xfixes0-dev:ppc64el (1.11.1-1ubuntu1) ...\nSetting up libxcb-sync-dev:ppc64el (1.11.1-1ubuntu1) ...\nSetting up libxcb-present-dev:ppc64el (1.11.1-1ubuntu1) ...\nSetting up libxshmfence-dev:ppc64el (1.2-1) ...\nSetting up libxcb-dri2-0-dev:ppc64el (1.11.1-1ubuntu1) ...\nSetting up libxcb-glx0-dev:ppc64el (1.11.1-1ubuntu1) ...\nSetting up x11proto-fixes-dev (1:5.0-2ubuntu2) ...\nSetting up libxfixes-dev:ppc64el (1:5.0.1-2) ...\nSetting up x11proto-damage-dev (1:1.2.1-2) ...\nSetting up libxdamage-dev:ppc64el (1:1.1.4-2) ...\nSetting up x11proto-xf86vidmode-dev (2.3.1-2) ...\nSetting up libxxf86vm-dev:ppc64el (1:1.1.4-1) ...\nSetting up x11proto-dri2-dev (2.8-2) ...\nSetting up x11proto-gl-dev (1.4.17-1) ...\nSetting up libgl1-mesa-dev:ppc64el (18.0.5-0ubuntu0~16.04.1) ...\nSetting up libglu1-mesa-dev:ppc64el (9.0.0-2.1) ...\nSetting up libpng3:ppc64el (1.2.54-1ubuntu1.1) ...\nSetting up libwxbase3.0-0v5:ppc64el (3.0.2+dfsg-1.3ubuntu0.1) ...\nSetting up wx3.0-headers (3.0.2+dfsg-1.3ubuntu0.1) ...\nSetting up libwxbase3.0-dev (3.0.2+dfsg-1.3ubuntu0.1) ...\nupdate-alternatives: using /usr/lib/powerpc64le-linux-gnu/wx/config/base-unicode-3.0 to provide /usr/bin/wx-config (wx-config) in auto mode\nSetting up libwxgtk3.0-0v5:ppc64el (3.0.2+dfsg-1.3ubuntu0.1) ...\nSetting up wx-common (3.0.2+dfsg-1.3ubuntu0.1) ...\nSetting up libwxgtk3.0-dev (3.0.2+dfsg-1.3ubuntu0.1) ...\nupdate-alternatives: using /usr/lib/powerpc64le-linux-gnu/wx/config/gtk2-unicode-3.0 to provide /usr/bin/wx-config (wx-config) in auto mode\nSetting up libxml2-utils (2.9.3+dfsg1-1ubuntu0.6) ...\nSetting up xsltproc (1.1.28-2.1ubuntu0.2) ...\nProcessing triggers for libc-bin (2.23-0ubuntu11) ...\ntravis_time:end:278c46d8:start=1561710791816362624,finish=1561710814632956615,duration=22816593991\n\u001b[0Ktravis_fold:end:apt\n\u001b[0K\ntravis_fold:start:git.checkout\n\u001b[0Ktravis_time:start:07aae766\n\u001b[0K$ git clone --depth=50 --branch=maint https://github.com/erlang/otp.git erlang/otp\nCloning into 'erlang/otp'...\nChecking out files:  68% (7373/10741)   \nChecking out files:  69% (7412/10741)   \nChecking out files:  70% (7519/10741)   \nChecking out files:  71% (7627/10741)   \nChecking out files:  72% (7734/10741)   \nChecking out files:  73% (7841/10741)   \nChecking out files:  74% (7949/10741)   \nChecking out files:  75% (8056/10741)   \nChecking out files:  76% (8164/10741)   \nChecking out files:  77% (8271/10741)   \nChecking out files:  78% (8378/10741)   \nChecking out files:  79% (8486/10741)   \nChecking out files:  80% (8593/10741)   \nChecking out files:  81% (8701/10741)   \nChecking out files:  82% (8808/10741)   \nChecking out files:  83% (8916/10741)   \nChecking out files:  84% (9023/10741)   \nChecking out files:  85% (9130/10741)   \nChecking out files:  86% (9238/10741)   \nChecking out files:  87% (9345/10741)   \nChecking out files:  88% (9453/10741)   \nChecking out files:  89% (9560/10741)   \nChecking out files:  90% (9667/10741)   \nChecking out files:  91% (9775/10741)   \nChecking out files:  92% (9882/10741)   \nChecking out files:  93% (9990/10741)   \nChecking out files:  94% (10097/10741)   \nChecking out files:  95% (10204/10741)   \nChecking out files:  96% (10312/10741)   \nChecking out files:  97% (10419/10741)   \nChecking out files:  98% (10527/10741)   \nChecking out files:  99% (10634/10741)   \nChecking out files: 100% (10741/10741)   \nChecking out files: 100% (10741/10741), done.\ntravis_time:end:07aae766:start=1561710814638651310,finish=1561710847979304493,duration=33340653183\n\u001b[0K$ cd erlang/otp\n$ git checkout -qf 42ab20bfe6cfaf7e08b97ba0fbfffa86da6dc821\ntravis_fold:end:git.checkout\n\u001b[0K\n\n\u001b[33;1mSetting environment variables from repository settings\u001b[0m\n$ export ERLANG_CD_GITHUB_TOKEN=[secure]\n\n$ export TRAVIS_COMPILER=gcc\n$ export CC=${CC:-gcc}\n$ export CC_FOR_BUILD=${CC_FOR_BUILD:-gcc}\n$ gcc --version\ngcc (Ubuntu/IBM 5.4.0-6ubuntu1~16.04.11) 5.4.0 20160609\nCopyright (C) 2015 Free Software Foundation, Inc.\nThis is free software; see the source for copying conditions.  There is NO\nwarranty; not even for MERCHANTABILITY or FITNESS FOR A PARTICULAR PURPOSE.\n\ntravis_fold:start:before_script.1\n\u001b[0Ktravis_time:start:02925a9e\n\u001b[0K$ set -e\ntravis_time:end:02925a9e:start=1561710849887380945,finish=1561710849891129235,duration=3748290\n\u001b[0Ktravis_fold:end:before_script.1\n\u001b[0Ktravis_fold:start:before_script.2\n\u001b[0Ktravis_time:start:06db3c1e\n\u001b[0K$ export ERL_TOP=$PWD\ntravis_time:end:06db3c1e:start=1561710849897385143,finish=1561710849900856904,duration=3471761\n\u001b[0Ktravis_fold:end:before_script.2\n\u001b[0Ktravis_fold:start:before_script.3\n\u001b[0Ktravis_time:start:006b8c7c\n\u001b[0K$ export PATH=$ERL_TOP/bin:$PATH\ntravis_time:end:006b8c7c:start=1561710849907299709,finish=1561710849913404446,duration=6104737\n\u001b[0Ktravis_fold:end:before_script.3\n\u001b[0Ktravis_fold:start:before_script.4\n\u001b[0Ktravis_time:start:1c8224ae\n\u001b[0K$ export ERL_LIBS=''\ntravis_time:end:1c8224ae:start=1561710849919982582,finish=1561710849923405051,duration=3422469\n\u001b[0Ktravis_fold:end:before_script.4\n\u001b[0Ktravis_fold:start:before_script.5\n\u001b[0Ktravis_time:start:10ed3b2c\n\u001b[0K$ export MAKEFLAGS=-j4\ntravis_time:end:10ed3b2c:start=1561710849931697846,finish=1561710849935376079,duration=3678233\n\u001b[0Ktravis_fold:end:before_script.5\n\u001b[0Ktravis_time:start:00778f12\n\u001b[0K$ ./scripts/build-otp\nAutoconfing... done, took 6 seconds\nConfiguring..... done, took 27 seconds\nBuilding OTP................................................................ done, took 619 seconds\ntravis_time:end:00778f12:start=1561710849940961602,finish=1561711501048036405,duration=651107074803\n\u001b[0K\u001b[32;1mThe command \"./scripts/build-otp\" exited with 0.\u001b[0m\n\ntravis_time:start:0006882c\n\u001b[0K$ ./otp_build tests\nif test -f lib/common_test/test_server/Makefile; then \\\n    (cd lib/common_test/test_server; make TESTROOT=\"/home/travis/build/erlang/otp/release/tests\" \\\n    PATH=/home/travis/build/erlang/otp/bin/:/home/travis/build/erlang/otp/bootstrap/bin:\"${PATH}\" release_tests) || exit $?; \\\nfi\nmake[1]: Entering directory '/home/travis/build/erlang/otp/lib/common_test/test_server'\nmake -w -j --jobserver-fds=3,4 RELEASE_PATH=\"/home/travis/build/erlang/otp/release/tests\"   release_tests_spec \nmake[2]: Entering directory '/home/travis/build/erlang/otp/lib/common_test/test_server'\n ERLC\tts.beam\n ERLC\tts_run.beam\n ERLC\tts_make.beam\n ERLC\tts_lib.beam\n ERLC\tts_erl_config.beam\n ERLC\tts_autoconf_win32.beam\n ERLC\tts_install.beam\n ERLC\tts_install_cth.beam\n ERLC\tts_benchmark.beam\n/usr/bin/install -c -d \"/home/travis/build/erlang/otp/release/tests/test_server\"\n/usr/bin/install -c -m 644 ts.erl ts_run.erl ts_lib.erl ts_make.erl ts_erl_config.erl ts_autoconf_win32.erl ts_install.erl ts_install_cth.erl ts_benchmark.erl ts.hrl \\\n\t./ts.beam ./ts_run.beam ./ts_lib.beam ./ts_make.beam ./ts_erl_config.beam ./ts_autoconf_win32.beam ./ts_install.beam ./ts_install_cth.beam ./ts_benchmark.beam \\\n\tconfigure.in conf_vars.in ts.config ts.unix.config ts.win32.config \\\n\t\"/home/travis/build/erlang/otp/release/tests/test_server\"\n/usr/bin/install -c configure config.sub config.guess install-sh  \"/home/travis/build/erlang/otp/release/tests/test_server\"\nmake[2]: Leaving directory '/home/travis/build/erlang/otp/lib/common_test/test_server'\nmake[1]: Leaving directory '/home/travis/build/erlang/otp/lib/common_test/test_server'\nif test -f lib/wx/test/Makefile; then \\\n    (cd lib/wx/test; make TESTROOT=\"/home/travis/build/erlang/otp/release/tests\" \\\n    PATH=/home/travis/build/erlang/otp/bin/:/home/travis/build/erlang/otp/bootstrap/bin:\"${PATH}\" release_tests) || exit $?; \\\nfi\nmake[1]: Entering directory '/home/travis/build/erlang/otp/lib/wx/test'\nmake -w -j --jobserver-fds=3,4 RELEASE_PATH=\"/home/travis/build/erlang/otp/release/tests\"   release_tests_spec \nmake[2]: Entering directory '/home/travis/build/erlang/otp/lib/wx/test'\n ERLC\twxt.beam\n ERLC\twx_test_lib.beam\n ERLC\twx_obj_test.beam\n ERLC\twx_oc_object.beam\n ERLC\twx_app_SUITE.beam\n ERLC\twx_basic_SUITE.beam\n ERLC\twx_event_SUITE.beam\n ERLC\twx_class_SUITE.beam\n ERLC\twx_xtra_SUITE.beam\n ERLC\twx_opengl_SUITE.beam\n/usr/bin/install -c -d \"/home/travis/build/erlang/otp/release/tests/wx_test\"\n/usr/bin/install -c -m 644 wx.spec wx.cover wx_test_lib.hrl wxt.erl wx_test_lib.erl wx_obj_test.erl wx_oc_object.erl wx_app_SUITE.erl wx_basic_SUITE.erl wx_event_SUITE.erl wx_class_SUITE.erl wx_xtra_SUITE.erl wx_opengl_SUITE.erl ./wxt.beam ./wx_test_lib.beam ./wx_obj_test.beam ./wx_oc_object.beam ./wx_app_SUITE.beam ./wx_basic_SUITE.beam ./wx_event_SUITE.beam ./wx_class_SUITE.beam ./wx_xtra_SUITE.beam ./wx_opengl_SUITE.beam  \"/home/travis/build/erlang/otp/release/tests/wx_test\"\n/usr/bin/install -c wxt \"/home/travis/build/erlang/otp/release/tests/wx_test\"\nmake[2]: Leaving directory '/home/travis/build/erlang/otp/lib/wx/test'\nmake[1]: Leaving directory '/home/travis/build/erlang/otp/lib/wx/test'\nif test -f lib/parsetools/test/Makefile; then \\\n    (cd lib/parsetools/test; make TESTROOT=\"/home/travis/build/erlang/otp/release/tests\" \\\n    PATH=/home/travis/build/erlang/otp/bin/:/home/travis/build/erlang/otp/bootstrap/bin:\"${PATH}\" release_tests) || exit $?; \\\nfi\nmake[1]: Entering directory '/home/travis/build/erlang/otp/lib/parsetools/test'\nmake -w -j --jobserver-fds=3,4 RELEASE_PATH=\"/home/travis/build/erlang/otp/release/tests\"   release_tests_spec \nmake[2]: Entering directory '/home/travis/build/erlang/otp/lib/parsetools/test'\n/home/travis/build/erlang/otp/make/make_emakefile +debug_info  -o. app_SUITE leex_SUITE yecc_SUITE\\\n> Emakefile\n/usr/bin/install -c -d \"/home/travis/build/erlang/otp/release/tests/parsetools_test\"\n/usr/bin/install -c -m 644 parsetools.spec parsetools.cover Emakefile app_SUITE.erl leex_SUITE.erl yecc_SUITE.erl \"/home/travis/build/erlang/otp/release/tests/parsetools_test\"\nchmod -R u+w \"/home/travis/build/erlang/otp/release/tests/parsetools_test\"\n# @tar cf - *_SUITE_data | (cd \"/home/travis/build/erlang/otp/release/tests/parsetools_test\"; tar xf -)\nmake[2]: Leaving directory '/home/travis/build/erlang/otp/lib/parsetools/test'\nmake[1]: Leaving directory '/home/travis/build/erlang/otp/lib/parsetools/test'\nif test -f lib/stdlib/test/Makefile; then \\\n    (cd lib/stdlib/test; make TESTROOT=\"/home/travis/build/erlang/otp/release/tests\" \\\n    PATH=/home/travis/build/erlang/otp/bin/:/home/travis/build/erlang/otp/bootstrap/bin:\"${PATH}\" release_tests) || exit $?; \\\nfi\nmake[1]: Entering directory '/home/travis/build/erlang/otp/lib/stdlib/test'\nmake -w -j --jobserver-fds=3,4 RELEASE_PATH=\"/home/travis/build/erlang/otp/release/tests\"   release_tests_spec \nmake[2]: Entering directory '/home/travis/build/erlang/otp/lib/stdlib/test'\n/home/travis/build/erlang/otp/make/make_emakefile +debug_info -I/home/travis/build/erlang/otp/lib/kernel/include -I/home/travis/build/erlang/otp/lib/stdlib/include -o. array_SUITE base64_SUITE beam_lib_SUITE binary_module_SUITE binref c_SUITE calendar_SUITE dets_SUITE dict_SUITE dict_test_lib digraph_SUITE digraph_utils_SUITE dummy1_h dummy_h dummy_via edlin_expand_SUITE epp_SUITE erl_anno_SUITE erl_eval_SUITE erl_expand_records_SUITE erl_internal_SUITE erl_lint_SUITE erl_pp_SUITE erl_scan_SUITE error_logger_h_SUITE escript_SUITE ets_SUITE ets_tough_SUITE expand_test expand_test1 unicode_expand ExpandTestCaps ExpandTestCaps1 filelib_SUITE file_sorter_SUITE filename_SUITE fixtable_SUITE format_SUITE gen_event_SUITE gen_fsm_SUITE gen_server_SUITE gen_statem_SUITE id_transform_SUITE io_SUITE io_proto_SUITE lists_SUITE log_mf_h_SUITE math_SUITE ms_transform_SUITE proc_lib_SUITE qlc_SUITE queue_SUITE rand_SUITE random_SUITE re_SUITE run_pcre_tests re_testoutput1_replacement_test re_testoutput1_split_test slave_SUITE sets_SUITE sets_test_lib sofs_SUITE stdlib_SUITE stdlib_bench_SUITE string_SUITE supervisor_1 supervisor_2 supervisor_3 supervisor_deadlock naughty_child shell_SUITE supervisor_SUITE supervisor_bridge_SUITE sys_SUITE sys_sp1 sys_sp2 tar_SUITE timer_SUITE timer_simple_SUITE unicode_SUITE unicode_util_SUITE uri_string_SUITE uri_string_property_test_SUITE win32reg_SUITE y2k_SUITE select_SUITE zip_SUITE random_unicode_list random_iolist error_logger_forwarder maps_SUITE zzz_SUITE erts_test_utils \\\n> Emakefile\n/usr/bin/install -c -d \"/home/travis/build/erlang/otp/release/tests/stdlib_test\"\n/usr/bin/install -c -m 644 stdlib.spec stdlib_bench.spec Emakefile \\\n\tarray_SUITE.erl base64_SUITE.erl beam_lib_SUITE.erl binary_module_SUITE.erl binref.erl c_SUITE.erl calendar_SUITE.erl dets_SUITE.erl dict_SUITE.erl dict_test_lib.erl digraph_SUITE.erl digraph_utils_SUITE.erl dummy1_h.erl dummy_h.erl dummy_via.erl edlin_expand_SUITE.erl epp_SUITE.erl erl_anno_SUITE.erl erl_eval_SUITE.erl erl_expand_records_SUITE.erl erl_internal_SUITE.erl erl_lint_SUITE.erl erl_pp_SUITE.erl erl_scan_SUITE.erl error_logger_h_SUITE.erl escript_SUITE.erl ets_SUITE.erl ets_tough_SUITE.erl expand_test.erl expand_test1.erl unicode_expand.erl ExpandTestCaps.erl ExpandTestCaps1.erl filelib_SUITE.erl file_sorter_SUITE.erl filename_SUITE.erl fixtable_SUITE.erl format_SUITE.erl gen_event_SUITE.erl gen_fsm_SUITE.erl gen_server_SUITE.erl gen_statem_SUITE.erl id_transform_SUITE.erl io_SUITE.erl io_proto_SUITE.erl lists_SUITE.erl log_mf_h_SUITE.erl math_SUITE.erl ms_transform_SUITE.erl proc_lib_SUITE.erl qlc_SUITE.erl queue_SUITE.erl rand_SUITE.erl random_SUITE.erl re_SUITE.erl run_pcre_tests.erl re_testoutput1_replacement_test.erl re_testoutput1_split_test.erl slave_SUITE.erl sets_SUITE.erl sets_test_lib.erl sofs_SUITE.erl stdlib_SUITE.erl stdlib_bench_SUITE.erl string_SUITE.erl supervisor_1.erl supervisor_2.erl supervisor_3.erl supervisor_deadlock.erl naughty_child.erl shell_SUITE.erl supervisor_SUITE.erl supervisor_bridge_SUITE.erl sys_SUITE.erl sys_sp1.erl sys_sp2.erl tar_SUITE.erl timer_SUITE.erl timer_simple_SUITE.erl unicode_SUITE.erl unicode_util_SUITE.erl uri_string_SUITE.erl uri_string_property_test_SUITE.erl win32reg_SUITE.erl y2k_SUITE.erl select_SUITE.erl zip_SUITE.erl random_unicode_list.erl random_iolist.erl error_logger_forwarder.erl maps_SUITE.erl zzz_SUITE.erl /home/travis/build/erlang/otp/erts/emulator/test/erts_test_utils.erl stdlib.cover \"/home/travis/build/erlang/otp/release/tests/stdlib_test\"\nchmod -R u+w \"/home/travis/build/erlang/otp/release/tests/stdlib_test\"\nmake[2]: Leaving directory '/home/travis/build/erlang/otp/lib/stdlib/test'\nmake[1]: Leaving directory '/home/travis/build/erlang/otp/lib/stdlib/test'\nif test -f lib/public_key/test/Makefile; then \\\n    (cd lib/public_key/test; make TESTROOT=\"/home/travis/build/erlang/otp/release/tests\" \\\n    PATH=/home/travis/build/erlang/otp/bin/:/home/travis/build/erlang/otp/bootstrap/bin:\"${PATH}\" release_tests) || exit $?; \\\nfi\nmake[1]: Entering directory '/home/travis/build/erlang/otp/lib/public_key/test'\nmake -w -j --jobserver-fds=3,4 RELEASE_PATH=\"/home/travis/build/erlang/otp/release/tests\"   release_tests_spec \nmake[2]: Entering directory '/home/travis/build/erlang/otp/lib/public_key/test'\n ERLC\tpublic_key_SUITE.beam\n ERLC\terl_make_certs.beam\n ERLC\tpbe_SUITE.beam\n ERLC\tpkits_SUITE.beam\npbe_SUITE.erl:27: Warning: export_all flag enabled - all functions will be exported\nerl_make_certs.erl:27: Warning: export_all flag enabled - all functions will be exported\npublic_key_SUITE.erl:28: Warning: export_all flag enabled - all functions will be exported\npkits_SUITE.erl:30: Warning: export_all flag enabled - all functions will be exported\npkits_SUITE.erl:695: Warning: erlang:get_stacktrace/0: deprecated; use the new try/catch syntax for retrieving the stack backtrace\n/usr/bin/install -c -d \"/home/travis/build/erlang/otp/release/tests/public_key_test\"\n/usr/bin/install -c -m 644 public_key.spec erl_make_certs.erl public_key_SUITE.erl pbe_SUITE.erl pkits_SUITE.erl public_key.cover  \"/home/travis/build/erlang/otp/release/tests/public_key_test\"\n/usr/bin/install -c -m 644 ./erl_make_certs.beam ./public_key_SUITE.beam ./pbe_SUITE.beam ./pkits_SUITE.beam \"/home/travis/build/erlang/otp/release/tests/public_key_test\"\nchmod -R u+w \"/home/travis/build/erlang/otp/release/tests/public_key_test\"\nmake[2]: Leaving directory '/home/travis/build/erlang/otp/lib/public_key/test'\nmake[1]: Leaving directory '/home/travis/build/erlang/otp/lib/public_key/test'\nif test -f lib/crypto/test/Makefile; then \\\n    (cd lib/crypto/test; make TESTROOT=\"/home/travis/build/erlang/otp/release/tests\" \\\n    PATH=/home/travis/build/erlang/otp/bin/:/home/travis/build/erlang/otp/bootstrap/bin:\"${PATH}\" release_tests) || exit $?; \\\nfi\nmake[1]: Entering directory '/home/travis/build/erlang/otp/lib/crypto/test'\nmake -w -j --jobserver-fds=3,4 RELEASE_PATH=\"/home/travis/build/erlang/otp/release/tests\"   release_tests_spec \nmake[2]: Entering directory '/home/travis/build/erlang/otp/lib/crypto/test'\n/home/travis/build/erlang/otp/make/make_emakefile +debug_info +nowarn_export_all -o. \\\ncrypto_bench_SUITE crypto_SUITE engine_SUITE > Emakefile\n/usr/bin/install -c -d \"/home/travis/build/erlang/otp/release/tests/crypto_test\"\n/usr/bin/install -c -m 644 crypto.spec crypto_bench.spec crypto.cover Emakefile crypto_bench_SUITE.erl crypto_SUITE.erl engine_SUITE.erl   \"/home/travis/build/erlang/otp/release/tests/crypto_test\"\nchmod -R u+w \"/home/travis/build/erlang/otp/release/tests/crypto_test\"\nmake[2]: Leaving directory '/home/travis/build/erlang/otp/lib/crypto/test'\nmake[1]: Leaving directory '/home/travis/build/erlang/otp/lib/crypto/test'\nif test -f lib/compiler/test/Makefile; then \\\n    (cd lib/compiler/test; make TESTROOT=\"/home/travis/build/erlang/otp/release/tests\" \\\n    PATH=/home/travis/build/erlang/otp/bin/:/home/travis/build/erlang/otp/bootstrap/bin:\"${PATH}\" release_tests) || exit $?; \\\nfi\nmake[1]: Entering directory '/home/travis/build/erlang/otp/lib/compiler/test'\nmake -w -j --jobserver-fds=3,4 RELEASE_PATH=\"/home/travis/build/erlang/otp/release/tests\"   release_tests_spec \nmake[2]: Entering directory '/home/travis/build/erlang/otp/lib/compiler/test'\nsed -e 's;-module(andor_SUITE);-module(andor_no_opt_SUITE);' andor_SUITE.erl > andor_no_opt_SUITE.erl\nsed -e 's;-module(apply_SUITE);-module(apply_no_opt_SUITE);' apply_SUITE.erl > apply_no_opt_SUITE.erl\nsed -e 's;-module(beam_block_SUITE);-module(beam_block_no_opt_SUITE);' beam_block_SUITE.erl > beam_block_no_opt_SUITE.erl\nsed -e 's;-module(beam_except_SUITE);-module(beam_except_no_opt_SUITE);' beam_except_SUITE.erl > beam_except_no_opt_SUITE.erl\nsed -e 's;-module(beam_jump_SUITE);-module(beam_jump_no_opt_SUITE);' beam_jump_SUITE.erl > beam_jump_no_opt_SUITE.erl\nsed -e 's;-module(beam_reorder_SUITE);-module(beam_reorder_no_opt_SUITE);' beam_reorder_SUITE.erl > beam_reorder_no_opt_SUITE.erl\nsed -e 's;-module(beam_ssa_SUITE);-module(beam_ssa_no_opt_SUITE);' beam_ssa_SUITE.erl > beam_ssa_no_opt_SUITE.erl\nsed -e 's;-module(beam_type_SUITE);-module(beam_type_no_opt_SUITE);' beam_type_SUITE.erl > beam_type_no_opt_SUITE.erl\nsed -e 's;-module(beam_utils_SUITE);-module(beam_utils_no_opt_SUITE);' beam_utils_SUITE.erl > beam_utils_no_opt_SUITE.erl\nsed -e 's;-module(bif_SUITE);-module(bif_no_opt_SUITE);' bif_SUITE.erl > bif_no_opt_SUITE.erl\nsed -e 's;-module(bs_construct_SUITE);-module(bs_construct_no_opt_SUITE);' bs_construct_SUITE.erl > bs_construct_no_opt_SUITE.erl\nsed -e 's;-module(bs_match_SUITE);-module(bs_match_no_opt_SUITE);' bs_match_SUITE.erl > bs_match_no_opt_SUITE.erl\nsed -e 's;-module(bs_utf_SUITE);-module(bs_utf_no_opt_SUITE);' bs_utf_SUITE.erl > bs_utf_no_opt_SUITE.erl\nsed -e 's;-module(core_fold_SUITE);-module(core_fold_no_opt_SUITE);' core_fold_SUITE.erl > core_fold_no_opt_SUITE.erl\nsed -e 's;-module(float_SUITE);-module(float_no_opt_SUITE);' float_SUITE.erl > float_no_opt_SUITE.erl\nsed -e 's;-module(fun_SUITE);-module(fun_no_opt_SUITE);' fun_SUITE.erl > fun_no_opt_SUITE.erl\nsed -e 's;-module(guard_SUITE);-module(guard_no_opt_SUITE);' guard_SUITE.erl > guard_no_opt_SUITE.erl\nsed -e 's;-module(lc_SUITE);-module(lc_no_opt_SUITE);' lc_SUITE.erl > lc_no_opt_SUITE.erl\nsed -e 's;-module(map_SUITE);-module(map_no_opt_SUITE);' map_SUITE.erl > map_no_opt_SUITE.erl\nsed -e 's;-module(match_SUITE);-module(match_no_opt_SUITE);' match_SUITE.erl > match_no_opt_SUITE.erl\nsed -e 's;-module(misc_SUITE);-module(misc_no_opt_SUITE);' misc_SUITE.erl > misc_no_opt_SUITE.erl\nsed -e 's;-module(overridden_bif_SUITE);-module(overridden_bif_no_opt_SUITE);' overridden_bif_SUITE.erl > overridden_bif_no_opt_SUITE.erl\nsed -e 's;-module(receive_SUITE);-module(receive_no_opt_SUITE);' receive_SUITE.erl > receive_no_opt_SUITE.erl\nsed -e 's;-module(record_SUITE);-module(record_no_opt_SUITE);' record_SUITE.erl > record_no_opt_SUITE.erl\nsed -e 's;-module(trycatch_SUITE);-module(trycatch_no_opt_SUITE);' trycatch_SUITE.erl > trycatch_no_opt_SUITE.erl\nsed -e 's;-module(andor_SUITE);-module(andor_post_opt_SUITE);' andor_SUITE.erl > andor_post_opt_SUITE.erl\nsed -e 's;-module(apply_SUITE);-module(apply_post_opt_SUITE);' apply_SUITE.erl > apply_post_opt_SUITE.erl\nsed -e 's;-module(beam_block_SUITE);-module(beam_block_post_opt_SUITE);' beam_block_SUITE.erl > beam_block_post_opt_SUITE.erl\nsed -e 's;-module(beam_except_SUITE);-module(beam_except_post_opt_SUITE);' beam_except_SUITE.erl > beam_except_post_opt_SUITE.erl\nsed -e 's;-module(beam_jump_SUITE);-module(beam_jump_post_opt_SUITE);' beam_jump_SUITE.erl > beam_jump_post_opt_SUITE.erl\nsed -e 's;-module(beam_reorder_SUITE);-module(beam_reorder_post_opt_SUITE);' beam_reorder_SUITE.erl > beam_reorder_post_opt_SUITE.erl\nsed -e 's;-module(beam_ssa_SUITE);-module(beam_ssa_post_opt_SUITE);' beam_ssa_SUITE.erl > beam_ssa_post_opt_SUITE.erl\nsed -e 's;-module(beam_type_SUITE);-module(beam_type_post_opt_SUITE);' beam_type_SUITE.erl > beam_type_post_opt_SUITE.erl\nsed -e 's;-module(beam_utils_SUITE);-module(beam_utils_post_opt_SUITE);' beam_utils_SUITE.erl > beam_utils_post_opt_SUITE.erl\nsed -e 's;-module(bif_SUITE);-module(bif_post_opt_SUITE);' bif_SUITE.erl > bif_post_opt_SUITE.erl\nsed -e 's;-module(bs_construct_SUITE);-module(bs_construct_post_opt_SUITE);' bs_construct_SUITE.erl > bs_construct_post_opt_SUITE.erl\nsed -e 's;-module(bs_match_SUITE);-module(bs_match_post_opt_SUITE);' bs_match_SUITE.erl > bs_match_post_opt_SUITE.erl\nsed -e 's;-module(bs_utf_SUITE);-module(bs_utf_post_opt_SUITE);' bs_utf_SUITE.erl > bs_utf_post_opt_SUITE.erl\nsed -e 's;-module(core_fold_SUITE);-module(core_fold_post_opt_SUITE);' core_fold_SUITE.erl > core_fold_post_opt_SUITE.erl\nsed -e 's;-module(float_SUITE);-module(float_post_opt_SUITE);' float_SUITE.erl > float_post_opt_SUITE.erl\nsed -e 's;-module(fun_SUITE);-module(fun_post_opt_SUITE);' fun_SUITE.erl > fun_post_opt_SUITE.erl\nsed -e 's;-module(guard_SUITE);-module(guard_post_opt_SUITE);' guard_SUITE.erl > guard_post_opt_SUITE.erl\nsed -e 's;-module(lc_SUITE);-module(lc_post_opt_SUITE);' lc_SUITE.erl > lc_post_opt_SUITE.erl\nsed -e 's;-module(map_SUITE);-module(map_post_opt_SUITE);' map_SUITE.erl > map_post_opt_SUITE.erl\nsed -e 's;-module(match_SUITE);-module(match_post_opt_SUITE);' match_SUITE.erl > match_post_opt_SUITE.erl\nsed -e 's;-module(misc_SUITE);-module(misc_post_opt_SUITE);' misc_SUITE.erl > misc_post_opt_SUITE.erl\nsed -e 's;-module(overridden_bif_SUITE);-module(overridden_bif_post_opt_SUITE);' overridden_bif_SUITE.erl > overridden_bif_post_opt_SUITE.erl\nsed -e 's;-module(receive_SUITE);-module(receive_post_opt_SUITE);' receive_SUITE.erl > receive_post_opt_SUITE.erl\nsed -e 's;-module(record_SUITE);-module(record_post_opt_SUITE);' record_SUITE.erl > record_post_opt_SUITE.erl\nsed -e 's;-module(trycatch_SUITE);-module(trycatch_post_opt_SUITE);' trycatch_SUITE.erl > trycatch_post_opt_SUITE.erl\nsed -e 's;-module(andor_SUITE);-module(andor_no_ssa_opt_SUITE);' andor_SUITE.erl > andor_no_ssa_opt_SUITE.erl\nsed -e 's;-module(apply_SUITE);-module(apply_no_ssa_opt_SUITE);' apply_SUITE.erl > apply_no_ssa_opt_SUITE.erl\nsed -e 's;-module(beam_block_SUITE);-module(beam_block_no_ssa_opt_SUITE);' beam_block_SUITE.erl > beam_block_no_ssa_opt_SUITE.erl\nsed -e 's;-module(beam_except_SUITE);-module(beam_except_no_ssa_opt_SUITE);' beam_except_SUITE.erl > beam_except_no_ssa_opt_SUITE.erl\nsed -e 's;-module(beam_jump_SUITE);-module(beam_jump_no_ssa_opt_SUITE);' beam_jump_SUITE.erl > beam_jump_no_ssa_opt_SUITE.erl\nsed -e 's;-module(beam_reorder_SUITE);-module(beam_reorder_no_ssa_opt_SUITE);' beam_reorder_SUITE.erl > beam_reorder_no_ssa_opt_SUITE.erl\nsed -e 's;-module(beam_ssa_SUITE);-module(beam_ssa_no_ssa_opt_SUITE);' beam_ssa_SUITE.erl > beam_ssa_no_ssa_opt_SUITE.erl\nsed -e 's;-module(beam_type_SUITE);-module(beam_type_no_ssa_opt_SUITE);' beam_type_SUITE.erl > beam_type_no_ssa_opt_SUITE.erl\nsed -e 's;-module(beam_utils_SUITE);-module(beam_utils_no_ssa_opt_SUITE);' beam_utils_SUITE.erl > beam_utils_no_ssa_opt_SUITE.erl\nsed -e 's;-module(bif_SUITE);-module(bif_no_ssa_opt_SUITE);' bif_SUITE.erl > bif_no_ssa_opt_SUITE.erl\nsed -e 's;-module(bs_construct_SUITE);-module(bs_construct_no_ssa_opt_SUITE);' bs_construct_SUITE.erl > bs_construct_no_ssa_opt_SUITE.erl\nsed -e 's;-module(bs_match_SUITE);-module(bs_match_no_ssa_opt_SUITE);' bs_match_SUITE.erl > bs_match_no_ssa_opt_SUITE.erl\nsed -e 's;-module(bs_utf_SUITE);-module(bs_utf_no_ssa_opt_SUITE);' bs_utf_SUITE.erl > bs_utf_no_ssa_opt_SUITE.erl\nsed -e 's;-module(core_fold_SUITE);-module(core_fold_no_ssa_opt_SUITE);' core_fold_SUITE.erl > core_fold_no_ssa_opt_SUITE.erl\nsed -e 's;-module(float_SUITE);-module(float_no_ssa_opt_SUITE);' float_SUITE.erl > float_no_ssa_opt_SUITE.erl\nsed -e 's;-module(fun_SUITE);-module(fun_no_ssa_opt_SUITE);' fun_SUITE.erl > fun_no_ssa_opt_SUITE.erl\nsed -e 's;-module(guard_SUITE);-module(guard_no_ssa_opt_SUITE);' guard_SUITE.erl > guard_no_ssa_opt_SUITE.erl\nsed -e 's;-module(lc_SUITE);-module(lc_no_ssa_opt_SUITE);' lc_SUITE.erl > lc_no_ssa_opt_SUITE.erl\nsed -e 's;-module(map_SUITE);-module(map_no_ssa_opt_SUITE);' map_SUITE.erl > map_no_ssa_opt_SUITE.erl\nsed -e 's;-module(match_SUITE);-module(match_no_ssa_opt_SUITE);' match_SUITE.erl > match_no_ssa_opt_SUITE.erl\nsed -e 's;-module(misc_SUITE);-module(misc_no_ssa_opt_SUITE);' misc_SUITE.erl > misc_no_ssa_opt_SUITE.erl\nsed -e 's;-module(overridden_bif_SUITE);-module(overridden_bif_no_ssa_opt_SUITE);' overridden_bif_SUITE.erl > overridden_bif_no_ssa_opt_SUITE.erl\nsed -e 's;-module(receive_SUITE);-module(receive_no_ssa_opt_SUITE);' receive_SUITE.erl > receive_no_ssa_opt_SUITE.erl\nsed -e 's;-module(record_SUITE);-module(record_no_ssa_opt_SUITE);' record_SUITE.erl > record_no_ssa_opt_SUITE.erl\nsed -e 's;-module(trycatch_SUITE);-module(trycatch_no_ssa_opt_SUITE);' trycatch_SUITE.erl > trycatch_no_ssa_opt_SUITE.erl\nsed -e 's;-module(andor_SUITE);-module(andor_inline_SUITE);' andor_SUITE.erl > andor_inline_SUITE.erl\nsed -e 's;-module(apply_SUITE);-module(apply_inline_SUITE);' apply_SUITE.erl > apply_inline_SUITE.erl\nsed -e 's;-module(beam_block_SUITE);-module(beam_block_inline_SUITE);' beam_block_SUITE.erl > beam_block_inline_SUITE.erl\nsed -e 's;-module(beam_ssa_SUITE);-module(beam_ssa_inline_SUITE);' beam_ssa_SUITE.erl > beam_ssa_inline_SUITE.erl\nsed -e 's;-module(beam_utils_SUITE);-module(beam_utils_inline_SUITE);' beam_utils_SUITE.erl > beam_utils_inline_SUITE.erl\nsed -e 's;-module(bif_SUITE);-module(bif_inline_SUITE);' bif_SUITE.erl > bif_inline_SUITE.erl\nsed -e 's;-module(bs_bincomp_SUITE);-module(bs_bincomp_inline_SUITE);' bs_bincomp_SUITE.erl > bs_bincomp_inline_SUITE.erl\nsed -e 's;-module(bs_bit_binaries_SUITE);-module(bs_bit_binaries_inline_SUITE);' bs_bit_binaries_SUITE.erl > bs_bit_binaries_inline_SUITE.erl\nsed -e 's;-module(bs_construct_SUITE);-module(bs_construct_inline_SUITE);' bs_construct_SUITE.erl > bs_construct_inline_SUITE.erl\nsed -e 's;-module(bs_match_SUITE);-module(bs_match_inline_SUITE);' bs_match_SUITE.erl > bs_match_inline_SUITE.erl\nsed -e 's;-module(bs_utf_SUITE);-module(bs_utf_inline_SUITE);' bs_utf_SUITE.erl > bs_utf_inline_SUITE.erl\nsed -e 's;-module(core_fold_SUITE);-module(core_fold_inline_SUITE);' core_fold_SUITE.erl > core_fold_inline_SUITE.erl\nsed -e 's;-module(float_SUITE);-module(float_inline_SUITE);' float_SUITE.erl > float_inline_SUITE.erl\nsed -e 's;-module(fun_SUITE);-module(fun_inline_SUITE);' fun_SUITE.erl > fun_inline_SUITE.erl\nsed -e 's;-module(guard_SUITE);-module(guard_inline_SUITE);' guard_SUITE.erl > guard_inline_SUITE.erl\nsed -e 's;-module(lc_SUITE);-module(lc_inline_SUITE);' lc_SUITE.erl > lc_inline_SUITE.erl\nsed -e 's;-module(map_SUITE);-module(map_inline_SUITE);' map_SUITE.erl > map_inline_SUITE.erl\nsed -e 's;-module(match_SUITE);-module(match_inline_SUITE);' match_SUITE.erl > match_inline_SUITE.erl\nsed -e 's;-module(misc_SUITE);-module(misc_inline_SUITE);' misc_SUITE.erl > misc_inline_SUITE.erl\nsed -e 's;-module(overridden_bif_SUITE);-module(overridden_bif_inline_SUITE);' overridden_bif_SUITE.erl > overridden_bif_inline_SUITE.erl\nsed -e 's;-module(receive_SUITE);-module(receive_inline_SUITE);' receive_SUITE.erl > receive_inline_SUITE.erl\nsed -e 's;-module(record_SUITE);-module(record_inline_SUITE);' record_SUITE.erl > record_inline_SUITE.erl\nsed -e 's;-module(bs_construct_SUITE);-module(bs_construct_r21_SUITE);' bs_construct_SUITE.erl > bs_construct_r21_SUITE.erl\nsed -e 's;-module(bs_match_SUITE);-module(bs_match_r21_SUITE);' bs_match_SUITE.erl > bs_match_r21_SUITE.erl\nsed -e 's;-module(andor_SUITE);-module(andor_no_module_opt_SUITE);' andor_SUITE.erl > andor_no_module_opt_SUITE.erl\nsed -e 's;-module(apply_SUITE);-module(apply_no_module_opt_SUITE);' apply_SUITE.erl > apply_no_module_opt_SUITE.erl\nsed -e 's;-module(beam_block_SUITE);-module(beam_block_no_module_opt_SUITE);' beam_block_SUITE.erl > beam_block_no_module_opt_SUITE.erl\nsed -e 's;-module(beam_except_SUITE);-module(beam_except_no_module_opt_SUITE);' beam_except_SUITE.erl > beam_except_no_module_opt_SUITE.erl\nsed -e 's;-module(beam_jump_SUITE);-module(beam_jump_no_module_opt_SUITE);' beam_jump_SUITE.erl > beam_jump_no_module_opt_SUITE.erl\nsed -e 's;-module(beam_reorder_SUITE);-module(beam_reorder_no_module_opt_SUITE);' beam_reorder_SUITE.erl > beam_reorder_no_module_opt_SUITE.erl\nsed -e 's;-module(beam_ssa_SUITE);-module(beam_ssa_no_module_opt_SUITE);' beam_ssa_SUITE.erl > beam_ssa_no_module_opt_SUITE.erl\nsed -e 's;-module(beam_type_SUITE);-module(beam_type_no_module_opt_SUITE);' beam_type_SUITE.erl > beam_type_no_module_opt_SUITE.erl\nsed -e 's;-module(beam_utils_SUITE);-module(beam_utils_no_module_opt_SUITE);' beam_utils_SUITE.erl > beam_utils_no_module_opt_SUITE.erl\nsed -e 's;-module(bif_SUITE);-module(bif_no_module_opt_SUITE);' bif_SUITE.erl > bif_no_module_opt_SUITE.erl\nsed -e 's;-module(bs_construct_SUITE);-module(bs_construct_no_module_opt_SUITE);' bs_construct_SUITE.erl > bs_construct_no_module_opt_SUITE.erl\nsed -e 's;-module(bs_match_SUITE);-module(bs_match_no_module_opt_SUITE);' bs_match_SUITE.erl > bs_match_no_module_opt_SUITE.erl\nsed -e 's;-module(bs_utf_SUITE);-module(bs_utf_no_module_opt_SUITE);' bs_utf_SUITE.erl > bs_utf_no_module_opt_SUITE.erl\nsed -e 's;-module(core_fold_SUITE);-module(core_fold_no_module_opt_SUITE);' core_fold_SUITE.erl > core_fold_no_module_opt_SUITE.erl\nsed -e 's;-module(float_SUITE);-module(float_no_module_opt_SUITE);' float_SUITE.erl > float_no_module_opt_SUITE.erl\nsed -e 's;-module(fun_SUITE);-module(fun_no_module_opt_SUITE);' fun_SUITE.erl > fun_no_module_opt_SUITE.erl\nsed -e 's;-module(guard_SUITE);-module(guard_no_module_opt_SUITE);' guard_SUITE.erl > guard_no_module_opt_SUITE.erl\nsed -e 's;-module(lc_SUITE);-module(lc_no_module_opt_SUITE);' lc_SUITE.erl > lc_no_module_opt_SUITE.erl\nsed -e 's;-module(map_SUITE);-module(map_no_module_opt_SUITE);' map_SUITE.erl > map_no_module_opt_SUITE.erl\nsed -e 's;-module(match_SUITE);-module(match_no_module_opt_SUITE);' match_SUITE.erl > match_no_module_opt_SUITE.erl\nsed -e 's;-module(misc_SUITE);-module(misc_no_module_opt_SUITE);' misc_SUITE.erl > misc_no_module_opt_SUITE.erl\nsed -e 's;-module(overridden_bif_SUITE);-module(overridden_bif_no_module_opt_SUITE);' overridden_bif_SUITE.erl > overridden_bif_no_module_opt_SUITE.erl\nsed -e 's;-module(receive_SUITE);-module(receive_no_module_opt_SUITE);' receive_SUITE.erl > receive_no_module_opt_SUITE.erl\nsed -e 's;-module(record_SUITE);-module(record_no_module_opt_SUITE);' record_SUITE.erl > record_no_module_opt_SUITE.erl\nsed -e 's;-module(trycatch_SUITE);-module(trycatch_no_module_opt_SUITE);' trycatch_SUITE.erl > trycatch_no_module_opt_SUITE.erl\n/home/travis/build/erlang/otp/make/make_emakefile +debug_info +clint +clint0 +ssalint -o. andor_SUITE apply_SUITE beam_block_SUITE beam_validator_SUITE beam_disasm_SUITE beam_except_SUITE beam_jump_SUITE beam_reorder_SUITE beam_ssa_SUITE beam_type_SUITE beam_utils_SUITE bif_SUITE bs_bincomp_SUITE bs_bit_binaries_SUITE bs_construct_SUITE bs_match_SUITE bs_utf_SUITE core_alias_SUITE core_fold_SUITE compile_SUITE compilation_SUITE core_SUITE error_SUITE float_SUITE fun_SUITE guard_SUITE inline_SUITE lc_SUITE map_SUITE match_SUITE misc_SUITE overridden_bif_SUITE receive_SUITE record_SUITE regressions_SUITE trycatch_SUITE warnings_SUITE z_SUITE test_lib \\\n> Emakefile\n/home/travis/build/erlang/otp/make/make_emakefile +no_copt +no_postopt \\\n+no_ssa_opt +no_recv_opt +debug_info +clint +clint0 +ssalint \\\n-o. andor_no_opt_SUITE apply_no_opt_SUITE beam_block_no_opt_SUITE beam_except_no_opt_SUITE beam_jump_no_opt_SUITE beam_reorder_no_opt_SUITE beam_ssa_no_opt_SUITE beam_type_no_opt_SUITE beam_utils_no_opt_SUITE bif_no_opt_SUITE bs_construct_no_opt_SUITE bs_match_no_opt_SUITE bs_utf_no_opt_SUITE core_fold_no_opt_SUITE float_no_opt_SUITE fun_no_opt_SUITE guard_no_opt_SUITE lc_no_opt_SUITE map_no_opt_SUITE match_no_opt_SUITE misc_no_opt_SUITE overridden_bif_no_opt_SUITE receive_no_opt_SUITE record_no_opt_SUITE trycatch_no_opt_SUITE >> Emakefile\n/home/travis/build/erlang/otp/make/make_emakefile +no_share_opt +no_bsm_opt +no_fun_opt \\\n+no_ssa_opt +no_recv_opt +debug_info +clint +clint0 +ssalint \\\n-o. andor_no_ssa_opt_SUITE apply_no_ssa_opt_SUITE beam_block_no_ssa_opt_SUITE beam_except_no_ssa_opt_SUITE beam_jump_no_ssa_opt_SUITE beam_reorder_no_ssa_opt_SUITE beam_ssa_no_ssa_opt_SUITE beam_type_no_ssa_opt_SUITE beam_utils_no_ssa_opt_SUITE bif_no_ssa_opt_SUITE bs_construct_no_ssa_opt_SUITE bs_match_no_ssa_opt_SUITE bs_utf_no_ssa_opt_SUITE core_fold_no_ssa_opt_SUITE float_no_ssa_opt_SUITE fun_no_ssa_opt_SUITE guard_no_ssa_opt_SUITE lc_no_ssa_opt_SUITE map_no_ssa_opt_SUITE match_no_ssa_opt_SUITE misc_no_ssa_opt_SUITE overridden_bif_no_ssa_opt_SUITE receive_no_ssa_opt_SUITE record_no_ssa_opt_SUITE trycatch_no_ssa_opt_SUITE >> Emakefile\n/home/travis/build/erlang/otp/make/make_emakefile +no_copt +debug_info +clint +clint0 +ssalint \\\n-o. andor_post_opt_SUITE apply_post_opt_SUITE beam_block_post_opt_SUITE beam_except_post_opt_SUITE beam_jump_post_opt_SUITE beam_reorder_post_opt_SUITE beam_ssa_post_opt_SUITE beam_type_post_opt_SUITE beam_utils_post_opt_SUITE bif_post_opt_SUITE bs_construct_post_opt_SUITE bs_match_post_opt_SUITE bs_utf_post_opt_SUITE core_fold_post_opt_SUITE float_post_opt_SUITE fun_post_opt_SUITE guard_post_opt_SUITE lc_post_opt_SUITE map_post_opt_SUITE match_post_opt_SUITE misc_post_opt_SUITE overridden_bif_post_opt_SUITE receive_post_opt_SUITE record_post_opt_SUITE trycatch_post_opt_SUITE >> Emakefile\n/home/travis/build/erlang/otp/make/make_emakefile +inline +debug_info +clint +clint0 +ssalint \\\n-o. andor_inline_SUITE apply_inline_SUITE beam_block_inline_SUITE beam_ssa_inline_SUITE beam_utils_inline_SUITE bif_inline_SUITE bs_bincomp_inline_SUITE bs_bit_binaries_inline_SUITE bs_construct_inline_SUITE bs_match_inline_SUITE bs_utf_inline_SUITE core_fold_inline_SUITE float_inline_SUITE fun_inline_SUITE guard_inline_SUITE lc_inline_SUITE map_inline_SUITE match_inline_SUITE misc_inline_SUITE overridden_bif_inline_SUITE receive_inline_SUITE record_inline_SUITE >> Emakefile\n/home/travis/build/erlang/otp/make/make_emakefile +r21 +debug_info +clint +clint0 +ssalint \\\n-o. bs_construct_r21_SUITE bs_match_r21_SUITE >> Emakefile\n/home/travis/build/erlang/otp/make/make_emakefile +no_module_opt +debug_info +clint +clint0 +ssalint \\\n-o. andor_no_module_opt_SUITE apply_no_module_opt_SUITE beam_block_no_module_opt_SUITE beam_except_no_module_opt_SUITE beam_jump_no_module_opt_SUITE beam_reorder_no_module_opt_SUITE beam_ssa_no_module_opt_SUITE beam_type_no_module_opt_SUITE beam_utils_no_module_opt_SUITE bif_no_module_opt_SUITE bs_construct_no_module_opt_SUITE bs_match_no_module_opt_SUITE bs_utf_no_module_opt_SUITE core_fold_no_module_opt_SUITE float_no_module_opt_SUITE fun_no_module_opt_SUITE guard_no_module_opt_SUITE lc_no_module_opt_SUITE map_no_module_opt_SUITE match_no_module_opt_SUITE misc_no_module_opt_SUITE overridden_bif_no_module_opt_SUITE receive_no_module_opt_SUITE record_no_module_opt_SUITE trycatch_no_module_opt_SUITE >> Emakefile\n/home/travis/build/erlang/otp/make/make_emakefile +from_core +debug_info +clint +clint0 +ssalint \\\n-o. lfe_andor_SUITE lfe_guard_SUITE >> Emakefile\n/usr/bin/install -c -d \"/home/travis/build/erlang/otp/release/tests/compiler_test\"\n/usr/bin/install -c -m 644 compiler.spec compiler.cover \\\n\tEmakefile andor_SUITE.erl apply_SUITE.erl beam_block_SUITE.erl beam_validator_SUITE.erl beam_disasm_SUITE.erl beam_except_SUITE.erl beam_jump_SUITE.erl beam_reorder_SUITE.erl beam_ssa_SUITE.erl beam_type_SUITE.erl beam_utils_SUITE.erl bif_SUITE.erl bs_bincomp_SUITE.erl bs_bit_binaries_SUITE.erl bs_construct_SUITE.erl bs_match_SUITE.erl bs_utf_SUITE.erl core_alias_SUITE.erl core_fold_SUITE.erl compile_SUITE.erl compilation_SUITE.erl core_SUITE.erl error_SUITE.erl float_SUITE.erl fun_SUITE.erl guard_SUITE.erl inline_SUITE.erl lc_SUITE.erl map_SUITE.erl match_SUITE.erl misc_SUITE.erl overridden_bif_SUITE.erl receive_SUITE.erl record_SUITE.erl regressions_SUITE.erl trycatch_SUITE.erl warnings_SUITE.erl z_SUITE.erl test_lib.erl \"/home/travis/build/erlang/otp/release/tests/compiler_test\"\n/usr/bin/install -c -m 644 andor_no_opt_SUITE.erl apply_no_opt_SUITE.erl beam_block_no_opt_SUITE.erl beam_except_no_opt_SUITE.erl beam_jump_no_opt_SUITE.erl beam_reorder_no_opt_SUITE.erl beam_ssa_no_opt_SUITE.erl beam_type_no_opt_SUITE.erl beam_utils_no_opt_SUITE.erl bif_no_opt_SUITE.erl bs_construct_no_opt_SUITE.erl bs_match_no_opt_SUITE.erl bs_utf_no_opt_SUITE.erl core_fold_no_opt_SUITE.erl float_no_opt_SUITE.erl fun_no_opt_SUITE.erl guard_no_opt_SUITE.erl lc_no_opt_SUITE.erl map_no_opt_SUITE.erl match_no_opt_SUITE.erl misc_no_opt_SUITE.erl overridden_bif_no_opt_SUITE.erl receive_no_opt_SUITE.erl record_no_opt_SUITE.erl trycatch_no_opt_SUITE.erl andor_post_opt_SUITE.erl apply_post_opt_SUITE.erl beam_block_post_opt_SUITE.erl beam_except_post_opt_SUITE.erl beam_jump_post_opt_SUITE.erl beam_reorder_post_opt_SUITE.erl beam_ssa_post_opt_SUITE.erl beam_type_post_opt_SUITE.erl beam_utils_post_opt_SUITE.erl bif_post_opt_SUITE.erl bs_construct_post_opt_SUITE.erl bs_match_post_opt_SUITE.erl bs_utf_post_opt_SUITE.erl core_fold_post_opt_SUITE.erl float_post_opt_SUITE.erl fun_post_opt_SUITE.erl guard_post_opt_SUITE.erl lc_post_opt_SUITE.erl map_post_opt_SUITE.erl match_post_opt_SUITE.erl misc_post_opt_SUITE.erl overridden_bif_post_opt_SUITE.erl receive_post_opt_SUITE.erl record_post_opt_SUITE.erl trycatch_post_opt_SUITE.erl \\\n\tandor_inline_SUITE.erl apply_inline_SUITE.erl beam_block_inline_SUITE.erl beam_ssa_inline_SUITE.erl beam_utils_inline_SUITE.erl bif_inline_SUITE.erl bs_bincomp_inline_SUITE.erl bs_bit_binaries_inline_SUITE.erl bs_construct_inline_SUITE.erl bs_match_inline_SUITE.erl bs_utf_inline_SUITE.erl core_fold_inline_SUITE.erl float_inline_SUITE.erl fun_inline_SUITE.erl guard_inline_SUITE.erl lc_inline_SUITE.erl map_inline_SUITE.erl match_inline_SUITE.erl misc_inline_SUITE.erl overridden_bif_inline_SUITE.erl receive_inline_SUITE.erl record_inline_SUITE.erl bs_construct_r21_SUITE.erl bs_match_r21_SUITE.erl \\\n\tandor_no_module_opt_SUITE.erl apply_no_module_opt_SUITE.erl beam_block_no_module_opt_SUITE.erl beam_except_no_module_opt_SUITE.erl beam_jump_no_module_opt_SUITE.erl beam_reorder_no_module_opt_SUITE.erl beam_ssa_no_module_opt_SUITE.erl beam_type_no_module_opt_SUITE.erl beam_utils_no_module_opt_SUITE.erl bif_no_module_opt_SUITE.erl bs_construct_no_module_opt_SUITE.erl bs_match_no_module_opt_SUITE.erl bs_utf_no_module_opt_SUITE.erl core_fold_no_module_opt_SUITE.erl float_no_module_opt_SUITE.erl fun_no_module_opt_SUITE.erl guard_no_module_opt_SUITE.erl lc_no_module_opt_SUITE.erl map_no_module_opt_SUITE.erl match_no_module_opt_SUITE.erl misc_no_module_opt_SUITE.erl overridden_bif_no_module_opt_SUITE.erl receive_no_module_opt_SUITE.erl record_no_module_opt_SUITE.erl trycatch_no_module_opt_SUITE.erl \\\n\tandor_no_ssa_opt_SUITE.erl apply_no_ssa_opt_SUITE.erl beam_block_no_ssa_opt_SUITE.erl beam_except_no_ssa_opt_SUITE.erl beam_jump_no_ssa_opt_SUITE.erl beam_reorder_no_ssa_opt_SUITE.erl beam_ssa_no_ssa_opt_SUITE.erl beam_type_no_ssa_opt_SUITE.erl beam_utils_no_ssa_opt_SUITE.erl bif_no_ssa_opt_SUITE.erl bs_construct_no_ssa_opt_SUITE.erl bs_match_no_ssa_opt_SUITE.erl bs_utf_no_ssa_opt_SUITE.erl core_fold_no_ssa_opt_SUITE.erl float_no_ssa_opt_SUITE.erl fun_no_ssa_opt_SUITE.erl guard_no_ssa_opt_SUITE.erl lc_no_ssa_opt_SUITE.erl map_no_ssa_opt_SUITE.erl match_no_ssa_opt_SUITE.erl misc_no_ssa_opt_SUITE.erl overridden_bif_no_ssa_opt_SUITE.erl receive_no_ssa_opt_SUITE.erl record_no_ssa_opt_SUITE.erl trycatch_no_ssa_opt_SUITE.erl \"/home/travis/build/erlang/otp/release/tests/compiler_test\"\n/usr/bin/install -c -m 644 lfe_andor_SUITE.core lfe_guard_SUITE.core \"/home/travis/build/erlang/otp/release/tests/compiler_test\"\nfor file in lfe_andor_SUITE.erl lfe_guard_SUITE.erl; do \\\n    module=`basename $file .erl`; \\\n    echo \"-module($module). %% dummy .erl file\" >$file; \\\n        done\n/usr/bin/install -c -m 644 lfe_andor_SUITE.erl lfe_guard_SUITE.erl \"/home/travis/build/erlang/otp/release/tests/compiler_test\"\nrm lfe_andor_SUITE.erl lfe_guard_SUITE.erl\nchmod -R u+w \"/home/travis/build/erlang/otp/release/tests/compiler_test\"\nmake[2]: Leaving directory '/home/travis/build/erlang/otp/lib/compiler/test'\nmake[1]: Leaving directory '/home/travis/build/erlang/otp/lib/compiler/test'\nif test -f lib/os_mon/test/Makefile; then \\\n    (cd lib/os_mon/test; make TESTROOT=\"/home/travis/build/erlang/otp/release/tests\" \\\n    PATH=/home/travis/build/erlang/otp/bin/:/home/travis/build/erlang/otp/bootstrap/bin:\"${PATH}\" release_tests) || exit $?; \\\nfi\nmake[1]: Entering directory '/home/travis/build/erlang/otp/lib/os_mon/test'\nmake -w -j --jobserver-fds=3,4 RELEASE_PATH=\"/home/travis/build/erlang/otp/release/tests\"   release_tests_spec \nmake[2]: Entering directory '/home/travis/build/erlang/otp/lib/os_mon/test'\n/home/travis/build/erlang/otp/make/make_emakefile +debug_info -I/home/travis/build/erlang/otp/lib/snmp/include -o. os_mon_SUITE disksup_SUITE memsup_SUITE cpu_sup_SUITE os_sup_SUITE os_mon_conf\\\n> Emakefile\n/usr/bin/install -c -d \"/home/travis/build/erlang/otp/release/tests/os_mon_test\"\n/usr/bin/install -c -m 644 os_mon.spec os_mon.cover os_mon_smoke.spec \\\n\tEmakefile os_mon_SUITE.erl disksup_SUITE.erl memsup_SUITE.erl cpu_sup_SUITE.erl os_sup_SUITE.erl os_mon_conf.erl  \"/home/travis/build/erlang/otp/release/tests/os_mon_test\"\nmake[2]: Leaving directory '/home/travis/build/erlang/otp/lib/os_mon/test'\nmake[1]: Leaving directory '/home/travis/build/erlang/otp/lib/os_mon/test'\nif test -f lib/reltool/test/Makefile; then \\\n    (cd lib/reltool/test; make TESTROOT=\"/home/travis/build/erlang/otp/release/tests\" \\\n    PATH=/home/travis/build/erlang/otp/bin/:/home/travis/build/erlang/otp/bootstrap/bin:\"${PATH}\" release_tests) || exit $?; \\\nfi\nmake[1]: Entering directory '/home/travis/build/erlang/otp/lib/reltool/test'\nmake -w -j --jobserver-fds=3,4 RELEASE_PATH=\"/home/travis/build/erlang/otp/release/tests\"   release_tests_spec \nmake[2]: Entering directory '/home/travis/build/erlang/otp/lib/reltool/test'\n ERLC\trtt.beam\n ERLC\treltool_app_SUITE.beam\n ERLC\treltool_wx_SUITE.beam\n ERLC\treltool_server_SUITE.beam\n ERLC\treltool_manual_gui_SUITE.beam\n ERLC\treltool_test_lib.beam\n/usr/bin/install -c -d \"/home/travis/build/erlang/otp/release/tests/reltool_test\"\n/usr/bin/install -c -m 644 reltool.spec reltool.cover rtt.erl reltool_app_SUITE.erl reltool_wx_SUITE.erl reltool_server_SUITE.erl reltool_manual_gui_SUITE.erl reltool_test_lib.erl reltool_test_lib.hrl \"/home/travis/build/erlang/otp/release/tests/reltool_test\"\n/usr/bin/install -c rtt ./rtt.beam ./reltool_app_SUITE.beam ./reltool_wx_SUITE.beam ./reltool_server_SUITE.beam ./reltool_manual_gui_SUITE.beam ./reltool_test_lib.beam \"/home/travis/build/erlang/otp/release/tests/reltool_test\"\n/usr/bin/install -c -m 644 ./rtt.beam ./reltool_app_SUITE.beam ./reltool_wx_SUITE.beam ./reltool_server_SUITE.beam ./reltool_manual_gui_SUITE.beam ./reltool_test_lib.beam \"/home/travis/build/erlang/otp/release/tests/reltool_test\"\nchmod -R u+w \"/home/travis/build/erlang/otp/release/tests/reltool_test\"\nmake[2]: Leaving directory '/home/travis/build/erlang/otp/lib/reltool/test'\nmake[1]: Leaving directory '/home/travis/build/erlang/otp/lib/reltool/test'\nif test -f lib/hipe/test/Makefile; then \\\n    (cd lib/hipe/test; make TESTROOT=\"/home/travis/build/erlang/otp/release/tests\" \\\n    PATH=/home/travis/build/erlang/otp/bin/:/home/travis/build/erlang/otp/bootstrap/bin:\"${PATH}\" release_tests) || exit $?; \\\nfi\nmake[1]: Entering directory '/home/travis/build/erlang/otp/lib/hipe/test'\nmake -w -j --jobserver-fds=3,4 RELEASE_PATH=\"/home/travis/build/erlang/otp/release/tests\"   release_tests_spec \nmake[2]: Entering directory '/home/travis/build/erlang/otp/lib/hipe/test'\n/home/travis/build/erlang/otp/make/make_emakefile +debug_info  -o. hipe_SUITE opt_verify_SUITE erl_types_SUITE \\\n> Emakefile\n/home/travis/build/erlang/otp/make/make_emakefile +debug_info  -o. basic_SUITE maps_SUITE sanity_SUITE \\\n>> Emakefile\n/home/travis/build/erlang/otp/make/make_emakefile +debug_info  -o. '*_SUITE_make' \\\n>> Emakefile\n/usr/bin/install -c -d \"/home/travis/build/erlang/otp/release/tests/hipe_test\"\nchmod -R u+w \"/home/travis/build/erlang/otp/release/tests/hipe_test\"\n/usr/bin/install -c -m 644 hipe.spec hipe_testsuite_driver.erl Emakefile \"/home/travis/build/erlang/otp/release/tests/hipe_test\"\n/usr/bin/install -c -m 644 hipe_SUITE.erl opt_verify_SUITE.erl erl_types_SUITE.erl \"/home/travis/build/erlang/otp/release/tests/hipe_test\"\ncd \"/home/travis/build/erlang/otp/release/tests/hipe_test\";\\\nerlc hipe_testsuite_driver.erl;\\\nerl -noshell -run hipe_testsuite_driver create_all_suites basic_SUITE maps_SUITE sanity_SUITE -s erlang halt\nmake[2]: Leaving directory '/home/travis/build/erlang/otp/lib/hipe/test'\nmake[1]: Leaving directory '/home/travis/build/erlang/otp/lib/hipe/test'\nif test -f lib/odbc/test/Makefile; then \\\n    (cd lib/odbc/test; make TESTROOT=\"/home/travis/build/erlang/otp/release/tests\" \\\n    PATH=/home/travis/build/erlang/otp/bin/:/home/travis/build/erlang/otp/bootstrap/bin:\"${PATH}\" release_tests) || exit $?; \\\nfi\nmake[1]: Entering directory '/home/travis/build/erlang/otp/lib/odbc/test'\nmake -w -j --jobserver-fds=3,4 RELEASE_PATH=\"/home/travis/build/erlang/otp/release/tests\"   release_tests_spec \nmake[2]: Entering directory '/home/travis/build/erlang/otp/lib/odbc/test'\n/home/travis/build/erlang/otp/make/make_emakefile +debug_info -I. -I/home/travis/build/erlang/otp/lib/odbc/src  -o. '*_SUITE_make' | grep -v Warning > Emakefile\n/home/travis/build/erlang/otp/make/make_emakefile +debug_info -I. -I/home/travis/build/erlang/otp/lib/odbc/src  -o. odbc_start_SUITE odbc_connect_SUITE odbc_query_SUITE odbc_data_type_SUITE odbc_test_lib oracle sqlserver postgres mysql | grep -v Warning >> Emakefile\n/usr/bin/install -c -d \"/home/travis/build/erlang/otp/release/tests/odbc_test\"\n/usr/bin/install -c -m 644 odbc.spec odbc.cover odbc_start_SUITE.erl odbc_connect_SUITE.erl odbc_query_SUITE.erl odbc_data_type_SUITE.erl odbc_test_lib.erl oracle.erl sqlserver.erl postgres.erl mysql.erl odbc_test.hrl  \"/home/travis/build/erlang/otp/release/tests/odbc_test\"\nmake[2]: Leaving directory '/home/travis/build/erlang/otp/lib/odbc/test'\nmake[1]: Leaving directory '/home/travis/build/erlang/otp/lib/odbc/test'\nif test -f lib/megaco/test/Makefile; then \\\n    (cd lib/megaco/test; make TESTROOT=\"/home/travis/build/erlang/otp/release/tests\" \\\n    PATH=/home/travis/build/erlang/otp/bin/:/home/travis/build/erlang/otp/bootstrap/bin:\"${PATH}\" release_tests) || exit $?; \\\nfi\nmake[1]: Entering directory '/home/travis/build/erlang/otp/lib/megaco/test'\nmake -w -j --jobserver-fds=3,4 RELEASE_PATH=\"/home/travis/build/erlang/otp/release/tests\"   release_tests_spec \nmake[2]: Entering directory '/home/travis/build/erlang/otp/lib/megaco/test'\n/home/travis/build/erlang/otp/make/make_emakefile +debug_info -Dmegaco_parser_inline -pa /home/travis/build/erlang/otp/lib/et/ebin -pa /home/travis/build/erlang/otp/lib/megaco/ebin +'{parse_transform,sys_pre_attributes}' +'{attribute,insert,app_vsn,\"megaco-3.18.5\"}'  -o. '*_SUITE_make' | grep -v Warning > Emakefile\n/home/travis/build/erlang/otp/make/make_emakefile +debug_info -Dmegaco_parser_inline -pa /home/travis/build/erlang/otp/lib/et/ebin -pa /home/travis/build/erlang/otp/lib/megaco/ebin +'{parse_transform,sys_pre_attributes}' +'{attribute,insert,app_vsn,\"megaco-3.18.5\"}'  -o. megaco_test_generator megaco_SUITE megaco_app_test megaco_appup_test megaco_actions_test megaco_binary_term_id_test megaco_call_flow_test megaco_codec_test megaco_codec_test_lib megaco_codec_flex_lib megaco_codec_v1_test megaco_codec_v2_test megaco_codec_prev3a_test megaco_codec_prev3b_test megaco_codec_prev3c_test megaco_codec_v3_test megaco_codec_mini_test megaco_config_test megaco_digit_map_test megaco_examples_test megaco_flex_test megaco_load_test megaco_mess_test megaco_mess_user_test megaco_mess_otp8212_test megaco_mib_test megaco_mreq_test megaco_pending_limit_test megaco_profile megaco_segment_test megaco_sdp_test megaco_tc_controller megaco_tcp_test megaco_timer_test megaco_trans_test megaco_udp_test megaco_test_generator_lib megaco_test_megaco_generator megaco_test_tcp_generator megaco_test_deliver megaco_test_generic_transport megaco_test_mgc megaco_test_mg megaco_test_msg_v1_lib megaco_test_msg_v2_lib megaco_test_msg_prev3a_lib megaco_test_msg_prev3b_lib megaco_test_msg_prev3c_lib megaco_test_msg_v3_lib megaco_test_lib | grep -v Warning >> Emakefile\n/usr/bin/install -c -d  \"/home/travis/build/erlang/otp/release/tests/megaco_test\"\n/usr/bin/install -c -m 644 Emakefile megaco.spec megaco.cover megaco_test_lib.hrl megaco_test_generator.erl megaco_SUITE.erl megaco_app_test.erl megaco_appup_test.erl megaco_actions_test.erl megaco_binary_term_id_test.erl megaco_call_flow_test.erl megaco_codec_test.erl megaco_codec_test_lib.erl megaco_codec_flex_lib.erl megaco_codec_v1_test.erl megaco_codec_v2_test.erl megaco_codec_prev3a_test.erl megaco_codec_prev3b_test.erl megaco_codec_prev3c_test.erl megaco_codec_v3_test.erl megaco_codec_mini_test.erl megaco_config_test.erl megaco_digit_map_test.erl megaco_examples_test.erl megaco_flex_test.erl megaco_load_test.erl megaco_mess_test.erl megaco_mess_user_test.erl megaco_mess_otp8212_test.erl megaco_mib_test.erl megaco_mreq_test.erl megaco_pending_limit_test.erl megaco_profile.erl megaco_segment_test.erl megaco_sdp_test.erl megaco_tc_controller.erl megaco_tcp_test.erl megaco_timer_test.erl megaco_trans_test.erl megaco_udp_test.erl megaco_test_generator_lib.erl megaco_test_megaco_generator.erl megaco_test_tcp_generator.erl megaco_test_deliver.erl megaco_test_generic_transport.erl megaco_test_mgc.erl megaco_test_mg.erl megaco_test_msg_v1_lib.erl megaco_test_msg_v2_lib.erl megaco_test_msg_prev3a_lib.erl megaco_test_msg_prev3b_lib.erl megaco_test_msg_prev3c_lib.erl megaco_test_msg_v3_lib.erl megaco_test_lib.erl  \"/home/travis/build/erlang/otp/release/tests/megaco_test\"\nchmod -R u+w \"/home/travis/build/erlang/otp/release/tests/megaco_test\"\nmake[2]: Leaving directory '/home/travis/build/erlang/otp/lib/megaco/test'\nmake[1]: Leaving directory '/home/travis/build/erlang/otp/lib/megaco/test'\nif test -f lib/snmp/test/Makefile; then \\\n    (cd lib/snmp/test; make TESTROOT=\"/home/travis/build/erlang/otp/release/tests\" \\\n    PATH=/home/travis/build/erlang/otp/bin/:/home/travis/build/erlang/otp/bootstrap/bin:\"${PATH}\" release_tests) || exit $?; \\\nfi\nmake[1]: Entering directory '/home/travis/build/erlang/otp/lib/snmp/test'\nmake -w -j --jobserver-fds=3,4 RELEASE_PATH=\"/home/travis/build/erlang/otp/release/tests\"   release_tests_spec \nmake[2]: Entering directory '/home/travis/build/erlang/otp/lib/snmp/test'\nerlc -W  -pa ../ebin +version  +'{group_check,false}'  -Isnmp_test_data -I../priv/mibs -o snmp_test_data snmp_test_data/AC-TEST-MIB.mib\nerlc -W  -pa ../ebin +version  +'{group_check,false}'  -Isnmp_test_data -I../priv/mibs -o snmp_test_data snmp_test_data/MC-TEST-MIB.mib\nerlc -W  -pa ../ebin +version  +'{group_check,false}'  -Isnmp_test_data -I../priv/mibs -o snmp_test_data snmp_test_data/OLD-SNMPEA-MIB.mib\nerlc -W  -pa ../ebin +version  +'{group_check,false}'  -Isnmp_test_data -I../priv/mibs -o snmp_test_data snmp_test_data/OLD-SNMPEA-MIB-v2.mib\nversion: snmp-5.3\nversion: snmp-5.3\nversion: snmp-5.3\nversion: snmp-5.3\nerlc -W  -pa ../ebin +version  +'{group_check,false}'  -Isnmp_test_data -I../priv/mibs -o snmp_test_data snmp_test_data/Klas1.mib\nerlc -W  -pa ../ebin +version  +'{group_check,false}'  -Isnmp_test_data -I../priv/mibs -o snmp_test_data snmp_test_data/Klas1-v2.mib\nerlc -W  -pa ../ebin +version  +'{group_check,false}'  -Isnmp_test_data -I../priv/mibs -o snmp_test_data snmp_test_data/Klas2.mib\nerlc -W  -pa ../ebin +version  +'{group_check,false}'  -Isnmp_test_data -I../priv/mibs -o snmp_test_data snmp_test_data/Klas3.mib\nversion: snmp-5.3\nversion: snmp-5.3\nversion: snmp-5.3\nerlc -W  -pa ../ebin +version  +'{group_check,false}'  -Isnmp_test_data -I../priv/mibs -o snmp_test_data snmp_test_data/SA-MIB.mib\nerlc -W  -pa ../ebin +version  +'{group_check,false}'  -Isnmp_test_data -I../priv/mibs -o snmp_test_data snmp_test_data/EX1-MIB.mib\nerlc -W  -pa ../ebin +version  +'{group_check,false}'  -Isnmp_test_data -I../priv/mibs -o snmp_test_data snmp_test_data/TestTrap.mib\nversion: snmp-5.3\nerlc -W  -pa ../ebin +version  +'{group_check,false}'  -Isnmp_test_data -I../priv/mibs -o snmp_test_data snmp_test_data/TestTrapv2.mib\nversion: snmp-5.3\nerlc -W  -pa ../ebin +version  +'{group_check,false}'  -Isnmp_test_data -I../priv/mibs -o snmp_test_data snmp_test_data/Test1.mib\nversion: snmp-5.3\nversion: snmp-5.3\nerlc -W  -pa ../ebin +version  +'{group_check,false}'  -Isnmp_test_data -I../priv/mibs -o snmp_test_data snmp_test_data/Test2.mib\nerlc -W  -pa ../ebin +version  +'{group_check,false}'  -Isnmp_test_data -I../priv/mibs -o snmp_test_data snmp_test_data/AC-TEST-MIB.bin\nversion: snmp-5.3\nerlc -W  -pa ../ebin +version  +'{group_check,false}'  -Isnmp_test_data -I../priv/mibs -o snmp_test_data snmp_test_data/MC-TEST-MIB.bin\nversion: snmp-5.3\nerlc -W  -pa ../ebin +version  +'{group_check,false}'  -Isnmp_test_data -I../priv/mibs -o snmp_test_data snmp_test_data/OLD-SNMPEA-MIB.bin\nversion: snmp-5.3\nerlc -W  -pa ../ebin +version  +'{group_check,false}'  -Isnmp_test_data -I../priv/mibs -o snmp_test_data snmp_test_data/OLD-SNMPEA-MIB-v2.bin\nerlc -W  -pa ../ebin +version  +'{group_check,false}'  -Isnmp_test_data -I../priv/mibs -o snmp_test_data snmp_test_data/Klas1.bin\nerlc -W  -pa ../ebin +version  +'{group_check,false}'  -Isnmp_test_data -I../priv/mibs -o snmp_test_data snmp_test_data/Klas1-v2.bin\nerlc -W  -pa ../ebin +version  +'{group_check,false}'  -Isnmp_test_data -I../priv/mibs -o snmp_test_data snmp_test_data/Klas2.bin\nerlc -W  -pa ../ebin +version  +'{group_check,false}'  -Isnmp_test_data -I../priv/mibs -o snmp_test_data snmp_test_data/Klas3.bin\nerlc -W  -pa ../ebin +version  +'{group_check,false}'  -Isnmp_test_data -I../priv/mibs -o snmp_test_data snmp_test_data/SA-MIB.bin\nerlc -W  -pa ../ebin +version  +'{group_check,false}'  -Isnmp_test_data -I../priv/mibs -o snmp_test_data snmp_test_data/EX1-MIB.bin\nerlc -W  -pa ../ebin +version  +'{group_check,false}'  -Isnmp_test_data -I../priv/mibs -o snmp_test_data snmp_test_data/TestTrap.bin\nerlc -W  -pa ../ebin +version  +'{group_check,false}'  -Isnmp_test_data -I../priv/mibs -o snmp_test_data snmp_test_data/TestTrapv2.bin\nerlc -W  -pa ../ebin +version  +'{group_check,false}'  -Isnmp_test_data -I../priv/mibs -o snmp_test_data snmp_test_data/Test1.bin\nerlc -W  -pa ../ebin +version  +'{group_check,false}'  -Isnmp_test_data -I../priv/mibs -o snmp_test_data snmp_test_data/Test2.bin\n/home/travis/build/erlang/otp/make/make_emakefile +debug_info -I../../snmp/src/app -I../../snmp/src/misc -I../../snmp/src/agent -I../../snmp/src/manager -I../../snmp/include -Dsnmp_test_data=snmp_test_data -Dversion=\\\"5.3\\\" +'{parse_transform,sys_pre_attributes}' +'{attribute,insert,app_vsn,\"snmp-5.3\"}'  -o. '*_SUITE_make' > Emakefile\n/home/travis/build/erlang/otp/make/make_emakefile +debug_info -I../../snmp/src/app -I../../snmp/src/misc -I../../snmp/src/agent -I../../snmp/src/manager -I../../snmp/include -Dsnmp_test_data=snmp_test_data -Dversion=\\\"5.3\\\" +'{parse_transform,sys_pre_attributes}' +'{attribute,insert,app_vsn,\"snmp-5.3\"}'  -o. snmp_test_lib snmp_test_manager snmp_test_mgr snmp_test_mgr_misc snmp_test_mgr_counter_server sa klas3 test1 test2 snmp_SUITE snmp_to_snmpnet_SUITE snmp_app_test snmp_appup_test snmp_compiler_test snmp_conf_test snmp_log_test snmp_note_store_test snmp_pdus_test snmp_agent_mibs_test snmp_agent_nfilter_test snmp_agent_test snmp_agent_test_get snmp_agent_conf_test snmp_agent_test_lib snmp_manager_config_test snmp_manager_user snmp_manager_user_old snmp_manager_user_test snmp_manager_user_test_lib snmp_manager_test >> Emakefile\nerlc -W  -pa ../ebin +version  +'{group_check,false}'  -Isnmp_test_data -I../priv/mibs -o snmp_test_data snmp_test_data/Klas4.mib\nerlc -W  -pa ../ebin +version  +'{group_check,false}'  -Isnmp_test_data -I../priv/mibs -o snmp_test_data snmp_test_data/Test3.mib\nversion: snmp-5.3\nversion: snmp-5.3\nerlc -W  -pa ../ebin +version  +'{group_check,false}'  -Isnmp_test_data -I../priv/mibs -o snmp_test_data snmp_test_data/Klas4.bin\n[Test3.mib][WAR]: No RowStatus column in table tAugTable => The default functions won't work properly\nerlc -W  -pa ../ebin +version  +'{group_check,false}'  -Isnmp_test_data -I../priv/mibs -o snmp_test_data snmp_test_data/Test3.bin\n/usr/bin/install -c -d \"/home/travis/build/erlang/otp/release/tests/snmp_test\"\n/usr/bin/install -c -m 644 Emakefile snmp.spec snmp_test_lib.erl snmp_test_manager.erl snmp_test_mgr.erl snmp_test_mgr_misc.erl snmp_test_mgr_counter_server.erl sa.erl klas3.erl test1.erl test2.erl snmp_SUITE.erl snmp_to_snmpnet_SUITE.erl snmp_app_test.erl snmp_appup_test.erl snmp_compiler_test.erl snmp_conf_test.erl snmp_log_test.erl snmp_note_store_test.erl snmp_pdus_test.erl snmp_agent_mibs_test.erl snmp_agent_nfilter_test.erl snmp_agent_test.erl snmp_agent_test_get.erl snmp_agent_conf_test.erl snmp_agent_test_lib.erl snmp_manager_config_test.erl snmp_manager_user.erl snmp_manager_user_old.erl snmp_manager_user_test.erl snmp_manager_user_test_lib.erl snmp_manager_test.erl snmp_test_lib.hrl   snmp.cover \"/home/travis/build/erlang/otp/release/tests/snmp_test\"\nchmod -R u+w \"/home/travis/build/erlang/otp/release/tests/snmp_test\"\ntar cf - snmp_test_data | (cd \"/home/travis/build/erlang/otp/release/tests/snmp_test\"; tar xf -)\ntar cf - *_SUITE_data | (cd \"/home/travis/build/erlang/otp/release/tests/snmp_test\"; tar xf -)\nmake[2]: Leaving directory '/home/travis/build/erlang/otp/lib/snmp/test'\nmake[1]: Leaving directory '/home/travis/build/erlang/otp/lib/snmp/test'\nif test -f lib/sasl/test/Makefile; then \\\n    (cd lib/sasl/test; make TESTROOT=\"/home/travis/build/erlang/otp/release/tests\" \\\n    PATH=/home/travis/build/erlang/otp/bin/:/home/travis/build/erlang/otp/bootstrap/bin:\"${PATH}\" release_tests) || exit $?; \\\nfi\nmake[1]: Entering directory '/home/travis/build/erlang/otp/lib/sasl/test'\nmake -w -j --jobserver-fds=3,4 RELEASE_PATH=\"/home/travis/build/erlang/otp/release/tests\"   release_tests_spec \nmake[2]: Entering directory '/home/travis/build/erlang/otp/lib/sasl/test'\n/home/travis/build/erlang/otp/make/make_emakefile +debug_info -I/home/travis/build/erlang/otp/lib/sasl/src -o. '*_SUITE_make'\\\n> Emakefile\n/home/travis/build/erlang/otp/make/make_emakefile +debug_info -I/home/travis/build/erlang/otp/lib/sasl/src -o. sasl_SUITE alarm_handler_SUITE installer release_handler_SUITE sasl_report_SUITE sasl_report_suite_supervisor systools_SUITE systools_rc_SUITE rb_SUITE rh_test_lib \\\n>> Emakefile\n/usr/bin/install -c -d \"/home/travis/build/erlang/otp/release/tests/sasl_test\"\n/usr/bin/install -c -m 644 sasl_SUITE.erl alarm_handler_SUITE.erl installer.erl release_handler_SUITE.erl sasl_report_SUITE.erl sasl_report_suite_supervisor.erl systools_SUITE.erl systools_rc_SUITE.erl rb_SUITE.erl rh_test_lib.erl test_lib.hrl \"/home/travis/build/erlang/otp/release/tests/sasl_test\"\n/usr/bin/install -c -m 644 sasl.spec sasl.cover Emakefile \"/home/travis/build/erlang/otp/release/tests/sasl_test\"\nchmod -R u+w \"/home/travis/build/erlang/otp/release/tests/sasl_test\"\nmake[2]: Leaving directory '/home/travis/build/erlang/otp/lib/sasl/test'\nmake[1]: Leaving directory '/home/travis/build/erlang/otp/lib/sasl/test'\nif test -f lib/eldap/test/Makefile; then \\\n    (cd lib/eldap/test; make TESTROOT=\"/home/travis/build/erlang/otp/release/tests\" \\\n    PATH=/home/travis/build/erlang/otp/bin/:/home/travis/build/erlang/otp/bootstrap/bin:\"${PATH}\" release_tests) || exit $?; \\\nfi\nmake[1]: Entering directory '/home/travis/build/erlang/otp/lib/eldap/test'\nmake -w -j --jobserver-fds=3,4 RELEASE_PATH=\"/home/travis/build/erlang/otp/release/tests\"   release_tests_spec \nmake[2]: Entering directory '/home/travis/build/erlang/otp/lib/eldap/test'\n ERLC\teldap_basic_SUITE.beam\n ERLC\tmake_certs.beam\nmake_certs.erl:22: Warning: export_all flag enabled - all functions will be exported\neldap_basic_SUITE.erl:23: Warning: export_all flag enabled - all functions will be exported\neldap_basic_SUITE.erl:211: Warning: ssl:ssl_accept/1: deprecated; use ssl:handshake/1 instead\n/usr/bin/install -c -d \"/home/travis/build/erlang/otp/release/tests/eldap_test\"\n/usr/bin/install -c -m 644 eldap.spec eldap_basic_SUITE.erl make_certs.erl eldap.cover  \"/home/travis/build/erlang/otp/release/tests/eldap_test\"\n/usr/bin/install -c -m 644 ./eldap_basic_SUITE.beam ./make_certs.beam \"/home/travis/build/erlang/otp/release/tests/eldap_test\"\nchmod -R u+w \"/home/travis/build/erlang/otp/release/tests/eldap_test\"\nmake[2]: Leaving directory '/home/travis/build/erlang/otp/lib/eldap/test'\nmake[1]: Leaving directory '/home/travis/build/erlang/otp/lib/eldap/test'\nif test -f lib/tools/test/Makefile; then \\\n    (cd lib/tools/test; make TESTROOT=\"/home/travis/build/erlang/otp/release/tests\" \\\n    PATH=/home/travis/build/erlang/otp/bin/:/home/travis/build/erlang/otp/bootstrap/bin:\"${PATH}\" release_tests) || exit $?; \\\nfi\nmake[1]: Entering directory '/home/travis/build/erlang/otp/lib/tools/test'\nmake -w -j --jobserver-fds=3,4 RELEASE_PATH=\"/home/travis/build/erlang/otp/release/tests\"   release_tests_spec \nmake[2]: Entering directory '/home/travis/build/erlang/otp/lib/tools/test'\n/home/travis/build/erlang/otp/make/make_emakefile +debug_info  -o. cover_SUITE eprof_SUITE emacs_SUITE emem_SUITE fprof_SUITE cprof_SUITE instrument_SUITE lcnt_SUITE make_SUITE tools_SUITE xref_SUITE prof_bench_SUITE ignore_cores\\\n> Emakefile\n/usr/bin/install -c -d \"/home/travis/build/erlang/otp/release/tests/tools_test\"\n/usr/bin/install -c -m 644 tools.spec tools_bench.spec tools.cover Emakefile \\\n\tcover_SUITE.erl eprof_SUITE.erl emacs_SUITE.erl emem_SUITE.erl fprof_SUITE.erl cprof_SUITE.erl instrument_SUITE.erl lcnt_SUITE.erl make_SUITE.erl tools_SUITE.erl xref_SUITE.erl prof_bench_SUITE.erl ignore_cores.erl \"/home/travis/build/erlang/otp/release/tests/tools_test\"\nchmod -R u+w \"/home/travis/build/erlang/otp/release/tests/tools_test\"\nmake[2]: Leaving directory '/home/travis/build/erlang/otp/lib/tools/test'\nmake[1]: Leaving directory '/home/travis/build/erlang/otp/lib/tools/test'\nif test -f lib/tftp/test/Makefile; then \\\n    (cd lib/tftp/test; make TESTROOT=\"/home/travis/build/erlang/otp/release/tests\" \\\n    PATH=/home/travis/build/erlang/otp/bin/:/home/travis/build/erlang/otp/bootstrap/bin:\"${PATH}\" release_tests) || exit $?; \\\nfi\nmake[1]: Entering directory '/home/travis/build/erlang/otp/lib/tftp/test'\nmake -w -j --jobserver-fds=3,4 RELEASE_PATH=\"/home/travis/build/erlang/otp/release/tests\"   release_tests_spec \nmake[2]: Entering directory '/home/travis/build/erlang/otp/lib/tftp/test'\n/home/travis/build/erlang/otp/make/make_emakefile +debug_info -I. -I/home/travis/build/erlang/otp/lib/tftp/src -Dtftp__data_dir='\"/ldisk/tests/travis/tftp/data_dir\"' -Dtftp_priv_dir='\"/ldisk/tests/travis/tftp/priv_dir\"' -pa ../tftp/ebin -o. '*_SUITE_make' | grep -v Warning > Emakefile\n/home/travis/build/erlang/otp/make/make_emakefile +debug_info -I. -I/home/travis/build/erlang/otp/lib/tftp/src -Dtftp__data_dir='\"/ldisk/tests/travis/tftp/data_dir\"' -Dtftp_priv_dir='\"/ldisk/tests/travis/tftp/priv_dir\"' -pa ../tftp/ebin -o. tftp_SUITE tftp_test_lib | grep -v Warning >> Emakefile\n/usr/bin/install -c -d \"/home/travis/build/erlang/otp/release/tests/tftp_test\"\n/usr/bin/install -c -m 644 Emakefile tftp.cover tftp.spec tftp_bench.spec tftp_SUITE.erl tftp_test_lib.erl ../src/tftp.hrl tftp_test_lib.hrl  \"/home/travis/build/erlang/otp/release/tests/tftp_test\"\nchmod -R u+w \"/home/travis/build/erlang/otp/release/tests/tftp_test\"\ntar chf - tftp_SUITE_data   | (cd \"/home/travis/build/erlang/otp/release/tests/tftp_test\"; tar xf -)\ntar: tftp_SUITE_data: Cannot stat: No such file or directory\ntar: Exiting with failure status due to previous errors\n/usr/bin/install -c -d \"/home/travis/build/erlang/otp/release/tests/tftp_test\"/all_SUITE_data\n/usr/bin/install -c -d \"/home/travis/build/erlang/otp/release/tests/tftp_test\"/all_SUITE_data/bin\nchmod -R +x \"/home/travis/build/erlang/otp/release/tests/tftp_test\"/all_SUITE_data/bin\n/usr/bin/install -c -d \"/home/travis/build/erlang/otp/release/tests/tftp_test\"/all_SUITE_data/win32/lib\t\nmake[2]: Leaving directory '/home/travis/build/erlang/otp/lib/tftp/test'\nmake[1]: Leaving directory '/home/travis/build/erlang/otp/lib/tftp/test'\nif test -f lib/erl_docgen/test/Makefile; then \\\n    (cd lib/erl_docgen/test; make TESTROOT=\"/home/travis/build/erlang/otp/release/tests\" \\\n    PATH=/home/travis/build/erlang/otp/bin/:/home/travis/build/erlang/otp/bootstrap/bin:\"${PATH}\" release_tests) || exit $?; \\\nfi\nmake[1]: Entering directory '/home/travis/build/erlang/otp/lib/erl_docgen/test'\nmake -w -j --jobserver-fds=3,4 RELEASE_PATH=\"/home/travis/build/erlang/otp/release/tests\"   release_tests_spec \nmake[2]: Entering directory '/home/travis/build/erlang/otp/lib/erl_docgen/test'\n/home/travis/build/erlang/otp/make/make_emakefile +debug_info  -o. erl_docgen_SUITE \\\n> Emakefile\n/home/travis/build/erlang/otp/make/make_emakefile +debug_info  -o. '*_SUITE_make' \\\n>> Emakefile\n/usr/bin/install -c -d \"/home/travis/build/erlang/otp/release/tests/erl_docgen_test\"\n/usr/bin/install -c -m 644 Emakefile erl_docgen_SUITE.erl \"/home/travis/build/erlang/otp/release/tests/erl_docgen_test\"\n/usr/bin/install -c -m 644 erl_docgen.spec \"/home/travis/build/erlang/otp/release/tests/erl_docgen_test\"\nchmod -R u+w \"/home/travis/build/erlang/otp/release/tests/erl_docgen_test\"\nmake[2]: Leaving directory '/home/travis/build/erlang/otp/lib/erl_docgen/test'\nmake[1]: Leaving directory '/home/travis/build/erlang/otp/lib/erl_docgen/test'\nif test -f lib/diameter/test/Makefile; then \\\n    (cd lib/diameter/test; make TESTROOT=\"/home/travis/build/erlang/otp/release/tests\" \\\n    PATH=/home/travis/build/erlang/otp/bin/:/home/travis/build/erlang/otp/bootstrap/bin:\"${PATH}\" release_tests) || exit $?; \\\nfi\nmake[1]: Entering directory '/home/travis/build/erlang/otp/lib/diameter/test'\n(for f in diameter_ct diameter_enum diameter_util diameter_3xxx_SUITE diameter_app_SUITE diameter_capx_SUITE diameter_codec_SUITE diameter_codec_test diameter_config_SUITE diameter_compiler_SUITE diameter_dist_SUITE diameter_distribution_SUITE diameter_dpr_SUITE diameter_event_SUITE diameter_examples_SUITE diameter_failover_SUITE diameter_gen_sctp_SUITE diameter_gen_tcp_SUITE diameter_length_SUITE diameter_pool_SUITE diameter_reg_SUITE diameter_relay_SUITE diameter_stats_SUITE diameter_sync_SUITE diameter_tls_SUITE diameter_traffic_SUITE diameter_transport_SUITE diameter_watchdog_SUITE; do \\\n     (echo $f; cat $f.erl) | sed -f depend.sed; \\\n done) \\\n> depend.mk\nmake -w -j --jobserver-fds=3,4 RELEASE_PATH=\"/home/travis/build/erlang/otp/release/tests\"   release_tests_spec \nmake[2]: Entering directory '/home/travis/build/erlang/otp/lib/diameter/test'\n/usr/bin/install -c -d  \"/home/travis/build/erlang/otp/release/tests/diameter_test\"\n/usr/bin/install -c -m 644 diameter.spec \\\n                diameter.cover \\\n                diameter_ct.hrl \\\n                \"/home/travis/build/erlang/otp/release/tests/diameter_test\"\nmake release_data_diameter_codec_SUITE_data\nmake[3]: Entering directory '/home/travis/build/erlang/otp/lib/diameter/test'\n/usr/bin/install -c -d \"/home/travis/build/erlang/otp/release/tests/diameter_test/diameter_codec_SUITE_data\"\n/usr/bin/install -c -m 644 diameter_codec_SUITE_data/avps.dia diameter_codec_SUITE_data/send.dia diameter_codec_SUITE_data/recv.dia diameter_codec_SUITE_data/diameter_test_unknown.erl \"/home/travis/build/erlang/otp/release/tests/diameter_test/diameter_codec_SUITE_data\"\nmake[3]: Leaving directory '/home/travis/build/erlang/otp/lib/diameter/test'\nmake /diameter_ct.erl /diameter_enum.erl /diameter_util.erl /diameter_3xxx_SUITE.erl /diameter_app_SUITE.erl /diameter_capx_SUITE.erl /diameter_codec_SUITE.erl /diameter_codec_test.erl /diameter_config_SUITE.erl /diameter_compiler_SUITE.erl /diameter_dist_SUITE.erl /diameter_distribution_SUITE.erl /diameter_dpr_SUITE.erl /diameter_event_SUITE.erl /diameter_examples_SUITE.erl /diameter_failover_SUITE.erl /diameter_gen_sctp_SUITE.erl /diameter_gen_tcp_SUITE.erl /diameter_length_SUITE.erl /diameter_pool_SUITE.erl /diameter_reg_SUITE.erl /diameter_relay_SUITE.erl /diameter_stats_SUITE.erl /diameter_sync_SUITE.erl /diameter_tls_SUITE.erl /diameter_traffic_SUITE.erl /diameter_transport_SUITE.erl /diameter_watchdog_SUITE.erl\nmake[3]: Entering directory '/home/travis/build/erlang/otp/lib/diameter/test'\nsed -f release.sed diameter_ct.erl > \"/home/travis/build/erlang/otp/release/tests/diameter_test/diameter_ct.erl\"\nsed -f release.sed diameter_enum.erl > \"/home/travis/build/erlang/otp/release/tests/diameter_test/diameter_enum.erl\"\nsed -f release.sed diameter_util.erl > \"/home/travis/build/erlang/otp/release/tests/diameter_test/diameter_util.erl\"\nsed -f release.sed diameter_3xxx_SUITE.erl > \"/home/travis/build/erlang/otp/release/tests/diameter_test/diameter_3xxx_SUITE.erl\"\nsed -f release.sed diameter_app_SUITE.erl > \"/home/travis/build/erlang/otp/release/tests/diameter_test/diameter_app_SUITE.erl\"\nsed -f release.sed diameter_capx_SUITE.erl > \"/home/travis/build/erlang/otp/release/tests/diameter_test/diameter_capx_SUITE.erl\"\nsed -f release.sed diameter_codec_SUITE.erl > \"/home/travis/build/erlang/otp/release/tests/diameter_test/diameter_codec_SUITE.erl\"\nsed -f release.sed diameter_codec_test.erl > \"/home/travis/build/erlang/otp/release/tests/diameter_test/diameter_codec_test.erl\"\nsed -f release.sed diameter_config_SUITE.erl > \"/home/travis/build/erlang/otp/release/tests/diameter_test/diameter_config_SUITE.erl\"\nsed -f release.sed diameter_compiler_SUITE.erl > \"/home/travis/build/erlang/otp/release/tests/diameter_test/diameter_compiler_SUITE.erl\"\nsed -f release.sed diameter_dist_SUITE.erl > \"/home/travis/build/erlang/otp/release/tests/diameter_test/diameter_dist_SUITE.erl\"\nsed -f release.sed diameter_distribution_SUITE.erl > \"/home/travis/build/erlang/otp/release/tests/diameter_test/diameter_distribution_SUITE.erl\"\nsed -f release.sed diameter_dpr_SUITE.erl > \"/home/travis/build/erlang/otp/release/tests/diameter_test/diameter_dpr_SUITE.erl\"\nsed -f release.sed diameter_event_SUITE.erl > \"/home/travis/build/erlang/otp/release/tests/diameter_test/diameter_event_SUITE.erl\"\nsed -f release.sed diameter_examples_SUITE.erl > \"/home/travis/build/erlang/otp/release/tests/diameter_test/diameter_examples_SUITE.erl\"\nsed -f release.sed diameter_failover_SUITE.erl > \"/home/travis/build/erlang/otp/release/tests/diameter_test/diameter_failover_SUITE.erl\"\nsed -f release.sed diameter_gen_sctp_SUITE.erl > \"/home/travis/build/erlang/otp/release/tests/diameter_test/diameter_gen_sctp_SUITE.erl\"\nsed -f release.sed diameter_gen_tcp_SUITE.erl > \"/home/travis/build/erlang/otp/release/tests/diameter_test/diameter_gen_tcp_SUITE.erl\"\nsed -f release.sed diameter_length_SUITE.erl > \"/home/travis/build/erlang/otp/release/tests/diameter_test/diameter_length_SUITE.erl\"\nsed -f release.sed diameter_pool_SUITE.erl > \"/home/travis/build/erlang/otp/release/tests/diameter_test/diameter_pool_SUITE.erl\"\nsed -f release.sed diameter_reg_SUITE.erl > \"/home/travis/build/erlang/otp/release/tests/diameter_test/diameter_reg_SUITE.erl\"\nsed -f release.sed diameter_relay_SUITE.erl > \"/home/travis/build/erlang/otp/release/tests/diameter_test/diameter_relay_SUITE.erl\"\nsed -f release.sed diameter_stats_SUITE.erl > \"/home/travis/build/erlang/otp/release/tests/diameter_test/diameter_stats_SUITE.erl\"\nsed -f release.sed diameter_sync_SUITE.erl > \"/home/travis/build/erlang/otp/release/tests/diameter_test/diameter_sync_SUITE.erl\"\nsed -f release.sed diameter_tls_SUITE.erl > \"/home/travis/build/erlang/otp/release/tests/diameter_test/diameter_tls_SUITE.erl\"\nsed -f release.sed diameter_traffic_SUITE.erl > \"/home/travis/build/erlang/otp/release/tests/diameter_test/diameter_traffic_SUITE.erl\"\nsed -f release.sed diameter_transport_SUITE.erl > \"/home/travis/build/erlang/otp/release/tests/diameter_test/diameter_transport_SUITE.erl\"\nsed -f release.sed diameter_watchdog_SUITE.erl > \"/home/travis/build/erlang/otp/release/tests/diameter_test/diameter_watchdog_SUITE.erl\"\nmake[3]: Leaving directory '/home/travis/build/erlang/otp/lib/diameter/test'\nmake[2]: Leaving directory '/home/travis/build/erlang/otp/lib/diameter/test'\nmake[1]: Leaving directory '/home/travis/build/erlang/otp/lib/diameter/test'\nif test -f lib/et/test/Makefile; then \\\n    (cd lib/et/test; make TESTROOT=\"/home/travis/build/erlang/otp/release/tests\" \\\n    PATH=/home/travis/build/erlang/otp/bin/:/home/travis/build/erlang/otp/bootstrap/bin:\"${PATH}\" release_tests) || exit $?; \\\nfi\nmake[1]: Entering directory '/home/travis/build/erlang/otp/lib/et/test'\nmake -w -j --jobserver-fds=3,4 RELEASE_PATH=\"/home/travis/build/erlang/otp/release/tests\"   release_tests_spec \nmake[2]: Entering directory '/home/travis/build/erlang/otp/lib/et/test'\n ERLC\tet_SUITE.beam\n ERLC\tett.beam\n ERLC\tet_wx_SUITE.beam\n ERLC\tet_test_lib.beam\n/usr/bin/install -c -d \"/home/travis/build/erlang/otp/release/tests/et_test\"\n/usr/bin/install -c -m 644 et.spec et.cover ett.erl et_SUITE.erl et_wx_SUITE.erl et_test_lib.erl et_test_lib.hrl \"/home/travis/build/erlang/otp/release/tests/et_test\"\n/usr/bin/install -c ett \"/home/travis/build/erlang/otp/release/tests/et_test\"\n/usr/bin/install -c -m 644 ./ett.beam ./et_SUITE.beam ./et_wx_SUITE.beam ./et_test_lib.beam \"/home/travis/build/erlang/otp/release/tests/et_test\"\nmake[2]: Leaving directory '/home/travis/build/erlang/otp/lib/et/test'\nmake[1]: Leaving directory '/home/travis/build/erlang/otp/lib/et/test'\nif test -f lib/common_test/test/Makefile; then \\\n    (cd lib/common_test/test; make TESTROOT=\"/home/travis/build/erlang/otp/release/tests\" \\\n    PATH=/home/travis/build/erlang/otp/bin/:/home/travis/build/erlang/otp/bootstrap/bin:\"${PATH}\" release_tests) || exit $?; \\\nfi\nmake[1]: Entering directory '/home/travis/build/erlang/otp/lib/common_test/test'\nmake -w -j --jobserver-fds=3,4 RELEASE_PATH=\"/home/travis/build/erlang/otp/release/tests\"   release_tests_spec \nmake[2]: Entering directory '/home/travis/build/erlang/otp/lib/common_test/test'\n/usr/bin/install -c -d \"/home/travis/build/erlang/otp/release/tests/common_test_test\"\n/usr/bin/install -c -m 644 ct_test_support.erl ct_test_support_eh.erl ct_userconfig_callback.erl telnet_server.erl ct_smoke_test_SUITE.erl ct_gen_conn_SUITE.erl ct_priv_dir_SUITE.erl ct_event_handler_SUITE.erl ct_config_info_SUITE.erl ct_groups_test_1_SUITE.erl ct_groups_test_2_SUITE.erl ct_group_info_SUITE.erl ct_groups_spec_SUITE.erl ct_sequence_1_SUITE.erl ct_repeat_1_SUITE.erl ct_repeat_testrun_SUITE.erl ct_testspec_1_SUITE.erl ct_testspec_2_SUITE.erl ct_testspec_3_SUITE.erl ct_skip_SUITE.erl ct_error_SUITE.erl ct_test_server_if_1_SUITE.erl ct_config_SUITE.erl ct_master_SUITE.erl ct_misc_1_SUITE.erl ct_hooks_SUITE.erl ct_pre_post_test_io_SUITE.erl ct_netconfc_SUITE.erl ct_basic_html_SUITE.erl ct_auto_compile_SUITE.erl ct_verbosity_SUITE.erl ct_shell_SUITE.erl ct_system_error_SUITE.erl ct_snmp_SUITE.erl ct_group_leader_SUITE.erl ct_cover_SUITE.erl ct_cover_nomerge_SUITE.erl ct_groups_search_SUITE.erl ct_surefire_SUITE.erl ct_telnet_SUITE.erl erl2html2_SUITE.erl test_server_SUITE.erl test_server_test_lib.erl ct_release_test_SUITE.erl ct_log_SUITE.erl ct_SUITE.erl ct_keep_logs_SUITE.erl ct_unicode_SUITE.erl ct_auto_clean_SUITE.erl ct_util_SUITE.erl ct_tc_repeat_SUITE.erl test_server_test_lib.hrl  \"/home/travis/build/erlang/otp/release/tests/common_test_test\"\n/usr/bin/install -c -m 644 common_test.spec common_test.cover \"/home/travis/build/erlang/otp/release/tests/common_test_test\"\nchmod -R u+w \"/home/travis/build/erlang/otp/release/tests/common_test_test\"\nmake[2]: Leaving directory '/home/travis/build/erlang/otp/lib/common_test/test'\nmake[1]: Leaving directory '/home/travis/build/erlang/otp/lib/common_test/test'\nif test -f lib/debugger/test/Makefile; then \\\n    (cd lib/debugger/test; make TESTROOT=\"/home/travis/build/erlang/otp/release/tests\" \\\n    PATH=/home/travis/build/erlang/otp/bin/:/home/travis/build/erlang/otp/bootstrap/bin:\"${PATH}\" release_tests) || exit $?; \\\nfi\nmake[1]: Entering directory '/home/travis/build/erlang/otp/lib/debugger/test'\nmake -w -j --jobserver-fds=3,4 RELEASE_PATH=\"/home/travis/build/erlang/otp/release/tests\"   release_tests_spec \nmake[2]: Entering directory '/home/travis/build/erlang/otp/lib/debugger/test'\n/home/travis/build/erlang/otp/make/make_emakefile +debug_info  -o. andor_SUITE bs_bincomp_SUITE bs_construct_SUITE bs_match_bin_SUITE bs_match_int_SUITE bs_match_misc_SUITE bs_match_tail_SUITE bs_utf_SUITE bug_SUITE erl_eval_SUITE dbg_ui_SUITE debugger_SUITE int_SUITE int_break_SUITE int_eval_SUITE guard_SUITE exception_SUITE fun_SUITE lc_SUITE line_number_SUITE map_SUITE overridden_bif_SUITE record_SUITE trycatch_SUITE test_lib cleanup \\\n> Emakefile\n/home/travis/build/erlang/otp/make/make_emakefile +debug_info  -o. '*_SUITE_make' \\\n>> Emakefile\n/usr/bin/install -c -d \"/home/travis/build/erlang/otp/release/tests/debugger_test\"\n/usr/bin/install -c -m 644 Emakefile andor_SUITE.erl bs_bincomp_SUITE.erl bs_construct_SUITE.erl bs_match_bin_SUITE.erl bs_match_int_SUITE.erl bs_match_misc_SUITE.erl bs_match_tail_SUITE.erl bs_utf_SUITE.erl bug_SUITE.erl erl_eval_SUITE.erl dbg_ui_SUITE.erl debugger_SUITE.erl int_SUITE.erl int_break_SUITE.erl int_eval_SUITE.erl guard_SUITE.erl exception_SUITE.erl fun_SUITE.erl lc_SUITE.erl line_number_SUITE.erl map_SUITE.erl overridden_bif_SUITE.erl record_SUITE.erl trycatch_SUITE.erl test_lib.erl cleanup.erl \"/home/travis/build/erlang/otp/release/tests/debugger_test\"\n/usr/bin/install -c -m 644 debugger.spec debugger.cover \"/home/travis/build/erlang/otp/release/tests/debugger_test\"\nchmod -R u+w \"/home/travis/build/erlang/otp/release/tests/debugger_test\"\nmake[2]: Leaving directory '/home/travis/build/erlang/otp/lib/debugger/test'\nmake[1]: Leaving directory '/home/travis/build/erlang/otp/lib/debugger/test'\nif test -f lib/edoc/test/Makefile; then \\\n    (cd lib/edoc/test; make TESTROOT=\"/home/travis/build/erlang/otp/release/tests\" \\\n    PATH=/home/travis/build/erlang/otp/bin/:/home/travis/build/erlang/otp/bootstrap/bin:\"${PATH}\" release_tests) || exit $?; \\\nfi\nmake[1]: Entering directory '/home/travis/build/erlang/otp/lib/edoc/test'\nmake -w -j --jobserver-fds=3,4 RELEASE_PATH=\"/home/travis/build/erlang/otp/release/tests\"   release_tests_spec \nmake[2]: Entering directory '/home/travis/build/erlang/otp/lib/edoc/test'\n/home/travis/build/erlang/otp/make/make_emakefile +debug_info  -o. edoc_SUITE \\\n> Emakefile\n/home/travis/build/erlang/otp/make/make_emakefile +debug_info  -o. '*_SUITE_make' \\\n>> Emakefile\n/usr/bin/install -c -d \"/home/travis/build/erlang/otp/release/tests/edoc_test\"\n/usr/bin/install -c -m 644 Emakefile edoc_SUITE.erl \"/home/travis/build/erlang/otp/release/tests/edoc_test\"\n/usr/bin/install -c -m 644 edoc.spec edoc.cover \"/home/travis/build/erlang/otp/release/tests/edoc_test\"\nchmod -R u+w \"/home/travis/build/erlang/otp/release/tests/edoc_test\"\nmake[2]: Leaving directory '/home/travis/build/erlang/otp/lib/edoc/test'\nmake[1]: Leaving directory '/home/travis/build/erlang/otp/lib/edoc/test'\nif test -f lib/eunit/test/Makefile; then \\\n    (cd lib/eunit/test; make TESTROOT=\"/home/travis/build/erlang/otp/release/tests\" \\\n    PATH=/home/travis/build/erlang/otp/bin/:/home/travis/build/erlang/otp/bootstrap/bin:\"${PATH}\" release_tests) || exit $?; \\\nfi\nmake[1]: Entering directory '/home/travis/build/erlang/otp/lib/eunit/test'\nmake -w -j --jobserver-fds=3,4 RELEASE_PATH=\"/home/travis/build/erlang/otp/release/tests\"   release_tests_spec \nmake[2]: Entering directory '/home/travis/build/erlang/otp/lib/eunit/test'\n/home/travis/build/erlang/otp/make/make_emakefile +debug_info  -o. \\\n\teunit_SUITE tlatin tutf8 > Emakefile\n/usr/bin/install -c -d \"/home/travis/build/erlang/otp/release/tests/eunit_test\"\n/usr/bin/install -c -m 644 eunit.spec Emakefile \\\n\teunit.cover eunit_SUITE.erl tlatin.erl tutf8.erl \\\n\t\"/home/travis/build/erlang/otp/release/tests/eunit_test\"\nmake[2]: Leaving directory '/home/travis/build/erlang/otp/lib/eunit/test'\nmake[1]: Leaving directory '/home/travis/build/erlang/otp/lib/eunit/test'\nif test -f lib/inets/test/Makefile; then \\\n    (cd lib/inets/test; make TESTROOT=\"/home/travis/build/erlang/otp/release/tests\" \\\n    PATH=/home/travis/build/erlang/otp/bin/:/home/travis/build/erlang/otp/bootstrap/bin:\"${PATH}\" release_tests) || exit $?; \\\nfi\nmake[1]: Entering directory '/home/travis/build/erlang/otp/lib/inets/test'\nmake -w -j --jobserver-fds=3,4 RELEASE_PATH=\"/home/travis/build/erlang/otp/release/tests\"   release_tests_spec \nmake[2]: Entering directory '/home/travis/build/erlang/otp/lib/inets/test'\n/home/travis/build/erlang/otp/make/make_emakefile +debug_info -I. -I/home/travis/build/erlang/otp/lib/inets/src/inets_app -I/home/travis/build/erlang/otp/lib/inets/src/http_lib -I/home/travis/build/erlang/otp/lib/inets/src/http_client -Dinets_data_dir='\"/ldisk/tests/travis/inets/data_dir\"' -Dinets_priv_dir='\"/ldisk/tests/travis/inets/priv_dir\"' -Dinets_debug -Dinets_log -Dhttpd_manager_verbosity=trace -Dhttpd_request_handler_verbosity=trace -Dhttpd_acceptor_verbosity=trace -Dhttpd_auth_verbosity=log -Dhttpd_security_verbosity=log -pa ../../inets/ebin -o. '*_SUITE_make' | grep -v Warning > Emakefile\n/home/travis/build/erlang/otp/make/make_emakefile +debug_info -I. -I/home/travis/build/erlang/otp/lib/inets/src/inets_app -I/home/travis/build/erlang/otp/lib/inets/src/http_lib -I/home/travis/build/erlang/otp/lib/inets/src/http_client -Dinets_data_dir='\"/ldisk/tests/travis/inets/data_dir\"' -Dinets_priv_dir='\"/ldisk/tests/travis/inets/priv_dir\"' -Dinets_debug -Dinets_log -Dhttpd_manager_verbosity=trace -Dhttpd_request_handler_verbosity=trace -Dhttpd_acceptor_verbosity=trace -Dhttpd_auth_verbosity=log -Dhttpd_security_verbosity=log -pa ../../inets/ebin -o. inets_test_lib erl_make_certs make_certs http_format_SUITE httpc_SUITE httpc_cookie_SUITE httpc_proxy_SUITE httpd_SUITE httpd_bench_SUITE http_test_lib httpd_basic_SUITE httpd_mod httpd_load httpd_time_test httpd_1_1 httpd_1_0 httpd_test_lib inets_sup_SUITE inets_SUITE uri_SUITE inets_socketwrap_SUITE | grep -v Warning >> Emakefile\n/usr/bin/install -c -d \"/home/travis/build/erlang/otp/release/tests/inets_test\"\n/usr/bin/install -c -m 644 Emakefile inets.cover inets.spec inets_bench.spec inets_test_lib.erl erl_make_certs.erl make_certs.erl http_format_SUITE.erl httpc_SUITE.erl httpc_cookie_SUITE.erl httpc_proxy_SUITE.erl httpd_SUITE.erl httpd_bench_SUITE.erl http_test_lib.erl httpd_basic_SUITE.erl httpd_mod.erl httpd_load.erl httpd_time_test.erl httpd_1_1.erl httpd_1_0.erl httpd_test_lib.erl inets_sup_SUITE.erl inets_SUITE.erl uri_SUITE.erl inets_socketwrap_SUITE.erl inets_test_lib.hrl inets_internal.hrl httpc_internal.hrl http_internal.hrl  \"/home/travis/build/erlang/otp/release/tests/inets_test\"\nchmod -R u+w \"/home/travis/build/erlang/otp/release/tests/inets_test\"\ntar chf - inets_SUITE_data inets_socketwrap_SUITE_data httpd_test_data httpd_SUITE_data httpd_basic_SUITE_data old_httpd_SUITE_data httpd_bench_SUITE_data httpc_SUITE_data httpc_proxy_SUITE_data | (cd \"/home/travis/build/erlang/otp/release/tests/inets_test\"; tar xf -)\ntar: old_httpd_SUITE_data: Cannot stat: No such file or directory\ntar: Exiting with failure status due to previous errors\n/usr/bin/install -c -d \"/home/travis/build/erlang/otp/release/tests/inets_test\"/all_SUITE_data\n/usr/bin/install -c -d \"/home/travis/build/erlang/otp/release/tests/inets_test\"/all_SUITE_data/bin\nchmod -R +x \"/home/travis/build/erlang/otp/release/tests/inets_test\"/all_SUITE_data/bin\n/usr/bin/install -c -d \"/home/travis/build/erlang/otp/release/tests/inets_test\"/all_SUITE_data/win32/lib\t\nmake[2]: Leaving directory '/home/travis/build/erlang/otp/lib/inets/test'\nmake[1]: Leaving directory '/home/travis/build/erlang/otp/lib/inets/test'\nif test -f lib/erl_interface/test/Makefile; then \\\n    (cd lib/erl_interface/test; make TESTROOT=\"/home/travis/build/erlang/otp/release/tests\" \\\n    PATH=/home/travis/build/erlang/otp/bin/:/home/travis/build/erlang/otp/bootstrap/bin:\"${PATH}\" release_tests) || exit $?; \\\nfi\nmake[1]: Entering directory '/home/travis/build/erlang/otp/lib/erl_interface/test'\nmake -w -j --jobserver-fds=3,4 RELEASE_PATH=\"/home/travis/build/erlang/otp/release/tests\"   release_tests_spec \nmake[2]: Entering directory '/home/travis/build/erlang/otp/lib/erl_interface/test'\n/usr/bin/install -c -d \"/home/travis/build/erlang/otp/release/tests/erl_interface_test\"\n/usr/bin/install -c -m 644 erl_interface.spec erl_interface_smoke.spec erl_interface.cover ei_accept_SUITE.erl ei_connect_SUITE.erl ei_decode_SUITE.erl ei_decode_encode_SUITE.erl ei_encode_SUITE.erl ei_format_SUITE.erl ei_print_SUITE.erl ei_tmo_SUITE.erl erl_call_SUITE.erl erl_connect_SUITE.erl erl_global_SUITE.erl erl_eterm_SUITE.erl erl_ext_SUITE.erl erl_format_SUITE.erl erl_match_SUITE.erl port_call_SUITE.erl runner.erl \"/home/travis/build/erlang/otp/release/tests/erl_interface_test\"\nchmod -R u+w \"/home/travis/build/erlang/otp/release/tests/erl_interface_test\"\nmake[2]: Leaving directory '/home/travis/build/erlang/otp/lib/erl_interface/test'\nmake[1]: Leaving directory '/home/travis/build/erlang/otp/lib/erl_interface/test'\nif test -f lib/xmerl/test/Makefile; then \\\n    (cd lib/xmerl/test; make TESTROOT=\"/home/travis/build/erlang/otp/release/tests\" \\\n    PATH=/home/travis/build/erlang/otp/bin/:/home/travis/build/erlang/otp/bootstrap/bin:\"${PATH}\" release_tests) || exit $?; \\\nfi\nmake[1]: Entering directory '/home/travis/build/erlang/otp/lib/xmerl/test'\nmake -w -j --jobserver-fds=3,4 RELEASE_PATH=\"/home/travis/build/erlang/otp/release/tests\"   release_tests_spec \nmake[2]: Entering directory '/home/travis/build/erlang/otp/lib/xmerl/test'\ncp ../doc/examples/xmerl_test.erl xmerl_test.erl\nchmod u+w xmerl_test.erl\n/usr/bin/install -c -d \"/home/travis/build/erlang/otp/release/tests/xmerl_test\"\n/usr/bin/install -c -m 644  xmerl_test.erl xmerl_app_test.erl xmerl_appup_test.erl xmerl_test_lib.erl xmerl_xsd_lib.erl /home/travis/build/erlang/otp/lib/xmerl/include/xmerl.hrl /home/travis/build/erlang/otp/lib/xmerl/include/xmerl_xsd.hrl \"/home/travis/build/erlang/otp/release/tests/xmerl_test\"\n/usr/bin/install -c -m 644  xmerl_SUITE.erl xmerl_std_SUITE.erl xmerl_sax_SUITE.erl xmerl_sax_std_SUITE.erl xmerl_xsd_SUITE.erl xmerl_xsd_MS2002-01-16_SUITE.erl xmerl_xsd_NIST2002-01-16_SUITE.erl xmerl_xsd_Sun2002-01-16_SUITE.erl xmerl_sax_stream_SUITE.erl \"/home/travis/build/erlang/otp/release/tests/xmerl_test\"\n/usr/bin/install -c -m 644 xmerl.spec xmerl.cover \"/home/travis/build/erlang/otp/release/tests/xmerl_test\"\ncp testcases.dtd xmlconformance.msxsl xmlconformance.xsl \"/home/travis/build/erlang/otp/release/tests/xmerl_test\"\nchmod -R u+w \"/home/travis/build/erlang/otp/release/tests/xmerl_test\"\nmake[2]: Leaving directory '/home/travis/build/erlang/otp/lib/xmerl/test'\nmake[1]: Leaving directory '/home/travis/build/erlang/otp/lib/xmerl/test'\nif test -f lib/mnesia/test/Makefile; then \\\n    (cd lib/mnesia/test; make TESTROOT=\"/home/travis/build/erlang/otp/release/tests\" \\\n    PATH=/home/travis/build/erlang/otp/bin/:/home/travis/build/erlang/otp/bootstrap/bin:\"${PATH}\" release_tests) || exit $?; \\\nfi\nmake[1]: Entering directory '/home/travis/build/erlang/otp/lib/mnesia/test'\nmake -w -j --jobserver-fds=3,4 RELEASE_PATH=\"/home/travis/build/erlang/otp/release/tests\"   release_tests_spec \nmake[2]: Entering directory '/home/travis/build/erlang/otp/lib/mnesia/test'\n ERLC\tmt.beam\n ERLC\tmnesia_test_lib.beam\n ERLC\tmnesia_SUITE.beam\n ERLC\tmnesia_bench_SUITE.beam\n ERLC\tmnesia_install_test.beam\n ERLC\tmnesia_registry_test.beam\n ERLC\tmnesia_config_test.beam\n ERLC\tmnesia_frag_test.beam\n ERLC\tmnesia_inconsistent_database_test.beam\n ERLC\tmnesia_config_backup.beam\n ERLC\tmnesia_config_event.beam\n ERLC\tmnesia_examples_test.beam\n ERLC\tmnesia_nice_coverage_test.beam\n ERLC\tmnesia_evil_coverage_test.beam\n ERLC\tmnesia_evil_backup.beam\n ERLC\tmnesia_trans_access_test.beam\n ERLC\tmnesia_dirty_access_test.beam\n ERLC\tmnesia_atomicity_test.beam\n ERLC\tmnesia_consistency_test.beam\nmnesia_dirty_access_test.erl:119: Warning: variable 'Config' is unused\n ERLC\tmnesia_majority_test.beam\n ERLC\tmnesia_isolation_test.beam\n ERLC\tmnesia_durability_test.beam\n ERLC\tmnesia_recovery_test.beam\n ERLC\tmnesia_qlc_test.beam\nmnesia_evil_coverage_test.erl:2574: Warning: variable 'Tab' shadowed in 'fun'\nmnesia_evil_coverage_test.erl:2584: Warning: variable 'Tab' shadowed in 'fun'\n ERLC\tmnesia_schema_recovery_test.beam\n ERLC\tmnesia_measure_test.beam\n ERLC\tmnesia_cost.beam\n ERLC\tmnesia_dbn_meters.beam\n ERLC\text_test.beam\n ERLC\tmnesia_index_plugin_test.beam\nerlc -W  -bbeam +debug_info -o. ../doc/src//company.erl\nerlc -W  -bbeam +debug_info -o. ../doc/src//company_o.erl\nerlc -W  -bbeam +debug_info -o. ../doc/src//bup.erl\nerlc -W  -bbeam +debug_info -o. ../examples//mnesia_meter.erl\nerlc -W  -bbeam +debug_info -o. ../examples//mnesia_tpcb.erl\n/usr/bin/install -c -d \"/home/travis/build/erlang/otp/release/tests/mnesia_test\"\n/usr/bin/install -c -m 644 mnesia.spec mnesia_bench.spec mnesia.cover mt.erl mnesia_SUITE.erl mnesia_bench_SUITE.erl mnesia_test_lib.erl mnesia_install_test.erl mnesia_registry_test.erl mnesia_config_test.erl mnesia_frag_test.erl mnesia_inconsistent_database_test.erl mnesia_config_backup.erl mnesia_config_event.erl mnesia_examples_test.erl mnesia_nice_coverage_test.erl mnesia_evil_coverage_test.erl mnesia_evil_backup.erl mnesia_trans_access_test.erl mnesia_dirty_access_test.erl mnesia_atomicity_test.erl mnesia_consistency_test.erl mnesia_majority_test.erl mnesia_isolation_test.erl mnesia_durability_test.erl mnesia_recovery_test.erl mnesia_qlc_test.erl mnesia_schema_recovery_test.erl mnesia_measure_test.erl mnesia_cost.erl mnesia_dbn_meters.erl ext_test.erl mnesia_index_plugin_test.erl ../doc/src//company.erl ../doc/src//company_o.erl ../doc/src//bup.erl ../examples//mnesia_meter.erl ../examples//mnesia_tpcb.erl mnesia_test_lib.hrl ../doc/src//company.hrl ../doc/src//company_o.hrl \"/home/travis/build/erlang/otp/release/tests/mnesia_test\"\n/usr/bin/install -c mt ./mt.beam ./mnesia_SUITE.beam ./mnesia_bench_SUITE.beam ./mnesia_test_lib.beam ./mnesia_install_test.beam ./mnesia_registry_test.beam ./mnesia_config_test.beam ./mnesia_frag_test.beam ./mnesia_inconsistent_database_test.beam ./mnesia_config_backup.beam ./mnesia_config_event.beam ./mnesia_examples_test.beam ./mnesia_nice_coverage_test.beam ./mnesia_evil_coverage_test.beam ./mnesia_evil_backup.beam ./mnesia_trans_access_test.beam ./mnesia_dirty_access_test.beam ./mnesia_atomicity_test.beam ./mnesia_consistency_test.beam ./mnesia_majority_test.beam ./mnesia_isolation_test.beam ./mnesia_durability_test.beam ./mnesia_recovery_test.beam ./mnesia_qlc_test.beam ./mnesia_schema_recovery_test.beam ./mnesia_measure_test.beam ./mnesia_cost.beam ./mnesia_dbn_meters.beam ./ext_test.beam ./mnesia_index_plugin_test.beam ./company.beam ./company_o.beam ./bup.beam ./mnesia_meter.beam ./mnesia_tpcb.beam \"/home/travis/build/erlang/otp/release/tests/mnesia_test\"\nmake[2]: Leaving directory '/home/travis/build/erlang/otp/lib/mnesia/test'\nmake[1]: Leaving directory '/home/travis/build/erlang/otp/lib/mnesia/test'\nif test -f lib/dialyzer/test/Makefile; then \\\n    (cd lib/dialyzer/test; make TESTROOT=\"/home/travis/build/erlang/otp/release/tests\" \\\n    PATH=/home/travis/build/erlang/otp/bin/:/home/travis/build/erlang/otp/bootstrap/bin:\"${PATH}\" release_tests) || exit $?; \\\nfi\nmake[1]: Entering directory '/home/travis/build/erlang/otp/lib/dialyzer/test'\nmake -w -j --jobserver-fds=3,4 RELEASE_PATH=\"/home/travis/build/erlang/otp/release/tests\"   release_tests_spec \nmake[2]: Entering directory '/home/travis/build/erlang/otp/lib/dialyzer/test'\n/usr/bin/install -c -d \"/home/travis/build/erlang/otp/release/tests/dialyzer_test\"\nchmod -R u+w \"/home/travis/build/erlang/otp/release/tests/dialyzer_test\"\n/usr/bin/install -c -m 644 dialyzer.spec dialyzer.cover dialyzer_test_constants.hrl dialyzer_common.erl file_utils.erl dialyzer_SUITE.erl abstract_SUITE.erl plt_SUITE.erl typer_SUITE.erl \"/home/travis/build/erlang/otp/release/tests/dialyzer_test\"\ncd \"/home/travis/build/erlang/otp/release/tests/dialyzer_test\";\\\nerlc dialyzer_common.erl file_utils.erl;\\\nerl -noshell -run dialyzer_common create_all_suites -s erlang halt\nmake[2]: Leaving directory '/home/travis/build/erlang/otp/lib/dialyzer/test'\nmake[1]: Leaving directory '/home/travis/build/erlang/otp/lib/dialyzer/test'\nif test -f lib/asn1/test/Makefile; then \\\n    (cd lib/asn1/test; make TESTROOT=\"/home/travis/build/erlang/otp/release/tests\" \\\n    PATH=/home/travis/build/erlang/otp/bin/:/home/travis/build/erlang/otp/bootstrap/bin:\"${PATH}\" release_tests) || exit $?; \\\nfi\nmake[1]: Entering directory '/home/travis/build/erlang/otp/lib/asn1/test'\nmake -w -j --jobserver-fds=3,4 RELEASE_PATH=\"/home/travis/build/erlang/otp/release/tests\"   release_tests_spec \nmake[2]: Entering directory '/home/travis/build/erlang/otp/lib/asn1/test'\n/home/travis/build/erlang/otp/make/make_emakefile +debug_info +warnings_as_errors +nowarn_export_all -o. h323test ber_decode_error testPrim testPrimStrings testCompactBitString testPrimExternal testChoPrim testChoExtension testChoExternal testChoOptional testChoRecursive testChoTypeRefCho testChoTypeRefPrim testChoTypeRefSeq testChoTypeRefSet testConstraints testDef testExtensionDefault testOpt testSeqDefault testSeqExtension testSeqExternal testSeqOptional testSeq2738 testSeqPrim testSeqSetIndefinite testSeqTag testSeqTypeRefCho testSeqTypeRefPrim testSeqTypeRefSeq testSeqTypeRefSet testSeqOf testSeqOfIndefinite testSeqOfCho testSeqOfChoExt testSeqOfExternal testSeqOfTag testSetDefault testSetExtension testSetExternal testSetOptional testSetPrim testSetTag testSetTypeRefCho testSetTypeRefPrim testSetTypeRefSeq testSetTypeRefSet testDefaultOctetString testChoiceIndefinite testSetOf testSetOfCho testSetOfExternal testSetOfTag testEnumExt testInfObjectClass testInfObj testInfObjExtract testParameterizedInfObj testFragmented testMaps testMergeCompile testMultipleLevels testDeepTConstr testTimer testMegaco testSeqSetDefaultVal testParamBasic testContextSwitchingTypes testTypeValueNotation testOpenTypeImplicitTag testINSTANCE_OF test_partial_incomplete_decode testDER test_selective_decode test_special_decode_performance testTCAP testSSLspecs testSelectionTypes test_undecoded_rest testTcapsystem testNBAPsystem test_compile_options testDoubleEllipses test_modified_x420 test_x691 testWSParamClass testValueTest testUniqueObjectSets testRfcs testImporting testExtensibilityImplied asn1_test_lib asn1_app_SUITE asn1_SUITE error_SUITE syntax_SUITE h323test.erl ber_decode_error.erl testPrim.erl testPrimStrings.erl testCompactBitString.erl testPrimExternal.erl testChoPrim.erl testChoExtension.erl testChoExternal.erl testChoOptional.erl testChoRecursive.erl testChoTypeRefCho.erl testChoTypeRefPrim.erl testChoTypeRefSeq.erl testChoTypeRefSet.erl testConstraints.erl testDef.erl testExtensionDefault.erl testOpt.erl testSeqDefault.erl testSeqExtension.erl testSeqExternal.erl testSeqOptional.erl testSeq2738.erl testSeqPrim.erl testSeqSetIndefinite.erl testSeqTag.erl testSeqTypeRefCho.erl testSeqTypeRefPrim.erl testSeqTypeRefSeq.erl testSeqTypeRefSet.erl testSeqOf.erl testSeqOfIndefinite.erl testSeqOfCho.erl testSeqOfChoExt.erl testSeqOfExternal.erl testSeqOfTag.erl testSetDefault.erl testSetExtension.erl testSetExternal.erl testSetOptional.erl testSetPrim.erl testSetTag.erl testSetTypeRefCho.erl testSetTypeRefPrim.erl testSetTypeRefSeq.erl testSetTypeRefSet.erl testDefaultOctetString.erl testChoiceIndefinite.erl testSetOf.erl testSetOfCho.erl testSetOfExternal.erl testSetOfTag.erl testEnumExt.erl testInfObjectClass.erl testInfObj.erl testInfObjExtract.erl testParameterizedInfObj.erl testFragmented.erl testMaps.erl testMergeCompile.erl testMultipleLevels.erl testDeepTConstr.erl testTimer.erl testMegaco.erl testSeqSetDefaultVal.erl testParamBasic.erl testContextSwitchingTypes.erl testTypeValueNotation.erl testOpenTypeImplicitTag.erl testINSTANCE_OF.erl test_partial_incomplete_decode.erl testDER.erl test_selective_decode.erl test_special_decode_performance.erl testTCAP.erl testSSLspecs.erl testSelectionTypes.erl test_undecoded_rest.erl testTcapsystem.erl testNBAPsystem.erl test_compile_options.erl testDoubleEllipses.erl test_modified_x420.erl test_x691.erl testWSParamClass.erl testValueTest.erl testUniqueObjectSets.erl testRfcs.erl testImporting.erl testExtensibilityImplied.erl asn1_test_lib.erl asn1_app_SUITE.erl asn1_SUITE.erl error_SUITE.erl syntax_SUITE.erl >Emakefile\n/usr/bin/install -c -d \"/home/travis/build/erlang/otp/release/tests/asn1_test\"\n/usr/bin/install -c -d \"/home/travis/build/erlang/otp/release/tests/asn1_test/asn1_SUITE_data\"\n/usr/bin/install -c -m 644 Emakefile h323test.erl ber_decode_error.erl testPrim.erl testPrimStrings.erl testCompactBitString.erl testPrimExternal.erl testChoPrim.erl testChoExtension.erl testChoExternal.erl testChoOptional.erl testChoRecursive.erl testChoTypeRefCho.erl testChoTypeRefPrim.erl testChoTypeRefSeq.erl testChoTypeRefSet.erl testConstraints.erl testDef.erl testExtensionDefault.erl testOpt.erl testSeqDefault.erl testSeqExtension.erl testSeqExternal.erl testSeqOptional.erl testSeq2738.erl testSeqPrim.erl testSeqSetIndefinite.erl testSeqTag.erl testSeqTypeRefCho.erl testSeqTypeRefPrim.erl testSeqTypeRefSeq.erl testSeqTypeRefSet.erl testSeqOf.erl testSeqOfIndefinite.erl testSeqOfCho.erl testSeqOfChoExt.erl testSeqOfExternal.erl testSeqOfTag.erl testSetDefault.erl testSetExtension.erl testSetExternal.erl testSetOptional.erl testSetPrim.erl testSetTag.erl testSetTypeRefCho.erl testSetTypeRefPrim.erl testSetTypeRefSeq.erl testSetTypeRefSet.erl testDefaultOctetString.erl testChoiceIndefinite.erl testSetOf.erl testSetOfCho.erl testSetOfExternal.erl testSetOfTag.erl testEnumExt.erl testInfObjectClass.erl testInfObj.erl testInfObjExtract.erl testParameterizedInfObj.erl testFragmented.erl testMaps.erl testMergeCompile.erl testMultipleLevels.erl testDeepTConstr.erl testTimer.erl testMegaco.erl testSeqSetDefaultVal.erl testParamBasic.erl testContextSwitchingTypes.erl testTypeValueNotation.erl testOpenTypeImplicitTag.erl testINSTANCE_OF.erl test_partial_incomplete_decode.erl testDER.erl test_selective_decode.erl test_special_decode_performance.erl testTCAP.erl testSSLspecs.erl testSelectionTypes.erl test_undecoded_rest.erl testTcapsystem.erl testNBAPsystem.erl test_compile_options.erl testDoubleEllipses.erl test_modified_x420.erl test_x691.erl testWSParamClass.erl testValueTest.erl testUniqueObjectSets.erl testRfcs.erl testImporting.erl testExtensibilityImplied.erl asn1_test_lib.erl asn1_app_SUITE.erl asn1_SUITE.erl error_SUITE.erl syntax_SUITE.erl External.hrl \"/home/travis/build/erlang/otp/release/tests/asn1_test\"\n/usr/bin/install -c -m 644 asn1.spec asn1.cover  \"/home/travis/build/erlang/otp/release/tests/asn1_test\"\nchmod -R u+w \"/home/travis/build/erlang/otp/release/tests/asn1_test\"\ncd asn1_SUITE_data; tar cfh \"/home/travis/build/erlang/otp/release/tests/asn1_test/asn1_SUITE_data.tar\" *\ncd \"/home/travis/build/erlang/otp/release/tests/asn1_test/asn1_SUITE_data\"; tar xf \"/home/travis/build/erlang/otp/release/tests/asn1_test/asn1_SUITE_data.tar\"\nrm \"/home/travis/build/erlang/otp/release/tests/asn1_test/asn1_SUITE_data.tar\"\nmake[2]: Leaving directory '/home/travis/build/erlang/otp/lib/asn1/test'\nmake[1]: Leaving directory '/home/travis/build/erlang/otp/lib/asn1/test'\nif test -f lib/kernel/test/Makefile; then \\\n    (cd lib/kernel/test; make TESTROOT=\"/home/travis/build/erlang/otp/release/tests\" \\\n    PATH=/home/travis/build/erlang/otp/bin/:/home/travis/build/erlang/otp/bootstrap/bin:\"${PATH}\" release_tests) || exit $?; \\\nfi\nmake[1]: Entering directory '/home/travis/build/erlang/otp/lib/kernel/test'\nmake -w -j --jobserver-fds=3,4 RELEASE_PATH=\"/home/travis/build/erlang/otp/release/tests\"   release_tests_spec \nmake[2]: Entering directory '/home/travis/build/erlang/otp/lib/kernel/test'\ncp ../examples/gen_tcp_dist/src/gen_tcp_dist.erl gen_tcp_dist.erl\n/home/travis/build/erlang/otp/make/make_emakefile +debug_info  -o. '*_SUITE_make' \\\n> Emakefile\n/home/travis/build/erlang/otp/make/make_emakefile +debug_info  -o. rpc_SUITE pdict_SUITE bif_SUITE kernel_SUITE application_SUITE myApp topApp topApp2 topApp3 ch ch_sup appinc1 appinc1x appinc2 appinc2top appinc2A appinc2B code_SUITE code_b_test disk_log_SUITE erl_boot_server_SUITE erl_distribution_SUITE erl_distribution_wb_SUITE erl_prim_loader_SUITE error_handler_SUITE error_logger_SUITE error_logger_warn_SUITE file_SUITE file_name_SUITE prim_file_SUITE ram_file_SUITE gen_tcp_api_SUITE gen_tcp_dist gen_tcp_echo_SUITE gen_tcp_misc_SUITE gen_udp_SUITE gen_sctp_SUITE global_SUITE global_group_SUITE heart_SUITE inet_SUITE inet_sockopt_SUITE inet_res_SUITE interactive_shell_SUITE init_SUITE kernel_config_SUITE logger_SUITE logger_disk_log_h_SUITE logger_env_var_SUITE logger_filters_SUITE logger_formatter_SUITE logger_legacy_SUITE logger_olp_SUITE logger_proxy_SUITE logger_simple_h_SUITE logger_std_h_SUITE logger_stress_SUITE logger_test_lib os_SUITE pg2_SUITE seq_trace_SUITE wrap_log_reader_SUITE cleanup ignore_cores zlib_SUITE loose_node sendfile_SUITE standard_error_SUITE multi_load_SUITE zzz_SUITE \\\n>> Emakefile\n/usr/bin/install -c -d \"/home/travis/build/erlang/otp/release/tests/kernel_test\"\n/usr/bin/install -c -m 644 rpc_SUITE.erl pdict_SUITE.erl bif_SUITE.erl kernel_SUITE.erl application_SUITE.erl myApp.erl topApp.erl topApp2.erl topApp3.erl ch.erl ch_sup.erl appinc1.erl appinc1x.erl appinc2.erl appinc2top.erl appinc2A.erl appinc2B.erl code_SUITE.erl code_b_test.erl disk_log_SUITE.erl erl_boot_server_SUITE.erl erl_distribution_SUITE.erl erl_distribution_wb_SUITE.erl erl_prim_loader_SUITE.erl error_handler_SUITE.erl error_logger_SUITE.erl error_logger_warn_SUITE.erl file_SUITE.erl file_name_SUITE.erl prim_file_SUITE.erl ram_file_SUITE.erl gen_tcp_api_SUITE.erl gen_tcp_dist.erl gen_tcp_echo_SUITE.erl gen_tcp_misc_SUITE.erl gen_udp_SUITE.erl gen_sctp_SUITE.erl global_SUITE.erl global_group_SUITE.erl heart_SUITE.erl inet_SUITE.erl inet_sockopt_SUITE.erl inet_res_SUITE.erl interactive_shell_SUITE.erl init_SUITE.erl kernel_config_SUITE.erl logger_SUITE.erl logger_disk_log_h_SUITE.erl logger_env_var_SUITE.erl logger_filters_SUITE.erl logger_formatter_SUITE.erl logger_legacy_SUITE.erl logger_olp_SUITE.erl logger_proxy_SUITE.erl logger_simple_h_SUITE.erl logger_std_h_SUITE.erl logger_stress_SUITE.erl logger_test_lib.erl os_SUITE.erl pg2_SUITE.erl seq_trace_SUITE.erl wrap_log_reader_SUITE.erl cleanup.erl ignore_cores.erl zlib_SUITE.erl loose_node.erl sendfile_SUITE.erl standard_error_SUITE.erl multi_load_SUITE.erl zzz_SUITE.erl code_a_test.erl \"/home/travis/build/erlang/otp/release/tests/kernel_test\"\n/usr/bin/install -c -m 644 appinc.app appinc1.app appinc1x.app appinc2.app appinc2top.app appinc2A.app appinc2B.app myApp.app topApp.app topApp2.app topApp3.app \"/home/travis/build/erlang/otp/release/tests/kernel_test\"\n/usr/bin/install -c -m 644 \\\n\tkernel.spec kernel_smoke.spec kernel_bench.spec logger.spec \\\n\tEmakefile kernel.cover logger.cover \"/home/travis/build/erlang/otp/release/tests/kernel_test\"\nchmod -R u+w \"/home/travis/build/erlang/otp/release/tests/kernel_test\"\nmake[2]: Leaving directory '/home/travis/build/erlang/otp/lib/kernel/test'\nmake[1]: Leaving directory '/home/travis/build/erlang/otp/lib/kernel/test'\nif test -f lib/jinterface/test/Makefile; then \\\n    (cd lib/jinterface/test; make TESTROOT=\"/home/travis/build/erlang/otp/release/tests\" \\\n    PATH=/home/travis/build/erlang/otp/bin/:/home/travis/build/erlang/otp/bootstrap/bin:\"${PATH}\" release_tests) || exit $?; \\\nfi\nmake[1]: Entering directory '/home/travis/build/erlang/otp/lib/jinterface/test'\nmake -w -j --jobserver-fds=3,4 RELEASE_PATH=\"/home/travis/build/erlang/otp/release/tests\"   release_tests_spec \nmake[2]: Entering directory '/home/travis/build/erlang/otp/lib/jinterface/test'\n/usr/bin/install -c -d \"/home/travis/build/erlang/otp/release/tests/jinterface_test\"\n/usr/bin/install -c -m 644 jinterface.spec jinterface_smoke.spec jinterface.cover nc_SUITE.erl jinterface_SUITE.erl jitu.erl \"/home/travis/build/erlang/otp/release/tests/jinterface_test\"\nmake[2]: Leaving directory '/home/travis/build/erlang/otp/lib/jinterface/test'\nmake[1]: Leaving directory '/home/travis/build/erlang/otp/lib/jinterface/test'\nif test -f lib/syntax_tools/test/Makefile; then \\\n    (cd lib/syntax_tools/test; make TESTROOT=\"/home/travis/build/erlang/otp/release/tests\" \\\n    PATH=/home/travis/build/erlang/otp/bin/:/home/travis/build/erlang/otp/bootstrap/bin:\"${PATH}\" release_tests) || exit $?; \\\nfi\nmake[1]: Entering directory '/home/travis/build/erlang/otp/lib/syntax_tools/test'\nmake -w -j --jobserver-fds=3,4 RELEASE_PATH=\"/home/travis/build/erlang/otp/release/tests\"   release_tests_spec \nmake[2]: Entering directory '/home/travis/build/erlang/otp/lib/syntax_tools/test'\n/home/travis/build/erlang/otp/make/make_emakefile +debug_info  -o. syntax_tools_SUITE merl_SUITE \\\n> Emakefile\n/home/travis/build/erlang/otp/make/make_emakefile +debug_info  -o. '*_SUITE_make' \\\n>> Emakefile\n/usr/bin/install -c -d \"/home/travis/build/erlang/otp/release/tests/syntax_tools_test\"\n/usr/bin/install -c -m 644 Emakefile syntax_tools_SUITE.erl merl_SUITE.erl \"/home/travis/build/erlang/otp/release/tests/syntax_tools_test\"\n/usr/bin/install -c -m 644 syntax_tools.spec syntax_tools.cover \"/home/travis/build/erlang/otp/release/tests/syntax_tools_test\"\nchmod -R u+w \"/home/travis/build/erlang/otp/release/tests/syntax_tools_test\"\nmake[2]: Leaving directory '/home/travis/build/erlang/otp/lib/syntax_tools/test'\nmake[1]: Leaving directory '/home/travis/build/erlang/otp/lib/syntax_tools/test'\nif test -f lib/ftp/test/Makefile; then \\\n    (cd lib/ftp/test; make TESTROOT=\"/home/travis/build/erlang/otp/release/tests\" \\\n    PATH=/home/travis/build/erlang/otp/bin/:/home/travis/build/erlang/otp/bootstrap/bin:\"${PATH}\" release_tests) || exit $?; \\\nfi\nmake[1]: Entering directory '/home/travis/build/erlang/otp/lib/ftp/test'\nmake -w -j --jobserver-fds=3,4 RELEASE_PATH=\"/home/travis/build/erlang/otp/release/tests\"   release_tests_spec \nmake[2]: Entering directory '/home/travis/build/erlang/otp/lib/ftp/test'\n/home/travis/build/erlang/otp/make/make_emakefile +debug_info -I. -I/home/travis/build/erlang/otp/lib/ftp/src -Dftp__data_dir='\"/ldisk/tests/travis/ftp/data_dir\"' -Dftp_priv_dir='\"/ldisk/tests/travis/ftp/priv_dir\"' -pa ../ftp/ebin -o. '*_SUITE_make' | grep -v Warning > Emakefile\n/home/travis/build/erlang/otp/make/make_emakefile +debug_info -I. -I/home/travis/build/erlang/otp/lib/ftp/src -Dftp__data_dir='\"/ldisk/tests/travis/ftp/data_dir\"' -Dftp_priv_dir='\"/ldisk/tests/travis/ftp/priv_dir\"' -pa ../ftp/ebin -o. erl_make_certs ftp_SUITE ftp_format_SUITE ftp_test_lib | grep -v Warning >> Emakefile\n/usr/bin/install -c -d \"/home/travis/build/erlang/otp/release/tests/ftp_test\"\n/usr/bin/install -c -m 644 Emakefile ftp.cover ftp.spec ftp_bench.spec erl_make_certs.erl ftp_SUITE.erl ftp_format_SUITE.erl ftp_test_lib.erl ftp_internal.hrl  \"/home/travis/build/erlang/otp/release/tests/ftp_test\"\nchmod -R u+w \"/home/travis/build/erlang/otp/release/tests/ftp_test\"\ntar chf - ftp_SUITE_data   | (cd \"/home/travis/build/erlang/otp/release/tests/ftp_test\"; tar xf -)\n/usr/bin/install -c -d \"/home/travis/build/erlang/otp/release/tests/ftp_test\"/all_SUITE_data\n/usr/bin/install -c -d \"/home/travis/build/erlang/otp/release/tests/ftp_test\"/all_SUITE_data/bin\nchmod -R +x \"/home/travis/build/erlang/otp/release/tests/ftp_test\"/all_SUITE_data/bin\n/usr/bin/install -c -d \"/home/travis/build/erlang/otp/release/tests/ftp_test\"/all_SUITE_data/win32/lib\t\nmake[2]: Leaving directory '/home/travis/build/erlang/otp/lib/ftp/test'\nmake[1]: Leaving directory '/home/travis/build/erlang/otp/lib/ftp/test'\nif test -f lib/observer/test/Makefile; then \\\n    (cd lib/observer/test; make TESTROOT=\"/home/travis/build/erlang/otp/release/tests\" \\\n    PATH=/home/travis/build/erlang/otp/bin/:/home/travis/build/erlang/otp/bootstrap/bin:\"${PATH}\" release_tests) || exit $?; \\\nfi\nmake[1]: Entering directory '/home/travis/build/erlang/otp/lib/observer/test'\nmake -w -j --jobserver-fds=3,4 RELEASE_PATH=\"/home/travis/build/erlang/otp/release/tests\"   release_tests_spec \nmake[2]: Entering directory '/home/travis/build/erlang/otp/lib/observer/test'\n/home/travis/build/erlang/otp/make/make_emakefile +debug_info +warnings_as_errors +nowarn_export_all -o. \\\n\tobserver_SUITE crashdump_viewer_SUITE etop_SUITE ttb_helper ttb_SUITE client server crashdump_helper crashdump_helper_unicode > Emakefile\n/usr/bin/install -c -d \"/home/travis/build/erlang/otp/release/tests/observer_test\"\n/usr/bin/install -c -m 644 observer.spec Emakefile \\\n\tobserver.cover observer_SUITE.erl crashdump_viewer_SUITE.erl etop_SUITE.erl ttb_helper.erl ttb_SUITE.erl client.erl server.erl crashdump_helper.erl crashdump_helper_unicode.erl \\\n\t\"/home/travis/build/erlang/otp/release/tests/observer_test\"\nmake[2]: Leaving directory '/home/travis/build/erlang/otp/lib/observer/test'\nmake[1]: Leaving directory '/home/travis/build/erlang/otp/lib/observer/test'\nif test -f lib/ssl/test/Makefile; then \\\n    (cd lib/ssl/test; make TESTROOT=\"/home/travis/build/erlang/otp/release/tests\" \\\n    PATH=/home/travis/build/erlang/otp/bin/:/home/travis/build/erlang/otp/bootstrap/bin:\"${PATH}\" release_tests) || exit $?; \\\nfi\nmake[1]: Entering directory '/home/travis/build/erlang/otp/lib/ssl/test'\nmake -w -j --jobserver-fds=3,4 RELEASE_PATH=\"/home/travis/build/erlang/otp/release/tests\"   release_tests_spec \nmake[2]: Entering directory '/home/travis/build/erlang/otp/lib/ssl/test'\n/usr/bin/install -c -d \"/home/travis/build/erlang/otp/release/tests/ssl_test\"\n/usr/bin/install -c -m 644  ssl_test_lib.erl ssl_bench_test_lib.erl ssl_dist_test_lib.erl ssl_alpn_handshake_SUITE.erl ssl_basic_SUITE.erl ssl_bench_SUITE.erl ssl_cipher_SUITE.erl ssl_cipher_suite_SUITE.erl openssl_server_cipher_suite_SUITE.erl ssl_certificate_verify_SUITE.erl ssl_crl_SUITE.erl ssl_dist_SUITE.erl ssl_dist_bench_SUITE.erl ssl_engine_SUITE.erl ssl_handshake_SUITE.erl ssl_npn_hello_SUITE.erl ssl_npn_handshake_SUITE.erl ssl_packet_SUITE.erl ssl_payload_SUITE.erl ssl_pem_cache_SUITE.erl ssl_session_cache_SUITE.erl ssl_to_openssl_SUITE.erl ssl_ECC_SUITE.erl ssl_ECC_openssl_SUITE.erl ssl_ECC.erl ssl_upgrade_SUITE.erl ssl_sni_SUITE.erl ssl_eqc_SUITE.erl ssl_rfc_5869_SUITE.erl make_certs.erl x509_test.erl inet_crypto_dist.erl ssl_dist_test_lib.hrl ../src/ssl_api.hrl ../src/ssl_internal.hrl ../src/ssl_alert.hrl ../src/tls_handshake.hrl ../src/ssl_handshake.hrl ../src/ssl_cipher.hrl ../src/tls_record.hrl ../src/ssl_record.hrl  ssl.cover \"/home/travis/build/erlang/otp/release/tests/ssl_test\"\n/usr/bin/install -c -m 644 ssl.spec ssl_bench.spec ssl.cover \"/home/travis/build/erlang/otp/release/tests/ssl_test\"\nchmod -R u+w \"/home/travis/build/erlang/otp/release/tests/ssl_test\"\nmake[2]: Leaving directory '/home/travis/build/erlang/otp/lib/ssl/test'\nmake[1]: Leaving directory '/home/travis/build/erlang/otp/lib/ssl/test'\nif test -f lib/runtime_tools/test/Makefile; then \\\n    (cd lib/runtime_tools/test; make TESTROOT=\"/home/travis/build/erlang/otp/release/tests\" \\\n    PATH=/home/travis/build/erlang/otp/bin/:/home/travis/build/erlang/otp/bootstrap/bin:\"${PATH}\" release_tests) || exit $?; \\\nfi\nmake[1]: Entering directory '/home/travis/build/erlang/otp/lib/runtime_tools/test'\nmake -w -j --jobserver-fds=3,4 RELEASE_PATH=\"/home/travis/build/erlang/otp/release/tests\"   release_tests_spec \nmake[2]: Entering directory '/home/travis/build/erlang/otp/lib/runtime_tools/test'\n/home/travis/build/erlang/otp/make/make_emakefile +debug_info  -o. dyntrace_SUITE dyntrace_lttng_SUITE runtime_tools_SUITE system_information_SUITE dbg_SUITE erts_alloc_config_SUITE scheduler_SUITE msacc_SUITE zzz_SUITE\\\n> Emakefile\n/usr/bin/install -c -d \"/home/travis/build/erlang/otp/release/tests/runtime_tools_test\"\n/usr/bin/install -c -m 644 runtime_tools.spec runtime_tools.cover dyntrace_SUITE.erl dyntrace_lttng_SUITE.erl runtime_tools_SUITE.erl system_information_SUITE.erl dbg_SUITE.erl erts_alloc_config_SUITE.erl scheduler_SUITE.erl msacc_SUITE.erl zzz_SUITE.erl \"/home/travis/build/erlang/otp/release/tests/runtime_tools_test\"\n/usr/bin/install -c -m 644 Emakefile runtime_tools.cover \"/home/travis/build/erlang/otp/release/tests/runtime_tools_test\"\nchmod -R u+w \"/home/travis/build/erlang/otp/release/tests/runtime_tools_test\"\nmake[2]: Leaving directory '/home/travis/build/erlang/otp/lib/runtime_tools/test'\nmake[1]: Leaving directory '/home/travis/build/erlang/otp/lib/runtime_tools/test'\nif test -f lib/ssh/test/Makefile; then \\\n    (cd lib/ssh/test; make TESTROOT=\"/home/travis/build/erlang/otp/release/tests\" \\\n    PATH=/home/travis/build/erlang/otp/bin/:/home/travis/build/erlang/otp/bootstrap/bin:\"${PATH}\" release_tests) || exit $?; \\\nfi\nmake[1]: Entering directory '/home/travis/build/erlang/otp/lib/ssh/test'\nmake -w -j --jobserver-fds=3,4 RELEASE_PATH=\"/home/travis/build/erlang/otp/release/tests\"   release_tests_spec \nmake[2]: Entering directory '/home/travis/build/erlang/otp/lib/ssh/test'\n/home/travis/build/erlang/otp/make/make_emakefile +debug_info -I/home/travis/build/erlang/otp/lib/ssh/src -o. '*_SUITE_make' | grep -v Warning > Emakefile\n/home/travis/build/erlang/otp/make/make_emakefile +debug_info -I/home/travis/build/erlang/otp/lib/ssh/src -o. ssh_algorithms_SUITE ssh_options_SUITE ssh_basic_SUITE ssh_bench_SUITE ssh_chan_behaviours_SUITE ssh_compat_SUITE ssh_connection_SUITE ssh_dbg_SUITE ssh_engine_SUITE ssh_protocol_SUITE ssh_property_test_SUITE ssh_sftp_SUITE ssh_sftpd_SUITE ssh_sftpd_erlclient_SUITE ssh_sup_SUITE ssh_to_openssh_SUITE ssh_upgrade_SUITE ssh_test_lib ssh_key_cb ssh_key_cb_options ssh_key_cb_engine_keys ssh_trpt_test_lib ssh_chan_behaviours_client ssh_chan_behaviours_server ssh_echo_server ssh_bench_dev_null ssh_peername_sockname_server ssh_test_cli ssh_relay ssh_eqc_event_handler | grep -v Warning >> Emakefile\n/usr/bin/install -c -d \"/home/travis/build/erlang/otp/release/tests/ssh_test\"\n/usr/bin/install -c -m 644 ssh_algorithms_SUITE.erl ssh_options_SUITE.erl ssh_basic_SUITE.erl ssh_bench_SUITE.erl ssh_chan_behaviours_SUITE.erl ssh_compat_SUITE.erl ssh_connection_SUITE.erl ssh_dbg_SUITE.erl ssh_engine_SUITE.erl ssh_protocol_SUITE.erl ssh_property_test_SUITE.erl ssh_sftp_SUITE.erl ssh_sftpd_SUITE.erl ssh_sftpd_erlclient_SUITE.erl ssh_sup_SUITE.erl ssh_to_openssh_SUITE.erl ssh_upgrade_SUITE.erl ssh_test_lib.erl ssh_key_cb.erl ssh_key_cb_options.erl ssh_key_cb_engine_keys.erl ssh_trpt_test_lib.erl ssh_chan_behaviours_client.erl ssh_chan_behaviours_server.erl ssh_echo_server.erl ssh_bench_dev_null.erl ssh_peername_sockname_server.erl ssh_test_cli.erl ssh_relay.erl ssh_eqc_event_handler.erl \"/home/travis/build/erlang/otp/release/tests/ssh_test\"\n/usr/bin/install -c -m 644 ssh.spec ssh_bench.spec ssh.cover \"/home/travis/build/erlang/otp/release/tests/ssh_test\"\n/usr/bin/install -c -m 644 /home/travis/build/erlang/otp/lib/ssh/test/ssh_test_lib.hrl /home/travis/build/erlang/otp/lib/ssh/src/ssh.hrl /home/travis/build/erlang/otp/lib/ssh/src/ssh_xfer.hrl \"/home/travis/build/erlang/otp/release/tests/ssh_test\"\nchmod -R u+w \"/home/travis/build/erlang/otp/release/tests/ssh_test\"\nmake[2]: Leaving directory '/home/travis/build/erlang/otp/lib/ssh/test'\nmake[1]: Leaving directory '/home/travis/build/erlang/otp/lib/ssh/test'\nif test -f erts/test/Makefile; then \\\n    (cd erts/test; make TESTROOT=\"/home/travis/build/erlang/otp/release/tests\" \\\n    PATH=/home/travis/build/erlang/otp/bin/:/home/travis/build/erlang/otp/bootstrap/bin:\"${PATH}\" release_tests) || exit $?; \\\nfi\nmake[1]: Entering directory '/home/travis/build/erlang/otp/erts/test'\nmake -w -j --jobserver-fds=3,4 RELEASE_PATH=\"/home/travis/build/erlang/otp/release/tests\"   release_tests_spec \nmake[2]: Entering directory '/home/travis/build/erlang/otp/erts/test'\n ERLC\tinstall_SUITE.beam\n ERLC\totp_SUITE.beam\n ERLC\tnt_SUITE.beam\n ERLC\terlc_SUITE.beam\n ERLC\tethread_SUITE.beam\n ERLC\terl_print_SUITE.beam\n ERLC\trun_erl_SUITE.beam\n ERLC\terlexec_SUITE.beam\n ERLC\tz_SUITE.beam\n ERLC\tupgrade_SUITE.beam\nrm -f install_SUITE_data/install_bin\ncp -p ../../make/install_bin install_SUITE_data/install_bin\nupgrade_SUITE.erl:21: Warning: export_all flag enabled - all functions will be exported\n/usr/bin/install -c -d \"/home/travis/build/erlang/otp/release/tests/system_test\"\n/usr/bin/install -c -m 644 system.spec system.dynspec system_smoke.spec \\\n\terlc_SUITE.erl install_SUITE.erl nt_SUITE.erl otp_SUITE.erl ethread_SUITE.erl erl_print_SUITE.erl run_erl_SUITE.erl erlexec_SUITE.erl z_SUITE.erl upgrade_SUITE.erl ./erlc_SUITE.beam ./install_SUITE.beam ./nt_SUITE.beam ./otp_SUITE.beam ./ethread_SUITE.beam ./erl_print_SUITE.beam ./run_erl_SUITE.beam ./erlexec_SUITE.beam ./z_SUITE.beam ./upgrade_SUITE.beam \"/home/travis/build/erlang/otp/release/tests/system_test\"\nchmod -R u+w \"/home/travis/build/erlang/otp/release/tests/system_test\"\ntar cf - *_SUITE_data utils | (cd \"/home/travis/build/erlang/otp/release/tests/system_test\"; tar xf -)\nmake[2]: Leaving directory '/home/travis/build/erlang/otp/erts/test'\nmake[1]: Leaving directory '/home/travis/build/erlang/otp/erts/test'\nif test -f erts/epmd/test/Makefile; then \\\n    (cd erts/epmd/test; make TESTROOT=\"/home/travis/build/erlang/otp/release/tests\" \\\n    PATH=/home/travis/build/erlang/otp/bin/:/home/travis/build/erlang/otp/bootstrap/bin:\"${PATH}\" release_tests) || exit $?; \\\nfi\nmake[1]: Entering directory '/home/travis/build/erlang/otp/erts/epmd/test'\nmake -w -j --jobserver-fds=3,4 RELEASE_PATH=\"/home/travis/build/erlang/otp/release/tests\"   release_tests_spec \nmake[2]: Entering directory '/home/travis/build/erlang/otp/erts/epmd/test'\n/home/travis/build/erlang/otp/make/make_emakefile +debug_info  \\\n-o. epmd_SUITE > Emakefile\n/usr/bin/install -c -d \"/home/travis/build/erlang/otp/release/tests/epmd_test\"\n/usr/bin/install -c -m 644 epmd.spec epmd.spec.vxworks epmd_SUITE.erl \\\n\tEmakefile \"/home/travis/build/erlang/otp/release/tests/epmd_test\"\nchmod -R u+w \"/home/travis/build/erlang/otp/release/tests/epmd_test\"\nmake[2]: Leaving directory '/home/travis/build/erlang/otp/erts/epmd/test'\nmake[1]: Leaving directory '/home/travis/build/erlang/otp/erts/epmd/test'\nif test -f erts/emulator/test/Makefile; then \\\n    (cd erts/emulator/test; make TESTROOT=\"/home/travis/build/erlang/otp/release/tests\" \\\n    PATH=/home/travis/build/erlang/otp/bin/:/home/travis/build/erlang/otp/bootstrap/bin:\"${PATH}\" release_tests) || exit $?; \\\nfi\nmake[1]: Entering directory '/home/travis/build/erlang/otp/erts/emulator/test'\nmake -w -j --jobserver-fds=3,4 RELEASE_PATH=\"/home/travis/build/erlang/otp/release/tests\"   release_tests_spec \nmake[2]: Entering directory '/home/travis/build/erlang/otp/erts/emulator/test'\nsed -e 's;-module(bs_bincomp_SUITE);-module(bs_bincomp_no_opt_SUITE);' bs_bincomp_SUITE.erl > bs_bincomp_no_opt_SUITE.erl\nsed -e 's;-module(bs_bit_binaries_SUITE);-module(bs_bit_binaries_no_opt_SUITE);' bs_bit_binaries_SUITE.erl > bs_bit_binaries_no_opt_SUITE.erl\nsed -e 's;-module(bs_construct_SUITE);-module(bs_construct_no_opt_SUITE);' bs_construct_SUITE.erl > bs_construct_no_opt_SUITE.erl\nsed -e 's;-module(bs_match_bin_SUITE);-module(bs_match_bin_no_opt_SUITE);' bs_match_bin_SUITE.erl > bs_match_bin_no_opt_SUITE.erl\nsed -e 's;-module(bs_match_int_SUITE);-module(bs_match_int_no_opt_SUITE);' bs_match_int_SUITE.erl > bs_match_int_no_opt_SUITE.erl\nsed -e 's;-module(bs_match_tail_SUITE);-module(bs_match_tail_no_opt_SUITE);' bs_match_tail_SUITE.erl > bs_match_tail_no_opt_SUITE.erl\nsed -e 's;-module(bs_match_misc_SUITE);-module(bs_match_misc_no_opt_SUITE);' bs_match_misc_SUITE.erl > bs_match_misc_no_opt_SUITE.erl\nsed -e 's;-module(bs_utf_SUITE);-module(bs_utf_no_opt_SUITE);' bs_utf_SUITE.erl > bs_utf_no_opt_SUITE.erl\nsed -e 's;-module(guard_SUITE);-module(guard_no_opt_SUITE);' guard_SUITE.erl > guard_no_opt_SUITE.erl\nsed -e 's;-module(map_SUITE);-module(map_no_opt_SUITE);' map_SUITE.erl > map_no_opt_SUITE.erl\nsed -e 's;-module(hibernate_SUITE);-module(hibernate_native_SUITE);' hibernate_SUITE.erl > hibernate_native_SUITE.erl\n/home/travis/build/erlang/otp/make/make_emakefile +debug_info  +compressed -o. \\\na_SUITE after_SUITE alloc_SUITE async_ports_SUITE atomics_SUITE beam_SUITE beam_literals_SUITE bif_SUITE big_SUITE binary_SUITE bs_bincomp_SUITE bs_bit_binaries_SUITE bs_construct_SUITE bs_match_bin_SUITE bs_match_int_SUITE bs_match_tail_SUITE bs_match_misc_SUITE bs_utf_SUITE busy_port_SUITE call_trace_SUITE code_SUITE code_parallel_load_SUITE counters_SUITE crypto_SUITE ddll_SUITE decode_packet_SUITE dirty_bif_SUITE dirty_nif_SUITE distribution_SUITE driver_SUITE dump_SUITE efile_SUITE erts_debug_SUITE estone_SUITE erl_link_SUITE erl_drv_thread_SUITE evil_SUITE exception_SUITE float_SUITE fun_SUITE gc_SUITE guard_SUITE hash_SUITE hibernate_SUITE hipe_SUITE iovec_SUITE list_bif_SUITE lttng_SUITE lcnt_SUITE map_SUITE match_spec_SUITE module_info_SUITE monitor_SUITE multi_load_SUITE nested_SUITE net_SUITE nif_SUITE node_container_SUITE nofrag_SUITE num_bif_SUITE message_queue_data_SUITE op_SUITE os_signal_SUITE port_SUITE port_bif_SUITE prim_eval_SUITE persistent_term_SUITE process_SUITE pseudoknot_SUITE receive_SUITE ref_SUITE register_SUITE mtx_SUITE save_calls_SUITE send_term_SUITE sensitive_SUITE signal_SUITE small_SUITE smoke_test_SUITE socket_test_lib socket_test_logger socket_test_evaluator socket_test_ttest_lib socket_test_ttest_tcp_gen socket_test_ttest_tcp_socket socket_test_ttest_tcp_client socket_test_ttest_tcp_client_gen socket_test_ttest_tcp_client_socket socket_test_ttest_tcp_server socket_test_ttest_tcp_server_gen socket_test_ttest_tcp_server_socket socket_SUITE statistics_SUITE system_info_SUITE system_profile_SUITE time_SUITE timer_bif_SUITE trace_SUITE trace_bif_SUITE trace_nif_SUITE trace_port_SUITE tuple_SUITE trace_local_SUITE trace_meta_SUITE trace_call_count_SUITE trace_call_time_SUITE tracer_SUITE tracer_test scheduler_SUITE port_trace_SUITE unique_SUITE z_SUITE long_timers_test ignore_cores dgawd_handler random_iolist erts_test_utils crypto_reference >> Emakefile\n/home/travis/build/erlang/otp/make/make_emakefile +no_copt +no_postopt +no_ssa_opt +no_bsm_opt \\\n        +debug_info  -o. bs_bincomp_no_opt_SUITE bs_bit_binaries_no_opt_SUITE bs_construct_no_opt_SUITE bs_match_bin_no_opt_SUITE bs_match_int_no_opt_SUITE bs_match_tail_no_opt_SUITE bs_match_misc_no_opt_SUITE bs_utf_no_opt_SUITE guard_no_opt_SUITE map_no_opt_SUITE >> Emakefile\n/home/travis/build/erlang/otp/make/make_emakefile +native +debug_info  \\\n-o. hibernate_native_SUITE >> Emakefile\n/usr/bin/install -c -d \"/home/travis/build/erlang/otp/release/tests/emulator_test\"\n/usr/bin/install -c -m 644 Emakefile emulator.spec emulator.spec.win emulator_bench.spec emulator_smoke.spec emulator_node_container_SUITE.spec \\\n\ta_SUITE.erl after_SUITE.erl alloc_SUITE.erl async_ports_SUITE.erl atomics_SUITE.erl beam_SUITE.erl beam_literals_SUITE.erl bif_SUITE.erl big_SUITE.erl binary_SUITE.erl bs_bincomp_SUITE.erl bs_bit_binaries_SUITE.erl bs_construct_SUITE.erl bs_match_bin_SUITE.erl bs_match_int_SUITE.erl bs_match_tail_SUITE.erl bs_match_misc_SUITE.erl bs_utf_SUITE.erl busy_port_SUITE.erl call_trace_SUITE.erl code_SUITE.erl code_parallel_load_SUITE.erl counters_SUITE.erl crypto_SUITE.erl ddll_SUITE.erl decode_packet_SUITE.erl dirty_bif_SUITE.erl dirty_nif_SUITE.erl distribution_SUITE.erl driver_SUITE.erl dump_SUITE.erl efile_SUITE.erl erts_debug_SUITE.erl estone_SUITE.erl erl_link_SUITE.erl erl_drv_thread_SUITE.erl evil_SUITE.erl exception_SUITE.erl float_SUITE.erl fun_SUITE.erl gc_SUITE.erl guard_SUITE.erl hash_SUITE.erl hibernate_SUITE.erl hipe_SUITE.erl iovec_SUITE.erl list_bif_SUITE.erl lttng_SUITE.erl lcnt_SUITE.erl map_SUITE.erl match_spec_SUITE.erl module_info_SUITE.erl monitor_SUITE.erl multi_load_SUITE.erl nested_SUITE.erl net_SUITE.erl nif_SUITE.erl node_container_SUITE.erl nofrag_SUITE.erl num_bif_SUITE.erl message_queue_data_SUITE.erl op_SUITE.erl os_signal_SUITE.erl port_SUITE.erl port_bif_SUITE.erl prim_eval_SUITE.erl persistent_term_SUITE.erl process_SUITE.erl pseudoknot_SUITE.erl receive_SUITE.erl ref_SUITE.erl register_SUITE.erl mtx_SUITE.erl save_calls_SUITE.erl send_term_SUITE.erl sensitive_SUITE.erl signal_SUITE.erl small_SUITE.erl smoke_test_SUITE.erl socket_test_lib.erl socket_test_logger.erl socket_test_evaluator.erl socket_test_ttest_lib.erl socket_test_ttest_tcp_gen.erl socket_test_ttest_tcp_socket.erl socket_test_ttest_tcp_client.erl socket_test_ttest_tcp_client_gen.erl socket_test_ttest_tcp_client_socket.erl socket_test_ttest_tcp_server.erl socket_test_ttest_tcp_server_gen.erl socket_test_ttest_tcp_server_socket.erl socket_SUITE.erl statistics_SUITE.erl system_info_SUITE.erl system_profile_SUITE.erl time_SUITE.erl timer_bif_SUITE.erl trace_SUITE.erl trace_bif_SUITE.erl trace_nif_SUITE.erl trace_port_SUITE.erl tuple_SUITE.erl trace_local_SUITE.erl trace_meta_SUITE.erl trace_call_count_SUITE.erl trace_call_time_SUITE.erl tracer_SUITE.erl tracer_test.erl scheduler_SUITE.erl port_trace_SUITE.erl unique_SUITE.erl z_SUITE.erl long_timers_test.erl ignore_cores.erl dgawd_handler.erl random_iolist.erl erts_test_utils.erl crypto_reference.erl socket_test_evaluator.hrl socket_test_ttest.hrl socket_test_ttest_client.hrl \"/home/travis/build/erlang/otp/release/tests/emulator_test\"\n/usr/bin/install -c -m 644 bs_bincomp_no_opt_SUITE.erl bs_bit_binaries_no_opt_SUITE.erl bs_construct_no_opt_SUITE.erl bs_match_bin_no_opt_SUITE.erl bs_match_int_no_opt_SUITE.erl bs_match_tail_no_opt_SUITE.erl bs_match_misc_no_opt_SUITE.erl bs_utf_no_opt_SUITE.erl guard_no_opt_SUITE.erl map_no_opt_SUITE.erl \"/home/travis/build/erlang/otp/release/tests/emulator_test\"\n/usr/bin/install -c -m 644 hibernate_native_SUITE.erl \"/home/travis/build/erlang/otp/release/tests/emulator_test\"\nchmod -R u+w \"/home/travis/build/erlang/otp/release/tests/emulator_test\"\ntar cf - *_SUITE_data | (cd \"/home/travis/build/erlang/otp/release/tests/emulator_test\"; tar xf -)\nmake[2]: Leaving directory '/home/travis/build/erlang/otp/erts/emulator/test'\nmake[1]: Leaving directory '/home/travis/build/erlang/otp/erts/emulator/test'\ntravis_time:end:0006882c:start=1561711501060068336,finish=1561711550926462952,duration=49866394616\n\u001b[0K\u001b[32;1mThe command \"./otp_build tests\" exited with 0.\u001b[0m\n\ntravis_time:start:026499f3\n\u001b[0K$ ./scripts/run-smoke-tests\n\nif [ -z \"$ERL_TOP\" ]; then\n    ERL_TOP=$(pwd)\nfi\n\nfunction run_smoke_tests {\n    cd $ERL_TOP/release/tests/test_server\n    $ERL_TOP/bin/erl -s ts install -s ts smoke_test batch -s init stop\n\n    if grep -q '=failed *[1-9]' ct_run.test_server@*/*/run.*/suite.log; then\n        echo \"One or more tests failed.\"\n        exit 1\n    fi\n    rm -rf ct_run.test_server@*\n}\n\nrun_smoke_tests\nRunning /home/travis/build/erlang/otp/release/tests/test_server/configure --enable-shlib-thread-safety \nEnv: []\nEshell V10.4.3  (abort with ^G)\n1> checking build system type... 1> powerpc64le-unknown-linux-gnu\nchecking host system type... powerpc64le-unknown-linux-gnu\nchecking for gcc... gcc\n1> checking whether the C compiler works... 1> yes\nchecking for C compiler default output file name... a.out\n1> checking for suffix of executables... 1> \n1> checking whether we are cross compiling... 1> no\n1> checking for suffix of object files... 1> o\n1> checking whether we are using the GNU C compiler... 1> yes\n1> checking whether gcc accepts -g... 1> yes\n1> checking for gcc option to accept ISO C89... 1> none needed\n1> checking for sin in -lm... 1> yes\n1> checking for main in -linet... 1> no\n1> checking how to run the C preprocessor... 1> gcc -E\n1> checking for grep that handles long lines and -e... 1> /bin/grep\n1> checking for egrep... 1> /bin/grep -E\nchecking for ANSI C header files... 1> yes\n1> checking for sys/types.h... 1> yes\n1> checking for sys/stat.h... 1> yes\n1> checking for stdlib.h... 1> yes\n1> checking for string.h... 1> yes\n1> checking for memory.h... 1> yes\n1> checking for strings.h... 1> yes\n1> checking for inttypes.h... 1> yes\n1> checking for stdint.h... 1> yes\n1> checking for unistd.h... 1> yes\n1> checking net/errno.h usability... 1> no\nchecking net/errno.h presence... 1> no\n1> checking for net/errno.h... 1> no\n1> checking linux/tcp.h usability... 1> yes\nchecking linux/tcp.h presence... 1> yes\n1> checking for linux/tcp.h... 1> yes\n1> checking for sane linux/tcp.h... 1> yes\n1> checking sys/socketio.h usability... 1> no\nchecking sys/socketio.h presence... 1> no\n1> checking for sys/socketio.h... 1> no\nchecking poll.h usability... 1> yes\nchecking poll.h presence... 1> yes\n1> checking for poll.h... 1> yes\nchecking system version (for dynamic loading)... 1> powerpc64le-unknown-linux-gnu\n1> checking for dlopen in -ldl... 1> yes\n1> checking for connect... 1> yes\n1> checking for gethostbyname... 1> yes\n1> checking for strerror... 1> yes\n1> checking for vsnprintf... 1> yes\n1> checking for usleep... 1> yes\n1> checking for main in -lresolv... 1> yes\n1> checking for res_gethostbyname in -lresolv... 1> yes\n1> checking for isfinite... 1> no\n1> checking for javac... 1> javac\n1> checking for JDK version 1.5... 1> yes\n1> checking for make... 1> make\n1> configure: creating ./config.status\n1> config.status: creating conf_vars\n1> * WARNING: Cannot find ic!\n1> Command: erl -sname test_server -rsh ssh -env PATH \"/home/travis/build/erlang/otp/release/tests/emulator_test:/home/travis/build/erlang/otp/bin/powerpc64le-unknown-linux-gnu:/home/travis/build/erlang/otp/bin:/home/travis/bin:/home/travis/.local/bin:/opt/pyenv/shims:/home/travis/.phpenv/shims:/home/travis/perl5/perlbrew/bin:/home/travis/.nvm/versions/node/v8.12.0/bin:/home/travis/.rvm/gems/ruby-2.5.3/bin:/home/travis/.rvm/gems/ruby-2.5.3@global/bin:/home/travis/.rvm/rubies/ruby-2.5.3/bin:/home/travis/gopath/bin:/home/travis/.gimme/versions/go1.11.1.linux.ppc64le/bin:/usr/local/phantomjs/bin:/usr/local/phantomjs:/usr/local/maven-3.6.0/bin:/usr/local/sbin:/usr/local/bin:/usr/sbin:/usr/bin:/sbin:/bin:/snap/bin:/home/travis/.rvm/bin:/home/travis/.phpenv/bin:/opt/pyenv/bin:/home/travis/.yarn/bin\" -env ERL_CRASH_DUMP /home/travis/build/erlang/otp/release/tests/test_server/emulator_erl_crash.dump -boot start_sasl -sasl errlog_type error -pz \"/home/travis/build/erlang/otp/release/tests/test_server\" -ct_test_vars \"{net_dir,\\\"\\\"}\" -eval \"ts_run:ct_run_test(\\\"/home/travis/build/erlang/otp/release/tests/emulator_test\\\", [{abort_if_missing_suites,true},{spec,[\\\"emulator_smoke.spec\\\"]},{allow_user_terms,true},{logdir,\\\"../test_server\\\"},{config,[\\\"../test_server/ts.config\\\",\\\"../test_server/ts.unix.config\\\"]},{vars,[{verbose,0}]},batch,{scale_timetraps,true}])\"  -noinput -eval \"erlang:halt(0,[{flush,false}]).\"\n1> \nCommon Test starting (cwd is /home/travis/build/erlang/otp/release/tests/emulator_test)\n\n1> \nCommon Test: Running make in test directories...\n1> Recompile: smoke_test_SUITE\n1> Recompile: time_SUITE\n1> Recompile: crypto_SUITE\n1> Recompile: float_SUITE\n1> float_SUITE.erl:56: Warning: this expression will fail with a 'badarg' exception\nfloat_SUITE.erl:65: Warning: this expression will fail with a 'badarith' exception\nfloat_SUITE.erl:67: Warning: this expression will fail with a 'badarith' exception\n1> Recompile: erts_debug_SUITE\n1> Recompile: crypto_reference\n1> Recompile: socket_test_lib\n1> Recompile: socket_test_logger\n1> Recompile: socket_test_evaluator\n1> Recompile: socket_test_ttest_lib\n1> Recompile: socket_test_ttest_tcp_gen\n1> Recompile: socket_test_ttest_tcp_socket\n1> Recompile: socket_test_ttest_tcp_client\n1> Recompile: socket_test_ttest_tcp_client_gen\n1> Recompile: socket_test_ttest_tcp_client_socket\n1> Recompile: socket_test_ttest_tcp_server\n1> Recompile: socket_test_ttest_tcp_server_gen\n1> Recompile: socket_test_ttest_tcp_server_socket\n1> Recompile: tracer_test\n1> Recompile: long_timers_test\n1> Recompile: ignore_cores\n1> Recompile: dgawd_handler\n1> Recompile: random_iolist\n1> Recompile: erts_test_utils\n1> \nCWD set to: \"/home/travis/build/erlang/otp/release/tests/test_server/ct_run.test_server@travis-20190618220314.2019-06-28_08.45.54\"\n1> \nTEST INFO: 5 test(s), 24 case(s) in 5 suite(s)\n\n1> Testing tests.emulator_test.smoke_test_SUITE: Starting test, 3 test cases\n1> Testing tests.emulator_test.smoke_test_SUITE: TEST COMPLETE, 3 ok, 0 failed of 3 test cases\n\n1> Testing tests.emulator_test.time_SUITE: Starting test, 17 test cases\n1> =WARNING REPORT==== 28-Jun-2019::08:46:13.952296 ===\nProcess <0.693.0> on node 'test_server@travis-20190618220314' enabled access to the emulator internal state.\nNOTE: This is an erts internal test feature and should *only* be used by OTP test-suites.\n\n\n1> Testing tests.emulator_test.time_SUITE: TEST COMPLETE, 14 ok, 0 failed, 3 skipped of 17 test cases\n\n1> Testing tests.emulator_test.crypto_SUITE.t_md5: Starting test, 1 test cases\n1> Testing tests.emulator_test.crypto_SUITE.t_md5: TEST COMPLETE, 1 ok, 0 failed of 1 test cases\n\n1> Testing tests.emulator_test.float_SUITE.cases: Starting test, 2 test cases\n1> Testing tests.emulator_test.float_SUITE.cases: TEST COMPLETE, 2 ok, 0 failed of 2 test cases\n\n1> Testing tests.emulator_test.erts_debug_SUITE.df: Starting test, 1 test cases\n1> Testing tests.emulator_test.erts_debug_SUITE.df: TEST COMPLETE, 1 ok, 0 failed of 1 test cases\n\n1> Updating /home/travis/build/erlang/otp/release/tests/test_server/index.html ... 1> done\n1> Updating /home/travis/build/erlang/otp/release/tests/test_server/all_runs.html ... 1> done\n1> Command: erl -sname test_server -rsh ssh -env PATH \"/home/travis/build/erlang/otp/release/tests/kernel_test:/home/travis/build/erlang/otp/bin/powerpc64le-unknown-linux-gnu:/home/travis/build/erlang/otp/bin:/home/travis/bin:/home/travis/.local/bin:/opt/pyenv/shims:/home/travis/.phpenv/shims:/home/travis/perl5/perlbrew/bin:/home/travis/.nvm/versions/node/v8.12.0/bin:/home/travis/.rvm/gems/ruby-2.5.3/bin:/home/travis/.rvm/gems/ruby-2.5.3@global/bin:/home/travis/.rvm/rubies/ruby-2.5.3/bin:/home/travis/gopath/bin:/home/travis/.gimme/versions/go1.11.1.linux.ppc64le/bin:/usr/local/phantomjs/bin:/usr/local/phantomjs:/usr/local/maven-3.6.0/bin:/usr/local/sbin:/usr/local/bin:/usr/sbin:/usr/bin:/sbin:/bin:/snap/bin:/home/travis/.rvm/bin:/home/travis/.phpenv/bin:/opt/pyenv/bin:/home/travis/.yarn/bin\" -env ERL_CRASH_DUMP /home/travis/build/erlang/otp/release/tests/test_server/kernel_erl_crash.dump -boot start_sasl -sasl errlog_type error -pz \"/home/travis/build/erlang/otp/release/tests/test_server\" -ct_test_vars \"{net_dir,\\\"\\\"}\" -eval \"ts_run:ct_run_test(\\\"/home/travis/build/erlang/otp/release/tests/kernel_test\\\", [{abort_if_missing_suites,true},{spec,[\\\"kernel_smoke.spec\\\"]},{allow_user_terms,true},{logdir,\\\"../test_server\\\"},{config,[\\\"../test_server/ts.config\\\",\\\"../test_server/ts.unix.config\\\"]},{vars,[{verbose,0}]},batch,{scale_timetraps,true}])\"  -noinput -eval \"erlang:halt(0,[{flush,false}]).\"\n1> \nCommon Test starting (cwd is /home/travis/build/erlang/otp/release/tests/kernel_test)\n\n1> \nCommon Test: Running make in test directories...\n1> Recompile: inet_SUITE\n1> Recompile: inet_res_SUITE\n1> Recompile: gen_tcp_echo_SUITE\n1> Recompile: heart_SUITE\n1> heart_SUITE.erl:222: Warning: erlang:now/0: Deprecated BIF. See the \"Time and Time Correction in Erlang\" chapter of the ERTS User's Guide for more information.\nheart_SUITE.erl:225: Warning: erlang:now/0: Deprecated BIF. See the \"Time and Time Correction in Erlang\" chapter of the ERTS User's Guide for more information.\n1> Recompile: myApp\n1> Recompile: topApp\n1> Recompile: topApp2\n1> Recompile: topApp3\n1> Recompile: ch\n1> Recompile: ch_sup\n1> Recompile: appinc1\n1> Recompile: appinc1x\n1> Recompile: appinc2\n1> Recompile: appinc2top\n1> Recompile: appinc2A\n1> Recompile: appinc2B\n1> Recompile: code_b_test\n1> Recompile: gen_tcp_dist\n1> Recompile: logger_test_lib\n1> Recompile: cleanup\n1> Recompile: ignore_cores\n1> Recompile: loose_node\n1> loose_node.erl:89: Warning: erlang:now/0: Deprecated BIF. See the \"Time and Time Correction in Erlang\" chapter of the ERTS User's Guide for more information.\n1> \nCWD set to: \"/home/travis/build/erlang/otp/release/tests/test_server/ct_run.test_server@travis-20190618220314.2019-06-28_08.47.14\"\n1> \nTEST INFO: 4 test(s), 13 case(s) in 4 suite(s)\n\n1> Testing tests.kernel_test.inet_SUITE.cases: Starting test, 6 test cases\n1> Testing tests.kernel_test.inet_SUITE.cases: *** SKIPPED test case 1 of 6 ***\n1> Testing tests.kernel_test.inet_SUITE.cases: *** SKIPPED test case 2 of 6 ***\n1> Testing tests.kernel_test.inet_SUITE.cases: *** SKIPPED test case 3 of 6 ***\n1> Testing tests.kernel_test.inet_SUITE.cases: *** SKIPPED test case 4 of 6 ***\n1> Testing tests.kernel_test.inet_SUITE.cases: TEST COMPLETE, 2 ok, 0 failed, 4 skipped of 6 test cases\n\n1> Testing tests.kernel_test.inet_res_SUITE.cases: Starting test, 5 test cases\n1> Testing tests.kernel_test.inet_res_SUITE.cases: *** SKIPPED test case 1 of 5 ***\n1> Testing tests.kernel_test.inet_res_SUITE.cases: *** SKIPPED test case 2 of 5 ***\n1> Testing tests.kernel_test.inet_res_SUITE.cases: *** SKIPPED test case 3 of 5 ***\n1> Testing tests.kernel_test.inet_res_SUITE.cases: *** SKIPPED test case 4 of 5 ***\n1> Testing tests.kernel_test.inet_res_SUITE.cases: *** SKIPPED test case 5 of 5 ***\n1> Testing tests.kernel_test.inet_res_SUITE.cases: TEST COMPLETE, 0 ok, 0 failed, 5 skipped of 5 test cases\n\n1> Testing tests.kernel_test.gen_tcp_echo_SUITE.active_echo: Starting test, 1 test cases\n1> Testing tests.kernel_test.gen_tcp_echo_SUITE.active_echo: TEST COMPLETE, 1 ok, 0 failed of 1 test cases\n\n1> Testing tests.kernel_test.heart_SUITE.reboot: Starting test, 1 test cases\n1> Testing tests.kernel_test.heart_SUITE.reboot: TEST COMPLETE, 1 ok, 0 failed of 1 test cases\n\n1> Updating /home/travis/build/erlang/otp/release/tests/test_server/index.html ... 1> done\n1> Updating /home/travis/build/erlang/otp/release/tests/test_server/all_runs.html ... 1> done\n1> erlc -W init_tc.erl1> \n1> erl -noinput -pa ../all_SUITE_data -s init_tc run ei_accept_test -s erlang halt1> \n1> erl -noinput -pa ../all_SUITE_data -s init_tc run ei_connect_test -s erlang halt1> \n1> erl -noinput -pa ../all_SUITE_data -s init_tc run ei_decode_test -s erlang halt1> \n1> erl -noinput -pa ../all_SUITE_data -s init_tc run ei_decode_encode_test -s erlang halt1> \n1> erl -noinput -pa ../all_SUITE_data -s init_tc run ei_encode_test -s erlang halt1> \n1> erl -noinput -pa ../all_SUITE_data -s init_tc run ei_format_test -s erlang halt1> \n1> erl -noinput -pa ../all_SUITE_data -s init_tc run ei_print_test -s erlang halt1> \n1> erl -noinput -pa ../all_SUITE_data -s init_tc run ei_tmo_test -s erlang halt1> \n1> erl -noinput -pa ../all_SUITE_data -s init_tc run erl_connect_test -s erlang halt1> \n1> erl -noinput -pa ../all_SUITE_data -s init_tc run eterm_test -s erlang halt1> \n1> erl -noinput -pa ../all_SUITE_data -s init_tc run ext_test -s erlang halt1> \n1> erl -noinput -pa ../all_SUITE_data -s init_tc run format_test -s erlang halt1> \n1> erl -noinput -pa ../all_SUITE_data -s init_tc run erl_global_test -s erlang halt1> \n1> erl -noinput -pa ../all_SUITE_data -s init_tc run match_test -s erlang halt1> \n1> Command: erl -sname test_server -rsh ssh -env PATH \"/home/travis/build/erlang/otp/release/tests/erl_interface_test:/home/travis/build/erlang/otp/bin/powerpc64le-unknown-linux-gnu:/home/travis/build/erlang/otp/bin:/home/travis/bin:/home/travis/.local/bin:/opt/pyenv/shims:/home/travis/.phpenv/shims:/home/travis/perl5/perlbrew/bin:/home/travis/.nvm/versions/node/v8.12.0/bin:/home/travis/.rvm/gems/ruby-2.5.3/bin:/home/travis/.rvm/gems/ruby-2.5.3@global/bin:/home/travis/.rvm/rubies/ruby-2.5.3/bin:/home/travis/gopath/bin:/home/travis/.gimme/versions/go1.11.1.linux.ppc64le/bin:/usr/local/phantomjs/bin:/usr/local/phantomjs:/usr/local/maven-3.6.0/bin:/usr/local/sbin:/usr/local/bin:/usr/sbin:/usr/bin:/sbin:/bin:/snap/bin:/home/travis/.rvm/bin:/home/travis/.phpenv/bin:/opt/pyenv/bin:/home/travis/.yarn/bin\" -env ERL_CRASH_DUMP /home/travis/build/erlang/otp/release/tests/test_server/erl_interface_erl_crash.dump -boot start_sasl -sasl errlog_type error -pz \"/home/travis/build/erlang/otp/release/tests/test_server\" -ct_test_vars \"{net_dir,\\\"\\\"}\" -eval \"ts_run:ct_run_test(\\\"/home/travis/build/erlang/otp/release/tests/erl_interface_test\\\", [{abort_if_missing_suites,true},{spec,[\\\"erl_interface_smoke.spec\\\"]},{allow_user_terms,true},{logdir,\\\"../test_server\\\"},{config,[\\\"../test_server/ts.config\\\",\\\"../test_server/ts.unix.config\\\"]},{vars,[{verbose,0}]},batch,{scale_timetraps,true}])\"  -noinput -eval \"erlang:halt(0,[{flush,false}]).\"\n1> \nCommon Test starting (cwd is /home/travis/build/erlang/otp/release/tests/erl_interface_test)\n\n1> \nCommon Test: Running make in test directories...\n1> Recompile: ei_decode_encode_SUITE\n1> Recompile: runner\n1> \nCWD set to: \"/home/travis/build/erlang/otp/release/tests/test_server/ct_run.test_server@travis-20190618220314.2019-06-28_08.47.39\"\n1> \nTEST INFO: 1 test(s), 1 case(s) in 1 suite(s)\n\n1> Testing tests.erl_interface_test.ei_decode_encode_SUITE: Starting test, 1 test cases\n1> Testing tests.erl_interface_test.ei_decode_encode_SUITE: TEST COMPLETE, 1 ok, 0 failed of 1 test cases\n\n1> Updating /home/travis/build/erlang/otp/release/tests/test_server/index.html ... 1> done\n1> Updating /home/travis/build/erlang/otp/release/tests/test_server/all_runs.html ... 1> done\n1> Command: erl -sname test_server -rsh ssh -env PATH \"/home/travis/build/erlang/otp/release/tests/jinterface_test:/home/travis/build/erlang/otp/bin/powerpc64le-unknown-linux-gnu:/home/travis/build/erlang/otp/bin:/home/travis/bin:/home/travis/.local/bin:/opt/pyenv/shims:/home/travis/.phpenv/shims:/home/travis/perl5/perlbrew/bin:/home/travis/.nvm/versions/node/v8.12.0/bin:/home/travis/.rvm/gems/ruby-2.5.3/bin:/home/travis/.rvm/gems/ruby-2.5.3@global/bin:/home/travis/.rvm/rubies/ruby-2.5.3/bin:/home/travis/gopath/bin:/home/travis/.gimme/versions/go1.11.1.linux.ppc64le/bin:/usr/local/phantomjs/bin:/usr/local/phantomjs:/usr/local/maven-3.6.0/bin:/usr/local/sbin:/usr/local/bin:/usr/sbin:/usr/bin:/sbin:/bin:/snap/bin:/home/travis/.rvm/bin:/home/travis/.phpenv/bin:/opt/pyenv/bin:/home/travis/.yarn/bin\" -env ERL_CRASH_DUMP /home/travis/build/erlang/otp/release/tests/test_server/jinterface_erl_crash.dump -boot start_sasl -sasl errlog_type error -pz \"/home/travis/build/erlang/otp/release/tests/test_server\" -ct_test_vars \"{net_dir,\\\"\\\"}\" -eval \"ts_run:ct_run_test(\\\"/home/travis/build/erlang/otp/release/tests/jinterface_test\\\", [{abort_if_missing_suites,true},{spec,[\\\"jinterface_smoke.spec\\\"]},{allow_user_terms,true},{logdir,\\\"../test_server\\\"},{config,[\\\"../test_server/ts.config\\\",\\\"../test_server/ts.unix.config\\\"]},{vars,[{verbose,0}]},batch,{scale_timetraps,true}])\"  -noinput -eval \"erlang:halt(0,[{flush,false}]).\"\n1> \nCommon Test starting (cwd is /home/travis/build/erlang/otp/release/tests/jinterface_test)\n\n1> \nCommon Test: Running make in test directories...\n1> Recompile: jinterface_SUITE\n1> Recompile: jitu\n1> \nCWD set to: \"/home/travis/build/erlang/otp/release/tests/test_server/ct_run.test_server@travis-20190618220314.2019-06-28_08.47.43\"\n1> \nTEST INFO: 1 test(s), 1 case(s) in 1 suite(s)\n\n1> Testing tests.jinterface_test.jinterface_SUITE.java_erlang_send_receive: Starting test, 1 test cases\n1> Testing tests.jinterface_test.jinterface_SUITE.java_erlang_send_receive: TEST COMPLETE, 1 ok, 0 failed of 1 test cases\n\n1> Updating /home/travis/build/erlang/otp/release/tests/test_server/index.html ... 1> done\n1> Updating /home/travis/build/erlang/otp/release/tests/test_server/all_runs.html ... 1> done\n1> Command: erl -sname test_server -rsh ssh -env PATH \"/home/travis/build/erlang/otp/release/tests/os_mon_test:/home/travis/build/erlang/otp/bin/powerpc64le-unknown-linux-gnu:/home/travis/build/erlang/otp/bin:/home/travis/bin:/home/travis/.local/bin:/opt/pyenv/shims:/home/travis/.phpenv/shims:/home/travis/perl5/perlbrew/bin:/home/travis/.nvm/versions/node/v8.12.0/bin:/home/travis/.rvm/gems/ruby-2.5.3/bin:/home/travis/.rvm/gems/ruby-2.5.3@global/bin:/home/travis/.rvm/rubies/ruby-2.5.3/bin:/home/travis/gopath/bin:/home/travis/.gimme/versions/go1.11.1.linux.ppc64le/bin:/usr/local/phantomjs/bin:/usr/local/phantomjs:/usr/local/maven-3.6.0/bin:/usr/local/sbin:/usr/local/bin:/usr/sbin:/usr/bin:/sbin:/bin:/snap/bin:/home/travis/.rvm/bin:/home/travis/.phpenv/bin:/opt/pyenv/bin:/home/travis/.yarn/bin\" -env ERL_CRASH_DUMP /home/travis/build/erlang/otp/release/tests/test_server/os_mon_erl_crash.dump -boot start_sasl -sasl errlog_type error -pz \"/home/travis/build/erlang/otp/release/tests/test_server\" -ct_test_vars \"{net_dir,\\\"\\\"}\" -eval \"ts_run:ct_run_test(\\\"/home/travis/build/erlang/otp/release/tests/os_mon_test\\\", [{abort_if_missing_suites,true},{spec,[\\\"os_mon_smoke.spec\\\"]},{allow_user_terms,true},{logdir,\\\"../test_server\\\"},{config,[\\\"../test_server/ts.config\\\",\\\"../test_server/ts.unix.config\\\"]},{vars,[{verbose,0}]},batch,{scale_timetraps,true}])\"  -noinput -eval \"erlang:halt(0,[{flush,false}]).\"\n1> \nCommon Test starting (cwd is /home/travis/build/erlang/otp/release/tests/os_mon_test)\n\n1> \nCommon Test: Running make in test directories...\n1> Recompile: disksup_SUITE\n1> Recompile: cpu_sup_SUITE\n1> Recompile: memsup_SUITE\n1> Recompile: os_mon_conf\n1> \nCWD set to: \"/home/travis/build/erlang/otp/release/tests/test_server/ct_run.test_server@travis-20190618220314.2019-06-28_08.47.53\"\n1> \nTEST INFO: 3 test(s), 4 case(s) in 3 suite(s)\n\n1> Testing tests.os_mon_test.disksup_SUITE.api: Starting test, 1 test cases\n1> [os_mon] memory supervisor port (memsup): Erlang has closed\n\n[os_mon] cpu supervisor port (cpu_sup): Erlang has closed\n\n=INFO REPORT==== 28-Jun-2019::08:47:54.870173 ===\n    application: os_mon\n    exited: stopped\n    type: temporary\n1> Testing tests.os_mon_test.disksup_SUITE.api: TEST COMPLETE, 1 ok, 0 failed of 1 test cases\n\n1> Testing tests.os_mon_test.cpu_sup_SUITE.cases: Starting test, 2 test cases\n1> \n- - - - - - - - - - - - - - - - - - - - - - - - - - - - - - - - - - - - - - - -\ncpu_sup_SUITE:util_api failed on line 121\nReason: {badmatch,false}\n- - - - - - - - - - - - - - - - - - - - - - - - - - - - - - - - - - - - - - - -\n\n1> Testing tests.os_mon_test.cpu_sup_SUITE.cases: *** FAILED test case 2 of 2 ***\n1> [os_mon] memory supervisor port (memsup): Erlang has closed\n\n[os_mon] cpu supervisor port (cpu_sup): Erlang has closed\n\n=INFO REPORT==== 28-Jun-2019::08:47:56.410937 ===\n    application: os_mon\n    exited: stopped\n    type: temporary\n1> Testing tests.os_mon_test.cpu_sup_SUITE.cases: TEST COMPLETE, 1 ok, 1 failed of 2 test cases\n\n1> Testing tests.os_mon_test.memsup_SUITE.api: Starting test, 1 test cases\n1> [os_mon] memory supervisor port (memsup): Erlang has closed\n\n[os_mon] cpu supervisor port (cpu_sup): Erlang has closed\n\n=INFO REPORT==== 28-Jun-2019::08:47:57.923780 ===\n    application: os_mon\n    exited: stopped\n    type: temporary\n1> Testing tests.os_mon_test.memsup_SUITE.api: TEST COMPLETE, 1 ok, 0 failed of 1 test cases\n\n1> Updating /home/travis/build/erlang/otp/release/tests/test_server/index.html ... 1> done\n1> Updating /home/travis/build/erlang/otp/release/tests/test_server/all_runs.html ... 1> done\n1> Command: erl -sname test_server -rsh ssh -env PATH \"/home/travis/build/erlang/otp/release/tests/system_test:/home/travis/build/erlang/otp/bin/powerpc64le-unknown-linux-gnu:/home/travis/build/erlang/otp/bin:/home/travis/bin:/home/travis/.local/bin:/opt/pyenv/shims:/home/travis/.phpenv/shims:/home/travis/perl5/perlbrew/bin:/home/travis/.nvm/versions/node/v8.12.0/bin:/home/travis/.rvm/gems/ruby-2.5.3/bin:/home/travis/.rvm/gems/ruby-2.5.3@global/bin:/home/travis/.rvm/rubies/ruby-2.5.3/bin:/home/travis/gopath/bin:/home/travis/.gimme/versions/go1.11.1.linux.ppc64le/bin:/usr/local/phantomjs/bin:/usr/local/phantomjs:/usr/local/maven-3.6.0/bin:/usr/local/sbin:/usr/local/bin:/usr/sbin:/usr/bin:/sbin:/bin:/snap/bin:/home/travis/.rvm/bin:/home/travis/.phpenv/bin:/opt/pyenv/bin:/home/travis/.yarn/bin\" -env ERL_CRASH_DUMP /home/travis/build/erlang/otp/release/tests/test_server/system_erl_crash.dump -boot start_sasl -sasl errlog_type error -pz \"/home/travis/build/erlang/otp/release/tests/test_server\" -ct_test_vars \"{net_dir,\\\"\\\"}\" -eval \"ts_run:ct_run_test(\\\"/home/travis/build/erlang/otp/release/tests/system_test\\\", [{abort_if_missing_suites,true},{spec,[\\\"system_smoke.spec\\\"]},{allow_user_terms,true},{logdir,\\\"../test_server\\\"},{config,[\\\"../test_server/ts.config\\\",\\\"../test_server/ts.unix.config\\\"]},{vars,[{verbose,0}]},batch,{scale_timetraps,true}])\"  -noinput -eval \"erlang:halt(0,[{flush,false}]).\"\n1> \nCommon Test starting (cwd is /home/travis/build/erlang/otp/release/tests/system_test)\n\n1> \nCommon Test: Running make in test directories...\n1> \nCWD set to: \"/home/travis/build/erlang/otp/release/tests/test_server/ct_run.test_server@travis-20190618220314.2019-06-28_08.47.59\"\n1> \nTEST INFO: 2 test(s), 6 case(s) in 2 suite(s)\n\n1> Testing tests.system_test.otp_SUITE.cases: Starting test, 5 test cases\n1> Testing tests.system_test.otp_SUITE.cases: TEST COMPLETE, 5 ok, 0 failed of 5 test cases\n\n1> Testing tests.system_test.ethread_SUITE.max_threads: Starting test, 1 test cases\n1> Testing tests.system_test.ethread_SUITE.max_threads: TEST COMPLETE, 0 ok, 0 failed, 1 skipped of 1 test cases\n\n1> Updating /home/travis/build/erlang/otp/release/tests/test_server/index.html ... 1> done\n1> Updating /home/travis/build/erlang/otp/release/tests/test_server/all_runs.html ... 1> done\n1> One or more tests failed.\n"
}