{
  "log_path": "Erlang/rabbitmq@rabbitmq-server/failed/571748388.log",
  "failure_chunk": "src/rabbit_vhost.erl:91: field description undefined in record vhost\nsrc/rabbit_vhost.erl:92: field tags undefined in record vhost\nsrc/rabbit_vhost.erl:344: variable 'Description' is unbound\nsrc/rabbit_vhost.erl:344: field description undefined in record vhost\nsrc/rabbit_vhost.erl:345: variable 'Tags' is unbound\nsrc/rabbit_vhost.erl:345: field tags undefined in record vhost",
  "keywords": [
    "failed",
    "Error",
    ""
  ],
  "category": "1",
  "full_log": "travis_fold:start:worker_info\n\u001b[0K\u001b[33;1mWorker information\u001b[0m\nhostname: 35dc1ac7-e780-4ddc-a9d3-2436776f9694@1.worker-org-6f5fbbc4b6-4g92r.gce-production-3\nversion: v6.2.1 https://github.com/travis-ci/worker/tree/4e3246c044eb4915c2378ffacd0b3d3ed0136bba\ninstance: travis-job-d30e5ac3-2d4d-494d-9de2-d26748d90840 travis-ci-opal-xenial-1553530491-f909ac5 (via amqp)\nstartup: 8.248665213s\ntravis_fold:end:worker_info\n\u001b[0Ktravis_fold:start:system_info\n\u001b[0K\u001b[33;1mBuild system information\u001b[0m\nBuild language: erlang\nBuild group: stable\nBuild dist: xenial\nBuild id: 571748388\nJob id: 571748389\nRuntime kernel version: 4.15.0-1028-gcp\ntravis-build version: 95d02c42e\n\u001b[34m\u001b[1mBuild image provisioning date and time\u001b[0m\nMon Mar 25 16:52:50 UTC 2019\n\u001b[34m\u001b[1mOperating System Details\u001b[0m\nDistributor ID:\tUbuntu\nDescription:\tUbuntu 16.04.6 LTS\nRelease:\t16.04\nCodename:\txenial\n\u001b[34m\u001b[1mSystemd Version\u001b[0m\nsystemd 229\n\u001b[34m\u001b[1mCookbooks Version\u001b[0m\n42e42e4 https://github.com/travis-ci/travis-cookbooks/tree/42e42e4\n\u001b[34m\u001b[1mgit version\u001b[0m\ngit version 2.21.0\n\u001b[34m\u001b[1mbash version\u001b[0m\nGNU bash, version 4.3.48(1)-release (x86_64-pc-linux-gnu)\n\u001b[34m\u001b[1mgcc version\u001b[0m\ngcc (Ubuntu 5.4.0-6ubuntu1~16.04.11) 5.4.0 20160609\n\u001b[34m\u001b[1mdocker version\u001b[0m\nClient:\n Version:           18.06.0-ce\n API version:       1.38\n Go version:        go1.10.3\n Git commit:        0ffa825\n Built:             Wed Jul 18 19:11:02 2018\n OS/Arch:           linux/amd64\n Experimental:      false\n\nServer:\n Engine:\n  Version:          18.06.0-ce\n  API version:      1.38 (minimum version 1.12)\n  Go version:       go1.10.3\n  Git commit:       0ffa825\n  Built:            Wed Jul 18 19:09:05 2018\n  OS/Arch:          linux/amd64\n  Experimental:     false\n\u001b[34m\u001b[1mclang version\u001b[0m\nclang version 7.0.0 (tags/RELEASE_700/final)\n\u001b[34m\u001b[1mjq version\u001b[0m\njq-1.5\n\u001b[34m\u001b[1mbats version\u001b[0m\nBats 0.4.0\n\u001b[34m\u001b[1mshellcheck version\u001b[0m\n0.6.0\n\u001b[34m\u001b[1mshfmt version\u001b[0m\nv2.6.3\n\u001b[34m\u001b[1mccache version\u001b[0m\n3.2.4\n\u001b[34m\u001b[1mcmake version\u001b[0m\ncmake version 3.12.4\n\u001b[34m\u001b[1mheroku version\u001b[0m\nheroku/7.22.7 linux-x64 node-v11.10.1\n\u001b[34m\u001b[1mimagemagick version\u001b[0m\nVersion: ImageMagick 6.8.9-9 Q16 x86_64 2018-09-28 http://www.imagemagick.org\n\u001b[34m\u001b[1mmd5deep version\u001b[0m\n4.4\n\u001b[34m\u001b[1mmercurial version\u001b[0m\nversion 4.8\n\u001b[34m\u001b[1mmysql version\u001b[0m\nmysql  Ver 14.14 Distrib 5.7.25, for Linux (x86_64) using  EditLine wrapper\n\u001b[34m\u001b[1mopenssl version\u001b[0m\nOpenSSL 1.0.2g  1 Mar 2016\n\u001b[34m\u001b[1mpacker version\u001b[0m\n1.3.3\n\u001b[34m\u001b[1mpostgresql client version\u001b[0m\npsql (PostgreSQL) 10.7 (Ubuntu 10.7-1.pgdg16.04+1)\n\u001b[34m\u001b[1mragel version\u001b[0m\nRagel State Machine Compiler version 6.8 Feb 2013\n\u001b[34m\u001b[1msudo version\u001b[0m\n1.8.16\n\u001b[34m\u001b[1mgzip version\u001b[0m\ngzip 1.6\n\u001b[34m\u001b[1mzip version\u001b[0m\nZip 3.0\n\u001b[34m\u001b[1mvim version\u001b[0m\nVIM - Vi IMproved 7.4 (2013 Aug 10, compiled Nov 24 2016 16:44:48)\n\u001b[34m\u001b[1miptables version\u001b[0m\niptables v1.6.0\n\u001b[34m\u001b[1mcurl version\u001b[0m\ncurl 7.47.0 (x86_64-pc-linux-gnu) libcurl/7.47.0 GnuTLS/3.4.10 zlib/1.2.8 libidn/1.32 librtmp/2.3\n\u001b[34m\u001b[1mwget version\u001b[0m\nGNU Wget 1.17.1 built on linux-gnu.\n\u001b[34m\u001b[1mrsync version\u001b[0m\nrsync  version 3.1.1  protocol version 31\n\u001b[34m\u001b[1mgimme version\u001b[0m\nv1.5.3\n\u001b[34m\u001b[1mnvm version\u001b[0m\n0.34.0\n\u001b[34m\u001b[1mperlbrew version\u001b[0m\n/home/travis/perl5/perlbrew/bin/perlbrew  - App::perlbrew/0.82\n\u001b[34m\u001b[1mphpenv version\u001b[0m\nrbenv 1.1.2\n\u001b[34m\u001b[1mrvm version\u001b[0m\nrvm 1.29.7 (latest) by Michal Papis, Piotr Kuczynski, Wayne E. Seguin [https://rvm.io]\n\u001b[34m\u001b[1mdefault ruby version\u001b[0m\nruby 2.5.3p105 (2018-10-18 revision 65156) [x86_64-linux]\n\u001b[34m\u001b[1mCouchDB version\u001b[0m\ncouchdb 1.6.1\n\u001b[34m\u001b[1mElasticSearch version\u001b[0m\n5.5.0\n\u001b[34m\u001b[1mInstalled Firefox version\u001b[0m\nfirefox 63.0.1\n\u001b[34m\u001b[1mMongoDB version\u001b[0m\nMongoDB 4.0.7\n\u001b[34m\u001b[1mPhantomJS version\u001b[0m\n2.1.1\n\u001b[34m\u001b[1mPre-installed PostgreSQL versions\u001b[0m\n9.4.21\n9.5.16\n9.6.12\n\u001b[34m\u001b[1mRedis version\u001b[0m\nredis-server 5.0.4\n\u001b[34m\u001b[1mkerl list installations\u001b[0m\n21.1\n\u001b[34m\u001b[1melixirs\u001b[0m\n=* elixir-1.7.4\n\u001b[34m\u001b[1mrebar --version\u001b[0m\nrebar 2.6.4 17 20160831_145136 git 2.6.4-dirty\n\u001b[34m\u001b[1mperlbrew list\u001b[0m\n   5.26                  (5.26.3)            (installed on Mon Mar 25 16:41:45 2019)\n   5.26.3                                    (installed on Mon Mar 25 16:41:45 2019)\n   5.26-extras           (5.26.2)            (installed on Mon Mar 25 16:45:42 2019)\n   5.26-shrplib          (5.26.2)            (installed on Mon Mar 25 16:45:42 2019)\n   5.26.2                                    (installed on Mon Mar 25 16:41:51 2019)\n   5.24                  (5.24.3)            (installed on Mon Mar 25 16:46:12 2019)\n   5.24.3                                    (installed on Mon Mar 25 16:46:12 2019)\n   5.24-extras           (5.24.0)            (installed on Mon Mar 25 16:50:00 2019)\n   5.24-shrplib          (5.24.0)            (installed on Mon Mar 25 16:50:00 2019)\ntravis_fold:end:system_info\n\u001b[0K\ntravis_fold:start:docker_mtu\n\u001b[0Ktravis_fold:end:docker_mtu\n\u001b[0Ktravis_fold:start:resolvconf\n\u001b[0Ktravis_fold:end:resolvconf\n\u001b[0Ktravis_fold:start:apt\n\u001b[0K\u001b[33;1mInstalling APT Packages\u001b[0m\ntravis_time:start:1074ce84\n\u001b[0K$ travis_apt_get_update\ntravis_time:end:1074ce84:start=1565776937045097735,finish=1565776947567696919,duration=10522599184\n\u001b[0Ktravis_time:start:02af39d3\n\u001b[0K$ sudo -E apt-get -yq --no-install-suggests --no-install-recommends $(travis_apt_get_options) install awscli\nReading package lists...\nBuilding dependency tree...\nReading state information...\nThe following additional packages will be installed:\n  docutils-common python3-botocore python3-colorama python3-dateutil\n  python3-docutils python3-jmespath python3-roman python3-rsa\n  python3-s3transfer\nSuggested packages:\n  texlive-latex-recommended texlive-latex-base texlive-lang-french\n  fonts-linuxlibertine | ttf-linux-libertine docutils-doc\nRecommended packages:\n  python3-pil python3-pygments libpaper-utils\nThe following NEW packages will be installed:\n  awscli docutils-common python3-botocore python3-colorama python3-dateutil\n  python3-docutils python3-jmespath python3-roman python3-rsa\n  python3-s3transfer\n0 upgraded, 10 newly installed, 0 to remove and 181 not upgraded.\nNeed to get 2,089 kB of archives.\nAfter this operation, 23.4 MB of additional disk space will be used.\nGet:1 http://archive.ubuntu.com/ubuntu xenial/universe amd64 python3-dateutil all 2.4.2-1 [39.1 kB]\nGet:2 http://archive.ubuntu.com/ubuntu xenial/main amd64 python3-roman all 2.0.0-2 [8,140 B]\nGet:3 http://archive.ubuntu.com/ubuntu xenial/main amd64 docutils-common all 0.12+dfsg-1 [141 kB]\nGet:4 http://archive.ubuntu.com/ubuntu xenial/main amd64 python3-docutils all 0.12+dfsg-1 [346 kB]\nGet:5 http://archive.ubuntu.com/ubuntu xenial/universe amd64 python3-jmespath all 0.9.0-2 [16.6 kB]\nGet:6 http://archive.ubuntu.com/ubuntu xenial-updates/universe amd64 python3-botocore all 1.4.70-1~16.04.0 [1,054 kB]\nGet:7 http://archive.ubuntu.com/ubuntu xenial/universe amd64 python3-colorama all 0.3.7-1 [14.9 kB]\nGet:8 http://archive.ubuntu.com/ubuntu xenial/universe amd64 python3-rsa all 3.2.3-1.1 [27.2 kB]\nGet:9 http://archive.ubuntu.com/ubuntu xenial-updates/universe amd64 python3-s3transfer all 0.1.9-1~16.04.0 [35.6 kB]\nGet:10 http://archive.ubuntu.com/ubuntu xenial-updates/universe amd64 awscli all 1.11.13-1ubuntu1~16.04.0 [406 kB]\nFetched 2,089 kB in 0s (21.0 MB/s)\nSelecting previously unselected package python3-dateutil.\n(Reading database ... \n(Reading database ... 5%\n(Reading database ... 10%\n(Reading database ... 15%\n(Reading database ... 20%\n(Reading database ... 25%\n(Reading database ... 30%\n(Reading database ... 35%\n(Reading database ... 40%\n(Reading database ... 45%\n(Reading database ... 50%\n(Reading database ... 55%\n(Reading database ... 60%\n(Reading database ... 65%\n(Reading database ... 70%\n(Reading database ... 75%\n(Reading database ... 80%\n(Reading database ... 85%\n(Reading database ... 90%\n(Reading database ... 95%\n(Reading database ... 100%\n(Reading database ... 127711 files and directories currently installed.)\nPreparing to unpack .../python3-dateutil_2.4.2-1_all.deb ...\nUnpacking python3-dateutil (2.4.2-1) ...\nSelecting previously unselected package python3-roman.\nPreparing to unpack .../python3-roman_2.0.0-2_all.deb ...\nUnpacking python3-roman (2.0.0-2) ...\nSelecting previously unselected package docutils-common.\nPreparing to unpack .../docutils-common_0.12+dfsg-1_all.deb ...\nUnpacking docutils-common (0.12+dfsg-1) ...\nSelecting previously unselected package python3-docutils.\nPreparing to unpack .../python3-docutils_0.12+dfsg-1_all.deb ...\nUnpacking python3-docutils (0.12+dfsg-1) ...\nSelecting previously unselected package python3-jmespath.\nPreparing to unpack .../python3-jmespath_0.9.0-2_all.deb ...\nUnpacking python3-jmespath (0.9.0-2) ...\nSelecting previously unselected package python3-botocore.\nPreparing to unpack .../python3-botocore_1.4.70-1~16.04.0_all.deb ...\nUnpacking python3-botocore (1.4.70-1~16.04.0) ...\nSelecting previously unselected package python3-colorama.\nPreparing to unpack .../python3-colorama_0.3.7-1_all.deb ...\nUnpacking python3-colorama (0.3.7-1) ...\nSelecting previously unselected package python3-rsa.\nPreparing to unpack .../python3-rsa_3.2.3-1.1_all.deb ...\nUnpacking python3-rsa (3.2.3-1.1) ...\nSelecting previously unselected package python3-s3transfer.\nPreparing to unpack .../python3-s3transfer_0.1.9-1~16.04.0_all.deb ...\nUnpacking python3-s3transfer (0.1.9-1~16.04.0) ...\nSelecting previously unselected package awscli.\nPreparing to unpack .../awscli_1.11.13-1ubuntu1~16.04.0_all.deb ...\nUnpacking awscli (1.11.13-1ubuntu1~16.04.0) ...\nProcessing triggers for man-db (2.7.5-1) ...\nProcessing triggers for shared-mime-info (1.5-2ubuntu0.2) ...\nProcessing triggers for sgml-base (1.26+nmu4ubuntu1) ...\nSetting up python3-dateutil (2.4.2-1) ...\nSetting up python3-roman (2.0.0-2) ...\nSetting up docutils-common (0.12+dfsg-1) ...\nSetting up python3-jmespath (0.9.0-2) ...\nSetting up python3-colorama (0.3.7-1) ...\nSetting up python3-rsa (3.2.3-1.1) ...\nProcessing triggers for sgml-base (1.26+nmu4ubuntu1) ...\nSetting up python3-docutils (0.12+dfsg-1) ...\nupdate-alternatives: using /usr/share/docutils/scripts/python3/rst-buildhtml to provide /usr/bin/rst-buildhtml (rst-buildhtml) in auto mode\nupdate-alternatives: using /usr/share/docutils/scripts/python3/rst2html to provide /usr/bin/rst2html (rst2html) in auto mode\nupdate-alternatives: using /usr/share/docutils/scripts/python3/rst2latex to provide /usr/bin/rst2latex (rst2latex) in auto mode\nupdate-alternatives: using /usr/share/docutils/scripts/python3/rst2man to provide /usr/bin/rst2man (rst2man) in auto mode\nupdate-alternatives: using /usr/share/docutils/scripts/python3/rst2odt to provide /usr/bin/rst2odt (rst2odt) in auto mode\nupdate-alternatives: using /usr/share/docutils/scripts/python3/rst2odt_prepstyles to provide /usr/bin/rst2odt_prepstyles (rst2odt_prepstyles) in auto mode\nupdate-alternatives: using /usr/share/docutils/scripts/python3/rst2pseudoxml to provide /usr/bin/rst2pseudoxml (rst2pseudoxml) in auto mode\nupdate-alternatives: using /usr/share/docutils/scripts/python3/rst2s5 to provide /usr/bin/rst2s5 (rst2s5) in auto mode\nupdate-alternatives: using /usr/share/docutils/scripts/python3/rst2xetex to provide /usr/bin/rst2xetex (rst2xetex) in auto mode\nupdate-alternatives: using /usr/share/docutils/scripts/python3/rst2xml to provide /usr/bin/rst2xml (rst2xml) in auto mode\nupdate-alternatives: using /usr/share/docutils/scripts/python3/rstpep2html to provide /usr/bin/rstpep2html (rstpep2html) in auto mode\nSetting up python3-botocore (1.4.70-1~16.04.0) ...\nSetting up python3-s3transfer (0.1.9-1~16.04.0) ...\nSetting up awscli (1.11.13-1ubuntu1~16.04.0) ...\ntravis_time:end:02af39d3:start=1565776947571998792,finish=1565776968465053565,duration=20893054773\n\u001b[0Ktravis_fold:end:apt\n\u001b[0K\ntravis_fold:start:git.checkout\n\u001b[0Ktravis_time:start:024613ec\n\u001b[0K$ git clone --depth=50 --branch=vhost-description https://github.com/rabbitmq/rabbitmq-server.git rabbitmq/rabbitmq-server\nCloning into 'rabbitmq/rabbitmq-server'...\ntravis_time:end:024613ec:start=1565776968470422762,finish=1565776969831199582,duration=1360776820\n\u001b[0K$ cd rabbitmq/rabbitmq-server\n$ git checkout -qf c73e1e36066d81d667b79aba12edb64a92cf4cf1\ntravis_fold:end:git.checkout\n\u001b[0K\n\n\u001b[33;1mSetting environment variables from .travis.yml\u001b[0m\n$ export AWS_ACCESS_KEY_ID=[secure]\n$ export AWS_SECRET_ACCESS_KEY=[secure]\n\n\u001b[33;1m21.3 is not installed. Downloading and installing pre-build binary.\u001b[0m\n\u001b[33;1mDownloading archive: https://storage.googleapis.com/travis-ci-language-archives/erlang/binaries/ubuntu/16.04/x86_64/erlang-21.3-nonroot.tar.bz2\u001b[0m\ntravis_time:start:1546d107\n\u001b[0K$ wget -o ${TRAVIS_HOME}/erlang.tar.bz2 ${archive_url}\ntravis_time:end:1546d107:start=1565776969987685218,finish=1565776970867721079,duration=880035861\n\u001b[0Ktravis_time:start:22776a66\n\u001b[0K$ mkdir -p ~/otp && tar -xf erlang-21.3-nonroot.tar.bz2 -C ~/otp/\ntravis_time:end:22776a66:start=1565776970872994850,finish=1565776977407007836,duration=6534012986\n\u001b[0Ktravis_time:start:27b0543d\n\u001b[0K$ mkdir -p ~/.kerl\ntravis_time:end:27b0543d:start=1565776977412344448,finish=1565776977416642115,duration=4297667\n\u001b[0Ktravis_time:start:074178fc\n\u001b[0K$ echo '21.3,21.3' >> ~/.kerl/otp_builds\ntravis_time:end:074178fc:start=1565776977420829735,finish=1565776977429183232,duration=8353497\n\u001b[0Ktravis_time:start:11760216\n\u001b[0K$ echo '21.3 ${TRAVIS_HOME}/otp/21.3' >> ~/.kerl/otp_builds\ntravis_time:end:11760216:start=1565776977435060392,finish=1565776977440475119,duration=5414727\n\u001b[0Ktravis_time:start:1ca7da3e\n\u001b[0K$ source ${TRAVIS_HOME}/otp/21.3/activate\ntravis_time:end:1ca7da3e:start=1565776977447873053,finish=1565776977455841721,duration=7968668\n\u001b[0Ktravis_fold:start:before_script.1\n\u001b[0Ktravis_time:start:063b270c\n\u001b[0K$ elixir --version\nErlang/OTP 21 [erts-10.3] [source] [64-bit] [smp:2:2] [ds:2:2:10] [async-threads:1] [hipe]\n\nElixir 1.7.4 (compiled with Erlang/OTP 19)\ntravis_time:end:063b270c:start=1565776977461603732,finish=1565776977727102106,duration=265498374\n\u001b[0Ktravis_fold:end:before_script.1\n\u001b[0Ktravis_fold:start:before_script.2\n\u001b[0Ktravis_time:start:0db14e00\n\u001b[0K$ git checkout -B \"${TRAVIS_TAG:-${TRAVIS_BRANCH}}\"\n  git remote add upstream https://github.com/$TRAVIS_REPO_SLUG.git\n  git fetch upstream v3.8.x:v3.8.x || :\n  git fetch upstream master:master || :\n  \nSwitched to and reset branch 'vhost-description'\nYour branch is up to date with 'origin/vhost-description'.\nFrom https://github.com/rabbitmq/rabbitmq-server\n * [new branch]          v3.8.x     -> v3.8.x\n * [new branch]          v3.8.x     -> upstream/v3.8.x\n * [new tag]             6547461e6c2e                -> 6547461e6c2e\n * [new tag]             Aman-06-09-08               -> Aman-06-09-08\n * [new tag]             Aman-06-09-08_2             -> Aman-06-09-08_2\n * [new tag]             rabbitmq_v1_4_0             -> rabbitmq_v1_4_0\n * [new tag]             rabbitmq_v1_5_0             -> rabbitmq_v1_5_0\n * [new tag]             rabbitmq_v1_5_1             -> rabbitmq_v1_5_1\n * [new tag]             rabbitmq_v1_5_2             -> rabbitmq_v1_5_2\n * [new tag]             rabbitmq_v1_5_3             -> rabbitmq_v1_5_3\n * [new tag]             rabbitmq_v1_5_4             -> rabbitmq_v1_5_4\n * [new tag]             rabbitmq_v1_5_5             -> rabbitmq_v1_5_5\n * [new tag]             rabbitmq_v1_6_0             -> rabbitmq_v1_6_0\n * [new tag]             rabbitmq_v1_7_0             -> rabbitmq_v1_7_0\n * [new tag]             rabbitmq_v1_7_1             -> rabbitmq_v1_7_1\n * [new tag]             rabbitmq_v1_7_2             -> rabbitmq_v1_7_2\n * [new tag]             rabbitmq_v1_8_0             -> rabbitmq_v1_8_0\n * [new tag]             rabbitmq_v1_8_1             -> rabbitmq_v1_8_1\n * [new tag]             rabbitmq_v2.6.0             -> rabbitmq_v2.6.0\n * [new tag]             rabbitmq_v2_0_0             -> rabbitmq_v2_0_0\n * [new tag]             rabbitmq_v2_1_0             -> rabbitmq_v2_1_0\n * [new tag]             rabbitmq_v2_1_1             -> rabbitmq_v2_1_1\n * [new tag]             rabbitmq_v2_2_0             -> rabbitmq_v2_2_0\n * [new tag]             rabbitmq_v2_3_0             -> rabbitmq_v2_3_0\n * [new tag]             rabbitmq_v2_3_1             -> rabbitmq_v2_3_1\n * [new tag]             rabbitmq_v2_4_0             -> rabbitmq_v2_4_0\n * [new tag]             rabbitmq_v2_4_1             -> rabbitmq_v2_4_1\n * [new tag]             rabbitmq_v2_5_0             -> rabbitmq_v2_5_0\n * [new tag]             rabbitmq_v2_5_1             -> rabbitmq_v2_5_1\n * [new tag]             rabbitmq_v2_6_0             -> rabbitmq_v2_6_0\n * [new tag]             rabbitmq_v2_6_1             -> rabbitmq_v2_6_1\n * [new tag]             rabbitmq_v2_7_0             -> rabbitmq_v2_7_0\n * [new tag]             rabbitmq_v2_7_1             -> rabbitmq_v2_7_1\n * [new tag]             rabbitmq_v2_8_0             -> rabbitmq_v2_8_0\n * [new tag]             rabbitmq_v2_8_1             -> rabbitmq_v2_8_1\n * [new tag]             rabbitmq_v2_8_2             -> rabbitmq_v2_8_2\n * [new tag]             rabbitmq_v3_0_0             -> rabbitmq_v3_0_0\n * [new tag]             rabbitmq_v3_0_1             -> rabbitmq_v3_0_1\n * [new tag]             rabbitmq_v3_0_2             -> rabbitmq_v3_0_2\n * [new tag]             rabbitmq_v3_0_3             -> rabbitmq_v3_0_3\n * [new tag]             rabbitmq_v3_0_4             -> rabbitmq_v3_0_4\n * [new tag]             rabbitmq_v3_1_0             -> rabbitmq_v3_1_0\n * [new tag]             rabbitmq_v3_1_1             -> rabbitmq_v3_1_1\n * [new tag]             rabbitmq_v3_1_2             -> rabbitmq_v3_1_2\n * [new tag]             rabbitmq_v3_1_3             -> rabbitmq_v3_1_3\n * [new tag]             rabbitmq_v3_1_4             -> rabbitmq_v3_1_4\n * [new tag]             rabbitmq_v3_1_5             -> rabbitmq_v3_1_5\n * [new tag]             rabbitmq_v3_2_0             -> rabbitmq_v3_2_0\n * [new tag]             rabbitmq_v3_2_1             -> rabbitmq_v3_2_1\n * [new tag]             rabbitmq_v3_2_2             -> rabbitmq_v3_2_2\n * [new tag]             rabbitmq_v3_2_3             -> rabbitmq_v3_2_3\n * [new tag]             rabbitmq_v3_2_4             -> rabbitmq_v3_2_4\n * [new tag]             rabbitmq_v3_3_0             -> rabbitmq_v3_3_0\n * [new tag]             rabbitmq_v3_3_1             -> rabbitmq_v3_3_1\n * [new tag]             rabbitmq_v3_3_2             -> rabbitmq_v3_3_2\n * [new tag]             rabbitmq_v3_3_3             -> rabbitmq_v3_3_3\n * [new tag]             rabbitmq_v3_3_4             -> rabbitmq_v3_3_4\n * [new tag]             rabbitmq_v3_3_5             -> rabbitmq_v3_3_5\n * [new tag]             rabbitmq_v3_4_0             -> rabbitmq_v3_4_0\n * [new tag]             rabbitmq_v3_4_1             -> rabbitmq_v3_4_1\n * [new tag]             rabbitmq_v3_4_2             -> rabbitmq_v3_4_2\n * [new tag]             rabbitmq_v3_4_3             -> rabbitmq_v3_4_3\n * [new tag]             rabbitmq_v3_4_4             -> rabbitmq_v3_4_4\n * [new tag]             rabbitmq_v3_5_0             -> rabbitmq_v3_5_0\n * [new tag]             rabbitmq_v3_5_1             -> rabbitmq_v3_5_1\n * [new tag]             rabbitmq_v3_5_2             -> rabbitmq_v3_5_2\n * [new tag]             rabbitmq_v3_5_3             -> rabbitmq_v3_5_3\n * [new tag]             rabbitmq_v3_5_4             -> rabbitmq_v3_5_4\n * [new tag]             rabbitmq_v3_5_4_rc1         -> rabbitmq_v3_5_4_rc1\n * [new tag]             rabbitmq_v3_5_4_rc2         -> rabbitmq_v3_5_4_rc2\n * [new tag]             rabbitmq_v3_5_5             -> rabbitmq_v3_5_5\n * [new tag]             rabbitmq_v3_5_5_rc1         -> rabbitmq_v3_5_5_rc1\n * [new tag]             rabbitmq_v3_5_5_rc2         -> rabbitmq_v3_5_5_rc2\n * [new tag]             rabbitmq_v3_5_6             -> rabbitmq_v3_5_6\n * [new tag]             rabbitmq_v3_5_7             -> rabbitmq_v3_5_7\n * [new tag]             rabbitmq_v3_5_7_rc1         -> rabbitmq_v3_5_7_rc1\n * [new tag]             rabbitmq_v3_5_7_rc2         -> rabbitmq_v3_5_7_rc2\n * [new tag]             rabbitmq_v3_6_0             -> rabbitmq_v3_6_0\n * [new tag]             rabbitmq_v3_6_0_milestone1  -> rabbitmq_v3_6_0_milestone1\n * [new tag]             rabbitmq_v3_6_0_milestone2  -> rabbitmq_v3_6_0_milestone2\n * [new tag]             rabbitmq_v3_6_0_milestone3  -> rabbitmq_v3_6_0_milestone3\n * [new tag]             rabbitmq_v3_6_0_rc1         -> rabbitmq_v3_6_0_rc1\n * [new tag]             rabbitmq_v3_6_0_rc2         -> rabbitmq_v3_6_0_rc2\n * [new tag]             rabbitmq_v3_6_0_rc3         -> rabbitmq_v3_6_0_rc3\n * [new tag]             rabbitmq_v3_6_1             -> rabbitmq_v3_6_1\n * [new tag]             rabbitmq_v3_6_10            -> rabbitmq_v3_6_10\n * [new tag]             rabbitmq_v3_6_10_milestone1 -> rabbitmq_v3_6_10_milestone1\n * [new tag]             rabbitmq_v3_6_10_milestone2 -> rabbitmq_v3_6_10_milestone2\n * [new tag]             rabbitmq_v3_6_10_milestone3 -> rabbitmq_v3_6_10_milestone3\n * [new tag]             rabbitmq_v3_6_10_milestone4 -> rabbitmq_v3_6_10_milestone4\n * [new tag]             rabbitmq_v3_6_10_rc1        -> rabbitmq_v3_6_10_rc1\n * [new tag]             rabbitmq_v3_6_10_rc2        -> rabbitmq_v3_6_10_rc2\n * [new tag]             rabbitmq_v3_6_11            -> rabbitmq_v3_6_11\n * [new tag]             rabbitmq_v3_6_11_milestone1 -> rabbitmq_v3_6_11_milestone1\n * [new tag]             rabbitmq_v3_6_11_milestone2 -> rabbitmq_v3_6_11_milestone2\n * [new tag]             rabbitmq_v3_6_11_milestone3 -> rabbitmq_v3_6_11_milestone3\n * [new tag]             rabbitmq_v3_6_11_milestone4 -> rabbitmq_v3_6_11_milestone4\n * [new tag]             rabbitmq_v3_6_11_milestone5 -> rabbitmq_v3_6_11_milestone5\n * [new tag]             rabbitmq_v3_6_11_rc1        -> rabbitmq_v3_6_11_rc1\n * [new tag]             rabbitmq_v3_6_11_rc2        -> rabbitmq_v3_6_11_rc2\n * [new tag]             rabbitmq_v3_6_11_rc3        -> rabbitmq_v3_6_11_rc3\n * [new tag]             rabbitmq_v3_6_12            -> rabbitmq_v3_6_12\n * [new tag]             rabbitmq_v3_6_12_rc1        -> rabbitmq_v3_6_12_rc1\n * [new tag]             rabbitmq_v3_6_12_rc2        -> rabbitmq_v3_6_12_rc2\n * [new tag]             rabbitmq_v3_6_12_rc3        -> rabbitmq_v3_6_12_rc3\n * [new tag]             rabbitmq_v3_6_13            -> rabbitmq_v3_6_13\n * [new tag]             rabbitmq_v3_6_13_milestone1 -> rabbitmq_v3_6_13_milestone1\n * [new tag]             rabbitmq_v3_6_13_rc1        -> rabbitmq_v3_6_13_rc1\n * [new tag]             rabbitmq_v3_6_13_rc2        -> rabbitmq_v3_6_13_rc2\n * [new tag]             rabbitmq_v3_6_14            -> rabbitmq_v3_6_14\n * [new tag]             rabbitmq_v3_6_1_rc1         -> rabbitmq_v3_6_1_rc1\n * [new tag]             rabbitmq_v3_6_1_rc2         -> rabbitmq_v3_6_1_rc2\n * [new tag]             rabbitmq_v3_6_2             -> rabbitmq_v3_6_2\n * [new tag]             rabbitmq_v3_6_2_milestone1  -> rabbitmq_v3_6_2_milestone1\n * [new tag]             rabbitmq_v3_6_2_milestone2  -> rabbitmq_v3_6_2_milestone2\n * [new tag]             rabbitmq_v3_6_2_milestone3  -> rabbitmq_v3_6_2_milestone3\n * [new tag]             rabbitmq_v3_6_2_milestone4  -> rabbitmq_v3_6_2_milestone4\n * [new tag]             rabbitmq_v3_6_2_milestone5  -> rabbitmq_v3_6_2_milestone5\n * [new tag]             rabbitmq_v3_6_2_rc1         -> rabbitmq_v3_6_2_rc1\n * [new tag]             rabbitmq_v3_6_2_rc2         -> rabbitmq_v3_6_2_rc2\n * [new tag]             rabbitmq_v3_6_2_rc3         -> rabbitmq_v3_6_2_rc3\n * [new tag]             rabbitmq_v3_6_2_rc4         -> rabbitmq_v3_6_2_rc4\n * [new tag]             rabbitmq_v3_6_3             -> rabbitmq_v3_6_3\n * [new tag]             rabbitmq_v3_6_3_milestone1  -> rabbitmq_v3_6_3_milestone1\n * [new tag]             rabbitmq_v3_6_3_milestone2  -> rabbitmq_v3_6_3_milestone2\n * [new tag]             rabbitmq_v3_6_3_rc1         -> rabbitmq_v3_6_3_rc1\n * [new tag]             rabbitmq_v3_6_3_rc2         -> rabbitmq_v3_6_3_rc2\n * [new tag]             rabbitmq_v3_6_3_rc3         -> rabbitmq_v3_6_3_rc3\n * [new tag]             rabbitmq_v3_6_4             -> rabbitmq_v3_6_4\n * [new tag]             rabbitmq_v3_6_4_milestone1  -> rabbitmq_v3_6_4_milestone1\n * [new tag]             rabbitmq_v3_6_4_milestone2  -> rabbitmq_v3_6_4_milestone2\n * [new tag]             rabbitmq_v3_6_4_rc1         -> rabbitmq_v3_6_4_rc1\n * [new tag]             rabbitmq_v3_6_5             -> rabbitmq_v3_6_5\n * [new tag]             rabbitmq_v3_6_5_milestone1  -> rabbitmq_v3_6_5_milestone1\n * [new tag]             rabbitmq_v3_6_5_milestone2  -> rabbitmq_v3_6_5_milestone2\n * [new tag]             rabbitmq_v3_6_6             -> rabbitmq_v3_6_6\n * [new tag]             rabbitmq_v3_6_6_milestone1  -> rabbitmq_v3_6_6_milestone1\n * [new tag]             rabbitmq_v3_6_6_milestone2  -> rabbitmq_v3_6_6_milestone2\n * [new tag]             rabbitmq_v3_6_6_milestone3  -> rabbitmq_v3_6_6_milestone3\n * [new tag]             rabbitmq_v3_6_6_milestone4  -> rabbitmq_v3_6_6_milestone4\n * [new tag]             rabbitmq_v3_6_6_milestone5  -> rabbitmq_v3_6_6_milestone5\n * [new tag]             rabbitmq_v3_6_6_rc1         -> rabbitmq_v3_6_6_rc1\n * [new tag]             rabbitmq_v3_6_6_rc2         -> rabbitmq_v3_6_6_rc2\n * [new tag]             rabbitmq_v3_6_7             -> rabbitmq_v3_6_7\n * [new tag]             rabbitmq_v3_6_7_milestone1  -> rabbitmq_v3_6_7_milestone1\n * [new tag]             rabbitmq_v3_6_7_milestone2  -> rabbitmq_v3_6_7_milestone2\n * [new tag]             rabbitmq_v3_6_7_milestone3  -> rabbitmq_v3_6_7_milestone3\n * [new tag]             rabbitmq_v3_6_7_milestone4  -> rabbitmq_v3_6_7_milestone4\n * [new tag]             rabbitmq_v3_6_7_milestone5  -> rabbitmq_v3_6_7_milestone5\n * [new tag]             rabbitmq_v3_6_7_milestone6  -> rabbitmq_v3_6_7_milestone6\n * [new tag]             rabbitmq_v3_6_7_rc1         -> rabbitmq_v3_6_7_rc1\n * [new tag]             rabbitmq_v3_6_7_rc2         -> rabbitmq_v3_6_7_rc2\n * [new tag]             rabbitmq_v3_6_7_rc3         -> rabbitmq_v3_6_7_rc3\n * [new tag]             rabbitmq_v3_6_8             -> rabbitmq_v3_6_8\n * [new tag]             rabbitmq_v3_6_9             -> rabbitmq_v3_6_9\n * [new tag]             rabbitmq_v3_7_0_milestone1  -> rabbitmq_v3_7_0_milestone1\n * [new tag]             rabbitmq_v3_7_0_milestone10 -> rabbitmq_v3_7_0_milestone10\n * [new tag]             rabbitmq_v3_7_0_milestone11 -> rabbitmq_v3_7_0_milestone11\n * [new tag]             rabbitmq_v3_7_0_milestone12 -> rabbitmq_v3_7_0_milestone12\n * [new tag]             rabbitmq_v3_7_0_milestone13 -> rabbitmq_v3_7_0_milestone13\n * [new tag]             rabbitmq_v3_7_0_milestone14 -> rabbitmq_v3_7_0_milestone14\n * [new tag]             rabbitmq_v3_7_0_milestone15 -> rabbitmq_v3_7_0_milestone15\n * [new tag]             rabbitmq_v3_7_0_milestone16 -> rabbitmq_v3_7_0_milestone16\n * [new tag]             rabbitmq_v3_7_0_milestone17 -> rabbitmq_v3_7_0_milestone17\n * [new tag]             rabbitmq_v3_7_0_milestone18 -> rabbitmq_v3_7_0_milestone18\n * [new tag]             rabbitmq_v3_7_0_milestone2  -> rabbitmq_v3_7_0_milestone2\n * [new tag]             rabbitmq_v3_7_0_milestone3  -> rabbitmq_v3_7_0_milestone3\n * [new tag]             rabbitmq_v3_7_0_milestone4  -> rabbitmq_v3_7_0_milestone4\n * [new tag]             rabbitmq_v3_7_0_milestone5  -> rabbitmq_v3_7_0_milestone5\n * [new tag]             rabbitmq_v3_7_0_milestone6  -> rabbitmq_v3_7_0_milestone6\n * [new tag]             rabbitmq_v3_7_0_milestone7  -> rabbitmq_v3_7_0_milestone7\n * [new tag]             rabbitmq_v3_7_0_milestone8  -> rabbitmq_v3_7_0_milestone8\n * [new tag]             rabbitmq_v3_7_0_milestone9  -> rabbitmq_v3_7_0_milestone9\n * [new tag]             v3.7.0                      -> v3.7.0\n * [new tag]             v3.7.0-beta.19              -> v3.7.0-beta.19\n * [new tag]             v3.7.0-beta.20              -> v3.7.0-beta.20\n * [new tag]             v3.7.0-rc.1                 -> v3.7.0-rc.1\n * [new tag]             v3.7.0-rc.2                 -> v3.7.0-rc.2\n * [new tag]             v3.7.1                      -> v3.7.1\n * [new tag]             v3.7.1-beta.1               -> v3.7.1-beta.1\n * [new tag]             v3.7.2                      -> v3.7.2\n * [new tag]             v3.7.3-rc.1                 -> v3.7.3-rc.1\nFrom https://github.com/rabbitmq/rabbitmq-server\n * [new branch]          master     -> master\n * [new branch]          master     -> upstream/master\ntravis_time:end:0db14e00:start=1565776977732637320,finish=1565776987409682647,duration=9677045327\n\u001b[0Ktravis_fold:end:before_script.2\n\u001b[0Ktravis_time:start:27726aa0\n\u001b[0K$ make xref\n DEP    rabbit_common (vhost-description)\n DEP    rabbitmq_cli (vhost-description)\n DEP    syslog (3.4.5)\nNo beam files found.\nRecompile: src/rebar\nRecompile: src/rebar_abnfc_compiler\nRecompile: src/rebar_app_utils\nRecompile: src/rebar_appups\nRecompile: src/rebar_asn1_compiler\nRecompile: src/rebar_base_compiler\nRecompile: src/rebar_cleaner\nRecompile: src/rebar_config\nRecompile: src/rebar_core\nRecompile: src/rebar_cover_utils\nRecompile: src/rebar_ct\nsrc/rebar_ct.erl:291: Warning: crypto:rand_uniform/2 is deprecated and will be removed in a future release; use rand:uniform/1\nRecompile: src/rebar_deps\nRecompile: src/rebar_dia_compiler\nRecompile: src/rebar_dialyzer\nRecompile: src/rebar_edoc\nRecompile: src/rebar_erlc_compiler\nRecompile: src/rebar_erlydtl_compiler\nRecompile: src/rebar_escripter\nRecompile: src/rebar_eunit\nsrc/rebar_eunit.erl:282: Warning: crypto:rand_uniform/2 is deprecated and will be removed in a future release; use rand:uniform/1\nRecompile: src/rebar_file_utils\nRecompile: src/rebar_getopt\nRecompile: src/rebar_lfe_compiler\nRecompile: src/rebar_log\nRecompile: src/rebar_metacmds\nRecompile: src/rebar_mustache\nRecompile: src/rebar_neotoma_compiler\nRecompile: src/rebar_otp_app\nRecompile: src/rebar_otp_appup\nRecompile: src/rebar_port_compiler\nRecompile: src/rebar_proto_compiler\nRecompile: src/rebar_proto_gpb_compiler\nRecompile: src/rebar_protobuffs_compiler\nRecompile: src/rebar_qc\nRecompile: src/rebar_rand_compat\nRecompile: src/rebar_rel_utils\nRecompile: src/rebar_reltool\nRecompile: src/rebar_require_vsn\nRecompile: src/rebar_shell\nRecompile: src/rebar_subdirs\nRecompile: src/rebar_templater\nRecompile: src/rebar_upgrade\nRecompile: src/rebar_utils\nRecompile: src/rebar_xref\nRecompile: src/rmemo\n==> rebar (compile)\n==> rebar (escriptize)\nCongratulations! You now have a self-contained script called \"rebar\" in\nyour current working directory. Place this script anywhere in your path\nand you can use rebar to build OTP-compliant apps.\n/home/travis/build/rabbitmq/rabbitmq-server\n DEP    ranch (1.7.1)\n DEP    lager (3.8.0)\n DEP    ra (master)\n DEP    sysmon_handler (1.2.0)\n DEP    stdout_formatter (0.2.2)\n DEP    recon (2.5.0)\n DEP    observer_cli (1.5.2)\n[{\"1.1.0\",[{<<\"recon\">>,{pkg,<<\"recon\">>,<<\"2.5.0\">>},0}]},\n [{pkg_hash,[{<<\"recon\">>,\n              <<\"2F7FCBEC2C35034BADE2F9717F77059DC54EB4E929A3049CA7BA6775C0BD66CD\">>}]}]]\n[{<<\"recon\">>,{pkg,<<\"recon\">>,<<\"2.5.0\">>},0}]\n<<\"2.5.0\">>\nmake[1]: Entering directory '/home/travis/build/rabbitmq/rabbitmq-server/deps/rabbitmq_cli'\nmake[2]: Entering directory '/home/travis/build/rabbitmq/rabbitmq-server/deps/rabbit_common'\n DEP    rabbitmq_codegen (vhost-description)\n DEP    jsx (2.9.0)\nmake[3]: Entering directory '/home/travis/build/rabbitmq/rabbitmq-server/deps/rabbitmq_codegen'\nmake[3]: Leaving directory '/home/travis/build/rabbitmq/rabbitmq-server/deps/rabbitmq_codegen'\nmake[3]: Entering directory '/home/travis/build/rabbitmq/rabbitmq-server/deps/lager'\n DEP    goldrush (0.1.9)\nmake[4]: Entering directory '/home/travis/build/rabbitmq/rabbitmq-server/deps/goldrush'\n DEPEND goldrush.d\n ERLC   glc.erl glc_code.erl glc_lib.erl glc_ops.erl glc_run.erl gr_app.erl gr_context.erl gr_counter.erl gr_counter_sup.erl gr_manager.erl gr_manager_sup.erl gr_param.erl gr_param_sup.erl gr_sup.erl gre.erl\n APP    goldrush.app.src\nmake[4]: Leaving directory '/home/travis/build/rabbitmq/rabbitmq-server/deps/goldrush'\n DEPEND lager.d\n ERLC   error_logger_lager_h.erl lager.erl lager_app.erl lager_backend_throttle.erl lager_common_test_backend.erl lager_config.erl lager_console_backend.erl lager_crash_log.erl lager_default_formatter.erl lager_file_backend.erl lager_format.erl lager_handler_watcher.erl lager_handler_watcher_sup.erl lager_manager_killer.erl lager_msg.erl lager_rotator_behaviour.erl lager_rotator_default.erl lager_stdlib.erl lager_sup.erl lager_transform.erl lager_trunc_io.erl lager_util.erl\n APP    lager.app.src\nmake[3]: Leaving directory '/home/travis/build/rabbitmq/rabbitmq-server/deps/lager'\nmake[3]: Entering directory '/home/travis/build/rabbitmq/rabbitmq-server/deps/jsx'\n DEPEND jsx.d\n ERLC   jsx.erl jsx_config.erl jsx_consult.erl jsx_decoder.erl jsx_encoder.erl jsx_parser.erl jsx_to_json.erl jsx_to_term.erl jsx_verify.erl\nOld inliner: threshold=0 functions=[{doublequote,5},\n                                    {singlequote,5},\n                                    {maybe_replace,2},\n                                    {format_number,1},\n                                    {handle_event,3}]\n APP    jsx.app.src\nmake[3]: Leaving directory '/home/travis/build/rabbitmq/rabbitmq-server/deps/jsx'\nmake[3]: Entering directory '/home/travis/build/rabbitmq/rabbitmq-server/deps/ranch'\n DEPEND ranch.d\n ERLC   ranch.erl ranch_acceptor.erl ranch_acceptors_sup.erl ranch_app.erl ranch_conns_sup.erl ranch_crc32c.erl ranch_listener_sup.erl ranch_protocol.erl ranch_proxy_header.erl ranch_server.erl ranch_ssl.erl ranch_sup.erl ranch_tcp.erl ranch_transport.erl\n APP    ranch.app.src\nmake[3]: Leaving directory '/home/travis/build/rabbitmq/rabbitmq-server/deps/ranch'\nmake[3]: Entering directory '/home/travis/build/rabbitmq/rabbitmq-server/deps/recon'\n DEPEND recon.d\n ERLC   recon.erl recon_alloc.erl recon_lib.erl recon_map.erl recon_rec.erl recon_trace.erl\nOld inliner: threshold=0 functions=[{insert,2},{merge,2}]\n APP    recon.app.src\nmake[3]: Leaving directory '/home/travis/build/rabbitmq/rabbitmq-server/deps/recon'\n GEN    include/rabbit_framing.hrl\n GEN    src/rabbit_framing_amqp_0_8.erl\n GEN    src/rabbit_framing_amqp_0_9_1.erl\n DEPEND rabbit_common.d\n ERLC   app_utils.erl code_version.erl credit_flow.erl delegate.erl delegate_sup.erl file_handle_cache.erl file_handle_cache_stats.erl gen_server2.erl lager_forwarder_backend.erl mirrored_supervisor.erl mnesia_sync.erl pmon.erl priority_queue.erl rabbit_amqp_connection.erl rabbit_amqqueue_common.erl rabbit_auth_backend_dummy.erl rabbit_auth_mechanism.erl rabbit_authn_backend.erl rabbit_authz_backend.erl rabbit_basic_common.erl rabbit_binary_generator.erl rabbit_binary_parser.erl rabbit_cert_info.erl rabbit_channel_common.erl rabbit_command_assembler.erl rabbit_control_misc.erl rabbit_core_metrics.erl rabbit_data_coercion.erl rabbit_error_logger_handler.erl rabbit_event.erl rabbit_exchange_type.erl rabbit_framing_amqp_0_8.erl rabbit_framing_amqp_0_9_1.erl rabbit_heartbeat.erl rabbit_http_util.erl rabbit_json.erl rabbit_log.erl rabbit_log_ra_shim.erl rabbit_misc.erl rabbit_msg_store_index.erl rabbit_net.erl rabbit_nodes_common.erl rabbit_numerical.erl rabbit_password_hashing.erl rabbit_pbe.erl rabbit_peer_discovery_backend.erl rabbit_policy_validator.erl rabbit_queue_collector.erl rabbit_registry.erl rabbit_registry_class.erl rabbit_resource_monitor_misc.erl rabbit_runtime.erl rabbit_runtime_parameter.erl rabbit_semver.erl rabbit_semver_parser.erl rabbit_ssl_options.erl rabbit_types.erl rabbit_writer.erl supervisor2.erl vm_memory_monitor.erl worker_pool.erl worker_pool_sup.erl worker_pool_worker.erl\n APP    rabbit_common\nmake[2]: Leaving directory '/home/travis/build/rabbitmq/rabbitmq-server/deps/rabbit_common'\nmake[2]: Entering directory '/home/travis/build/rabbitmq/rabbitmq-server/deps/observer_cli'\n DEPEND observer_cli.d\n ERLC   observer_cli.erl observer_cli_application.erl observer_cli_escriptize.erl observer_cli_ets.erl observer_cli_help.erl observer_cli_inet.erl observer_cli_lib.erl observer_cli_mnesia.erl observer_cli_plugin.erl observer_cli_port.erl observer_cli_process.erl observer_cli_store.erl observer_cli_system.erl\nInlining: inline_size=24 inline_effort=150\n APP    observer_cli.app.src\nmake[2]: Leaving directory '/home/travis/build/rabbitmq/rabbitmq-server/deps/observer_cli'\n GEN    escript/rabbitmqctl\nCould not find Hex, which is needed to build dependency :json\nShall I install Hex? (if running non-interactively, use \"mix local.hex --force\") [Yn] * creating /home/travis/.kiex/mix/elixir-1.7.4/hex-0.20.1\nResolving Hex dependencies...\nDependency resolution completed:\nNew:\n\u001b[32m  amqp 1.2.2\u001b[31m\u001b[0m\n\u001b[32m  csv 2.0.0\u001b[31m\u001b[0m\n\u001b[32m  dialyxir 0.5.1\u001b[31m\u001b[0m\n\u001b[32m  goldrush 0.1.9\u001b[31m\u001b[0m\n\u001b[32m  json 1.2.5\u001b[31m\u001b[0m\n\u001b[32m  jsx 2.10.0\u001b[31m\u001b[0m\n\u001b[32m  lager 3.6.10\u001b[31m\u001b[0m\n\u001b[32m  observer_cli 1.5.2\u001b[31m\u001b[0m\n\u001b[32m  parallel_stream 1.0.6\u001b[31m\u001b[0m\n\u001b[32m  ranch 1.7.1\u001b[31m\u001b[0m\n\u001b[32m  recon 2.5.0\u001b[31m\u001b[0m\n\u001b[32m  stdout_formatter 0.2.3\u001b[31m\u001b[0m\n\u001b[32m  temp 0.4.7\u001b[31m\u001b[0m\n* Getting json (Hex package)\n* Getting csv (Hex package)\n* Getting stdout_formatter (Hex package)\n* Getting observer_cli (Hex package)\n* Getting amqp (Hex package)\n* Getting dialyxir (Hex package)\n* Getting temp (Hex package)\n* Getting goldrush (Hex package)\n* Getting jsx (Hex package)\n* Getting lager (Hex package)\n* Getting ranch (Hex package)\n* Getting recon (Hex package)\n* Getting parallel_stream (Hex package)\n==> stdout_formatter\nCompiling 4 files (.erl)\nGenerated stdout_formatter app\nwarning: found quoted keyword \"coveralls\" but the quotes are not required. Note that keywords are always atoms, even when quoted, and quotes should only be used to introduce keywords with foreign characters in them\n  /home/travis/build/rabbitmq/rabbitmq-server/deps/rabbitmq_cli/deps/parallel_stream/mix.exs:17\n\n==> parallel_stream\nCompiling 11 files (.ex)\nwarning: Stream.chunk/4 is deprecated. Use Stream.chunk_every/4 instead\n  lib/parallel_stream/producer.ex:16\n\nGenerated parallel_stream app\n==> json\nCompiling 13 files (.ex)\nGenerated json app\n==> recon\nCompiling 6 files (.erl)\nGenerated recon app\nwarning: found quoted keyword \"coveralls\" but the quotes are not required. Note that keywords are always atoms, even when quoted, and quotes should only be used to introduce keywords with foreign characters in them\n  /home/travis/build/rabbitmq/rabbitmq-server/deps/rabbitmq_cli/deps/csv/mix.exs:18\n\n==> csv\nCompiling 10 files (.ex)\nwarning: outdented heredoc line. The contents inside the heredoc should be indented at the same level as the closing \"\"\". The following is forbidden:\n\n    def text do\n      \"\"\"\n    contents\n      \"\"\"\n    end\n\nInstead make sure the contents are indented as much as the heredoc closing:\n\n    def text do\n      \"\"\"\n      contents\n      \"\"\"\n    end\n\nThe current heredoc line is indented too little\n  lib/csv.ex:69\n\nwarning: String.strip/1 is deprecated. Use String.trim/1 instead\n  lib/csv/decoding/parser.ex:78\n\nGenerated csv app\n==> observer_cli\nCompiling 13 files (.erl)\nGenerated observer_cli app\n==> rabbitmqctl\nCompiling 182 files (.ex)\nwarning: System.stacktrace/0 outside of rescue/catch clauses is deprecated. If you want to support only Elixir v1.7+, you must access __STACKTRACE__ inside a rescue/catch. If you want to support earlier Elixir versions, move System.stacktrace/0 inside a rescue/catch\n  lib/rabbitmqctl.ex:383\n\nwarning: System.stacktrace/0 outside of rescue/catch clauses is deprecated. If you want to support only Elixir v1.7+, you must access __STACKTRACE__ inside a rescue/catch. If you want to support earlier Elixir versions, move System.stacktrace/0 inside a rescue/catch\n  lib/rabbitmqctl.ex:387\n\nwarning: function :rabbit.await_startup/1 is undefined (module :rabbit is not available)\n  lib/rabbitmq/cli/ctl/commands/wait_command.ex:216\n\nwarning: function :rabbit_file.write_term_file/2 is undefined (module :rabbit_file is not available)\n  lib/rabbitmq/cli/plugins/plugins_helpers.ex:204\n\nwarning: function :rabbit_hipe.can_hipe_compile/0 is undefined (module :rabbit_hipe is not available)\n  lib/rabbitmq/cli/ctl/commands/hipe_compile_command.ex:105\n\nwarning: function :rabbit_hipe.compile_to_directory/1 is undefined (module :rabbit_hipe is not available)\n  lib/rabbitmq/cli/ctl/commands/hipe_compile_command.ex:107\n\nwarning: function :rabbit_mnesia.forget_cluster_node/2 is undefined (module :rabbit_mnesia is not available)\n  lib/rabbitmq/cli/ctl/commands/forget_cluster_node_command.ex:51\n\nwarning: function :rabbit_mnesia_rename.rename/2 is undefined (module :rabbit_mnesia_rename is not available)\n  lib/rabbitmq/cli/ctl/commands/rename_cluster_node_command.ex:50\n\nwarning: function :rabbit_plugins.dependencies/3 is undefined (module :rabbit_plugins is not available)\nFound at 6 locations:\n  lib/rabbitmq/cli/plugins/commands/disable_command.ex:71\n  lib/rabbitmq/cli/plugins/commands/disable_command.ex:72\n  lib/rabbitmq/cli/plugins/commands/enable_command.ex:113\n  lib/rabbitmq/cli/plugins/commands/list_command.ex:77\n  lib/rabbitmq/cli/plugins/plugins_helpers.ex:146\n  lib/rabbitmq/cli/plugins/plugins_helpers.ex:206\n\nwarning: function :rabbit_plugins.format_invalid_plugins/1 is undefined (module :rabbit_plugins is not available)\n  lib/rabbitmq/cli/plugins/plugins_helpers.ex:156\n\nwarning: function :rabbit_plugins.is_strictly_plugin/1 is undefined (module :rabbit_plugins is not available)\n  lib/rabbitmq/cli/plugins/commands/list_command.ex:101\n\nwarning: function :rabbit_plugins.list/1 is undefined (module :rabbit_plugins is not available)\n  lib/rabbitmq/cli/plugins/plugins_helpers.ex:55\n\nwarning: function :rabbit_plugins.read_enabled/1 is undefined (module :rabbit_plugins is not available)\n  lib/rabbitmq/cli/plugins/plugins_helpers.ex:65\n\nwarning: function :rabbit_plugins.strictly_plugins/2 is undefined (module :rabbit_plugins is not available)\nFound at 8 locations:\n  lib/rabbitmq/cli/plugins/commands/disable_command.ex:81\n  lib/rabbitmq/cli/plugins/commands/disable_command.ex:90\n  lib/rabbitmq/cli/plugins/commands/disable_command.ex:151\n  lib/rabbitmq/cli/plugins/commands/enable_command.ex:128\n  lib/rabbitmq/cli/plugins/commands/enable_command.ex:135\n  lib/rabbitmq/cli/plugins/commands/enable_command.ex:161\n  lib/rabbitmq/cli/plugins/commands/set_command.ex:106\n  lib/rabbitmq/cli/plugins/commands/set_command.ex:138\n\nwarning: function :rabbit_plugins.validate_plugins/1 is undefined (module :rabbit_plugins is not available)\n  lib/rabbitmq/cli/plugins/plugins_helpers.ex:154\n\nGenerated rabbitmqctl app\nGenerated escript escript/rabbitmqctl with MIX_ENV=dev\n GEN    escript/rabbitmq-plugins\n GEN    escript/rabbitmq-diagnostics\n GEN    escript/rabbitmq-queues\nmake[1]: Leaving directory '/home/travis/build/rabbitmq/rabbitmq-server/deps/rabbitmq_cli'\nmake[1]: Entering directory '/home/travis/build/rabbitmq/rabbitmq-server/deps/syslog'\n DEPEND syslog.d\n ERLC   syslog.erl syslog_error_h.erl syslog_lager_backend.erl syslog_lib.erl syslog_logger.erl syslog_monitor.erl syslog_rfc3164.erl syslog_rfc5424.erl\n APP    syslog.app.src\nmake[1]: Leaving directory '/home/travis/build/rabbitmq/rabbitmq-server/deps/syslog'\nmake[1]: Entering directory '/home/travis/build/rabbitmq/rabbitmq-server/deps/ra'\n DEP    elvis_mk (master)\n DEP    aten (0.5.2)\n DEP    gen_batch_server (0.7.0)\nmake[2]: Entering directory '/home/travis/build/rabbitmq/rabbitmq-server/deps/elvis_mk'\nmake[2]: Nothing to be done for 'noop'.\nmake[2]: Leaving directory '/home/travis/build/rabbitmq/rabbitmq-server/deps/elvis_mk'\nmake[2]: Entering directory '/home/travis/build/rabbitmq/rabbitmq-server/deps/aten'\n DEPEND aten.d\n ERLC   aten.erl aten_app.erl aten_detect.erl aten_detector.erl aten_emitter.erl aten_sink.erl aten_sup.erl\n APP    aten.app.src\nmake[2]: Leaving directory '/home/travis/build/rabbitmq/rabbitmq-server/deps/aten'\nmake[2]: Entering directory '/home/travis/build/rabbitmq/rabbitmq-server/deps/gen_batch_server'\n DEPEND gen_batch_server.d\n ERLC   gen_batch_server.erl\n APP    gen_batch_server.app.src\nmake[2]: Leaving directory '/home/travis/build/rabbitmq/rabbitmq-server/deps/gen_batch_server'\n DEPEND ra.d\n ERLC   noop.erl ra.erl ra_app.erl ra_directory.erl ra_env.erl ra_file_handle.erl ra_flru.erl ra_lib.erl ra_log.erl ra_log_ets.erl ra_log_meta.erl ra_log_segment.erl ra_log_segment_writer.erl ra_log_snapshot.erl ra_log_sup.erl ra_log_wal.erl ra_log_wal_sup.erl ra_machine.erl ra_machine_ets.erl ra_machine_simple.erl ra_metrics_ets.erl ra_server.erl ra_server_proc.erl ra_server_sup.erl ra_server_sup_sup.erl ra_snapshot.erl ra_sup.erl ra_system_sup.erl\nInlining: inline_size=24 inline_effort=150\n APP    ra.app.src\nmake[1]: Leaving directory '/home/travis/build/rabbitmq/rabbitmq-server/deps/ra'\nmake[1]: Entering directory '/home/travis/build/rabbitmq/rabbitmq-server/deps/sysmon_handler'\n DEPEND sysmon_handler.d\n ERLC   sysmon_handler_app.erl sysmon_handler_example_handler.erl sysmon_handler_filter.erl sysmon_handler_sup.erl sysmon_handler_testhandler.erl\n APP    sysmon_handler.app.src\nmake[1]: Leaving directory '/home/travis/build/rabbitmq/rabbitmq-server/deps/sysmon_handler'\nmake[1]: Entering directory '/home/travis/build/rabbitmq/rabbitmq-server/deps/stdout_formatter'\n DEPEND stdout_formatter.d\n ERLC   stdout_formatter.erl stdout_formatter_paragraph.erl stdout_formatter_table.erl stdout_formatter_utils.erl\n APP    stdout_formatter.app.src\nmake[1]: Leaving directory '/home/travis/build/rabbitmq/rabbitmq-server/deps/stdout_formatter'\n DEPEND rabbit.d\n ERLC   amqqueue.erl amqqueue_v1.erl background_gc.erl code_server_cache.erl gatherer.erl gm.erl lager_exchange_backend.erl lqueue.erl mirrored_supervisor_sups.erl pg_local.erl rabbit.erl rabbit_access_control.erl rabbit_alarm.erl rabbit_amqqueue.erl rabbit_amqqueue_process.erl rabbit_amqqueue_sup.erl rabbit_amqqueue_sup_sup.erl rabbit_auth_backend_internal.erl rabbit_auth_mechanism_amqplain.erl rabbit_auth_mechanism_cr_demo.erl rabbit_auth_mechanism_plain.erl rabbit_autoheal.erl rabbit_backing_queue.erl rabbit_basic.erl rabbit_binding.erl rabbit_boot_steps.erl rabbit_channel.erl rabbit_channel_interceptor.erl rabbit_channel_sup.erl rabbit_channel_sup_sup.erl rabbit_client_sup.erl rabbit_config.erl rabbit_connection_helper_sup.erl rabbit_connection_sup.erl rabbit_connection_tracking.erl rabbit_connection_tracking_handler.erl rabbit_control_pbe.erl rabbit_core_ff.erl rabbit_core_metrics_gc.erl rabbit_credential_validation.erl rabbit_credential_validator.erl rabbit_credential_validator_accept_everything.erl rabbit_credential_validator_min_password_length.erl rabbit_credential_validator_password_regexp.erl rabbit_dead_letter.erl rabbit_diagnostics.erl rabbit_direct.erl rabbit_disk_monitor.erl rabbit_epmd_monitor.erl rabbit_exchange.erl rabbit_exchange_decorator.erl rabbit_exchange_parameters.erl rabbit_exchange_type_direct.erl rabbit_exchange_type_fanout.erl rabbit_exchange_type_headers.erl rabbit_exchange_type_invalid.erl rabbit_exchange_type_topic.erl rabbit_feature_flags.erl rabbit_ff_extra.erl rabbit_ff_registry.erl rabbit_fhc_helpers.erl rabbit_fifo.erl rabbit_fifo_client.erl rabbit_fifo_index.erl rabbit_file.erl rabbit_framing.erl rabbit_guid.erl rabbit_health_check.erl rabbit_hipe.erl rabbit_lager.erl rabbit_limiter.erl rabbit_log_tail.erl rabbit_looking_glass.erl rabbit_memory_monitor.erl rabbit_metrics.erl rabbit_mirror_queue_coordinator.erl rabbit_mirror_queue_master.erl rabbit_mirror_queue_misc.erl rabbit_mirror_queue_mode.erl rabbit_mirror_queue_mode_all.erl rabbit_mirror_queue_mode_exactly.erl rabbit_mirror_queue_mode_nodes.erl rabbit_mirror_queue_slave.erl rabbit_mirror_queue_sync.erl rabbit_mnesia.erl rabbit_mnesia_rename.erl rabbit_msg_file.erl rabbit_msg_store.erl rabbit_msg_store_ets_index.erl rabbit_msg_store_gc.erl rabbit_networking.erl rabbit_node_monitor.erl rabbit_nodes.erl rabbit_parameter_validation.erl rabbit_password.erl rabbit_password_hashing_md5.erl rabbit_password_hashing_sha256.erl rabbit_password_hashing_sha512.erl rabbit_peer_discovery.erl rabbit_peer_discovery_classic_config.erl rabbit_peer_discovery_dns.erl rabbit_plugins.erl rabbit_policies.erl rabbit_policy.erl rabbit_policy_merge_strategy.erl rabbit_prelaunch.erl rabbit_prequeue.erl rabbit_priority_queue.erl rabbit_queue_consumers.erl rabbit_queue_decorator.erl rabbit_queue_index.erl rabbit_queue_location_client_local.erl rabbit_queue_location_min_masters.erl rabbit_queue_location_random.erl rabbit_queue_location_validator.erl rabbit_queue_master_location_misc.erl rabbit_queue_master_locator.erl rabbit_quorum_memory_manager.erl rabbit_quorum_queue.erl rabbit_reader.erl rabbit_recovery_terms.erl rabbit_restartable_sup.erl rabbit_router.erl rabbit_runtime_parameters.erl rabbit_ssl.erl rabbit_sup.erl rabbit_sysmon_handler.erl rabbit_sysmon_minder.erl rabbit_table.erl rabbit_trace.erl rabbit_upgrade.erl rabbit_upgrade_functions.erl rabbit_variable_queue.erl rabbit_version.erl rabbit_vhost.erl rabbit_vhost_limit.erl rabbit_vhost_msg_store.erl rabbit_vhost_process.erl rabbit_vhost_sup.erl rabbit_vhost_sup_sup.erl rabbit_vhost_sup_wrapper.erl rabbit_vm.erl supervised_lifecycle.erl tcp_listener.erl tcp_listener_sup.erl term_to_binary_compat.erl unconfirmed_messages.erl\nInlining: inline_size=24 inline_effort=150\nsrc/rabbit_vhost.erl:91: field description undefined in record vhost\nsrc/rabbit_vhost.erl:92: field tags undefined in record vhost\nsrc/rabbit_vhost.erl:344: variable 'Description' is unbound\nsrc/rabbit_vhost.erl:344: field description undefined in record vhost\nsrc/rabbit_vhost.erl:345: variable 'Tags' is unbound\nsrc/rabbit_vhost.erl:345: field tags undefined in record vhost\nerlang.mk:5360: recipe for target 'ebin/rabbit.app' failed\nmake[1]: *** [ebin/rabbit.app] Error 1\nerlang.mk:5107: recipe for target 'app' failed\nmake: *** [app] Error 2\ntravis_time:end:27726aa0:start=1565776987414719478,finish=1565777048186529122,duration=60771809644\n\u001b[0K\u001b[31;1mThe command \"make xref\" exited with 2.\u001b[0m\n\ntravis_time:start:30e1cb1c\n\u001b[0K$ make ct-fast\nmake ct CT_SUITES='amqqueue_backward_compatibility channel_interceptor channel_operation_timeout channel_source cluster cluster_formation_locking confirms_rejects consumer_timeout crashing_queues credential_validation dead_lettering disconnect_detected_during_alarm dynamic_qq gm list_consumers_sanity_check list_queues_online_and_offline many_node_ha mirrored_supervisor peer_discovery_dns per_vhost_connection_limit_partitions plugin_versioning priority_queue_recovery proxy_protocol publisher_confirms_parallel queue_parallel rabbit_fifo rabbit_fifo_int rabbitmq_queues_cli_integration rabbitmqctl_integration rabbitmqctl_shutdown single_active_consumer sup_delayed_restart term_to_binary_compat_prop topic_permission unit unit_inbroker_non_parallel unit_log_config unit_queue_consumers worker_pool'\nmake[1]: Entering directory '/home/travis/build/rabbitmq/rabbitmq-server'\n GEN    clean-profile\n GEN    clean-app\n GEN    coverdata-clean\n GEN    clean-dist\n GEN    clean-escripts\nmake[2]: Entering directory '/home/travis/build/rabbitmq/rabbitmq-server/deps/rabbitmq_cli'\nmake[3]: Entering directory '/home/travis/build/rabbitmq/rabbitmq-server/deps/rabbit_common'\nmake[4]: Entering directory '/home/travis/build/rabbitmq/rabbitmq-server/deps/rabbitmq_codegen'\nmake[4]: Leaving directory '/home/travis/build/rabbitmq/rabbitmq-server/deps/rabbitmq_codegen'\n DEPEND rabbit_common.d\nmake[3]: Leaving directory '/home/travis/build/rabbitmq/rabbitmq-server/deps/rabbit_common'\nmake[2]: Leaving directory '/home/travis/build/rabbitmq/rabbitmq-server/deps/rabbitmq_cli'\n DEP    rabbitmq_ct_helpers (vhost-description)\n DEP    rabbitmq_ct_client_helpers (vhost-description)\n DEP    amqp_client (vhost-description)\n DEP    meck (master)\n DEP    proper (master)\n CONF   proper\nUsing Erlang's 'random' ('rand' in 19.0 and later) module\nerlang.mk:5453: recipe for target '/home/travis/build/rabbitmq/rabbitmq-server/deps/proper' failed\nmake[1]: [/home/travis/build/rabbitmq/rabbitmq-server/deps/proper] Error 1 (ignored)\n DEP    cth_fail_fast (master)\nmake[2]: Entering directory '/home/travis/build/rabbitmq/rabbitmq-server/deps/rabbitmq_ct_helpers'\n DEP    inet_tcp_proxy ()\nmake[3]: Entering directory '/home/travis/build/rabbitmq/rabbitmq-server/deps/proper'\n DEPEND proper.d\n ERLC   proper.erl proper_arith.erl proper_array.erl proper_dict.erl proper_fsm.erl proper_gb_sets.erl proper_gb_trees.erl proper_gen.erl proper_gen_next.erl proper_orddict.erl proper_ordsets.erl proper_prop_remover.erl proper_queue.erl proper_sa.erl proper_sets.erl proper_shrink.erl proper_statem.erl proper_symb.erl proper_target.erl proper_transformer.erl proper_types.erl proper_typeserver.erl proper_unicode.erl proper_unused_imports_remover.erl vararg.erl\nOld inliner: threshold=0 functions=[{exactly,1},\n                                    {new_type,2},\n                                    {find_prop,2},\n                                    {get_prop,2},\n                                    {type_from_list,1},\n                                    {is_raw_type,1},\n                                    {cook_outer,1}]\nOld inliner: threshold=0 functions=[{clean_instance,1}]\nOld inliner: threshold=0 functions=[{exactly,1},\n                                    {new_type,2},\n                                    {find_prop,2},\n                                    {get_prop,2},\n                                    {type_from_list,1},\n                                    {is_raw_type,1},\n                                    {cook_outer,1}]\n APP    proper.app.src\nmake[3]: Leaving directory '/home/travis/build/rabbitmq/rabbitmq-server/deps/proper'\nmake[3]: Entering directory '/home/travis/build/rabbitmq/rabbitmq-server/deps/inet_tcp_proxy'\n DEPEND inet_tcp_proxy.d\n ERLC   inet_proxy_dist.erl inet_tcp_proxy.erl inet_tcp_proxy_manager.erl tcp_inet_proxy_helpers.erl\n APP    inet_tcp_proxy.app.src\nmake[3]: Leaving directory '/home/travis/build/rabbitmq/rabbitmq-server/deps/inet_tcp_proxy'\n DEPEND rabbitmq_ct_helpers.d\n ERLC   rabbit_control_helper.erl rabbit_ct_broker_helpers.erl rabbit_ct_config_schema.erl rabbit_ct_helpers.erl rabbit_ct_proper_helpers.erl rabbit_ct_vm_helpers.erl rabbit_mgmt_test_util.erl\n APP    rabbitmq_ct_helpers\nmake[2]: Leaving directory '/home/travis/build/rabbitmq/rabbitmq-server/deps/rabbitmq_ct_helpers'\nmake[2]: Entering directory '/home/travis/build/rabbitmq/rabbitmq-server/deps/rabbitmq_ct_client_helpers'\nmake[3]: Entering directory '/home/travis/build/rabbitmq/rabbitmq-server/deps/rabbitmq_ct_helpers'\n DEPEND rabbitmq_ct_helpers.d\nmake[3]: Leaving directory '/home/travis/build/rabbitmq/rabbitmq-server/deps/rabbitmq_ct_helpers'\nmake[3]: Entering directory '/home/travis/build/rabbitmq/rabbitmq-server/deps/amqp_client'\n DEPEND amqp_client.d\n ERLC   amqp_auth_mechanisms.erl amqp_channel.erl amqp_channel_sup.erl amqp_channel_sup_sup.erl amqp_channels_manager.erl amqp_client.erl amqp_connection.erl amqp_connection_sup.erl amqp_connection_type_sup.erl amqp_direct_connection.erl amqp_direct_consumer.erl amqp_gen_connection.erl amqp_gen_consumer.erl amqp_main_reader.erl amqp_network_connection.erl amqp_rpc_client.erl amqp_rpc_server.erl amqp_selective_consumer.erl amqp_ssl.erl amqp_sup.erl amqp_uri.erl amqp_util.erl rabbit_routing_util.erl uri_parser.erl\n APP    amqp_client\nmake[3]: Leaving directory '/home/travis/build/rabbitmq/rabbitmq-server/deps/amqp_client'\n DEPEND rabbitmq_ct_client_helpers.d\n ERLC   rabbit_ct_client_helpers.erl\n APP    rabbitmq_ct_client_helpers\nmake[2]: Leaving directory '/home/travis/build/rabbitmq/rabbitmq-server/deps/rabbitmq_ct_client_helpers'\nmake[2]: Entering directory '/home/travis/build/rabbitmq/rabbitmq-server/deps/meck'\n DEPEND meck.d\n ERLC   meck.erl meck_args_matcher.erl meck_code.erl meck_code_gen.erl meck_cover.erl meck_expect.erl meck_history.erl meck_matcher.erl meck_proc.erl meck_ret_spec.erl meck_util.erl\n APP    meck.app.src\nmake[2]: Leaving directory '/home/travis/build/rabbitmq/rabbitmq-server/deps/meck'\nmake[2]: Entering directory '/home/travis/build/rabbitmq/rabbitmq-server/deps/cth_fail_fast'\n DEPEND cth_fail_fast.d\n ERLC   cth_fail_fast.erl\n APP    cth_fail_fast.app.src\nmake[2]: Leaving directory '/home/travis/build/rabbitmq/rabbitmq-server/deps/cth_fail_fast'\n GEN    test-dir\ntest/dummy_interceptor.erl:3: Warning: behaviour rabbit_channel_interceptor undefined\ntest/failing_dummy_interceptor.erl:3: Warning: behaviour rabbit_channel_interceptor undefined\ntest/gm_SUITE.erl:19: Warning: behaviour gm undefined\ntest/channel_operation_timeout_test_queue.erl:39: Warning: behaviour rabbit_backing_queue undefined\n DEPEND rabbit.d\n ERLC   amqqueue.erl amqqueue_v1.erl background_gc.erl code_server_cache.erl gatherer.erl gm.erl lager_exchange_backend.erl lqueue.erl mirrored_supervisor_sups.erl pg_local.erl rabbit.erl rabbit_access_control.erl rabbit_alarm.erl rabbit_amqqueue.erl rabbit_amqqueue_process.erl rabbit_amqqueue_sup.erl rabbit_amqqueue_sup_sup.erl rabbit_auth_backend_internal.erl rabbit_auth_mechanism_amqplain.erl rabbit_auth_mechanism_cr_demo.erl rabbit_auth_mechanism_plain.erl rabbit_autoheal.erl rabbit_backing_queue.erl rabbit_basic.erl rabbit_binding.erl rabbit_boot_steps.erl rabbit_channel.erl rabbit_channel_interceptor.erl rabbit_channel_sup.erl rabbit_channel_sup_sup.erl rabbit_client_sup.erl rabbit_config.erl rabbit_connection_helper_sup.erl rabbit_connection_sup.erl rabbit_connection_tracking.erl rabbit_connection_tracking_handler.erl rabbit_control_pbe.erl rabbit_core_ff.erl rabbit_core_metrics_gc.erl rabbit_credential_validation.erl rabbit_credential_validator.erl rabbit_credential_validator_accept_everything.erl rabbit_credential_validator_min_password_length.erl rabbit_credential_validator_password_regexp.erl rabbit_dead_letter.erl rabbit_diagnostics.erl rabbit_direct.erl rabbit_disk_monitor.erl rabbit_epmd_monitor.erl rabbit_exchange.erl rabbit_exchange_decorator.erl rabbit_exchange_parameters.erl rabbit_exchange_type_direct.erl rabbit_exchange_type_fanout.erl rabbit_exchange_type_headers.erl rabbit_exchange_type_invalid.erl rabbit_exchange_type_topic.erl rabbit_feature_flags.erl rabbit_ff_extra.erl rabbit_ff_registry.erl rabbit_fhc_helpers.erl rabbit_fifo.erl rabbit_fifo_client.erl rabbit_fifo_index.erl rabbit_file.erl rabbit_framing.erl rabbit_guid.erl rabbit_health_check.erl rabbit_hipe.erl rabbit_lager.erl rabbit_limiter.erl rabbit_log_tail.erl rabbit_looking_glass.erl rabbit_memory_monitor.erl rabbit_metrics.erl rabbit_mirror_queue_coordinator.erl rabbit_mirror_queue_master.erl rabbit_mirror_queue_misc.erl rabbit_mirror_queue_mode.erl rabbit_mirror_queue_mode_all.erl rabbit_mirror_queue_mode_exactly.erl rabbit_mirror_queue_mode_nodes.erl rabbit_mirror_queue_slave.erl rabbit_mirror_queue_sync.erl rabbit_mnesia.erl rabbit_mnesia_rename.erl rabbit_msg_file.erl rabbit_msg_store.erl rabbit_msg_store_ets_index.erl rabbit_msg_store_gc.erl rabbit_networking.erl rabbit_node_monitor.erl rabbit_nodes.erl rabbit_parameter_validation.erl rabbit_password.erl rabbit_password_hashing_md5.erl rabbit_password_hashing_sha256.erl rabbit_password_hashing_sha512.erl rabbit_peer_discovery.erl rabbit_peer_discovery_classic_config.erl rabbit_peer_discovery_dns.erl rabbit_plugins.erl rabbit_policies.erl rabbit_policy.erl rabbit_policy_merge_strategy.erl rabbit_prelaunch.erl rabbit_prequeue.erl rabbit_priority_queue.erl rabbit_queue_consumers.erl rabbit_queue_decorator.erl rabbit_queue_index.erl rabbit_queue_location_client_local.erl rabbit_queue_location_min_masters.erl rabbit_queue_location_random.erl rabbit_queue_location_validator.erl rabbit_queue_master_location_misc.erl rabbit_queue_master_locator.erl rabbit_quorum_memory_manager.erl rabbit_quorum_queue.erl rabbit_reader.erl rabbit_recovery_terms.erl rabbit_restartable_sup.erl rabbit_router.erl rabbit_runtime_parameters.erl rabbit_ssl.erl rabbit_sup.erl rabbit_sysmon_handler.erl rabbit_sysmon_minder.erl rabbit_table.erl rabbit_trace.erl rabbit_upgrade.erl rabbit_upgrade_functions.erl rabbit_variable_queue.erl rabbit_version.erl rabbit_vhost.erl rabbit_vhost_limit.erl rabbit_vhost_msg_store.erl rabbit_vhost_process.erl rabbit_vhost_sup.erl rabbit_vhost_sup_sup.erl rabbit_vhost_sup_wrapper.erl rabbit_vm.erl supervised_lifecycle.erl tcp_listener.erl tcp_listener_sup.erl term_to_binary_compat.erl unconfirmed_messages.erl\nInlining: inline_size=24 inline_effort=150\nsrc/rabbit_vhost.erl:91: field description undefined in record vhost\nsrc/rabbit_vhost.erl:92: field tags undefined in record vhost\nsrc/rabbit_vhost.erl:344: variable 'Description' is unbound\nsrc/rabbit_vhost.erl:344: field description undefined in record vhost\nsrc/rabbit_vhost.erl:345: variable 'Tags' is unbound\nsrc/rabbit_vhost.erl:345: field tags undefined in record vhost\nerlang.mk:5360: recipe for target 'ebin/rabbit.app' failed\nmake[2]: *** [ebin/rabbit.app] Error 1\nerlang.mk:5481: recipe for target 'test-build' failed\nmake[1]: *** [test-build] Error 2\nmake[1]: Leaving directory '/home/travis/build/rabbitmq/rabbitmq-server'\n/home/travis/build/rabbitmq/rabbitmq-server/deps/rabbit_common/mk/rabbitmq-test.mk:4: recipe for target 'ct-fast' failed\nmake: *** [ct-fast] Error 2\ntravis_time:end:30e1cb1c:start=1565777048194393614,finish=1565777082212745712,duration=34018352098\n\u001b[0K\u001b[31;1mThe command \"make ct-fast\" exited with 2.\u001b[0m\n\n\ntravis_fold:start:after_failure\n\u001b[0Ktravis_time:start:1aa419ac\n\u001b[0K$ cd \"$TRAVIS_BUILD_DIR\"\n    if test -d logs && test \"$AWS_ACCESS_KEY_ID\" && test \"$AWS_SECRET_ACCESS_KEY\"; then\n      archive_name=\"$(basename \"$TRAVIS_REPO_SLUG\")-$TRAVIS_JOB_NUMBER\"\n    \n      tar -c --transform \"s/^logs/${archive_name}/\" -f - logs | \\\n        xz > \"${archive_name}.tar.xz\"\n    \n      aws s3 cp \"${archive_name}.tar.xz\" s3://server-release-pipeline/travis-ci-logs/ \\\n        --region eu-west-1 \\\n        --acl public-read\n    fi\n    \ntravis_time:end:1aa419ac:start=1565777082217709667,finish=1565777082225106787,duration=7397120\n\u001b[0Ktravis_fold:end:after_failure\n\u001b[0K\nDone. Your build exited with 1.\n"
}