{
  "log_path": "Java/ReactiveX@RxJava/failed/562514757.log",
  "failure_chunk": "io.reactivex.internal.operators.flowable.FlowableRefCountTest > publishNoLeak FAILED\n    java.lang.AssertionError: 20,471,656 -> 116,032,736\n        at org.junit.Assert.fail(Assert.java:88)\n        at org.junit.Assert.assertTrue(Assert.java:41)\n        at io.reactivex.internal.operators.flowable.FlowableRefCountTest.publishNoLeak(FlowableRefCountTest.java:761)",
  "keywords": [
    "FAILED",
    "Error",
    ""
  ],
  "category": "0",
  "full_log": "travis_fold:start:worker_info\n\u001b[0K\u001b[33;1mWorker information\u001b[0m\nhostname: 080f9e67-4a3e-4762-a4e0-9ae9bed6f0e2@1.production-2-worker-org-gce-tj5q\nversion: v6.2.0 https://github.com/travis-ci/worker/tree/5e5476e01646095f48eec13196fdb3faf8f5cbf7\ninstance: travis-job-6785d2d7-b749-4cf7-96e5-4b76836b0daa travis-ci-sardonyx-xenial-1553530528-f909ac5 (via amqp)\nstartup: 6.614665323s\ntravis_fold:end:worker_info\n\u001b[0Ktravis_fold:start:system_info\n\u001b[0K\u001b[33;1mBuild system information\u001b[0m\nBuild language: java\nBuild group: stable\nBuild dist: xenial\nBuild id: 562514757\nJob id: 562514758\nRuntime kernel version: 4.15.0-1028-gcp\ntravis-build version: 24c88d12b\n\u001b[34m\u001b[1mBuild image provisioning date and time\u001b[0m\nMon Mar 25 16:43:24 UTC 2019\n\u001b[34m\u001b[1mOperating System Details\u001b[0m\nDistributor ID:\tUbuntu\nDescription:\tUbuntu 16.04.6 LTS\nRelease:\t16.04\nCodename:\txenial\n\u001b[34m\u001b[1mSystemd Version\u001b[0m\nsystemd 229\n\u001b[34m\u001b[1mCookbooks Version\u001b[0m\n42e42e4 https://github.com/travis-ci/travis-cookbooks/tree/42e42e4\n\u001b[34m\u001b[1mgit version\u001b[0m\ngit version 2.21.0\n\u001b[34m\u001b[1mbash version\u001b[0m\nGNU bash, version 4.3.48(1)-release (x86_64-pc-linux-gnu)\n\u001b[34m\u001b[1mgcc version\u001b[0m\ngcc (Ubuntu 5.4.0-6ubuntu1~16.04.11) 5.4.0 20160609\n\u001b[34m\u001b[1mdocker version\u001b[0m\nClient:\n Version:           18.06.0-ce\n API version:       1.38\n Go version:        go1.10.3\n Git commit:        0ffa825\n Built:             Wed Jul 18 19:11:02 2018\n OS/Arch:           linux/amd64\n Experimental:      false\n\nServer:\n Engine:\n  Version:          18.06.0-ce\n  API version:      1.38 (minimum version 1.12)\n  Go version:       go1.10.3\n  Git commit:       0ffa825\n  Built:            Wed Jul 18 19:09:05 2018\n  OS/Arch:          linux/amd64\n  Experimental:     false\n\u001b[34m\u001b[1mclang version\u001b[0m\nclang version 7.0.0 (tags/RELEASE_700/final)\n\u001b[34m\u001b[1mjq version\u001b[0m\njq-1.5\n\u001b[34m\u001b[1mbats version\u001b[0m\nBats 0.4.0\n\u001b[34m\u001b[1mshellcheck version\u001b[0m\n0.6.0\n\u001b[34m\u001b[1mshfmt version\u001b[0m\nv2.6.3\n\u001b[34m\u001b[1mccache version\u001b[0m\n3.2.4\n\u001b[34m\u001b[1mcmake version\u001b[0m\ncmake version 3.12.4\n\u001b[34m\u001b[1mheroku version\u001b[0m\nheroku/7.22.7 linux-x64 node-v11.10.1\n\u001b[34m\u001b[1mimagemagick version\u001b[0m\nVersion: ImageMagick 6.8.9-9 Q16 x86_64 2018-09-28 http://www.imagemagick.org\n\u001b[34m\u001b[1mmd5deep version\u001b[0m\n4.4\n\u001b[34m\u001b[1mmercurial version\u001b[0m\nversion 4.8\n\u001b[34m\u001b[1mmysql version\u001b[0m\nmysql  Ver 14.14 Distrib 5.7.25, for Linux (x86_64) using  EditLine wrapper\n\u001b[34m\u001b[1mopenssl version\u001b[0m\nOpenSSL 1.0.2g  1 Mar 2016\n\u001b[34m\u001b[1mpacker version\u001b[0m\n1.3.3\n\u001b[34m\u001b[1mpostgresql client version\u001b[0m\npsql (PostgreSQL) 10.7 (Ubuntu 10.7-1.pgdg16.04+1)\n\u001b[34m\u001b[1mragel version\u001b[0m\nRagel State Machine Compiler version 6.8 Feb 2013\n\u001b[34m\u001b[1msudo version\u001b[0m\n1.8.16\n\u001b[34m\u001b[1mgzip version\u001b[0m\ngzip 1.6\n\u001b[34m\u001b[1mzip version\u001b[0m\nZip 3.0\n\u001b[34m\u001b[1mvim version\u001b[0m\nVIM - Vi IMproved 7.4 (2013 Aug 10, compiled Nov 24 2016 16:44:48)\n\u001b[34m\u001b[1miptables version\u001b[0m\niptables v1.6.0\n\u001b[34m\u001b[1mcurl version\u001b[0m\ncurl 7.47.0 (x86_64-pc-linux-gnu) libcurl/7.47.0 GnuTLS/3.4.10 zlib/1.2.8 libidn/1.32 librtmp/2.3\n\u001b[34m\u001b[1mwget version\u001b[0m\nGNU Wget 1.17.1 built on linux-gnu.\n\u001b[34m\u001b[1mrsync version\u001b[0m\nrsync  version 3.1.1  protocol version 31\n\u001b[34m\u001b[1mgimme version\u001b[0m\nv1.5.3\n\u001b[34m\u001b[1mnvm version\u001b[0m\n0.34.0\n\u001b[34m\u001b[1mperlbrew version\u001b[0m\n/home/travis/perl5/perlbrew/bin/perlbrew  - App::perlbrew/0.86\n\u001b[34m\u001b[1mphpenv version\u001b[0m\nrbenv 1.1.2\n\u001b[34m\u001b[1mrvm version\u001b[0m\nrvm 1.29.7 (latest) by Michal Papis, Piotr Kuczynski, Wayne E. Seguin [https://rvm.io]\n\u001b[34m\u001b[1mdefault ruby version\u001b[0m\nruby 2.5.3p105 (2018-10-18 revision 65156) [x86_64-linux]\n\u001b[34m\u001b[1mCouchDB version\u001b[0m\ncouchdb 1.6.1\n\u001b[34m\u001b[1mElasticSearch version\u001b[0m\n5.5.0\n\u001b[34m\u001b[1mInstalled Firefox version\u001b[0m\nfirefox 63.0.1\n\u001b[34m\u001b[1mMongoDB version\u001b[0m\nMongoDB 4.0.7\n\u001b[34m\u001b[1mPhantomJS version\u001b[0m\n2.1.1\n\u001b[34m\u001b[1mPre-installed PostgreSQL versions\u001b[0m\n9.4.21\n9.5.16\n9.6.12\n\u001b[34m\u001b[1mRedis version\u001b[0m\nredis-server 5.0.4\n\u001b[34m\u001b[1mPre-installed Go versions\u001b[0m\n1.11.1\n\u001b[34m\u001b[1mmvn version\u001b[0m\nApache Maven 3.6.0 (97c98ec64a1fdfee7767ce5ffb20918da4f719f3; 2018-10-24T18:41:47Z)\n\u001b[34m\u001b[1mgradle version\u001b[0m\nGradle 4.10.2!\n\u001b[34m\u001b[1mlein version\u001b[0m\nLeiningen 2.9.1 on Java 11.0.2 OpenJDK 64-Bit Server VM\n\u001b[34m\u001b[1mPre-installed Node.js versions\u001b[0m\nv10.15.3\nv11.0.0\nv4.9.1\nv6.17.0\nv8.12.0\nv8.15.1\nv8.9\n\u001b[34m\u001b[1mphpenv versions\u001b[0m\n  system\n  5.6\n  5.6.40\n  7.1\n  7.1.27\n  7.2\n* 7.2.15 (set by /home/travis/.phpenv/version)\n  hhvm\n  hhvm-stable\n\u001b[34m\u001b[1mcomposer --version\u001b[0m\nComposer version 1.8.4 2019-02-11 10:52:10\n\u001b[34m\u001b[1mPre-installed Ruby versions\u001b[0m\nruby-2.3.8\nruby-2.4.5\nruby-2.5.3\ntravis_fold:end:system_info\n\u001b[0K\ntravis_fold:start:docker_mtu\n\u001b[0Ktravis_fold:end:docker_mtu\n\u001b[0Ktravis_fold:start:resolvconf\n\u001b[0Ktravis_fold:end:resolvconf\n\u001b[0K\ntravis_fold:start:install_jdk\n\u001b[0K\u001b[33;1mInstalling openjdk8\u001b[0m\ntravis_fold:end:install_jdk\n\u001b[0K\ntravis_fold:start:git.checkout\n\u001b[0Ktravis_time:start:3081741c\n\u001b[0K$ git clone --depth=50 https://github.com/ReactiveX/RxJava.git ReactiveX/RxJava\nCloning into 'ReactiveX/RxJava'...\nremote: Enumerating objects: 4232, done.\u001b[K\nremote: Counting objects:   0% (1/4232)   \u001b[K\nremote: Counting objects:   1% (43/4232)   \u001b[K\nremote: Counting objects:   2% (85/4232)   \u001b[K\nremote: Counting objects:   3% (127/4232)   \u001b[K\nremote: Counting objects:   4% (170/4232)   \u001b[K\nremote: Counting objects:   5% (212/4232)   \u001b[K\nremote: Counting objects:   6% (254/4232)   \u001b[K\nremote: Counting objects:   7% (297/4232)   \u001b[K\nremote: Counting objects:   8% (339/4232)   \u001b[K\nremote: Counting objects:   9% (381/4232)   \u001b[K\nremote: Counting objects:  10% (424/4232)   \u001b[K\nremote: Counting objects:  11% (466/4232)   \u001b[K\nremote: Counting objects:  12% (508/4232)   \u001b[K\nremote: Counting objects:  13% (551/4232)   \u001b[K\nremote: Counting objects:  14% (593/4232)   \u001b[K\nremote: Counting objects:  15% (635/4232)   \u001b[K\nremote: Counting objects:  16% (678/4232)   \u001b[K\nremote: Counting objects:  17% (720/4232)   \u001b[K\nremote: Counting objects:  18% (762/4232)   \u001b[K\nremote: Counting objects:  19% (805/4232)   \u001b[K\nremote: Counting objects:  20% (847/4232)   \u001b[K\nremote: Counting objects:  21% (889/4232)   \u001b[K\nremote: Counting objects:  22% (932/4232)   \u001b[K\nremote: Counting objects:  23% (974/4232)   \u001b[K\nremote: Counting objects:  24% (1016/4232)   \u001b[K\nremote: Counting objects:  25% (1058/4232)   \u001b[K\nremote: Counting objects:  26% (1101/4232)   \u001b[K\nremote: Counting objects:  27% (1143/4232)   \u001b[K\nremote: Counting objects:  28% (1185/4232)   \u001b[K\nremote: Counting objects:  29% (1228/4232)   \u001b[K\nremote: Counting objects:  30% (1270/4232)   \u001b[K\nremote: Counting objects:  31% (1312/4232)   \u001b[K\nremote: Counting objects:  32% (1355/4232)   \u001b[K\nremote: Counting objects:  33% (1397/4232)   \u001b[K\nremote: Counting objects:  34% (1439/4232)   \u001b[K\nremote: Counting objects:  35% (1482/4232)   \u001b[K\nremote: Counting objects:  36% (1524/4232)   \u001b[K\nremote: Counting objects:  37% (1566/4232)   \u001b[K\nremote: Counting objects:  38% (1609/4232)   \u001b[K\nremote: Counting objects:  39% (1651/4232)   \u001b[K\nremote: Counting objects:  40% (1693/4232)   \u001b[K\nremote: Counting objects:  41% (1736/4232)   \u001b[K\nremote: Counting objects:  42% (1778/4232)   \u001b[K\nremote: Counting objects:  43% (1820/4232)   \u001b[K\nremote: Counting objects:  44% (1863/4232)   \u001b[K\nremote: Counting objects:  45% (1905/4232)   \u001b[K\nremote: Counting objects:  46% (1947/4232)   \u001b[K\nremote: Counting objects:  47% (1990/4232)   \u001b[K\nremote: Counting objects:  48% (2032/4232)   \u001b[K\nremote: Counting objects:  49% (2074/4232)   \u001b[K\nremote: Counting objects:  50% (2116/4232)   \u001b[K\nremote: Counting objects:  51% (2159/4232)   \u001b[K\nremote: Counting objects:  52% (2201/4232)   \u001b[K\nremote: Counting objects:  53% (2243/4232)   \u001b[K\nremote: Counting objects:  54% (2286/4232)   \u001b[K\nremote: Counting objects:  55% (2328/4232)   \u001b[K\nremote: Counting objects:  56% (2370/4232)   \u001b[K\nremote: Counting objects:  57% (2413/4232)   \u001b[K\nremote: Counting objects:  58% (2455/4232)   \u001b[K\nremote: Counting objects:  59% (2497/4232)   \u001b[K\nremote: Counting objects:  60% (2540/4232)   \u001b[K\nremote: Counting objects:  61% (2582/4232)   \u001b[K\nremote: Counting objects:  62% (2624/4232)   \u001b[K\nremote: Counting objects:  63% (2667/4232)   \u001b[K\nremote: Counting objects:  64% (2709/4232)   \u001b[K\nremote: Counting objects:  65% (2751/4232)   \u001b[K\nremote: Counting objects:  66% (2794/4232)   \u001b[K\nremote: Counting objects:  67% (2836/4232)   \u001b[K\nremote: Counting objects:  68% (2878/4232)   \u001b[K\nremote: Counting objects:  69% (2921/4232)   \u001b[K\nremote: Counting objects:  70% (2963/4232)   \u001b[K\nremote: Counting objects:  71% (3005/4232)   \u001b[K\nremote: Counting objects:  72% (3048/4232)   \u001b[K\nremote: Counting objects:  73% (3090/4232)   \u001b[K\nremote: Counting objects:  74% (3132/4232)   \u001b[K\nremote: Counting objects:  75% (3174/4232)   \u001b[K\nremote: Counting objects:  76% (3217/4232)   \u001b[K\nremote: Counting objects:  77% (3259/4232)   \u001b[K\nremote: Counting objects:  78% (3301/4232)   \u001b[K\nremote: Counting objects:  79% (3344/4232)   \u001b[K\nremote: Counting objects:  80% (3386/4232)   \u001b[K\nremote: Counting objects:  81% (3428/4232)   \u001b[K\nremote: Counting objects:  82% (3471/4232)   \u001b[K\nremote: Counting objects:  83% (3513/4232)   \u001b[K\nremote: Counting objects:  84% (3555/4232)   \u001b[K\nremote: Counting objects:  85% (3598/4232)   \u001b[K\nremote: Counting objects:  86% (3640/4232)   \u001b[K\nremote: Counting objects:  87% (3682/4232)   \u001b[K\nremote: Counting objects:  88% (3725/4232)   \u001b[K\nremote: Counting objects:  89% (3767/4232)   \u001b[K\nremote: Counting objects:  90% (3809/4232)   \u001b[K\nremote: Counting objects:  91% (3852/4232)   \u001b[K\nremote: Counting objects:  92% (3894/4232)   \u001b[K\nremote: Counting objects:  93% (3936/4232)   \u001b[K\nremote: Counting objects:  94% (3979/4232)   \u001b[K\nremote: Counting objects:  95% (4021/4232)   \u001b[K\nremote: Counting objects:  96% (4063/4232)   \u001b[K\nremote: Counting objects:  97% (4106/4232)   \u001b[K\nremote: Counting objects:  98% (4148/4232)   \u001b[K\nremote: Counting objects:  99% (4190/4232)   \u001b[K\nremote: Counting objects: 100% (4232/4232)   \u001b[K\nremote: Counting objects: 100% (4232/4232), done.\u001b[K\nremote: Compressing objects:   0% (1/1837)   \u001b[K\nremote: Compressing objects:   1% (19/1837)   \u001b[K\nremote: Compressing objects:   2% (37/1837)   \u001b[K\nremote: Compressing objects:   3% (56/1837)   \u001b[K\nremote: Compressing objects:   4% (74/1837)   \u001b[K\nremote: Compressing objects:   5% (92/1837)   \u001b[K\nremote: Compressing objects:   6% (111/1837)   \u001b[K\nremote: Compressing objects:   7% (129/1837)   \u001b[K\nremote: Compressing objects:   8% (147/1837)   \u001b[K\nremote: Compressing objects:   9% (166/1837)   \u001b[K\nremote: Compressing objects:  10% (184/1837)   \u001b[K\nremote: Compressing objects:  11% (203/1837)   \u001b[K\nremote: Compressing objects:  12% (221/1837)   \u001b[K\nremote: Compressing objects:  13% (239/1837)   \u001b[K\nremote: Compressing objects:  14% (258/1837)   \u001b[K\nremote: Compressing objects:  15% (276/1837)   \u001b[K\nremote: Compressing objects:  16% (294/1837)   \u001b[K\nremote: Compressing objects:  17% (313/1837)   \u001b[K\nremote: Compressing objects:  18% (331/1837)   \u001b[K\nremote: Compressing objects:  19% (350/1837)   \u001b[K\nremote: Compressing objects:  20% (368/1837)   \u001b[K\nremote: Compressing objects:  21% (386/1837)   \u001b[K\nremote: Compressing objects:  22% (405/1837)   \u001b[K\nremote: Compressing objects:  23% (423/1837)   \u001b[K\nremote: Compressing objects:  24% (441/1837)   \u001b[K\nremote: Compressing objects:  25% (460/1837)   \u001b[K\nremote: Compressing objects:  26% (478/1837)   \u001b[K\nremote: Compressing objects:  27% (496/1837)   \u001b[K\nremote: Compressing objects:  28% (515/1837)   \u001b[K\nremote: Compressing objects:  29% (533/1837)   \u001b[K\nremote: Compressing objects:  30% (552/1837)   \u001b[K\nremote: Compressing objects:  31% (570/1837)   \u001b[K\nremote: Compressing objects:  32% (588/1837)   \u001b[K\nremote: Compressing objects:  33% (607/1837)   \u001b[K\nremote: Compressing objects:  34% (625/1837)   \u001b[K\nremote: Compressing objects:  35% (643/1837)   \u001b[K\nremote: Compressing objects:  36% (662/1837)   \u001b[K\nremote: Compressing objects:  37% (680/1837)   \u001b[K\nremote: Compressing objects:  38% (699/1837)   \u001b[K\nremote: Compressing objects:  39% (717/1837)   \u001b[K\nremote: Compressing objects:  40% (735/1837)   \u001b[K\nremote: Compressing objects:  41% (754/1837)   \u001b[K\nremote: Compressing objects:  42% (772/1837)   \u001b[K\nremote: Compressing objects:  43% (790/1837)   \u001b[K\nremote: Compressing objects:  44% (809/1837)   \u001b[K\nremote: Compressing objects:  45% (827/1837)   \u001b[K\nremote: Compressing objects:  46% (846/1837)   \u001b[K\nremote: Compressing objects:  47% (864/1837)   \u001b[K\nremote: Compressing objects:  48% (882/1837)   \u001b[K\nremote: Compressing objects:  49% (901/1837)   \u001b[K\nremote: Compressing objects:  50% (919/1837)   \u001b[K\nremote: Compressing objects:  51% (937/1837)   \u001b[K\nremote: Compressing objects:  52% (956/1837)   \u001b[K\nremote: Compressing objects:  53% (974/1837)   \u001b[K\nremote: Compressing objects:  54% (992/1837)   \u001b[K\nremote: Compressing objects:  55% (1011/1837)   \u001b[K\nremote: Compressing objects:  56% (1029/1837)   \u001b[K\nremote: Compressing objects:  57% (1048/1837)   \u001b[K\nremote: Compressing objects:  58% (1066/1837)   \u001b[K\nremote: Compressing objects:  59% (1084/1837)   \u001b[K\nremote: Compressing objects:  60% (1103/1837)   \u001b[K\nremote: Compressing objects:  61% (1121/1837)   \u001b[K\nremote: Compressing objects:  62% (1139/1837)   \u001b[K\nremote: Compressing objects:  63% (1158/1837)   \u001b[K\nremote: Compressing objects:  64% (1176/1837)   \u001b[K\nremote: Compressing objects:  65% (1195/1837)   \u001b[K\nremote: Compressing objects:  66% (1213/1837)   \u001b[K\nremote: Compressing objects:  67% (1231/1837)   \u001b[K\nremote: Compressing objects:  68% (1250/1837)   \u001b[K\nremote: Compressing objects:  69% (1268/1837)   \u001b[K\nremote: Compressing objects:  70% (1286/1837)   \u001b[K\nremote: Compressing objects:  71% (1305/1837)   \u001b[K\nremote: Compressing objects:  72% (1323/1837)   \u001b[K\nremote: Compressing objects:  73% (1342/1837)   \u001b[K\nremote: Compressing objects:  74% (1360/1837)   \u001b[K\nremote: Compressing objects:  75% (1378/1837)   \u001b[K\nremote: Compressing objects:  76% (1397/1837)   \u001b[K\nremote: Compressing objects:  77% (1415/1837)   \u001b[K\nremote: Compressing objects:  78% (1433/1837)   \u001b[K\nremote: Compressing objects:  79% (1452/1837)   \u001b[K\nremote: Compressing objects:  80% (1470/1837)   \u001b[K\nremote: Compressing objects:  81% (1488/1837)   \u001b[K\nremote: Compressing objects:  82% (1507/1837)   \u001b[K\nremote: Compressing objects:  83% (1525/1837)   \u001b[K\nremote: Compressing objects:  84% (1544/1837)   \u001b[K\nremote: Compressing objects:  85% (1562/1837)   \u001b[K\nremote: Compressing objects:  86% (1580/1837)   \u001b[K\nremote: Compressing objects:  87% (1599/1837)   \u001b[K\nremote: Compressing objects:  88% (1617/1837)   \u001b[K\nremote: Compressing objects:  89% (1635/1837)   \u001b[K\nremote: Compressing objects:  90% (1654/1837)   \u001b[K\nremote: Compressing objects:  91% (1672/1837)   \u001b[K\nremote: Compressing objects:  92% (1691/1837)   \u001b[K\nremote: Compressing objects:  93% (1709/1837)   \u001b[K\nremote: Compressing objects:  94% (1727/1837)   \u001b[K\nremote: Compressing objects:  95% (1746/1837)   \u001b[K\nremote: Compressing objects:  96% (1764/1837)   \u001b[K\nremote: Compressing objects:  97% (1782/1837)   \u001b[K\nremote: Compressing objects:  98% (1801/1837)   \u001b[K\nremote: Compressing objects:  99% (1819/1837)   \u001b[K\nremote: Compressing objects: 100% (1837/1837)   \u001b[K\nremote: Compressing objects: 100% (1837/1837), done.\u001b[K\nReceiving objects:   0% (1/4232)   \nReceiving objects:   1% (43/4232)   \nReceiving objects:   2% (85/4232)   \nReceiving objects:   3% (127/4232)   \nReceiving objects:   4% (170/4232)   \nReceiving objects:   5% (212/4232)   \nReceiving objects:   6% (254/4232)   \nReceiving objects:   7% (297/4232)   \nReceiving objects:   8% (339/4232)   \nReceiving objects:   9% (381/4232)   \nReceiving objects:  10% (424/4232)   \nReceiving objects:  11% (466/4232)   \nReceiving objects:  12% (508/4232)   \nReceiving objects:  13% (551/4232)   \nReceiving objects:  14% (593/4232)   \nReceiving objects:  15% (635/4232)   \nReceiving objects:  16% (678/4232)   \nReceiving objects:  17% (720/4232)   \nReceiving objects:  18% (762/4232)   \nReceiving objects:  19% (805/4232)   \nReceiving objects:  20% (847/4232)   \nReceiving objects:  21% (889/4232)   \nReceiving objects:  22% (932/4232)   \nReceiving objects:  23% (974/4232)   \nReceiving objects:  24% (1016/4232)   \nReceiving objects:  25% (1058/4232)   \nReceiving objects:  26% (1101/4232)   \nReceiving objects:  27% (1143/4232)   \nReceiving objects:  28% (1185/4232)   \nReceiving objects:  29% (1228/4232)   \nReceiving objects:  30% (1270/4232)   \nReceiving objects:  31% (1312/4232)   \nReceiving objects:  32% (1355/4232)   \nReceiving objects:  33% (1397/4232)   \nReceiving objects:  34% (1439/4232)   \nReceiving objects:  35% (1482/4232)   \nReceiving objects:  36% (1524/4232)   \nReceiving objects:  37% (1566/4232)   \nReceiving objects:  38% (1609/4232)   \nReceiving objects:  39% (1651/4232)   \nReceiving objects:  40% (1693/4232)   \nReceiving objects:  41% (1736/4232)   \nReceiving objects:  42% (1778/4232)   \nReceiving objects:  43% (1820/4232)   \nReceiving objects:  44% (1863/4232)   \nReceiving objects:  45% (1905/4232)   \nReceiving objects:  46% (1947/4232)   \nReceiving objects:  47% (1990/4232)   \nReceiving objects:  48% (2032/4232)   \nReceiving objects:  49% (2074/4232)   \nReceiving objects:  50% (2116/4232)   \nReceiving objects:  51% (2159/4232)   \nReceiving objects:  52% (2201/4232)   \nReceiving objects:  53% (2243/4232)   \nReceiving objects:  54% (2286/4232)   \nReceiving objects:  55% (2328/4232)   \nReceiving objects:  56% (2370/4232)   \nReceiving objects:  57% (2413/4232)   \nReceiving objects:  58% (2455/4232)   \nReceiving objects:  59% (2497/4232)   \nReceiving objects:  60% (2540/4232)   \nReceiving objects:  61% (2582/4232)   \nReceiving objects:  62% (2624/4232)   \nReceiving objects:  63% (2667/4232)   \nReceiving objects:  64% (2709/4232)   \nReceiving objects:  65% (2751/4232)   \nReceiving objects:  66% (2794/4232)   \nReceiving objects:  67% (2836/4232)   \nReceiving objects:  68% (2878/4232)   \nReceiving objects:  69% (2921/4232)   \nReceiving objects:  70% (2963/4232)   \nReceiving objects:  71% (3005/4232)   \nReceiving objects:  72% (3048/4232)   \nReceiving objects:  73% (3090/4232)   \nReceiving objects:  74% (3132/4232)   \nReceiving objects:  75% (3174/4232)   \nReceiving objects:  76% (3217/4232)   \nReceiving objects:  77% (3259/4232)   \nReceiving objects:  78% (3301/4232)   \nReceiving objects:  79% (3344/4232)   \nReceiving objects:  80% (3386/4232)   \nReceiving objects:  81% (3428/4232)   \nReceiving objects:  82% (3471/4232)   \nReceiving objects:  83% (3513/4232)   \nReceiving objects:  84% (3555/4232)   \nReceiving objects:  85% (3598/4232)   \nReceiving objects:  86% (3640/4232)   \nReceiving objects:  87% (3682/4232)   \nReceiving objects:  88% (3725/4232)   \nReceiving objects:  89% (3767/4232)   \nReceiving objects:  90% (3809/4232)   \nReceiving objects:  91% (3852/4232)   \nReceiving objects:  92% (3894/4232)   \nReceiving objects:  93% (3936/4232)   \nReceiving objects:  94% (3979/4232)   \nReceiving objects:  95% (4021/4232)   \nReceiving objects:  96% (4063/4232)   \nReceiving objects:  97% (4106/4232)   \nReceiving objects:  98% (4148/4232)   \nReceiving objects:  99% (4190/4232)   \nremote: Total 4232 (delta 3343), reused 2669 (delta 2161), pack-reused 0\u001b[K\nReceiving objects: 100% (4232/4232)   \nReceiving objects: 100% (4232/4232), 3.80 MiB | 10.03 MiB/s, done.\nResolving deltas:   0% (0/3343)   \nResolving deltas:   1% (34/3343)   \nResolving deltas:   3% (109/3343)   \nResolving deltas:   4% (138/3343)   \nResolving deltas:   5% (168/3343)   \nResolving deltas:   6% (201/3343)   \nResolving deltas:   7% (239/3343)   \nResolving deltas:   8% (272/3343)   \nResolving deltas:   9% (306/3343)   \nResolving deltas:  10% (337/3343)   \nResolving deltas:  11% (369/3343)   \nResolving deltas:  12% (412/3343)   \nResolving deltas:  13% (435/3343)   \nResolving deltas:  14% (469/3343)   \nResolving deltas:  15% (520/3343)   \nResolving deltas:  16% (553/3343)   \nResolving deltas:  17% (597/3343)   \nResolving deltas:  18% (611/3343)   \nResolving deltas:  19% (637/3343)   \nResolving deltas:  20% (669/3343)   \nResolving deltas:  21% (705/3343)   \nResolving deltas:  23% (786/3343)   \nResolving deltas:  24% (828/3343)   \nResolving deltas:  26% (874/3343)   \nResolving deltas:  28% (945/3343)   \nResolving deltas:  29% (990/3343)   \nResolving deltas:  30% (1018/3343)   \nResolving deltas:  31% (1055/3343)   \nResolving deltas:  33% (1127/3343)   \nResolving deltas:  34% (1138/3343)   \nResolving deltas:  35% (1186/3343)   \nResolving deltas:  36% (1236/3343)   \nResolving deltas:  37% (1242/3343)   \nResolving deltas:  38% (1285/3343)   \nResolving deltas:  39% (1306/3343)   \nResolving deltas:  40% (1341/3343)   \nResolving deltas:  41% (1377/3343)   \nResolving deltas:  42% (1407/3343)   \nResolving deltas:  46% (1548/3343)   \nResolving deltas:  47% (1574/3343)   \nResolving deltas:  52% (1761/3343)   \nResolving deltas:  54% (1811/3343)   \nResolving deltas:  55% (1840/3343)   \nResolving deltas:  66% (2224/3343)   \nResolving deltas:  67% (2241/3343)   \nResolving deltas:  68% (2297/3343)   \nResolving deltas:  69% (2310/3343)   \nResolving deltas:  70% (2349/3343)   \nResolving deltas:  71% (2377/3343)   \nResolving deltas:  73% (2449/3343)   \nResolving deltas:  74% (2474/3343)   \nResolving deltas:  75% (2527/3343)   \nResolving deltas:  76% (2542/3343)   \nResolving deltas:  77% (2583/3343)   \nResolving deltas:  78% (2618/3343)   \nResolving deltas:  80% (2684/3343)   \nResolving deltas:  81% (2723/3343)   \nResolving deltas:  82% (2751/3343)   \nResolving deltas:  83% (2790/3343)   \nResolving deltas:  84% (2809/3343)   \nResolving deltas:  85% (2865/3343)   \nResolving deltas:  86% (2908/3343)   \nResolving deltas:  88% (2962/3343)   \nResolving deltas:  89% (2977/3343)   \nResolving deltas:  90% (3013/3343)   \nResolving deltas:  91% (3051/3343)   \nResolving deltas:  92% (3081/3343)   \nResolving deltas:  93% (3115/3343)   \nResolving deltas:  94% (3144/3343)   \nResolving deltas:  95% (3183/3343)   \nResolving deltas:  96% (3215/3343)   \nResolving deltas:  97% (3243/3343)   \nResolving deltas:  98% (3281/3343)   \nResolving deltas:  99% (3310/3343)   \nResolving deltas: 100% (3343/3343)   \nResolving deltas: 100% (3343/3343), done.\ntravis_time:end:3081741c:start=1563876712036816120,finish=1563876714512899678,duration=2476083558\n\u001b[0K$ cd ReactiveX/RxJava\ntravis_time:start:20afcca0\n\u001b[0K$ git fetch origin +refs/pull/6586/merge:\nremote: Enumerating objects: 27, done.\u001b[K\nremote: Counting objects:   5% (1/17)   \u001b[K\nremote: Counting objects:  11% (2/17)   \u001b[K\nremote: Counting objects:  17% (3/17)   \u001b[K\nremote: Counting objects:  23% (4/17)   \u001b[K\nremote: Counting objects:  29% (5/17)   \u001b[K\nremote: Counting objects:  35% (6/17)   \u001b[K\nremote: Counting objects:  41% (7/17)   \u001b[K\nremote: Counting objects:  47% (8/17)   \u001b[K\nremote: Counting objects:  52% (9/17)   \u001b[K\nremote: Counting objects:  58% (10/17)   \u001b[K\nremote: Counting objects:  64% (11/17)   \u001b[K\nremote: Counting objects:  70% (12/17)   \u001b[K\nremote: Counting objects:  76% (13/17)   \u001b[K\nremote: Counting objects:  82% (14/17)   \u001b[K\nremote: Counting objects:  88% (15/17)   \u001b[K\nremote: Counting objects:  94% (16/17)   \u001b[K\nremote: Counting objects: 100% (17/17)   \u001b[K\nremote: Counting objects: 100% (17/17), done.\u001b[K\nremote: Compressing objects:  50% (1/2)   \u001b[K\nremote: Compressing objects: 100% (2/2)   \u001b[K\nremote: Compressing objects: 100% (2/2), done.\u001b[K\nremote: Total 7 (delta 5), reused 6 (delta 5), pack-reused 0\u001b[K\nUnpacking objects:  14% (1/7)   \nUnpacking objects:  28% (2/7)   \nUnpacking objects:  42% (3/7)   \nUnpacking objects:  57% (4/7)   \nUnpacking objects:  71% (5/7)   \nUnpacking objects:  85% (6/7)   \nUnpacking objects: 100% (7/7)   \nUnpacking objects: 100% (7/7), done.\nFrom https://github.com/ReactiveX/RxJava\n * branch            refs/pull/6586/merge -> FETCH_HEAD\ntravis_time:end:20afcca0:start=1563876714517554270,finish=1563876715161204107,duration=643649837\n\u001b[0K$ git checkout -qf FETCH_HEAD\ntravis_fold:end:git.checkout\n\u001b[0K\n\n\u001b[33;1mEncrypted environment variables have been removed for security reasons.\u001b[0m\n\u001b[33;1mSee https://docs.travis-ci.com/user/pull-requests/#pull-requests-and-security-restrictions\u001b[0m\n$ export TERM=dumb\ntravis_fold:start:cache.1\n\u001b[0KSetting up build cache\n$ export CASHER_DIR=${TRAVIS_HOME}/.casher\ntravis_time:start:074c409c\n\u001b[0K$ Installing caching utilities\ntravis_time:end:074c409c:start=1563876716382285452,finish=1563876716662889394,duration=280603942\n\u001b[0Ktravis_time:start:07988cda\n\u001b[0Ktravis_time:end:07988cda:start=1563876716669417442,finish=1563876716673032340,duration=3614898\n\u001b[0Ktravis_time:start:0bc60688\n\u001b[0Kattempting to download cache archive\u001b[0m\n\u001b[32;1mfetching PR.6586/cache-linux-xenial-e3b0c44298fc1c149afbf4c8996fb92427ae41e4649b934ca495991b7852b855--jdk-openjdk8.tgz\u001b[0m\n\u001b[32;1mfetching PR.6586/cache--jdk-openjdk8.tgz\u001b[0m\n\u001b[32;1mfetching 3.x/cache-linux-xenial-e3b0c44298fc1c149afbf4c8996fb92427ae41e4649b934ca495991b7852b855--jdk-openjdk8.tgz\u001b[0m\n\u001b[32;1mfound cache\u001b[0m\ntravis_time:end:0bc60688:start=1563876716677543105,finish=1563876719570327825,duration=2892784720\n\u001b[0Ktravis_time:start:08c7b5c8\n\u001b[0Ktravis_time:end:08c7b5c8:start=1563876719575282720,finish=1563876719578780817,duration=3498097\n\u001b[0Ktravis_time:start:23226f00\n\u001b[0Kadding /home/travis/.m2 to cache\u001b[0m\nadding /home/travis/.gradle to cache\u001b[0m\ncreating directory /home/travis/.gradle\u001b[0m\ntravis_time:end:23226f00:start=1563876719583568422,finish=1563876722960821972,duration=3377253550\n\u001b[0Ktravis_fold:end:cache.1\n\u001b[0K\n$ java -Xmx32m -version\nopenjdk version \"1.8.0_191\"\nOpenJDK Runtime Environment (build 1.8.0_191-8u191-b12-2ubuntu0.16.04.1-b12)\nOpenJDK 64-Bit Server VM (build 25.191-b12, mixed mode)\n$ javac -J-Xmx32m -version\njavac 1.8.0_191\ntravis_fold:start:install\n\u001b[0Ktravis_time:start:04c7fd70\n\u001b[0K$ true\ntravis_time:end:04c7fd70:start=1563876723637559858,finish=1563876723640982279,duration=3422421\n\u001b[0Ktravis_fold:end:install\n\u001b[0Ktravis_time:start:0aad84d0\n\u001b[0K$ gradle/buildViaTravis.sh\nBuild Pull Request #6586 => Branch [3.x]\nDownloading https://services.gradle.org/distributions/gradle-5.5.1-bin.zip\n.....................................................................................\nUnzipping /home/travis/.gradle/wrapper/dists/gradle-5.5.1-bin/cfsov38hb3r1zj4ic9bbjcc7n/gradle-5.5.1-bin.zip to /home/travis/.gradle/wrapper/dists/gradle-5.5.1-bin/cfsov38hb3r1zj4ic9bbjcc7n\nSet executable permissions for: /home/travis/.gradle/wrapper/dists/gradle-5.5.1-bin/cfsov38hb3r1zj4ic9bbjcc7n/gradle-5.5.1/bin/gradle\n\nWelcome to Gradle 5.5.1!\n\nHere are the highlights of this release:\n - Kickstart Gradle plugin development with gradle init\n - Distribute organization-wide Gradle properties in custom Gradle distributions\n - Transform dependency artifacts on resolution\n\nFor more details see https://docs.gradle.org/5.5.1/release-notes.html\n\nStarting a Gradle Daemon (subsequent builds will be faster)\n\n> Configure project :\nJMH: [.*me.champeau.gradle.JMHPluginExtension_Decorated@196f43d6.*]\n\n> Task :compileJava\n> Task :processResources NO-SOURCE\n> Task :classes\n> Task :osgiClasses\n> Task :jar\n\n> Task :javadoc\n/home/travis/build/ReactiveX/RxJava/src/main/java/io/reactivex/Maybe.java:778: warning - Tag @link: reference not found: io.reactivex base reactive classes\n/home/travis/build/ReactiveX/RxJava/src/main/java/io/reactivex/Maybe.java:918: warning - Tag @link: reference not found: io.reactivex base reactive classes\n/home/travis/build/ReactiveX/RxJava/src/main/java/io/reactivex/processors/package-info.java:39: warning - Tag @see: reference not found: io.reactivex.subjects\n/home/travis/build/ReactiveX/RxJava/src/main/java/io/reactivex/subjects/package-info.java:58: warning - Tag @see: reference not found: io.reactivex.processors\n4 warnings\n\n> Task :javadocCleanup\nCleaning up: /home/travis/build/ReactiveX/RxJava/build/docs/javadoc/io/reactivex/Flowable.html\nCleaning up: /home/travis/build/ReactiveX/RxJava/build/docs/javadoc/io/reactivex/Observable.html\nCleaning up: /home/travis/build/ReactiveX/RxJava/build/docs/javadoc/io/reactivex/Single.html\nCleaning up: /home/travis/build/ReactiveX/RxJava/build/docs/javadoc/io/reactivex/Maybe.html\nCleaning up: /home/travis/build/ReactiveX/RxJava/build/docs/javadoc/io/reactivex/Completable.html\nCleaning up: /home/travis/build/ReactiveX/RxJava/build/docs/javadoc/io/reactivex/flowables/ConnectableFlowable.html\nCleaning up: /home/travis/build/ReactiveX/RxJava/build/docs/javadoc/io/reactivex/observables/ConnectableObservable.html\nCleaning up: /home/travis/build/ReactiveX/RxJava/build/docs/javadoc/io/reactivex/subjects/ReplaySubject.html\nCleaning up: /home/travis/build/ReactiveX/RxJava/build/docs/javadoc/io/reactivex/processors/ReplayProcessor.html\nCleaning up: /home/travis/build/ReactiveX/RxJava/build/docs/javadoc/io/reactivex/plugins/RxJavaPlugins.html\nCleaning up: /home/travis/build/ReactiveX/RxJava/build/docs/javadoc/io/reactivex/parallel/ParallelFlowable.html\n\n> Task :javadocJar\n> Task :sourcesJar\n> Task :assemble\n> Task :compileJmhJava\n> Task :processJmhResources NO-SOURCE\n> Task :jmhClasses\n> Task :animalsnifferJmh\n> Task :animalsnifferMain\n> Task :compileTestJava\n> Task :processTestResources NO-SOURCE\n> Task :testClasses\n> Task :animalsnifferTest\n> Task :checkstyleJmh\n> Task :checkstyleMain\n> Task :checkstyleTest\n> Task :licenseJmh UP-TO-DATE\n> Task :licenseMain UP-TO-DATE\n> Task :licenseTest UP-TO-DATE\n> Task :license UP-TO-DATE\n\n> Task :test\n\nio.reactivex.subscribers.SafeSubscriberTest > onErrorFailureWithUnsubscribeFailure SKIPPED\n\nio.reactivex.subscribers.SafeSubscriberTest > onErrorSuccessWithUnsubscribeFailure SKIPPED\n\nio.reactivex.subscribers.SafeSubscriberTest > onCompletedThrows SKIPPED\n\nio.reactivex.subscribers.SafeSubscriberTest > onErrorFailureSafe SKIPPED\n\nio.reactivex.subscribers.SafeSubscriberTest > onNextOnErrorFailureSafe SKIPPED\n\nio.reactivex.subscribers.SafeSubscriberTest > onCompleteSuccessWithUnsubscribeFailure SKIPPED\n\nio.reactivex.subscribers.SafeSubscriberTest > onErrorNotImplementedFailureSafe SKIPPED\n\nio.reactivex.subscribers.SafeSubscriberTest > onErrorNotImplementedFailureWithUnsubscribeFailure SKIPPED\n\nio.reactivex.subscribers.SerializedSubscriberTest > threadStarvation SKIPPED\n\nio.reactivex.subscribers.SerializedSubscriberTest > serializeReentrantNullAndError SKIPPED\n\nio.reactivex.subscribers.SerializedSubscriberTest > notificationDelay SKIPPED\n\nio.reactivex.subscribers.SerializedSubscriberTest > serializeReentrantNullAndComplete SKIPPED\n\nio.reactivex.subscribers.SerializedSubscriberTest > serializeAllowsOnError SKIPPED\n\nio.reactivex.subscribers.SerializedSubscriberTest > serializeDrainPhaseThrows SKIPPED\n\nio.reactivex.subscribers.SerializedSubscriberTest > serializeNull SKIPPED\n\nio.reactivex.subscribers.SafeSubscriberWithPluginTest > pluginException SKIPPED\n\nio.reactivex.subscribers.SafeSubscriberWithPluginTest > pluginExceptionWhenUnsubscribing2 SKIPPED\n\nio.reactivex.subscribers.SafeSubscriberWithPluginTest > pluginErrorHandlerReceivesExceptionFromFailingUnsubscribeAfterCompletionThrows SKIPPED\n\nio.reactivex.subscribers.SafeSubscriberWithPluginTest > pluginExceptionWhileOnErrorThrowsAndUnsubscribeThrows SKIPPED\n\nio.reactivex.subscribers.SafeSubscriberWithPluginTest > onCompletedThrows SKIPPED\n\nio.reactivex.subscribers.SafeSubscriberWithPluginTest > pluginExceptionWhileOnErrorThrowsNotImplAndUnsubscribeThrows SKIPPED\n\nio.reactivex.subscribers.SafeSubscriberWithPluginTest > pluginExceptionWhileOnErrorThrows SKIPPED\n\nio.reactivex.subscribers.SafeSubscriberWithPluginTest > pluginExceptionWhileOnErrorUnsubscribeThrows SKIPPED\n\nio.reactivex.subscribers.SafeSubscriberWithPluginTest > pluginErrorHandlerReceivesExceptionWhenUnsubscribeAfterCompletionThrows SKIPPED\n\nio.reactivex.observers.SerializedObserverTest > threadStarvation SKIPPED\n\nio.reactivex.observers.SerializedObserverTest > serializeReentrantNullAndError SKIPPED\n\nio.reactivex.observers.SerializedObserverTest > notificationDelay SKIPPED\n\nio.reactivex.observers.SerializedObserverTest > serializeReentrantNullAndComplete SKIPPED\n\nio.reactivex.observers.SerializedObserverTest > serializeAllowsOnError SKIPPED\n\nio.reactivex.observers.SerializedObserverTest > serializeDrainPhaseThrows SKIPPED\n\nio.reactivex.observers.SerializedObserverTest > serializeNull SKIPPED\n\nio.reactivex.observers.SafeObserverTest > onErrorFailureWithUnsubscribeFailure SKIPPED\n\nio.reactivex.observers.SafeObserverTest > onErrorSuccessWithUnsubscribeFailure SKIPPED\n\nio.reactivex.observers.SafeObserverTest > onCompletedThrows SKIPPED\n\nio.reactivex.observers.SafeObserverTest > onErrorFailureSafe SKIPPED\n\nio.reactivex.observers.SafeObserverTest > onNextOnErrorFailureSafe SKIPPED\n\nio.reactivex.observers.SafeObserverTest > onCompleteSuccessWithUnsubscribeFailure SKIPPED\n\nio.reactivex.observers.SafeObserverTest > onErrorNotImplementedFailureSafe SKIPPED\n\nio.reactivex.observers.SafeObserverTest > onErrorNotImplementedFailureWithUnsubscribeFailure SKIPPED\n\nio.reactivex.observable.ObservableCombineLatestTests > nullEmitting SKIPPED\n\nio.reactivex.observable.ObservableNullTests > flatMapNotificationOnErrorReturnsNull SKIPPED\n\nio.reactivex.observable.ObservableTest > onSubscribeFails SKIPPED\n\nio.reactivex.observable.ObservableTest > errorThrownWithoutErrorHandlerAsynchronous SKIPPED\n\nio.reactivex.observable.ObservableTest > containsWithNull SKIPPED\n\nio.reactivex.observable.ObservableTest > errorThrownWithoutErrorHandlerSynchronous SKIPPED\n\nio.reactivex.observable.ObservableTest > containsWithNullObservable SKIPPED\n\nio.reactivex.plugins.RxJavaPluginsTest > onXLift SKIPPED\n\nio.reactivex.plugins.RxJavaPluginsTest > onPluginsXError SKIPPED\n\nio.reactivex.plugins.RxJavaPluginsTest > clear SKIPPED\n\nio.reactivex.plugins.RxJavaPluginsTest > onPluginsXLift SKIPPED\n\nio.reactivex.plugins.RxJavaPluginsTest > assemblyTrackingObservable SKIPPED\n\nio.reactivex.plugins.RxJavaPluginsTest > assemblyTrackingSingle SKIPPED\n\nio.reactivex.plugins.RxJavaPluginsTest > assemblyTrackingCompletable SKIPPED\n\nio.reactivex.plugins.RxJavaPluginsTest > onXError SKIPPED\n\nio.reactivex.plugins.RxJavaPluginsTest > observableReturn SKIPPED\n\nio.reactivex.plugins.RxJavaPluginsTest > singleReturn SKIPPED\n\nio.reactivex.schedulers.ComputationSchedulerTests > unhandledErrorIsDeliveredToThreadHandler SKIPPED\n\nio.reactivex.schedulers.ExecutorSchedulerInterruptibleTest > unhandledErrorIsDeliveredToThreadHandler SKIPPED\n\nio.reactivex.schedulers.NewThreadSchedulerTest > unhandledErrorIsDeliveredToThreadHandler SKIPPED\n\nio.reactivex.schedulers.CachedThreadSchedulerTest > unhandledErrorIsDeliveredToThreadHandler SKIPPED\n\nio.reactivex.schedulers.ExecutorSchedulerTest > unhandledErrorIsDeliveredToThreadHandler SKIPPED\n\nio.reactivex.internal.util.BackpressureHelperTest > constructorShouldBePrivate SKIPPED\n\nio.reactivex.internal.operators.observable.ObservableOnErrorResumeWithTest > resumeNextWithFailureOnSubscribeAsync SKIPPED\n\nio.reactivex.internal.operators.observable.ObservableOnErrorResumeWithTest > resumeNextWithFailureOnSubscribe SKIPPED\n\nio.reactivex.internal.operators.observable.ObservableMergeTest > thrownErrorHandling SKIPPED\n\nio.reactivex.internal.operators.observable.ObservableMergeTest > mergeWithNullValues SKIPPED\n\nio.reactivex.internal.operators.observable.ObservableMergeTest > mergeWithTerminalEventAfterUnsubscribe SKIPPED\n\nio.reactivex.internal.operators.observable.ObservableMergeTest > mergingNullObservable SKIPPED\n\nio.reactivex.internal.operators.observable.ObservableCacheTest > unsafeChildThrows SKIPPED\n\nio.reactivex.internal.operators.observable.ObservableSequenceEqualTest > withNull1Observable SKIPPED\n\nio.reactivex.internal.operators.observable.ObservableSequenceEqualTest > withNull1 SKIPPED\n\nio.reactivex.internal.operators.observable.ObservableSequenceEqualTest > withNull2 SKIPPED\n\nio.reactivex.internal.operators.observable.ObservableSequenceEqualTest > withNull2Observable SKIPPED\n\nio.reactivex.internal.operators.observable.ObservableWithLatestFromTest > backpressureWithSignal SKIPPED\n\nio.reactivex.internal.operators.observable.ObservableWithLatestFromTest > backpressureNoSignal SKIPPED\n\nio.reactivex.internal.operators.observable.ObservableTakeLastTest > takeLastWithNull SKIPPED\n\nio.reactivex.internal.operators.observable.ObservableSkipLastTest > skipLastWithNull SKIPPED\n\nio.reactivex.internal.operators.observable.ObservableDefaultIfEmptyTest > emptyButClientThrows SKIPPED\n\nio.reactivex.internal.operators.observable.ObservableConcatMapEagerTest > backpressure SKIPPED\n\nio.reactivex.internal.operators.observable.ObservableConcatMapEagerTest > normalBackpressured SKIPPED\n\nio.reactivex.internal.operators.observable.ObservableConcatMapEagerTest > innerNull SKIPPED\n\nio.reactivex.internal.operators.observable.ObservableConcatMapEagerTest > maxConcurrent5 SKIPPED\n\nio.reactivex.internal.operators.observable.ObservableConcatMapEagerTest > prefetchIsBounded SKIPPED\n\nio.reactivex.internal.operators.observable.ObservableConcatMapEagerTest > many SKIPPED\n\nio.reactivex.internal.operators.observable.ObservableConcatMapEagerTest > normalDelayEndBackpressured SKIPPED\n\nio.reactivex.internal.operators.observable.ObservableConcatMapEagerTest > normalDelayBoundaryBackpressured SKIPPED\n\nio.reactivex.internal.operators.observable.ObservableDetachTest > backpressured SKIPPED\n\nio.reactivex.internal.operators.observable.ObservableDetachTest > deferredUpstreamProducer SKIPPED\n\nio.reactivex.internal.operators.observable.ObservableTimeoutTests > shouldUnsubscribeFromUnderlyingSubscriptionOnImmediatelyComplete SKIPPED\n\nio.reactivex.internal.operators.observable.ObservableTimeoutTests > shouldUnsubscribeFromUnderlyingSubscriptionOnImmediatelyErrored SKIPPED\n\nio.reactivex.internal.operators.observable.BlockingObservableToIteratorTest > exceptionThrownFromOnSubscribe SKIPPED\n\nio.reactivex.internal.operators.observable.ObservableDistinctUntilChangedTest > distinctUntilChangedOfSourceWithExceptionsFromKeySelector SKIPPED\n\nio.reactivex.internal.operators.observable.ObservableDistinctUntilChangedTest > distinctUntilChangedOfSourceWithNulls SKIPPED\n\nio.reactivex.internal.operators.observable.ObservableReplayTest > unsafeChildThrows SKIPPED\n\nio.reactivex.internal.operators.observable.ObservableTakeTest > takeZeroDoesntLeakError SKIPPED\n\nio.reactivex.internal.operators.observable.BlockingObservableToFutureTest > constructorShouldBePrivate SKIPPED\n\nio.reactivex.internal.operators.observable.BlockingObservableToFutureTest > getWithASingleNullItem SKIPPED\n\nio.reactivex.internal.operators.observable.ObservableDistinctTest > distinctOfSourceWithExceptionsFromKeySelector SKIPPED\n\nio.reactivex.internal.operators.observable.ObservableDistinctTest > distinctOfSourceWithNulls SKIPPED\n\nio.reactivex.internal.operators.observable.ObservableConcatMapSchedulerTest > startWith SKIPPED\n\nio.reactivex.internal.operators.observable.ObservableConcatMapSchedulerTest > concatMany SKIPPED\n\nio.reactivex.internal.operators.observable.ObservableZipTest > emitNull SKIPPED\n\nio.reactivex.internal.operators.observable.ObservableToListTest > listWithNullValueObservable SKIPPED\n\nio.reactivex.internal.operators.observable.ObservableToListTest > listWithNullValue SKIPPED\n\nio.reactivex.internal.operators.observable.ObservableMergeDelayErrorTest > mergeSourceWhichDoesntPropagateExceptionBack SKIPPED\n\nio.reactivex.internal.operators.observable.ObservableSubscribeOnTest > thrownErrorHandling SKIPPED\n\nio.reactivex.internal.operators.observable.ObservableUsingTest > usingWithObservableFactoryErrorInOnSubscribe SKIPPED\n\nio.reactivex.internal.operators.observable.ObservableUsingTest > usingWithObservableFactoryErrorInOnSubscribeDisposeEagerly SKIPPED\n\nio.reactivex.internal.operators.observable.ObservableDoOnEachTest > fusedAsyncConditional2 SKIPPED\n\nio.reactivex.internal.operators.observable.ObservableDoOnEachTest > fusedAsyncConditional SKIPPED\n\nio.reactivex.internal.operators.observable.ObservableDoOnEachTest > fused SKIPPED\n\nio.reactivex.internal.operators.observable.ObservableDoOnEachTest > fusedOnErrorCrash SKIPPED\n\nio.reactivex.internal.operators.observable.ObservableDoOnEachTest > fusedOnErrorCrashConditional SKIPPED\n\nio.reactivex.internal.operators.observable.ObservableDoOnEachTest > fusedConditional SKIPPED\n\nio.reactivex.internal.operators.observable.ObservableDoOnEachTest > fusedAsync SKIPPED\n\nio.reactivex.internal.operators.observable.ObservableReplayEagerTruncateTest > unsafeChildThrows SKIPPED\n\nio.reactivex.internal.operators.observable.ObservableOnErrorResumeNextTest > onErrorResumeReceivesErrorFromPreviousNonProtectedOperatorOnNext SKIPPED\n\nio.reactivex.internal.operators.observable.ObservableOnErrorResumeNextTest > onErrorResumeReceivesErrorFromPreviousNonProtectedOperator SKIPPED\n\nio.reactivex.internal.operators.observable.ObservableFlatMapTest > flatMapRangeAsyncLoop SKIPPED\n\nio.reactivex.internal.operators.flowable.FlowablePublishTest > subscriberSwap SKIPPED\n\nio.reactivex.internal.operators.flowable.FlowableAmbTest > ambMany SKIPPED\n\nio.reactivex.internal.operators.flowable.FlowableAmbTest > ambManyComplete SKIPPED\n\nio.reactivex.internal.operators.flowable.FlowableAmbTest > ambManyError SKIPPED\n\nio.reactivex.internal.operators.flowable.FlowableTakeTest > takeZeroDoesntLeakError SKIPPED\n\nio.reactivex.internal.operators.flowable.FlowableToListTest > listWithNullValue SKIPPED\n\nio.reactivex.internal.operators.flowable.FlowableToListTest > asyncRequestedFlowable SKIPPED\n\nio.reactivex.internal.operators.flowable.FlowableToListTest > listWithNullValueFlowable SKIPPED\n\nio.reactivex.internal.operators.flowable.FlowableToListTest > backpressureHonored SKIPPED\n\nio.reactivex.internal.operators.flowable.FlowableToListTest > asyncRequested SKIPPED\n\nio.reactivex.internal.operators.flowable.FlowableDistinctUntilChangedTest > distinctUntilChangedOfSourceWithExceptionsFromKeySelector SKIPPED\n\nio.reactivex.internal.operators.flowable.FlowableDistinctUntilChangedTest > distinctUntilChangedOfSourceWithNulls SKIPPED\n\nio.reactivex.internal.operators.flowable.FlowableScanTest > initialValueEmittedNoProducer SKIPPED\n\nio.reactivex.internal.operators.flowable.FlowableScanTest > initialValueEmittedWithProducer SKIPPED\n\nio.reactivex.internal.operators.flowable.FlowableMapTest > shouldNotSwallowOnErrorNotImplementedException SKIPPED\n\nio.reactivex.internal.operators.flowable.FlowableMapTest > verifyExceptionIsThrownIfThereIsNoExceptionHandler SKIPPED\n\nio.reactivex.internal.operators.flowable.FlowableSubscribeOnTest > thrownErrorHandling SKIPPED\n\nio.reactivex.internal.operators.flowable.FlowableDistinctTest > distinctOfSourceWithExceptionsFromKeySelector SKIPPED\n\nio.reactivex.internal.operators.flowable.FlowableDistinctTest > distinctOfSourceWithNulls SKIPPED\n\nio.reactivex.internal.operators.flowable.BlockingFlowableMostRecentTest > constructorshouldbeprivate SKIPPED\n\nio.reactivex.internal.operators.flowable.FlowableAnyTest > backpressureIfNoneRequestedNoneShouldBeDelivered SKIPPED\n\nio.reactivex.internal.operators.flowable.FlowableAllTest > backpressureIfNoneRequestedNoneShouldBeDelivered SKIPPED\n\nio.reactivex.internal.operators.flowable.FlowableConcatMapEagerTest > innerNull SKIPPED\n\nio.reactivex.internal.operators.flowable.FlowableConcatMapEagerTest > many SKIPPED\n\nio.reactivex.internal.operators.flowable.FlowableDefaultIfEmptyTest > emptyButClientThrows SKIPPED\n\nio.reactivex.internal.operators.flowable.FlowableTimeoutTests > shouldUnsubscribeFromUnderlyingSubscriptionOnImmediatelyComplete SKIPPED\n\nio.reactivex.internal.operators.flowable.FlowableTimeoutTests > shouldUnsubscribeFromUnderlyingSubscriptionOnImmediatelyErrored SKIPPED\n\nio.reactivex.internal.operators.flowable.BlockingFlowableLatestTest > constructorshouldbeprivate SKIPPED\n\nio.reactivex.internal.operators.flowable.BlockingFlowableNextTest > constructorshouldbeprivate SKIPPED\n\nio.reactivex.internal.operators.flowable.FlowableRefCountTest > publishNoLeak FAILED\n    java.lang.AssertionError: 20,471,656 -> 116,032,736\n        at org.junit.Assert.fail(Assert.java:88)\n        at org.junit.Assert.assertTrue(Assert.java:41)\n        at io.reactivex.internal.operators.flowable.FlowableRefCountTest.publishNoLeak(FlowableRefCountTest.java:761)\n\nio.reactivex.internal.operators.flowable.BlockingFlowableToIteratorTest > constructorShouldBePrivate SKIPPED\n\nio.reactivex.internal.operators.flowable.BlockingFlowableToIteratorTest > exceptionThrownFromOnSubscribe SKIPPED\n\nio.reactivex.internal.operators.flowable.FlowableTakeLastTest > takeLastWithNull SKIPPED\n\nio.reactivex.internal.operators.flowable.FlowableSequenceEqualTest > withNull2Flowable SKIPPED\n\nio.reactivex.internal.operators.flowable.FlowableSequenceEqualTest > withNull1 SKIPPED\n\nio.reactivex.internal.operators.flowable.FlowableSequenceEqualTest > withNull2 SKIPPED\n\nio.reactivex.internal.operators.flowable.FlowableSequenceEqualTest > withNull1Flowable SKIPPED\n\nio.reactivex.internal.operators.flowable.FlowableOnErrorResumeNextViaFlowableTest > resumeNextWithFailureOnSubscribeAsync SKIPPED\n\nio.reactivex.internal.operators.flowable.FlowableOnErrorResumeNextViaFlowableTest > resumeNextWithFailureOnSubscribe SKIPPED\n\nio.reactivex.internal.operators.flowable.FlowableToSortedListTest > asyncRequestedFlowable SKIPPED\n\nio.reactivex.internal.operators.flowable.FlowableToSortedListTest > backpressureHonored SKIPPED\n\nio.reactivex.internal.operators.flowable.FlowableToSortedListTest > asyncRequested SKIPPED\n\nio.reactivex.internal.operators.flowable.FlowableFilterTest > fatalError SKIPPED\n\nio.reactivex.internal.operators.flowable.FlowableConcatTest > startWith SKIPPED\n\nio.reactivex.internal.operators.flowable.FlowableConcatTest > concatMany SKIPPED\n\nio.reactivex.internal.operators.flowable.FlowableDoOnEachTest > fatalError SKIPPED\n\nio.reactivex.internal.operators.flowable.BlockingFlowableToFutureTest > constructorShouldBePrivate SKIPPED\n\nio.reactivex.internal.operators.flowable.BlockingFlowableToFutureTest > getWithASingleNullItem SKIPPED\n\nio.reactivex.internal.operators.flowable.FlowableUsingTest > usingWithFlowableFactoryErrorInOnSubscribeDisposeEagerly SKIPPED\n\nio.reactivex.internal.operators.flowable.FlowableUsingTest > usingWithFlowableFactoryErrorInOnSubscribe SKIPPED\n\nio.reactivex.internal.operators.flowable.FlowableMergeTest > thrownErrorHandling SKIPPED\n\nio.reactivex.internal.operators.flowable.FlowableMergeTest > mergeJustNull SKIPPED\n\nio.reactivex.internal.operators.flowable.FlowableMergeTest > mergeWithNullValues SKIPPED\n\nio.reactivex.internal.operators.flowable.FlowableMergeTest > mergeWithTerminalEventAfterUnsubscribe SKIPPED\n\nio.reactivex.internal.operators.flowable.FlowableMergeTest > mergingNullFlowable SKIPPED\n\nio.reactivex.internal.operators.flowable.FlowableMergeTest > mergeMany SKIPPED\n\nio.reactivex.internal.operators.flowable.FlowableSwitchTest > secondaryRequestsAdditivelyAreMoreThanLongMaxValueInducesMaxValueRequestFromUpstream SKIPPED\n\nio.reactivex.internal.operators.flowable.FlowableConcatMapSchedulerTest > startWith SKIPPED\n\nio.reactivex.internal.operators.flowable.FlowableConcatMapSchedulerTest > concatMany SKIPPED\n\nio.reactivex.internal.operators.flowable.FlowableSkipLastTest > skipLastWithNull SKIPPED\n\nio.reactivex.internal.operators.flowable.FlowableOnErrorResumeNextViaFunctionTest > onErrorResumeReceivesErrorFromPreviousNonProtectedOperatorOnNext SKIPPED\n\nio.reactivex.internal.operators.flowable.FlowableOnErrorResumeNextViaFunctionTest > onErrorResumeReceivesErrorFromPreviousNonProtectedOperator SKIPPED\n\nio.reactivex.internal.operators.flowable.FlowableCacheTest > unsafeChildThrows SKIPPED\n\nio.reactivex.internal.operators.flowable.FlowableFlatMapTest > flatMapRangeAsyncLoop SKIPPED\n\nio.reactivex.internal.operators.flowable.FlowableCombineLatestTest > combineManyNulls SKIPPED\n\nio.reactivex.internal.operators.flowable.FlowableMergeDelayErrorTest > mergeSourceWhichDoesntPropagateExceptionBack SKIPPED\n\nio.reactivex.internal.operators.flowable.FlowableMergeDelayErrorTest > mergeMany SKIPPED\n\nio.reactivex.internal.operators.flowable.FlowableMergeDelayErrorTest > mergeManyError SKIPPED\n\nio.reactivex.internal.operators.flowable.FlowableZipTest > emitNull SKIPPED\n\nio.reactivex.internal.operators.flowable.FlowableDoOnRequestTest > dontRequestIfDownstreamRequestsLate SKIPPED\n\nio.reactivex.flowable.FlowableBackpressureTests > flatMapAsync SKIPPED\n\nio.reactivex.flowable.FlowableNullTests > flatMapNotificationOnErrorReturnsNull SKIPPED\n\nio.reactivex.flowable.FlowableCombineLatestTests > nullEmitting SKIPPED\n\nio.reactivex.flowable.FlowableNotificationTest > onErrorNullNotificationDoesNotEqualIntegerNotification SKIPPED\n\nio.reactivex.flowable.FlowableNotificationTest > onErrorIntegerNotificationDoesNotEqualNullNotification SKIPPED\n\nio.reactivex.flowable.FlowableSubscriberTest > negativeRequestThrowsIllegalArgumentException SKIPPED\n\nio.reactivex.flowable.FlowableTests > onSubscribeFails SKIPPED\n\nio.reactivex.flowable.FlowableTests > errorThrownWithoutErrorHandlerAsynchronous SKIPPED\n\nio.reactivex.flowable.FlowableTests > containsWithNull SKIPPED\n\nio.reactivex.flowable.FlowableTests > errorThrownWithoutErrorHandlerSynchronous SKIPPED\n\nio.reactivex.flowable.FlowableTests > containsWithNullFlowable SKIPPED\n\nio.reactivex.exceptions.ExceptionsNullTest > onErrorThrowableFrom SKIPPED\n\nio.reactivex.exceptions.ExceptionsNullTest > onCompleteFailedExceptionMessageAndNull SKIPPED\n\nio.reactivex.exceptions.ExceptionsNullTest > onErrorNotImplementedExceptionMessageAndNull SKIPPED\n\nio.reactivex.exceptions.ExceptionsNullTest > onErrorFailedExceptionNull SKIPPED\n\nio.reactivex.exceptions.ExceptionsNullTest > onCompleteFailedExceptionNull SKIPPED\n\nio.reactivex.exceptions.ExceptionsNullTest > onErrorNotImplementedExceptionNull SKIPPED\n\nio.reactivex.exceptions.ExceptionsNullTest > onErrorFailedExceptionMessageAndNull SKIPPED\n\nio.reactivex.exceptions.ExceptionsNullTest > unsubscribeFailedExceptionNull SKIPPED\n\nio.reactivex.exceptions.ExceptionsNullTest > unsubscribeFailedExceptionMessageAndNull SKIPPED\n\nio.reactivex.exceptions.ExceptionsNullTest > onErrorThrowableAddValueAsLastCause SKIPPED\n\nio.reactivex.exceptions.OnNextValueTest > renderFloat SKIPPED\n\nio.reactivex.exceptions.OnNextValueTest > renderShort SKIPPED\n\nio.reactivex.exceptions.OnNextValueTest > addOnNextValueExceptionNotAddedWithBadString SKIPPED\n\nio.reactivex.exceptions.OnNextValueTest > renderBoolean SKIPPED\n\nio.reactivex.exceptions.OnNextValueTest > addOnNextValueExceptionAdded SKIPPED\n\nio.reactivex.exceptions.OnNextValueTest > renderCharacter SKIPPED\n\nio.reactivex.exceptions.OnNextValueTest > renderDouble SKIPPED\n\nio.reactivex.exceptions.OnNextValueTest > renderInteger SKIPPED\n\nio.reactivex.exceptions.OnNextValueTest > renderByte SKIPPED\n\nio.reactivex.exceptions.OnNextValueTest > renderLong SKIPPED\n\nio.reactivex.exceptions.OnNextValueTest > renderVoid SKIPPED\n\nio.reactivex.exceptions.ExceptionsTest > onErrorExceptionIsThrownFromOnNext SKIPPED\n\nio.reactivex.exceptions.ExceptionsTest > constructorShouldBePrivate SKIPPED\n\nio.reactivex.exceptions.ExceptionsTest > onErrorExceptionIsThrown SKIPPED\n\nio.reactivex.exceptions.ExceptionsTest > onErrorExceptionIsThrownFromGroupBy SKIPPED\n\nio.reactivex.exceptions.ExceptionsTest > onErrorExceptionIsThrownFromSingleDoOnSuccess SKIPPED\n\nio.reactivex.exceptions.ExceptionsTest > onErrorExceptionIsThrownFromSingleSubscribe SKIPPED\n\nio.reactivex.exceptions.ExceptionsTest > onErrorExceptionIsThrownFromUnsafeSubscribe SKIPPED\n\nio.reactivex.exceptions.ExceptionsTest > onCompletedExceptionIsThrown SKIPPED\n\nio.reactivex.exceptions.ExceptionsTest > onErrorExceptionIsThrownFromSingleUnsafeSubscribe SKIPPED\n\nio.reactivex.exceptions.ExceptionsTest > onErrorExceptionIsThrownFromSubscribe SKIPPED\n\nio.reactivex.completable.CompletableTest > safeOnErrorThrowsRegularSubscriber SKIPPED\n\nio.reactivex.completable.CompletableTest > safeOnErrorThrows SKIPPED\n\nio.reactivex.completable.CompletableTest > hookUnsafeSubscribeStart SKIPPED\n\nio.reactivex.completable.CompletableTest > safeOnCompleteThrows SKIPPED\n\nio.reactivex.completable.CompletableTest > safeOnCompleteThrowsRegularSubscriber SKIPPED\n\nio.reactivex.completable.CompletableTest > onStartCalledUnsafeSafe SKIPPED\n\nio.reactivex.processors.AsyncProcessorTest > nullValues SKIPPED\n\nio.reactivex.subjects.PublishSubjectTest > backpressureOverflow SKIPPED\n\nio.reactivex.subjects.PublishSubjectTest > requestValidation SKIPPED\n\nio.reactivex.subjects.AsyncSubjectTest > nullValues SKIPPED\n\n11181 tests completed, 1 failed, 240 skipped\n\n> Task :test FAILED\n\nFAILURE: Build failed with an exception.\n\n* What went wrong:\nExecution failed for task ':test'.\n> There were failing tests. See the report at: file:///home/travis/build/ReactiveX/RxJava/build/reports/tests/test/index.html\n\n* Try:\nRun with --stacktrace option to get the stack trace. Run with --info or --debug option to get more log output. Run with --scan to get full insights.\n\n* Get more help at https://help.gradle.org\n\nDeprecated Gradle features were used in this build, making it incompatible with Gradle 6.0.\nUse '--warning-mode all' to show the individual deprecation warnings.\nSee https://docs.gradle.org/5.5.1/userguide/command_line_interface.html#sec:command_line_warnings\n\nBUILD FAILED in 12m 6s\n19 actionable tasks: 16 executed, 3 up-to-date\ntravis_time:end:0aad84d0:start=1563876723645615918,finish=1563877450364857543,duration=726719241625\n\u001b[0K\u001b[31;1mThe command \"gradle/buildViaTravis.sh\" exited with 1.\u001b[0m\n\ntravis_fold:start:cache.2\n\u001b[0Kstore build cache\ntravis_time:start:0b148318\n\u001b[0Ktravis_time:end:0b148318:start=1563877450370673143,finish=1563877450374360785,duration=3687642\n\u001b[0Ktravis_time:start:1ac30b83\n\u001b[0K\u001b[32;1mchanges detected (content changed, file is created, or file is deleted):\\n/home/travis/.gradle/caches/5.5.1/executionHistory/executionHistory.lock\n/home/travis/.gradle/caches/5.5.1/file-changes/last-build.bin\n/home/travis/.gradle/caches/5.5.1/fileContent/fileContent.lock\n/home/travis/.gradle/caches/5.5.1/fileHashes/fileHashes.bin\n/home/travis/.gradle/caches/5.5.1/fileHashes/fileHashes.lock\n/home/travis/.gradle/caches/5.5.1/fileHashes/resourceHashesCache.bin\n/home/travis/.gradle/caches/5.5.1/javaCompile/jarAnalysis.bin\n/home/travis/.gradle/caches/5.5.1/javaCompile/javaCompile.lock\n/home/travis/.gradle/caches/5.5.1/md-rule/md-rule.lock\n/home/travis/.gradle/caches/5.5.1/md-supplier/md-supplier.lock\n/home/travis/.gradle/caches/5.5.1/scripts/2luhbsxzsxngh7qf8dt8kieuk/cp_dsl/cp_dsl607e3b0704a468e3ccebfac8f1ad43c0/cache.properties\n/home/travis/.gradle/caches/5.5.1/scripts/2luhbsxzsxngh7qf8dt8kieuk/cp_dsl/cp_dsl607e3b0704a468e3ccebfac8f1ad43c0/classes/_BuildScript_.class\n/home/travis/.gradle/caches/5.5.1/scripts/2luhbsxzsxngh7qf8dt8kieuk/cp_dsl/cp_dsl607e3b0704a468e\\n...\u001b[0m\n\u001b[32;1mchanges detected, packing new archive\u001b[0m\n\u001b[32;1muploading PR.6586/cache-linux-xenial-e3b0c44298fc1c149afbf4c8996fb92427ae41e4649b934ca495991b7852b855--jdk-openjdk8.tgz\u001b[0m\n\u001b[32;1mcache uploaded\u001b[0m\ntravis_time:end:1ac30b83:start=1563877450379070936,finish=1563877472402088164,duration=22023017228\n\u001b[0Ktravis_fold:end:cache.2\n\u001b[0K\n\nDone. Your build exited with 1.\n"
}