{
  "log_path": "Java/ReactiveX@RxJava/failed/561008032.log",
  "failure_chunk": "io.reactivex.internal.operators.observable.ObservableRefCountTest > publishNoLeak FAILED\n    java.lang.AssertionError: 13,928,704 -> 113,907,376\n        at org.junit.Assert.fail(Assert.java:88)\n        at org.junit.Assert.assertTrue(Assert.java:41)\n        at io.reactivex.internal.operators.observable.ObservableRefCountTest.publishNoLeak(ObservableRefCountTest.java:731)",
  "keywords": [
    "FAILED",
    "Error",
    ""
  ],
  "category": "0",
  "full_log": "travis_fold:start:worker_info\n\u001b[0K\u001b[33;1mWorker information\u001b[0m\nhostname: 8dd58551-57a0-4a41-9288-8435dee5d448@1.production-1-worker-org-gce-ptn6\nversion: v6.2.0 https://github.com/travis-ci/worker/tree/5e5476e01646095f48eec13196fdb3faf8f5cbf7\ninstance: travis-job-3ae22b96-6a91-4988-94cc-d4732a8a6f73 travis-ci-sardonyx-xenial-1553530528-f909ac5 (via amqp)\nstartup: 7.604127561s\ntravis_fold:end:worker_info\n\u001b[0Ktravis_fold:start:system_info\n\u001b[0K\u001b[33;1mBuild system information\u001b[0m\nBuild language: java\nBuild group: stable\nBuild dist: xenial\nBuild id: 561008032\nJob id: 561008033\nRuntime kernel version: 4.15.0-1028-gcp\ntravis-build version: 24c88d12b\n\u001b[34m\u001b[1mBuild image provisioning date and time\u001b[0m\nMon Mar 25 16:43:24 UTC 2019\n\u001b[34m\u001b[1mOperating System Details\u001b[0m\nDistributor ID:\tUbuntu\nDescription:\tUbuntu 16.04.6 LTS\nRelease:\t16.04\nCodename:\txenial\n\u001b[34m\u001b[1mSystemd Version\u001b[0m\nsystemd 229\n\u001b[34m\u001b[1mCookbooks Version\u001b[0m\n42e42e4 https://github.com/travis-ci/travis-cookbooks/tree/42e42e4\n\u001b[34m\u001b[1mgit version\u001b[0m\ngit version 2.21.0\n\u001b[34m\u001b[1mbash version\u001b[0m\nGNU bash, version 4.3.48(1)-release (x86_64-pc-linux-gnu)\n\u001b[34m\u001b[1mgcc version\u001b[0m\ngcc (Ubuntu 5.4.0-6ubuntu1~16.04.11) 5.4.0 20160609\n\u001b[34m\u001b[1mdocker version\u001b[0m\nClient:\n Version:           18.06.0-ce\n API version:       1.38\n Go version:        go1.10.3\n Git commit:        0ffa825\n Built:             Wed Jul 18 19:11:02 2018\n OS/Arch:           linux/amd64\n Experimental:      false\n\nServer:\n Engine:\n  Version:          18.06.0-ce\n  API version:      1.38 (minimum version 1.12)\n  Go version:       go1.10.3\n  Git commit:       0ffa825\n  Built:            Wed Jul 18 19:09:05 2018\n  OS/Arch:          linux/amd64\n  Experimental:     false\n\u001b[34m\u001b[1mclang version\u001b[0m\nclang version 7.0.0 (tags/RELEASE_700/final)\n\u001b[34m\u001b[1mjq version\u001b[0m\njq-1.5\n\u001b[34m\u001b[1mbats version\u001b[0m\nBats 0.4.0\n\u001b[34m\u001b[1mshellcheck version\u001b[0m\n0.6.0\n\u001b[34m\u001b[1mshfmt version\u001b[0m\nv2.6.3\n\u001b[34m\u001b[1mccache version\u001b[0m\n3.2.4\n\u001b[34m\u001b[1mcmake version\u001b[0m\ncmake version 3.12.4\n\u001b[34m\u001b[1mheroku version\u001b[0m\nheroku/7.22.7 linux-x64 node-v11.10.1\n\u001b[34m\u001b[1mimagemagick version\u001b[0m\nVersion: ImageMagick 6.8.9-9 Q16 x86_64 2018-09-28 http://www.imagemagick.org\n\u001b[34m\u001b[1mmd5deep version\u001b[0m\n4.4\n\u001b[34m\u001b[1mmercurial version\u001b[0m\nversion 4.8\n\u001b[34m\u001b[1mmysql version\u001b[0m\nmysql  Ver 14.14 Distrib 5.7.25, for Linux (x86_64) using  EditLine wrapper\n\u001b[34m\u001b[1mopenssl version\u001b[0m\nOpenSSL 1.0.2g  1 Mar 2016\n\u001b[34m\u001b[1mpacker version\u001b[0m\n1.3.3\n\u001b[34m\u001b[1mpostgresql client version\u001b[0m\npsql (PostgreSQL) 10.7 (Ubuntu 10.7-1.pgdg16.04+1)\n\u001b[34m\u001b[1mragel version\u001b[0m\nRagel State Machine Compiler version 6.8 Feb 2013\n\u001b[34m\u001b[1msudo version\u001b[0m\n1.8.16\n\u001b[34m\u001b[1mgzip version\u001b[0m\ngzip 1.6\n\u001b[34m\u001b[1mzip version\u001b[0m\nZip 3.0\n\u001b[34m\u001b[1mvim version\u001b[0m\nVIM - Vi IMproved 7.4 (2013 Aug 10, compiled Nov 24 2016 16:44:48)\n\u001b[34m\u001b[1miptables version\u001b[0m\niptables v1.6.0\n\u001b[34m\u001b[1mcurl version\u001b[0m\ncurl 7.47.0 (x86_64-pc-linux-gnu) libcurl/7.47.0 GnuTLS/3.4.10 zlib/1.2.8 libidn/1.32 librtmp/2.3\n\u001b[34m\u001b[1mwget version\u001b[0m\nGNU Wget 1.17.1 built on linux-gnu.\n\u001b[34m\u001b[1mrsync version\u001b[0m\nrsync  version 3.1.1  protocol version 31\n\u001b[34m\u001b[1mgimme version\u001b[0m\nv1.5.3\n\u001b[34m\u001b[1mnvm version\u001b[0m\n0.34.0\n\u001b[34m\u001b[1mperlbrew version\u001b[0m\n/home/travis/perl5/perlbrew/bin/perlbrew  - App::perlbrew/0.86\n\u001b[34m\u001b[1mphpenv version\u001b[0m\nrbenv 1.1.2\n\u001b[34m\u001b[1mrvm version\u001b[0m\nrvm 1.29.7 (latest) by Michal Papis, Piotr Kuczynski, Wayne E. Seguin [https://rvm.io]\n\u001b[34m\u001b[1mdefault ruby version\u001b[0m\nruby 2.5.3p105 (2018-10-18 revision 65156) [x86_64-linux]\n\u001b[34m\u001b[1mCouchDB version\u001b[0m\ncouchdb 1.6.1\n\u001b[34m\u001b[1mElasticSearch version\u001b[0m\n5.5.0\n\u001b[34m\u001b[1mInstalled Firefox version\u001b[0m\nfirefox 63.0.1\n\u001b[34m\u001b[1mMongoDB version\u001b[0m\nMongoDB 4.0.7\n\u001b[34m\u001b[1mPhantomJS version\u001b[0m\n2.1.1\n\u001b[34m\u001b[1mPre-installed PostgreSQL versions\u001b[0m\n9.4.21\n9.5.16\n9.6.12\n\u001b[34m\u001b[1mRedis version\u001b[0m\nredis-server 5.0.4\n\u001b[34m\u001b[1mPre-installed Go versions\u001b[0m\n1.11.1\n\u001b[34m\u001b[1mmvn version\u001b[0m\nApache Maven 3.6.0 (97c98ec64a1fdfee7767ce5ffb20918da4f719f3; 2018-10-24T18:41:47Z)\n\u001b[34m\u001b[1mgradle version\u001b[0m\nGradle 4.10.2!\n\u001b[34m\u001b[1mlein version\u001b[0m\nLeiningen 2.9.1 on Java 11.0.2 OpenJDK 64-Bit Server VM\n\u001b[34m\u001b[1mPre-installed Node.js versions\u001b[0m\nv10.15.3\nv11.0.0\nv4.9.1\nv6.17.0\nv8.12.0\nv8.15.1\nv8.9\n\u001b[34m\u001b[1mphpenv versions\u001b[0m\n  system\n  5.6\n  5.6.40\n  7.1\n  7.1.27\n  7.2\n* 7.2.15 (set by /home/travis/.phpenv/version)\n  hhvm\n  hhvm-stable\n\u001b[34m\u001b[1mcomposer --version\u001b[0m\nComposer version 1.8.4 2019-02-11 10:52:10\n\u001b[34m\u001b[1mPre-installed Ruby versions\u001b[0m\nruby-2.3.8\nruby-2.4.5\nruby-2.5.3\ntravis_fold:end:system_info\n\u001b[0K\ntravis_fold:start:docker_mtu\n\u001b[0Ktravis_fold:end:docker_mtu\n\u001b[0Ktravis_fold:start:resolvconf\n\u001b[0Ktravis_fold:end:resolvconf\n\u001b[0K\ntravis_fold:start:install_jdk\n\u001b[0K\u001b[33;1mInstalling openjdk8\u001b[0m\ntravis_fold:end:install_jdk\n\u001b[0K\ntravis_fold:start:git.checkout\n\u001b[0Ktravis_time:start:077578c4\n\u001b[0K$ git clone --depth=50 --branch=3.x https://github.com/ReactiveX/RxJava.git ReactiveX/RxJava\nCloning into 'ReactiveX/RxJava'...\ntravis_time:end:077578c4:start=1563542143522937533,finish=1563542145953488211,duration=2430550678\n\u001b[0K$ cd ReactiveX/RxJava\n$ git checkout -qf e4eee64bf7b1e78a75b712130bdec12f340bb443\ntravis_fold:end:git.checkout\n\u001b[0K\n\n\u001b[33;1mSetting environment variables from repository settings\u001b[0m\n$ export GITHUB_TOKEN=[secure]\n\n\u001b[33;1mSetting environment variables from .travis.yml\u001b[0m\n$ export sonatypePassword=[secure]\n$ export bintrayUser=[secure]\n$ export sonatypeUsername=[secure]\n$ export bintrayKey=[secure]\n\n$ export TERM=dumb\ntravis_fold:start:cache.1\n\u001b[0KSetting up build cache\n$ export CASHER_DIR=${TRAVIS_HOME}/.casher\ntravis_time:start:135a0740\n\u001b[0K$ Installing caching utilities\ntravis_time:end:135a0740:start=1563542147214205930,finish=1563542147493428010,duration=279222080\n\u001b[0Ktravis_time:start:19c10de4\n\u001b[0Ktravis_time:end:19c10de4:start=1563542147501480548,finish=1563542147505444168,duration=3963620\n\u001b[0Ktravis_time:start:0da5b348\n\u001b[0Kattempting to download cache archive\u001b[0m\n\u001b[32;1mfetching 3.x/cache-linux-xenial-e3b0c44298fc1c149afbf4c8996fb92427ae41e4649b934ca495991b7852b855--jdk-openjdk8.tgz\u001b[0m\n\u001b[32;1mfound cache\u001b[0m\ntravis_time:end:0da5b348:start=1563542147510358267,finish=1563542150197681962,duration=2687323695\n\u001b[0Ktravis_time:start:17e888d8\n\u001b[0Ktravis_time:end:17e888d8:start=1563542150205652094,finish=1563542150210592494,duration=4940400\n\u001b[0Ktravis_time:start:1d42c9fd\n\u001b[0Kadding /home/travis/.m2 to cache\u001b[0m\nadding /home/travis/.gradle to cache\u001b[0m\ncreating directory /home/travis/.gradle\u001b[0m\ntravis_time:end:1d42c9fd:start=1563542150219955087,finish=1563542153723291984,duration=3503336897\n\u001b[0Ktravis_fold:end:cache.1\n\u001b[0K\n$ java -Xmx32m -version\nopenjdk version \"1.8.0_191\"\nOpenJDK Runtime Environment (build 1.8.0_191-8u191-b12-2ubuntu0.16.04.1-b12)\nOpenJDK 64-Bit Server VM (build 25.191-b12, mixed mode)\n$ javac -J-Xmx32m -version\njavac 1.8.0_191\ntravis_fold:start:install\n\u001b[0Ktravis_time:start:0ad29c20\n\u001b[0K$ true\ntravis_time:end:0ad29c20:start=1563542154574581934,finish=1563542154578320343,duration=3738409\n\u001b[0Ktravis_fold:end:install\n\u001b[0Ktravis_time:start:00c9becb\n\u001b[0K$ gradle/buildViaTravis.sh\nBuild Branch with Snapshot => Branch [3.x]\nStarting a Gradle Daemon, 1 incompatible and 2 stopped Daemons could not be reused, use --status for details\nJMH: [.*me.champeau.gradle.JMHPluginExtension_Decorated@56bfbe6.*]\nReleaseMode: branch\n:compileJavawarning: [options] bootstrap class path not set in conjunction with -source 1.6\n1 warning\n\n:processResources NO-SOURCE\n:classes\n:osgiClasses\n:jar\n:javadoc/home/travis/build/ReactiveX/RxJava/src/main/java/io/reactivex/Maybe.java:778: warning - Tag @link: reference not found: io.reactivex base reactive classes\n/home/travis/build/ReactiveX/RxJava/src/main/java/io/reactivex/Maybe.java:918: warning - Tag @link: reference not found: io.reactivex base reactive classes\n/home/travis/build/ReactiveX/RxJava/src/main/java/io/reactivex/processors/package-info.java:39: warning - Tag @see: reference not found: io.reactivex.subjects\n/home/travis/build/ReactiveX/RxJava/src/main/java/io/reactivex/subjects/package-info.java:58: warning - Tag @see: reference not found: io.reactivex.processors\n\n4 warnings\n:javadocCleanup\nCleaning up: /home/travis/build/ReactiveX/RxJava/build/docs/javadoc/io/reactivex/Flowable.html\nCleaning up: /home/travis/build/ReactiveX/RxJava/build/docs/javadoc/io/reactivex/Observable.html\nCleaning up: /home/travis/build/ReactiveX/RxJava/build/docs/javadoc/io/reactivex/Single.html\nCleaning up: /home/travis/build/ReactiveX/RxJava/build/docs/javadoc/io/reactivex/Maybe.html\nCleaning up: /home/travis/build/ReactiveX/RxJava/build/docs/javadoc/io/reactivex/Completable.html\nCleaning up: /home/travis/build/ReactiveX/RxJava/build/docs/javadoc/io/reactivex/flowables/ConnectableFlowable.html\nCleaning up: /home/travis/build/ReactiveX/RxJava/build/docs/javadoc/io/reactivex/observables/ConnectableObservable.html\nCleaning up: /home/travis/build/ReactiveX/RxJava/build/docs/javadoc/io/reactivex/subjects/ReplaySubject.html\nCleaning up: /home/travis/build/ReactiveX/RxJava/build/docs/javadoc/io/reactivex/processors/ReplayProcessor.html\nCleaning up: /home/travis/build/ReactiveX/RxJava/build/docs/javadoc/io/reactivex/plugins/RxJavaPlugins.html\nCleaning up: /home/travis/build/ReactiveX/RxJava/build/docs/javadoc/io/reactivex/parallel/ParallelFlowable.html\n:javadocJar\n:sourcesJar\n:assemble\n:compileJmhJavawarning: [options] bootstrap class path not set in conjunction with -source 1.6\n1 warning\n\n:processJmhResources NO-SOURCE\n:jmhClasses\n:animalsnifferJmh\n:animalsnifferMain\n:compileTestJavawarning: [options] bootstrap class path not set in conjunction with -source 1.6\n1 warning\n\n:processTestResources NO-SOURCE\n:testClasses\n:animalsnifferTest\n:checkstyleJmh\n:checkstyleMain\n:checkstyleTest\n:licenseJmh UP-TO-DATE\n:licenseMain UP-TO-DATE\n:licenseTest UP-TO-DATE\n:license UP-TO-DATE\n:test\n\nio.reactivex.subscribers.SafeSubscriberTest > onErrorFailureWithUnsubscribeFailure SKIPPED\n\nio.reactivex.subscribers.SafeSubscriberTest > onErrorSuccessWithUnsubscribeFailure SKIPPED\n\nio.reactivex.subscribers.SafeSubscriberTest > onCompletedThrows SKIPPED\n\nio.reactivex.subscribers.SafeSubscriberTest > onErrorFailureSafe SKIPPED\n\nio.reactivex.subscribers.SafeSubscriberTest > onNextOnErrorFailureSafe SKIPPED\n\nio.reactivex.subscribers.SafeSubscriberTest > onCompleteSuccessWithUnsubscribeFailure SKIPPED\n\nio.reactivex.subscribers.SafeSubscriberTest > onErrorNotImplementedFailureSafe SKIPPED\n\nio.reactivex.subscribers.SafeSubscriberTest > onErrorNotImplementedFailureWithUnsubscribeFailure SKIPPED\n\nio.reactivex.subscribers.SerializedSubscriberTest > threadStarvation SKIPPED\n\nio.reactivex.subscribers.SerializedSubscriberTest > serializeReentrantNullAndError SKIPPED\n\nio.reactivex.subscribers.SerializedSubscriberTest > notificationDelay SKIPPED\n\nio.reactivex.subscribers.SerializedSubscriberTest > serializeReentrantNullAndComplete SKIPPED\n\nio.reactivex.subscribers.SerializedSubscriberTest > serializeAllowsOnError SKIPPED\n\nio.reactivex.subscribers.SerializedSubscriberTest > serializeDrainPhaseThrows SKIPPED\n\nio.reactivex.subscribers.SerializedSubscriberTest > serializeNull SKIPPED\n\nio.reactivex.subscribers.SafeSubscriberWithPluginTest > pluginException SKIPPED\n\nio.reactivex.subscribers.SafeSubscriberWithPluginTest > pluginExceptionWhenUnsubscribing2 SKIPPED\n\nio.reactivex.subscribers.SafeSubscriberWithPluginTest > pluginErrorHandlerReceivesExceptionFromFailingUnsubscribeAfterCompletionThrows SKIPPED\n\nio.reactivex.subscribers.SafeSubscriberWithPluginTest > pluginExceptionWhileOnErrorThrowsAndUnsubscribeThrows SKIPPED\n\nio.reactivex.subscribers.SafeSubscriberWithPluginTest > onCompletedThrows SKIPPED\n\nio.reactivex.subscribers.SafeSubscriberWithPluginTest > pluginExceptionWhileOnErrorThrowsNotImplAndUnsubscribeThrows SKIPPED\n\nio.reactivex.subscribers.SafeSubscriberWithPluginTest > pluginExceptionWhileOnErrorThrows SKIPPED\n\nio.reactivex.subscribers.SafeSubscriberWithPluginTest > pluginExceptionWhileOnErrorUnsubscribeThrows SKIPPED\n\nio.reactivex.subscribers.SafeSubscriberWithPluginTest > pluginErrorHandlerReceivesExceptionWhenUnsubscribeAfterCompletionThrows SKIPPED\n\nio.reactivex.observers.SerializedObserverTest > threadStarvation SKIPPED\n\nio.reactivex.observers.SerializedObserverTest > serializeReentrantNullAndError SKIPPED\n\nio.reactivex.observers.SerializedObserverTest > notificationDelay SKIPPED\n\nio.reactivex.observers.SerializedObserverTest > serializeReentrantNullAndComplete SKIPPED\n\nio.reactivex.observers.SerializedObserverTest > serializeAllowsOnError SKIPPED\n\nio.reactivex.observers.SerializedObserverTest > serializeDrainPhaseThrows SKIPPED\n\nio.reactivex.observers.SerializedObserverTest > serializeNull SKIPPED\n\nio.reactivex.observers.SafeObserverTest > onErrorFailureWithUnsubscribeFailure SKIPPED\n\nio.reactivex.observers.SafeObserverTest > onErrorSuccessWithUnsubscribeFailure SKIPPED\n\nio.reactivex.observers.SafeObserverTest > onCompletedThrows SKIPPED\n\nio.reactivex.observers.SafeObserverTest > onErrorFailureSafe SKIPPED\n\nio.reactivex.observers.SafeObserverTest > onNextOnErrorFailureSafe SKIPPED\n\nio.reactivex.observers.SafeObserverTest > onCompleteSuccessWithUnsubscribeFailure SKIPPED\n\nio.reactivex.observers.SafeObserverTest > onErrorNotImplementedFailureSafe SKIPPED\n\nio.reactivex.observers.SafeObserverTest > onErrorNotImplementedFailureWithUnsubscribeFailure SKIPPED\n\nio.reactivex.observable.ObservableCombineLatestTests > nullEmitting SKIPPED\n\nio.reactivex.observable.ObservableNullTests > flatMapNotificationOnErrorReturnsNull SKIPPED\n\nio.reactivex.observable.ObservableTest > onSubscribeFails SKIPPED\n\nio.reactivex.observable.ObservableTest > errorThrownWithoutErrorHandlerAsynchronous SKIPPED\n\nio.reactivex.observable.ObservableTest > containsWithNull SKIPPED\n\nio.reactivex.observable.ObservableTest > errorThrownWithoutErrorHandlerSynchronous SKIPPED\n\nio.reactivex.observable.ObservableTest > containsWithNullObservable SKIPPED\n\nio.reactivex.plugins.RxJavaPluginsTest > onXLift SKIPPED\n\nio.reactivex.plugins.RxJavaPluginsTest > onPluginsXError SKIPPED\n\nio.reactivex.plugins.RxJavaPluginsTest > clear SKIPPED\n\nio.reactivex.plugins.RxJavaPluginsTest > onPluginsXLift SKIPPED\n\nio.reactivex.plugins.RxJavaPluginsTest > assemblyTrackingObservable SKIPPED\n\nio.reactivex.plugins.RxJavaPluginsTest > assemblyTrackingSingle SKIPPED\n\nio.reactivex.plugins.RxJavaPluginsTest > assemblyTrackingCompletable SKIPPED\n\nio.reactivex.plugins.RxJavaPluginsTest > onXError SKIPPED\n\nio.reactivex.plugins.RxJavaPluginsTest > observableReturn SKIPPED\n\nio.reactivex.plugins.RxJavaPluginsTest > singleReturn SKIPPED\n\nio.reactivex.schedulers.ComputationSchedulerTests > unhandledErrorIsDeliveredToThreadHandler SKIPPED\n\nio.reactivex.schedulers.ExecutorSchedulerInterruptibleTest > unhandledErrorIsDeliveredToThreadHandler SKIPPED\n\nio.reactivex.schedulers.NewThreadSchedulerTest > unhandledErrorIsDeliveredToThreadHandler SKIPPED\n\nio.reactivex.schedulers.CachedThreadSchedulerTest > unhandledErrorIsDeliveredToThreadHandler SKIPPED\n\nio.reactivex.schedulers.ExecutorSchedulerTest > unhandledErrorIsDeliveredToThreadHandler SKIPPED\n\nio.reactivex.internal.util.BackpressureHelperTest > constructorShouldBePrivate SKIPPED\n\nio.reactivex.internal.operators.observable.ObservableOnErrorResumeWithTest > resumeNextWithFailureOnSubscribeAsync SKIPPED\n\nio.reactivex.internal.operators.observable.ObservableOnErrorResumeWithTest > resumeNextWithFailureOnSubscribe SKIPPED\n\nio.reactivex.internal.operators.observable.ObservableMergeTest > thrownErrorHandling SKIPPED\n\nio.reactivex.internal.operators.observable.ObservableMergeTest > mergeWithNullValues SKIPPED\n\nio.reactivex.internal.operators.observable.ObservableMergeTest > mergeWithTerminalEventAfterUnsubscribe SKIPPED\n\nio.reactivex.internal.operators.observable.ObservableMergeTest > mergingNullObservable SKIPPED\n\nio.reactivex.internal.operators.observable.ObservableCacheTest > unsafeChildThrows SKIPPED\n\nio.reactivex.internal.operators.observable.ObservableSequenceEqualTest > withNull1Observable SKIPPED\n\nio.reactivex.internal.operators.observable.ObservableSequenceEqualTest > withNull1 SKIPPED\n\nio.reactivex.internal.operators.observable.ObservableSequenceEqualTest > withNull2 SKIPPED\n\nio.reactivex.internal.operators.observable.ObservableSequenceEqualTest > withNull2Observable SKIPPED\n\nio.reactivex.internal.operators.observable.ObservableWithLatestFromTest > backpressureWithSignal SKIPPED\n\nio.reactivex.internal.operators.observable.ObservableWithLatestFromTest > backpressureNoSignal SKIPPED\n\nio.reactivex.internal.operators.observable.ObservableTakeLastTest > takeLastWithNull SKIPPED\n\nio.reactivex.internal.operators.observable.ObservableSkipLastTest > skipLastWithNull SKIPPED\n\nio.reactivex.internal.operators.observable.ObservableDefaultIfEmptyTest > emptyButClientThrows SKIPPED\n\nio.reactivex.internal.operators.observable.ObservableConcatMapEagerTest > backpressure SKIPPED\n\nio.reactivex.internal.operators.observable.ObservableConcatMapEagerTest > normalBackpressured SKIPPED\n\nio.reactivex.internal.operators.observable.ObservableConcatMapEagerTest > innerNull SKIPPED\n\nio.reactivex.internal.operators.observable.ObservableConcatMapEagerTest > maxConcurrent5 SKIPPED\n\nio.reactivex.internal.operators.observable.ObservableConcatMapEagerTest > prefetchIsBounded SKIPPED\n\nio.reactivex.internal.operators.observable.ObservableConcatMapEagerTest > many SKIPPED\n\nio.reactivex.internal.operators.observable.ObservableConcatMapEagerTest > normalDelayEndBackpressured SKIPPED\n\nio.reactivex.internal.operators.observable.ObservableConcatMapEagerTest > normalDelayBoundaryBackpressured SKIPPED\n\nio.reactivex.internal.operators.observable.ObservableDetachTest > backpressured SKIPPED\n\nio.reactivex.internal.operators.observable.ObservableDetachTest > deferredUpstreamProducer SKIPPED\n\nio.reactivex.internal.operators.observable.ObservableTimeoutTests > shouldUnsubscribeFromUnderlyingSubscriptionOnImmediatelyComplete SKIPPED\n\nio.reactivex.internal.operators.observable.ObservableTimeoutTests > shouldUnsubscribeFromUnderlyingSubscriptionOnImmediatelyErrored SKIPPED\n\nio.reactivex.internal.operators.observable.BlockingObservableToIteratorTest > exceptionThrownFromOnSubscribe SKIPPED\n\nio.reactivex.internal.operators.observable.ObservableDistinctUntilChangedTest > distinctUntilChangedOfSourceWithExceptionsFromKeySelector SKIPPED\n\nio.reactivex.internal.operators.observable.ObservableDistinctUntilChangedTest > distinctUntilChangedOfSourceWithNulls SKIPPED\n\nio.reactivex.internal.operators.observable.ObservableReplayTest > unsafeChildThrows SKIPPED\n\nio.reactivex.internal.operators.observable.ObservableTakeTest > takeZeroDoesntLeakError SKIPPED\n\nio.reactivex.internal.operators.observable.BlockingObservableToFutureTest > constructorShouldBePrivate SKIPPED\n\nio.reactivex.internal.operators.observable.BlockingObservableToFutureTest > getWithASingleNullItem SKIPPED\n\nio.reactivex.internal.operators.observable.ObservableDistinctTest > distinctOfSourceWithExceptionsFromKeySelector SKIPPED\n\nio.reactivex.internal.operators.observable.ObservableDistinctTest > distinctOfSourceWithNulls SKIPPED\n\nio.reactivex.internal.operators.observable.ObservableConcatMapSchedulerTest > startWith SKIPPED\n\nio.reactivex.internal.operators.observable.ObservableConcatMapSchedulerTest > concatMany SKIPPED\n\nio.reactivex.internal.operators.observable.ObservableZipTest > emitNull SKIPPED\n\nio.reactivex.internal.operators.observable.ObservableToListTest > listWithNullValueObservable SKIPPED\n\nio.reactivex.internal.operators.observable.ObservableToListTest > listWithNullValue SKIPPED\n\nio.reactivex.internal.operators.observable.ObservableMergeDelayErrorTest > mergeSourceWhichDoesntPropagateExceptionBack SKIPPED\n\nio.reactivex.internal.operators.observable.ObservableSubscribeOnTest > thrownErrorHandling SKIPPED\n\nio.reactivex.internal.operators.observable.ObservableUsingTest > usingWithObservableFactoryErrorInOnSubscribe SKIPPED\n\nio.reactivex.internal.operators.observable.ObservableUsingTest > usingWithObservableFactoryErrorInOnSubscribeDisposeEagerly SKIPPED\n\nio.reactivex.internal.operators.observable.ObservableDoOnEachTest > fusedAsyncConditional2 SKIPPED\n\nio.reactivex.internal.operators.observable.ObservableDoOnEachTest > fusedAsyncConditional SKIPPED\n\nio.reactivex.internal.operators.observable.ObservableDoOnEachTest > fused SKIPPED\n\nio.reactivex.internal.operators.observable.ObservableDoOnEachTest > fusedOnErrorCrash SKIPPED\n\nio.reactivex.internal.operators.observable.ObservableDoOnEachTest > fusedOnErrorCrashConditional SKIPPED\n\nio.reactivex.internal.operators.observable.ObservableDoOnEachTest > fusedConditional SKIPPED\n\nio.reactivex.internal.operators.observable.ObservableDoOnEachTest > fusedAsync SKIPPED\n\nio.reactivex.internal.operators.observable.ObservableReplayEagerTruncateTest > unsafeChildThrows SKIPPED\n\nio.reactivex.internal.operators.observable.ObservableOnErrorResumeNextTest > onErrorResumeReceivesErrorFromPreviousNonProtectedOperatorOnNext SKIPPED\n\nio.reactivex.internal.operators.observable.ObservableOnErrorResumeNextTest > onErrorResumeReceivesErrorFromPreviousNonProtectedOperator SKIPPED\n\nio.reactivex.internal.operators.observable.ObservableFlatMapTest > flatMapRangeAsyncLoop SKIPPED\n\nio.reactivex.internal.operators.observable.ObservableRefCountTest > publishNoLeak FAILED\n    java.lang.AssertionError: 13,928,704 -> 113,907,376\n        at org.junit.Assert.fail(Assert.java:88)\n        at org.junit.Assert.assertTrue(Assert.java:41)\n        at io.reactivex.internal.operators.observable.ObservableRefCountTest.publishNoLeak(ObservableRefCountTest.java:731)\n\nio.reactivex.internal.operators.flowable.FlowablePublishTest > subscriberSwap SKIPPED\n\nio.reactivex.internal.operators.flowable.FlowableAmbTest > ambMany SKIPPED\n\nio.reactivex.internal.operators.flowable.FlowableAmbTest > ambManyComplete SKIPPED\n\nio.reactivex.internal.operators.flowable.FlowableAmbTest > ambManyError SKIPPED\n\nio.reactivex.internal.operators.flowable.FlowableTakeTest > takeZeroDoesntLeakError SKIPPED\n\nio.reactivex.internal.operators.flowable.FlowableToListTest > listWithNullValue SKIPPED\n\nio.reactivex.internal.operators.flowable.FlowableToListTest > asyncRequestedFlowable SKIPPED\n\nio.reactivex.internal.operators.flowable.FlowableToListTest > listWithNullValueFlowable SKIPPED\n\nio.reactivex.internal.operators.flowable.FlowableToListTest > backpressureHonored SKIPPED\n\nio.reactivex.internal.operators.flowable.FlowableToListTest > asyncRequested SKIPPED\n\nio.reactivex.internal.operators.flowable.FlowableDistinctUntilChangedTest > distinctUntilChangedOfSourceWithExceptionsFromKeySelector SKIPPED\n\nio.reactivex.internal.operators.flowable.FlowableDistinctUntilChangedTest > distinctUntilChangedOfSourceWithNulls SKIPPED\n\nio.reactivex.internal.operators.flowable.FlowableScanTest > initialValueEmittedNoProducer SKIPPED\n\nio.reactivex.internal.operators.flowable.FlowableScanTest > initialValueEmittedWithProducer SKIPPED\n\nio.reactivex.internal.operators.flowable.FlowableMapTest > shouldNotSwallowOnErrorNotImplementedException SKIPPED\n\nio.reactivex.internal.operators.flowable.FlowableMapTest > verifyExceptionIsThrownIfThereIsNoExceptionHandler SKIPPED\n\nio.reactivex.internal.operators.flowable.FlowableSubscribeOnTest > thrownErrorHandling SKIPPED\n\nio.reactivex.internal.operators.flowable.FlowableDistinctTest > distinctOfSourceWithExceptionsFromKeySelector SKIPPED\n\nio.reactivex.internal.operators.flowable.FlowableDistinctTest > distinctOfSourceWithNulls SKIPPED\n\nio.reactivex.internal.operators.flowable.BlockingFlowableMostRecentTest > constructorshouldbeprivate SKIPPED\n\nio.reactivex.internal.operators.flowable.FlowableAnyTest > backpressureIfNoneRequestedNoneShouldBeDelivered SKIPPED\n\nio.reactivex.internal.operators.flowable.FlowableAllTest > backpressureIfNoneRequestedNoneShouldBeDelivered SKIPPED\n\nio.reactivex.internal.operators.flowable.FlowableConcatMapEagerTest > innerNull SKIPPED\n\nio.reactivex.internal.operators.flowable.FlowableConcatMapEagerTest > many SKIPPED\n\nio.reactivex.internal.operators.flowable.FlowableDefaultIfEmptyTest > emptyButClientThrows SKIPPED\n\nio.reactivex.internal.operators.flowable.FlowableTimeoutTests > shouldUnsubscribeFromUnderlyingSubscriptionOnImmediatelyComplete SKIPPED\n\nio.reactivex.internal.operators.flowable.FlowableTimeoutTests > shouldUnsubscribeFromUnderlyingSubscriptionOnImmediatelyErrored SKIPPED\n\nio.reactivex.internal.operators.flowable.BlockingFlowableLatestTest > constructorshouldbeprivate SKIPPED\n\nio.reactivex.internal.operators.flowable.BlockingFlowableNextTest > constructorshouldbeprivate SKIPPED\n\nio.reactivex.internal.operators.flowable.BlockingFlowableToIteratorTest > constructorShouldBePrivate SKIPPED\n\nio.reactivex.internal.operators.flowable.BlockingFlowableToIteratorTest > exceptionThrownFromOnSubscribe SKIPPED\n\nio.reactivex.internal.operators.flowable.FlowableTakeLastTest > takeLastWithNull SKIPPED\n\nio.reactivex.internal.operators.flowable.FlowableSequenceEqualTest > withNull2Flowable SKIPPED\n\nio.reactivex.internal.operators.flowable.FlowableSequenceEqualTest > withNull1 SKIPPED\n\nio.reactivex.internal.operators.flowable.FlowableSequenceEqualTest > withNull2 SKIPPED\n\nio.reactivex.internal.operators.flowable.FlowableSequenceEqualTest > withNull1Flowable SKIPPED\n\nio.reactivex.internal.operators.flowable.FlowableOnErrorResumeNextViaFlowableTest > resumeNextWithFailureOnSubscribeAsync SKIPPED\n\nio.reactivex.internal.operators.flowable.FlowableOnErrorResumeNextViaFlowableTest > resumeNextWithFailureOnSubscribe SKIPPED\n\nio.reactivex.internal.operators.flowable.FlowableToSortedListTest > asyncRequestedFlowable SKIPPED\n\nio.reactivex.internal.operators.flowable.FlowableToSortedListTest > backpressureHonored SKIPPED\n\nio.reactivex.internal.operators.flowable.FlowableToSortedListTest > asyncRequested SKIPPED\n\nio.reactivex.internal.operators.flowable.FlowableFilterTest > fatalError SKIPPED\n\nio.reactivex.internal.operators.flowable.FlowableConcatTest > startWith SKIPPED\n\nio.reactivex.internal.operators.flowable.FlowableConcatTest > concatMany SKIPPED\n\nio.reactivex.internal.operators.flowable.FlowableDoOnEachTest > fatalError SKIPPED\n\nio.reactivex.internal.operators.flowable.BlockingFlowableToFutureTest > constructorShouldBePrivate SKIPPED\n\nio.reactivex.internal.operators.flowable.BlockingFlowableToFutureTest > getWithASingleNullItem SKIPPED\n\nio.reactivex.internal.operators.flowable.FlowableUsingTest > usingWithFlowableFactoryErrorInOnSubscribeDisposeEagerly SKIPPED\n\nio.reactivex.internal.operators.flowable.FlowableUsingTest > usingWithFlowableFactoryErrorInOnSubscribe SKIPPED\n\nio.reactivex.internal.operators.flowable.FlowableMergeTest > thrownErrorHandling SKIPPED\n\nio.reactivex.internal.operators.flowable.FlowableMergeTest > mergeJustNull SKIPPED\n\nio.reactivex.internal.operators.flowable.FlowableMergeTest > mergeWithNullValues SKIPPED\n\nio.reactivex.internal.operators.flowable.FlowableMergeTest > mergeWithTerminalEventAfterUnsubscribe SKIPPED\n\nio.reactivex.internal.operators.flowable.FlowableMergeTest > mergingNullFlowable SKIPPED\n\nio.reactivex.internal.operators.flowable.FlowableMergeTest > mergeMany SKIPPED\n\nio.reactivex.internal.operators.flowable.FlowableSwitchTest > secondaryRequestsAdditivelyAreMoreThanLongMaxValueInducesMaxValueRequestFromUpstream SKIPPED\n\nio.reactivex.internal.operators.flowable.FlowableConcatMapSchedulerTest > startWith SKIPPED\n\nio.reactivex.internal.operators.flowable.FlowableConcatMapSchedulerTest > concatMany SKIPPED\n\nio.reactivex.internal.operators.flowable.FlowableSkipLastTest > skipLastWithNull SKIPPED\n\nio.reactivex.internal.operators.flowable.FlowableOnErrorResumeNextViaFunctionTest > onErrorResumeReceivesErrorFromPreviousNonProtectedOperatorOnNext SKIPPED\n\nio.reactivex.internal.operators.flowable.FlowableOnErrorResumeNextViaFunctionTest > onErrorResumeReceivesErrorFromPreviousNonProtectedOperator SKIPPED\n\nio.reactivex.internal.operators.flowable.FlowableCacheTest > unsafeChildThrows SKIPPED\n\nio.reactivex.internal.operators.flowable.FlowableFlatMapTest > flatMapRangeAsyncLoop SKIPPED\n\nio.reactivex.internal.operators.flowable.FlowableCombineLatestTest > combineManyNulls SKIPPED\n\nio.reactivex.internal.operators.flowable.FlowableMergeDelayErrorTest > mergeSourceWhichDoesntPropagateExceptionBack SKIPPED\n\nio.reactivex.internal.operators.flowable.FlowableMergeDelayErrorTest > mergeMany SKIPPED\n\nio.reactivex.internal.operators.flowable.FlowableMergeDelayErrorTest > mergeManyError SKIPPED\n\nio.reactivex.internal.operators.flowable.FlowableZipTest > emitNull SKIPPED\n\nio.reactivex.internal.operators.flowable.FlowableDoOnRequestTest > dontRequestIfDownstreamRequestsLate SKIPPED\n\nio.reactivex.flowable.FlowableBackpressureTests > flatMapAsync SKIPPED\n\nio.reactivex.flowable.FlowableNullTests > flatMapNotificationOnErrorReturnsNull SKIPPED\n\nio.reactivex.flowable.FlowableCombineLatestTests > nullEmitting SKIPPED\n\nio.reactivex.flowable.FlowableNotificationTest > onErrorNullNotificationDoesNotEqualIntegerNotification SKIPPED\n\nio.reactivex.flowable.FlowableNotificationTest > onErrorIntegerNotificationDoesNotEqualNullNotification SKIPPED\n\nio.reactivex.flowable.FlowableSubscriberTest > negativeRequestThrowsIllegalArgumentException SKIPPED\n\nio.reactivex.flowable.FlowableTests > onSubscribeFails SKIPPED\n\nio.reactivex.flowable.FlowableTests > errorThrownWithoutErrorHandlerAsynchronous SKIPPED\n\nio.reactivex.flowable.FlowableTests > containsWithNull SKIPPED\n\nio.reactivex.flowable.FlowableTests > errorThrownWithoutErrorHandlerSynchronous SKIPPED\n\nio.reactivex.flowable.FlowableTests > containsWithNullFlowable SKIPPED\n\nio.reactivex.exceptions.ExceptionsNullTest > onErrorThrowableFrom SKIPPED\n\nio.reactivex.exceptions.ExceptionsNullTest > onCompleteFailedExceptionMessageAndNull SKIPPED\n\nio.reactivex.exceptions.ExceptionsNullTest > onErrorNotImplementedExceptionMessageAndNull SKIPPED\n\nio.reactivex.exceptions.ExceptionsNullTest > onErrorFailedExceptionNull SKIPPED\n\nio.reactivex.exceptions.ExceptionsNullTest > onCompleteFailedExceptionNull SKIPPED\n\nio.reactivex.exceptions.ExceptionsNullTest > onErrorNotImplementedExceptionNull SKIPPED\n\nio.reactivex.exceptions.ExceptionsNullTest > onErrorFailedExceptionMessageAndNull SKIPPED\n\nio.reactivex.exceptions.ExceptionsNullTest > unsubscribeFailedExceptionNull SKIPPED\n\nio.reactivex.exceptions.ExceptionsNullTest > unsubscribeFailedExceptionMessageAndNull SKIPPED\n\nio.reactivex.exceptions.ExceptionsNullTest > onErrorThrowableAddValueAsLastCause SKIPPED\n\nio.reactivex.exceptions.OnNextValueTest > renderFloat SKIPPED\n\nio.reactivex.exceptions.OnNextValueTest > renderShort SKIPPED\n\nio.reactivex.exceptions.OnNextValueTest > addOnNextValueExceptionNotAddedWithBadString SKIPPED\n\nio.reactivex.exceptions.OnNextValueTest > renderBoolean SKIPPED\n\nio.reactivex.exceptions.OnNextValueTest > addOnNextValueExceptionAdded SKIPPED\n\nio.reactivex.exceptions.OnNextValueTest > renderCharacter SKIPPED\n\nio.reactivex.exceptions.OnNextValueTest > renderDouble SKIPPED\n\nio.reactivex.exceptions.OnNextValueTest > renderInteger SKIPPED\n\nio.reactivex.exceptions.OnNextValueTest > renderByte SKIPPED\n\nio.reactivex.exceptions.OnNextValueTest > renderLong SKIPPED\n\nio.reactivex.exceptions.OnNextValueTest > renderVoid SKIPPED\n\nio.reactivex.exceptions.ExceptionsTest > onErrorExceptionIsThrownFromOnNext SKIPPED\n\nio.reactivex.exceptions.ExceptionsTest > constructorShouldBePrivate SKIPPED\n\nio.reactivex.exceptions.ExceptionsTest > onErrorExceptionIsThrown SKIPPED\n\nio.reactivex.exceptions.ExceptionsTest > onErrorExceptionIsThrownFromGroupBy SKIPPED\n\nio.reactivex.exceptions.ExceptionsTest > onErrorExceptionIsThrownFromSingleDoOnSuccess SKIPPED\n\nio.reactivex.exceptions.ExceptionsTest > onErrorExceptionIsThrownFromSingleSubscribe SKIPPED\n\nio.reactivex.exceptions.ExceptionsTest > onErrorExceptionIsThrownFromUnsafeSubscribe SKIPPED\n\nio.reactivex.exceptions.ExceptionsTest > onCompletedExceptionIsThrown SKIPPED\n\nio.reactivex.exceptions.ExceptionsTest > onErrorExceptionIsThrownFromSingleUnsafeSubscribe SKIPPED\n\nio.reactivex.exceptions.ExceptionsTest > onErrorExceptionIsThrownFromSubscribe SKIPPED\n\nio.reactivex.completable.CompletableTest > safeOnErrorThrowsRegularSubscriber SKIPPED\n\nio.reactivex.completable.CompletableTest > safeOnErrorThrows SKIPPED\n\nio.reactivex.completable.CompletableTest > hookUnsafeSubscribeStart SKIPPED\n\nio.reactivex.completable.CompletableTest > safeOnCompleteThrows SKIPPED\n\nio.reactivex.completable.CompletableTest > safeOnCompleteThrowsRegularSubscriber SKIPPED\n\nio.reactivex.completable.CompletableTest > onStartCalledUnsafeSafe SKIPPED\n\nio.reactivex.processors.AsyncProcessorTest > nullValues SKIPPED\n\nio.reactivex.subjects.PublishSubjectTest > backpressureOverflow SKIPPED\n\nio.reactivex.subjects.PublishSubjectTest > requestValidation SKIPPED\n\nio.reactivex.subjects.AsyncSubjectTest > nullValues SKIPPED\n\n11169 tests completed, 1 failed, 240 skipped\n:test FAILED\n\nFAILURE: Build failed with an exception.\n\n* What went wrong:\nExecution failed for task ':test'.\n> There were failing tests. See the report at: file:///home/travis/build/ReactiveX/RxJava/build/reports/tests/test/index.html\n\n* Try:\nRun with --info or --debug option to get more log output.\n\n* Exception is:\norg.gradle.api.tasks.TaskExecutionException: Execution failed for task ':test'.\n\tat org.gradle.api.internal.tasks.execution.ExecuteActionsTaskExecuter.executeActions(ExecuteActionsTaskExecuter.java:100)\n\tat org.gradle.api.internal.tasks.execution.ExecuteActionsTaskExecuter.execute(ExecuteActionsTaskExecuter.java:70)\n\tat org.gradle.api.internal.tasks.execution.OutputDirectoryCreatingTaskExecuter.execute(OutputDirectoryCreatingTaskExecuter.java:51)\n\tat org.gradle.api.internal.tasks.execution.SkipUpToDateTaskExecuter.execute(SkipUpToDateTaskExecuter.java:62)\n\tat org.gradle.api.internal.tasks.execution.ResolveTaskOutputCachingStateExecuter.execute(ResolveTaskOutputCachingStateExecuter.java:54)\n\tat org.gradle.api.internal.tasks.execution.ValidatingTaskExecuter.execute(ValidatingTaskExecuter.java:60)\n\tat org.gradle.api.internal.tasks.execution.SkipEmptySourceFilesTaskExecuter.execute(SkipEmptySourceFilesTaskExecuter.java:97)\n\tat org.gradle.api.internal.tasks.execution.CleanupStaleOutputsExecuter.execute(CleanupStaleOutputsExecuter.java:87)\n\tat org.gradle.api.internal.tasks.execution.ResolveTaskArtifactStateTaskExecuter.execute(ResolveTaskArtifactStateTaskExecuter.java:52)\n\tat org.gradle.api.internal.tasks.execution.SkipTaskWithNoActionsExecuter.execute(SkipTaskWithNoActionsExecuter.java:52)\n\tat org.gradle.api.internal.tasks.execution.SkipOnlyIfTaskExecuter.execute(SkipOnlyIfTaskExecuter.java:54)\n\tat org.gradle.api.internal.tasks.execution.ExecuteAtMostOnceTaskExecuter.execute(ExecuteAtMostOnceTaskExecuter.java:43)\n\tat org.gradle.api.internal.tasks.execution.CatchExceptionTaskExecuter.execute(CatchExceptionTaskExecuter.java:34)\n\tat org.gradle.execution.taskgraph.DefaultTaskGraphExecuter$EventFiringTaskWorker$1.run(DefaultTaskGraphExecuter.java:248)\n\tat org.gradle.internal.progress.DefaultBuildOperationExecutor$RunnableBuildOperationWorker.execute(DefaultBuildOperationExecutor.java:336)\n\tat org.gradle.internal.progress.DefaultBuildOperationExecutor$RunnableBuildOperationWorker.execute(DefaultBuildOperationExecutor.java:328)\n\tat org.gradle.internal.progress.DefaultBuildOperationExecutor.execute(DefaultBuildOperationExecutor.java:199)\n\tat org.gradle.internal.progress.DefaultBuildOperationExecutor.run(DefaultBuildOperationExecutor.java:110)\n\tat org.gradle.execution.taskgraph.DefaultTaskGraphExecuter$EventFiringTaskWorker.execute(DefaultTaskGraphExecuter.java:241)\n\tat org.gradle.execution.taskgraph.DefaultTaskGraphExecuter$EventFiringTaskWorker.execute(DefaultTaskGraphExecuter.java:230)\n\tat org.gradle.execution.taskgraph.DefaultTaskPlanExecutor$TaskExecutorWorker.processTask(DefaultTaskPlanExecutor.java:123)\n\tat org.gradle.execution.taskgraph.DefaultTaskPlanExecutor$TaskExecutorWorker.access$200(DefaultTaskPlanExecutor.java:79)\n\tat org.gradle.execution.taskgraph.DefaultTaskPlanExecutor$TaskExecutorWorker$1.execute(DefaultTaskPlanExecutor.java:104)\n\tat org.gradle.execution.taskgraph.DefaultTaskPlanExecutor$TaskExecutorWorker$1.execute(DefaultTaskPlanExecutor.java:98)\n\tat org.gradle.execution.taskgraph.DefaultTaskExecutionPlan.execute(DefaultTaskExecutionPlan.java:626)\n\tat org.gradle.execution.taskgraph.DefaultTaskExecutionPlan.executeWithTask(DefaultTaskExecutionPlan.java:581)\n\tat org.gradle.execution.taskgraph.DefaultTaskPlanExecutor$TaskExecutorWorker.run(DefaultTaskPlanExecutor.java:98)\n\tat org.gradle.internal.concurrent.ExecutorPolicy$CatchAndRecordFailures.onExecute(ExecutorPolicy.java:63)\n\tat org.gradle.internal.concurrent.ManagedExecutorImpl$1.run(ManagedExecutorImpl.java:46)\n\tat org.gradle.internal.concurrent.ThreadFactoryImpl$ManagedThreadRunnable.run(ThreadFactoryImpl.java:55)\nCaused by: org.gradle.api.GradleException: There were failing tests. See the report at: file:///home/travis/build/ReactiveX/RxJava/build/reports/tests/test/index.html\n\tat org.gradle.api.tasks.testing.Test.handleTestFailures(Test.java:1446)\n\tat org.gradle.api.tasks.testing.Test.executeTests(Test.java:721)\n\tat org.gradle.internal.reflect.JavaMethod.invoke(JavaMethod.java:73)\n\tat org.gradle.api.internal.project.taskfactory.StandardTaskAction.doExecute(StandardTaskAction.java:46)\n\tat org.gradle.api.internal.project.taskfactory.StandardTaskAction.execute(StandardTaskAction.java:39)\n\tat org.gradle.api.internal.project.taskfactory.StandardTaskAction.execute(StandardTaskAction.java:26)\n\tat org.gradle.api.internal.AbstractTask$TaskActionWrapper.execute(AbstractTask.java:784)\n\tat org.gradle.api.internal.AbstractTask$TaskActionWrapper.execute(AbstractTask.java:751)\n\tat org.gradle.api.internal.tasks.execution.ExecuteActionsTaskExecuter$1.run(ExecuteActionsTaskExecuter.java:121)\n\tat org.gradle.internal.progress.DefaultBuildOperationExecutor$RunnableBuildOperationWorker.execute(DefaultBuildOperationExecutor.java:336)\n\tat org.gradle.internal.progress.DefaultBuildOperationExecutor$RunnableBuildOperationWorker.execute(DefaultBuildOperationExecutor.java:328)\n\tat org.gradle.internal.progress.DefaultBuildOperationExecutor.execute(DefaultBuildOperationExecutor.java:199)\n\tat org.gradle.internal.progress.DefaultBuildOperationExecutor.run(DefaultBuildOperationExecutor.java:110)\n\tat org.gradle.api.internal.tasks.execution.ExecuteActionsTaskExecuter.executeAction(ExecuteActionsTaskExecuter.java:110)\n\tat org.gradle.api.internal.tasks.execution.ExecuteActionsTaskExecuter.executeActions(ExecuteActionsTaskExecuter.java:92)\n\t... 29 more\n\n\n* Get more help at https://help.gradle.org\n\nBUILD FAILED in 11m 38s\n19 actionable tasks: 16 executed, 3 up-to-date\ntravis_time:end:00c9becb:start=1563542154584264974,finish=1563542854294055086,duration=699709790112\n\u001b[0K\u001b[31;1mThe command \"gradle/buildViaTravis.sh\" exited with 1.\u001b[0m\n\ntravis_fold:start:cache.2\n\u001b[0Kstore build cache\ntravis_time:start:280eb400\n\u001b[0Ktravis_time:end:280eb400:start=1563542854303398185,finish=1563542854310348466,duration=6950281\n\u001b[0Ktravis_time:start:0226a780\n\u001b[0K\u001b[32;1mchanges detected (content changed, file is created, or file is deleted):\\n/home/travis/.gradle/caches/4.3.1/fileHashes/fileHashes.bin\n/home/travis/.gradle/caches/4.3.1/fileHashes/fileHashes.lock\n/home/travis/.gradle/caches/modules-2/modules-2.lock\n/home/travis/.gradle/daemon/4.3.1/daemon-4325.out.log\n/home/travis/.gradle/daemon/4.3.1/registry.bin\n/home/travis/.gradle/daemon/4.3.1/registry.bin.lock\\n\u001b[0m\n\u001b[32;1mchanges detected, packing new archive\u001b[0m\n\u001b[32;1muploading 3.x/cache-linux-xenial-e3b0c44298fc1c149afbf4c8996fb92427ae41e4649b934ca495991b7852b855--jdk-openjdk8.tgz\u001b[0m\n\u001b[32;1mcache uploaded\u001b[0m\ntravis_time:end:0226a780:start=1563542854318316832,finish=1563542865795924832,duration=11477608000\n\u001b[0Ktravis_fold:end:cache.2\n\u001b[0K\n\nDone. Your build exited with 1.\n"
}