{
  "log_path": "Java/square@retrofit/failed/494086613.log",
  "failure_chunk": "raw(retrofit2.KotlinSuspendRawTest)  Time elapsed: 0.053 sec   ERROR!\njava.lang.NullPointerException\n\tat retrofit2.Utils.isKotlinMethodReturnTypeNullable(Utils.java:541)\n\tat retrofit2.HttpServiceMethod.parseAnnotations(HttpServiceMethod.java:52)\n\tat retrofit2.ServiceMethod.parseAnnotations(ServiceMethod.java:37)\n\tat retrofit2.Retrofit.loadServiceMethod(Retrofit.java:169)\n\tat retrofit2.Retrofit$1.invoke(Retrofit.java:148)\n\tat retrofit2.$Proxy40.body(Unknown Source)\n\tat retrofit2.KotlinSuspendRawTest.raw(KotlinSuspendRawTest.java:46)\n\tat sun.reflect.NativeMethodAccessorImpl.invoke0(Native Method)\n\tat sun.reflect.NativeMethodAccessorImpl.invoke(NativeMethodAccessorImpl.java:62)\n\tat sun.reflect.DelegatingMethodAccessorImpl.invoke(DelegatingMethodAccessorImpl.java:43)\n\tat java.lang.reflect.Method.invoke(Method.java:498)\n\tat org.junit.runners.model.FrameworkMethod$1.runReflectiveCall(FrameworkMethod.java:50)\n\tat org.junit.internal.runners.model.ReflectiveCallable.run(ReflectiveCallable.java:12)\n\tat org.junit.runners.model.FrameworkMethod.invokeExplosively(FrameworkMethod.java:47)\n\tat org.junit.internal.runners.statements.InvokeMethod.evaluate(InvokeMethod.java:17)\n\tat org.junit.rules.ExternalResource$1.evaluate(ExternalResource.java:48)\n\tat org.junit.rules.RunRules.evaluate(RunRules.java:20)\n\tat org.junit.runners.ParentRunner.runLeaf(ParentRunner.java:325)\n\tat org.junit.runners.BlockJUnit4ClassRunner.runChild(BlockJUnit4ClassRunner.java:78)\n\tat org.junit.runners.BlockJUnit4ClassRunner.runChild(BlockJUnit4ClassRunner.java:57)\n\tat org.junit.runners.ParentRunner$3.run(ParentRunner.java:290)\n\tat org.junit.runners.ParentRunner$1.schedule(ParentRunner.java:71)\n\tat org.junit.runners.ParentRunner.runChildren(ParentRunner.java:288)\n\tat org.junit.runners.ParentRunner.access$000(ParentRunner.java:58)\n\tat org.junit.runners.ParentRunner$2.evaluate(ParentRunner.java:268)\n\tat org.junit.runners.ParentRunner.run(ParentRunner.java:363)\n\tat org.apache.maven.surefire.junit4.JUnit4Provider.execute(JUnit4Provider.java:252)\n\tat org.apache.maven.surefire.junit4.JUnit4Provider.executeTestSet(JUnit4Provider.java:141)\n\tat org.apache.maven.surefire.junit4.JUnit4Provider.invoke(JUnit4Provider.java:112)\n\tat sun.reflect.NativeMethodAccessorImpl.invoke0(Native Method)\n\tat sun.reflect.NativeMethodAccessorImpl.invoke(NativeMethodAccessorImpl.java:62)\n\tat sun.reflect.DelegatingMethodAccessorImpl.invoke(DelegatingMethodAccessorImpl.java:43)\n\tat java.lang.reflect.Method.invoke(Method.java:498)\n\tat org.apache.maven.surefire.util.ReflectionUtils.invokeMethodWithArray(ReflectionUtils.java:189)\n\tat org.apache.maven.surefire.booter.ProviderFactory$ProviderProxy.invoke(ProviderFactory.java:165)\n\tat org.apache.maven.surefire.booter.ProviderFactory.invokeProvider(ProviderFactory.java:85)\n\tat org.apache.maven.surefire.booter.ForkedBooter.runSuitesInProcess(ForkedBooter.java:115)\n\tat org.apache.maven.surefire.booter.ForkedBooter.main(ForkedBooter.java:75)",
  "keywords": [
    "FAILURE!",
    "Error",
    "ERROR!"
  ],
  "category": "0",
  "full_log": "travis_fold:start:worker_info\n\u001b[0K\u001b[33;1mWorker information\u001b[0m\nhostname: 00825471-3dfc-44c9-b417-7d513a069c6e@1.production-1-worker-org-gce-b3rt\nversion: v6.2.0 https://github.com/travis-ci/worker/tree/5e5476e01646095f48eec13196fdb3faf8f5cbf7\ninstance: travis-job-f89b19f4-a20c-4acc-9d6b-2ea332d9926a travis-ci-garnet-trusty-1512502259-986baf0 (via amqp)\nstartup: 8.719054847s\ntravis_fold:end:worker_info\n\u001b[0Ktravis_fold:start:system_info\n\u001b[0K\u001b[33;1mBuild system information\u001b[0m\nBuild language: java\nBuild group: stable\nBuild dist: trusty\nBuild id: 494086613\nJob id: 494086614\nRuntime kernel version: 4.4.0-101-generic\ntravis-build version: 7713e6a71\n\u001b[34m\u001b[1mBuild image provisioning date and time\u001b[0m\nTue Dec  5 19:58:13 UTC 2017\n\u001b[34m\u001b[1mOperating System Details\u001b[0m\nDistributor ID:\tUbuntu\nDescription:\tUbuntu 14.04.5 LTS\nRelease:\t14.04\nCodename:\ttrusty\n\u001b[34m\u001b[1mCookbooks Version\u001b[0m\n7c2c6a6 https://github.com/travis-ci/travis-cookbooks/tree/7c2c6a6\n\u001b[34m\u001b[1mgit version\u001b[0m\ngit version 2.15.1\n\u001b[34m\u001b[1mbash version\u001b[0m\nGNU bash, version 4.3.11(1)-release (x86_64-pc-linux-gnu)\n\u001b[34m\u001b[1mgcc version\u001b[0m\ngcc (Ubuntu 4.8.4-2ubuntu1~14.04.3) 4.8.4\nCopyright (C) 2013 Free Software Foundation, Inc.\nThis is free software; see the source for copying conditions.  There is NO\nwarranty; not even for MERCHANTABILITY or FITNESS FOR A PARTICULAR PURPOSE.\n\n\u001b[34m\u001b[1mdocker version\u001b[0m\nClient:\n Version:      17.09.0-ce\n API version:  1.32\n Go version:   go1.8.3\n Git commit:   afdb6d4\n Built:        Tue Sep 26 22:42:38 2017\n OS/Arch:      linux/amd64\n\nServer:\n Version:      17.09.0-ce\n API version:  1.32 (minimum version 1.12)\n Go version:   go1.8.3\n Git commit:   afdb6d4\n Built:        Tue Sep 26 22:41:20 2017\n OS/Arch:      linux/amd64\n Experimental: false\n\u001b[34m\u001b[1mclang version\u001b[0m\nclang version 5.0.0 (tags/RELEASE_500/final)\nTarget: x86_64-unknown-linux-gnu\nThread model: posix\nInstalledDir: /usr/local/clang-5.0.0/bin\n\u001b[34m\u001b[1mjq version\u001b[0m\njq-1.5\n\u001b[34m\u001b[1mbats version\u001b[0m\nBats 0.4.0\n\u001b[34m\u001b[1mshellcheck version\u001b[0m\n0.4.6\n\u001b[34m\u001b[1mshfmt version\u001b[0m\nv2.0.0\n\u001b[34m\u001b[1mccache version\u001b[0m\nccache version 3.1.9\n\nCopyright (C) 2002-2007 Andrew Tridgell\nCopyright (C) 2009-2011 Joel Rosdahl\n\nThis program is free software; you can redistribute it and/or modify it under\nthe terms of the GNU General Public License as published by the Free Software\nFoundation; either version 3 of the License, or (at your option) any later\nversion.\n\u001b[34m\u001b[1mcmake version\u001b[0m\ncmake version 3.9.2\n\nCMake suite maintained and supported by Kitware (kitware.com/cmake).\n\u001b[34m\u001b[1mheroku version\u001b[0m\nheroku-cli/6.14.39-addc925 (linux-x64) node-v9.2.0\n\u001b[34m\u001b[1mimagemagick version\u001b[0m\nVersion: ImageMagick 6.7.7-10 2017-07-31 Q16 http://www.imagemagick.org\n\u001b[34m\u001b[1mmd5deep version\u001b[0m\n4.2\n\u001b[34m\u001b[1mmercurial version\u001b[0m\nMercurial Distributed SCM (version 4.2.2)\n(see https://mercurial-scm.org for more information)\n\nCopyright (C) 2005-2017 Matt Mackall and others\nThis is free software; see the source for copying conditions. There is NO\nwarranty; not even for MERCHANTABILITY or FITNESS FOR A PARTICULAR PURPOSE.\n\u001b[34m\u001b[1mmysql version\u001b[0m\nmysql  Ver 14.14 Distrib 5.6.33, for debian-linux-gnu (x86_64) using  EditLine wrapper\n\u001b[34m\u001b[1mopenssl version\u001b[0m\nOpenSSL 1.0.1f 6 Jan 2014\n\u001b[34m\u001b[1mpacker version\u001b[0m\nPacker v1.0.2\n\nYour version of Packer is out of date! The latest version\nis 1.1.2. You can update by downloading from www.packer.io\n\u001b[34m\u001b[1mpostgresql client version\u001b[0m\npsql (PostgreSQL) 9.6.6\n\u001b[34m\u001b[1mragel version\u001b[0m\nRagel State Machine Compiler version 6.8 Feb 2013\nCopyright (c) 2001-2009 by Adrian Thurston\n\u001b[34m\u001b[1msubversion version\u001b[0m\nsvn, version 1.8.8 (r1568071)\n   compiled Aug 10 2017, 17:20:39 on x86_64-pc-linux-gnu\n\nCopyright (C) 2013 The Apache Software Foundation.\nThis software consists of contributions made by many people;\nsee the NOTICE file for more information.\nSubversion is open source software, see http://subversion.apache.org/\n\nThe following repository access (RA) modules are available:\n\n* ra_svn : Module for accessing a repository using the svn network protocol.\n  - with Cyrus SASL authentication\n  - handles 'svn' scheme\n* ra_local : Module for accessing a repository on local disk.\n  - handles 'file' scheme\n* ra_serf : Module for accessing a repository via WebDAV protocol using serf.\n  - using serf 1.3.3\n  - handles 'http' scheme\n  - handles 'https' scheme\n\n\u001b[34m\u001b[1msudo version\u001b[0m\nSudo version 1.8.9p5\nConfigure options: --prefix=/usr -v --with-all-insults --with-pam --with-fqdn --with-logging=syslog --with-logfac=authpriv --with-env-editor --with-editor=/usr/bin/editor --with-timeout=15 --with-password-timeout=0 --with-passprompt=[sudo] password for %p:  --without-lecture --with-tty-tickets --disable-root-mailer --enable-admin-flag --with-sendmail=/usr/sbin/sendmail --with-timedir=/var/lib/sudo --mandir=/usr/share/man --libexecdir=/usr/lib/sudo --with-sssd --with-sssd-lib=/usr/lib/x86_64-linux-gnu --with-selinux\nSudoers policy plugin version 1.8.9p5\nSudoers file grammar version 43\n\nSudoers path: /etc/sudoers\nAuthentication methods: 'pam'\nSyslog facility if syslog is being used for logging: authpriv\nSyslog priority to use when user authenticates successfully: notice\nSyslog priority to use when user authenticates unsuccessfully: alert\nSend mail if the user is not in sudoers\nUse a separate timestamp for each user/tty combo\nLecture user the first time they run sudo\nRoot may run sudo\nAllow some information gathering to give useful error messages\nRequire fully-qualified hostnames in the sudoers file\nVisudo will honor the EDITOR environment variable\nSet the LOGNAME and USER environment variables\nLength at which to wrap log file lines (0 for no wrap): 80\nAuthentication timestamp timeout: 15.0 minutes\nPassword prompt timeout: 0.0 minutes\nNumber of tries to enter a password: 3\nUmask to use or 0777 to use user's: 022\nPath to mail program: /usr/sbin/sendmail\nFlags for mail program: -t\nAddress to send mail to: root\nSubject line for mail messages: *** SECURITY information for %h ***\nIncorrect password message: Sorry, try again.\nPath to authentication timestamp dir: /var/lib/sudo\nDefault password prompt: [sudo] password for %p: \nDefault user to run commands as: root\nValue to override user's $PATH with: /usr/local/sbin:/usr/local/bin:/usr/sbin:/usr/bin:/sbin:/bin:/snap/bin\nPath to the editor for use by visudo: /usr/bin/editor\nWhen to require a password for 'list' pseudocommand: any\nWhen to require a password for 'verify' pseudocommand: all\nFile descriptors >= 3 will be closed before executing a command\nEnvironment variables to check for sanity:\n\tTZ\n\tTERM\n\tLINGUAS\n\tLC_*\n\tLANGUAGE\n\tLANG\n\tCOLORTERM\nEnvironment variables to remove:\n\tRUBYOPT\n\tRUBYLIB\n\tPYTHONUSERBASE\n\tPYTHONINSPECT\n\tPYTHONPATH\n\tPYTHONHOME\n\tTMPPREFIX\n\tZDOTDIR\n\tREADNULLCMD\n\tNULLCMD\n\tFPATH\n\tPERL5DB\n\tPERL5OPT\n\tPERL5LIB\n\tPERLLIB\n\tPERLIO_DEBUG \n\tJAVA_TOOL_OPTIONS\n\tSHELLOPTS\n\tGLOBIGNORE\n\tPS4\n\tBASH_ENV\n\tENV\n\tTERMCAP\n\tTERMPATH\n\tTERMINFO_DIRS\n\tTERMINFO\n\t_RLD*\n\tLD_*\n\tPATH_LOCALE\n\tNLSPATH\n\tHOSTALIASES\n\tRES_OPTIONS\n\tLOCALDOMAIN\n\tCDPATH\n\tIFS\nEnvironment variables to preserve:\n\tJAVA_HOME\n\tTRAVIS\n\tCI\n\tDEBIAN_FRONTEND\n\tXAUTHORIZATION\n\tXAUTHORITY\n\tPS2\n\tPS1\n\tPATH\n\tLS_COLORS\n\tKRB5CCNAME\n\tHOSTNAME\n\tHOME\n\tDISPLAY\n\tCOLORS\nLocale to use while parsing sudoers: C\nDirectory in which to store input/output logs: /var/log/sudo-io\nFile in which to store the input/output log: %{seq}\nAdd an entry to the utmp/utmpx file when allocating a pty\nPAM service name to use\nPAM service name to use for login shells\nCreate a new PAM session for the command to run in\nMaximum I/O log sequence number: 0\n\nLocal IP address and netmask pairs:\n\t10.240.0.28/255.255.255.255\n\t172.17.0.1/255.255.0.0\n\nSudoers I/O plugin version 1.8.9p5\n\u001b[34m\u001b[1mgzip version\u001b[0m\ngzip 1.6\nCopyright (C) 2007, 2010, 2011 Free Software Foundation, Inc.\nCopyright (C) 1993 Jean-loup Gailly.\nThis is free software.  You may redistribute copies of it under the terms of\nthe GNU General Public License <http://www.gnu.org/licenses/gpl.html>.\nThere is NO WARRANTY, to the extent permitted by law.\n\nWritten by Jean-loup Gailly.\n\u001b[34m\u001b[1mzip version\u001b[0m\nCopyright (c) 1990-2008 Info-ZIP - Type 'zip \"-L\"' for software license.\nThis is Zip 3.0 (July 5th 2008), by Info-ZIP.\nCurrently maintained by E. Gordon.  Please send bug reports to\nthe authors using the web page at www.info-zip.org; see README for details.\n\nLatest sources and executables are at ftp://ftp.info-zip.org/pub/infozip,\nas of above date; see http://www.info-zip.org/ for other sites.\n\nCompiled with gcc 4.8.2 for Unix (Linux ELF) on Oct 21 2013.\n\nZip special compilation options:\n\tUSE_EF_UT_TIME       (store Universal Time)\n\tBZIP2_SUPPORT        (bzip2 library version 1.0.6, 6-Sept-2010)\n\t    bzip2 code and library copyright (c) Julian R Seward\n\t    (See the bzip2 license for terms of use)\n\tSYMLINK_SUPPORT      (symbolic links supported)\n\tLARGE_FILE_SUPPORT   (can read and write large files on file system)\n\tZIP64_SUPPORT        (use Zip64 to store large files in archives)\n\tUNICODE_SUPPORT      (store and read UTF-8 Unicode paths)\n\tSTORE_UNIX_UIDs_GIDs (store UID/GID sizes/values using new extra field)\n\tUIDGID_NOT_16BIT     (old Unix 16-bit UID/GID extra field not used)\n\t[encryption, version 2.91 of 05 Jan 2007] (modified for Zip 3)\n\nEncryption notice:\n\tThe encryption code of this program is not copyrighted and is\n\tput in the public domain.  It was originally written in Europe\n\tand, to the best of our knowledge, can be freely distributed\n\tin both source and object forms from any country, including\n\tthe USA under License Exception TSU of the U.S. Export\n\tAdministration Regulations (section 740.13(e)) of 6 June 2002.\n\nZip environment options:\n             ZIP:  [none]\n          ZIPOPT:  [none]\n\u001b[34m\u001b[1mvim version\u001b[0m\nVIM - Vi IMproved 7.4 (2013 Aug 10, compiled Nov 24 2016 16:43:18)\nIncluded patches: 1-52\nExtra patches: 8.0.0056\nModified by pkg-vim-maintainers@lists.alioth.debian.org\nCompiled by buildd@\nHuge version without GUI.  Features included (+) or not (-):\n+acl             +farsi           +mouse_netterm   +syntax\n+arabic          +file_in_path    +mouse_sgr       +tag_binary\n+autocmd         +find_in_path    -mouse_sysmouse  +tag_old_static\n-balloon_eval    +float           +mouse_urxvt     -tag_any_white\n-browse          +folding         +mouse_xterm     -tcl\n++builtin_terms  -footer          +multi_byte      +terminfo\n+byte_offset     +fork()          +multi_lang      +termresponse\n+cindent         +gettext         -mzscheme        +textobjects\n-clientserver    -hangul_input    +netbeans_intg   +title\n-clipboard       +iconv           +path_extra      -toolbar\n+cmdline_compl   +insert_expand   -perl            +user_commands\n+cmdline_hist    +jumplist        +persistent_undo +vertsplit\n+cmdline_info    +keymap          +postscript      +virtualedit\n+comments        +langmap         +printer         +visual\n+conceal         +libcall         +profile         +visualextra\n+cryptv          +linebreak       +python          +viminfo\n+cscope          +lispindent      -python3         +vreplace\n+cursorbind      +listcmds        +quickfix        +wildignore\n+cursorshape     +localmap        +reltime         +wildmenu\n+dialog_con      -lua             +rightleft       +windows\n+diff            +menu            -ruby            +writebackup\n+digraphs        +mksession       +scrollbind      -X11\n-dnd             +modify_fname    +signs           -xfontset\n-ebcdic          +mouse           +smartindent     -xim\n+emacs_tags      -mouseshape      -sniff           -xsmp\n+eval            +mouse_dec       +startuptime     -xterm_clipboard\n+ex_extra        +mouse_gpm       +statusline      -xterm_save\n+extra_search    -mouse_jsbterm   -sun_workshop    -xpm\n   system vimrc file: \"$VIM/vimrc\"\n     user vimrc file: \"$HOME/.vimrc\"\n 2nd user vimrc file: \"~/.vim/vimrc\"\n      user exrc file: \"$HOME/.exrc\"\n  fall-back for $VIM: \"/usr/share/vim\"\nCompilation: gcc -c -I. -Iproto -DHAVE_CONFIG_H     -g -O2 -fstack-protector --param=ssp-buffer-size=4 -Wformat -Werror=format-security -U_FORTIFY_SOURCE -D_FORTIFY_SOURCE=1      \nLinking: gcc   -Wl,-Bsymbolic-functions -Wl,-z,relro -Wl,--as-needed -o vim        -lm -ltinfo -lnsl  -lselinux  -lacl -lattr -lgpm -ldl    -L/usr/lib/python2.7/config-x86_64-linux-gnu -lpython2.7 -lpthread -ldl -lutil -lm -Xlinker -export-dynamic -Wl,-O1 -Wl,-Bsymbolic-functions      \n\u001b[34m\u001b[1miptables version\u001b[0m\niptables v1.4.21\n\u001b[34m\u001b[1mcurl version\u001b[0m\ncurl 7.35.0 (x86_64-pc-linux-gnu) libcurl/7.35.0 OpenSSL/1.0.1f zlib/1.2.8 libidn/1.28 librtmp/2.3\n\u001b[34m\u001b[1mwget version\u001b[0m\nGNU Wget 1.15 built on linux-gnu.\n\u001b[34m\u001b[1mrsync version\u001b[0m\nrsync  version 3.1.0  protocol version 31\n\u001b[34m\u001b[1mgimme version\u001b[0m\nv1.2.0\n\u001b[34m\u001b[1mnvm version\u001b[0m\n0.33.6\n\u001b[34m\u001b[1mperlbrew version\u001b[0m\n/home/travis/perl5/perlbrew/bin/perlbrew  - App::perlbrew/0.80\n\u001b[34m\u001b[1mphpenv version\u001b[0m\nrbenv 1.1.1-25-g6aa70b6\n\u001b[34m\u001b[1mrvm version\u001b[0m\nrvm 1.29.3 (latest) by Michal Papis, Piotr Kuczynski, Wayne E. Seguin [https://rvm.io]\n\u001b[34m\u001b[1mdefault ruby version\u001b[0m\nruby 2.4.1p111 (2017-03-22 revision 58053) [x86_64-linux]\n\u001b[34m\u001b[1mCouchDB version\u001b[0m\ncouchdb 1.6.1\n\u001b[34m\u001b[1mElasticSearch version\u001b[0m\n5.5.0\n\u001b[34m\u001b[1mInstalled Firefox version\u001b[0m\nfirefox 56.0.2\n\u001b[34m\u001b[1mMongoDB version\u001b[0m\nMongoDB 3.4.10\n\u001b[34m\u001b[1mPhantomJS version\u001b[0m\n2.1.1\n\u001b[34m\u001b[1mPre-installed PostgreSQL versions\u001b[0m\n9.2.24\n9.3.20\n9.4.15\n9.5.10\n9.6.6\n\u001b[34m\u001b[1mRabbitMQ Version\u001b[0m\n3.6.14\n\u001b[34m\u001b[1mRedis version\u001b[0m\nredis-server 4.0.6\n\u001b[34m\u001b[1mriak version\u001b[0m\n2.2.3\n\u001b[34m\u001b[1mPre-installed Go versions\u001b[0m\n1.7.4\n\u001b[34m\u001b[1mant version\u001b[0m\nApache Ant(TM) version 1.9.3 compiled on April 8 2014\n\u001b[34m\u001b[1mmvn version\u001b[0m\nApache Maven 3.5.2 (138edd61fd100ec658bfa2d307c43b76940a5d7d; 2017-10-18T07:58:13Z)\nMaven home: /usr/local/maven-3.5.2\nJava version: 1.8.0_151, vendor: Oracle Corporation\nJava home: /usr/lib/jvm/java-8-oracle/jre\nDefault locale: en_US, platform encoding: UTF-8\nOS name: \"linux\", version: \"4.4.0-98-generic\", arch: \"amd64\", family: \"unix\"\n\u001b[34m\u001b[1mgradle version\u001b[0m\n\n------------------------------------------------------------\nGradle 4.0.1\n------------------------------------------------------------\n\nBuild time:   2017-07-07 14:02:41 UTC\nRevision:     38e5dc0f772daecca1d2681885d3d85414eb6826\n\nGroovy:       2.4.11\nAnt:          Apache Ant(TM) version 1.9.6 compiled on June 29 2015\nJVM:          1.8.0_151 (Oracle Corporation 25.151-b12)\nOS:           Linux 4.4.0-98-generic amd64\n\n\u001b[34m\u001b[1mlein version\u001b[0m\nLeiningen 2.8.1 on Java 1.8.0_151 Java HotSpot(TM) 64-Bit Server VM\n\u001b[34m\u001b[1mPre-installed Node.js versions\u001b[0m\nv4.8.6\nv6.12.0\nv6.12.1\nv8.9\nv8.9.1\n\u001b[34m\u001b[1mphpenv versions\u001b[0m\n  system\n  5.6\n* 5.6.32 (set by /home/travis/.phpenv/version)\n  7.0\n  7.0.25\n  7.1\n  7.1.11\n  hhvm\n  hhvm-stable\n\u001b[34m\u001b[1mcomposer --version\u001b[0m\nComposer version 1.5.2 2017-09-11 16:59:25\n\u001b[34m\u001b[1mPre-installed Ruby versions\u001b[0m\nruby-2.2.7\nruby-2.3.4\nruby-2.4.1\ntravis_fold:end:system_info\n\u001b[0K\n\ntravis_fold:start:install_jdk\n\u001b[0K\u001b[33;1mInstalling oraclejdk8\u001b[0m\n$ jdk_switcher use \"oraclejdk8\"\nSwitching to Oracle JDK8 (java-8-oracle), JAVA_HOME will be set to /usr/lib/jvm/java-8-oracle\ntravis_fold:end:install_jdk\n\u001b[0K\ntravis_fold:start:git.checkout\n\u001b[0Ktravis_time:start:00993248\n\u001b[0K$ git clone --depth=50 --branch=jakew/nully/2019-02-15 https://github.com/square/retrofit.git square/retrofit\nCloning into 'square/retrofit'...\ntravis_time:end:00993248:start=1550284992736562563,finish=1550284993547082308,duration=810519745\n\u001b[0K$ cd square/retrofit\n$ git checkout -qf a5e5d6be5b40210c15a77bfd97c09a138ae1176f\ntravis_fold:end:git.checkout\n\u001b[0K\n\n\u001b[33;1mSetting environment variables from .travis.yml\u001b[0m\n$ export CI_DEPLOY_USERNAME=[secure]\n$ export CI_DEPLOY_PASSWORD=[secure]\n\ntravis_fold:start:cache.1\n\u001b[0KSetting up build cache\n$ export CASHER_DIR=${TRAVIS_HOME}/.casher\ntravis_time:start:0d12aec2\n\u001b[0K$ Installing caching utilities\ntravis_time:end:0d12aec2:start=1550284997722107151,finish=1550284997875394650,duration=153287499\n\u001b[0Ktravis_time:start:01718e30\n\u001b[0Ktravis_time:end:01718e30:start=1550284997881002501,finish=1550284997884039372,duration=3036871\n\u001b[0Ktravis_time:start:01d04800\n\u001b[0K\u001b[32;1mattempting to download cache archive\u001b[0m\n\u001b[32;1mfetching 2019-02-15/cache-linux-trusty-e3b0c44298fc1c149afbf4c8996fb92427ae41e4649b934ca495991b7852b855--jdk-oraclejdk8.tgz\u001b[0m\n\u001b[32;1mfetching 2019-02-15/cache--jdk-oraclejdk8.tgz\u001b[0m\n\u001b[32;1mfetching jakewnully2019-02-15/cache-linux-trusty-e3b0c44298fc1c149afbf4c8996fb92427ae41e4649b934ca495991b7852b855--jdk-oraclejdk8.tgz\u001b[0m\n\u001b[32;1mfetching jakewnully2019-02-15/cache--jdk-oraclejdk8.tgz\u001b[0m\n\u001b[32;1mfetching master/cache-linux-trusty-e3b0c44298fc1c149afbf4c8996fb92427ae41e4649b934ca495991b7852b855--jdk-oraclejdk8.tgz\u001b[0m\n\u001b[32;1mfound cache\u001b[0m\ntravis_time:end:01d04800:start=1550284997890051341,finish=1550285001648558495,duration=3758507154\n\u001b[0Ktravis_time:start:05e0e0cc\n\u001b[0Ktravis_time:end:05e0e0cc:start=1550285001653131676,finish=1550285001656193819,duration=3062143\n\u001b[0Ktravis_time:start:1969bc15\n\u001b[0K\u001b[32;1madding /home/travis/.m2 to cache\u001b[0m\ntravis_time:end:1969bc15:start=1550285001660569756,finish=1550285008557779832,duration=6897210076\n\u001b[0Ktravis_fold:end:cache.1\n\u001b[0K\n$ java -Xmx32m -version\njava version \"1.8.0_151\"\nJava(TM) SE Runtime Environment (build 1.8.0_151-b12)\nJava HotSpot(TM) 64-Bit Server VM (build 25.151-b12, mixed mode)\n$ javac -J-Xmx32m -version\njavac 1.8.0_151\ntravis_fold:start:install\n\u001b[0Ktravis_time:start:11c69938\n\u001b[0K$ mvn install -DskipTests=true -Dmaven.javadoc.skip=true -B -V\nApache Maven 3.5.2 (138edd61fd100ec658bfa2d307c43b76940a5d7d; 2017-10-18T07:58:13Z)\nMaven home: /usr/local/maven-3.5.2\nJava version: 1.8.0_151, vendor: Oracle Corporation\nJava home: /usr/lib/jvm/java-8-oracle/jre\nDefault locale: en_US, platform encoding: UTF-8\nOS name: \"linux\", version: \"4.4.0-101-generic\", arch: \"amd64\", family: \"unix\"\n[INFO] Scanning for projects...\n[WARNING] \n[WARNING] Some problems were encountered while building the effective model for com.squareup.retrofit2:retrofit:jar:2.5.1-SNAPSHOT\n[WARNING] 'build.plugins.plugin.version' for org.apache.maven.plugins:maven-jar-plugin is missing. @ com.squareup.retrofit2:retrofit:[unknown-version], /home/travis/build/square/retrofit/retrofit/pom.xml, line 103, column 15\n[WARNING] \n[WARNING] Some problems were encountered while building the effective model for com.squareup.retrofit2:adapter-guava:jar:2.5.1-SNAPSHOT\n[WARNING] 'build.plugins.plugin.version' for org.apache.maven.plugins:maven-jar-plugin is missing. @ com.squareup.retrofit2:adapter-guava:[unknown-version], /home/travis/build/square/retrofit/retrofit-adapters/guava/pom.xml, line 51, column 15\n[WARNING] \n[WARNING] Some problems were encountered while building the effective model for com.squareup.retrofit2:adapter-java8:jar:2.5.1-SNAPSHOT\n[WARNING] 'build.plugins.plugin.version' for org.apache.maven.plugins:maven-jar-plugin is missing. @ com.squareup.retrofit2:adapter-java8:[unknown-version], /home/travis/build/square/retrofit/retrofit-adapters/java8/pom.xml, line 68, column 15\n[WARNING] \n[WARNING] Some problems were encountered while building the effective model for com.squareup.retrofit2:adapter-rxjava:jar:2.5.1-SNAPSHOT\n[WARNING] 'build.plugins.plugin.version' for org.apache.maven.plugins:maven-jar-plugin is missing. @ com.squareup.retrofit2:adapter-rxjava:[unknown-version], /home/travis/build/square/retrofit/retrofit-adapters/rxjava/pom.xml, line 56, column 15\n[WARNING] \n[WARNING] Some problems were encountered while building the effective model for com.squareup.retrofit2:adapter-rxjava2:jar:2.5.1-SNAPSHOT\n[WARNING] 'build.plugins.plugin.version' for org.apache.maven.plugins:maven-jar-plugin is missing. @ com.squareup.retrofit2:adapter-rxjava2:[unknown-version], /home/travis/build/square/retrofit/retrofit-adapters/rxjava2/pom.xml, line 56, column 15\n[WARNING] \n[WARNING] Some problems were encountered while building the effective model for com.squareup.retrofit2:adapter-scala:jar:2.5.1-SNAPSHOT\n[WARNING] 'build.plugins.plugin.version' for org.apache.maven.plugins:maven-jar-plugin is missing. @ com.squareup.retrofit2:adapter-scala:[unknown-version], /home/travis/build/square/retrofit/retrofit-adapters/scala/pom.xml, line 72, column 15\n[WARNING] \n[WARNING] Some problems were encountered while building the effective model for com.squareup.retrofit2:converter-gson:jar:2.5.1-SNAPSHOT\n[WARNING] 'build.plugins.plugin.version' for org.apache.maven.plugins:maven-jar-plugin is missing. @ com.squareup.retrofit2:converter-gson:[unknown-version], /home/travis/build/square/retrofit/retrofit-converters/gson/pom.xml, line 51, column 15\n[WARNING] \n[WARNING] Some problems were encountered while building the effective model for com.squareup.retrofit2:converter-guava:jar:2.5.1-SNAPSHOT\n[WARNING] 'build.plugins.plugin.version' for org.apache.maven.plugins:maven-jar-plugin is missing. @ com.squareup.retrofit2:converter-guava:[unknown-version], /home/travis/build/square/retrofit/retrofit-converters/guava/pom.xml, line 51, column 15\n[WARNING] \n[WARNING] Some problems were encountered while building the effective model for com.squareup.retrofit2:converter-protobuf:jar:2.5.1-SNAPSHOT\n[WARNING] 'build.plugins.plugin.version' for org.apache.maven.plugins:maven-jar-plugin is missing. @ com.squareup.retrofit2:converter-protobuf:[unknown-version], /home/travis/build/square/retrofit/retrofit-converters/protobuf/pom.xml, line 51, column 15\n[WARNING] \n[WARNING] Some problems were encountered while building the effective model for com.squareup.retrofit2:converter-jackson:jar:2.5.1-SNAPSHOT\n[WARNING] 'build.plugins.plugin.version' for org.apache.maven.plugins:maven-jar-plugin is missing. @ com.squareup.retrofit2:converter-jackson:[unknown-version], /home/travis/build/square/retrofit/retrofit-converters/jackson/pom.xml, line 51, column 15\n[WARNING] \n[WARNING] Some problems were encountered while building the effective model for com.squareup.retrofit2:converter-java8:jar:2.5.1-SNAPSHOT\n[WARNING] 'build.plugins.plugin.version' for org.apache.maven.plugins:maven-jar-plugin is missing. @ com.squareup.retrofit2:converter-java8:[unknown-version], /home/travis/build/square/retrofit/retrofit-converters/java8/pom.xml, line 63, column 15\n[WARNING] \n[WARNING] Some problems were encountered while building the effective model for com.squareup.retrofit2:converter-wire:jar:2.5.1-SNAPSHOT\n[WARNING] 'build.plugins.plugin.version' for org.apache.maven.plugins:maven-jar-plugin is missing. @ com.squareup.retrofit2:converter-wire:[unknown-version], /home/travis/build/square/retrofit/retrofit-converters/wire/pom.xml, line 62, column 15\n[WARNING] \n[WARNING] Some problems were encountered while building the effective model for com.squareup.retrofit2:converter-simplexml:jar:2.5.1-SNAPSHOT\n[WARNING] 'build.plugins.plugin.version' for org.apache.maven.plugins:maven-jar-plugin is missing. @ com.squareup.retrofit2:converter-simplexml:[unknown-version], /home/travis/build/square/retrofit/retrofit-converters/simplexml/pom.xml, line 51, column 15\n[WARNING] \n[WARNING] Some problems were encountered while building the effective model for com.squareup.retrofit2:converter-scalars:jar:2.5.1-SNAPSHOT\n[WARNING] 'build.plugins.plugin.version' for org.apache.maven.plugins:maven-jar-plugin is missing. @ com.squareup.retrofit2:converter-scalars:[unknown-version], /home/travis/build/square/retrofit/retrofit-converters/scalars/pom.xml, line 47, column 15\n[WARNING] \n[WARNING] Some problems were encountered while building the effective model for com.squareup.retrofit2:converter-moshi:jar:2.5.1-SNAPSHOT\n[WARNING] 'build.plugins.plugin.version' for org.apache.maven.plugins:maven-jar-plugin is missing. @ com.squareup.retrofit2:converter-moshi:[unknown-version], /home/travis/build/square/retrofit/retrofit-converters/moshi/pom.xml, line 51, column 15\n[WARNING] \n[WARNING] Some problems were encountered while building the effective model for com.squareup.retrofit2:converter-jaxb:jar:2.5.1-SNAPSHOT\n[WARNING] 'build.plugins.plugin.version' for org.apache.maven.plugins:maven-jar-plugin is missing. @ com.squareup.retrofit2:converter-jaxb:[unknown-version], /home/travis/build/square/retrofit/retrofit-converters/jaxb/pom.xml, line 51, column 15\n[WARNING] \n[WARNING] Some problems were encountered while building the effective model for com.squareup.retrofit2:retrofit-mock:jar:2.5.1-SNAPSHOT\n[WARNING] 'build.plugins.plugin.version' for org.apache.maven.plugins:maven-jar-plugin is missing. @ com.squareup.retrofit2:retrofit-mock:[unknown-version], /home/travis/build/square/retrofit/retrofit-mock/pom.xml, line 47, column 15\n[WARNING] \n[WARNING] Some problems were encountered while building the effective model for com.squareup.retrofit2:samples:jar:2.5.1-SNAPSHOT\n[WARNING] 'build.plugins.plugin.version' for org.apache.maven.plugins:maven-deploy-plugin is missing. @ com.squareup.retrofit2:samples:[unknown-version], /home/travis/build/square/retrofit/samples/pom.xml, line 70, column 15\n[WARNING] \n[WARNING] It is highly recommended to fix these problems because they threaten the stability of your build.\n[WARNING] \n[WARNING] For this reason, future Maven versions might no longer support building such malformed projects.\n[WARNING] \n[INFO] ------------------------------------------------------------------------\n[INFO] Reactor Build Order:\n[INFO] \n[INFO] Retrofit (Parent)\n[INFO] Retrofit\n[INFO] Adapters\n[INFO] Adapter: Guava\n[INFO] Adapter: Java 8\n[INFO] Adapter: RxJava\n[INFO] Adapter: RxJava 2\n[INFO] Adapter: Scala\n[INFO] Converters\n[INFO] Converter: Gson\n[INFO] Converter: Guava\n[INFO] Converter: Protocol Buffers\n[INFO] Converter: Jackson\n[INFO] Converter: Java 8\n[INFO] Converter: Wire Protocol Buffers\n[INFO] Converter: SimpleXML\n[INFO] Converter: Java Scalars\n[INFO] Converter: Moshi\n[INFO] Converter: JAXB\n[INFO] Retrofit Mock Adapter\n[INFO] Samples\n[INFO] \n[INFO] ------------------------------------------------------------------------\n[INFO] Building Retrofit (Parent) 2.5.1-SNAPSHOT\n[INFO] ------------------------------------------------------------------------\n[INFO] \n[INFO] --- maven-enforcer-plugin:1.0:enforce (enforce-maven) @ parent ---\n[INFO] \n[INFO] --- animal-sniffer-maven-plugin:1.14:check (default) @ parent ---\n[INFO] Checking unresolved references to org.codehaus.mojo.signature:java16:1.1\n[INFO] \n[INFO] --- maven-javadoc-plugin:2.10.3:jar (attach-javadocs) @ parent ---\n[INFO] Skipping javadoc generation\n[INFO] \n[INFO] --- maven-checkstyle-plugin:2.17:checkstyle (default) @ parent ---\n[INFO] \n[INFO] --- maven-install-plugin:2.4:install (default-install) @ parent ---\n[INFO] Installing /home/travis/build/square/retrofit/pom.xml to /home/travis/.m2/repository/com/squareup/retrofit2/parent/2.5.1-SNAPSHOT/parent-2.5.1-SNAPSHOT.pom\n[INFO] \n[INFO] ------------------------------------------------------------------------\n[INFO] Building Retrofit 2.5.1-SNAPSHOT\n[INFO] ------------------------------------------------------------------------\n[INFO] \n[INFO] --- maven-enforcer-plugin:1.0:enforce (enforce-maven) @ retrofit ---\n[INFO] \n[INFO] --- kotlin-maven-plugin:1.3.10:compile (compile) @ retrofit ---\n[INFO] \n[INFO] --- maven-resources-plugin:2.6:resources (default-resources) @ retrofit ---\n[INFO] Using 'UTF-8' encoding to copy filtered resources.\n[INFO] Copying 1 resource\n[INFO] \n[INFO] --- maven-compiler-plugin:3.6.1:compile (default-compile) @ retrofit ---\n[INFO] Changes detected - recompiling the module!\n[INFO] Compiling 48 source files to /home/travis/build/square/retrofit/retrofit/target/classes\nNote: Some input files use unchecked or unsafe operations.\nNote: Recompile with -Xlint:unchecked for details.\n[INFO] \n[INFO] --- maven-resources-plugin:2.6:testResources (default-testResources) @ retrofit ---\n[INFO] Using 'UTF-8' encoding to copy filtered resources.\n[INFO] skip non existing resourceDirectory /home/travis/build/square/retrofit/retrofit/src/test/resources\n[INFO] \n[INFO] --- maven-compiler-plugin:3.6.1:testCompile (default-testCompile) @ retrofit ---\n[INFO] Changes detected - recompiling the module!\n[INFO] Compiling 26 source files to /home/travis/build/square/retrofit/retrofit/target/test-classes\nNote: /home/travis/build/square/retrofit/retrofit/src/test/java/retrofit2/RetrofitTest.java uses unchecked or unsafe operations.\nNote: Recompile with -Xlint:unchecked for details.\n[INFO] \n[INFO] --- kotlin-maven-plugin:1.3.10:test-compile (test-compile) @ retrofit ---\n[INFO] \n[INFO] --- maven-surefire-plugin:2.12.4:test (default-test) @ retrofit ---\n[INFO] Tests are skipped.\n[INFO] \n[INFO] --- animal-sniffer-maven-plugin:1.14:check (default) @ retrofit ---\n[INFO] Checking unresolved references to org.codehaus.mojo.signature:java16:1.1\n[INFO] \n[INFO] --- maven-jar-plugin:2.4:jar (default-jar) @ retrofit ---\n[INFO] Building jar: /home/travis/build/square/retrofit/retrofit/target/retrofit-2.5.1-SNAPSHOT.jar\n[INFO] \n[INFO] --- maven-javadoc-plugin:2.10.4:jar (attach-javadocs) @ retrofit ---\n[INFO] Skipping javadoc generation\n[INFO] \n[INFO] --- maven-checkstyle-plugin:2.17:checkstyle (default) @ retrofit ---\n[INFO] Starting audit...\nAudit done.\n[WARNING] Unable to locate Source XRef to link to - DISABLED\n[INFO] \n[INFO] --- maven-install-plugin:2.4:install (default-install) @ retrofit ---\n[INFO] Installing /home/travis/build/square/retrofit/retrofit/target/retrofit-2.5.1-SNAPSHOT.jar to /home/travis/.m2/repository/com/squareup/retrofit2/retrofit/2.5.1-SNAPSHOT/retrofit-2.5.1-SNAPSHOT.jar\n[INFO] Installing /home/travis/build/square/retrofit/retrofit/pom.xml to /home/travis/.m2/repository/com/squareup/retrofit2/retrofit/2.5.1-SNAPSHOT/retrofit-2.5.1-SNAPSHOT.pom\n[INFO] \n[INFO] ------------------------------------------------------------------------\n[INFO] Building Adapters 2.5.1-SNAPSHOT\n[INFO] ------------------------------------------------------------------------\n[INFO] \n[INFO] --- maven-enforcer-plugin:1.0:enforce (enforce-maven) @ retrofit-adapters ---\n[INFO] \n[INFO] --- animal-sniffer-maven-plugin:1.14:check (default) @ retrofit-adapters ---\n[INFO] Checking unresolved references to org.codehaus.mojo.signature:java16:1.1\n[INFO] \n[INFO] --- maven-javadoc-plugin:2.10.3:jar (attach-javadocs) @ retrofit-adapters ---\n[INFO] Skipping javadoc generation\n[INFO] \n[INFO] --- maven-checkstyle-plugin:2.17:checkstyle (default) @ retrofit-adapters ---\n[INFO] \n[INFO] --- maven-install-plugin:2.4:install (default-install) @ retrofit-adapters ---\n[INFO] Installing /home/travis/build/square/retrofit/retrofit-adapters/pom.xml to /home/travis/.m2/repository/com/squareup/retrofit2/retrofit-adapters/2.5.1-SNAPSHOT/retrofit-adapters-2.5.1-SNAPSHOT.pom\n[INFO] \n[INFO] ------------------------------------------------------------------------\n[INFO] Building Adapter: Guava 2.5.1-SNAPSHOT\n[INFO] ------------------------------------------------------------------------\n[INFO] \n[INFO] --- maven-enforcer-plugin:1.0:enforce (enforce-maven) @ adapter-guava ---\n[INFO] \n[INFO] --- maven-resources-plugin:2.6:resources (default-resources) @ adapter-guava ---\n[INFO] Using 'UTF-8' encoding to copy filtered resources.\n[INFO] skip non existing resourceDirectory /home/travis/build/square/retrofit/retrofit-adapters/guava/src/main/resources\n[INFO] \n[INFO] --- maven-compiler-plugin:3.6.1:compile (default-compile) @ adapter-guava ---\n[INFO] Changes detected - recompiling the module!\n[INFO] Compiling 3 source files to /home/travis/build/square/retrofit/retrofit-adapters/guava/target/classes\nNote: /home/travis/build/square/retrofit/retrofit-adapters/guava/src/main/java/retrofit2/adapter/guava/GuavaCallAdapterFactory.java uses or overrides a deprecated API.\nNote: Recompile with -Xlint:deprecation for details.\n[INFO] \n[INFO] --- maven-resources-plugin:2.6:testResources (default-testResources) @ adapter-guava ---\n[INFO] Using 'UTF-8' encoding to copy filtered resources.\n[INFO] skip non existing resourceDirectory /home/travis/build/square/retrofit/retrofit-adapters/guava/src/test/resources\n[INFO] \n[INFO] --- maven-compiler-plugin:3.6.1:testCompile (default-testCompile) @ adapter-guava ---\n[INFO] Changes detected - recompiling the module!\n[INFO] Compiling 3 source files to /home/travis/build/square/retrofit/retrofit-adapters/guava/target/test-classes\nNote: /home/travis/build/square/retrofit/retrofit-adapters/guava/src/test/java/retrofit2/adapter/guava/ListenableFutureTest.java uses or overrides a deprecated API.\nNote: Recompile with -Xlint:deprecation for details.\n[INFO] \n[INFO] --- maven-surefire-plugin:2.12.4:test (default-test) @ adapter-guava ---\n[INFO] Tests are skipped.\n[INFO] \n[INFO] --- animal-sniffer-maven-plugin:1.14:check (default) @ adapter-guava ---\n[INFO] Checking unresolved references to org.codehaus.mojo.signature:java16:1.1\n[INFO] \n[INFO] --- maven-jar-plugin:2.4:jar (default-jar) @ adapter-guava ---\n[INFO] Building jar: /home/travis/build/square/retrofit/retrofit-adapters/guava/target/adapter-guava-2.5.1-SNAPSHOT.jar\n[INFO] \n[INFO] --- maven-javadoc-plugin:2.10.3:jar (attach-javadocs) @ adapter-guava ---\n[INFO] Skipping javadoc generation\n[INFO] \n[INFO] --- maven-checkstyle-plugin:2.17:checkstyle (default) @ adapter-guava ---\n[INFO] Starting audit...\nAudit done.\n[WARNING] Unable to locate Source XRef to link to - DISABLED\n[INFO] \n[INFO] --- maven-install-plugin:2.4:install (default-install) @ adapter-guava ---\n[INFO] Installing /home/travis/build/square/retrofit/retrofit-adapters/guava/target/adapter-guava-2.5.1-SNAPSHOT.jar to /home/travis/.m2/repository/com/squareup/retrofit2/adapter-guava/2.5.1-SNAPSHOT/adapter-guava-2.5.1-SNAPSHOT.jar\n[INFO] Installing /home/travis/build/square/retrofit/retrofit-adapters/guava/pom.xml to /home/travis/.m2/repository/com/squareup/retrofit2/adapter-guava/2.5.1-SNAPSHOT/adapter-guava-2.5.1-SNAPSHOT.pom\n[INFO] \n[INFO] ------------------------------------------------------------------------\n[INFO] Building Adapter: Java 8 2.5.1-SNAPSHOT\n[INFO] ------------------------------------------------------------------------\n[INFO] \n[INFO] --- maven-enforcer-plugin:1.0:enforce (enforce-maven) @ adapter-java8 ---\n[INFO] \n[INFO] --- maven-resources-plugin:2.6:resources (default-resources) @ adapter-java8 ---\n[INFO] Using 'UTF-8' encoding to copy filtered resources.\n[INFO] skip non existing resourceDirectory /home/travis/build/square/retrofit/retrofit-adapters/java8/src/main/resources\n[INFO] \n[INFO] --- maven-compiler-plugin:3.6.1:compile (default-compile) @ adapter-java8 ---\n[INFO] Changes detected - recompiling the module!\n[INFO] Compiling 3 source files to /home/travis/build/square/retrofit/retrofit-adapters/java8/target/classes\n[INFO] \n[INFO] --- maven-resources-plugin:2.6:testResources (default-testResources) @ adapter-java8 ---\n[INFO] Using 'UTF-8' encoding to copy filtered resources.\n[INFO] skip non existing resourceDirectory /home/travis/build/square/retrofit/retrofit-adapters/java8/src/test/resources\n[INFO] \n[INFO] --- maven-compiler-plugin:3.6.1:testCompile (default-testCompile) @ adapter-java8 ---\n[INFO] Changes detected - recompiling the module!\n[INFO] Compiling 3 source files to /home/travis/build/square/retrofit/retrofit-adapters/java8/target/test-classes\nNote: Some input files use or override a deprecated API.\nNote: Recompile with -Xlint:deprecation for details.\n[INFO] \n[INFO] --- maven-surefire-plugin:2.12.4:test (default-test) @ adapter-java8 ---\n[INFO] Tests are skipped.\n[INFO] \n[INFO] --- animal-sniffer-maven-plugin:1.14:check (default) @ adapter-java8 ---\n[INFO] Checking unresolved references to org.kaazing.mojo.signature:java18:1.0\n[INFO] \n[INFO] --- maven-jar-plugin:2.4:jar (default-jar) @ adapter-java8 ---\n[INFO] Building jar: /home/travis/build/square/retrofit/retrofit-adapters/java8/target/adapter-java8-2.5.1-SNAPSHOT.jar\n[INFO] \n[INFO] --- maven-javadoc-plugin:2.10.3:jar (attach-javadocs) @ adapter-java8 ---\n[INFO] Skipping javadoc generation\n[INFO] \n[INFO] --- maven-checkstyle-plugin:2.17:checkstyle (default) @ adapter-java8 ---\n[INFO] Starting audit...\nAudit done.\n[WARNING] Unable to locate Source XRef to link to - DISABLED\n[INFO] \n[INFO] --- maven-install-plugin:2.4:install (default-install) @ adapter-java8 ---\n[INFO] Installing /home/travis/build/square/retrofit/retrofit-adapters/java8/target/adapter-java8-2.5.1-SNAPSHOT.jar to /home/travis/.m2/repository/com/squareup/retrofit2/adapter-java8/2.5.1-SNAPSHOT/adapter-java8-2.5.1-SNAPSHOT.jar\n[INFO] Installing /home/travis/build/square/retrofit/retrofit-adapters/java8/pom.xml to /home/travis/.m2/repository/com/squareup/retrofit2/adapter-java8/2.5.1-SNAPSHOT/adapter-java8-2.5.1-SNAPSHOT.pom\n[INFO] \n[INFO] ------------------------------------------------------------------------\n[INFO] Building Adapter: RxJava 2.5.1-SNAPSHOT\n[INFO] ------------------------------------------------------------------------\n[INFO] \n[INFO] --- maven-enforcer-plugin:1.0:enforce (enforce-maven) @ adapter-rxjava ---\n[INFO] \n[INFO] --- maven-resources-plugin:2.6:resources (default-resources) @ adapter-rxjava ---\n[INFO] Using 'UTF-8' encoding to copy filtered resources.\n[INFO] skip non existing resourceDirectory /home/travis/build/square/retrofit/retrofit-adapters/rxjava/src/main/resources\n[INFO] \n[INFO] --- maven-compiler-plugin:3.6.1:compile (default-compile) @ adapter-rxjava ---\n[INFO] Changes detected - recompiling the module!\n[INFO] Compiling 10 source files to /home/travis/build/square/retrofit/retrofit-adapters/rxjava/target/classes\nNote: Some input files use or override a deprecated API.\nNote: Recompile with -Xlint:deprecation for details.\n[INFO] \n[INFO] --- maven-resources-plugin:2.6:testResources (default-testResources) @ adapter-rxjava ---\n[INFO] Using 'UTF-8' encoding to copy filtered resources.\n[INFO] skip non existing resourceDirectory /home/travis/build/square/retrofit/retrofit-adapters/rxjava/src/test/resources\n[INFO] \n[INFO] --- maven-compiler-plugin:3.6.1:testCompile (default-testCompile) @ adapter-rxjava ---\n[INFO] Changes detected - recompiling the module!\n[INFO] Compiling 19 source files to /home/travis/build/square/retrofit/retrofit-adapters/rxjava/target/test-classes\nNote: Some input files use or override a deprecated API.\nNote: Recompile with -Xlint:deprecation for details.\n[INFO] \n[INFO] --- maven-surefire-plugin:2.12.4:test (default-test) @ adapter-rxjava ---\n[INFO] Tests are skipped.\n[INFO] \n[INFO] --- animal-sniffer-maven-plugin:1.14:check (default) @ adapter-rxjava ---\n[INFO] Checking unresolved references to org.codehaus.mojo.signature:java16:1.1\n[INFO] \n[INFO] --- maven-jar-plugin:2.4:jar (default-jar) @ adapter-rxjava ---\n[INFO] Building jar: /home/travis/build/square/retrofit/retrofit-adapters/rxjava/target/adapter-rxjava-2.5.1-SNAPSHOT.jar\n[INFO] \n[INFO] --- maven-javadoc-plugin:2.10.3:jar (attach-javadocs) @ adapter-rxjava ---\n[INFO] Skipping javadoc generation\n[INFO] \n[INFO] --- maven-checkstyle-plugin:2.17:checkstyle (default) @ adapter-rxjava ---\n[INFO] Starting audit...\nAudit done.\n[WARNING] Unable to locate Source XRef to link to - DISABLED\n[INFO] \n[INFO] --- maven-install-plugin:2.4:install (default-install) @ adapter-rxjava ---\n[INFO] Installing /home/travis/build/square/retrofit/retrofit-adapters/rxjava/target/adapter-rxjava-2.5.1-SNAPSHOT.jar to /home/travis/.m2/repository/com/squareup/retrofit2/adapter-rxjava/2.5.1-SNAPSHOT/adapter-rxjava-2.5.1-SNAPSHOT.jar\n[INFO] Installing /home/travis/build/square/retrofit/retrofit-adapters/rxjava/pom.xml to /home/travis/.m2/repository/com/squareup/retrofit2/adapter-rxjava/2.5.1-SNAPSHOT/adapter-rxjava-2.5.1-SNAPSHOT.pom\n[INFO] \n[INFO] ------------------------------------------------------------------------\n[INFO] Building Adapter: RxJava 2 2.5.1-SNAPSHOT\n[INFO] ------------------------------------------------------------------------\n[INFO] \n[INFO] --- maven-enforcer-plugin:1.0:enforce (enforce-maven) @ adapter-rxjava2 ---\n[INFO] \n[INFO] --- maven-resources-plugin:2.6:resources (default-resources) @ adapter-rxjava2 ---\n[INFO] Using 'UTF-8' encoding to copy filtered resources.\n[INFO] skip non existing resourceDirectory /home/travis/build/square/retrofit/retrofit-adapters/rxjava2/src/main/resources\n[INFO] \n[INFO] --- maven-compiler-plugin:3.6.1:compile (default-compile) @ adapter-rxjava2 ---\n[INFO] Changes detected - recompiling the module!\n[INFO] Compiling 9 source files to /home/travis/build/square/retrofit/retrofit-adapters/rxjava2/target/classes\nNote: /home/travis/build/square/retrofit/retrofit-adapters/rxjava2/src/main/java/retrofit2/adapter/rxjava2/BodyObservable.java uses or overrides a deprecated API.\nNote: Recompile with -Xlint:deprecation for details.\n[INFO] \n[INFO] --- maven-resources-plugin:2.6:testResources (default-testResources) @ adapter-rxjava2 ---\n[INFO] Using 'UTF-8' encoding to copy filtered resources.\n[INFO] skip non existing resourceDirectory /home/travis/build/square/retrofit/retrofit-adapters/rxjava2/src/test/resources\n[INFO] \n[INFO] --- maven-compiler-plugin:3.6.1:testCompile (default-testCompile) @ adapter-rxjava2 ---\n[INFO] Changes detected - recompiling the module!\n[INFO] Compiling 27 source files to /home/travis/build/square/retrofit/retrofit-adapters/rxjava2/target/test-classes\nNote: Some input files use or override a deprecated API.\nNote: Recompile with -Xlint:deprecation for details.\n[INFO] \n[INFO] --- maven-surefire-plugin:2.12.4:test (default-test) @ adapter-rxjava2 ---\n[INFO] Tests are skipped.\n[INFO] \n[INFO] --- animal-sniffer-maven-plugin:1.14:check (default) @ adapter-rxjava2 ---\n[INFO] Checking unresolved references to org.codehaus.mojo.signature:java16:1.1\n[INFO] \n[INFO] --- maven-jar-plugin:2.4:jar (default-jar) @ adapter-rxjava2 ---\n[INFO] Building jar: /home/travis/build/square/retrofit/retrofit-adapters/rxjava2/target/adapter-rxjava2-2.5.1-SNAPSHOT.jar\n[INFO] \n[INFO] --- maven-javadoc-plugin:2.10.3:jar (attach-javadocs) @ adapter-rxjava2 ---\n[INFO] Skipping javadoc generation\n[INFO] \n[INFO] --- maven-checkstyle-plugin:2.17:checkstyle (default) @ adapter-rxjava2 ---\n[INFO] Starting audit...\nAudit done.\n[WARNING] Unable to locate Source XRef to link to - DISABLED\n[INFO] \n[INFO] --- maven-install-plugin:2.4:install (default-install) @ adapter-rxjava2 ---\n[INFO] Installing /home/travis/build/square/retrofit/retrofit-adapters/rxjava2/target/adapter-rxjava2-2.5.1-SNAPSHOT.jar to /home/travis/.m2/repository/com/squareup/retrofit2/adapter-rxjava2/2.5.1-SNAPSHOT/adapter-rxjava2-2.5.1-SNAPSHOT.jar\n[INFO] Installing /home/travis/build/square/retrofit/retrofit-adapters/rxjava2/pom.xml to /home/travis/.m2/repository/com/squareup/retrofit2/adapter-rxjava2/2.5.1-SNAPSHOT/adapter-rxjava2-2.5.1-SNAPSHOT.pom\n[INFO] \n[INFO] ------------------------------------------------------------------------\n[INFO] Building Adapter: Scala 2.5.1-SNAPSHOT\n[INFO] ------------------------------------------------------------------------\n[INFO] \n[INFO] --- maven-enforcer-plugin:1.0:enforce (enforce-maven) @ adapter-scala ---\n[INFO] \n[INFO] --- maven-resources-plugin:2.6:resources (default-resources) @ adapter-scala ---\n[INFO] Using 'UTF-8' encoding to copy filtered resources.\n[INFO] skip non existing resourceDirectory /home/travis/build/square/retrofit/retrofit-adapters/scala/src/main/resources\n[INFO] \n[INFO] --- maven-compiler-plugin:3.6.1:compile (default-compile) @ adapter-scala ---\n[INFO] Changes detected - recompiling the module!\n[INFO] Compiling 4 source files to /home/travis/build/square/retrofit/retrofit-adapters/scala/target/classes\n[INFO] \n[INFO] --- maven-resources-plugin:2.6:testResources (default-testResources) @ adapter-scala ---\n[INFO] Using 'UTF-8' encoding to copy filtered resources.\n[INFO] skip non existing resourceDirectory /home/travis/build/square/retrofit/retrofit-adapters/scala/src/test/resources\n[INFO] \n[INFO] --- maven-compiler-plugin:3.6.1:testCompile (default-testCompile) @ adapter-scala ---\n[INFO] Changes detected - recompiling the module!\n[INFO] Compiling 3 source files to /home/travis/build/square/retrofit/retrofit-adapters/scala/target/test-classes\n[INFO] \n[INFO] --- maven-surefire-plugin:2.12.4:test (default-test) @ adapter-scala ---\n[INFO] Tests are skipped.\n[INFO] \n[INFO] --- animal-sniffer-maven-plugin:1.14:check (default) @ adapter-scala ---\n[INFO] Checking unresolved references to org.kaazing.mojo.signature:java18:1.0\n[INFO] \n[INFO] --- maven-jar-plugin:2.4:jar (default-jar) @ adapter-scala ---\n[INFO] Building jar: /home/travis/build/square/retrofit/retrofit-adapters/scala/target/adapter-scala-2.5.1-SNAPSHOT.jar\n[INFO] \n[INFO] --- maven-javadoc-plugin:2.10.3:jar (attach-javadocs) @ adapter-scala ---\n[INFO] Skipping javadoc generation\n[INFO] \n[INFO] --- maven-checkstyle-plugin:2.17:checkstyle (default) @ adapter-scala ---\n[INFO] Starting audit...\nAudit done.\n[WARNING] Unable to locate Source XRef to link to - DISABLED\n[INFO] \n[INFO] --- maven-install-plugin:2.4:install (default-install) @ adapter-scala ---\n[INFO] Installing /home/travis/build/square/retrofit/retrofit-adapters/scala/target/adapter-scala-2.5.1-SNAPSHOT.jar to /home/travis/.m2/repository/com/squareup/retrofit2/adapter-scala/2.5.1-SNAPSHOT/adapter-scala-2.5.1-SNAPSHOT.jar\n[INFO] Installing /home/travis/build/square/retrofit/retrofit-adapters/scala/pom.xml to /home/travis/.m2/repository/com/squareup/retrofit2/adapter-scala/2.5.1-SNAPSHOT/adapter-scala-2.5.1-SNAPSHOT.pom\n[INFO] \n[INFO] ------------------------------------------------------------------------\n[INFO] Building Converters 2.5.1-SNAPSHOT\n[INFO] ------------------------------------------------------------------------\n[INFO] \n[INFO] --- maven-enforcer-plugin:1.0:enforce (enforce-maven) @ retrofit-converters ---\n[INFO] \n[INFO] --- animal-sniffer-maven-plugin:1.14:check (default) @ retrofit-converters ---\n[INFO] Checking unresolved references to org.codehaus.mojo.signature:java16:1.1\n[INFO] \n[INFO] --- maven-javadoc-plugin:2.10.3:jar (attach-javadocs) @ retrofit-converters ---\n[INFO] Skipping javadoc generation\n[INFO] \n[INFO] --- maven-checkstyle-plugin:2.17:checkstyle (default) @ retrofit-converters ---\n[INFO] \n[INFO] --- maven-install-plugin:2.4:install (default-install) @ retrofit-converters ---\n[INFO] Installing /home/travis/build/square/retrofit/retrofit-converters/pom.xml to /home/travis/.m2/repository/com/squareup/retrofit2/retrofit-converters/2.5.1-SNAPSHOT/retrofit-converters-2.5.1-SNAPSHOT.pom\n[INFO] \n[INFO] ------------------------------------------------------------------------\n[INFO] Building Converter: Gson 2.5.1-SNAPSHOT\n[INFO] ------------------------------------------------------------------------\n[INFO] \n[INFO] --- maven-enforcer-plugin:1.0:enforce (enforce-maven) @ converter-gson ---\n[INFO] \n[INFO] --- maven-resources-plugin:2.6:resources (default-resources) @ converter-gson ---\n[INFO] Using 'UTF-8' encoding to copy filtered resources.\n[INFO] skip non existing resourceDirectory /home/travis/build/square/retrofit/retrofit-converters/gson/src/main/resources\n[INFO] \n[INFO] --- maven-compiler-plugin:3.6.1:compile (default-compile) @ converter-gson ---\n[INFO] Changes detected - recompiling the module!\n[INFO] Compiling 4 source files to /home/travis/build/square/retrofit/retrofit-converters/gson/target/classes\n[INFO] \n[INFO] --- maven-resources-plugin:2.6:testResources (default-testResources) @ converter-gson ---\n[INFO] Using 'UTF-8' encoding to copy filtered resources.\n[INFO] skip non existing resourceDirectory /home/travis/build/square/retrofit/retrofit-converters/gson/src/test/resources\n[INFO] \n[INFO] --- maven-compiler-plugin:3.6.1:testCompile (default-testCompile) @ converter-gson ---\n[INFO] Changes detected - recompiling the module!\n[INFO] Compiling 1 source file to /home/travis/build/square/retrofit/retrofit-converters/gson/target/test-classes\n[INFO] \n[INFO] --- maven-surefire-plugin:2.12.4:test (default-test) @ converter-gson ---\n[INFO] Tests are skipped.\n[INFO] \n[INFO] --- animal-sniffer-maven-plugin:1.14:check (default) @ converter-gson ---\n[INFO] Checking unresolved references to org.codehaus.mojo.signature:java16:1.1\n[INFO] \n[INFO] --- maven-jar-plugin:2.4:jar (default-jar) @ converter-gson ---\n[INFO] Building jar: /home/travis/build/square/retrofit/retrofit-converters/gson/target/converter-gson-2.5.1-SNAPSHOT.jar\n[INFO] \n[INFO] --- maven-javadoc-plugin:2.10.3:jar (attach-javadocs) @ converter-gson ---\n[INFO] Skipping javadoc generation\n[INFO] \n[INFO] --- maven-checkstyle-plugin:2.17:checkstyle (default) @ converter-gson ---\n[INFO] Starting audit...\nAudit done.\n[WARNING] Unable to locate Source XRef to link to - DISABLED\n[INFO] \n[INFO] --- maven-install-plugin:2.4:install (default-install) @ converter-gson ---\n[INFO] Installing /home/travis/build/square/retrofit/retrofit-converters/gson/target/converter-gson-2.5.1-SNAPSHOT.jar to /home/travis/.m2/repository/com/squareup/retrofit2/converter-gson/2.5.1-SNAPSHOT/converter-gson-2.5.1-SNAPSHOT.jar\n[INFO] Installing /home/travis/build/square/retrofit/retrofit-converters/gson/pom.xml to /home/travis/.m2/repository/com/squareup/retrofit2/converter-gson/2.5.1-SNAPSHOT/converter-gson-2.5.1-SNAPSHOT.pom\n[INFO] \n[INFO] ------------------------------------------------------------------------\n[INFO] Building Converter: Guava 2.5.1-SNAPSHOT\n[INFO] ------------------------------------------------------------------------\n[INFO] \n[INFO] --- maven-enforcer-plugin:1.0:enforce (enforce-maven) @ converter-guava ---\n[INFO] \n[INFO] --- maven-resources-plugin:2.6:resources (default-resources) @ converter-guava ---\n[INFO] Using 'UTF-8' encoding to copy filtered resources.\n[INFO] skip non existing resourceDirectory /home/travis/build/square/retrofit/retrofit-converters/guava/src/main/resources\n[INFO] \n[INFO] --- maven-compiler-plugin:3.6.1:compile (default-compile) @ converter-guava ---\n[INFO] Changes detected - recompiling the module!\n[INFO] Compiling 3 source files to /home/travis/build/square/retrofit/retrofit-converters/guava/target/classes\n[INFO] \n[INFO] --- maven-resources-plugin:2.6:testResources (default-testResources) @ converter-guava ---\n[INFO] Using 'UTF-8' encoding to copy filtered resources.\n[INFO] skip non existing resourceDirectory /home/travis/build/square/retrofit/retrofit-converters/guava/src/test/resources\n[INFO] \n[INFO] --- maven-compiler-plugin:3.6.1:testCompile (default-testCompile) @ converter-guava ---\n[INFO] Changes detected - recompiling the module!\n[INFO] Compiling 2 source files to /home/travis/build/square/retrofit/retrofit-converters/guava/target/test-classes\n[INFO] \n[INFO] --- maven-surefire-plugin:2.12.4:test (default-test) @ converter-guava ---\n[INFO] Tests are skipped.\n[INFO] \n[INFO] --- animal-sniffer-maven-plugin:1.14:check (default) @ converter-guava ---\n[INFO] Checking unresolved references to org.codehaus.mojo.signature:java16:1.1\n[INFO] \n[INFO] --- maven-jar-plugin:2.4:jar (default-jar) @ converter-guava ---\n[INFO] Building jar: /home/travis/build/square/retrofit/retrofit-converters/guava/target/converter-guava-2.5.1-SNAPSHOT.jar\n[INFO] \n[INFO] --- maven-javadoc-plugin:2.10.3:jar (attach-javadocs) @ converter-guava ---\n[INFO] Skipping javadoc generation\n[INFO] \n[INFO] --- maven-checkstyle-plugin:2.17:checkstyle (default) @ converter-guava ---\n[INFO] Starting audit...\nAudit done.\n[WARNING] Unable to locate Source XRef to link to - DISABLED\n[INFO] \n[INFO] --- maven-install-plugin:2.4:install (default-install) @ converter-guava ---\n[INFO] Installing /home/travis/build/square/retrofit/retrofit-converters/guava/target/converter-guava-2.5.1-SNAPSHOT.jar to /home/travis/.m2/repository/com/squareup/retrofit2/converter-guava/2.5.1-SNAPSHOT/converter-guava-2.5.1-SNAPSHOT.jar\n[INFO] Installing /home/travis/build/square/retrofit/retrofit-converters/guava/pom.xml to /home/travis/.m2/repository/com/squareup/retrofit2/converter-guava/2.5.1-SNAPSHOT/converter-guava-2.5.1-SNAPSHOT.pom\n[INFO] \n[INFO] ------------------------------------------------------------------------\n[INFO] Building Converter: Protocol Buffers 2.5.1-SNAPSHOT\n[INFO] ------------------------------------------------------------------------\n[INFO] \n[INFO] --- maven-enforcer-plugin:1.0:enforce (enforce-maven) @ converter-protobuf ---\n[INFO] \n[INFO] --- maven-resources-plugin:2.6:resources (default-resources) @ converter-protobuf ---\n[INFO] Using 'UTF-8' encoding to copy filtered resources.\n[INFO] skip non existing resourceDirectory /home/travis/build/square/retrofit/retrofit-converters/protobuf/src/main/resources\n[INFO] \n[INFO] --- maven-compiler-plugin:3.6.1:compile (default-compile) @ converter-protobuf ---\n[INFO] Changes detected - recompiling the module!\n[INFO] Compiling 4 source files to /home/travis/build/square/retrofit/retrofit-converters/protobuf/target/classes\nNote: /home/travis/build/square/retrofit/retrofit-converters/protobuf/src/main/java/retrofit2/converter/protobuf/ProtoConverterFactory.java uses unchecked or unsafe operations.\nNote: Recompile with -Xlint:unchecked for details.\n[INFO] \n[INFO] --- maven-resources-plugin:2.6:testResources (default-testResources) @ converter-protobuf ---\n[INFO] Using 'UTF-8' encoding to copy filtered resources.\n[INFO] skip non existing resourceDirectory /home/travis/build/square/retrofit/retrofit-converters/protobuf/src/test/resources\n[INFO] \n[INFO] --- maven-compiler-plugin:3.6.1:testCompile (default-testCompile) @ converter-protobuf ---\n[INFO] Changes detected - recompiling the module!\n[INFO] Compiling 3 source files to /home/travis/build/square/retrofit/retrofit-converters/protobuf/target/test-classes\n[INFO] \n[INFO] --- maven-surefire-plugin:2.12.4:test (default-test) @ converter-protobuf ---\n[INFO] Tests are skipped.\n[INFO] \n[INFO] --- animal-sniffer-maven-plugin:1.14:check (default) @ converter-protobuf ---\n[INFO] Checking unresolved references to org.codehaus.mojo.signature:java16:1.1\n[INFO] \n[INFO] --- maven-jar-plugin:2.4:jar (default-jar) @ converter-protobuf ---\n[INFO] Building jar: /home/travis/build/square/retrofit/retrofit-converters/protobuf/target/converter-protobuf-2.5.1-SNAPSHOT.jar\n[INFO] \n[INFO] --- maven-javadoc-plugin:2.10.3:jar (attach-javadocs) @ converter-protobuf ---\n[INFO] Skipping javadoc generation\n[INFO] \n[INFO] --- maven-checkstyle-plugin:2.17:checkstyle (default) @ converter-protobuf ---\n[INFO] Starting audit...\nAudit done.\n[WARNING] Unable to locate Source XRef to link to - DISABLED\n[INFO] \n[INFO] --- maven-install-plugin:2.4:install (default-install) @ converter-protobuf ---\n[INFO] Installing /home/travis/build/square/retrofit/retrofit-converters/protobuf/target/converter-protobuf-2.5.1-SNAPSHOT.jar to /home/travis/.m2/repository/com/squareup/retrofit2/converter-protobuf/2.5.1-SNAPSHOT/converter-protobuf-2.5.1-SNAPSHOT.jar\n[INFO] Installing /home/travis/build/square/retrofit/retrofit-converters/protobuf/pom.xml to /home/travis/.m2/repository/com/squareup/retrofit2/converter-protobuf/2.5.1-SNAPSHOT/converter-protobuf-2.5.1-SNAPSHOT.pom\n[INFO] \n[INFO] ------------------------------------------------------------------------\n[INFO] Building Converter: Jackson 2.5.1-SNAPSHOT\n[INFO] ------------------------------------------------------------------------\n[INFO] \n[INFO] --- maven-enforcer-plugin:1.0:enforce (enforce-maven) @ converter-jackson ---\n[INFO] \n[INFO] --- maven-resources-plugin:2.6:resources (default-resources) @ converter-jackson ---\n[INFO] Using 'UTF-8' encoding to copy filtered resources.\n[INFO] skip non existing resourceDirectory /home/travis/build/square/retrofit/retrofit-converters/jackson/src/main/resources\n[INFO] \n[INFO] --- maven-compiler-plugin:3.6.1:compile (default-compile) @ converter-jackson ---\n[INFO] Changes detected - recompiling the module!\n[INFO] Compiling 4 source files to /home/travis/build/square/retrofit/retrofit-converters/jackson/target/classes\n[INFO] \n[INFO] --- maven-resources-plugin:2.6:testResources (default-testResources) @ converter-jackson ---\n[INFO] Using 'UTF-8' encoding to copy filtered resources.\n[INFO] skip non existing resourceDirectory /home/travis/build/square/retrofit/retrofit-converters/jackson/src/test/resources\n[INFO] \n[INFO] --- maven-compiler-plugin:3.6.1:testCompile (default-testCompile) @ converter-jackson ---\n[INFO] Changes detected - recompiling the module!\n[INFO] Compiling 1 source file to /home/travis/build/square/retrofit/retrofit-converters/jackson/target/test-classes\nNote: /home/travis/build/square/retrofit/retrofit-converters/jackson/src/test/java/retrofit2/converter/jackson/JacksonConverterFactoryTest.java uses or overrides a deprecated API.\nNote: Recompile with -Xlint:deprecation for details.\n[INFO] \n[INFO] --- maven-surefire-plugin:2.12.4:test (default-test) @ converter-jackson ---\n[INFO] Tests are skipped.\n[INFO] \n[INFO] --- animal-sniffer-maven-plugin:1.14:check (default) @ converter-jackson ---\n[INFO] Checking unresolved references to org.codehaus.mojo.signature:java16:1.1\n[INFO] \n[INFO] --- maven-jar-plugin:2.4:jar (default-jar) @ converter-jackson ---\n[INFO] Building jar: /home/travis/build/square/retrofit/retrofit-converters/jackson/target/converter-jackson-2.5.1-SNAPSHOT.jar\n[INFO] \n[INFO] --- maven-javadoc-plugin:2.10.3:jar (attach-javadocs) @ converter-jackson ---\n[INFO] Skipping javadoc generation\n[INFO] \n[INFO] --- maven-checkstyle-plugin:2.17:checkstyle (default) @ converter-jackson ---\n[INFO] Starting audit...\nAudit done.\n[WARNING] Unable to locate Source XRef to link to - DISABLED\n[INFO] \n[INFO] --- maven-install-plugin:2.4:install (default-install) @ converter-jackson ---\n[INFO] Installing /home/travis/build/square/retrofit/retrofit-converters/jackson/target/converter-jackson-2.5.1-SNAPSHOT.jar to /home/travis/.m2/repository/com/squareup/retrofit2/converter-jackson/2.5.1-SNAPSHOT/converter-jackson-2.5.1-SNAPSHOT.jar\n[INFO] Installing /home/travis/build/square/retrofit/retrofit-converters/jackson/pom.xml to /home/travis/.m2/repository/com/squareup/retrofit2/converter-jackson/2.5.1-SNAPSHOT/converter-jackson-2.5.1-SNAPSHOT.pom\n[INFO] \n[INFO] ------------------------------------------------------------------------\n[INFO] Building Converter: Java 8 2.5.1-SNAPSHOT\n[INFO] ------------------------------------------------------------------------\n[INFO] \n[INFO] --- maven-enforcer-plugin:1.0:enforce (enforce-maven) @ converter-java8 ---\n[INFO] \n[INFO] --- maven-resources-plugin:2.6:resources (default-resources) @ converter-java8 ---\n[INFO] Using 'UTF-8' encoding to copy filtered resources.\n[INFO] skip non existing resourceDirectory /home/travis/build/square/retrofit/retrofit-converters/java8/src/main/resources\n[INFO] \n[INFO] --- maven-compiler-plugin:3.6.1:compile (default-compile) @ converter-java8 ---\n[INFO] Changes detected - recompiling the module!\n[INFO] Compiling 3 source files to /home/travis/build/square/retrofit/retrofit-converters/java8/target/classes\n[INFO] \n[INFO] --- maven-resources-plugin:2.6:testResources (default-testResources) @ converter-java8 ---\n[INFO] Using 'UTF-8' encoding to copy filtered resources.\n[INFO] skip non existing resourceDirectory /home/travis/build/square/retrofit/retrofit-converters/java8/src/test/resources\n[INFO] \n[INFO] --- maven-compiler-plugin:3.6.1:testCompile (default-testCompile) @ converter-java8 ---\n[INFO] Changes detected - recompiling the module!\n[INFO] Compiling 2 source files to /home/travis/build/square/retrofit/retrofit-converters/java8/target/test-classes\nNote: /home/travis/build/square/retrofit/retrofit-converters/java8/src/test/java/retrofit/converter/java8/Java8OptionalConverterFactoryTest.java uses or overrides a deprecated API.\nNote: Recompile with -Xlint:deprecation for details.\n[INFO] \n[INFO] --- maven-surefire-plugin:2.12.4:test (default-test) @ converter-java8 ---\n[INFO] Tests are skipped.\n[INFO] \n[INFO] --- animal-sniffer-maven-plugin:1.14:check (default) @ converter-java8 ---\n[INFO] Checking unresolved references to org.kaazing.mojo.signature:java18:1.0\n[INFO] \n[INFO] --- maven-jar-plugin:2.4:jar (default-jar) @ converter-java8 ---\n[INFO] Building jar: /home/travis/build/square/retrofit/retrofit-converters/java8/target/converter-java8-2.5.1-SNAPSHOT.jar\n[INFO] \n[INFO] --- maven-javadoc-plugin:2.10.3:jar (attach-javadocs) @ converter-java8 ---\n[INFO] Skipping javadoc generation\n[INFO] \n[INFO] --- maven-checkstyle-plugin:2.17:checkstyle (default) @ converter-java8 ---\n[INFO] Starting audit...\nAudit done.\n[WARNING] Unable to locate Source XRef to link to - DISABLED\n[INFO] \n[INFO] --- maven-install-plugin:2.4:install (default-install) @ converter-java8 ---\n[INFO] Installing /home/travis/build/square/retrofit/retrofit-converters/java8/target/converter-java8-2.5.1-SNAPSHOT.jar to /home/travis/.m2/repository/com/squareup/retrofit2/converter-java8/2.5.1-SNAPSHOT/converter-java8-2.5.1-SNAPSHOT.jar\n[INFO] Installing /home/travis/build/square/retrofit/retrofit-converters/java8/pom.xml to /home/travis/.m2/repository/com/squareup/retrofit2/converter-java8/2.5.1-SNAPSHOT/converter-java8-2.5.1-SNAPSHOT.pom\n[INFO] \n[INFO] ------------------------------------------------------------------------\n[INFO] Building Converter: Wire Protocol Buffers 2.5.1-SNAPSHOT\n[INFO] ------------------------------------------------------------------------\n[INFO] \n[INFO] --- maven-enforcer-plugin:1.0:enforce (enforce-maven) @ converter-wire ---\n[INFO] \n[INFO] --- maven-resources-plugin:2.6:resources (default-resources) @ converter-wire ---\n[INFO] Using 'UTF-8' encoding to copy filtered resources.\n[INFO] skip non existing resourceDirectory /home/travis/build/square/retrofit/retrofit-converters/wire/src/main/resources\n[INFO] \n[INFO] --- maven-compiler-plugin:3.6.1:compile (default-compile) @ converter-wire ---\n[INFO] Changes detected - recompiling the module!\n[INFO] Compiling 4 source files to /home/travis/build/square/retrofit/retrofit-converters/wire/target/classes\nNote: /home/travis/build/square/retrofit/retrofit-converters/wire/src/main/java/retrofit2/converter/wire/WireConverterFactory.java uses unchecked or unsafe operations.\nNote: Recompile with -Xlint:unchecked for details.\n[INFO] \n[INFO] --- maven-resources-plugin:2.6:testResources (default-testResources) @ converter-wire ---\n[INFO] Using 'UTF-8' encoding to copy filtered resources.\n[INFO] skip non existing resourceDirectory /home/travis/build/square/retrofit/retrofit-converters/wire/src/test/resources\n[INFO] \n[INFO] --- maven-compiler-plugin:3.6.1:testCompile (default-testCompile) @ converter-wire ---\n[INFO] Changes detected - recompiling the module!\n[INFO] Compiling 2 source files to /home/travis/build/square/retrofit/retrofit-converters/wire/target/test-classes\n[INFO] \n[INFO] --- maven-surefire-plugin:2.12.4:test (default-test) @ converter-wire ---\n[INFO] Tests are skipped.\n[INFO] \n[INFO] --- animal-sniffer-maven-plugin:1.14:check (default) @ converter-wire ---\n[INFO] Checking unresolved references to org.codehaus.mojo.signature:java16:1.1\n[INFO] \n[INFO] --- maven-jar-plugin:2.4:jar (default-jar) @ converter-wire ---\n[INFO] Building jar: /home/travis/build/square/retrofit/retrofit-converters/wire/target/converter-wire-2.5.1-SNAPSHOT.jar\n[INFO] \n[INFO] --- maven-javadoc-plugin:2.10.3:jar (attach-javadocs) @ converter-wire ---\n[INFO] Skipping javadoc generation\n[INFO] \n[INFO] --- maven-checkstyle-plugin:2.17:checkstyle (default) @ converter-wire ---\n[INFO] Starting audit...\nAudit done.\n[WARNING] Unable to locate Source XRef to link to - DISABLED\n[INFO] \n[INFO] --- maven-install-plugin:2.4:install (default-install) @ converter-wire ---\n[INFO] Installing /home/travis/build/square/retrofit/retrofit-converters/wire/target/converter-wire-2.5.1-SNAPSHOT.jar to /home/travis/.m2/repository/com/squareup/retrofit2/converter-wire/2.5.1-SNAPSHOT/converter-wire-2.5.1-SNAPSHOT.jar\n[INFO] Installing /home/travis/build/square/retrofit/retrofit-converters/wire/pom.xml to /home/travis/.m2/repository/com/squareup/retrofit2/converter-wire/2.5.1-SNAPSHOT/converter-wire-2.5.1-SNAPSHOT.pom\n[INFO] \n[INFO] ------------------------------------------------------------------------\n[INFO] Building Converter: SimpleXML 2.5.1-SNAPSHOT\n[INFO] ------------------------------------------------------------------------\n[INFO] \n[INFO] --- maven-enforcer-plugin:1.0:enforce (enforce-maven) @ converter-simplexml ---\n[INFO] \n[INFO] --- maven-resources-plugin:2.6:resources (default-resources) @ converter-simplexml ---\n[INFO] Using 'UTF-8' encoding to copy filtered resources.\n[INFO] skip non existing resourceDirectory /home/travis/build/square/retrofit/retrofit-converters/simplexml/src/main/resources\n[INFO] \n[INFO] --- maven-compiler-plugin:3.6.1:compile (default-compile) @ converter-simplexml ---\n[INFO] Changes detected - recompiling the module!\n[INFO] Compiling 4 source files to /home/travis/build/square/retrofit/retrofit-converters/simplexml/target/classes\n[INFO] \n[INFO] --- maven-resources-plugin:2.6:testResources (default-testResources) @ converter-simplexml ---\n[INFO] Using 'UTF-8' encoding to copy filtered resources.\n[INFO] skip non existing resourceDirectory /home/travis/build/square/retrofit/retrofit-converters/simplexml/src/test/resources\n[INFO] \n[INFO] --- maven-compiler-plugin:3.6.1:testCompile (default-testCompile) @ converter-simplexml ---\n[INFO] Changes detected - recompiling the module!\n[INFO] Compiling 2 source files to /home/travis/build/square/retrofit/retrofit-converters/simplexml/target/test-classes\nNote: /home/travis/build/square/retrofit/retrofit-converters/simplexml/src/test/java/retrofit2/converter/simplexml/SimpleXmlConverterFactoryTest.java uses or overrides a deprecated API.\nNote: Recompile with -Xlint:deprecation for details.\n[INFO] \n[INFO] --- maven-surefire-plugin:2.12.4:test (default-test) @ converter-simplexml ---\n[INFO] Tests are skipped.\n[INFO] \n[INFO] --- animal-sniffer-maven-plugin:1.14:check (default) @ converter-simplexml ---\n[INFO] Checking unresolved references to org.codehaus.mojo.signature:java16:1.1\n[INFO] \n[INFO] --- maven-jar-plugin:2.4:jar (default-jar) @ converter-simplexml ---\n[INFO] Building jar: /home/travis/build/square/retrofit/retrofit-converters/simplexml/target/converter-simplexml-2.5.1-SNAPSHOT.jar\n[INFO] \n[INFO] --- maven-javadoc-plugin:2.10.3:jar (attach-javadocs) @ converter-simplexml ---\n[INFO] Skipping javadoc generation\n[INFO] \n[INFO] --- maven-checkstyle-plugin:2.17:checkstyle (default) @ converter-simplexml ---\n[INFO] Starting audit...\nAudit done.\n[WARNING] Unable to locate Source XRef to link to - DISABLED\n[INFO] \n[INFO] --- maven-install-plugin:2.4:install (default-install) @ converter-simplexml ---\n[INFO] Installing /home/travis/build/square/retrofit/retrofit-converters/simplexml/target/converter-simplexml-2.5.1-SNAPSHOT.jar to /home/travis/.m2/repository/com/squareup/retrofit2/converter-simplexml/2.5.1-SNAPSHOT/converter-simplexml-2.5.1-SNAPSHOT.jar\n[INFO] Installing /home/travis/build/square/retrofit/retrofit-converters/simplexml/pom.xml to /home/travis/.m2/repository/com/squareup/retrofit2/converter-simplexml/2.5.1-SNAPSHOT/converter-simplexml-2.5.1-SNAPSHOT.pom\n[INFO] \n[INFO] ------------------------------------------------------------------------\n[INFO] Building Converter: Java Scalars 2.5.1-SNAPSHOT\n[INFO] ------------------------------------------------------------------------\n[INFO] \n[INFO] --- maven-enforcer-plugin:1.0:enforce (enforce-maven) @ converter-scalars ---\n[INFO] \n[INFO] --- maven-resources-plugin:2.6:resources (default-resources) @ converter-scalars ---\n[INFO] Using 'UTF-8' encoding to copy filtered resources.\n[INFO] skip non existing resourceDirectory /home/travis/build/square/retrofit/retrofit-converters/scalars/src/main/resources\n[INFO] \n[INFO] --- maven-compiler-plugin:3.6.1:compile (default-compile) @ converter-scalars ---\n[INFO] Changes detected - recompiling the module!\n[INFO] Compiling 4 source files to /home/travis/build/square/retrofit/retrofit-converters/scalars/target/classes\n[INFO] \n[INFO] --- maven-resources-plugin:2.6:testResources (default-testResources) @ converter-scalars ---\n[INFO] Using 'UTF-8' encoding to copy filtered resources.\n[INFO] skip non existing resourceDirectory /home/travis/build/square/retrofit/retrofit-converters/scalars/src/test/resources\n[INFO] \n[INFO] --- maven-compiler-plugin:3.6.1:testCompile (default-testCompile) @ converter-scalars ---\n[INFO] Changes detected - recompiling the module!\n[INFO] Compiling 2 source files to /home/travis/build/square/retrofit/retrofit-converters/scalars/target/test-classes\n[INFO] \n[INFO] --- maven-surefire-plugin:2.12.4:test (default-test) @ converter-scalars ---\n[INFO] Tests are skipped.\n[INFO] \n[INFO] --- animal-sniffer-maven-plugin:1.14:check (default) @ converter-scalars ---\n[INFO] Checking unresolved references to org.codehaus.mojo.signature:java16:1.1\n[INFO] \n[INFO] --- maven-jar-plugin:2.4:jar (default-jar) @ converter-scalars ---\n[INFO] Building jar: /home/travis/build/square/retrofit/retrofit-converters/scalars/target/converter-scalars-2.5.1-SNAPSHOT.jar\n[INFO] \n[INFO] --- maven-javadoc-plugin:2.10.3:jar (attach-javadocs) @ converter-scalars ---\n[INFO] Skipping javadoc generation\n[INFO] \n[INFO] --- maven-checkstyle-plugin:2.17:checkstyle (default) @ converter-scalars ---\n[INFO] Starting audit...\nAudit done.\n[WARNING] Unable to locate Source XRef to link to - DISABLED\n[INFO] \n[INFO] --- maven-install-plugin:2.4:install (default-install) @ converter-scalars ---\n[INFO] Installing /home/travis/build/square/retrofit/retrofit-converters/scalars/target/converter-scalars-2.5.1-SNAPSHOT.jar to /home/travis/.m2/repository/com/squareup/retrofit2/converter-scalars/2.5.1-SNAPSHOT/converter-scalars-2.5.1-SNAPSHOT.jar\n[INFO] Installing /home/travis/build/square/retrofit/retrofit-converters/scalars/pom.xml to /home/travis/.m2/repository/com/squareup/retrofit2/converter-scalars/2.5.1-SNAPSHOT/converter-scalars-2.5.1-SNAPSHOT.pom\n[INFO] \n[INFO] ------------------------------------------------------------------------\n[INFO] Building Converter: Moshi 2.5.1-SNAPSHOT\n[INFO] ------------------------------------------------------------------------\n[INFO] \n[INFO] --- maven-enforcer-plugin:1.0:enforce (enforce-maven) @ converter-moshi ---\n[INFO] \n[INFO] --- maven-resources-plugin:2.6:resources (default-resources) @ converter-moshi ---\n[INFO] Using 'UTF-8' encoding to copy filtered resources.\n[INFO] skip non existing resourceDirectory /home/travis/build/square/retrofit/retrofit-converters/moshi/src/main/resources\n[INFO] \n[INFO] --- maven-compiler-plugin:3.6.1:compile (default-compile) @ converter-moshi ---\n[INFO] Changes detected - recompiling the module!\n[INFO] Compiling 4 source files to /home/travis/build/square/retrofit/retrofit-converters/moshi/target/classes\n[INFO] \n[INFO] --- maven-resources-plugin:2.6:testResources (default-testResources) @ converter-moshi ---\n[INFO] Using 'UTF-8' encoding to copy filtered resources.\n[INFO] skip non existing resourceDirectory /home/travis/build/square/retrofit/retrofit-converters/moshi/src/test/resources\n[INFO] \n[INFO] --- maven-compiler-plugin:3.6.1:testCompile (default-testCompile) @ converter-moshi ---\n[INFO] Changes detected - recompiling the module!\n[INFO] Compiling 1 source file to /home/travis/build/square/retrofit/retrofit-converters/moshi/target/test-classes\n[INFO] \n[INFO] --- maven-surefire-plugin:2.12.4:test (default-test) @ converter-moshi ---\n[INFO] Tests are skipped.\n[INFO] \n[INFO] --- animal-sniffer-maven-plugin:1.14:check (default) @ converter-moshi ---\n[INFO] Checking unresolved references to org.codehaus.mojo.signature:java16:1.1\n[INFO] \n[INFO] --- maven-jar-plugin:2.4:jar (default-jar) @ converter-moshi ---\n[INFO] Building jar: /home/travis/build/square/retrofit/retrofit-converters/moshi/target/converter-moshi-2.5.1-SNAPSHOT.jar\n[INFO] \n[INFO] --- maven-javadoc-plugin:2.10.3:jar (attach-javadocs) @ converter-moshi ---\n[INFO] Skipping javadoc generation\n[INFO] \n[INFO] --- maven-checkstyle-plugin:2.17:checkstyle (default) @ converter-moshi ---\n[INFO] Starting audit...\nAudit done.\n[WARNING] Unable to locate Source XRef to link to - DISABLED\n[INFO] \n[INFO] --- maven-install-plugin:2.4:install (default-install) @ converter-moshi ---\n[INFO] Installing /home/travis/build/square/retrofit/retrofit-converters/moshi/target/converter-moshi-2.5.1-SNAPSHOT.jar to /home/travis/.m2/repository/com/squareup/retrofit2/converter-moshi/2.5.1-SNAPSHOT/converter-moshi-2.5.1-SNAPSHOT.jar\n[INFO] Installing /home/travis/build/square/retrofit/retrofit-converters/moshi/pom.xml to /home/travis/.m2/repository/com/squareup/retrofit2/converter-moshi/2.5.1-SNAPSHOT/converter-moshi-2.5.1-SNAPSHOT.pom\n[INFO] \n[INFO] ------------------------------------------------------------------------\n[INFO] Building Converter: JAXB 2.5.1-SNAPSHOT\n[INFO] ------------------------------------------------------------------------\n[INFO] \n[INFO] --- maven-enforcer-plugin:1.0:enforce (enforce-maven) @ converter-jaxb ---\n[INFO] \n[INFO] --- maven-resources-plugin:2.6:resources (default-resources) @ converter-jaxb ---\n[INFO] Using 'UTF-8' encoding to copy filtered resources.\n[INFO] skip non existing resourceDirectory /home/travis/build/square/retrofit/retrofit-converters/jaxb/src/main/resources\n[INFO] \n[INFO] --- maven-compiler-plugin:3.6.1:compile (default-compile) @ converter-jaxb ---\n[INFO] Changes detected - recompiling the module!\n[INFO] Compiling 4 source files to /home/travis/build/square/retrofit/retrofit-converters/jaxb/target/classes\n[INFO] \n[INFO] --- maven-resources-plugin:2.6:testResources (default-testResources) @ converter-jaxb ---\n[INFO] Using 'UTF-8' encoding to copy filtered resources.\n[INFO] skip non existing resourceDirectory /home/travis/build/square/retrofit/retrofit-converters/jaxb/src/test/resources\n[INFO] \n[INFO] --- maven-compiler-plugin:3.6.1:testCompile (default-testCompile) @ converter-jaxb ---\n[INFO] Changes detected - recompiling the module!\n[INFO] Compiling 4 source files to /home/travis/build/square/retrofit/retrofit-converters/jaxb/target/test-classes\n[INFO] \n[INFO] --- maven-surefire-plugin:2.12.4:test (default-test) @ converter-jaxb ---\n[INFO] Tests are skipped.\n[INFO] \n[INFO] --- animal-sniffer-maven-plugin:1.14:check (default) @ converter-jaxb ---\n[INFO] Checking unresolved references to org.codehaus.mojo.signature:java16:1.1\n[INFO] \n[INFO] --- maven-jar-plugin:2.4:jar (default-jar) @ converter-jaxb ---\n[INFO] Building jar: /home/travis/build/square/retrofit/retrofit-converters/jaxb/target/converter-jaxb-2.5.1-SNAPSHOT.jar\n[INFO] \n[INFO] --- maven-javadoc-plugin:2.10.3:jar (attach-javadocs) @ converter-jaxb ---\n[INFO] Skipping javadoc generation\n[INFO] \n[INFO] --- maven-checkstyle-plugin:2.17:checkstyle (default) @ converter-jaxb ---\n[INFO] Starting audit...\nAudit done.\n[WARNING] Unable to locate Source XRef to link to - DISABLED\n[INFO] \n[INFO] --- maven-install-plugin:2.4:install (default-install) @ converter-jaxb ---\n[INFO] Installing /home/travis/build/square/retrofit/retrofit-converters/jaxb/target/converter-jaxb-2.5.1-SNAPSHOT.jar to /home/travis/.m2/repository/com/squareup/retrofit2/converter-jaxb/2.5.1-SNAPSHOT/converter-jaxb-2.5.1-SNAPSHOT.jar\n[INFO] Installing /home/travis/build/square/retrofit/retrofit-converters/jaxb/pom.xml to /home/travis/.m2/repository/com/squareup/retrofit2/converter-jaxb/2.5.1-SNAPSHOT/converter-jaxb-2.5.1-SNAPSHOT.pom\n[INFO] \n[INFO] ------------------------------------------------------------------------\n[INFO] Building Retrofit Mock Adapter 2.5.1-SNAPSHOT\n[INFO] ------------------------------------------------------------------------\n[INFO] \n[INFO] --- maven-enforcer-plugin:1.0:enforce (enforce-maven) @ retrofit-mock ---\n[INFO] \n[INFO] --- maven-resources-plugin:2.6:resources (default-resources) @ retrofit-mock ---\n[INFO] Using 'UTF-8' encoding to copy filtered resources.\n[INFO] skip non existing resourceDirectory /home/travis/build/square/retrofit/retrofit-mock/src/main/resources\n[INFO] \n[INFO] --- maven-compiler-plugin:3.6.1:compile (default-compile) @ retrofit-mock ---\n[INFO] Changes detected - recompiling the module!\n[INFO] Compiling 7 source files to /home/travis/build/square/retrofit/retrofit-mock/target/classes\nNote: /home/travis/build/square/retrofit/retrofit-mock/src/main/java/retrofit2/mock/BehaviorCall.java uses unchecked or unsafe operations.\nNote: Recompile with -Xlint:unchecked for details.\n[INFO] \n[INFO] --- maven-resources-plugin:2.6:testResources (default-testResources) @ retrofit-mock ---\n[INFO] Using 'UTF-8' encoding to copy filtered resources.\n[INFO] skip non existing resourceDirectory /home/travis/build/square/retrofit/retrofit-mock/src/test/resources\n[INFO] \n[INFO] --- maven-compiler-plugin:3.6.1:testCompile (default-testCompile) @ retrofit-mock ---\n[INFO] Changes detected - recompiling the module!\n[INFO] Compiling 4 source files to /home/travis/build/square/retrofit/retrofit-mock/target/test-classes\n[INFO] \n[INFO] --- maven-surefire-plugin:2.12.4:test (default-test) @ retrofit-mock ---\n[INFO] Tests are skipped.\n[INFO] \n[INFO] --- animal-sniffer-maven-plugin:1.14:check (default) @ retrofit-mock ---\n[INFO] Checking unresolved references to org.codehaus.mojo.signature:java16:1.1\n[INFO] \n[INFO] --- maven-jar-plugin:2.4:jar (default-jar) @ retrofit-mock ---\n[INFO] Building jar: /home/travis/build/square/retrofit/retrofit-mock/target/retrofit-mock-2.5.1-SNAPSHOT.jar\n[INFO] \n[INFO] --- maven-javadoc-plugin:2.10.3:jar (attach-javadocs) @ retrofit-mock ---\n[INFO] Skipping javadoc generation\n[INFO] \n[INFO] --- maven-checkstyle-plugin:2.17:checkstyle (default) @ retrofit-mock ---\n[INFO] Starting audit...\nAudit done.\n[WARNING] Unable to locate Source XRef to link to - DISABLED\n[INFO] \n[INFO] --- maven-install-plugin:2.4:install (default-install) @ retrofit-mock ---\n[INFO] Installing /home/travis/build/square/retrofit/retrofit-mock/target/retrofit-mock-2.5.1-SNAPSHOT.jar to /home/travis/.m2/repository/com/squareup/retrofit2/retrofit-mock/2.5.1-SNAPSHOT/retrofit-mock-2.5.1-SNAPSHOT.jar\n[INFO] Installing /home/travis/build/square/retrofit/retrofit-mock/pom.xml to /home/travis/.m2/repository/com/squareup/retrofit2/retrofit-mock/2.5.1-SNAPSHOT/retrofit-mock-2.5.1-SNAPSHOT.pom\n[INFO] \n[INFO] ------------------------------------------------------------------------\n[INFO] Building Samples 2.5.1-SNAPSHOT\n[INFO] ------------------------------------------------------------------------\n[INFO] \n[INFO] --- maven-enforcer-plugin:1.0:enforce (enforce-maven) @ samples ---\n[INFO] \n[INFO] --- maven-resources-plugin:2.6:resources (default-resources) @ samples ---\n[INFO] Using 'UTF-8' encoding to copy filtered resources.\n[INFO] skip non existing resourceDirectory /home/travis/build/square/retrofit/samples/src/main/resources\n[INFO] \n[INFO] --- maven-compiler-plugin:3.6.1:compile (default-compile) @ samples ---\n[INFO] Changes detected - recompiling the module!\n[INFO] Compiling 13 source files to /home/travis/build/square/retrofit/samples/target/classes\nNote: Some input files use or override a deprecated API.\nNote: Recompile with -Xlint:deprecation for details.\nNote: /home/travis/build/square/retrofit/samples/src/main/java/com/example/retrofit/RxJavaObserveOnMainThread.java uses unchecked or unsafe operations.\nNote: Recompile with -Xlint:unchecked for details.\n[INFO] \n[INFO] --- maven-resources-plugin:2.6:testResources (default-testResources) @ samples ---\n[INFO] Using 'UTF-8' encoding to copy filtered resources.\n[INFO] skip non existing resourceDirectory /home/travis/build/square/retrofit/samples/src/test/resources\n[INFO] \n[INFO] --- maven-compiler-plugin:3.6.1:testCompile (default-testCompile) @ samples ---\n[INFO] No sources to compile\n[INFO] \n[INFO] --- maven-surefire-plugin:2.12.4:test (default-test) @ samples ---\n[INFO] Tests are skipped.\n[INFO] \n[INFO] --- animal-sniffer-maven-plugin:1.14:check (default) @ samples ---\n[INFO] Checking unresolved references to org.codehaus.mojo.signature:java16:1.1\n[INFO] \n[INFO] --- maven-jar-plugin:2.4:jar (default-jar) @ samples ---\n[INFO] Building jar: /home/travis/build/square/retrofit/samples/target/samples-2.5.1-SNAPSHOT.jar\n[INFO] \n[INFO] --- maven-javadoc-plugin:2.10.3:jar (attach-javadocs) @ samples ---\n[INFO] Skipping javadoc generation\n[INFO] \n[INFO] --- maven-checkstyle-plugin:2.17:checkstyle (default) @ samples ---\n[INFO] Starting audit...\nAudit done.\n[WARNING] Unable to locate Source XRef to link to - DISABLED\n[INFO] \n[INFO] --- maven-install-plugin:2.4:install (default-install) @ samples ---\n[INFO] Installing /home/travis/build/square/retrofit/samples/target/samples-2.5.1-SNAPSHOT.jar to /home/travis/.m2/repository/com/squareup/retrofit2/samples/2.5.1-SNAPSHOT/samples-2.5.1-SNAPSHOT.jar\n[INFO] Installing /home/travis/build/square/retrofit/samples/pom.xml to /home/travis/.m2/repository/com/squareup/retrofit2/samples/2.5.1-SNAPSHOT/samples-2.5.1-SNAPSHOT.pom\n[INFO] ------------------------------------------------------------------------\n[INFO] Reactor Summary:\n[INFO] \n[INFO] Retrofit (Parent) .................................. SUCCESS [  2.793 s]\n[INFO] Retrofit ........................................... SUCCESS [ 20.660 s]\n[INFO] Adapters ........................................... SUCCESS [  0.302 s]\n[INFO] Adapter: Guava ..................................... SUCCESS [  1.429 s]\n[INFO] Adapter: Java 8 .................................... SUCCESS [  1.326 s]\n[INFO] Adapter: RxJava .................................... SUCCESS [  1.893 s]\n[INFO] Adapter: RxJava 2 .................................. SUCCESS [  1.997 s]\n[INFO] Adapter: Scala ..................................... SUCCESS [  1.244 s]\n[INFO] Converters ......................................... SUCCESS [  0.250 s]\n[INFO] Converter: Gson .................................... SUCCESS [  0.932 s]\n[INFO] Converter: Guava ................................... SUCCESS [  1.059 s]\n[INFO] Converter: Protocol Buffers ........................ SUCCESS [  1.200 s]\n[INFO] Converter: Jackson ................................. SUCCESS [  1.102 s]\n[INFO] Converter: Java 8 .................................. SUCCESS [  0.877 s]\n[INFO] Converter: Wire Protocol Buffers ................... SUCCESS [  0.883 s]\n[INFO] Converter: SimpleXML ............................... SUCCESS [  0.861 s]\n[INFO] Converter: Java Scalars ............................ SUCCESS [  0.968 s]\n[INFO] Converter: Moshi ................................... SUCCESS [  1.010 s]\n[INFO] Converter: JAXB .................................... SUCCESS [  1.686 s]\n[INFO] Retrofit Mock Adapter .............................. SUCCESS [  1.066 s]\n[INFO] Samples ............................................ SUCCESS [  1.232 s]\n[INFO] ------------------------------------------------------------------------\n[INFO] BUILD SUCCESS\n[INFO] ------------------------------------------------------------------------\n[INFO] Total time: 45.345 s\n[INFO] Finished at: 2019-02-16T02:44:17Z\n[INFO] Final Memory: 98M/780M\n[INFO] ------------------------------------------------------------------------\ntravis_time:end:11c69938:start=1550285010111282838,finish=1550285057903171393,duration=47791888555\n\u001b[0Ktravis_fold:end:install\n\u001b[0Ktravis_time:start:2ecc1405\n\u001b[0K$ mvn test -B\n[INFO] Scanning for projects...\n[WARNING] \n[WARNING] Some problems were encountered while building the effective model for com.squareup.retrofit2:retrofit:jar:2.5.1-SNAPSHOT\n[WARNING] 'build.plugins.plugin.version' for org.apache.maven.plugins:maven-jar-plugin is missing. @ com.squareup.retrofit2:retrofit:[unknown-version], /home/travis/build/square/retrofit/retrofit/pom.xml, line 103, column 15\n[WARNING] \n[WARNING] Some problems were encountered while building the effective model for com.squareup.retrofit2:adapter-guava:jar:2.5.1-SNAPSHOT\n[WARNING] 'build.plugins.plugin.version' for org.apache.maven.plugins:maven-jar-plugin is missing. @ com.squareup.retrofit2:adapter-guava:[unknown-version], /home/travis/build/square/retrofit/retrofit-adapters/guava/pom.xml, line 51, column 15\n[WARNING] \n[WARNING] Some problems were encountered while building the effective model for com.squareup.retrofit2:adapter-java8:jar:2.5.1-SNAPSHOT\n[WARNING] 'build.plugins.plugin.version' for org.apache.maven.plugins:maven-jar-plugin is missing. @ com.squareup.retrofit2:adapter-java8:[unknown-version], /home/travis/build/square/retrofit/retrofit-adapters/java8/pom.xml, line 68, column 15\n[WARNING] \n[WARNING] Some problems were encountered while building the effective model for com.squareup.retrofit2:adapter-rxjava:jar:2.5.1-SNAPSHOT\n[WARNING] 'build.plugins.plugin.version' for org.apache.maven.plugins:maven-jar-plugin is missing. @ com.squareup.retrofit2:adapter-rxjava:[unknown-version], /home/travis/build/square/retrofit/retrofit-adapters/rxjava/pom.xml, line 56, column 15\n[WARNING] \n[WARNING] Some problems were encountered while building the effective model for com.squareup.retrofit2:adapter-rxjava2:jar:2.5.1-SNAPSHOT\n[WARNING] 'build.plugins.plugin.version' for org.apache.maven.plugins:maven-jar-plugin is missing. @ com.squareup.retrofit2:adapter-rxjava2:[unknown-version], /home/travis/build/square/retrofit/retrofit-adapters/rxjava2/pom.xml, line 56, column 15\n[WARNING] \n[WARNING] Some problems were encountered while building the effective model for com.squareup.retrofit2:adapter-scala:jar:2.5.1-SNAPSHOT\n[WARNING] 'build.plugins.plugin.version' for org.apache.maven.plugins:maven-jar-plugin is missing. @ com.squareup.retrofit2:adapter-scala:[unknown-version], /home/travis/build/square/retrofit/retrofit-adapters/scala/pom.xml, line 72, column 15\n[WARNING] \n[WARNING] Some problems were encountered while building the effective model for com.squareup.retrofit2:converter-gson:jar:2.5.1-SNAPSHOT\n[WARNING] 'build.plugins.plugin.version' for org.apache.maven.plugins:maven-jar-plugin is missing. @ com.squareup.retrofit2:converter-gson:[unknown-version], /home/travis/build/square/retrofit/retrofit-converters/gson/pom.xml, line 51, column 15\n[WARNING] \n[WARNING] Some problems were encountered while building the effective model for com.squareup.retrofit2:converter-guava:jar:2.5.1-SNAPSHOT\n[WARNING] 'build.plugins.plugin.version' for org.apache.maven.plugins:maven-jar-plugin is missing. @ com.squareup.retrofit2:converter-guava:[unknown-version], /home/travis/build/square/retrofit/retrofit-converters/guava/pom.xml, line 51, column 15\n[WARNING] \n[WARNING] Some problems were encountered while building the effective model for com.squareup.retrofit2:converter-protobuf:jar:2.5.1-SNAPSHOT\n[WARNING] 'build.plugins.plugin.version' for org.apache.maven.plugins:maven-jar-plugin is missing. @ com.squareup.retrofit2:converter-protobuf:[unknown-version], /home/travis/build/square/retrofit/retrofit-converters/protobuf/pom.xml, line 51, column 15\n[WARNING] \n[WARNING] Some problems were encountered while building the effective model for com.squareup.retrofit2:converter-jackson:jar:2.5.1-SNAPSHOT\n[WARNING] 'build.plugins.plugin.version' for org.apache.maven.plugins:maven-jar-plugin is missing. @ com.squareup.retrofit2:converter-jackson:[unknown-version], /home/travis/build/square/retrofit/retrofit-converters/jackson/pom.xml, line 51, column 15\n[WARNING] \n[WARNING] Some problems were encountered while building the effective model for com.squareup.retrofit2:converter-java8:jar:2.5.1-SNAPSHOT\n[WARNING] 'build.plugins.plugin.version' for org.apache.maven.plugins:maven-jar-plugin is missing. @ com.squareup.retrofit2:converter-java8:[unknown-version], /home/travis/build/square/retrofit/retrofit-converters/java8/pom.xml, line 63, column 15\n[WARNING] \n[WARNING] Some problems were encountered while building the effective model for com.squareup.retrofit2:converter-wire:jar:2.5.1-SNAPSHOT\n[WARNING] 'build.plugins.plugin.version' for org.apache.maven.plugins:maven-jar-plugin is missing. @ com.squareup.retrofit2:converter-wire:[unknown-version], /home/travis/build/square/retrofit/retrofit-converters/wire/pom.xml, line 62, column 15\n[WARNING] \n[WARNING] Some problems were encountered while building the effective model for com.squareup.retrofit2:converter-simplexml:jar:2.5.1-SNAPSHOT\n[WARNING] 'build.plugins.plugin.version' for org.apache.maven.plugins:maven-jar-plugin is missing. @ com.squareup.retrofit2:converter-simplexml:[unknown-version], /home/travis/build/square/retrofit/retrofit-converters/simplexml/pom.xml, line 51, column 15\n[WARNING] \n[WARNING] Some problems were encountered while building the effective model for com.squareup.retrofit2:converter-scalars:jar:2.5.1-SNAPSHOT\n[WARNING] 'build.plugins.plugin.version' for org.apache.maven.plugins:maven-jar-plugin is missing. @ com.squareup.retrofit2:converter-scalars:[unknown-version], /home/travis/build/square/retrofit/retrofit-converters/scalars/pom.xml, line 47, column 15\n[WARNING] \n[WARNING] Some problems were encountered while building the effective model for com.squareup.retrofit2:converter-moshi:jar:2.5.1-SNAPSHOT\n[WARNING] 'build.plugins.plugin.version' for org.apache.maven.plugins:maven-jar-plugin is missing. @ com.squareup.retrofit2:converter-moshi:[unknown-version], /home/travis/build/square/retrofit/retrofit-converters/moshi/pom.xml, line 51, column 15\n[WARNING] \n[WARNING] Some problems were encountered while building the effective model for com.squareup.retrofit2:converter-jaxb:jar:2.5.1-SNAPSHOT\n[WARNING] 'build.plugins.plugin.version' for org.apache.maven.plugins:maven-jar-plugin is missing. @ com.squareup.retrofit2:converter-jaxb:[unknown-version], /home/travis/build/square/retrofit/retrofit-converters/jaxb/pom.xml, line 51, column 15\n[WARNING] \n[WARNING] Some problems were encountered while building the effective model for com.squareup.retrofit2:retrofit-mock:jar:2.5.1-SNAPSHOT\n[WARNING] 'build.plugins.plugin.version' for org.apache.maven.plugins:maven-jar-plugin is missing. @ com.squareup.retrofit2:retrofit-mock:[unknown-version], /home/travis/build/square/retrofit/retrofit-mock/pom.xml, line 47, column 15\n[WARNING] \n[WARNING] Some problems were encountered while building the effective model for com.squareup.retrofit2:samples:jar:2.5.1-SNAPSHOT\n[WARNING] 'build.plugins.plugin.version' for org.apache.maven.plugins:maven-deploy-plugin is missing. @ com.squareup.retrofit2:samples:[unknown-version], /home/travis/build/square/retrofit/samples/pom.xml, line 70, column 15\n[WARNING] \n[WARNING] It is highly recommended to fix these problems because they threaten the stability of your build.\n[WARNING] \n[WARNING] For this reason, future Maven versions might no longer support building such malformed projects.\n[WARNING] \n[INFO] ------------------------------------------------------------------------\n[INFO] Reactor Build Order:\n[INFO] \n[INFO] Retrofit (Parent)\n[INFO] Retrofit\n[INFO] Adapters\n[INFO] Adapter: Guava\n[INFO] Adapter: Java 8\n[INFO] Adapter: RxJava\n[INFO] Adapter: RxJava 2\n[INFO] Adapter: Scala\n[INFO] Converters\n[INFO] Converter: Gson\n[INFO] Converter: Guava\n[INFO] Converter: Protocol Buffers\n[INFO] Converter: Jackson\n[INFO] Converter: Java 8\n[INFO] Converter: Wire Protocol Buffers\n[INFO] Converter: SimpleXML\n[INFO] Converter: Java Scalars\n[INFO] Converter: Moshi\n[INFO] Converter: JAXB\n[INFO] Retrofit Mock Adapter\n[INFO] Samples\n[INFO] \n[INFO] ------------------------------------------------------------------------\n[INFO] Building Retrofit (Parent) 2.5.1-SNAPSHOT\n[INFO] ------------------------------------------------------------------------\n[INFO] \n[INFO] --- maven-enforcer-plugin:1.0:enforce (enforce-maven) @ parent ---\n[INFO] \n[INFO] --- animal-sniffer-maven-plugin:1.14:check (default) @ parent ---\n[INFO] Checking unresolved references to org.codehaus.mojo.signature:java16:1.1\n[INFO] \n[INFO] ------------------------------------------------------------------------\n[INFO] Building Retrofit 2.5.1-SNAPSHOT\n[INFO] ------------------------------------------------------------------------\n[INFO] \n[INFO] --- maven-enforcer-plugin:1.0:enforce (enforce-maven) @ retrofit ---\n[INFO] \n[INFO] --- kotlin-maven-plugin:1.3.10:compile (compile) @ retrofit ---\n[INFO] \n[INFO] --- maven-resources-plugin:2.6:resources (default-resources) @ retrofit ---\n[INFO] Using 'UTF-8' encoding to copy filtered resources.\n[INFO] Copying 1 resource\n[INFO] \n[INFO] --- maven-compiler-plugin:3.6.1:compile (default-compile) @ retrofit ---\n[INFO] Changes detected - recompiling the module!\n[INFO] Compiling 48 source files to /home/travis/build/square/retrofit/retrofit/target/classes\nNote: Some input files use unchecked or unsafe operations.\nNote: Recompile with -Xlint:unchecked for details.\n[INFO] \n[INFO] --- maven-resources-plugin:2.6:testResources (default-testResources) @ retrofit ---\n[INFO] Using 'UTF-8' encoding to copy filtered resources.\n[INFO] skip non existing resourceDirectory /home/travis/build/square/retrofit/retrofit/src/test/resources\n[INFO] \n[INFO] --- maven-compiler-plugin:3.6.1:testCompile (default-testCompile) @ retrofit ---\n[INFO] Nothing to compile - all classes are up to date\n[INFO] \n[INFO] --- kotlin-maven-plugin:1.3.10:test-compile (test-compile) @ retrofit ---\n[INFO] \n[INFO] --- maven-surefire-plugin:2.12.4:test (default-test) @ retrofit ---\n[INFO] Surefire report directory: /home/travis/build/square/retrofit/retrofit/target/surefire-reports\n\n-------------------------------------------------------\n T E S T S\n-------------------------------------------------------\nRunning retrofit2.OptionalConverterFactoryTest\nFeb 16, 2019 2:44:36 AM okhttp3.mockwebserver.MockWebServer$2 execute\nINFO: MockWebServer[43542] starting to accept connections\nFeb 16, 2019 2:44:36 AM okhttp3.mockwebserver.MockWebServer$3 processOneRequest\nINFO: MockWebServer[43542] received request: GET / HTTP/1.1 and responded: HTTP/1.1 200 OK\nFeb 16, 2019 2:44:36 AM okhttp3.mockwebserver.MockWebServer$2 acceptConnections\nINFO: MockWebServer[43542] done accepting connections: Socket closed\nFeb 16, 2019 2:44:36 AM okhttp3.mockwebserver.MockWebServer$2 execute\nINFO: MockWebServer[44685] starting to accept connections\nFeb 16, 2019 2:44:36 AM okhttp3.mockwebserver.MockWebServer$2 acceptConnections\nINFO: MockWebServer[44685] done accepting connections: Socket closed\nFeb 16, 2019 2:44:36 AM okhttp3.mockwebserver.MockWebServer$3 processOneRequest\nINFO: MockWebServer[44685] received request: GET / HTTP/1.1 and responded: HTTP/1.1 200 OK\nTests run: 2, Failures: 0, Errors: 0, Skipped: 0, Time elapsed: 0.849 sec\nRunning retrofit2.KotlinUnitTest\nFeb 16, 2019 2:44:36 AM okhttp3.mockwebserver.MockWebServer$2 execute\nINFO: MockWebServer[58089] starting to accept connections\nFeb 16, 2019 2:44:36 AM okhttp3.mockwebserver.MockWebServer$2 acceptConnections\nINFO: MockWebServer[58089] done accepting connections: Socket closed\nFeb 16, 2019 2:44:36 AM okhttp3.mockwebserver.MockWebServer$3 processOneRequest\nINFO: MockWebServer[58089] received request: GET / HTTP/1.1 and responded: HTTP/1.1 200 OK\nTests run: 2, Failures: 0, Errors: 0, Skipped: 1, Time elapsed: 0.024 sec\nRunning retrofit2.ResponseTest\nTests run: 15, Failures: 0, Errors: 0, Skipped: 0, Time elapsed: 0.004 sec\nRunning retrofit2.CallTest\nFeb 16, 2019 2:44:36 AM okhttp3.mockwebserver.MockWebServer$2 execute\nINFO: MockWebServer[40875] starting to accept connections\nFeb 16, 2019 2:44:36 AM okhttp3.mockwebserver.MockWebServer$2 acceptConnections\nINFO: MockWebServer[40875] done accepting connections: Socket closed\nFeb 16, 2019 2:44:36 AM okhttp3.mockwebserver.MockWebServer$2 execute\nINFO: MockWebServer[51266] starting to accept connections\nFeb 16, 2019 2:44:36 AM okhttp3.mockwebserver.MockWebServer$3 processOneRequest\nINFO: MockWebServer[51266] received request: GET / HTTP/1.1 and responded: HTTP/1.1 200 OK\nFeb 16, 2019 2:44:36 AM okhttp3.mockwebserver.MockWebServer$2 acceptConnections\nINFO: MockWebServer[51266] done accepting connections: Socket closed\nFeb 16, 2019 2:44:36 AM okhttp3.mockwebserver.MockWebServer$2 execute\nINFO: MockWebServer[42003] starting to accept connections\nFeb 16, 2019 2:44:36 AM okhttp3.mockwebserver.MockWebServer$2 acceptConnections\nINFO: MockWebServer[42003] done accepting connections: Socket closed\nFeb 16, 2019 2:44:36 AM okhttp3.mockwebserver.MockWebServer$3 processOneRequest\nINFO: MockWebServer[42003] received request: GET / HTTP/1.1 and responded: HTTP/1.1 404 Client Error\nFeb 16, 2019 2:44:36 AM okhttp3.mockwebserver.MockWebServer$2 execute\nINFO: MockWebServer[39437] starting to accept connections\nFeb 16, 2019 2:44:36 AM okhttp3.mockwebserver.MockWebServer$2 acceptConnections\nINFO: MockWebServer[39437] done accepting connections: Socket closed\nFeb 16, 2019 2:44:36 AM okhttp3.mockwebserver.MockWebServer$3 processOneRequest\nINFO: MockWebServer[39437] received request: POST /Hello HTTP/1.1 and responded: HTTP/1.1 200 OK\nFeb 16, 2019 2:44:36 AM okhttp3.mockwebserver.MockWebServer$2 execute\nINFO: MockWebServer[50731] starting to accept connections\nFeb 16, 2019 2:44:36 AM okhttp3.mockwebserver.MockWebServer$2 acceptConnections\nINFO: MockWebServer[50731] done accepting connections: Socket closed\nFeb 16, 2019 2:44:36 AM okhttp3.mockwebserver.MockWebServer$2 execute\nINFO: MockWebServer[57322] starting to accept connections\nFeb 16, 2019 2:44:36 AM okhttp3.mockwebserver.MockWebServer$2 acceptConnections\nINFO: MockWebServer[57322] done accepting connections: Socket is closed\nFeb 16, 2019 2:44:36 AM okhttp3.mockwebserver.MockWebServer$2 execute\nINFO: MockWebServer[46468] starting to accept connections\nFeb 16, 2019 2:44:36 AM okhttp3.mockwebserver.MockWebServer$2 acceptConnections\nINFO: MockWebServer[46468] done accepting connections: Socket closed\nFeb 16, 2019 2:44:36 AM okhttp3.mockwebserver.MockWebServer$2 execute\nINFO: MockWebServer[38792] starting to accept connections\nFeb 16, 2019 2:44:36 AM okhttp3.mockwebserver.MockWebServer$3 processOneRequest\nINFO: MockWebServer[38792] received request: GET / HTTP/1.1 and responded: HTTP/1.1 200 OK\nFeb 16, 2019 2:44:36 AM okhttp3.mockwebserver.MockWebServer$2 acceptConnections\nINFO: MockWebServer[38792] done accepting connections: Socket closed\nFeb 16, 2019 2:44:36 AM okhttp3.mockwebserver.MockWebServer$2 execute\nINFO: MockWebServer[44750] starting to accept connections\nFeb 16, 2019 2:44:36 AM okhttp3.mockwebserver.MockWebServer$2 acceptConnections\nINFO: MockWebServer[44750] done accepting connections: Socket is closed\nFeb 16, 2019 2:44:36 AM okhttp3.mockwebserver.MockWebServer$2 execute\nINFO: MockWebServer[39834] starting to accept connections\nFeb 16, 2019 2:44:36 AM okhttp3.mockwebserver.MockWebServer$2 acceptConnections\nINFO: MockWebServer[39834] done accepting connections: Socket closed\nFeb 16, 2019 2:44:36 AM okhttp3.mockwebserver.MockWebServer$3 processOneRequest\nINFO: MockWebServer[39834] received request: GET / HTTP/1.1 and responded: HTTP/1.1 200 OK\nFeb 16, 2019 2:44:36 AM okhttp3.mockwebserver.MockWebServer$2 execute\nINFO: MockWebServer[50061] starting to accept connections\nFeb 16, 2019 2:44:36 AM okhttp3.mockwebserver.MockWebServer$2 acceptConnections\nINFO: MockWebServer[50061] done accepting connections: Socket closed\nFeb 16, 2019 2:44:36 AM okhttp3.mockwebserver.MockWebServer$2 execute\nINFO: MockWebServer[46218] starting to accept connections\nFeb 16, 2019 2:44:36 AM okhttp3.mockwebserver.MockWebServer$2 acceptConnections\nINFO: MockWebServer[46218] done accepting connections: Socket closed\nFeb 16, 2019 2:44:36 AM okhttp3.mockwebserver.MockWebServer$3 processOneRequest\nINFO: MockWebServer[46218] received request: POST /Hello HTTP/1.1 and responded: HTTP/1.1 200 OK\nFeb 16, 2019 2:44:36 AM okhttp3.mockwebserver.MockWebServer$2 execute\nINFO: MockWebServer[41266] starting to accept connections\nFeb 16, 2019 2:44:36 AM okhttp3.mockwebserver.MockWebServer$2 acceptConnections\nINFO: MockWebServer[41266] done accepting connections: Socket closed\nFeb 16, 2019 2:44:36 AM okhttp3.mockwebserver.MockWebServer$3 processOneRequest\nINFO: MockWebServer[41266] received request: POST /Hello HTTP/1.1 and responded: HTTP/1.1 200 OK\nFeb 16, 2019 2:44:36 AM okhttp3.mockwebserver.MockWebServer$2 execute\nINFO: MockWebServer[48333] starting to accept connections\nFeb 16, 2019 2:44:36 AM okhttp3.mockwebserver.MockWebServer$2 acceptConnections\nINFO: MockWebServer[48333] done accepting connections: Socket is closed\nFeb 16, 2019 2:44:36 AM okhttp3.mockwebserver.MockWebServer$2 execute\nINFO: MockWebServer[47768] starting to accept connections\nFeb 16, 2019 2:44:36 AM okhttp3.mockwebserver.MockWebServer$3 processOneRequest\nINFO: MockWebServer[47768] received request: GET / HTTP/1.1 and responded: HTTP/1.1 404 Client Error\nFeb 16, 2019 2:44:36 AM okhttp3.mockwebserver.MockWebServer$2 acceptConnections\nINFO: MockWebServer[47768] done accepting connections: Socket closed\nFeb 16, 2019 2:44:36 AM okhttp3.mockwebserver.MockWebServer$2 execute\nINFO: MockWebServer[43985] starting to accept connections\nFeb 16, 2019 2:44:36 AM okhttp3.mockwebserver.MockWebServer$2 acceptConnections\nINFO: MockWebServer[43985] done accepting connections: Socket closed\nFeb 16, 2019 2:44:36 AM okhttp3.mockwebserver.MockWebServer$3 processOneRequest\nINFO: MockWebServer[43985] received request: POST / HTTP/1.1 and responded: HTTP/1.1 200 OK\nFeb 16, 2019 2:44:36 AM okhttp3.mockwebserver.MockWebServer$2 execute\nINFO: MockWebServer[46110] starting to accept connections\nFeb 16, 2019 2:44:36 AM okhttp3.mockwebserver.MockWebServer$3 processOneRequest\nINFO: MockWebServer[46110] received request: GET / HTTP/1.1 and responded: HTTP/1.1 204 Nothin\nFeb 16, 2019 2:44:36 AM okhttp3.mockwebserver.MockWebServer$2 acceptConnections\nINFO: MockWebServer[46110] done accepting connections: Socket closed\nFeb 16, 2019 2:44:36 AM okhttp3.mockwebserver.MockWebServer$2 execute\nINFO: MockWebServer[57301] starting to accept connections\nFeb 16, 2019 2:44:36 AM okhttp3.mockwebserver.MockWebServer$2 acceptConnections\nINFO: MockWebServer[57301] done accepting connections: Socket is closed\nFeb 16, 2019 2:44:36 AM okhttp3.mockwebserver.MockWebServer$2 execute\nINFO: MockWebServer[55271] starting to accept connections\nFeb 16, 2019 2:44:36 AM okhttp3.mockwebserver.MockWebServer$2 acceptConnections\nINFO: MockWebServer[55271] done accepting connections: Socket closed\nFeb 16, 2019 2:44:36 AM okhttp3.mockwebserver.MockWebServer$3 processOneRequest\nINFO: MockWebServer[55271] received request: GET / HTTP/1.1 and responded: HTTP/1.1 200 OK\nFeb 16, 2019 2:44:37 AM okhttp3.mockwebserver.MockWebServer$2 execute\nINFO: MockWebServer[60860] starting to accept connections\nFeb 16, 2019 2:44:37 AM okhttp3.mockwebserver.MockWebServer$2 acceptConnections\nINFO: MockWebServer[60860] done accepting connections: Socket closed\nFeb 16, 2019 2:44:37 AM okhttp3.mockwebserver.MockWebServer$3 processOneRequest\nINFO: MockWebServer[60860] received request: POST /Hello HTTP/1.1 and responded: HTTP/1.1 200 OK\nFeb 16, 2019 2:44:37 AM okhttp3.mockwebserver.MockWebServer$2 execute\nINFO: MockWebServer[42832] starting to accept connections\nFeb 16, 2019 2:44:37 AM okhttp3.mockwebserver.MockWebServer$2 acceptConnections\nINFO: MockWebServer[42832] done accepting connections: Socket closed\nFeb 16, 2019 2:44:37 AM okhttp3.mockwebserver.MockWebServer$3 processOneRequest\nINFO: MockWebServer[42832] received request: GET / HTTP/1.1 and responded: HTTP/1.1 200 OK\nFeb 16, 2019 2:44:37 AM okhttp3.mockwebserver.MockWebServer$2 execute\nINFO: MockWebServer[50508] starting to accept connections\nFeb 16, 2019 2:44:37 AM okhttp3.mockwebserver.MockWebServer$2 acceptConnections\nINFO: MockWebServer[50508] done accepting connections: Socket is closed\nFeb 16, 2019 2:44:37 AM okhttp3.mockwebserver.MockWebServer$2 execute\nINFO: MockWebServer[45762] starting to accept connections\nFeb 16, 2019 2:44:37 AM okhttp3.mockwebserver.MockWebServer$2 acceptConnections\nINFO: MockWebServer[45762] done accepting connections: Socket closed\nFeb 16, 2019 2:44:37 AM okhttp3.mockwebserver.MockWebServer$3 processOneRequest\nINFO: MockWebServer[45762] received request: POST / HTTP/1.1 and responded: HTTP/1.1 200 OK\nFeb 16, 2019 2:44:37 AM okhttp3.mockwebserver.MockWebServer$2 execute\nINFO: MockWebServer[53954] starting to accept connections\nFeb 16, 2019 2:44:37 AM okhttp3.mockwebserver.MockWebServer$2 acceptConnections\nINFO: MockWebServer[53954] done accepting connections: Socket is closed\nFeb 16, 2019 2:44:37 AM okhttp3.mockwebserver.MockWebServer$2 execute\nINFO: MockWebServer[34221] starting to accept connections\nFeb 16, 2019 2:44:37 AM okhttp3.mockwebserver.MockWebServer$2 acceptConnections\nINFO: MockWebServer[34221] done accepting connections: Socket is closed\nFeb 16, 2019 2:44:37 AM okhttp3.mockwebserver.MockWebServer$2 execute\nINFO: MockWebServer[56732] starting to accept connections\nFeb 16, 2019 2:44:37 AM okhttp3.mockwebserver.MockWebServer$2 acceptConnections\nINFO: MockWebServer[56732] done accepting connections: Socket is closed\nFeb 16, 2019 2:44:37 AM okhttp3.mockwebserver.MockWebServer$2 execute\nINFO: MockWebServer[49800] starting to accept connections\nFeb 16, 2019 2:44:37 AM okhttp3.mockwebserver.MockWebServer$2 acceptConnections\nINFO: MockWebServer[49800] done accepting connections: Socket is closed\nFeb 16, 2019 2:44:37 AM okhttp3.mockwebserver.MockWebServer$2 execute\nINFO: MockWebServer[34756] starting to accept connections\nFeb 16, 2019 2:44:37 AM okhttp3.mockwebserver.MockWebServer$2 acceptConnections\nINFO: MockWebServer[34756] done accepting connections: Socket is closed\nFeb 16, 2019 2:44:37 AM okhttp3.mockwebserver.MockWebServer$2 execute\nINFO: MockWebServer[60598] starting to accept connections\nFeb 16, 2019 2:44:37 AM okhttp3.mockwebserver.MockWebServer$2 acceptConnections\nINFO: MockWebServer[60598] done accepting connections: Socket is closed\nFeb 16, 2019 2:44:37 AM okhttp3.mockwebserver.MockWebServer$2 execute\nINFO: MockWebServer[56812] starting to accept connections\nFeb 16, 2019 2:44:37 AM okhttp3.mockwebserver.MockWebServer$2 acceptConnections\nINFO: MockWebServer[56812] done accepting connections: Socket closed\nFeb 16, 2019 2:44:37 AM okhttp3.mockwebserver.MockWebServer$3 processOneRequest\nINFO: MockWebServer[56812] received request: GET / HTTP/1.1 and responded: HTTP/1.1 200 OK\nFeb 16, 2019 2:44:37 AM okhttp3.mockwebserver.MockWebServer$2 execute\nINFO: MockWebServer[45187] starting to accept connections\nFeb 16, 2019 2:44:37 AM okhttp3.mockwebserver.MockWebServer$3 processOneRequest\nINFO: MockWebServer[45187] received request: GET / HTTP/1.1 and responded: HTTP/1.1 200 OK\nFeb 16, 2019 2:44:37 AM okhttp3.mockwebserver.MockWebServer$2 acceptConnections\nINFO: MockWebServer[45187] done accepting connections: Socket closed\nFeb 16, 2019 2:44:37 AM okhttp3.mockwebserver.MockWebServer$2 execute\nINFO: MockWebServer[48152] starting to accept connections\nFeb 16, 2019 2:44:37 AM okhttp3.mockwebserver.MockWebServer$2 acceptConnections\nINFO: MockWebServer[48152] done accepting connections: Socket closed\nFeb 16, 2019 2:44:37 AM okhttp3.mockwebserver.MockWebServer$3 processOneRequest\nINFO: MockWebServer[48152] received request: GET / HTTP/1.1 and responded: HTTP/1.1 205 Nothin\nFeb 16, 2019 2:44:37 AM okhttp3.mockwebserver.MockWebServer$2 execute\nINFO: MockWebServer[55030] starting to accept connections\nFeb 16, 2019 2:44:37 AM okhttp3.mockwebserver.MockWebServer$3 processOneRequest\nINFO: MockWebServer[55030] received request: GET / HTTP/1.1 and responded: HTTP/1.1 200 OK\nFeb 16, 2019 2:44:37 AM okhttp3.mockwebserver.MockWebServer$3 processOneRequest\nINFO: MockWebServer[55030] received request: GET / HTTP/1.1 and responded: HTTP/1.1 200 OK\nFeb 16, 2019 2:44:37 AM okhttp3.mockwebserver.MockWebServer$2 acceptConnections\nINFO: MockWebServer[55030] done accepting connections: Socket closed\nFeb 16, 2019 2:44:37 AM okhttp3.mockwebserver.MockWebServer$2 execute\nINFO: MockWebServer[38248] starting to accept connections\nFeb 16, 2019 2:44:37 AM okhttp3.mockwebserver.MockWebServer$2 acceptConnections\nINFO: MockWebServer[38248] done accepting connections: Socket closed\nFeb 16, 2019 2:44:37 AM okhttp3.mockwebserver.MockWebServer$2 execute\nINFO: MockWebServer[56834] starting to accept connections\nFeb 16, 2019 2:44:37 AM okhttp3.mockwebserver.MockWebServer$2 acceptConnections\nINFO: MockWebServer[56834] done accepting connections: Socket closed\nFeb 16, 2019 2:44:37 AM okhttp3.mockwebserver.MockWebServer$3 processOneRequest\nINFO: MockWebServer[56834] received request: GET / HTTP/1.1 and responded: HTTP/1.1 200 OK\nFeb 16, 2019 2:44:37 AM okhttp3.mockwebserver.MockWebServer$2 execute\nINFO: MockWebServer[41836] starting to accept connections\nFeb 16, 2019 2:44:37 AM okhttp3.mockwebserver.MockWebServer$2 acceptConnections\nINFO: MockWebServer[41836] done accepting connections: Socket closed\nFeb 16, 2019 2:44:37 AM okhttp3.mockwebserver.MockWebServer$2 execute\nINFO: MockWebServer[33246] starting to accept connections\nFeb 16, 2019 2:44:37 AM okhttp3.mockwebserver.MockWebServer$2 acceptConnections\nINFO: MockWebServer[33246] done accepting connections: Socket closed\nFeb 16, 2019 2:44:37 AM okhttp3.mockwebserver.MockWebServer$2 execute\nINFO: MockWebServer[50329] starting to accept connections\nFeb 16, 2019 2:44:37 AM okhttp3.mockwebserver.MockWebServer$2 acceptConnections\nINFO: MockWebServer[50329] done accepting connections: Socket closed\nFeb 16, 2019 2:44:37 AM okhttp3.mockwebserver.MockWebServer$2 execute\nINFO: MockWebServer[49152] starting to accept connections\nFeb 16, 2019 2:44:37 AM okhttp3.mockwebserver.MockWebServer$2 acceptConnections\nINFO: MockWebServer[49152] done accepting connections: Socket is closed\nFeb 16, 2019 2:44:37 AM okhttp3.mockwebserver.MockWebServer$2 execute\nINFO: MockWebServer[44912] starting to accept connections\nFeb 16, 2019 2:44:37 AM okhttp3.mockwebserver.MockWebServer$2 acceptConnections\nINFO: MockWebServer[44912] done accepting connections: Socket closed\nFeb 16, 2019 2:44:37 AM okhttp3.mockwebserver.MockWebServer$3 processOneRequest\nINFO: MockWebServer[44912] received request: GET / HTTP/1.1 and responded: HTTP/1.1 200 OK\nFeb 16, 2019 2:44:37 AM okhttp3.mockwebserver.MockWebServer$2 execute\nINFO: MockWebServer[55254] starting to accept connections\nFeb 16, 2019 2:44:37 AM okhttp3.mockwebserver.MockWebServer$2 acceptConnections\nINFO: MockWebServer[55254] done accepting connections: Socket closed\nFeb 16, 2019 2:44:37 AM okhttp3.mockwebserver.MockWebServer$3 processOneRequest\nINFO: MockWebServer[55254] received request: GET / HTTP/1.1 and responded: HTTP/1.1 200 OK\nFeb 16, 2019 2:44:37 AM okhttp3.mockwebserver.MockWebServer$2 execute\nINFO: MockWebServer[33791] starting to accept connections\nFeb 16, 2019 2:44:37 AM okhttp3.mockwebserver.MockWebServer$2 acceptConnections\nINFO: MockWebServer[33791] done accepting connections: Socket closed\nFeb 16, 2019 2:44:37 AM okhttp3.mockwebserver.MockWebServer$3 processOneRequest\nINFO: MockWebServer[33791] received request: GET / HTTP/1.1 and responded: HTTP/1.1 200 OK\nTests run: 42, Failures: 0, Errors: 0, Skipped: 0, Time elapsed: 0.85 sec\nRunning retrofit2.KotlinExtensionsTest\nFeb 16, 2019 2:44:37 AM okhttp3.mockwebserver.MockWebServer$2 execute\nINFO: MockWebServer[56485] starting to accept connections\nFeb 16, 2019 2:44:37 AM okhttp3.mockwebserver.MockWebServer$2 acceptConnections\nINFO: MockWebServer[56485] done accepting connections: Socket is closed\nTests run: 1, Failures: 0, Errors: 0, Skipped: 0, Time elapsed: 0.02 sec\nRunning retrofit2.CompletableFutureCallAdapterFactoryTest\nFeb 16, 2019 2:44:37 AM okhttp3.mockwebserver.MockWebServer$2 execute\nINFO: MockWebServer[57460] starting to accept connections\nFeb 16, 2019 2:44:37 AM okhttp3.mockwebserver.MockWebServer$2 acceptConnections\nINFO: MockWebServer[57460] done accepting connections: Socket closed\nFeb 16, 2019 2:44:37 AM okhttp3.mockwebserver.MockWebServer$2 execute\nINFO: MockWebServer[52961] starting to accept connections\nFeb 16, 2019 2:44:37 AM okhttp3.mockwebserver.MockWebServer$2 acceptConnections\nINFO: MockWebServer[52961] done accepting connections: Socket is closed\nFeb 16, 2019 2:44:37 AM okhttp3.mockwebserver.MockWebServer$2 execute\nINFO: MockWebServer[60879] starting to accept connections\nFeb 16, 2019 2:44:37 AM okhttp3.mockwebserver.MockWebServer$2 acceptConnections\nINFO: MockWebServer[60879] done accepting connections: Socket is closed\nFeb 16, 2019 2:44:37 AM okhttp3.mockwebserver.MockWebServer$2 execute\nINFO: MockWebServer[46375] starting to accept connections\nFeb 16, 2019 2:44:37 AM okhttp3.mockwebserver.MockWebServer$2 acceptConnections\nINFO: MockWebServer[46375] done accepting connections: Socket is closed\nTests run: 4, Failures: 0, Errors: 0, Skipped: 0, Time elapsed: 0.059 sec\nRunning retrofit2.OptionalConverterFactoryAndroidTest\nFeb 16, 2019 2:44:43 AM okhttp3.mockwebserver.MockWebServer$2 execute\nINFO: MockWebServer[60307] starting to accept connections\nFeb 16, 2019 2:44:44 AM okhttp3.mockwebserver.MockWebServer$3 processOneRequest\nINFO: MockWebServer[60307] received request: GET / HTTP/1.1 and responded: HTTP/1.1 200 OK\nFeb 16, 2019 2:44:44 AM okhttp3.mockwebserver.MockWebServer$2 acceptConnections\nINFO: MockWebServer[60307] done accepting connections: Socket closed\nFeb 16, 2019 2:44:48 AM okhttp3.mockwebserver.MockWebServer$2 execute\nINFO: MockWebServer[45495] starting to accept connections\nFeb 16, 2019 2:44:48 AM okhttp3.mockwebserver.MockWebServer$3 processOneRequest\nINFO: MockWebServer[45495] received request: GET / HTTP/1.1 and responded: HTTP/1.1 200 OK\nFeb 16, 2019 2:44:48 AM okhttp3.mockwebserver.MockWebServer$2 acceptConnections\nINFO: MockWebServer[45495] done accepting connections: Socket closed\nFeb 16, 2019 2:44:51 AM okhttp3.mockwebserver.MockWebServer$2 execute\nINFO: MockWebServer[36771] starting to accept connections\nFeb 16, 2019 2:44:52 AM okhttp3.mockwebserver.MockWebServer$2 acceptConnections\nINFO: MockWebServer[36771] done accepting connections: Socket closed\nTests run: 3, Failures: 0, Errors: 0, Skipped: 0, Time elapsed: 14.809 sec\nRunning retrofit2.KotlinSuspendRawTest\nFeb 16, 2019 2:44:52 AM okhttp3.mockwebserver.MockWebServer$2 execute\nINFO: MockWebServer[33866] starting to accept connections\nFeb 16, 2019 2:44:52 AM okhttp3.mockwebserver.MockWebServer$2 acceptConnections\nINFO: MockWebServer[33866] done accepting connections: Socket closed\nTests run: 1, Failures: 0, Errors: 1, Skipped: 0, Time elapsed: 0.061 sec <<< FAILURE!\nraw(retrofit2.KotlinSuspendRawTest)  Time elapsed: 0.053 sec  <<< ERROR!\njava.lang.NullPointerException\n\tat retrofit2.Utils.isKotlinMethodReturnTypeNullable(Utils.java:541)\n\tat retrofit2.HttpServiceMethod.parseAnnotations(HttpServiceMethod.java:52)\n\tat retrofit2.ServiceMethod.parseAnnotations(ServiceMethod.java:37)\n\tat retrofit2.Retrofit.loadServiceMethod(Retrofit.java:169)\n\tat retrofit2.Retrofit$1.invoke(Retrofit.java:148)\n\tat retrofit2.$Proxy40.body(Unknown Source)\n\tat retrofit2.KotlinSuspendRawTest.raw(KotlinSuspendRawTest.java:46)\n\tat sun.reflect.NativeMethodAccessorImpl.invoke0(Native Method)\n\tat sun.reflect.NativeMethodAccessorImpl.invoke(NativeMethodAccessorImpl.java:62)\n\tat sun.reflect.DelegatingMethodAccessorImpl.invoke(DelegatingMethodAccessorImpl.java:43)\n\tat java.lang.reflect.Method.invoke(Method.java:498)\n\tat org.junit.runners.model.FrameworkMethod$1.runReflectiveCall(FrameworkMethod.java:50)\n\tat org.junit.internal.runners.model.ReflectiveCallable.run(ReflectiveCallable.java:12)\n\tat org.junit.runners.model.FrameworkMethod.invokeExplosively(FrameworkMethod.java:47)\n\tat org.junit.internal.runners.statements.InvokeMethod.evaluate(InvokeMethod.java:17)\n\tat org.junit.rules.ExternalResource$1.evaluate(ExternalResource.java:48)\n\tat org.junit.rules.RunRules.evaluate(RunRules.java:20)\n\tat org.junit.runners.ParentRunner.runLeaf(ParentRunner.java:325)\n\tat org.junit.runners.BlockJUnit4ClassRunner.runChild(BlockJUnit4ClassRunner.java:78)\n\tat org.junit.runners.BlockJUnit4ClassRunner.runChild(BlockJUnit4ClassRunner.java:57)\n\tat org.junit.runners.ParentRunner$3.run(ParentRunner.java:290)\n\tat org.junit.runners.ParentRunner$1.schedule(ParentRunner.java:71)\n\tat org.junit.runners.ParentRunner.runChildren(ParentRunner.java:288)\n\tat org.junit.runners.ParentRunner.access$000(ParentRunner.java:58)\n\tat org.junit.runners.ParentRunner$2.evaluate(ParentRunner.java:268)\n\tat org.junit.runners.ParentRunner.run(ParentRunner.java:363)\n\tat org.apache.maven.surefire.junit4.JUnit4Provider.execute(JUnit4Provider.java:252)\n\tat org.apache.maven.surefire.junit4.JUnit4Provider.executeTestSet(JUnit4Provider.java:141)\n\tat org.apache.maven.surefire.junit4.JUnit4Provider.invoke(JUnit4Provider.java:112)\n\tat sun.reflect.NativeMethodAccessorImpl.invoke0(Native Method)\n\tat sun.reflect.NativeMethodAccessorImpl.invoke(NativeMethodAccessorImpl.java:62)\n\tat sun.reflect.DelegatingMethodAccessorImpl.invoke(DelegatingMethodAccessorImpl.java:43)\n\tat java.lang.reflect.Method.invoke(Method.java:498)\n\tat org.apache.maven.surefire.util.ReflectionUtils.invokeMethodWithArray(ReflectionUtils.java:189)\n\tat org.apache.maven.surefire.booter.ProviderFactory$ProviderProxy.invoke(ProviderFactory.java:165)\n\tat org.apache.maven.surefire.booter.ProviderFactory.invokeProvider(ProviderFactory.java:85)\n\tat org.apache.maven.surefire.booter.ForkedBooter.runSuitesInProcess(ForkedBooter.java:115)\n\tat org.apache.maven.surefire.booter.ForkedBooter.main(ForkedBooter.java:75)\n\nRunning retrofit2.CompletableFutureAndroidTest\nFeb 16, 2019 2:44:52 AM okhttp3.mockwebserver.MockWebServer$2 execute\nINFO: MockWebServer[48310] starting to accept connections\nFeb 16, 2019 2:44:52 AM okhttp3.mockwebserver.MockWebServer$2 acceptConnections\nINFO: MockWebServer[48310] done accepting connections: Socket closed\nFeb 16, 2019 2:44:52 AM okhttp3.mockwebserver.MockWebServer$2 execute\nINFO: MockWebServer[36448] starting to accept connections\nFeb 16, 2019 2:44:52 AM okhttp3.mockwebserver.MockWebServer$3 processOneRequest\nINFO: MockWebServer[36448] received request: GET / HTTP/1.1 and responded: HTTP/1.1 200 OK\nFeb 16, 2019 2:44:52 AM okhttp3.mockwebserver.MockWebServer$2 acceptConnections\nINFO: MockWebServer[36448] done accepting connections: Socket closed\nTests run: 2, Failures: 0, Errors: 0, Skipped: 0, Time elapsed: 0.15 sec\nRunning retrofit2.RequestFactoryBuilderTest\nTests run: 1, Failures: 0, Errors: 0, Skipped: 0, Time elapsed: 0.01 sec\nRunning retrofit2.CallAdapterTest\nTests run: 4, Failures: 0, Errors: 0, Skipped: 0, Time elapsed: 0.01 sec\nRunning retrofit2.KotlinSuspendTest\nFeb 16, 2019 2:44:52 AM okhttp3.mockwebserver.MockWebServer$2 execute\nINFO: MockWebServer[40315] starting to accept connections\nFeb 16, 2019 2:44:52 AM okhttp3.mockwebserver.MockWebServer$3 processOneRequest\nINFO: MockWebServer[40315] received request: GET / HTTP/1.1 and responded: HTTP/1.1 204 OK\nFeb 16, 2019 2:44:52 AM okhttp3.mockwebserver.MockWebServer$2 acceptConnections\nINFO: MockWebServer[40315] done accepting connections: Socket closed\nFeb 16, 2019 2:44:52 AM okhttp3.mockwebserver.MockWebServer$2 execute\nINFO: MockWebServer[37763] starting to accept connections\nFeb 16, 2019 2:44:52 AM okhttp3.mockwebserver.MockWebServer$2 acceptConnections\nINFO: MockWebServer[37763] done accepting connections: Socket closed\nFeb 16, 2019 2:44:52 AM okhttp3.mockwebserver.MockWebServer$3 processOneRequest\nINFO: MockWebServer[37763] received request: GET /1/2/3 HTTP/1.1 and responded: HTTP/1.1 200 OK\nFeb 16, 2019 2:44:52 AM okhttp3.mockwebserver.MockWebServer$2 execute\nINFO: MockWebServer[53764] starting to accept connections\nFeb 16, 2019 2:44:52 AM okhttp3.mockwebserver.MockWebServer$3 processConnection\nWARNING: MockWebServer[53764] connection from /127.0.0.1 didn't make a request\nFeb 16, 2019 2:44:52 AM okhttp3.mockwebserver.MockWebServer$2 acceptConnections\nINFO: MockWebServer[53764] done accepting connections: Socket closed\nFeb 16, 2019 2:44:52 AM okhttp3.mockwebserver.MockWebServer$2 execute\nINFO: MockWebServer[48897] starting to accept connections\nFeb 16, 2019 2:44:52 AM okhttp3.mockwebserver.MockWebServer$2 acceptConnections\nINFO: MockWebServer[48897] done accepting connections: Socket closed\nFeb 16, 2019 2:44:52 AM okhttp3.mockwebserver.MockWebServer$3 processOneRequest\nINFO: MockWebServer[48897] received request: GET / HTTP/1.1 and responded: HTTP/1.1 200 OK\nFeb 16, 2019 2:44:52 AM okhttp3.mockwebserver.MockWebServer$2 execute\nINFO: MockWebServer[60230] starting to accept connections\nFeb 16, 2019 2:44:52 AM okhttp3.mockwebserver.MockWebServer$3 processOneRequest\nINFO: MockWebServer[60230] received request: GET / HTTP/1.1 and responded: HTTP/1.1 204 OK\nFeb 16, 2019 2:44:52 AM okhttp3.mockwebserver.MockWebServer$2 acceptConnections\nINFO: MockWebServer[60230] done accepting connections: Socket closed\nFeb 16, 2019 2:44:52 AM okhttp3.mockwebserver.MockWebServer$2 execute\nINFO: MockWebServer[48161] starting to accept connections\nFeb 16, 2019 2:44:52 AM okhttp3.mockwebserver.MockWebServer$2 acceptConnections\nINFO: MockWebServer[48161] done accepting connections: Socket closed\nFeb 16, 2019 2:44:52 AM okhttp3.mockwebserver.MockWebServer$3 processOneRequest\nINFO: MockWebServer[48161] received request: GET / HTTP/1.1 and responded: HTTP/1.1 200 OK\nFeb 16, 2019 2:44:53 AM okhttp3.mockwebserver.MockWebServer$2 execute\nINFO: MockWebServer[54828] starting to accept connections\nFeb 16, 2019 2:44:53 AM okhttp3.mockwebserver.MockWebServer$3 processOneRequest\nINFO: MockWebServer[54828] received request: GET / HTTP/1.1 and responded: HTTP/1.1 404 Client Error\nFeb 16, 2019 2:44:53 AM okhttp3.mockwebserver.MockWebServer$2 acceptConnections\nINFO: MockWebServer[54828] done accepting connections: Socket closed\nFeb 16, 2019 2:44:53 AM okhttp3.mockwebserver.MockWebServer$2 execute\nINFO: MockWebServer[51777] starting to accept connections\nFeb 16, 2019 2:44:53 AM okhttp3.mockwebserver.MockWebServer$3 processConnection\nWARNING: MockWebServer[51777] connection from /127.0.0.1 didn't make a request\nFeb 16, 2019 2:44:53 AM okhttp3.mockwebserver.MockWebServer$2 acceptConnections\nINFO: MockWebServer[51777] done accepting connections: Socket closed\nFeb 16, 2019 2:44:53 AM okhttp3.mockwebserver.MockWebServer$2 execute\nINFO: MockWebServer[60642] starting to accept connections\nFeb 16, 2019 2:44:53 AM okhttp3.mockwebserver.MockWebServer$2 acceptConnections\nINFO: MockWebServer[60642] done accepting connections: Socket closed\nFeb 16, 2019 2:44:53 AM okhttp3.mockwebserver.MockWebServer$3 processOneRequest\nINFO: MockWebServer[60642] received request: GET / HTTP/1.1 and responded: HTTP/1.1 404 Client Error\nTests run: 9, Failures: 0, Errors: 1, Skipped: 0, Time elapsed: 0.627 sec <<< FAILURE!\nbodyNullable(retrofit2.KotlinSuspendTest)  Time elapsed: 0.178 sec  <<< ERROR!\nkotlin.KotlinNullPointerException\n\tat \b\b\b(Coroutine boundary.\b(\b)\n\tat retrofit2.KotlinSuspendTest$bodyNullable$body$1.invokeSuspend(KotlinSuspendTest.kt:122)\nCaused by: kotlin.KotlinNullPointerException: Response from retrofit2.KotlinSuspendTest$Service.bodyNullable was null but response body type was declared as non-null\n\tat retrofit2.KotlinExtensions$await$2$2.onResponse(KotlinExtensions.kt:39)\n\tat retrofit2.OkHttpCall$1.onResponse(OkHttpCall.java:129)\n\tat okhttp3.RealCall$AsyncCall.execute(RealCall.java:206)\n\tat okhttp3.internal.NamedRunnable.run(NamedRunnable.java:32)\n\tat java.util.concurrent.ThreadPoolExecutor.runWorker(ThreadPoolExecutor.java:1149)\n\tat java.util.concurrent.ThreadPoolExecutor$Worker.run(ThreadPoolExecutor.java:624)\n\tat java.lang.Thread.run(Thread.java:748)\n\nRunning retrofit2.InvocationTest\nTests run: 4, Failures: 0, Errors: 0, Skipped: 0, Time elapsed: 0.03 sec\nRunning retrofit2.RetrofitTest\nFeb 16, 2019 2:44:53 AM okhttp3.mockwebserver.MockWebServer$2 execute\nINFO: MockWebServer[37701] starting to accept connections\nFeb 16, 2019 2:44:53 AM okhttp3.mockwebserver.MockWebServer$2 acceptConnections\nINFO: MockWebServer[37701] done accepting connections: Socket closed\nFeb 16, 2019 2:44:53 AM okhttp3.mockwebserver.MockWebServer$2 execute\nINFO: MockWebServer[45723] starting to accept connections\nFeb 16, 2019 2:44:53 AM okhttp3.mockwebserver.MockWebServer$2 acceptConnections\nINFO: MockWebServer[45723] done accepting connections: Socket closed\nFeb 16, 2019 2:44:53 AM okhttp3.mockwebserver.MockWebServer$2 execute\nINFO: MockWebServer[47607] starting to accept connections\nFeb 16, 2019 2:44:53 AM okhttp3.mockwebserver.MockWebServer$2 acceptConnections\nINFO: MockWebServer[47607] done accepting connections: Socket closed\nFeb 16, 2019 2:44:53 AM okhttp3.mockwebserver.MockWebServer$2 execute\nINFO: MockWebServer[60772] starting to accept connections\nFeb 16, 2019 2:44:53 AM okhttp3.mockwebserver.MockWebServer$2 acceptConnections\nINFO: MockWebServer[60772] done accepting connections: Socket closed\nFeb 16, 2019 2:44:53 AM okhttp3.mockwebserver.MockWebServer$2 execute\nINFO: MockWebServer[48291] starting to accept connections\nFeb 16, 2019 2:44:53 AM okhttp3.mockwebserver.MockWebServer$2 acceptConnections\nINFO: MockWebServer[48291] done accepting connections: Socket is closed\nFeb 16, 2019 2:44:53 AM okhttp3.mockwebserver.MockWebServer$2 execute\nINFO: MockWebServer[57499] starting to accept connections\nFeb 16, 2019 2:44:53 AM okhttp3.mockwebserver.MockWebServer$3 processOneRequest\nINFO: MockWebServer[57499] received request: GET / HTTP/1.1 and responded: HTTP/1.1 200 OK\nFeb 16, 2019 2:44:53 AM okhttp3.mockwebserver.MockWebServer$2 acceptConnections\nINFO: MockWebServer[57499] done accepting connections: Socket closed\nFeb 16, 2019 2:44:53 AM okhttp3.mockwebserver.MockWebServer$2 execute\nINFO: MockWebServer[39712] starting to accept connections\nFeb 16, 2019 2:44:53 AM okhttp3.mockwebserver.MockWebServer$2 acceptConnections\nINFO: MockWebServer[39712] done accepting connections: Socket closed\nFeb 16, 2019 2:44:53 AM okhttp3.mockwebserver.MockWebServer$2 execute\nINFO: MockWebServer[47268] starting to accept connections\nFeb 16, 2019 2:44:53 AM okhttp3.mockwebserver.MockWebServer$2 acceptConnections\nINFO: MockWebServer[47268] done accepting connections: Socket is closed\nFeb 16, 2019 2:44:53 AM okhttp3.mockwebserver.MockWebServer$2 execute\nINFO: MockWebServer[44131] starting to accept connections\nFeb 16, 2019 2:44:53 AM okhttp3.mockwebserver.MockWebServer$2 acceptConnections\nINFO: MockWebServer[44131] done accepting connections: Socket closed\nFeb 16, 2019 2:44:53 AM okhttp3.mockwebserver.MockWebServer$2 execute\nINFO: MockWebServer[43149] starting to accept connections\nFeb 16, 2019 2:44:53 AM okhttp3.mockwebserver.MockWebServer$2 acceptConnections\nINFO: MockWebServer[43149] done accepting connections: Socket closed\nFeb 16, 2019 2:44:53 AM okhttp3.mockwebserver.MockWebServer$2 execute\nINFO: MockWebServer[34761] starting to accept connections\nFeb 16, 2019 2:44:53 AM okhttp3.mockwebserver.MockWebServer$2 acceptConnections\nINFO: MockWebServer[34761] done accepting connections: Socket closed\nFeb 16, 2019 2:44:53 AM okhttp3.mockwebserver.MockWebServer$2 execute\nINFO: MockWebServer[51132] starting to accept connections\nFeb 16, 2019 2:44:53 AM okhttp3.mockwebserver.MockWebServer$2 acceptConnections\nINFO: MockWebServer[51132] done accepting connections: Socket closed\nFeb 16, 2019 2:44:53 AM okhttp3.mockwebserver.MockWebServer$2 execute\nINFO: MockWebServer[45390] starting to accept connections\nFeb 16, 2019 2:44:53 AM okhttp3.mockwebserver.MockWebServer$2 acceptConnections\nINFO: MockWebServer[45390] done accepting connections: Socket closed\nFeb 16, 2019 2:44:53 AM okhttp3.mockwebserver.MockWebServer$2 execute\nINFO: MockWebServer[56559] starting to accept connections\nFeb 16, 2019 2:44:53 AM okhttp3.mockwebserver.MockWebServer$2 acceptConnections\nINFO: MockWebServer[56559] done accepting connections: Socket closed\nFeb 16, 2019 2:44:53 AM okhttp3.mockwebserver.MockWebServer$2 execute\nINFO: MockWebServer[57090] starting to accept connections\nFeb 16, 2019 2:44:53 AM okhttp3.mockwebserver.MockWebServer$2 acceptConnections\nINFO: MockWebServer[57090] done accepting connections: Socket closed\nFeb 16, 2019 2:44:53 AM okhttp3.mockwebserver.MockWebServer$2 execute\nINFO: MockWebServer[42632] starting to accept connections\nFeb 16, 2019 2:44:53 AM okhttp3.mockwebserver.MockWebServer$2 acceptConnections\nINFO: MockWebServer[42632] done accepting connections: Socket closed\nFeb 16, 2019 2:44:53 AM okhttp3.mockwebserver.MockWebServer$2 execute\nINFO: MockWebServer[36671] starting to accept connections\nFeb 16, 2019 2:44:53 AM okhttp3.mockwebserver.MockWebServer$2 acceptConnections\nINFO: MockWebServer[36671] done accepting connections: Socket closed\nFeb 16, 2019 2:44:53 AM okhttp3.mockwebserver.MockWebServer$3 processOneRequest\nINFO: MockWebServer[36671] received request: GET / HTTP/1.1 and responded: HTTP/1.1 200 OK\nFeb 16, 2019 2:44:53 AM okhttp3.mockwebserver.MockWebServer$2 execute\nINFO: MockWebServer[40473] starting to accept connections\nFeb 16, 2019 2:44:53 AM okhttp3.mockwebserver.MockWebServer$2 acceptConnections\nINFO: MockWebServer[40473] done accepting connections: Socket is closed\nFeb 16, 2019 2:44:53 AM okhttp3.mockwebserver.MockWebServer$2 execute\nINFO: MockWebServer[32818] starting to accept connections\nFeb 16, 2019 2:44:53 AM okhttp3.mockwebserver.MockWebServer$2 acceptConnections\nINFO: MockWebServer[32818] done accepting connections: Socket closed\nFeb 16, 2019 2:44:53 AM okhttp3.mockwebserver.MockWebServer$2 execute\nINFO: MockWebServer[42950] starting to accept connections\nFeb 16, 2019 2:44:53 AM okhttp3.mockwebserver.MockWebServer$2 acceptConnections\nINFO: MockWebServer[42950] done accepting connections: Socket closed\nFeb 16, 2019 2:44:53 AM okhttp3.mockwebserver.MockWebServer$3 processOneRequest\nINFO: MockWebServer[42950] received request: GET / HTTP/1.1 and responded: HTTP/1.1 200 OK\nFeb 16, 2019 2:44:53 AM okhttp3.mockwebserver.MockWebServer$2 execute\nINFO: MockWebServer[37428] starting to accept connections\nFeb 16, 2019 2:44:53 AM okhttp3.mockwebserver.MockWebServer$2 acceptConnections\nINFO: MockWebServer[37428] done accepting connections: Socket closed\nFeb 16, 2019 2:44:53 AM okhttp3.mockwebserver.MockWebServer$2 execute\nINFO: MockWebServer[40401] starting to accept connections\nFeb 16, 2019 2:44:53 AM okhttp3.mockwebserver.MockWebServer$2 acceptConnections\nINFO: MockWebServer[40401] done accepting connections: Socket closed\nFeb 16, 2019 2:44:53 AM okhttp3.mockwebserver.MockWebServer$3 processOneRequest\nINFO: MockWebServer[40401] received request: POST / HTTP/1.1 and responded: HTTP/1.1 200 OK\nFeb 16, 2019 2:44:53 AM okhttp3.mockwebserver.MockWebServer$2 execute\nINFO: MockWebServer[44149] starting to accept connections\nFeb 16, 2019 2:44:53 AM okhttp3.mockwebserver.MockWebServer$2 acceptConnections\nINFO: MockWebServer[44149] done accepting connections: Socket closed\nFeb 16, 2019 2:44:53 AM okhttp3.mockwebserver.MockWebServer$2 execute\nINFO: MockWebServer[50827] starting to accept connections\nFeb 16, 2019 2:44:53 AM okhttp3.mockwebserver.MockWebServer$2 acceptConnections\nINFO: MockWebServer[50827] done accepting connections: Socket closed\nFeb 16, 2019 2:44:54 AM okhttp3.mockwebserver.MockWebServer$2 execute\nINFO: MockWebServer[50153] starting to accept connections\nFeb 16, 2019 2:44:54 AM okhttp3.mockwebserver.MockWebServer$2 acceptConnections\nINFO: MockWebServer[50153] done accepting connections: Socket closed\nFeb 16, 2019 2:44:54 AM okhttp3.mockwebserver.MockWebServer$2 execute\nINFO: MockWebServer[43395] starting to accept connections\nFeb 16, 2019 2:44:54 AM okhttp3.mockwebserver.MockWebServer$2 acceptConnections\nINFO: MockWebServer[43395] done accepting connections: Socket is closed\nFeb 16, 2019 2:44:54 AM okhttp3.mockwebserver.MockWebServer$2 execute\nINFO: MockWebServer[48271] starting to accept connections\nFeb 16, 2019 2:44:54 AM okhttp3.mockwebserver.MockWebServer$2 acceptConnections\nINFO: MockWebServer[48271] done accepting connections: Socket closed\nFeb 16, 2019 2:44:54 AM okhttp3.mockwebserver.MockWebServer$2 execute\nINFO: MockWebServer[35016] starting to accept connections\nFeb 16, 2019 2:44:54 AM okhttp3.mockwebserver.MockWebServer$2 acceptConnections\nINFO: MockWebServer[35016] done accepting connections: Socket is closed\nFeb 16, 2019 2:44:54 AM okhttp3.mockwebserver.MockWebServer$2 execute\nINFO: MockWebServer[51299] starting to accept connections\nFeb 16, 2019 2:44:54 AM okhttp3.mockwebserver.MockWebServer$2 acceptConnections\nINFO: MockWebServer[51299] done accepting connections: Socket is closed\nFeb 16, 2019 2:44:54 AM okhttp3.mockwebserver.MockWebServer$2 execute\nINFO: MockWebServer[47371] starting to accept connections\nFeb 16, 2019 2:44:54 AM okhttp3.mockwebserver.MockWebServer$3 processOneRequest\nINFO: MockWebServer[47371] received request: GET / HTTP/1.1 and responded: HTTP/1.1 200 OK\nFeb 16, 2019 2:44:54 AM okhttp3.mockwebserver.MockWebServer$2 acceptConnections\nINFO: MockWebServer[47371] done accepting connections: Socket closed\nFeb 16, 2019 2:44:54 AM okhttp3.mockwebserver.MockWebServer$2 execute\nINFO: MockWebServer[36782] starting to accept connections\nFeb 16, 2019 2:44:54 AM okhttp3.mockwebserver.MockWebServer$2 acceptConnections\nINFO: MockWebServer[36782] done accepting connections: Socket closed\nFeb 16, 2019 2:44:54 AM okhttp3.mockwebserver.MockWebServer$2 execute\nINFO: MockWebServer[36875] starting to accept connections\nFeb 16, 2019 2:44:54 AM okhttp3.mockwebserver.MockWebServer$2 acceptConnections\nINFO: MockWebServer[36875] done accepting connections: Socket closed\nFeb 16, 2019 2:44:54 AM okhttp3.mockwebserver.MockWebServer$2 execute\nINFO: MockWebServer[39728] starting to accept connections\nFeb 16, 2019 2:44:54 AM okhttp3.mockwebserver.MockWebServer$2 acceptConnections\nINFO: MockWebServer[39728] done accepting connections: Socket is closed\nFeb 16, 2019 2:44:54 AM okhttp3.mockwebserver.MockWebServer$2 execute\nINFO: MockWebServer[44568] starting to accept connections\nFeb 16, 2019 2:44:54 AM okhttp3.mockwebserver.MockWebServer$2 acceptConnections\nINFO: MockWebServer[44568] done accepting connections: Socket closed\nFeb 16, 2019 2:44:54 AM okhttp3.mockwebserver.MockWebServer$2 execute\nINFO: MockWebServer[34142] starting to accept connections\nFeb 16, 2019 2:44:54 AM okhttp3.mockwebserver.MockWebServer$2 acceptConnections\nINFO: MockWebServer[34142] done accepting connections: Socket closed\nFeb 16, 2019 2:44:54 AM okhttp3.mockwebserver.MockWebServer$2 execute\nINFO: MockWebServer[53766] starting to accept connections\nFeb 16, 2019 2:44:54 AM okhttp3.mockwebserver.MockWebServer$3 processOneRequest\nINFO: MockWebServer[53766] received request: GET / HTTP/1.1 and responded: HTTP/1.1 200 OK\nFeb 16, 2019 2:44:54 AM okhttp3.mockwebserver.MockWebServer$3 processOneRequest\nINFO: MockWebServer[53766] received request: GET / HTTP/1.1 and responded: HTTP/1.1 200 OK\nFeb 16, 2019 2:44:54 AM okhttp3.mockwebserver.MockWebServer$2 acceptConnections\nINFO: MockWebServer[53766] done accepting connections: Socket closed\nFeb 16, 2019 2:44:54 AM okhttp3.mockwebserver.MockWebServer$2 execute\nINFO: MockWebServer[44314] starting to accept connections\nFeb 16, 2019 2:44:54 AM okhttp3.mockwebserver.MockWebServer$2 acceptConnections\nINFO: MockWebServer[44314] done accepting connections: Socket closed\nFeb 16, 2019 2:44:54 AM okhttp3.mockwebserver.MockWebServer$2 execute\nINFO: MockWebServer[43694] starting to accept connections\nFeb 16, 2019 2:44:54 AM okhttp3.mockwebserver.MockWebServer$2 acceptConnections\nINFO: MockWebServer[43694] done accepting connections: Socket closed\nFeb 16, 2019 2:44:54 AM okhttp3.mockwebserver.MockWebServer$2 execute\nINFO: MockWebServer[35612] starting to accept connections\nFeb 16, 2019 2:44:54 AM okhttp3.mockwebserver.MockWebServer$2 acceptConnections\nINFO: MockWebServer[35612] done accepting connections: Socket closed\nFeb 16, 2019 2:44:54 AM okhttp3.mockwebserver.MockWebServer$2 execute\nINFO: MockWebServer[46491] starting to accept connections\nFeb 16, 2019 2:44:54 AM okhttp3.mockwebserver.MockWebServer$2 acceptConnections\nINFO: MockWebServer[46491] done accepting connections: Socket closed\nFeb 16, 2019 2:44:54 AM okhttp3.mockwebserver.MockWebServer$2 execute\nINFO: MockWebServer[50492] starting to accept connections\nFeb 16, 2019 2:44:54 AM okhttp3.mockwebserver.MockWebServer$2 acceptConnections\nINFO: MockWebServer[50492] done accepting connections: Socket closed\nFeb 16, 2019 2:44:54 AM okhttp3.mockwebserver.MockWebServer$2 execute\nINFO: MockWebServer[40013] starting to accept connections\nFeb 16, 2019 2:44:54 AM okhttp3.mockwebserver.MockWebServer$2 acceptConnections\nINFO: MockWebServer[40013] done accepting connections: Socket closed\nFeb 16, 2019 2:44:54 AM okhttp3.mockwebserver.MockWebServer$2 execute\nINFO: MockWebServer[44823] starting to accept connections\nFeb 16, 2019 2:44:54 AM okhttp3.mockwebserver.MockWebServer$2 acceptConnections\nINFO: MockWebServer[44823] done accepting connections: Socket closed\nFeb 16, 2019 2:44:54 AM okhttp3.mockwebserver.MockWebServer$2 execute\nINFO: MockWebServer[53849] starting to accept connections\nFeb 16, 2019 2:44:54 AM okhttp3.mockwebserver.MockWebServer$2 acceptConnections\nINFO: MockWebServer[53849] done accepting connections: Socket closed\nFeb 16, 2019 2:44:54 AM okhttp3.mockwebserver.MockWebServer$2 execute\nINFO: MockWebServer[34795] starting to accept connections\nFeb 16, 2019 2:44:54 AM okhttp3.mockwebserver.MockWebServer$2 acceptConnections\nINFO: MockWebServer[34795] done accepting connections: Socket is closed\nFeb 16, 2019 2:44:54 AM okhttp3.mockwebserver.MockWebServer$2 execute\nINFO: MockWebServer[40616] starting to accept connections\nFeb 16, 2019 2:44:54 AM okhttp3.mockwebserver.MockWebServer$2 acceptConnections\nINFO: MockWebServer[40616] done accepting connections: Socket closed\nFeb 16, 2019 2:44:54 AM okhttp3.mockwebserver.MockWebServer$2 execute\nINFO: MockWebServer[60593] starting to accept connections\nFeb 16, 2019 2:44:54 AM okhttp3.mockwebserver.MockWebServer$2 acceptConnections\nINFO: MockWebServer[60593] done accepting connections: Socket closed\nFeb 16, 2019 2:44:54 AM okhttp3.mockwebserver.MockWebServer$2 execute\nINFO: MockWebServer[35757] starting to accept connections\nFeb 16, 2019 2:44:54 AM okhttp3.mockwebserver.MockWebServer$2 acceptConnections\nINFO: MockWebServer[35757] done accepting connections: Socket closed\nFeb 16, 2019 2:44:54 AM okhttp3.mockwebserver.MockWebServer$2 execute\nINFO: MockWebServer[33642] starting to accept connections\nFeb 16, 2019 2:44:54 AM okhttp3.mockwebserver.MockWebServer$2 acceptConnections\nINFO: MockWebServer[33642] done accepting connections: Socket is closed\nFeb 16, 2019 2:44:54 AM okhttp3.mockwebserver.MockWebServer$2 execute\nINFO: MockWebServer[59092] starting to accept connections\nFeb 16, 2019 2:44:54 AM okhttp3.mockwebserver.MockWebServer$3 processOneRequest\nINFO: MockWebServer[59092] received request: GET /?i=101 HTTP/1.1 and responded: HTTP/1.1 200 OK\nFeb 16, 2019 2:44:54 AM okhttp3.mockwebserver.MockWebServer$3 processOneRequest\nINFO: MockWebServer[59092] received request: GET /?i=201 HTTP/1.1 and responded: HTTP/1.1 200 OK\nFeb 16, 2019 2:44:54 AM okhttp3.mockwebserver.MockWebServer$2 acceptConnections\nINFO: MockWebServer[59092] done accepting connections: Socket closed\nFeb 16, 2019 2:44:54 AM okhttp3.mockwebserver.MockWebServer$2 execute\nINFO: MockWebServer[41453] starting to accept connections\nFeb 16, 2019 2:44:54 AM okhttp3.mockwebserver.MockWebServer$2 acceptConnections\nINFO: MockWebServer[41453] done accepting connections: Socket closed\nFeb 16, 2019 2:44:54 AM okhttp3.mockwebserver.MockWebServer$2 execute\nINFO: MockWebServer[36728] starting to accept connections\nFeb 16, 2019 2:44:54 AM okhttp3.mockwebserver.MockWebServer$2 acceptConnections\nINFO: MockWebServer[36728] done accepting connections: Socket closed\nFeb 16, 2019 2:44:54 AM okhttp3.mockwebserver.MockWebServer$2 execute\nINFO: MockWebServer[51138] starting to accept connections\nFeb 16, 2019 2:44:54 AM okhttp3.mockwebserver.MockWebServer$2 acceptConnections\nINFO: MockWebServer[51138] done accepting connections: Socket is closed\nFeb 16, 2019 2:44:54 AM okhttp3.mockwebserver.MockWebServer$2 execute\nINFO: MockWebServer[39627] starting to accept connections\nFeb 16, 2019 2:44:54 AM okhttp3.mockwebserver.MockWebServer$2 acceptConnections\nINFO: MockWebServer[39627] done accepting connections: Socket is closed\nFeb 16, 2019 2:44:54 AM okhttp3.mockwebserver.MockWebServer$2 execute\nINFO: MockWebServer[55227] starting to accept connections\nFeb 16, 2019 2:44:54 AM okhttp3.mockwebserver.MockWebServer$2 acceptConnections\nINFO: MockWebServer[55227] done accepting connections: Socket closed\nFeb 16, 2019 2:44:54 AM okhttp3.mockwebserver.MockWebServer$2 execute\nINFO: MockWebServer[58215] starting to accept connections\nFeb 16, 2019 2:44:54 AM okhttp3.mockwebserver.MockWebServer$2 acceptConnections\nINFO: MockWebServer[58215] done accepting connections: Socket closed\nFeb 16, 2019 2:44:54 AM okhttp3.mockwebserver.MockWebServer$2 execute\nINFO: MockWebServer[41215] starting to accept connections\nFeb 16, 2019 2:44:55 AM okhttp3.mockwebserver.MockWebServer$2 acceptConnections\nINFO: MockWebServer[41215] done accepting connections: Socket closed\nFeb 16, 2019 2:44:55 AM okhttp3.mockwebserver.MockWebServer$2 execute\nINFO: MockWebServer[48633] starting to accept connections\nFeb 16, 2019 2:44:55 AM okhttp3.mockwebserver.MockWebServer$2 acceptConnections\nINFO: MockWebServer[48633] done accepting connections: Socket is closed\nFeb 16, 2019 2:44:55 AM okhttp3.mockwebserver.MockWebServer$2 execute\nINFO: MockWebServer[51342] starting to accept connections\nFeb 16, 2019 2:44:55 AM okhttp3.mockwebserver.MockWebServer$2 acceptConnections\nINFO: MockWebServer[51342] done accepting connections: Socket closed\nFeb 16, 2019 2:44:55 AM okhttp3.mockwebserver.MockWebServer$2 execute\nINFO: MockWebServer[59784] starting to accept connections\nFeb 16, 2019 2:44:55 AM okhttp3.mockwebserver.MockWebServer$2 acceptConnections\nINFO: MockWebServer[59784] done accepting connections: Socket closed\nFeb 16, 2019 2:44:55 AM okhttp3.mockwebserver.MockWebServer$2 execute\nINFO: MockWebServer[34414] starting to accept connections\nFeb 16, 2019 2:44:55 AM okhttp3.mockwebserver.MockWebServer$2 acceptConnections\nINFO: MockWebServer[34414] done accepting connections: Socket closed\nFeb 16, 2019 2:44:55 AM okhttp3.mockwebserver.MockWebServer$2 execute\nINFO: MockWebServer[40309] starting to accept connections\nFeb 16, 2019 2:44:55 AM okhttp3.mockwebserver.MockWebServer$2 acceptConnections\nINFO: MockWebServer[40309] done accepting connections: Socket closed\nFeb 16, 2019 2:44:55 AM okhttp3.mockwebserver.MockWebServer$2 execute\nINFO: MockWebServer[44737] starting to accept connections\nFeb 16, 2019 2:44:55 AM okhttp3.mockwebserver.MockWebServer$2 acceptConnections\nINFO: MockWebServer[44737] done accepting connections: Socket is closed\nFeb 16, 2019 2:44:55 AM okhttp3.mockwebserver.MockWebServer$2 execute\nINFO: MockWebServer[52917] starting to accept connections\nFeb 16, 2019 2:44:55 AM okhttp3.mockwebserver.MockWebServer$2 acceptConnections\nINFO: MockWebServer[52917] done accepting connections: Socket closed\nFeb 16, 2019 2:44:55 AM okhttp3.mockwebserver.MockWebServer$2 execute\nINFO: MockWebServer[53652] starting to accept connections\nFeb 16, 2019 2:44:55 AM okhttp3.mockwebserver.MockWebServer$2 acceptConnections\nINFO: MockWebServer[53652] done accepting connections: Socket closed\nFeb 16, 2019 2:44:55 AM okhttp3.mockwebserver.MockWebServer$2 execute\nINFO: MockWebServer[56392] starting to accept connections\nFeb 16, 2019 2:44:55 AM okhttp3.mockwebserver.MockWebServer$2 acceptConnections\nINFO: MockWebServer[56392] done accepting connections: Socket closed\nFeb 16, 2019 2:44:55 AM okhttp3.mockwebserver.MockWebServer$2 execute\nINFO: MockWebServer[44314] starting to accept connections\nFeb 16, 2019 2:44:55 AM okhttp3.mockwebserver.MockWebServer$2 acceptConnections\nINFO: MockWebServer[44314] done accepting connections: Socket closed\nFeb 16, 2019 2:44:55 AM okhttp3.mockwebserver.MockWebServer$2 execute\nINFO: MockWebServer[59645] starting to accept connections\nFeb 16, 2019 2:44:55 AM okhttp3.mockwebserver.MockWebServer$2 acceptConnections\nINFO: MockWebServer[59645] done accepting connections: Socket closed\nTests run: 68, Failures: 0, Errors: 0, Skipped: 0, Time elapsed: 2.022 sec\nRunning retrofit2.ExecutorCallAdapterFactoryTest\nTests run: 7, Failures: 0, Errors: 0, Skipped: 0, Time elapsed: 0.128 sec\nRunning retrofit2.RequestFactoryAndroidTest\nTests run: 2, Failures: 0, Errors: 0, Skipped: 0, Time elapsed: 0.072 sec\nRunning retrofit2.RequestFactoryTest\nTests run: 159, Failures: 0, Errors: 0, Skipped: 0, Time elapsed: 0.184 sec\nRunning retrofit2.HttpExceptionTest\nTests run: 2, Failures: 0, Errors: 0, Skipped: 0, Time elapsed: 0 sec\nRunning retrofit2.CompletableFutureTest\nFeb 16, 2019 2:44:55 AM okhttp3.mockwebserver.MockWebServer$2 execute\nINFO: MockWebServer[47021] starting to accept connections\nFeb 16, 2019 2:44:55 AM okhttp3.mockwebserver.MockWebServer$2 acceptConnections\nINFO: MockWebServer[47021] done accepting connections: Socket closed\nFeb 16, 2019 2:44:55 AM okhttp3.mockwebserver.MockWebServer$3 processOneRequest\nINFO: MockWebServer[47021] received request: GET / HTTP/1.1 and responded: HTTP/1.1 200 OK\nFeb 16, 2019 2:44:55 AM okhttp3.mockwebserver.MockWebServer$2 execute\nINFO: MockWebServer[49236] starting to accept connections\nFeb 16, 2019 2:44:55 AM okhttp3.mockwebserver.MockWebServer$2 acceptConnections\nINFO: MockWebServer[49236] done accepting connections: Socket closed\nFeb 16, 2019 2:44:55 AM okhttp3.mockwebserver.MockWebServer$3 processOneRequest\nINFO: MockWebServer[49236] received request: GET / HTTP/1.1 and responded: HTTP/1.1 404 Client Error\nFeb 16, 2019 2:44:55 AM okhttp3.mockwebserver.MockWebServer$2 execute\nINFO: MockWebServer[54922] starting to accept connections\nFeb 16, 2019 2:44:55 AM okhttp3.mockwebserver.MockWebServer$2 acceptConnections\nINFO: MockWebServer[54922] done accepting connections: Socket closed\nFeb 16, 2019 2:44:55 AM okhttp3.mockwebserver.MockWebServer$3 processConnection\nWARNING: MockWebServer[54922] connection from /127.0.0.1 didn't make a request\nFeb 16, 2019 2:44:55 AM okhttp3.mockwebserver.MockWebServer$2 execute\nINFO: MockWebServer[44602] starting to accept connections\nFeb 16, 2019 2:44:55 AM okhttp3.mockwebserver.MockWebServer$2 acceptConnections\nINFO: MockWebServer[44602] done accepting connections: Socket closed\nFeb 16, 2019 2:44:55 AM okhttp3.mockwebserver.MockWebServer$3 processOneRequest\nINFO: MockWebServer[44602] received request: GET / HTTP/1.1 and responded: HTTP/1.1 200 OK\nFeb 16, 2019 2:44:55 AM okhttp3.mockwebserver.MockWebServer$2 execute\nINFO: MockWebServer[32909] starting to accept connections\nFeb 16, 2019 2:44:55 AM okhttp3.mockwebserver.MockWebServer$2 acceptConnections\nINFO: MockWebServer[32909] done accepting connections: Socket closed\nFeb 16, 2019 2:44:55 AM okhttp3.mockwebserver.MockWebServer$3 processOneRequest\nINFO: MockWebServer[32909] received request: GET / HTTP/1.1 and responded: HTTP/1.1 404 Client Error\nFeb 16, 2019 2:44:55 AM okhttp3.mockwebserver.MockWebServer$2 execute\nINFO: MockWebServer[52100] starting to accept connections\nFeb 16, 2019 2:44:55 AM okhttp3.mockwebserver.MockWebServer$2 acceptConnections\nINFO: MockWebServer[52100] done accepting connections: Socket closed\nFeb 16, 2019 2:44:55 AM okhttp3.mockwebserver.MockWebServer$3 processConnection\nWARNING: MockWebServer[52100] connection from /127.0.0.1 didn't make a request\nTests run: 6, Failures: 0, Errors: 0, Skipped: 0, Time elapsed: 0.133 sec\n\nResults :\n\nTests in error: \n  raw(retrofit2.KotlinSuspendRawTest)\n  bodyNullable(retrofit2.KotlinSuspendTest)\n\nTests run: 334, Failures: 0, Errors: 2, Skipped: 1\n\n[INFO] ------------------------------------------------------------------------\n[INFO] Reactor Summary:\n[INFO] \n[INFO] Retrofit (Parent) .................................. SUCCESS [  1.403 s]\n[INFO] Retrofit ........................................... FAILURE [ 34.569 s]\n[INFO] Adapters ........................................... SKIPPED\n[INFO] Adapter: Guava ..................................... SKIPPED\n[INFO] Adapter: Java 8 .................................... SKIPPED\n[INFO] Adapter: RxJava .................................... SKIPPED\n[INFO] Adapter: RxJava 2 .................................. SKIPPED\n[INFO] Adapter: Scala ..................................... SKIPPED\n[INFO] Converters ......................................... SKIPPED\n[INFO] Converter: Gson .................................... SKIPPED\n[INFO] Converter: Guava ................................... SKIPPED\n[INFO] Converter: Protocol Buffers ........................ SKIPPED\n[INFO] Converter: Jackson ................................. SKIPPED\n[INFO] Converter: Java 8 .................................. SKIPPED\n[INFO] Converter: Wire Protocol Buffers ................... SKIPPED\n[INFO] Converter: SimpleXML ............................... SKIPPED\n[INFO] Converter: Java Scalars ............................ SKIPPED\n[INFO] Converter: Moshi ................................... SKIPPED\n[INFO] Converter: JAXB .................................... SKIPPED\n[INFO] Retrofit Mock Adapter .............................. SKIPPED\n[INFO] Samples ............................................ SKIPPED\n[INFO] ------------------------------------------------------------------------\n[INFO] BUILD FAILURE\n[INFO] ------------------------------------------------------------------------\n[INFO] Total time: 36.460 s\n[INFO] Finished at: 2019-02-16T02:44:55Z\n[INFO] Final Memory: 46M/590M\n[INFO] ------------------------------------------------------------------------\n[ERROR] Failed to execute goal org.apache.maven.plugins:maven-surefire-plugin:2.12.4:test (default-test) on project retrofit: There are test failures.\n[ERROR] \n[ERROR] Please refer to /home/travis/build/square/retrofit/retrofit/target/surefire-reports for the individual test results.\n[ERROR] -> [Help 1]\n[ERROR] \n[ERROR] To see the full stack trace of the errors, re-run Maven with the -e switch.\n[ERROR] Re-run Maven using the -X switch to enable full debug logging.\n[ERROR] \n[ERROR] For more information about the errors and possible solutions, please read the following articles:\n[ERROR] [Help 1] http://cwiki.apache.org/confluence/display/MAVEN/MojoFailureException\n[ERROR] \n[ERROR] After correcting the problems, you can resume the build with the command\n[ERROR]   mvn <goals> -rf :retrofit\ntravis_time:end:2ecc1405:start=1550285057908065658,finish=1550285096218865145,duration=38310799487\n\u001b[0K\u001b[31;1mThe command \"mvn test -B\" exited with 1.\u001b[0m\n\ntravis_fold:start:cache.2\n\u001b[0Kstore build cache\ntravis_time:start:01dea310\n\u001b[0Ktravis_time:end:01dea310:start=1550285096224258105,finish=1550285096227625228,duration=3367123\n\u001b[0Ktravis_time:start:211c9a37\n\u001b[0K\u001b[32;1mchange detected (content changed, file is created, or file is deleted):\n/home/travis/.m2/repository/com/squareup/retrofit2/adapter-guava/2.5.1-SNAPSHOT/adapter-guava-2.5.1-SNAPSHOT.jar\n/home/travis/.m2/repository/com/squareup/retrofit2/adapter-guava/2.5.1-SNAPSHOT/maven-metadata-local.xml\n/home/travis/.m2/repository/com/squareup/retrofit2/adapter-guava/2.5.1-SNAPSHOT/_remote.repositories\n/home/travis/.m2/repository/com/squareup/retrofit2/adapter-guava/maven-metadata-local.xml\n/home/travis/.m2/repository/com/squareup/retrofit2/adapter-java8/2.5.1-SNAPSHOT/adapter-java8-2.5.1-SNAPSHOT.jar\n/home/travis/.m2/repository/com/squareup/retrofit2/adapter-java8/2.5.1-SNAPSHOT/maven-metadata-local.xml\n/home/travis/.m2/repository/com/squareup/retrofit2/adapter-java8/2.5.1-SNAPSHOT/_remote.repositories\n/home/travis/.m2/repository/com/squareup/retrofit2/adapter-java8/maven-metadata-local.xml\n/home/travis/.m2/repository/com/squareup/retrofit2/adapter-rxjava2/2.5.1-SNAPSHOT/adapter-rxjava2-2.5.1-SNAPSHOT.jar\n/home/travis/.m2/repository/com/squareup/retrofit2/adapter-rxjava2\n\u001b[0m\n\u001b[32;1m...\n\u001b[0m\n\u001b[32;1mchanges detected, packing new archive\u001b[0m\n.\n.\n.\n\u001b[32;1muploading 2019-02-15/cache-linux-trusty-e3b0c44298fc1c149afbf4c8996fb92427ae41e4649b934ca495991b7852b855--jdk-oraclejdk8.tgz\u001b[0m\n\u001b[32;1mcache uploaded\u001b[0m\ntravis_time:end:211c9a37:start=1550285096231961182,finish=1550285121433744586,duration=25201783404\n\u001b[0Ktravis_fold:end:cache.2\n\u001b[0K\n\nDone. Your build exited with 1.\n"
}