{
  "log_path": "Java/iluwatar@java-design-patterns/failed/565118220.log",
  "failure_chunk": "Exception in thread \"main\" java.lang.ExceptionInInitializerError\n\tat org.jruby.Ruby.newInstance(Ruby.java:266)\n\tat s3.website.Ruby$.rubyRuntime$lzycompute(Ruby.scala:4)\n\tat s3.website.Ruby$.rubyRuntime(Ruby.scala:4)\n\tat s3.website.model.Config$$anonfun$13.apply(Config.scala:215)\n\tat s3.website.model.Config$$anonfun$13.apply(Config.scala:213)\n\tat scala.util.Try$.apply(Try.scala:192)\n\tat s3.website.model.Config$.erbEval(Config.scala:213)\n\tat s3.website.model.Site$$anonfun$2.apply(Site.scala:28)\n\tat s3.website.model.Site$$anonfun$2.apply(Site.scala:27)\n\tat scala.util.Success.flatMap(Try.scala:231)\n\tat s3.website.model.Site$.parseConfig(Site.scala:27)\n\tat s3.website.model.Site$.loadSite(Site.scala:94)\n\tat s3.website.Push$.push(Push.scala:62)\n\tat s3.website.Push$.main(Push.scala:40)\n\tat s3.website.Push.main(Push.scala)\nCaused by: java.lang.RuntimeException: unsupported Java version: 11\n\tat org.jruby.RubyInstanceConfig.initGlobalJavaVersion(RubyInstanceConfig.java:1878)\n\tat org.jruby.RubyInstanceConfig.clinit>(RubyInstanceConfig.java:1585)\n\t... 15 more\n\n[31;1mThe command \"bundle exec s3_website push\" failed. Retrying, 2 of 3.[0m\n\nException in thread \"main\" java.lang.ExceptionInInitializerError\n\tat org.jruby.Ruby.newInstance(Ruby.java:266)\n\tat s3.website.Ruby$.rubyRuntime$lzycompute(Ruby.scala:4)\n\tat s3.website.Ruby$.rubyRuntime(Ruby.scala:4)\n\tat s3.website.model.Config$$anonfun$13.apply(Config.scala:215)\n\tat s3.website.model.Config$$anonfun$13.apply(Config.scala:213)\n\tat scala.util.Try$.apply(Try.scala:192)\n\tat s3.website.model.Config$.erbEval(Config.scala:213)\n\tat s3.website.model.Site$$anonfun$2.apply(Site.scala:28)\n\tat s3.website.model.Site$$anonfun$2.apply(Site.scala:27)\n\tat scala.util.Success.flatMap(Try.scala:231)\n\tat s3.website.model.Site$.parseConfig(Site.scala:27)\n\tat s3.website.model.Site$.loadSite(Site.scala:94)\n\tat s3.website.Push$.push(Push.scala:62)\n\tat s3.website.Push$.main(Push.scala:40)\n\tat s3.website.Push.main(Push.scala)\nCaused by: java.lang.RuntimeException: unsupported Java version: 11\n\tat org.jruby.RubyInstanceConfig.initGlobalJavaVersion(RubyInstanceConfig.java:1878)\n\tat org.jruby.RubyInstanceConfig.clinit>(RubyInstanceConfig.java:1585)\n\t... 15 more\n\n[31;1mThe command \"bundle exec s3_website push\" failed. Retrying, 3 of 3.[0m\n\nException in thread \"main\" java.lang.ExceptionInInitializerError\n\tat org.jruby.Ruby.newInstance(Ruby.java:266)\n\tat s3.website.Ruby$.rubyRuntime$lzycompute(Ruby.scala:4)\n\tat s3.website.Ruby$.rubyRuntime(Ruby.scala:4)\n\tat s3.website.model.Config$$anonfun$13.apply(Config.scala:215)\n\tat s3.website.model.Config$$anonfun$13.apply(Config.scala:213)\n\tat scala.util.Try$.apply(Try.scala:192)\n\tat s3.website.model.Config$.erbEval(Config.scala:213)\n\tat s3.website.model.Site$$anonfun$2.apply(Site.scala:28)\n\tat s3.website.model.Site$$anonfun$2.apply(Site.scala:27)\n\tat scala.util.Success.flatMap(Try.scala:231)\n\tat s3.website.model.Site$.parseConfig(Site.scala:27)\n\tat s3.website.model.Site$.loadSite(Site.scala:94)\n\tat s3.website.Push$.push(Push.scala:62)\n\tat s3.website.Push$.main(Push.scala:40)\n\tat s3.website.Push.main(Push.scala)\nCaused by: java.lang.RuntimeException: unsupported Java version: 11\n\tat org.jruby.RubyInstanceConfig.initGlobalJavaVersion(RubyInstanceConfig.java:1878)\n\tat org.jruby.RubyInstanceConfig.clinit>(RubyInstanceConfig.java:1585)\n\t... 15 more\n\n[31;1mThe command \"bundle exec s3_website push\" failed 3 times.",
  "keywords": [
    "Exception",
    "failed",
    ""
  ],
  "category": "1",
  "full_log": "travis_fold:start:worker_info\n\u001b[0K\u001b[33;1mWorker information\u001b[0m\nhostname: f5271559-d66c-46d4-93ad-5b190daf1483@1.worker-org-b6c9dcb4d-f9kwk.gce-production-1\nversion: v6.2.1 https://github.com/travis-ci/worker/tree/4e3246c044eb4915c2378ffacd0b3d3ed0136bba\ninstance: travis-job-5db6cb76-816c-4cf5-8ed0-ca9c1d4e34f1 travis-ci-sardonyx-xenial-1553530528-f909ac5 (via amqp)\nstartup: 6.460846958s\ntravis_fold:end:worker_info\n\u001b[0Ktravis_fold:start:system_info\n\u001b[0K\u001b[33;1mBuild system information\u001b[0m\nBuild language: ruby\nBuild group: stable\nBuild dist: xenial\nBuild id: 565118220\nJob id: 565118221\nRuntime kernel version: 4.15.0-1028-gcp\ntravis-build version: 24c88d12b\n\u001b[34m\u001b[1mBuild image provisioning date and time\u001b[0m\nMon Mar 25 16:43:24 UTC 2019\n\u001b[34m\u001b[1mOperating System Details\u001b[0m\nDistributor ID:\tUbuntu\nDescription:\tUbuntu 16.04.6 LTS\nRelease:\t16.04\nCodename:\txenial\n\u001b[34m\u001b[1mSystemd Version\u001b[0m\nsystemd 229\n\u001b[34m\u001b[1mCookbooks Version\u001b[0m\n42e42e4 https://github.com/travis-ci/travis-cookbooks/tree/42e42e4\n\u001b[34m\u001b[1mgit version\u001b[0m\ngit version 2.21.0\n\u001b[34m\u001b[1mbash version\u001b[0m\nGNU bash, version 4.3.48(1)-release (x86_64-pc-linux-gnu)\n\u001b[34m\u001b[1mgcc version\u001b[0m\ngcc (Ubuntu 5.4.0-6ubuntu1~16.04.11) 5.4.0 20160609\n\u001b[34m\u001b[1mdocker version\u001b[0m\nClient:\n Version:           18.06.0-ce\n API version:       1.38\n Go version:        go1.10.3\n Git commit:        0ffa825\n Built:             Wed Jul 18 19:11:02 2018\n OS/Arch:           linux/amd64\n Experimental:      false\n\nServer:\n Engine:\n  Version:          18.06.0-ce\n  API version:      1.38 (minimum version 1.12)\n  Go version:       go1.10.3\n  Git commit:       0ffa825\n  Built:            Wed Jul 18 19:09:05 2018\n  OS/Arch:          linux/amd64\n  Experimental:     false\n\u001b[34m\u001b[1mclang version\u001b[0m\nclang version 7.0.0 (tags/RELEASE_700/final)\n\u001b[34m\u001b[1mjq version\u001b[0m\njq-1.5\n\u001b[34m\u001b[1mbats version\u001b[0m\nBats 0.4.0\n\u001b[34m\u001b[1mshellcheck version\u001b[0m\n0.6.0\n\u001b[34m\u001b[1mshfmt version\u001b[0m\nv2.6.3\n\u001b[34m\u001b[1mccache version\u001b[0m\n3.2.4\n\u001b[34m\u001b[1mcmake version\u001b[0m\ncmake version 3.12.4\n\u001b[34m\u001b[1mheroku version\u001b[0m\nheroku/7.22.7 linux-x64 node-v11.10.1\n\u001b[34m\u001b[1mimagemagick version\u001b[0m\nVersion: ImageMagick 6.8.9-9 Q16 x86_64 2018-09-28 http://www.imagemagick.org\n\u001b[34m\u001b[1mmd5deep version\u001b[0m\n4.4\n\u001b[34m\u001b[1mmercurial version\u001b[0m\nversion 4.8\n\u001b[34m\u001b[1mmysql version\u001b[0m\nmysql  Ver 14.14 Distrib 5.7.25, for Linux (x86_64) using  EditLine wrapper\n\u001b[34m\u001b[1mopenssl version\u001b[0m\nOpenSSL 1.0.2g  1 Mar 2016\n\u001b[34m\u001b[1mpacker version\u001b[0m\n1.3.3\n\u001b[34m\u001b[1mpostgresql client version\u001b[0m\npsql (PostgreSQL) 10.7 (Ubuntu 10.7-1.pgdg16.04+1)\n\u001b[34m\u001b[1mragel version\u001b[0m\nRagel State Machine Compiler version 6.8 Feb 2013\n\u001b[34m\u001b[1msudo version\u001b[0m\n1.8.16\n\u001b[34m\u001b[1mgzip version\u001b[0m\ngzip 1.6\n\u001b[34m\u001b[1mzip version\u001b[0m\nZip 3.0\n\u001b[34m\u001b[1mvim version\u001b[0m\nVIM - Vi IMproved 7.4 (2013 Aug 10, compiled Nov 24 2016 16:44:48)\n\u001b[34m\u001b[1miptables version\u001b[0m\niptables v1.6.0\n\u001b[34m\u001b[1mcurl version\u001b[0m\ncurl 7.47.0 (x86_64-pc-linux-gnu) libcurl/7.47.0 GnuTLS/3.4.10 zlib/1.2.8 libidn/1.32 librtmp/2.3\n\u001b[34m\u001b[1mwget version\u001b[0m\nGNU Wget 1.17.1 built on linux-gnu.\n\u001b[34m\u001b[1mrsync version\u001b[0m\nrsync  version 3.1.1  protocol version 31\n\u001b[34m\u001b[1mgimme version\u001b[0m\nv1.5.3\n\u001b[34m\u001b[1mnvm version\u001b[0m\n0.34.0\n\u001b[34m\u001b[1mperlbrew version\u001b[0m\n/home/travis/perl5/perlbrew/bin/perlbrew  - App::perlbrew/0.86\n\u001b[34m\u001b[1mphpenv version\u001b[0m\nrbenv 1.1.2\n\u001b[34m\u001b[1mrvm version\u001b[0m\nrvm 1.29.7 (latest) by Michal Papis, Piotr Kuczynski, Wayne E. Seguin [https://rvm.io]\n\u001b[34m\u001b[1mdefault ruby version\u001b[0m\nruby 2.5.3p105 (2018-10-18 revision 65156) [x86_64-linux]\n\u001b[34m\u001b[1mCouchDB version\u001b[0m\ncouchdb 1.6.1\n\u001b[34m\u001b[1mElasticSearch version\u001b[0m\n5.5.0\n\u001b[34m\u001b[1mInstalled Firefox version\u001b[0m\nfirefox 63.0.1\n\u001b[34m\u001b[1mMongoDB version\u001b[0m\nMongoDB 4.0.7\n\u001b[34m\u001b[1mPhantomJS version\u001b[0m\n2.1.1\n\u001b[34m\u001b[1mPre-installed PostgreSQL versions\u001b[0m\n9.4.21\n9.5.16\n9.6.12\n\u001b[34m\u001b[1mRedis version\u001b[0m\nredis-server 5.0.4\n\u001b[34m\u001b[1mPre-installed Go versions\u001b[0m\n1.11.1\n\u001b[34m\u001b[1mmvn version\u001b[0m\nApache Maven 3.6.0 (97c98ec64a1fdfee7767ce5ffb20918da4f719f3; 2018-10-24T18:41:47Z)\n\u001b[34m\u001b[1mgradle version\u001b[0m\nGradle 4.10.2!\n\u001b[34m\u001b[1mlein version\u001b[0m\nLeiningen 2.9.1 on Java 11.0.2 OpenJDK 64-Bit Server VM\n\u001b[34m\u001b[1mPre-installed Node.js versions\u001b[0m\nv10.15.3\nv11.0.0\nv4.9.1\nv6.17.0\nv8.12.0\nv8.15.1\nv8.9\n\u001b[34m\u001b[1mphpenv versions\u001b[0m\n  system\n  5.6\n  5.6.40\n  7.1\n  7.1.27\n  7.2\n* 7.2.15 (set by /home/travis/.phpenv/version)\n  hhvm\n  hhvm-stable\n\u001b[34m\u001b[1mcomposer --version\u001b[0m\nComposer version 1.8.4 2019-02-11 10:52:10\n\u001b[34m\u001b[1mPre-installed Ruby versions\u001b[0m\nruby-2.3.8\nruby-2.4.5\nruby-2.5.3\ntravis_fold:end:system_info\n\u001b[0K\ntravis_fold:start:docker_mtu\n\u001b[0Ktravis_fold:end:docker_mtu\n\u001b[0Ktravis_fold:start:resolvconf\n\u001b[0Ktravis_fold:end:resolvconf\n\u001b[0K\ntravis_fold:start:git.checkout\n\u001b[0Ktravis_time:start:08d3c874\n\u001b[0K$ git clone --depth=50 --branch=gh-pages https://github.com/iluwatar/java-design-patterns.git iluwatar/java-design-patterns\nCloning into 'iluwatar/java-design-patterns'...\ntravis_time:end:08d3c874:start=1564425532841811570,finish=1564425533719166685,duration=877355115\n\u001b[0K$ cd iluwatar/java-design-patterns\n$ git checkout -qf e3bdc1e05d8260b48b51cc9d9b31a4f2561966b1\ntravis_fold:end:git.checkout\n\u001b[0K\ntravis_fold:start:git.submodule\n\u001b[0Ktravis_time:start:0db64218\n\u001b[0K$ git submodule update --init --recursive\nSubmodule 'patterns' (https://github.com/iluwatar/java-design-patterns.git) registered for path 'patterns'\nSubmodule 'programming-principles' (https://github.com/webpro/programming-principles.git) registered for path 'programming-principles'\nCloning into '/home/travis/build/iluwatar/java-design-patterns/patterns'...\nCloning into '/home/travis/build/iluwatar/java-design-patterns/programming-principles'...\nSubmodule path 'patterns': checked out '517c20960d1ac42c1c6a031df360baf27ef8d683'\nSubmodule path 'programming-principles': checked out '0b6db25cab685b2e0af9adde6552cb27182fb944'\ntravis_time:end:0db64218:start=1564425533747973005,finish=1564425536501286770,duration=2753313765\n\u001b[0Ktravis_fold:end:git.submodule\n\u001b[0K\n\u001b[33;1mSetting environment variables from .travis.yml\u001b[0m\n$ export NOKOGIRI_USE_SYSTEM_LIBRARIES=true\n$ export S3_ID=[secure]\n$ export S3_SECRET=[secure]\n\ntravis_fold:start:rvm\n\u001b[0Ktravis_time:start:17b40f2a\n\u001b[0K$ rvm use 2.2.0 --install --binary --fuzzy\ncurl: (22) The requested URL returned error: 404 Not Found\nRequired ruby-2.2.0 is not installed - installing.\ncurl: (22) The requested URL returned error: 404 Not Found\nSearching for binary rubies, this might take some time.\nFound remote file https://rubies.travis-ci.org/ubuntu/16.04/x86_64/ruby-2.2.0.tar.bz2\nChecking requirements for ubuntu.\nRequirements installation successful.\nruby-2.2.0 - #configure\nruby-2.2.0 - #download\n  % Total    % Received % Xferd  Average Speed   Time    Time     Time  Current\n                                 Dload  Upload   Total   Spent    Left  Speed\n\n  0     0    0     0    0     0      0      0 --:--:-- --:--:-- --:--:--     0\n  0     0    0     0    0     0      0      0 --:--:-- --:--:-- --:--:--     0\n\n  0     0    0     0    0     0      0      0 --:--:-- --:--:-- --:--:--     0\n100 23.1M  100 23.1M    0     0  24.8M      0 --:--:-- --:--:-- --:--:-- 48.8M\nNo checksum for downloaded archive, recording checksum in user configuration.\nruby-2.2.0 - #validate archive\nruby-2.2.0 - #extract\nruby-2.2.0 - #validate binary\nruby-2.2.0 - #setup\nruby-2.2.0 - #gemset created /home/travis/.rvm/gems/ruby-2.2.0@global\n\u001b[32mruby-2.2.0 - #importing gemset /home/travis/.rvm/gemsets/global.gems\u001b[0mthere was an error installing gem bundler\n|\b/\b-\b\\\b|\b/\b-\b\\\b|\b.-\b\\\b|\b/\b-\b\\\b|\b/\b-\b.|\b/\b-\b\\\b|\b/\b-\b\\\b|\b.-\b\\\b|\b/\b-\b\\\b|\b/\b-\b.|\b/\b-\b\\\b|\b/\b-\b\\\b|\b.-\b\\\b|\b/\b-\b\\\b|\b/\b-\b.|\b/\b-\b\\\b|\b/\b-\b\\\b|\b.-\b\\\b|\b/\b-\b\\\b|\b/\b-\b.|\b/\b-\b\\\b|\b/\b-\b\\\b|\b.-\b\\\b|\b/\b-\b\\\b|\b/\b-\b.|\b/\b-\b\\\b|\b/\b-\b\\\b|\b.-\b\\\b|\b/\b-\b\\\b|\b/\b-\b.|\b/\b-\b\\\b|\b/\b-\b\\\b|\b.-\b\\\b|\b/\b-\b\\\b|\b/\b-\b.|\b/\b-\b\\\b|\b/\b-\b\\\b|\b.-\b\\\b|\b/\b-\b\\\b|\b/\b-\b.|\b/\b-\b\\\b|\b/\b-\b\\\b|\b.-\b\\\b|\b/\b-\b\\\b|\b/\b-\b.|\b/\b-\b\\\b|\b/\b-\b\\\b|\b.-\b\\\b|\b/\b-\b\\\b|\b/\b-\b.|\b/\b-\b\\\b|\b/\b-\b\\\b|\b.-\b\\\b|\b/\b-\b\\\b|\b/\b-\b.|\b/\b-\b\\\b|\b/\b-\b\\\b|\b.-\b\\\b|\b/\b-\b\\\b|\b/\b-\b.|\b/\b-\b\\\b|\b/\b-\b\\\b|\b.-\b\\\b|\b/\b-\b\\\b|\b/\b-\b.|\b/\b-\b\\\b|\b/\b-\b\\\b|\b.-\b\\\b|\b/\b-\b\\\b|\b/\b-\b.|\b/\b-\b\\\b|\b/\b-\b\\\b|\b.-\b\\\b|\b/\b-\b\\\b|\b/\b-\b.|\b/\b-\b\\\b|\b/\b-\b\\\b|\b.-\b\\\b|\b/\b-\b\\\b|\b/\b-\b.|\b/\b-\b\\\b|\b/\b-\b\\\b|\b.-\b\\\b|\b/\b-\b\\\b|\b/\b-\b.|\b/\b-\b\\\b|\b/\b-\b\\\b|\b.-\b\\\b|\b/\b-\b\\\b|\b/\b-\b.|\b/\b-\b\\\b|\b/\b-\b\\\b|\b.-\b\\\b|\b/\b-\b\\\b|\b/\b-\b.|\b/\b-\b\\\b|\b/\b-\b\\\b|\b.-\b\\\b|\b/\b-\b\\\b|\b/\b-\b.|\b/\b-\b\\\b|\b/\b-\b\\\b|\b.-\b\\\b|\b/\b-\b\\\b|\b/\b-\b.|\b/\b-\b\\\b|\b/\b-\b\\\b|\b.-\b\\\b|\b/\b-\b\\\b|\b/\b-\b.|\b/\b-\b\\\b|\b/\b-\b\\\b|\b.-\b\\\b|\b/\b-\b\\\b|\b/\b-\b.|\b/\b-\b\\\b|\b/\b-\b\\\b|\b.-\b\\\b|\b/\b-\b\\\b|\b/\b-\b.|\b/\b-\b\\\b|\b/\b-\b\\\b|\b.-\b\\\b|\b/\b-\b\\\b|\b/\b-\b.|\b/\b-\b\\\b|\b/\b-\b\\\b|\b.-\b\\\b|\b/\b-\b\\\b|\b/\b-\b.|\b/\b-\b\\\b|\b/\b-\b\\\b|\b.-\b\\\b|\b/\b-\b\\\b|\b/\b-\b.|\b/\b-\b\\\b|\b/\b-\b\\\b|\b.-\b\\\b|\b/\b-\b\\\b|\b/\b-\b.|\b/\b-\b\\\b|\b/\b-\b\\\b|\b.-\b\\\b|\b/\b-\b\\\b|\b/\b-\b.|\b/\b-\b\\\b|\b/\b-\b\\\b|\b.-\b\\\b|\b/\b-\b\\\b|\b/\b-\b.|\b/\b-\b\\\b|\b/\b-\b\\\b|\b.-\b\\\b|\b/\b-\b\\\b|\b/\b-\b.|\b/\b-\b\\\b|\b/\b-\b\\\b|\b.-\b\\\b|\b/\b-\b\\\b|\b/\b-\b.|\b/\b-\b\\\b|\b/\b.\n\u001b[32mruby-2.2.0 - #generating global wrappers\u001b[0m|\b/\b-\b\\\b|\b/\b-\b\\\b|\b.-\b\\\b|\b/\b-\b\\\b|\b/\b-\b.|\b/\b-\b\\\b|\b/\b-\b\\\b|\b.-\b\\\b|\b/\b-\b\\\b|\b/\b-\b.|\b/\b-\b\\\b|\b/\b-\b\\\b|\b.-\b\\\b|\b/\b-\b\\\b|\b/\b-\b.|\b/\b-\b\\\b|\b/\b-\b.\n\u001b[32mruby-2.2.0 - #uninstalling gem rubygems-bundler-1.4.5\u001b[0m|\b/\b.\nruby-2.2.0 - #gemset created /home/travis/.rvm/gems/ruby-2.2.0\n\u001b[32mruby-2.2.0 - #importing gemset /home/travis/.rvm/gemsets/default.gems\u001b[0mthere was an error installing gem bundler\n|\b/\b-\b\\\b|\b/\b-\b\\\b|\b.-\b\\\b|\b/\b-\b\\\b|\b/\b-\b.|\b/\b-\b\\\b|\b/\b-\b\\\b|\b.-\b\\\b|\b/\b-\b\\\b|\b/\b-\b.|\b/\b-\b\\\b|\b/\b-\b\\\b|\b.-\b\\\b|\b/\b-\b\\\b|\b/\b-\b.|\b/\b-\b\\\b|\b/\b-\b\\\b|\b.-\b\\\b|\b/\b-\b\\\b|\b/\b-\b.|\b/\b-\b\\\b|\b/\b-\b\\\b|\b.-\b\\\b|\b/\b-\b\\\b|\b/\b-\b.|\b/\b-\b\\\b|\b/\b-\b\\\b|\b.-\b\\\b|\b/\b-\b\\\b|\b/\b-\b.|\b/\b-\b\\\b|\b/\b-\b\\\b|\b.-\b\\\b|\b/\b-\b\\\b|\b/\b-\b.|\b/\b-\b\\\b|\b/\b-\b\\\b|\b.-\b\\\b|\b/\b-\b\\\b|\b/\b-\b.|\b/\b-\b\\\b|\b/\b-\b\\\b|\b.-\b\\\b|\b/\b-\b\\\b|\b/\b-\b.|\b/\b-\b\\\b|\b/\b-\b\\\b|\b.-\b\\\b|\b/\b-\b\\\b|\b/\b-\b.|\b/\b-\b\\\b|\b/\b-\b\\\b|\b.-\b\\\b|\b/\b-\b\\\b|\b/\b-\b.|\b/\b-\b\\\b|\b/\b-\b\\\b|\b.-\b\\\b|\b/\b-\b\\\b|\b/\b-\b.|\b/\b.\n\u001b[32mruby-2.2.0 - #generating default wrappers\u001b[0m|\b/\b-\b\\\b|\b/\b-\b\\\b|\b.-\b\\\b|\b/\b-\b\\\b|\b/\b-\b.|\b/\b-\b\\\b|\b/\b-\b\\\b|\b.-\b\\\b|\b/\b-\b\\\b|\b/\b-\b.|\b/\b-\b\\\b|\b/\b-\b\\\b|\b.-\b\\\b|\b/\b-\b\\\b|\b/\b-\b.|\b/\b-\b\\\b|\b/\b-\b\\\b.\nUsing /home/travis/.rvm/gems/ruby-2.2.0\ntravis_time:end:17b40f2a:start=1564425536520892233,finish=1564425565456600011,duration=28935707778\n\u001b[0Ktravis_fold:end:rvm\n\u001b[0Ktravis_fold:start:install_bundler\n\u001b[0Ktravis_time:start:2f23c713\n\u001b[0K$ gem install bundler -v '< 2'\nSuccessfully installed bundler-1.17.3\n1 gem installed\ntravis_time:end:2f23c713:start=1564425565509522977,finish=1564425566041132616,duration=531609639\n\u001b[0Ktravis_fold:end:install_bundler\n\u001b[0K\n$ export BUNDLE_GEMFILE=$PWD/Gemfile\ntravis_fold:start:cache.1\n\u001b[0KSetting up build cache\n$ export CASHER_DIR=${TRAVIS_HOME}/.casher\ntravis_time:start:313c8433\n\u001b[0K$ Installing caching utilities\ntravis_time:end:313c8433:start=1564425566775393850,finish=1564425567056070302,duration=280676452\n\u001b[0Ktravis_time:start:15f7472d\n\u001b[0Ktravis_time:end:15f7472d:start=1564425567063756865,finish=1564425567067618194,duration=3861329\n\u001b[0Ktravis_time:start:01279fb0\n\u001b[0Kattempting to download cache archive\u001b[0m\n\u001b[32;1mfetching gh-pages/cache-linux-xenial-e3b0c44298fc1c149afbf4c8996fb92427ae41e4649b934ca495991b7852b855--rvm-2.2.0--gemfile-Gemfile.tgz\u001b[0m\n\u001b[32;1mfound cache\u001b[0m\ntravis_time:end:01279fb0:start=1564425567074410052,finish=1564425568569322626,duration=1494912574\n\u001b[0Ktravis_fold:end:cache.1\n\u001b[0K\n\ntravis_fold:start:cache.bundler\n\u001b[0Ktravis_time:start:04c120b3\n\u001b[0Ktravis_time:end:04c120b3:start=1564425568576355135,finish=1564425568580886177,duration=4531042\n\u001b[0Ktravis_time:start:10c8bb98\n\u001b[0Kadding /home/travis/build/iluwatar/java-design-patterns/vendor/bundle to cache\u001b[0m\ncreating directory /home/travis/build/iluwatar/java-design-patterns/vendor/bundle\u001b[0m\ntravis_time:end:10c8bb98:start=1564425568586162955,finish=1564425569764733668,duration=1178570713\n\u001b[0Ktravis_fold:end:cache.bundler\n\u001b[0Ktravis_fold:start:ruby.versions\n\u001b[0K$ ruby --version\nruby 2.2.0p0 (2014-12-25 revision 49005) [x86_64-linux]\n$ rvm --version\nrvm 1.29.7 (latest) by Michal Papis, Piotr Kuczynski, Wayne E. Seguin [https://rvm.io]\n$ bundle --version\nBundler version 1.17.3\n$ gem --version\n2.6.14\ntravis_fold:end:ruby.versions\n\u001b[0K\ntravis_fold:start:install\n\u001b[0Ktravis_time:start:1d6adfbb\n\u001b[0K$ bundle install --jobs=3 --retry=3\nFetching gem metadata from https://rubygems.org/.........\nFetching i18n 0.7.0\nFetching json 1.8.3\nInstalling i18n 0.7.0\nInstalling json 1.8.3 with native extensions\nFetching minitest 5.9.0\nInstalling minitest 5.9.0\nFetching thread_safe 0.3.5\nInstalling thread_safe 0.3.5\nFetching addressable 2.4.0\nInstalling addressable 2.4.0\nUsing bundler 1.17.3\nFetching coffee-script-source 1.10.0\nInstalling coffee-script-source 1.10.0\nFetching execjs 2.7.0\nInstalling execjs 2.7.0\nFetching colorator 1.1.0\nInstalling colorator 1.1.0\nFetching colored 1.2\nInstalling colored 1.2\nFetching deep_merge 1.0.0\nInstalling deep_merge 1.0.0\nFetching dotenv 1.0.2\nInstalling dotenv 1.0.2\nFetching ffi 1.9.14\nInstalling ffi 1.9.14 with native extensions\nFetching multipart-post 2.0.0\nInstalling multipart-post 2.0.0\nFetching forwardable-extended 2.6.0\nFetching gemoji 2.1.0\nInstalling forwardable-extended 2.6.0\nFetching net-dns 0.8.0\nInstalling net-dns 0.8.0\nFetching public_suffix 1.5.3\nInstalling public_suffix 1.5.3\nFetching sass 3.4.22\nInstalling gemoji 2.1.0\nInstalling sass 3.4.22\nFetching rb-fsevent 0.9.7\nInstalling rb-fsevent 0.9.7\nFetching kramdown 1.11.1\nFetching liquid 3.0.6\nInstalling liquid 3.0.6\nInstalling kramdown 1.11.1\nFetching mercenary 0.3.6\nInstalling mercenary 0.3.6\nFetching rouge 1.11.1\nFetching safe_yaml 1.0.4\nInstalling safe_yaml 1.0.4\nInstalling rouge 1.11.1\nFetching jekyll-feed 0.5.1\nFetching mini_portile2 2.1.0\nInstalling jekyll-feed 0.5.1\nFetching pkg-config 1.1.7\nInstalling mini_portile2 2.1.0\nFetching jekyll-paginate 1.1.0\nInstalling pkg-config 1.1.7\nFetching jekyll-sitemap 0.10.0\nInstalling jekyll-paginate 1.1.0\nFetching minima 1.0.1\nInstalling jekyll-sitemap 0.10.0\nFetching terminal-table 1.6.0\nInstalling minima 1.0.1\nInstalling terminal-table 1.6.0\nFetching parallel 1.9.0\nFetching yell 2.0.6\nInstalling parallel 1.9.0\nFetching thor 0.19.1\nInstalling yell 2.0.6\nFetching tzinfo 1.2.2\nInstalling thor 0.19.1\nFetching coffee-script 2.4.1\nInstalling tzinfo 1.2.2\nInstalling coffee-script 2.4.1\nFetching configure-s3-website 1.7.1\nFetching ethon 0.9.0\nInstalling configure-s3-website 1.7.1\nInstalling ethon 0.9.0\nFetching rb-inotify 0.9.7\nFetching faraday 0.9.2\nInstalling rb-inotify 0.9.7\nFetching pathutil 0.14.0\nInstalling faraday 0.9.2\nFetching jekyll-sass-converter 1.3.0\nInstalling pathutil 0.14.0\nFetching nokogiri 1.6.8\nInstalling jekyll-sass-converter 1.3.0\nFetching jekyll-coffeescript 1.0.1\nInstalling jekyll-coffeescript 1.0.1\nFetching activesupport 4.2.7\nInstalling nokogiri 1.6.8 with native extensions\nInstalling activesupport 4.2.7\nFetching s3_website 2.15.0\nInstalling s3_website 2.15.0\nFetching typhoeus 0.8.0\nInstalling typhoeus 0.8.0\nFetching listen 3.0.6\nInstalling listen 3.0.6\nFetching sawyer 0.7.0\nInstalling sawyer 0.7.0\nFetching jekyll-watch 1.5.0\nInstalling jekyll-watch 1.5.0\nFetching octokit 4.3.0\nInstalling octokit 4.3.0\nFetching jekyll 3.2.1\nInstalling jekyll 3.2.1\nFetching github-pages-health-check 1.2.0\nInstalling github-pages-health-check 1.2.0\nFetching jekyll-gist 1.4.0\nInstalling jekyll-gist 1.4.0\nFetching jekyll-github-metadata 2.0.2\nInstalling jekyll-github-metadata 2.0.2\nFetching jekyll-redirect-from 0.11.0\nInstalling jekyll-redirect-from 0.11.0\nFetching jekyll-seo-tag 2.0.0\nInstalling jekyll-seo-tag 2.0.0\nFetching html-pipeline 2.4.2\nFetching html-proofer 3.0.6\nInstalling html-proofer 3.0.6\nInstalling html-pipeline 2.4.2\nFetching jekyll-mentions 1.1.3\nFetching jemoji 0.7.0\nInstalling jekyll-mentions 1.1.3\nInstalling jemoji 0.7.0\nFetching github-pages 93\nInstalling github-pages 93\nBundle complete! 4 Gemfile dependencies, 63 gems now installed.\nUse `bundle info [gemname]` to see where a bundled gem is installed.\nPost-install message from html-pipeline:\n-------------------------------------------------\nThank you for installing html-pipeline!\nYou must bundle Filter gem dependencies.\nSee html-pipeline README.md for more details.\nhttps://github.com/jch/html-pipeline#dependencies\n-------------------------------------------------\nPost-install message from github-pages:\n---------------------------------------------------\nThank you for installing github-pages!\nGitHub Pages recently upgraded to Jekyll 3.0, which\nincludes some breaking changes. More information:\nhttps://github.com/blog/2100-github-pages-jekyll-3\n---------------------------------------------------\ntravis_time:end:1d6adfbb:start=1564425570192828853,finish=1564425597484903721,duration=27292074868\n\u001b[0Ktravis_fold:end:install\n\u001b[0Ktravis_time:start:2edc6ee0\n\u001b[0K$ bash cibuild.sh\nConfiguration file: /home/travis/build/iluwatar/java-design-patterns/_config.yml\n            Source: /home/travis/build/iluwatar/java-design-patterns\n       Destination: /home/travis/build/iluwatar/java-design-patterns/_site\n Incremental build: disabled. Enable with --incremental\n      Generating... \n                    done in 9.854 seconds.\n Auto-regeneration: disabled. Use --watch to enable.\nRunning [\"ScriptCheck\", \"ImageCheck\", \"HtmlCheck\", \"LinkCheck\"] on [\"./_site/\"] on *.html... \n\n\nChecking 391 external links...\nRan on 133 files!\n\n\n- ./_site/patterns/acyclic-visitor/index.html\n  *  internally linking to ../visitor/README.md, which does not exist (line 1)\n- ./_site/patterns/front-controller/index.html\n  *  External link http://www.javagyan.com/tutorials/corej2eepatterns/presentation-tier-patterns failed: 403 No error\n- ./_site/patterns/half-sync-half-async/index.html\n  *  External link http://www.cs.wustl.edu/~schmidt/PDF/PLoP-95.pdf failed: 404 No error\n- ./_site/patterns/intercepting-filter/index.html\n  *  External link https://struts.apache.org/docs/interceptors.html failed: 404 No error\nhtmlproofer 3.0.6 | Error:  HTML-Proofer found 4 failures!\ntravis_time:end:2edc6ee0:start=1564425597492997852,finish=1564425631128874452,duration=33635876600\n\u001b[0K\u001b[31;1mThe command \"bash cibuild.sh\" exited with 1.\u001b[0m\n\ntravis_fold:start:cache.2\n\u001b[0Kstore build cache\n$ bundle clean\nCleaning all the gems on your system is dangerous! If you're sure you want to\nremove every system gem not in this bundle, run `bundle clean --force`.\ntravis_time:start:07658a90\n\u001b[0Ktravis_time:end:07658a90:start=1564425631313206562,finish=1564425631317033990,duration=3827428\n\u001b[0Ktravis_time:start:01fb74d0\n\u001b[0K\u001b[32;1mnothing changed\u001b[0m\ntravis_time:end:01fb74d0:start=1564425631322305343,finish=1564425632464117084,duration=1141811741\n\u001b[0Ktravis_fold:end:cache.2\n\u001b[0K\ntravis_fold:start:after_script\n\u001b[0Ktravis_time:start:0f2d06b8\n\u001b[0K$ if [ \"$TRAVIS_BRANCH\" == \"gh-pages\" ]; then travis_retry bundle exec s3_website push; fi\n[\u001b[34minfo\u001b[0m] Downloading https://github.com/laurilehmijoki/s3_website/releases/download/v2.15.0/s3_website.jar into /home/travis/.rvm/gems/ruby-2.2.0/gems/s3_website-2.15.0/s3_website-2.15.0.jar\nException in thread \"main\" java.lang.ExceptionInInitializerError\n\tat org.jruby.Ruby.newInstance(Ruby.java:266)\n\tat s3.website.Ruby$.rubyRuntime$lzycompute(Ruby.scala:4)\n\tat s3.website.Ruby$.rubyRuntime(Ruby.scala:4)\n\tat s3.website.model.Config$$anonfun$13.apply(Config.scala:215)\n\tat s3.website.model.Config$$anonfun$13.apply(Config.scala:213)\n\tat scala.util.Try$.apply(Try.scala:192)\n\tat s3.website.model.Config$.erbEval(Config.scala:213)\n\tat s3.website.model.Site$$anonfun$2.apply(Site.scala:28)\n\tat s3.website.model.Site$$anonfun$2.apply(Site.scala:27)\n\tat scala.util.Success.flatMap(Try.scala:231)\n\tat s3.website.model.Site$.parseConfig(Site.scala:27)\n\tat s3.website.model.Site$.loadSite(Site.scala:94)\n\tat s3.website.Push$.push(Push.scala:62)\n\tat s3.website.Push$.main(Push.scala:40)\n\tat s3.website.Push.main(Push.scala)\nCaused by: java.lang.RuntimeException: unsupported Java version: 11\n\tat org.jruby.RubyInstanceConfig.initGlobalJavaVersion(RubyInstanceConfig.java:1878)\n\tat org.jruby.RubyInstanceConfig.<clinit>(RubyInstanceConfig.java:1585)\n\t... 15 more\n\n\u001b[31;1mThe command \"bundle exec s3_website push\" failed. Retrying, 2 of 3.\u001b[0m\n\nException in thread \"main\" java.lang.ExceptionInInitializerError\n\tat org.jruby.Ruby.newInstance(Ruby.java:266)\n\tat s3.website.Ruby$.rubyRuntime$lzycompute(Ruby.scala:4)\n\tat s3.website.Ruby$.rubyRuntime(Ruby.scala:4)\n\tat s3.website.model.Config$$anonfun$13.apply(Config.scala:215)\n\tat s3.website.model.Config$$anonfun$13.apply(Config.scala:213)\n\tat scala.util.Try$.apply(Try.scala:192)\n\tat s3.website.model.Config$.erbEval(Config.scala:213)\n\tat s3.website.model.Site$$anonfun$2.apply(Site.scala:28)\n\tat s3.website.model.Site$$anonfun$2.apply(Site.scala:27)\n\tat scala.util.Success.flatMap(Try.scala:231)\n\tat s3.website.model.Site$.parseConfig(Site.scala:27)\n\tat s3.website.model.Site$.loadSite(Site.scala:94)\n\tat s3.website.Push$.push(Push.scala:62)\n\tat s3.website.Push$.main(Push.scala:40)\n\tat s3.website.Push.main(Push.scala)\nCaused by: java.lang.RuntimeException: unsupported Java version: 11\n\tat org.jruby.RubyInstanceConfig.initGlobalJavaVersion(RubyInstanceConfig.java:1878)\n\tat org.jruby.RubyInstanceConfig.<clinit>(RubyInstanceConfig.java:1585)\n\t... 15 more\n\n\u001b[31;1mThe command \"bundle exec s3_website push\" failed. Retrying, 3 of 3.\u001b[0m\n\nException in thread \"main\" java.lang.ExceptionInInitializerError\n\tat org.jruby.Ruby.newInstance(Ruby.java:266)\n\tat s3.website.Ruby$.rubyRuntime$lzycompute(Ruby.scala:4)\n\tat s3.website.Ruby$.rubyRuntime(Ruby.scala:4)\n\tat s3.website.model.Config$$anonfun$13.apply(Config.scala:215)\n\tat s3.website.model.Config$$anonfun$13.apply(Config.scala:213)\n\tat scala.util.Try$.apply(Try.scala:192)\n\tat s3.website.model.Config$.erbEval(Config.scala:213)\n\tat s3.website.model.Site$$anonfun$2.apply(Site.scala:28)\n\tat s3.website.model.Site$$anonfun$2.apply(Site.scala:27)\n\tat scala.util.Success.flatMap(Try.scala:231)\n\tat s3.website.model.Site$.parseConfig(Site.scala:27)\n\tat s3.website.model.Site$.loadSite(Site.scala:94)\n\tat s3.website.Push$.push(Push.scala:62)\n\tat s3.website.Push$.main(Push.scala:40)\n\tat s3.website.Push.main(Push.scala)\nCaused by: java.lang.RuntimeException: unsupported Java version: 11\n\tat org.jruby.RubyInstanceConfig.initGlobalJavaVersion(RubyInstanceConfig.java:1878)\n\tat org.jruby.RubyInstanceConfig.<clinit>(RubyInstanceConfig.java:1585)\n\t... 15 more\n\n\u001b[31;1mThe command \"bundle exec s3_website push\" failed 3 times.\u001b[0m\n\ntravis_time:end:0f2d06b8:start=1564425632471124859,finish=1564425639634726374,duration=7163601515\n\u001b[0Ktravis_fold:end:after_script\n\u001b[0K\nDone. Your build exited with 1.\n"
}