{
  "log_path": "PHP/composer@composer/failed/551282890.log",
  "failure_chunk": "1) Composer\\Test\\Repository\\ComposerRepositoryTest::testCanonicalizeUrl with data set #0 ('https://example.org/path/to/file', '/path/to/file', 'https://example.org')\nArgument 4 passed to Composer\\Repository\\ComposerRepository::__construct() must be an instance of Composer\\Util\\HttpDownloader, none given, called in /home/travis/build/composer/composer/tests/Composer/Test/Repository/ComposerRepositoryTest.php on line 231 and defined\n\n/home/travis/build/composer/composer/src/Composer/Repository/ComposerRepository.php:71\n/home/travis/build/composer/composer/tests/Composer/Test/Repository/ComposerRepositoryTest.php:231\n\n2) Composer\\Test\\Repository\\ComposerRepositoryTest::testCanonicalizeUrl with data set #1 ('https://example.org/canonic_url', 'https://example.org/canonic_url', 'https://should-not-see-me.test')\nArgument 4 passed to Composer\\Repository\\ComposerRepository::__construct() must be an instance of Composer\\Util\\HttpDownloader, none given, called in /home/travis/build/composer/composer/tests/Composer/Test/Repository/ComposerRepositoryTest.php on line 231 and defined\n\n/home/travis/build/composer/composer/src/Composer/Repository/ComposerRepository.php:71\n/home/travis/build/composer/composer/tests/Composer/Test/Repository/ComposerRepositoryTest.php:231\n\n3) Composer\\Test\\Repository\\ComposerRepositoryTest::testCanonicalizeUrl with data set #2 ('file:///path/to/repository/file', '/path/to/repository/file', 'file:///path/to/repository')\nArgument 4 passed to Composer\\Repository\\ComposerRepository::__construct() must be an instance of Composer\\Util\\HttpDownloader, none given, called in /home/travis/build/composer/composer/tests/Composer/Test/Repository/ComposerRepositoryTest.php on line 231 and defined\n\n/home/travis/build/composer/composer/src/Composer/Repository/ComposerRepository.php:71\n/home/travis/build/composer/composer/tests/Composer/Test/Repository/ComposerRepositoryTest.php:231\n\n4) Composer\\Test\\Repository\\ComposerRepositoryTest::testCanonicalizeUrl with data set #3 ('invalid_repo_url', '/path/to/file', 'invalid_repo_url')\nArgument 4 passed to Composer\\Repository\\ComposerRepository::__construct() must be an instance of Composer\\Util\\HttpDownloader, none given, called in /home/travis/build/composer/composer/tests/Composer/Test/Repository/ComposerRepositoryTest.php on line 231 and defined\n\n/home/travis/build/composer/composer/src/Composer/Repository/ComposerRepository.php:71\n/home/travis/build/composer/composer/tests/Composer/Test/Repository/ComposerRepositoryTest.php:231\n\n5) Composer\\Test\\Repository\\ComposerRepositoryTest::testCanonicalizeUrl with data set #4 ('https://example.org/path/to/u...lename', '/path/to/unusual_$0_filename', 'https://example.org')\nArgument 4 passed to Composer\\Repository\\ComposerRepository::__construct() must be an instance of Composer\\Util\\HttpDownloader, none given, called in /home/travis/build/composer/composer/tests/Composer/Test/Repository/ComposerRepositoryTest.php on line 231 and defined\n\n/home/travis/build/composer/composer/src/Composer/Repository/ComposerRepository.php:71\n/home/travis/build/composer/composer/tests/Composer/Test/Repository/ComposerRepositoryTest.php:231",
  "keywords": [
    "error",
    "1)",
    "FAILURE"
  ],
  "category": "0",
  "full_log": "travis_fold:start:worker_info\n\u001b[0K\u001b[33;1mWorker information\u001b[0m\nhostname: 47c47452-b4f8-4a91-add4-3874c56fa190@1.production-2-worker-org-gce-0x33\nversion: v6.2.0 https://github.com/travis-ci/worker/tree/5e5476e01646095f48eec13196fdb3faf8f5cbf7\ninstance: travis-job-134ff45a-f89a-4ee3-9913-a73d97c654a2 precise-php-stable-alternative (via amqp)\nstartup: 8.727412566s\ntravis_fold:end:worker_info\n\u001b[0Ktravis_fold:start:system_info\n\u001b[0K\u001b[33;1mBuild system information\u001b[0m\nBuild language: php\nBuild group: stable\nBuild dist: precise\nBuild id: 551282890\nJob id: 551282891\nRuntime kernel version: 3.13.0-115-generic\ntravis-build version: ea3f37d58\n\u001b[34m\u001b[1mBuild image provisioning date and time\u001b[0m\nTue Apr 11 21:48:56 UTC 2017\n\u001b[34m\u001b[1mOperating System Details\u001b[0m\nDistributor ID:\tUbuntu\nDescription:\tUbuntu 12.04.5 LTS\nRelease:\t12.04\nCodename:\tprecise\n\u001b[34m\u001b[1mLinux Version\u001b[0m\n3.13.0-115-generic\n\u001b[34m\u001b[1mCookbooks Version\u001b[0m\ncc4eb5e https://github.com/travis-ci/travis-cookbooks/tree/cc4eb5e\n\u001b[34m\u001b[1mGit version\u001b[0m\ngit version 1.8.5.6\n\u001b[34m\u001b[1mbash version\u001b[0m\nGNU bash, version 4.2.25(1)-release (x86_64-pc-linux-gnu)\nCopyright (C) 2011 Free Software Foundation, Inc.\nLicense GPLv3+: GNU GPL version 3 or later <http://gnu.org/licenses/gpl.html>\n\nThis is free software; you are free to change and redistribute it.\nThere is NO WARRANTY, to the extent permitted by law.\n\u001b[34m\u001b[1mGCC version\u001b[0m\ngcc (Ubuntu/Linaro 4.6.3-1ubuntu5) 4.6.3\nCopyright (C) 2011 Free Software Foundation, Inc.\nThis is free software; see the source for copying conditions.  There is NO\nwarranty; not even for MERCHANTABILITY or FITNESS FOR A PARTICULAR PURPOSE.\n\n\u001b[34m\u001b[1mLLVM version\u001b[0m\nclang version 3.4 (tags/RELEASE_34/final)\nTarget: x86_64-unknown-linux-gnu\nThread model: posix\n\u001b[34m\u001b[1mPre-installed Ruby versions\u001b[0m\nruby-2.2.6\n\u001b[34m\u001b[1mPre-installed Node.js versions\u001b[0m\nv0.10.36\n\u001b[34m\u001b[1mPre-installed Go versions\u001b[0m\n1.7.4\n\u001b[34m\u001b[1mmysql --version\u001b[0m\nmysql  Ver 14.14 Distrib 5.5.54, for debian-linux-gnu (x86_64) using readline 6.2\n\u001b[34m\u001b[1mPre-installed PostgreSQL versions\u001b[0m\n9.1.24\n9.2.20\n9.3.16\n9.4.11\n9.5.6\n\u001b[34m\u001b[1mRedis version\u001b[0m\nredis-server 3.0.7\n\u001b[34m\u001b[1mriak version\u001b[0m\n2.0.2\n\u001b[34m\u001b[1mmemcached version\u001b[0m\n1.4.13\n\u001b[34m\u001b[1mMongoDB version\u001b[0m\nMongoDB 2.4.14\n\u001b[34m\u001b[1mCouchDB version\u001b[0m\ncouchdb 1.6.1\n\u001b[34m\u001b[1mInstalled Sphinx versions\u001b[0m\n2.0.10\n2.1.9\n2.2.6\n\u001b[34m\u001b[1mDefault Sphinx version\u001b[0m\n2.2.6\n\u001b[34m\u001b[1mInstalled Firefox version\u001b[0m\nfirefox 38.4.0esr\n\u001b[34m\u001b[1mPhantomJS version\u001b[0m\n1.9.8\n\u001b[34m\u001b[1mant -version\u001b[0m\nApache Ant(TM) version 1.8.2 compiled on December 3 2011\n\u001b[34m\u001b[1mmvn -version\u001b[0m\nApache Maven 3.2.5 (12a6b3acb947671f09b81f49094c53f426d8cea1; 2014-12-14T17:29:23+00:00)\nMaven home: /usr/local/maven\nJava version: 1.7.0_80, vendor: Oracle Corporation\nJava home: /usr/lib/jvm/java-7-oracle/jre\nDefault locale: en, platform encoding: UTF-8\nOS name: \"linux\", version: \"3.13.0-115-generic\", arch: \"amd64\", family: \"unix\"\n\u001b[34m\u001b[1mphpenv versions\u001b[0m\n* system (set by /home/travis/.phpenv/version)\n  5.3.29\n  5.3.3\n  5.4\n  5.4.45\n  5.5.29\n  5.5.9\n  5.6.13\ntravis_fold:end:system_info\n\u001b[0K\ntravis_fold:start:docker_mtu\n\u001b[0Ktee: /etc/docker/daemon.json: No such file or directory\ndocker: unrecognized service\ntravis_fold:end:docker_mtu\n\u001b[0Ktravis_fold:start:resolvconf\n\u001b[0Kresolvconf stop/waiting\nresolvconf start/running\ntravis_fold:end:resolvconf\n\u001b[0Ktravis_fold:start:apt\n\u001b[0K\u001b[33;1mInstalling APT Packages\u001b[0m\ntravis_time:start:240e05ac\n\u001b[0K$ travis_apt_get_update\ntravis_time:end:240e05ac:start=1561637598775443565,finish=1561637607745401544,duration=8969957979\n\u001b[0Ktravis_time:start:0b952dc5\n\u001b[0K$ sudo -E apt-get -yq --no-install-suggests --no-install-recommends $(travis_apt_get_options) install parallel\nReading package lists...\nBuilding dependency tree...\nReading state information...\nThe following NEW packages will be installed:\n  parallel\n0 upgraded, 1 newly installed, 0 to remove and 35 not upgraded.\nNeed to get 161 kB of archives.\nAfter this operation, 540 kB of additional disk space will be used.\nGet:1 http://us-central1.gce.archive.ubuntu.com/ubuntu precise-backports/universe amd64 parallel all 20121122-0ubuntu1~ubuntu12.04.1 [161 kB]\nFetched 161 kB in 0s (12.9 MB/s)\nSelecting previously unselected package parallel.\n(Reading database ... \n(Reading database ... 5%\n(Reading database ... 10%\n(Reading database ... 15%\n(Reading database ... 20%\n(Reading database ... 25%\n(Reading database ... 30%\n(Reading database ... 35%\n(Reading database ... 40%\n(Reading database ... 45%\n(Reading database ... 50%\n(Reading database ... 55%\n(Reading database ... 60%\n(Reading database ... 65%\n(Reading database ... 70%\n(Reading database ... 75%\n(Reading database ... 80%\n(Reading database ... 85%\n(Reading database ... 90%\n(Reading database ... 95%\n(Reading database ... 100%\n(Reading database ... 75907 files and directories currently installed.)\nUnpacking parallel (from .../parallel_20121122-0ubuntu1~ubuntu12.04.1_all.deb) ...\nAdding 'diversion of /usr/bin/parallel to /usr/bin/parallel.moreutils by parallel'\nAdding 'diversion of /usr/share/man/man1/parallel.1.gz to /usr/share/man/man1/parallel.moreutils.1.gz by parallel'\nProcessing triggers for man-db ...\nSetting up parallel (20121122-0ubuntu1~ubuntu12.04.1) ...\ntravis_time:end:0b952dc5:start=1561637607749552784,finish=1561637610406696382,duration=2657143598\n\u001b[0Ktravis_fold:end:apt\n\u001b[0K\ntravis_fold:start:git.checkout\n\u001b[0Ktravis_time:start:075f8360\n\u001b[0K$ git clone --depth=5 --branch=2.0 https://github.com/composer/composer.git composer/composer\nCloning into 'composer/composer'...\ntravis_time:end:075f8360:start=1561637610411611317,finish=1561637612525240699,duration=2113629382\n\u001b[0K$ cd composer/composer\n$ git checkout -qf d2fa1e1319e012c54c3a066a72aa55257339dce0\ntravis_fold:end:git.checkout\n\u001b[0K\n\n\u001b[33;1mSetting environment variables from repository settings\u001b[0m\n$ export GITHUB_TOKEN=[secure]\n\ntravis_time:start:0f4fe915\n\u001b[0K$ phpenv global 5.3 2>/dev/null\ntravis_time:end:0f4fe915:start=1561637612640257871,finish=1561637612662504180,duration=22246309\n\u001b[0K\u001b[33;1m5.3 is not pre-installed; installing\u001b[0m\n\u001b[33;1mDownloading archive: https://storage.googleapis.com/travis-ci-language-archives/php/binaries/ubuntu/12.04/x86_64/php-5.3.tar.bz2\u001b[0m\ntravis_time:start:0f644463\n\u001b[0K$ curl -s -o archive.tar.bz2 $archive_url && tar xjf archive.tar.bz2 --directory /\ntravis_time:end:0f644463:start=1561637612725231939,finish=1561637617789188119,duration=5063956180\n\u001b[0Ktravis_time:start:1bfa7dd2\n\u001b[0Ktravis_time:end:1bfa7dd2:start=1561637617793465848,finish=1561637617801279830,duration=7813982\n\u001b[0Ktravis_time:start:15316ef2\n\u001b[0K$ phpenv global 5.3\ntravis_time:end:15316ef2:start=1561637617805372415,finish=1561637617822584092,duration=17211677\n\u001b[0KYou are running composer with xdebug enabled. This has a major impact on runtime performance. See https://getcomposer.org/xdebug\nWarning: This development build of composer is over 60 days old. It is recommended to update it by running \"/home/travis/.phpenv/versions/5.3/bin/composer self-update\" to get the latest version.\ntravis_time:start:0d96b526\n\u001b[0K$ composer self-update 1.0.0\nYou are running composer with xdebug enabled. This has a major impact on runtime performance. See https://getcomposer.org/xdebug\nUpdating to version 1.0.0.\n    Downloading: Connecting...\b\b\b\b\b\b\b\b\b\b\b\b\b\b\b\b\b\b\b\b\b\b\b\b\b\b\b\b\b\b    Downloading: 100%         \b\b\b\b\b\b\b\b\b\nUse composer self-update --rollback to return to version 2b14f0a047dd4f3545ec82381f65c36ea93a4c81\ntravis_time:end:0d96b526:start=1561637618054610208,finish=1561637618852691335,duration=798081127\n\u001b[0Ktravis_time:start:15d78330\n\u001b[0K$ composer self-update\nYou are running composer with xdebug enabled. This has a major impact on runtime performance. See https://getcomposer.org/xdebug\nUpdating to version 1.8.6.\n    Downloading: Connecting...\b\b\b\b\b\b\b\b\b\b\b\b\b\b\b\b\b\b\b\b\b\b\b\b\b\b\b\b\b\b    Downloading: 100%         \b\b\b\b\b\b\b\b\b\nUse composer self-update --rollback to return to version 1.0.0\ntravis_time:end:15d78330:start=1561637618857023478,finish=1561637620181697085,duration=1324673607\n\u001b[0Ktravis_fold:start:cache.1\n\u001b[0KSetting up build cache\n$ export CASHER_DIR=${TRAVIS_HOME}/.casher\ntravis_time:start:20c8fee4\n\u001b[0K$ Installing caching utilities\ntravis_time:end:20c8fee4:start=1561637624999310245,finish=1561637625166013558,duration=166703313\n\u001b[0Ktravis_time:start:0aca49df\n\u001b[0Ktravis_time:end:0aca49df:start=1561637625171777693,finish=1561637625174890872,duration=3113179\n\u001b[0Ktravis_time:start:138cf06a\n\u001b[0Kattempting to download cache archive\u001b[0m\n\u001b[32;1mfetching 2.0/cache-linux-precise-e3b0c44298fc1c149afbf4c8996fb92427ae41e4649b934ca495991b7852b855--php-5.3.tgz\u001b[0m\n\u001b[32;1mfound cache\u001b[0m\ntravis_time:end:138cf06a:start=1561637625179200743,finish=1561637626413762885,duration=1234562142\n\u001b[0Ktravis_time:start:04928fb8\n\u001b[0Ktravis_time:end:04928fb8:start=1561637626418286685,finish=1561637626421482805,duration=3196120\n\u001b[0Ktravis_time:start:0094cf50\n\u001b[0Kadding /home/travis/.composer/cache to cache\u001b[0m\ntravis_time:end:0094cf50:start=1561637626425896565,finish=1561637627559255675,duration=1133359110\n\u001b[0Ktravis_fold:end:cache.1\n\u001b[0K\n$ php --version\nPHP 5.3.29 (cli) (built: Nov 26 2015 00:52:51) \nCopyright (c) 1997-2014 The PHP Group\nZend Engine v2.3.0, Copyright (c) 1998-2014 Zend Technologies\n    with Xdebug v2.2.7, Copyright (c) 2002-2015, by Derick Rethans\n$ composer --version\nYou are running composer with xdebug enabled. This has a major impact on runtime performance. See https://getcomposer.org/xdebug\nComposer version 1.8.6 2019-06-11 15:03:05\n\u001b[0m\ntravis_fold:start:before_install.1\n\u001b[0Ktravis_time:start:01e9a298\n\u001b[0K$ phpenv config-rm xdebug.ini || echo \"xdebug not available\"\nFile xdebug.ini removed from /home/travis/.phpenv/versions/5.3/etc/conf.d.\ntravis_time:end:01e9a298:start=1561637627857411566,finish=1561637627885801404,duration=28389838\n\u001b[0Ktravis_fold:end:before_install.1\n\u001b[0Ktravis_fold:start:before_install.2\n\u001b[0Ktravis_time:start:179d67ae\n\u001b[0K$ export INI=~/.phpenv/versions/$(phpenv version-name)/etc/conf.d/travis.ini\ntravis_time:end:179d67ae:start=1561637627890983689,finish=1561637627915697320,duration=24713631\n\u001b[0Ktravis_fold:end:before_install.2\n\u001b[0Ktravis_fold:start:before_install.3\n\u001b[0Ktravis_time:start:08533e10\n\u001b[0K$ echo memory_limit = -1 >> $INI\ntravis_time:end:08533e10:start=1561637627920856605,finish=1561637627923767875,duration=2911270\n\u001b[0Ktravis_fold:end:before_install.3\n\u001b[0Ktravis_fold:start:before_install.4\n\u001b[0Ktravis_time:start:30123006\n\u001b[0K$ composer validate\n./composer.json is valid\ntravis_time:end:30123006:start=1561637627928680378,finish=1561637628191838518,duration=263158140\n\u001b[0Ktravis_fold:end:before_install.4\n\u001b[0Ktravis_fold:start:install.1\n\u001b[0Ktravis_time:start:060a58ee\n\u001b[0K$ flags=\"--ansi --prefer-dist --no-interaction --optimize-autoloader --no-suggest --no-progress\"\ntravis_time:end:060a58ee:start=1561637628197512013,finish=1561637628201035516,duration=3523503\n\u001b[0Ktravis_fold:end:install.1\n\u001b[0Ktravis_fold:start:install.2\n\u001b[0Ktravis_time:start:115ad31e\n\u001b[0K$ if [ \"$deps\" == \"high\" ]; then composer config platform.php 7.2.4; composer update $flags; fi\ntravis_time:end:115ad31e:start=1561637628206051370,finish=1561637628209443487,duration=3392117\n\u001b[0Ktravis_fold:end:install.2\n\u001b[0Ktravis_fold:start:install.3\n\u001b[0Ktravis_time:start:059283c0\n\u001b[0K$ composer install $flags\n\u001b[32mLoading composer repositories with package information\u001b[39m\n\u001b[32mInstalling dependencies (including require-dev) from lock file\u001b[39m\n\u001b[32mPackage operations: 34 installs, 0 updates, 0 removals\u001b[39m\n  - Installing \u001b[32mcomposer/ca-bundle\u001b[39m (\u001b[33m1.1.4\u001b[39m): Loading from cache\n  - Installing \u001b[32mcomposer/semver\u001b[39m (\u001b[33m1.5.0\u001b[39m): Loading from cache\n  - Installing \u001b[32mcomposer/spdx-licenses\u001b[39m (\u001b[33m1.5.1\u001b[39m): Loading from cache\n  - Installing \u001b[32mpsr/log\u001b[39m (\u001b[33m1.1.0\u001b[39m): Loading from cache\n  - Installing \u001b[32mcomposer/xdebug-handler\u001b[39m (\u001b[33m1.3.3\u001b[39m): Loading from cache\n  - Installing \u001b[32mjustinrainbow/json-schema\u001b[39m (\u001b[33m5.2.8\u001b[39m): Loading from cache\n  - Installing \u001b[32mreact/promise\u001b[39m (\u001b[33mv1.2.1\u001b[39m): Loading from cache\n  - Installing \u001b[32mseld/jsonlint\u001b[39m (\u001b[33m1.7.1\u001b[39m): Loading from cache\n  - Installing \u001b[32mseld/phar-utils\u001b[39m (\u001b[33m1.0.1\u001b[39m): Loading from cache\n  - Installing \u001b[32msymfony/polyfill-mbstring\u001b[39m (\u001b[33mv1.11.0\u001b[39m): Downloading (\u001b[33m100%\u001b[39m)\n  - Installing \u001b[32msymfony/debug\u001b[39m (\u001b[33mv2.8.50\u001b[39m): Loading from cache\n  - Installing \u001b[32msymfony/console\u001b[39m (\u001b[33mv2.8.50\u001b[39m): Loading from cache\n  - Installing \u001b[32msymfony/polyfill-ctype\u001b[39m (\u001b[33mv1.11.0\u001b[39m): Downloading (\u001b[33m100%\u001b[39m)\n  - Installing \u001b[32msymfony/filesystem\u001b[39m (\u001b[33mv2.8.50\u001b[39m): Loading from cache\n  - Installing \u001b[32msymfony/finder\u001b[39m (\u001b[33mv2.8.50\u001b[39m): Loading from cache\n  - Installing \u001b[32msymfony/process\u001b[39m (\u001b[33mv2.8.50\u001b[39m): Loading from cache\n  - Installing \u001b[32mphpdocumentor/reflection-docblock\u001b[39m (\u001b[33m2.0.5\u001b[39m): Loading from cache\n  - Installing \u001b[32mphpunit/php-token-stream\u001b[39m (\u001b[33m1.4.12\u001b[39m): Loading from cache\n  - Installing \u001b[32msymfony/yaml\u001b[39m (\u001b[33mv2.8.50\u001b[39m): Loading from cache\n  - Installing \u001b[32msebastian/version\u001b[39m (\u001b[33m1.0.6\u001b[39m): Loading from cache\n  - Installing \u001b[32msebastian/global-state\u001b[39m (\u001b[33m1.1.1\u001b[39m): Loading from cache\n  - Installing \u001b[32msebastian/recursion-context\u001b[39m (\u001b[33m1.0.5\u001b[39m): Loading from cache\n  - Installing \u001b[32msebastian/exporter\u001b[39m (\u001b[33m1.2.2\u001b[39m): Loading from cache\n  - Installing \u001b[32msebastian/environment\u001b[39m (\u001b[33m1.3.8\u001b[39m): Loading from cache\n  - Installing \u001b[32msebastian/diff\u001b[39m (\u001b[33m1.4.3\u001b[39m): Loading from cache\n  - Installing \u001b[32msebastian/comparator\u001b[39m (\u001b[33m1.2.4\u001b[39m): Loading from cache\n  - Installing \u001b[32mphpunit/php-text-template\u001b[39m (\u001b[33m1.2.1\u001b[39m): Loading from cache\n  - Installing \u001b[32mdoctrine/instantiator\u001b[39m (\u001b[33m1.0.5\u001b[39m): Loading from cache\n  - Installing \u001b[32mphpunit/phpunit-mock-objects\u001b[39m (\u001b[33m2.3.8\u001b[39m): Loading from cache\n  - Installing \u001b[32mphpunit/php-timer\u001b[39m (\u001b[33m1.0.9\u001b[39m): Loading from cache\n  - Installing \u001b[32mphpunit/php-file-iterator\u001b[39m (\u001b[33m1.4.5\u001b[39m): Loading from cache\n  - Installing \u001b[32mphpunit/php-code-coverage\u001b[39m (\u001b[33m2.2.4\u001b[39m): Loading from cache\n  - Installing \u001b[32mphpspec/prophecy\u001b[39m (\u001b[33m1.8.0\u001b[39m): Loading from cache\n  - Installing \u001b[32mphpunit/phpunit\u001b[39m (\u001b[33m4.8.36\u001b[39m): Loading from cache\n\u001b[32mGenerating optimized autoload files\u001b[39m\ntravis_time:end:059283c0:start=1561637628214293738,finish=1561637631393885759,duration=3179592021\n\u001b[0Ktravis_fold:end:install.3\n\u001b[0Ktravis_fold:start:install.4\n\u001b[0Ktravis_time:start:04923642\n\u001b[0K$ bin/composer install $flags\n\u001b[32mLoading composer repositories with package information\u001b[39m\n\u001b[32mInstalling dependencies (including require-dev) from lock file\u001b[39m\nNothing to install or update\n\u001b[32mGenerating optimized autoload files\u001b[39m\ntravis_time:end:04923642:start=1561637631399258954,finish=1561637632528051915,duration=1128792961\n\u001b[0Ktravis_fold:end:install.4\n\u001b[0Ktravis_fold:start:before_script.1\n\u001b[0Ktravis_time:start:03b18ac5\n\u001b[0K$ git config --global user.name travis-ci\ntravis_time:end:03b18ac5:start=1561637632533737643,finish=1561637632539682387,duration=5944744\n\u001b[0Ktravis_fold:end:before_script.1\n\u001b[0Ktravis_fold:start:before_script.2\n\u001b[0Ktravis_time:start:21db6ed0\n\u001b[0K$ git config --global user.email travis@example.com\ntravis_time:end:21db6ed0:start=1561637632548830713,finish=1561637632603137103,duration=54306390\n\u001b[0Ktravis_fold:end:before_script.2\n\u001b[0Ktravis_time:start:135e6aa0\n\u001b[0K$ ls -d tests/Composer/Test/* | grep -v TestCase.php | parallel --gnu --keep-order 'echo \"Running {} tests\"; ./vendor/bin/phpunit -c tests/complete.phpunit.xml --colors=always {} || (echo -e \"\\e[41mFAILED\\e[0m {}\" && exit 1);'\nRunning tests/Composer/Test/AllFunctionalTest.php tests\nPHPUnit 4.8.36 by Sebastian Bergmann and contributors.\n\n...\n\nTime: 17.63 seconds, Memory: 8.50MB\n\n\u001b[30;42mOK (3 tests, 3 assertions)\u001b[0m\nRunning tests/Composer/Test/ApplicationTest.php tests\nPHPUnit 4.8.36 by Sebastian Bergmann and contributors.\n\n...\n\nTime: 1.29 seconds, Memory: 26.75MB\n\n\u001b[30;42mOK (3 tests, 6 assertions)\u001b[0m\nRunning tests/Composer/Test/Autoload tests\nPHPUnit 4.8.36 by Sebastian Bergmann and contributors.\n\n..............................................\n\nTime: 1.41 seconds, Memory: 19.25MB\n\n\u001b[30;42mOK (46 tests, 200 assertions)\u001b[0m\nRunning tests/Composer/Test/CacheTest.php tests\nPHPUnit 4.8.36 by Sebastian Bergmann and contributors.\n\n...\n\nTime: 710 ms, Memory: 9.75MB\n\n\u001b[30;42mOK (3 tests, 12 assertions)\u001b[0m\nRunning tests/Composer/Test/Command tests\nPHPUnit 4.8.36 by Sebastian Bergmann and contributors.\n\n............\n\nTime: 976 ms, Memory: 10.00MB\n\n\u001b[30;42mOK (12 tests, 18 assertions)\u001b[0m\nRunning tests/Composer/Test/ComposerTest.php tests\nPHPUnit 4.8.36 by Sebastian Bergmann and contributors.\n\n.....\n\nTime: 216 ms, Memory: 9.50MB\n\n\u001b[30;42mOK (5 tests, 5 assertions)\u001b[0m\nRunning tests/Composer/Test/Config tests\nPHPUnit 4.8.36 by Sebastian Bergmann and contributors.\n\n.........................................\n\nTime: 774 ms, Memory: 8.75MB\n\n\u001b[30;42mOK (41 tests, 123 assertions)\u001b[0m\nRunning tests/Composer/Test/ConfigTest.php tests\nPHPUnit 4.8.36 by Sebastian Bergmann and contributors.\n\n....................................\n\nTime: 1.01 seconds, Memory: 8.00MB\n\n\u001b[30;42mOK (36 tests, 45 assertions)\u001b[0m\nRunning tests/Composer/Test/Console tests\nPHPUnit 4.8.36 by Sebastian Bergmann and contributors.\n\n.\n\nTime: 212 ms, Memory: 7.25MB\n\n\u001b[30;42mOK (1 test, 1 assertion)\u001b[0m\nRunning tests/Composer/Test/DefaultConfigTest.php tests\nPHPUnit 4.8.36 by Sebastian Bergmann and contributors.\n\n.\n\nTime: 411 ms, Memory: 7.25MB\n\n\u001b[30;42mOK (1 test, 1 assertion)\u001b[0m\nRunning tests/Composer/Test/DependencyResolver tests\nPHPUnit 4.8.36 by Sebastian Bergmann and contributors.\n\n................................................................. 65 / 79 ( 82%)\n..............\n\nTime: 760 ms, Memory: 13.75MB\n\n\u001b[30;42mOK (79 tests, 94 assertions)\u001b[0m\nRunning tests/Composer/Test/Downloader tests\nPHPUnit 4.8.36 by Sebastian Bergmann and contributors.\n\n...............................................................  63 / 110 ( 57%)\n...............................................\n\nTime: 2.14 seconds, Memory: 21.75MB\n\n\u001b[30;42mOK (110 tests, 204 assertions)\u001b[0m\nRunning tests/Composer/Test/EventDispatcher tests\nPHPUnit 4.8.36 by Sebastian Bergmann and contributors.\n\n..............\n\nTime: 568 ms, Memory: 12.50MB\n\n\u001b[30;42mOK (14 tests, 32 assertions)\u001b[0m\nRunning tests/Composer/Test/FactoryTest.php tests\nPHPUnit 4.8.36 by Sebastian Bergmann and contributors.\n\n.\n\nTime: 798 ms, Memory: 9.00MB\n\n\u001b[30;42mOK (1 test, 1 assertion)\u001b[0m\nRunning tests/Composer/Test/Fixtures tests\nPHPUnit 4.8.36 by Sebastian Bergmann and contributors.\n\n\n\nTime: 1 second, Memory: 6.50MB\n\n\u001b[30;43mNo tests executed!\u001b[0m\nRunning tests/Composer/Test/Installer tests\nPHPUnit 4.8.36 by Sebastian Bergmann and contributors.\n\n................................\n\nTime: 464 ms, Memory: 14.50MB\n\n\u001b[30;42mOK (32 tests, 76 assertions)\u001b[0m\nRunning tests/Composer/Test/InstallerTest.php tests\nPHPUnit 4.8.36 by Sebastian Bergmann and contributors.\n\n................................................................. 65 / 78 ( 83%)\n.............\n\nTime: 6.59 seconds, Memory: 27.25MB\n\n\u001b[30;42mOK (78 tests, 197 assertions)\u001b[0m\nRunning tests/Composer/Test/IO tests\nPHPUnit 4.8.36 by Sebastian Bergmann and contributors.\n\n.....................\n\nTime: 361 ms, Memory: 10.25MB\n\n\u001b[30;42mOK (21 tests, 32 assertions)\u001b[0m\nRunning tests/Composer/Test/Json tests\nPHPUnit 4.8.36 by Sebastian Bergmann and contributors.\n\n................................................................. 65 / 93 ( 69%)\n............................\n\nTime: 636 ms, Memory: 15.00MB\n\n\u001b[30;42mOK (93 tests, 180 assertions)\u001b[0m\nRunning tests/Composer/Test/Mock tests\nPHPUnit 4.8.36 by Sebastian Bergmann and contributors.\n\n\n\nTime: 802 ms, Memory: 6.50MB\n\n\u001b[30;43mNo tests executed!\u001b[0m\nRunning tests/Composer/Test/Package tests\nPHPUnit 4.8.36 by Sebastian Bergmann and contributors.\n\n...............................................................  63 / 198 ( 31%)\n............................................................... 126 / 198 ( 63%)\n............................................................... 189 / 198 ( 95%)\n.........\n\nTime: 2.1 seconds, Memory: 25.00MB\n\n\u001b[30;42mOK (198 tests, 345 assertions)\u001b[0m\nRunning tests/Composer/Test/Plugin tests\nPHPUnit 4.8.36 by Sebastian Bergmann and contributors.\n\n......................\n\nTime: 440 ms, Memory: 14.50MB\n\n\u001b[30;42mOK (22 tests, 57 assertions)\u001b[0m\nRunning tests/Composer/Test/Question tests\nPHPUnit 4.8.36 by Sebastian Bergmann and contributors.\n\n...........\n\nTime: 633 ms, Memory: 8.00MB\n\n\u001b[30;42mOK (11 tests, 16 assertions)\u001b[0m\nRunning tests/Composer/Test/Repository tests\nPHPUnit 4.8.36 by Sebastian Bergmann and contributors.\n\n..............\u001b[31;1mE\u001b[0m\u001b[31;1mE\u001b[0m\u001b[31;1mE\u001b[0m\u001b[31;1mE\u001b[0m\u001b[31;1mE\u001b[0m.............................\u001b[36;1mS\u001b[0m\u001b[36;1mS\u001b[0m.............  63 / 127 ( 49%)\n............................................................... 126 / 127 ( 99%)\n.\n\nTime: 2.03 seconds, Memory: 31.00MB\n\nThere were 5 errors:\n\n1) Composer\\Test\\Repository\\ComposerRepositoryTest::testCanonicalizeUrl with data set #0 ('https://example.org/path/to/file', '/path/to/file', 'https://example.org')\nArgument 4 passed to Composer\\Repository\\ComposerRepository::__construct() must be an instance of Composer\\Util\\HttpDownloader, none given, called in /home/travis/build/composer/composer/tests/Composer/Test/Repository/ComposerRepositoryTest.php on line 231 and defined\n\n/home/travis/build/composer/composer/src/Composer/Repository/ComposerRepository.php:71\n/home/travis/build/composer/composer/tests/Composer/Test/Repository/ComposerRepositoryTest.php:231\n\n2) Composer\\Test\\Repository\\ComposerRepositoryTest::testCanonicalizeUrl with data set #1 ('https://example.org/canonic_url', 'https://example.org/canonic_url', 'https://should-not-see-me.test')\nArgument 4 passed to Composer\\Repository\\ComposerRepository::__construct() must be an instance of Composer\\Util\\HttpDownloader, none given, called in /home/travis/build/composer/composer/tests/Composer/Test/Repository/ComposerRepositoryTest.php on line 231 and defined\n\n/home/travis/build/composer/composer/src/Composer/Repository/ComposerRepository.php:71\n/home/travis/build/composer/composer/tests/Composer/Test/Repository/ComposerRepositoryTest.php:231\n\n3) Composer\\Test\\Repository\\ComposerRepositoryTest::testCanonicalizeUrl with data set #2 ('file:///path/to/repository/file', '/path/to/repository/file', 'file:///path/to/repository')\nArgument 4 passed to Composer\\Repository\\ComposerRepository::__construct() must be an instance of Composer\\Util\\HttpDownloader, none given, called in /home/travis/build/composer/composer/tests/Composer/Test/Repository/ComposerRepositoryTest.php on line 231 and defined\n\n/home/travis/build/composer/composer/src/Composer/Repository/ComposerRepository.php:71\n/home/travis/build/composer/composer/tests/Composer/Test/Repository/ComposerRepositoryTest.php:231\n\n4) Composer\\Test\\Repository\\ComposerRepositoryTest::testCanonicalizeUrl with data set #3 ('invalid_repo_url', '/path/to/file', 'invalid_repo_url')\nArgument 4 passed to Composer\\Repository\\ComposerRepository::__construct() must be an instance of Composer\\Util\\HttpDownloader, none given, called in /home/travis/build/composer/composer/tests/Composer/Test/Repository/ComposerRepositoryTest.php on line 231 and defined\n\n/home/travis/build/composer/composer/src/Composer/Repository/ComposerRepository.php:71\n/home/travis/build/composer/composer/tests/Composer/Test/Repository/ComposerRepositoryTest.php:231\n\n5) Composer\\Test\\Repository\\ComposerRepositoryTest::testCanonicalizeUrl with data set #4 ('https://example.org/path/to/u...lename', '/path/to/unusual_$0_filename', 'https://example.org')\nArgument 4 passed to Composer\\Repository\\ComposerRepository::__construct() must be an instance of Composer\\Util\\HttpDownloader, none given, called in /home/travis/build/composer/composer/tests/Composer/Test/Repository/ComposerRepositoryTest.php on line 231 and defined\n\n/home/travis/build/composer/composer/src/Composer/Repository/ComposerRepository.php:71\n/home/travis/build/composer/composer/tests/Composer/Test/Repository/ComposerRepositoryTest.php:231\n\n\u001b[37;41mFAILURES!\u001b[0m\n\u001b[37;41mTests: 127\u001b[0m\u001b[37;41m, Assertions: 310\u001b[0m\u001b[37;41m, Errors: 5\u001b[0m\u001b[37;41m, Skipped: 2\u001b[0m\u001b[37;41m.\u001b[0m\n\u001b[41mFAILED\u001b[0m tests/Composer/Test/Repository\nRunning tests/Composer/Test/Util tests\nPHPUnit 4.8.36 by Sebastian Bergmann and contributors.\n\n...............................................................  63 / 242 ( 26%)\n............................................................... 126 / 242 ( 52%)\n............................................................... 189 / 242 ( 78%)\n.....................................................\n\nTime: 3.06 seconds, Memory: 21.25MB\n\n\u001b[30;42mOK (242 tests, 421 assertions)\u001b[0m\ntravis_time:end:135e6aa0:start=1561637632608474907,finish=1561637652277741526,duration=19669266619\n\u001b[0K\u001b[31;1mThe command \"ls -d tests/Composer/Test/* | grep -v TestCase.php | parallel --gnu --keep-order 'echo \"Running {} tests\"; ./vendor/bin/phpunit -c tests/complete.phpunit.xml --colors=always {} || (echo -e \"\u001b[41mFAILED\u001b[0m {}\" && exit 1);'\" exited with 1.\u001b[0m\n\ntravis_time:start:011d0934\n\u001b[0K$ if [[ $PHPSTAN == \"1\" ]]; then composer require --dev phpstan/phpstan-shim:^0.11 --ignore-platform-reqs && vendor/bin/phpstan.phar analyse src tests --configuration=phpstan/config.neon --autoload-file=phpstan/autoload.php; fi\ntravis_time:end:011d0934:start=1561637652284218529,finish=1561637652287453901,duration=3235372\n\u001b[0K\u001b[32;1mThe command \"if [[ $PHPSTAN == \"1\" ]]; then composer require --dev phpstan/phpstan-shim:^0.11 --ignore-platform-reqs && vendor/bin/phpstan.phar analyse src tests --configuration=phpstan/config.neon --autoload-file=phpstan/autoload.php; fi\" exited with 0.\u001b[0m\n\ntravis_fold:start:cache.2\n\u001b[0Kstore build cache\ntravis_time:start:1aa0037e\n\u001b[0Ktravis_time:end:1aa0037e:start=1561637652292061385,finish=1561637652295336780,duration=3275395\n\u001b[0Ktravis_time:start:04994c78\n\u001b[0K\u001b[32;1mchanges detected (content changed, file is created, or file is deleted):\\n/home/travis/.composer/cache/files/symfony/polyfill-ctype/8f6123e97ba0dd7fba0bdea188a7c0cd189e1b23.zip\n/home/travis/.composer/cache/files/symfony/polyfill-mbstring/18eb503e940ca44436b73ea62b6d67378a0373c8.zip\\n\u001b[0m\n\u001b[32;1mchanges detected, packing new archive\u001b[0m\n\u001b[32;1muploading 2.0/cache-linux-precise-e3b0c44298fc1c149afbf4c8996fb92427ae41e4649b934ca495991b7852b855--php-5.3.tgz\u001b[0m\n\u001b[32;1mcache uploaded\u001b[0m\ntravis_time:end:04994c78:start=1561637652299663065,finish=1561637653597421186,duration=1297758121\n\u001b[0Ktravis_fold:end:cache.2\n\u001b[0K\n\nDone. Your build exited with 1.\n"
}