{
  "log_path": "PHP/composer@composer/failed/565348117.log",
  "failure_chunk": "1) Composer\\Test\\AllFunctionalTest::testIntegration with data set #0 (Symfony\\Component\\Finder\\SplFileInfo Object (...))",
  "keywords": [
    "error",
    "1)",
    "FAILURE"
  ],
  "category": "2",
  "full_log": "travis_fold:start:worker_info\n\u001b[0K\u001b[33;1mWorker information\u001b[0m\nhostname: e096e7e8-1c5f-4a51-8028-b3c562cae434@1.worker-org-b6c9dcb4d-jjmc5.gce-production-1\nversion: v6.2.1 https://github.com/travis-ci/worker/tree/4e3246c044eb4915c2378ffacd0b3d3ed0136bba\ninstance: travis-job-10c9dbfd-3a19-4af5-9a5a-38b6111396e5 precise-php-stable-alternative (via amqp)\nstartup: 6.13608315s\ntravis_fold:end:worker_info\n\u001b[0Ktravis_fold:start:system_info\n\u001b[0K\u001b[33;1mBuild system information\u001b[0m\nBuild language: php\nBuild group: stable\nBuild dist: precise\nBuild id: 565348117\nJob id: 565348118\nRuntime kernel version: 3.13.0-115-generic\ntravis-build version: 24c88d12b\n\u001b[34m\u001b[1mBuild image provisioning date and time\u001b[0m\nTue Apr 11 21:48:56 UTC 2017\n\u001b[34m\u001b[1mOperating System Details\u001b[0m\nDistributor ID:\tUbuntu\nDescription:\tUbuntu 12.04.5 LTS\nRelease:\t12.04\nCodename:\tprecise\n\u001b[34m\u001b[1mLinux Version\u001b[0m\n3.13.0-115-generic\n\u001b[34m\u001b[1mCookbooks Version\u001b[0m\ncc4eb5e https://github.com/travis-ci/travis-cookbooks/tree/cc4eb5e\n\u001b[34m\u001b[1mGit version\u001b[0m\ngit version 1.8.5.6\n\u001b[34m\u001b[1mbash version\u001b[0m\nGNU bash, version 4.2.25(1)-release (x86_64-pc-linux-gnu)\nCopyright (C) 2011 Free Software Foundation, Inc.\nLicense GPLv3+: GNU GPL version 3 or later <http://gnu.org/licenses/gpl.html>\n\nThis is free software; you are free to change and redistribute it.\nThere is NO WARRANTY, to the extent permitted by law.\n\u001b[34m\u001b[1mGCC version\u001b[0m\ngcc (Ubuntu/Linaro 4.6.3-1ubuntu5) 4.6.3\nCopyright (C) 2011 Free Software Foundation, Inc.\nThis is free software; see the source for copying conditions.  There is NO\nwarranty; not even for MERCHANTABILITY or FITNESS FOR A PARTICULAR PURPOSE.\n\n\u001b[34m\u001b[1mLLVM version\u001b[0m\nclang version 3.4 (tags/RELEASE_34/final)\nTarget: x86_64-unknown-linux-gnu\nThread model: posix\n\u001b[34m\u001b[1mPre-installed Ruby versions\u001b[0m\nruby-2.2.6\n\u001b[34m\u001b[1mPre-installed Node.js versions\u001b[0m\nv0.10.36\n\u001b[34m\u001b[1mPre-installed Go versions\u001b[0m\n1.7.4\n\u001b[34m\u001b[1mmysql --version\u001b[0m\nmysql  Ver 14.14 Distrib 5.5.54, for debian-linux-gnu (x86_64) using readline 6.2\n\u001b[34m\u001b[1mPre-installed PostgreSQL versions\u001b[0m\n9.1.24\n9.2.20\n9.3.16\n9.4.11\n9.5.6\n\u001b[34m\u001b[1mRedis version\u001b[0m\nredis-server 3.0.7\n\u001b[34m\u001b[1mriak version\u001b[0m\n2.0.2\n\u001b[34m\u001b[1mmemcached version\u001b[0m\n1.4.13\n\u001b[34m\u001b[1mMongoDB version\u001b[0m\nMongoDB 2.4.14\n\u001b[34m\u001b[1mCouchDB version\u001b[0m\ncouchdb 1.6.1\n\u001b[34m\u001b[1mInstalled Sphinx versions\u001b[0m\n2.0.10\n2.1.9\n2.2.6\n\u001b[34m\u001b[1mDefault Sphinx version\u001b[0m\n2.2.6\n\u001b[34m\u001b[1mInstalled Firefox version\u001b[0m\nfirefox 38.4.0esr\n\u001b[34m\u001b[1mPhantomJS version\u001b[0m\n1.9.8\n\u001b[34m\u001b[1mant -version\u001b[0m\nApache Ant(TM) version 1.8.2 compiled on December 3 2011\n\u001b[34m\u001b[1mmvn -version\u001b[0m\nApache Maven 3.2.5 (12a6b3acb947671f09b81f49094c53f426d8cea1; 2014-12-14T17:29:23+00:00)\nMaven home: /usr/local/maven\nJava version: 1.7.0_80, vendor: Oracle Corporation\nJava home: /usr/lib/jvm/java-7-oracle/jre\nDefault locale: en, platform encoding: UTF-8\nOS name: \"linux\", version: \"3.13.0-115-generic\", arch: \"amd64\", family: \"unix\"\n\u001b[34m\u001b[1mphpenv versions\u001b[0m\n* system (set by /home/travis/.phpenv/version)\n  5.3.29\n  5.3.3\n  5.4\n  5.4.45\n  5.5.29\n  5.5.9\n  5.6.13\ntravis_fold:end:system_info\n\u001b[0K\nsudo: unable to resolve host travis-job-10c9dbfd-3a19-4af5-9a5a-38b6111396e5\nsudo: unable to resolve host travis-job-10c9dbfd-3a19-4af5-9a5a-38b6111396e5\nsudo: unable to resolve host travis-job-10c9dbfd-3a19-4af5-9a5a-38b6111396e5\ntravis_fold:start:docker_mtu\n\u001b[0Ktee: /etc/docker/daemon.json: No such file or directory\ndocker: unrecognized service\ntravis_fold:end:docker_mtu\n\u001b[0Ktravis_fold:start:resolvconf\n\u001b[0Kresolvconf stop/waiting\nresolvconf start/running\ntravis_fold:end:resolvconf\n\u001b[0Ktravis_fold:start:apt\n\u001b[0K\u001b[33;1mInstalling APT Packages\u001b[0m\ntravis_time:start:2678dc74\n\u001b[0K$ travis_apt_get_update\ntravis_time:end:2678dc74:start=1564471151864912849,finish=1564471161486565423,duration=9621652574\n\u001b[0Ktravis_time:start:05893746\n\u001b[0K$ sudo -E apt-get -yq --no-install-suggests --no-install-recommends $(travis_apt_get_options) install parallel\nReading package lists...\nBuilding dependency tree...\nReading state information...\nThe following NEW packages will be installed:\n  parallel\n0 upgraded, 1 newly installed, 0 to remove and 35 not upgraded.\nNeed to get 161 kB of archives.\nAfter this operation, 540 kB of additional disk space will be used.\nGet:1 http://us-central1.gce.archive.ubuntu.com/ubuntu precise-backports/universe amd64 parallel all 20121122-0ubuntu1~ubuntu12.04.1 [161 kB]\nFetched 161 kB in 0s (12.1 MB/s)\nSelecting previously unselected package parallel.\n(Reading database ... \n(Reading database ... 5%\n(Reading database ... 10%\n(Reading database ... 15%\n(Reading database ... 20%\n(Reading database ... 25%\n(Reading database ... 30%\n(Reading database ... 35%\n(Reading database ... 40%\n(Reading database ... 45%\n(Reading database ... 50%\n(Reading database ... 55%\n(Reading database ... 60%\n(Reading database ... 65%\n(Reading database ... 70%\n(Reading database ... 75%\n(Reading database ... 80%\n(Reading database ... 85%\n(Reading database ... 90%\n(Reading database ... 95%\n(Reading database ... 100%\n(Reading database ... 75907 files and directories currently installed.)\nUnpacking parallel (from .../parallel_20121122-0ubuntu1~ubuntu12.04.1_all.deb) ...\nAdding 'diversion of /usr/bin/parallel to /usr/bin/parallel.moreutils by parallel'\nAdding 'diversion of /usr/share/man/man1/parallel.1.gz to /usr/share/man/man1/parallel.moreutils.1.gz by parallel'\nProcessing triggers for man-db ...\nSetting up parallel (20121122-0ubuntu1~ubuntu12.04.1) ...\ntravis_time:end:05893746:start=1564471161491621056,finish=1564471164480289516,duration=2988668460\n\u001b[0Ktravis_fold:end:apt\n\u001b[0K\ntravis_fold:start:git.checkout\n\u001b[0Ktravis_time:start:1269d04c\n\u001b[0K$ git clone --depth=5 --branch=master https://github.com/composer/composer.git composer/composer\nCloning into 'composer/composer'...\ntravis_time:end:1269d04c:start=1564471164485133433,finish=1564471166474746311,duration=1989612878\n\u001b[0K$ cd composer/composer\n$ git checkout -qf 1a391b572cc82b681ce9f52b6db6aa87718fb137\ntravis_fold:end:git.checkout\n\u001b[0K\n\n\u001b[33;1mSetting environment variables from repository settings\u001b[0m\n$ export GITHUB_TOKEN=[secure]\n\ntravis_time:start:0302ec12\n\u001b[0K$ phpenv global 5.3 2>/dev/null\ntravis_time:end:0302ec12:start=1564471166590775045,finish=1564471166612305214,duration=21530169\n\u001b[0K\u001b[33;1m5.3 is not pre-installed; installing\u001b[0m\n\u001b[33;1mDownloading archive: https://storage.googleapis.com/travis-ci-language-archives/php/binaries/ubuntu/12.04/x86_64/php-5.3.tar.bz2\u001b[0m\ntravis_time:start:067b8b89\n\u001b[0K$ curl -s -o archive.tar.bz2 $archive_url && tar xjf archive.tar.bz2 --directory /\ntravis_time:end:067b8b89:start=1564471166674753657,finish=1564471171171346007,duration=4496592350\n\u001b[0Ktravis_time:start:01add464\n\u001b[0Ktravis_time:end:01add464:start=1564471171176024421,finish=1564471171183815906,duration=7791485\n\u001b[0Ktravis_time:start:1360b640\n\u001b[0K$ phpenv global 5.3\ntravis_time:end:1360b640:start=1564471171187907414,finish=1564471171205279391,duration=17371977\n\u001b[0KYou are running composer with xdebug enabled. This has a major impact on runtime performance. See https://getcomposer.org/xdebug\nWarning: This development build of composer is over 60 days old. It is recommended to update it by running \"/home/travis/.phpenv/versions/5.3/bin/composer self-update\" to get the latest version.\ntravis_time:start:09a43eaa\n\u001b[0K$ composer self-update 1.0.0\nYou are running composer with xdebug enabled. This has a major impact on runtime performance. See https://getcomposer.org/xdebug\nUpdating to version 1.0.0.\n    Downloading: Connecting...\b\b\b\b\b\b\b\b\b\b\b\b\b\b\b\b\b\b\b\b\b\b\b\b\b\b\b\b\b\b    Downloading: 100%         \b\b\b\b\b\b\b\b\b\nUse composer self-update --rollback to return to version 2b14f0a047dd4f3545ec82381f65c36ea93a4c81\ntravis_time:end:09a43eaa:start=1564471171469163182,finish=1564471201447204771,duration=29978041589\n\u001b[0Ktravis_time:start:159d3192\n\u001b[0K$ composer self-update\nYou are running composer with xdebug enabled. This has a major impact on runtime performance. See https://getcomposer.org/xdebug\nUpdating to version 1.8.6.\n    Downloading: Connecting...\b\b\b\b\b\b\b\b\b\b\b\b\b\b\b\b\b\b\b\b\b\b\b\b\b\b\b\b\b\b    Downloading: 100%         \b\b\b\b\b\b\b\b\b\nUse composer self-update --rollback to return to version 1.0.0\ntravis_time:end:159d3192:start=1564471201452496727,finish=1564471207641236117,duration=6188739390\n\u001b[0Ktravis_fold:start:cache.1\n\u001b[0KSetting up build cache\n$ export CASHER_DIR=${TRAVIS_HOME}/.casher\ntravis_time:start:0ab08ad5\n\u001b[0K$ Installing caching utilities\ntravis_time:end:0ab08ad5:start=1564471212807887901,finish=1564471212979160402,duration=171272501\n\u001b[0Ktravis_time:start:10f9c2cc\n\u001b[0Ktravis_time:end:10f9c2cc:start=1564471212986369375,finish=1564471212990080573,duration=3711198\n\u001b[0Ktravis_time:start:09091bc1\n\u001b[0Kattempting to download cache archive\u001b[0m\n\u001b[32;1mfetching master/cache-linux-precise-e3b0c44298fc1c149afbf4c8996fb92427ae41e4649b934ca495991b7852b855--php-5.3.tgz\u001b[0m\n\u001b[32;1mfound cache\u001b[0m\ntravis_time:end:09091bc1:start=1564471212995797699,finish=1564471214273800074,duration=1278002375\n\u001b[0Ktravis_time:start:157882f0\n\u001b[0Ktravis_time:end:157882f0:start=1564471214278720074,finish=1564471214282042062,duration=3321988\n\u001b[0Ktravis_time:start:0f6bbdd0\n\u001b[0Kadding /home/travis/.composer/cache to cache\u001b[0m\ntravis_time:end:0f6bbdd0:start=1564471214286508085,finish=1564471215464337273,duration=1177829188\n\u001b[0Ktravis_fold:end:cache.1\n\u001b[0K\n$ php --version\nPHP 5.3.29 (cli) (built: Nov 26 2015 00:52:51) \nCopyright (c) 1997-2014 The PHP Group\nZend Engine v2.3.0, Copyright (c) 1998-2014 Zend Technologies\n    with Xdebug v2.2.7, Copyright (c) 2002-2015, by Derick Rethans\n$ composer --version\nYou are running composer with xdebug enabled. This has a major impact on runtime performance. See https://getcomposer.org/xdebug\nComposer version 1.8.6 2019-06-11 15:03:05\n\u001b[0m\ntravis_fold:start:before_install.1\n\u001b[0Ktravis_time:start:1c890d41\n\u001b[0K$ phpenv config-rm xdebug.ini || echo \"xdebug not available\"\nFile xdebug.ini removed from /home/travis/.phpenv/versions/5.3/etc/conf.d.\ntravis_time:end:1c890d41:start=1564471215762295280,finish=1564471215793238084,duration=30942804\n\u001b[0Ktravis_fold:end:before_install.1\n\u001b[0Ktravis_fold:start:before_install.2\n\u001b[0Ktravis_time:start:0e283b83\n\u001b[0K$ export INI=~/.phpenv/versions/$(phpenv version-name)/etc/conf.d/travis.ini\ntravis_time:end:0e283b83:start=1564471215798868820,finish=1564471215825525550,duration=26656730\n\u001b[0Ktravis_fold:end:before_install.2\n\u001b[0Ktravis_fold:start:before_install.3\n\u001b[0Ktravis_time:start:04848a50\n\u001b[0K$ echo memory_limit = -1 >> $INI\ntravis_time:end:04848a50:start=1564471215830948607,finish=1564471215834299296,duration=3350689\n\u001b[0Ktravis_fold:end:before_install.3\n\u001b[0Ktravis_fold:start:before_install.4\n\u001b[0Ktravis_time:start:13e53b10\n\u001b[0K$ composer validate\n./composer.json is valid\ntravis_time:end:13e53b10:start=1564471215839961208,finish=1564471216092671238,duration=252710030\n\u001b[0Ktravis_fold:end:before_install.4\n\u001b[0Ktravis_fold:start:install.1\n\u001b[0Ktravis_time:start:03d373b4\n\u001b[0K$ flags=\"--ansi --prefer-dist --no-interaction --optimize-autoloader --no-suggest --no-progress\"\ntravis_time:end:03d373b4:start=1564471216098322745,finish=1564471216101812068,duration=3489323\n\u001b[0Ktravis_fold:end:install.1\n\u001b[0Ktravis_fold:start:install.2\n\u001b[0Ktravis_time:start:0255c3a8\n\u001b[0K$ if [ \"$deps\" == \"high\" ]; then composer config platform.php 7.2.4; composer update $flags; fi\ntravis_time:end:0255c3a8:start=1564471216106913258,finish=1564471216110439304,duration=3526046\n\u001b[0Ktravis_fold:end:install.2\n\u001b[0Ktravis_fold:start:install.3\n\u001b[0Ktravis_time:start:07ccc942\n\u001b[0K$ composer install $flags\n\u001b[32mLoading composer repositories with package information\u001b[39m\n\u001b[32mInstalling dependencies (including require-dev) from lock file\u001b[39m\n\u001b[32mPackage operations: 33 installs, 0 updates, 0 removals\u001b[39m\n  - Installing \u001b[32mcomposer/ca-bundle\u001b[39m (\u001b[33m1.1.4\u001b[39m): Loading from cache\n  - Installing \u001b[32mcomposer/semver\u001b[39m (\u001b[33m1.5.0\u001b[39m): Loading from cache\n  - Installing \u001b[32mcomposer/spdx-licenses\u001b[39m (\u001b[33m1.5.1\u001b[39m): Loading from cache\n  - Installing \u001b[32mpsr/log\u001b[39m (\u001b[33m1.1.0\u001b[39m): Loading from cache\n  - Installing \u001b[32mcomposer/xdebug-handler\u001b[39m (\u001b[33m1.3.3\u001b[39m): Loading from cache\n  - Installing \u001b[32mjustinrainbow/json-schema\u001b[39m (\u001b[33m5.2.8\u001b[39m): Loading from cache\n  - Installing \u001b[32mseld/jsonlint\u001b[39m (\u001b[33m1.7.1\u001b[39m): Loading from cache\n  - Installing \u001b[32mseld/phar-utils\u001b[39m (\u001b[33m1.0.1\u001b[39m): Loading from cache\n  - Installing \u001b[32msymfony/polyfill-mbstring\u001b[39m (\u001b[33mv1.11.0\u001b[39m): Loading from cache\n  - Installing \u001b[32msymfony/debug\u001b[39m (\u001b[33mv2.8.50\u001b[39m): Loading from cache\n  - Installing \u001b[32msymfony/console\u001b[39m (\u001b[33mv2.8.50\u001b[39m): Loading from cache\n  - Installing \u001b[32msymfony/polyfill-ctype\u001b[39m (\u001b[33mv1.11.0\u001b[39m): Loading from cache\n  - Installing \u001b[32msymfony/filesystem\u001b[39m (\u001b[33mv2.8.50\u001b[39m): Loading from cache\n  - Installing \u001b[32msymfony/finder\u001b[39m (\u001b[33mv2.8.50\u001b[39m): Loading from cache\n  - Installing \u001b[32msymfony/process\u001b[39m (\u001b[33mv2.8.50\u001b[39m): Loading from cache\n  - Installing \u001b[32mphpdocumentor/reflection-docblock\u001b[39m (\u001b[33m2.0.5\u001b[39m): Loading from cache\n  - Installing \u001b[32mphpunit/php-token-stream\u001b[39m (\u001b[33m1.4.12\u001b[39m): Loading from cache\n  - Installing \u001b[32msymfony/yaml\u001b[39m (\u001b[33mv2.8.50\u001b[39m): Loading from cache\n  - Installing \u001b[32msebastian/version\u001b[39m (\u001b[33m1.0.6\u001b[39m): Loading from cache\n  - Installing \u001b[32msebastian/global-state\u001b[39m (\u001b[33m1.1.1\u001b[39m): Loading from cache\n  - Installing \u001b[32msebastian/recursion-context\u001b[39m (\u001b[33m1.0.5\u001b[39m): Loading from cache\n  - Installing \u001b[32msebastian/exporter\u001b[39m (\u001b[33m1.2.2\u001b[39m): Loading from cache\n  - Installing \u001b[32msebastian/environment\u001b[39m (\u001b[33m1.3.8\u001b[39m): Loading from cache\n  - Installing \u001b[32msebastian/diff\u001b[39m (\u001b[33m1.4.3\u001b[39m): Loading from cache\n  - Installing \u001b[32msebastian/comparator\u001b[39m (\u001b[33m1.2.4\u001b[39m): Loading from cache\n  - Installing \u001b[32mphpunit/php-text-template\u001b[39m (\u001b[33m1.2.1\u001b[39m): Loading from cache\n  - Installing \u001b[32mdoctrine/instantiator\u001b[39m (\u001b[33m1.0.5\u001b[39m): Loading from cache\n  - Installing \u001b[32mphpunit/phpunit-mock-objects\u001b[39m (\u001b[33m2.3.8\u001b[39m): Loading from cache\n  - Installing \u001b[32mphpunit/php-timer\u001b[39m (\u001b[33m1.0.9\u001b[39m): Loading from cache\n  - Installing \u001b[32mphpunit/php-file-iterator\u001b[39m (\u001b[33m1.4.5\u001b[39m): Loading from cache\n  - Installing \u001b[32mphpunit/php-code-coverage\u001b[39m (\u001b[33m2.2.4\u001b[39m): Loading from cache\n  - Installing \u001b[32mphpspec/prophecy\u001b[39m (\u001b[33m1.8.0\u001b[39m): Loading from cache\n  - Installing \u001b[32mphpunit/phpunit\u001b[39m (\u001b[33m4.8.36\u001b[39m): Loading from cache\n\u001b[30;43mPackage phpunit/phpunit-mock-objects is abandoned, you should avoid using it. No replacement was suggested.\u001b[39;49m\n\u001b[32mGenerating optimized autoload files\u001b[39m\ntravis_time:end:07ccc942:start=1564471216115474449,finish=1564471219489345664,duration=3373871215\n\u001b[0Ktravis_fold:end:install.3\n\u001b[0Ktravis_fold:start:install.4\n\u001b[0Ktravis_time:start:11befbe2\n\u001b[0K$ bin/composer install $flags\n\u001b[32mLoading composer repositories with package information\u001b[39m\n\u001b[32mInstalling dependencies (including require-dev) from lock file\u001b[39m\nNothing to install or update\n\u001b[30;43mPackage phpunit/phpunit-mock-objects is abandoned, you should avoid using it. No replacement was suggested.\u001b[39;49m\n\u001b[32mGenerating optimized autoload files\u001b[39m\ntravis_time:end:11befbe2:start=1564471219494687940,finish=1564471220613356909,duration=1118668969\n\u001b[0Ktravis_fold:end:install.4\n\u001b[0Ktravis_fold:start:before_script.1\n\u001b[0Ktravis_time:start:118bc988\n\u001b[0K$ git config --global user.name travis-ci\ntravis_time:end:118bc988:start=1564471220619217291,finish=1564471220625500813,duration=6283522\n\u001b[0Ktravis_fold:end:before_script.1\n\u001b[0Ktravis_fold:start:before_script.2\n\u001b[0Ktravis_time:start:07c9ac0c\n\u001b[0K$ git config --global user.email travis@example.com\ntravis_time:end:07c9ac0c:start=1564471220631104671,finish=1564471220636362191,duration=5257520\n\u001b[0Ktravis_fold:end:before_script.2\n\u001b[0Ktravis_time:start:02b22504\n\u001b[0K$ ls -d tests/Composer/Test/* | grep -v TestCase.php | parallel --gnu --keep-order 'echo \"Running {} tests\"; ./vendor/bin/phpunit -c tests/complete.phpunit.xml --colors=always {} || (echo -e \"\\e[41mFAILED\\e[0m {}\" && exit 1);'\nRunning tests/Composer/Test/AllFunctionalTest.php tests\nPHPUnit 4.8.36 by Sebastian Bergmann and contributors.\n\n.\u001b[31;1mE\u001b[0m.\n\nTime: 5.91 minutes, Memory: 8.50MB\n\nThere was 1 error:\n\n1) Composer\\Test\\AllFunctionalTest::testIntegration with data set #0 (Symfony\\Component\\Finder\\SplFileInfo Object (...))\nSymfony\\Component\\Process\\Exception\\ProcessTimedOutException: The process \"php '/tmp/composer-test-10085d3fefb4e96a2/composer.phar' --no-ansi create-project --repository=packages.json -v seld/jsonlint /tmp/composer-test-15295d3fefbd54c8d dev-master\" exceeded the timeout of 300 seconds.\n\n/home/travis/build/composer/composer/vendor/symfony/process/Process.php:1193\n/home/travis/build/composer/composer/vendor/symfony/process/Process.php:356\n/home/travis/build/composer/composer/vendor/symfony/process/Process.php:198\n/home/travis/build/composer/composer/tests/Composer/Test/AllFunctionalTest.php:113\n\n\u001b[37;41mFAILURES!\u001b[0m\n\u001b[37;41mTests: 3\u001b[0m\u001b[37;41m, Assertions: 2\u001b[0m\u001b[37;41m, Errors: 1\u001b[0m\u001b[37;41m.\u001b[0m\n\u001b[41mFAILED\u001b[0m tests/Composer/Test/AllFunctionalTest.php\nRunning tests/Composer/Test/ApplicationTest.php tests\nPHPUnit 4.8.36 by Sebastian Bergmann and contributors.\n\n...\n\nTime: 1.36 seconds, Memory: 26.00MB\n\n\u001b[30;42mOK (3 tests, 6 assertions)\u001b[0m\nRunning tests/Composer/Test/Autoload tests\nPHPUnit 4.8.36 by Sebastian Bergmann and contributors.\n\n..............................................\n\nTime: 1.46 seconds, Memory: 19.25MB\n\n\u001b[30;42mOK (46 tests, 200 assertions)\u001b[0m\nRunning tests/Composer/Test/CacheTest.php tests\nPHPUnit 4.8.36 by Sebastian Bergmann and contributors.\n\n...\n\nTime: 757 ms, Memory: 9.75MB\n\n\u001b[30;42mOK (3 tests, 15 assertions)\u001b[0m\nRunning tests/Composer/Test/Command tests\nPHPUnit 4.8.36 by Sebastian Bergmann and contributors.\n\n............\n\nTime: 1.03 seconds, Memory: 10.00MB\n\n\u001b[30;42mOK (12 tests, 18 assertions)\u001b[0m\nRunning tests/Composer/Test/ComposerTest.php tests\nPHPUnit 4.8.36 by Sebastian Bergmann and contributors.\n\n.....\n\nTime: 281 ms, Memory: 9.25MB\n\n\u001b[30;42mOK (5 tests, 5 assertions)\u001b[0m\nRunning tests/Composer/Test/Config tests\nPHPUnit 4.8.36 by Sebastian Bergmann and contributors.\n\n.........................................\n\nTime: 841 ms, Memory: 8.75MB\n\n\u001b[30;42mOK (41 tests, 123 assertions)\u001b[0m\nRunning tests/Composer/Test/ConfigTest.php tests\nPHPUnit 4.8.36 by Sebastian Bergmann and contributors.\n\n....................................\n\nTime: 1.08 seconds, Memory: 8.00MB\n\n\u001b[30;42mOK (36 tests, 45 assertions)\u001b[0m\nRunning tests/Composer/Test/Console tests\nPHPUnit 4.8.36 by Sebastian Bergmann and contributors.\n\n.\n\nTime: 283 ms, Memory: 7.25MB\n\n\u001b[30;42mOK (1 test, 1 assertion)\u001b[0m\nRunning tests/Composer/Test/DefaultConfigTest.php tests\nPHPUnit 4.8.36 by Sebastian Bergmann and contributors.\n\n.\n\nTime: 486 ms, Memory: 7.25MB\n\n\u001b[30;42mOK (1 test, 1 assertion)\u001b[0m\nRunning tests/Composer/Test/DependencyResolver tests\nPHPUnit 4.8.36 by Sebastian Bergmann and contributors.\n\n................................................................. 65 / 83 ( 78%)\n..................\n\nTime: 821 ms, Memory: 13.75MB\n\n\u001b[30;42mOK (83 tests, 100 assertions)\u001b[0m\nRunning tests/Composer/Test/Downloader tests\nPHPUnit 4.8.36 by Sebastian Bergmann and contributors.\n\n...............................................................  63 / 100 ( 63%)\n.....................................\n\nTime: 2.87 seconds, Memory: 17.00MB\n\n\u001b[30;42mOK (100 tests, 202 assertions)\u001b[0m\nRunning tests/Composer/Test/EventDispatcher tests\nPHPUnit 4.8.36 by Sebastian Bergmann and contributors.\n\n...............\n\nTime: 296 ms, Memory: 12.50MB\n\n\u001b[30;42mOK (15 tests, 34 assertions)\u001b[0m\nRunning tests/Composer/Test/FactoryTest.php tests\nPHPUnit 4.8.36 by Sebastian Bergmann and contributors.\n\n.\n\nTime: 517 ms, Memory: 8.75MB\n\n\u001b[30;42mOK (1 test, 1 assertion)\u001b[0m\nRunning tests/Composer/Test/Fixtures tests\nPHPUnit 4.8.36 by Sebastian Bergmann and contributors.\n\n\n\nTime: 724 ms, Memory: 6.50MB\n\n\u001b[30;43mNo tests executed!\u001b[0m\nRunning tests/Composer/Test/Installer tests\nPHPUnit 4.8.36 by Sebastian Bergmann and contributors.\n\n................................\n\nTime: 1.18 seconds, Memory: 14.25MB\n\n\u001b[30;42mOK (32 tests, 76 assertions)\u001b[0m\nRunning tests/Composer/Test/InstallerTest.php tests\nPHPUnit 4.8.36 by Sebastian Bergmann and contributors.\n\n................................................................. 65 / 78 ( 83%)\n.............\n\nTime: 6.46 seconds, Memory: 26.75MB\n\n\u001b[30;42mOK (78 tests, 197 assertions)\u001b[0m\nRunning tests/Composer/Test/IO tests\nPHPUnit 4.8.36 by Sebastian Bergmann and contributors.\n\n.....................\n\nTime: 1.06 seconds, Memory: 10.25MB\n\n\u001b[30;42mOK (21 tests, 32 assertions)\u001b[0m\nRunning tests/Composer/Test/Json tests\nPHPUnit 4.8.36 by Sebastian Bergmann and contributors.\n\n................................................................. 65 / 93 ( 69%)\n............................\n\nTime: 341 ms, Memory: 15.00MB\n\n\u001b[30;42mOK (93 tests, 180 assertions)\u001b[0m\nRunning tests/Composer/Test/Mock tests\nPHPUnit 4.8.36 by Sebastian Bergmann and contributors.\n\n\n\nTime: 475 ms, Memory: 6.50MB\n\n\u001b[30;43mNo tests executed!\u001b[0m\nRunning tests/Composer/Test/Package tests\nPHPUnit 4.8.36 by Sebastian Bergmann and contributors.\n\n...............................................................  63 / 198 ( 31%)\n............................................................... 126 / 198 ( 63%)\n............................................................... 189 / 198 ( 95%)\n.........\n\nTime: 1.65 seconds, Memory: 24.75MB\n\n\u001b[30;42mOK (198 tests, 345 assertions)\u001b[0m\nRunning tests/Composer/Test/Plugin tests\nPHPUnit 4.8.36 by Sebastian Bergmann and contributors.\n\n......................\n\nTime: 1 second, Memory: 14.25MB\n\n\u001b[30;42mOK (22 tests, 57 assertions)\u001b[0m\nRunning tests/Composer/Test/Question tests\nPHPUnit 4.8.36 by Sebastian Bergmann and contributors.\n\n...........\n\nTime: 153 ms, Memory: 8.00MB\n\n\u001b[30;42mOK (11 tests, 16 assertions)\u001b[0m\nRunning tests/Composer/Test/Repository tests\nPHPUnit 4.8.36 by Sebastian Bergmann and contributors.\n\n................................................\u001b[36;1mS\u001b[0m\u001b[36;1mS\u001b[0m.............  63 / 127 ( 49%)\n............................................................... 126 / 127 ( 99%)\n\u001b[36;1mS\u001b[0m\n\nTime: 1.12 seconds, Memory: 29.50MB\n\n\u001b[30;43mOK, but incomplete, skipped, or risky tests!\u001b[0m\n\u001b[30;43mTests: 127\u001b[0m\u001b[30;43m, Assertions: 317\u001b[0m\u001b[30;43m, Skipped: 3\u001b[0m\u001b[30;43m.\u001b[0m\nRunning tests/Composer/Test/Script tests\nPHPUnit 4.8.36 by Sebastian Bergmann and contributors.\n\n..\n\nTime: 394 ms, Memory: 8.25MB\n\n\u001b[30;42mOK (2 tests, 4 assertions)\u001b[0m\nRunning tests/Composer/Test/Util tests\nPHPUnit 4.8.36 by Sebastian Bergmann and contributors.\n\n...............................................................  63 / 242 ( 26%)\n............................................................... 126 / 242 ( 52%)\n............................................................... 189 / 242 ( 78%)\n.....................................................\n\nTime: 2.81 seconds, Memory: 20.50MB\n\n\u001b[30;42mOK (242 tests, 422 assertions)\u001b[0m\ntravis_time:end:02b22504:start=1564471220641686983,finish=1564471574817498007,duration=354175811024\n\u001b[0K\u001b[31;1mThe command \"ls -d tests/Composer/Test/* | grep -v TestCase.php | parallel --gnu --keep-order 'echo \"Running {} tests\"; ./vendor/bin/phpunit -c tests/complete.phpunit.xml --colors=always {} || (echo -e \"\u001b[41mFAILED\u001b[0m {}\" && exit 1);'\" exited with 1.\u001b[0m\n\ntravis_fold:start:cache.2\n\u001b[0Kstore build cache\ntravis_time:start:235d51e4\n\u001b[0Ktravis_time:end:235d51e4:start=1564471574830722353,finish=1564471574838530539,duration=7808186\n\u001b[0Ktravis_time:start:1b866c7e\n\u001b[0K\u001b[32;1mnothing changed\u001b[0m\ntravis_time:end:1b866c7e:start=1564471574844113806,finish=1564471576001278763,duration=1157164957\n\u001b[0Ktravis_fold:end:cache.2\n\u001b[0K\n\nDone. Your build exited with 1.\n"
}