{
  "log_path": "PHP/composer@composer/failed/567101801.log",
  "failure_chunk": "PHP Fatal error:  Class 'Composer\\Util\\Response' not found in /home/travis/build/composer/composer/src/Composer/Util/RemoteFilesystem.php on line 286",
  "keywords": [
    "error",
    "",
    ""
  ],
  "category": "2",
  "full_log": "travis_fold:start:worker_info\n\u001b[0K\u001b[33;1mWorker information\u001b[0m\nhostname: dedfce8e-2dc5-47ee-8cdf-894da7097bc5@1.worker-org-5dcc948c89-klnkq.gce-production-2\nversion: v6.2.1 https://github.com/travis-ci/worker/tree/4e3246c044eb4915c2378ffacd0b3d3ed0136bba\ninstance: travis-job-5b1fdeb9-618e-463c-8158-6bf929968449 precise-php-stable-alternative (via amqp)\nstartup: 6.51718126s\ntravis_fold:end:worker_info\n\u001b[0Ktravis_fold:start:system_info\n\u001b[0K\u001b[33;1mBuild system information\u001b[0m\nBuild language: php\nBuild group: stable\nBuild dist: precise\nBuild id: 567101801\nJob id: 567101802\nRuntime kernel version: 3.13.0-115-generic\ntravis-build version: 65949ed1e\n\u001b[34m\u001b[1mBuild image provisioning date and time\u001b[0m\nTue Apr 11 21:48:56 UTC 2017\n\u001b[34m\u001b[1mOperating System Details\u001b[0m\nDistributor ID:\tUbuntu\nDescription:\tUbuntu 12.04.5 LTS\nRelease:\t12.04\nCodename:\tprecise\n\u001b[34m\u001b[1mLinux Version\u001b[0m\n3.13.0-115-generic\n\u001b[34m\u001b[1mCookbooks Version\u001b[0m\ncc4eb5e https://github.com/travis-ci/travis-cookbooks/tree/cc4eb5e\n\u001b[34m\u001b[1mGit version\u001b[0m\ngit version 1.8.5.6\n\u001b[34m\u001b[1mbash version\u001b[0m\nGNU bash, version 4.2.25(1)-release (x86_64-pc-linux-gnu)\nCopyright (C) 2011 Free Software Foundation, Inc.\nLicense GPLv3+: GNU GPL version 3 or later <http://gnu.org/licenses/gpl.html>\n\nThis is free software; you are free to change and redistribute it.\nThere is NO WARRANTY, to the extent permitted by law.\n\u001b[34m\u001b[1mGCC version\u001b[0m\ngcc (Ubuntu/Linaro 4.6.3-1ubuntu5) 4.6.3\nCopyright (C) 2011 Free Software Foundation, Inc.\nThis is free software; see the source for copying conditions.  There is NO\nwarranty; not even for MERCHANTABILITY or FITNESS FOR A PARTICULAR PURPOSE.\n\n\u001b[34m\u001b[1mLLVM version\u001b[0m\nclang version 3.4 (tags/RELEASE_34/final)\nTarget: x86_64-unknown-linux-gnu\nThread model: posix\n\u001b[34m\u001b[1mPre-installed Ruby versions\u001b[0m\nruby-2.2.6\n\u001b[34m\u001b[1mPre-installed Node.js versions\u001b[0m\nv0.10.36\n\u001b[34m\u001b[1mPre-installed Go versions\u001b[0m\n1.7.4\n\u001b[34m\u001b[1mmysql --version\u001b[0m\nmysql  Ver 14.14 Distrib 5.5.54, for debian-linux-gnu (x86_64) using readline 6.2\n\u001b[34m\u001b[1mPre-installed PostgreSQL versions\u001b[0m\n9.1.24\n9.2.20\n9.3.16\n9.4.11\n9.5.6\n\u001b[34m\u001b[1mRedis version\u001b[0m\nredis-server 3.0.7\n\u001b[34m\u001b[1mriak version\u001b[0m\n2.0.2\n\u001b[34m\u001b[1mmemcached version\u001b[0m\n1.4.13\n\u001b[34m\u001b[1mMongoDB version\u001b[0m\nMongoDB 2.4.14\n\u001b[34m\u001b[1mCouchDB version\u001b[0m\ncouchdb 1.6.1\n\u001b[34m\u001b[1mInstalled Sphinx versions\u001b[0m\n2.0.10\n2.1.9\n2.2.6\n\u001b[34m\u001b[1mDefault Sphinx version\u001b[0m\n2.2.6\n\u001b[34m\u001b[1mInstalled Firefox version\u001b[0m\nfirefox 38.4.0esr\n\u001b[34m\u001b[1mPhantomJS version\u001b[0m\n1.9.8\n\u001b[34m\u001b[1mant -version\u001b[0m\nApache Ant(TM) version 1.8.2 compiled on December 3 2011\n\u001b[34m\u001b[1mmvn -version\u001b[0m\nApache Maven 3.2.5 (12a6b3acb947671f09b81f49094c53f426d8cea1; 2014-12-14T17:29:23+00:00)\nMaven home: /usr/local/maven\nJava version: 1.7.0_80, vendor: Oracle Corporation\nJava home: /usr/lib/jvm/java-7-oracle/jre\nDefault locale: en, platform encoding: UTF-8\nOS name: \"linux\", version: \"3.13.0-115-generic\", arch: \"amd64\", family: \"unix\"\n\u001b[34m\u001b[1mphpenv versions\u001b[0m\n* system (set by /home/travis/.phpenv/version)\n  5.3.29\n  5.3.3\n  5.4\n  5.4.45\n  5.5.29\n  5.5.9\n  5.6.13\ntravis_fold:end:system_info\n\u001b[0K\nsudo: unable to resolve host travis-job-5b1fdeb9-618e-463c-8158-6bf929968449\nsudo: unable to resolve host travis-job-5b1fdeb9-618e-463c-8158-6bf929968449\nsudo: unable to resolve host travis-job-5b1fdeb9-618e-463c-8158-6bf929968449\ntravis_fold:start:docker_mtu\n\u001b[0Ktee: /etc/docker/daemon.json: No such file or directory\ndocker: unrecognized service\ntravis_fold:end:docker_mtu\n\u001b[0Ktravis_fold:start:resolvconf\n\u001b[0Kresolvconf stop/waiting\nresolvconf start/running\ntravis_fold:end:resolvconf\n\u001b[0Ktravis_fold:start:apt\n\u001b[0K\u001b[33;1mInstalling APT Packages\u001b[0m\ntravis_time:start:02bd63c3\n\u001b[0K$ travis_apt_get_update\ntravis_time:end:02bd63c3:start=1564775772820835387,finish=1564775782014838446,duration=9194003059\n\u001b[0Ktravis_time:start:0b1be861\n\u001b[0K$ sudo -E apt-get -yq --no-install-suggests --no-install-recommends $(travis_apt_get_options) install parallel\nReading package lists...\nBuilding dependency tree...\nReading state information...\nThe following NEW packages will be installed:\n  parallel\n0 upgraded, 1 newly installed, 0 to remove and 35 not upgraded.\nNeed to get 161 kB of archives.\nAfter this operation, 540 kB of additional disk space will be used.\nGet:1 http://us-central1.gce.archive.ubuntu.com/ubuntu precise-backports/universe amd64 parallel all 20121122-0ubuntu1~ubuntu12.04.1 [161 kB]\nFetched 161 kB in 0s (13.6 MB/s)\nSelecting previously unselected package parallel.\n(Reading database ... \n(Reading database ... 5%\n(Reading database ... 10%\n(Reading database ... 15%\n(Reading database ... 20%\n(Reading database ... 25%\n(Reading database ... 30%\n(Reading database ... 35%\n(Reading database ... 40%\n(Reading database ... 45%\n(Reading database ... 50%\n(Reading database ... 55%\n(Reading database ... 60%\n(Reading database ... 65%\n(Reading database ... 70%\n(Reading database ... 75%\n(Reading database ... 80%\n(Reading database ... 85%\n(Reading database ... 90%\n(Reading database ... 95%\n(Reading database ... 100%\n(Reading database ... 75907 files and directories currently installed.)\nUnpacking parallel (from .../parallel_20121122-0ubuntu1~ubuntu12.04.1_all.deb) ...\nAdding 'diversion of /usr/bin/parallel to /usr/bin/parallel.moreutils by parallel'\nAdding 'diversion of /usr/share/man/man1/parallel.1.gz to /usr/share/man/man1/parallel.moreutils.1.gz by parallel'\nProcessing triggers for man-db ...\nSetting up parallel (20121122-0ubuntu1~ubuntu12.04.1) ...\ntravis_time:end:0b1be861:start=1564775782019128558,finish=1564775784713754691,duration=2694626133\n\u001b[0Ktravis_fold:end:apt\n\u001b[0K\ntravis_fold:start:git.checkout\n\u001b[0Ktravis_time:start:2d87f500\n\u001b[0K$ git clone --depth=5 --branch=2.0 https://github.com/composer/composer.git composer/composer\nCloning into 'composer/composer'...\ntravis_time:end:2d87f500:start=1564775784718528939,finish=1564775786772120269,duration=2053591330\n\u001b[0K$ cd composer/composer\n$ git checkout -qf bfee701f9b601ce0fadfd9982d1b18cfd9728019\ntravis_fold:end:git.checkout\n\u001b[0K\n\n\u001b[33;1mSetting environment variables from repository settings\u001b[0m\n$ export GITHUB_TOKEN=[secure]\n\ntravis_time:start:0c5a9e9d\n\u001b[0K$ phpenv global 5.3 2>/dev/null\ntravis_time:end:0c5a9e9d:start=1564775786887865212,finish=1564775786908514531,duration=20649319\n\u001b[0K\u001b[33;1m5.3 is not pre-installed; installing\u001b[0m\n\u001b[33;1mDownloading archive: https://storage.googleapis.com/travis-ci-language-archives/php/binaries/ubuntu/12.04/x86_64/php-5.3.tar.bz2\u001b[0m\ntravis_time:start:29c75487\n\u001b[0K$ curl -s -o archive.tar.bz2 $archive_url && tar xjf archive.tar.bz2 --directory /\ntravis_time:end:29c75487:start=1564775786969218810,finish=1564775791756309668,duration=4787090858\n\u001b[0Ktravis_time:start:2a1e3ba2\n\u001b[0Ktravis_time:end:2a1e3ba2:start=1564775791760805636,finish=1564775791769158740,duration=8353104\n\u001b[0Ktravis_time:start:0777dda9\n\u001b[0K$ phpenv global 5.3\ntravis_time:end:0777dda9:start=1564775791773498281,finish=1564775791790920061,duration=17421780\n\u001b[0KYou are running composer with xdebug enabled. This has a major impact on runtime performance. See https://getcomposer.org/xdebug\nWarning: This development build of composer is over 60 days old. It is recommended to update it by running \"/home/travis/.phpenv/versions/5.3/bin/composer self-update\" to get the latest version.\ntravis_time:start:07fa79e3\n\u001b[0K$ composer self-update 1.0.0\nYou are running composer with xdebug enabled. This has a major impact on runtime performance. See https://getcomposer.org/xdebug\nUpdating to version 1.0.0.\n    Downloading: Connecting...\b\b\b\b\b\b\b\b\b\b\b\b\b\b\b\b\b\b\b\b\b\b\b\b\b\b\b\b\b\b    Downloading: 100%         \b\b\b\b\b\b\b\b\b\nUse composer self-update --rollback to return to version 2b14f0a047dd4f3545ec82381f65c36ea93a4c81\ntravis_time:end:07fa79e3:start=1564775792022435154,finish=1564775792934342895,duration=911907741\n\u001b[0Ktravis_time:start:23491cea\n\u001b[0K$ composer self-update\nYou are running composer with xdebug enabled. This has a major impact on runtime performance. See https://getcomposer.org/xdebug\nUpdating to version 1.9.0.\n    Downloading: Connecting...\b\b\b\b\b\b\b\b\b\b\b\b\b\b\b\b\b\b\b\b\b\b\b\b\b\b\b\b\b\b    Downloading: 100%         \b\b\b\b\b\b\b\b\b\nUse composer self-update --rollback to return to version 1.0.0\ntravis_time:end:23491cea:start=1564775792938512955,finish=1564775794065349946,duration=1126836991\n\u001b[0Ktravis_fold:start:cache.1\n\u001b[0KSetting up build cache\n$ export CASHER_DIR=${TRAVIS_HOME}/.casher\ntravis_time:start:07272d6c\n\u001b[0K$ Installing caching utilities\ntravis_time:end:07272d6c:start=1564775799065722490,finish=1564775799206896002,duration=141173512\n\u001b[0Ktravis_time:start:270b5122\n\u001b[0Ktravis_time:end:270b5122:start=1564775799212461093,finish=1564775799215477761,duration=3016668\n\u001b[0Ktravis_time:start:0dca3bda\n\u001b[0Kattempting to download cache archive\u001b[0m\n\u001b[32;1mfetching 2.0/cache-linux-precise-e3b0c44298fc1c149afbf4c8996fb92427ae41e4649b934ca495991b7852b855--php-5.3.tgz\u001b[0m\n\u001b[32;1mfound cache\u001b[0m\ntravis_time:end:0dca3bda:start=1564775799219575071,finish=1564775800463999370,duration=1244424299\n\u001b[0Ktravis_time:start:037f0f0a\n\u001b[0Ktravis_time:end:037f0f0a:start=1564775800468527267,finish=1564775800471774461,duration=3247194\n\u001b[0Ktravis_time:start:1089b276\n\u001b[0Kadding /home/travis/.composer/cache to cache\u001b[0m\ntravis_time:end:1089b276:start=1564775800476292048,finish=1564775801603757044,duration=1127464996\n\u001b[0Ktravis_fold:end:cache.1\n\u001b[0K\n$ php --version\nPHP 5.3.29 (cli) (built: Nov 26 2015 00:52:51) \nCopyright (c) 1997-2014 The PHP Group\nZend Engine v2.3.0, Copyright (c) 1998-2014 Zend Technologies\n    with Xdebug v2.2.7, Copyright (c) 2002-2015, by Derick Rethans\n$ composer --version\nYou are running composer with xdebug enabled. This has a major impact on runtime performance. See https://getcomposer.org/xdebug\nComposer version 1.9.0 2019-08-02 20:55:32\n\u001b[0m\ntravis_fold:start:before_install.1\n\u001b[0Ktravis_time:start:151381b0\n\u001b[0K$ phpenv config-rm xdebug.ini || echo \"xdebug not available\"\nFile xdebug.ini removed from /home/travis/.phpenv/versions/5.3/etc/conf.d.\ntravis_time:end:151381b0:start=1564775801876747777,finish=1564775801905855284,duration=29107507\n\u001b[0Ktravis_fold:end:before_install.1\n\u001b[0Ktravis_fold:start:before_install.2\n\u001b[0Ktravis_time:start:015640e4\n\u001b[0K$ export INI=~/.phpenv/versions/$(phpenv version-name)/etc/conf.d/travis.ini\ntravis_time:end:015640e4:start=1564775801911142906,finish=1564775801936551440,duration=25408534\n\u001b[0Ktravis_fold:end:before_install.2\n\u001b[0Ktravis_fold:start:before_install.3\n\u001b[0Ktravis_time:start:0ab1a02e\n\u001b[0K$ echo memory_limit = -1 >> $INI\ntravis_time:end:0ab1a02e:start=1564775801941827825,finish=1564775801944873390,duration=3045565\n\u001b[0Ktravis_fold:end:before_install.3\n\u001b[0Ktravis_fold:start:before_install.4\n\u001b[0Ktravis_time:start:17572776\n\u001b[0K$ composer validate\n./composer.json is valid\ntravis_time:end:17572776:start=1564775801949825724,finish=1564775802192828688,duration=243002964\n\u001b[0Ktravis_fold:end:before_install.4\n\u001b[0Ktravis_fold:start:install.1\n\u001b[0Ktravis_time:start:06e56a16\n\u001b[0K$ flags=\"--ansi --prefer-dist --no-interaction --optimize-autoloader --no-suggest --no-progress\"\ntravis_time:end:06e56a16:start=1564775802197610935,finish=1564775802200753060,duration=3142125\n\u001b[0Ktravis_fold:end:install.1\n\u001b[0Ktravis_fold:start:install.2\n\u001b[0Ktravis_time:start:005c4158\n\u001b[0K$ if [ \"$deps\" == \"high\" ]; then composer config platform.php 7.2.4; composer update $flags; fi\ntravis_time:end:005c4158:start=1564775802205306886,finish=1564775802208481265,duration=3174379\n\u001b[0Ktravis_fold:end:install.2\n\u001b[0Ktravis_fold:start:install.3\n\u001b[0Ktravis_time:start:264ca0f8\n\u001b[0K$ composer install $flags\n\u001b[32mLoading composer repositories with package information\u001b[39m\n\u001b[32mInstalling dependencies (including require-dev) from lock file\u001b[39m\n\u001b[32mPackage operations: 34 installs, 0 updates, 0 removals\u001b[39m\n  - Installing \u001b[32mcomposer/ca-bundle\u001b[39m (\u001b[33m1.1.4\u001b[39m): Loading from cache\n  - Installing \u001b[32mcomposer/semver\u001b[39m (\u001b[33m1.5.0\u001b[39m): Loading from cache\n  - Installing \u001b[32mcomposer/spdx-licenses\u001b[39m (\u001b[33m1.5.1\u001b[39m): Loading from cache\n  - Installing \u001b[32mpsr/log\u001b[39m (\u001b[33m1.1.0\u001b[39m): Loading from cache\n  - Installing \u001b[32mcomposer/xdebug-handler\u001b[39m (\u001b[33m1.3.3\u001b[39m): Loading from cache\n  - Installing \u001b[32mjustinrainbow/json-schema\u001b[39m (\u001b[33m5.2.8\u001b[39m): Loading from cache\n  - Installing \u001b[32mreact/promise\u001b[39m (\u001b[33mv1.2.1\u001b[39m): Loading from cache\n  - Installing \u001b[32mseld/jsonlint\u001b[39m (\u001b[33m1.7.1\u001b[39m): Loading from cache\n  - Installing \u001b[32mseld/phar-utils\u001b[39m (\u001b[33m1.0.1\u001b[39m): Loading from cache\n  - Installing \u001b[32msymfony/polyfill-mbstring\u001b[39m (\u001b[33mv1.11.0\u001b[39m): Loading from cache\n  - Installing \u001b[32msymfony/debug\u001b[39m (\u001b[33mv2.8.50\u001b[39m): Loading from cache\n  - Installing \u001b[32msymfony/console\u001b[39m (\u001b[33mv2.8.50\u001b[39m): Loading from cache\n  - Installing \u001b[32msymfony/polyfill-ctype\u001b[39m (\u001b[33mv1.11.0\u001b[39m): Loading from cache\n  - Installing \u001b[32msymfony/filesystem\u001b[39m (\u001b[33mv2.8.50\u001b[39m): Loading from cache\n  - Installing \u001b[32msymfony/finder\u001b[39m (\u001b[33mv2.8.50\u001b[39m): Loading from cache\n  - Installing \u001b[32msymfony/process\u001b[39m (\u001b[33mv2.8.50\u001b[39m): Loading from cache\n  - Installing \u001b[32mphpdocumentor/reflection-docblock\u001b[39m (\u001b[33m2.0.5\u001b[39m): Loading from cache\n  - Installing \u001b[32mphpunit/php-token-stream\u001b[39m (\u001b[33m1.4.12\u001b[39m): Loading from cache\n  - Installing \u001b[32msymfony/yaml\u001b[39m (\u001b[33mv2.8.50\u001b[39m): Loading from cache\n  - Installing \u001b[32msebastian/version\u001b[39m (\u001b[33m1.0.6\u001b[39m): Loading from cache\n  - Installing \u001b[32msebastian/global-state\u001b[39m (\u001b[33m1.1.1\u001b[39m): Loading from cache\n  - Installing \u001b[32msebastian/recursion-context\u001b[39m (\u001b[33m1.0.5\u001b[39m): Loading from cache\n  - Installing \u001b[32msebastian/exporter\u001b[39m (\u001b[33m1.2.2\u001b[39m): Loading from cache\n  - Installing \u001b[32msebastian/environment\u001b[39m (\u001b[33m1.3.8\u001b[39m): Loading from cache\n  - Installing \u001b[32msebastian/diff\u001b[39m (\u001b[33m1.4.3\u001b[39m): Loading from cache\n  - Installing \u001b[32msebastian/comparator\u001b[39m (\u001b[33m1.2.4\u001b[39m): Loading from cache\n  - Installing \u001b[32mphpunit/php-text-template\u001b[39m (\u001b[33m1.2.1\u001b[39m): Loading from cache\n  - Installing \u001b[32mdoctrine/instantiator\u001b[39m (\u001b[33m1.0.5\u001b[39m): Loading from cache\n  - Installing \u001b[32mphpunit/phpunit-mock-objects\u001b[39m (\u001b[33m2.3.8\u001b[39m): Loading from cache\n  - Installing \u001b[32mphpunit/php-timer\u001b[39m (\u001b[33m1.0.9\u001b[39m): Loading from cache\n  - Installing \u001b[32mphpunit/php-file-iterator\u001b[39m (\u001b[33m1.4.5\u001b[39m): Loading from cache\n  - Installing \u001b[32mphpunit/php-code-coverage\u001b[39m (\u001b[33m2.2.4\u001b[39m): Loading from cache\n  - Installing \u001b[32mphpspec/prophecy\u001b[39m (\u001b[33m1.8.0\u001b[39m): Loading from cache\n  - Installing \u001b[32mphpunit/phpunit\u001b[39m (\u001b[33m4.8.36\u001b[39m): Loading from cache\n\u001b[32mGenerating optimized autoload files\u001b[39m\ntravis_time:end:264ca0f8:start=1564775802213014399,finish=1564775804746432083,duration=2533417684\n\u001b[0Ktravis_fold:end:install.3\n\u001b[0Ktravis_fold:start:install.4\n\u001b[0Ktravis_time:start:351f61fe\n\u001b[0K$ bin/composer install $flags\n\u001b[32mLoading composer repositories with package information\u001b[39m\n\u001b[32mInstalling dependencies (including require-dev) from lock file\u001b[39m\nNothing to install or update\n\u001b[32mGenerating optimized autoload files\u001b[39m\ntravis_time:end:351f61fe:start=1564775804751438143,finish=1564775805857065921,duration=1105627778\n\u001b[0Ktravis_fold:end:install.4\n\u001b[0Ktravis_fold:start:before_script.1\n\u001b[0Ktravis_time:start:0ac52962\n\u001b[0K$ git config --global user.name travis-ci\ntravis_time:end:0ac52962:start=1564775805862176600,finish=1564775805867950318,duration=5773718\n\u001b[0Ktravis_fold:end:before_script.1\n\u001b[0Ktravis_fold:start:before_script.2\n\u001b[0Ktravis_time:start:11f80ef3\n\u001b[0K$ git config --global user.email travis@example.com\ntravis_time:end:11f80ef3:start=1564775805873335761,finish=1564775805884627115,duration=11291354\n\u001b[0Ktravis_fold:end:before_script.2\n\u001b[0Ktravis_time:start:34566508\n\u001b[0K$ ls -d tests/Composer/Test/* | grep -v TestCase.php | parallel --gnu --keep-order 'echo \"Running {} tests\"; ./vendor/bin/phpunit -c tests/complete.phpunit.xml --colors=always {} || (echo -e \"\\e[41mFAILED\\e[0m {}\" && exit 1);'\nRunning tests/Composer/Test/AllFunctionalTest.php tests\nPHPUnit 4.8.36 by Sebastian Bergmann and contributors.\n\n...\n\nTime: 15.37 seconds, Memory: 8.50MB\n\n\u001b[30;42mOK (3 tests, 3 assertions)\u001b[0m\nRunning tests/Composer/Test/ApplicationTest.php tests\nPHPUnit 4.8.36 by Sebastian Bergmann and contributors.\n\n...\n\nTime: 560 ms, Memory: 27.00MB\n\n\u001b[30;42mOK (3 tests, 6 assertions)\u001b[0m\nRunning tests/Composer/Test/Autoload tests\nPHPUnit 4.8.36 by Sebastian Bergmann and contributors.\n\n..............................................\n\nTime: 1.62 seconds, Memory: 19.25MB\n\n\u001b[30;42mOK (46 tests, 200 assertions)\u001b[0m\nRunning tests/Composer/Test/CacheTest.php tests\nPHPUnit 4.8.36 by Sebastian Bergmann and contributors.\n\n...\n\nTime: 879 ms, Memory: 9.75MB\n\n\u001b[30;42mOK (3 tests, 12 assertions)\u001b[0m\nRunning tests/Composer/Test/Command tests\nPHPUnit 4.8.36 by Sebastian Bergmann and contributors.\n\n............\n\nTime: 1.13 seconds, Memory: 10.00MB\n\n\u001b[30;42mOK (12 tests, 18 assertions)\u001b[0m\nRunning tests/Composer/Test/ComposerTest.php tests\nPHPUnit 4.8.36 by Sebastian Bergmann and contributors.\n\n.....\n\nTime: 380 ms, Memory: 9.50MB\n\n\u001b[30;42mOK (5 tests, 5 assertions)\u001b[0m\nRunning tests/Composer/Test/Config tests\nPHPUnit 4.8.36 by Sebastian Bergmann and contributors.\n\n.........................................\n\nTime: 879 ms, Memory: 8.75MB\n\n\u001b[30;42mOK (41 tests, 123 assertions)\u001b[0m\nRunning tests/Composer/Test/ConfigTest.php tests\nPHPUnit 4.8.36 by Sebastian Bergmann and contributors.\n\n....................................\n\nTime: 130 ms, Memory: 8.00MB\n\n\u001b[30;42mOK (36 tests, 45 assertions)\u001b[0m\nRunning tests/Composer/Test/Console tests\nPHPUnit 4.8.36 by Sebastian Bergmann and contributors.\n\n.\n\nTime: 323 ms, Memory: 7.25MB\n\n\u001b[30;42mOK (1 test, 1 assertion)\u001b[0m\nRunning tests/Composer/Test/DefaultConfigTest.php tests\nPHPUnit 4.8.36 by Sebastian Bergmann and contributors.\n\n.\n\nTime: 515 ms, Memory: 7.25MB\n\n\u001b[30;42mOK (1 test, 1 assertion)\u001b[0m\nRunning tests/Composer/Test/DependencyResolver tests\nPHPUnit 4.8.36 by Sebastian Bergmann and contributors.\n\n................................................................. 65 / 79 ( 82%)\n..............\n\nTime: 845 ms, Memory: 13.75MB\n\n\u001b[30;42mOK (79 tests, 94 assertions)\u001b[0m\nRunning tests/Composer/Test/Downloader tests\nPHPUnit 4.8.36 by Sebastian Bergmann and contributors.\n\n...............................................................  63 / 110 ( 57%)\n...............................................\n\nTime: 1.88 seconds, Memory: 21.75MB\n\n\u001b[30;42mOK (110 tests, 204 assertions)\u001b[0m\nRunning tests/Composer/Test/EventDispatcher tests\nPHPUnit 4.8.36 by Sebastian Bergmann and contributors.\n\n..............\n\nTime: 268 ms, Memory: 12.50MB\n\n\u001b[30;42mOK (14 tests, 32 assertions)\u001b[0m\nRunning tests/Composer/Test/FactoryTest.php tests\nPHPUnit 4.8.36 by Sebastian Bergmann and contributors.\n\n.\n\nTime: 493 ms, Memory: 9.00MB\n\n\u001b[30;42mOK (1 test, 1 assertion)\u001b[0m\nRunning tests/Composer/Test/Fixtures tests\nPHPUnit 4.8.36 by Sebastian Bergmann and contributors.\n\n\n\nTime: 685 ms, Memory: 6.50MB\n\n\u001b[30;43mNo tests executed!\u001b[0m\nRunning tests/Composer/Test/Installer tests\nPHPUnit 4.8.36 by Sebastian Bergmann and contributors.\n\n................................\n\nTime: 1.11 seconds, Memory: 14.50MB\n\n\u001b[30;42mOK (32 tests, 76 assertions)\u001b[0m\nRunning tests/Composer/Test/InstallerTest.php tests\nPHPUnit 4.8.36 by Sebastian Bergmann and contributors.\n\n................................................................. 65 / 78 ( 83%)\n.............\n\nTime: 6.44 seconds, Memory: 27.50MB\n\n\u001b[30;42mOK (78 tests, 197 assertions)\u001b[0m\nRunning tests/Composer/Test/IO tests\nPHPUnit 4.8.36 by Sebastian Bergmann and contributors.\n\n.....................\n\nTime: 991 ms, Memory: 10.25MB\n\n\u001b[30;42mOK (21 tests, 32 assertions)\u001b[0m\nRunning tests/Composer/Test/Json tests\nPHPUnit 4.8.36 by Sebastian Bergmann and contributors.\n\n................................................................. 65 / 94 ( 69%)\n.............................\n\nTime: 282 ms, Memory: 15.00MB\n\n\u001b[30;42mOK (94 tests, 182 assertions)\u001b[0m\nRunning tests/Composer/Test/Mock tests\nPHPUnit 4.8.36 by Sebastian Bergmann and contributors.\n\n\n\nTime: 453 ms, Memory: 6.50MB\n\n\u001b[30;43mNo tests executed!\u001b[0m\nRunning tests/Composer/Test/Package tests\nPHPUnit 4.8.36 by Sebastian Bergmann and contributors.\n\n...............................................................  63 / 198 ( 31%)\n............................................................... 126 / 198 ( 63%)\n............................................................... 189 / 198 ( 95%)\n.........\n\nTime: 1.68 seconds, Memory: 25.00MB\n\n\u001b[30;42mOK (198 tests, 345 assertions)\u001b[0m\nRunning tests/Composer/Test/Plugin tests\nPHPUnit 4.8.36 by Sebastian Bergmann and contributors.\n\n.......................\n\nTime: 1.16 seconds, Memory: 15.75MB\n\n\u001b[30;42mOK (23 tests, 66 assertions)\u001b[0m\nRunning tests/Composer/Test/Question tests\nPHPUnit 4.8.36 by Sebastian Bergmann and contributors.\n\n...........\n\nTime: 369 ms, Memory: 8.00MB\n\n\u001b[30;42mOK (11 tests, 16 assertions)\u001b[0m\nRunning tests/Composer/Test/Repository tests\nPHPUnit 4.8.36 by Sebastian Bergmann and contributors.\n\n................................................\u001b[36;1mS\u001b[0m\u001b[36;1mS\u001b[0m.............  63 / 127 ( 49%)\n............................................................... 126 / 127 ( 99%)\n.\n\nTime: 2.03 seconds, Memory: 31.00MB\n\n\u001b[30;43mOK, but incomplete, skipped, or risky tests!\u001b[0m\n\u001b[30;43mTests: 127\u001b[0m\u001b[30;43m, Assertions: 316\u001b[0m\u001b[30;43m, Skipped: 2\u001b[0m\u001b[30;43m.\u001b[0m\nRunning tests/Composer/Test/Script tests\nPHPUnit 4.8.36 by Sebastian Bergmann and contributors.\n\n..\n\nTime: 626 ms, Memory: 8.25MB\n\n\u001b[30;42mOK (2 tests, 4 assertions)\u001b[0m\nPHP Fatal error:  Class 'Composer\\Util\\Response' not found in /home/travis/build/composer/composer/src/Composer/Util/RemoteFilesystem.php on line 286\nRunning tests/Composer/Test/Util tests\nPHPUnit 4.8.36 by Sebastian Bergmann and contributors.\n\n...............................................................  63 / 250 ( 25%)\n............................................................... 126 / 250 ( 50%)\n..........................................................\nFatal error: Class 'Composer\\Util\\Response' not found in /home/travis/build/composer/composer/src/Composer/Util/RemoteFilesystem.php on line 286\n\u001b[41mFAILED\u001b[0m tests/Composer/Test/Util\ntravis_time:end:34566508:start=1564775805889762477,finish=1564775823776538115,duration=17886775638\n\u001b[0K\u001b[31;1mThe command \"ls -d tests/Composer/Test/* | grep -v TestCase.php | parallel --gnu --keep-order 'echo \"Running {} tests\"; ./vendor/bin/phpunit -c tests/complete.phpunit.xml --colors=always {} || (echo -e \"\u001b[41mFAILED\u001b[0m {}\" && exit 1);'\" exited with 1.\u001b[0m\n\ntravis_time:start:14267a00\n\u001b[0K$ if [[ $PHPSTAN == \"1\" ]]; then bin/composer require --dev phpstan/phpstan-shim:^0.11 --ignore-platform-reqs && vendor/bin/phpstan.phar analyse src tests --configuration=phpstan/config.neon --autoload-file=phpstan/autoload.php; fi\ntravis_time:end:14267a00:start=1564775823783270296,finish=1564775823787861315,duration=4591019\n\u001b[0K\u001b[32;1mThe command \"if [[ $PHPSTAN == \"1\" ]]; then bin/composer require --dev phpstan/phpstan-shim:^0.11 --ignore-platform-reqs && vendor/bin/phpstan.phar analyse src tests --configuration=phpstan/config.neon --autoload-file=phpstan/autoload.php; fi\" exited with 0.\u001b[0m\n\ntravis_fold:start:cache.2\n\u001b[0Kstore build cache\ntravis_time:start:08c2b2c7\n\u001b[0Ktravis_time:end:08c2b2c7:start=1564775823794711481,finish=1564775823797772186,duration=3060705\n\u001b[0Ktravis_time:start:02cd923c\n\u001b[0K\u001b[32;1mnothing changed\u001b[0m\ntravis_time:end:02cd923c:start=1564775823801996371,finish=1564775824877799992,duration=1075803621\n\u001b[0Ktravis_fold:end:cache.2\n\u001b[0K\n\nDone. Your build exited with 1.\n"
}