{
  "log_path": "PHP/bcit-ci@CodeIgniter/failed/496530269.log",
  "failure_chunk": "1) DB_test::test_db_valid\nRuntimeException: Undefined property: CI_DB_mysql_driver::$_is_unbuffered\n\n/home/travis/build/bcit-ci/CodeIgniter/tests/mocks/database/db.php:136\n/home/travis/build/bcit-ci/CodeIgniter/tests/codeigniter/database/DB_test.php:37\n/home/travis/build/bcit-ci/CodeIgniter/tests/mocks/ci_testcase.php:351\n\n2) Count_test::test_count_all\nRuntimeException: Undefined property: CI_DB_mysql_driver::$_is_unbuffered\n\n/home/travis/build/bcit-ci/CodeIgniter/tests/mocks/database/db.php:136\n/home/travis/build/bcit-ci/CodeIgniter/tests/mocks/database/schema/skeleton.php:36\n/home/travis/build/bcit-ci/CodeIgniter/tests/codeigniter/database/query_builder/count_test.php:12\n/home/travis/build/bcit-ci/CodeIgniter/tests/mocks/ci_testcase.php:45\n/home/travis/build/bcit-ci/CodeIgniter/tests/mocks/ci_testcase.php:351\n\n3) Count_test::test_count_all_results\nRuntimeException: Undefined property: CI_DB_mysql_driver::$_is_unbuffered\n\n/home/travis/build/bcit-ci/CodeIgniter/tests/mocks/database/db.php:136\n/home/travis/build/bcit-ci/CodeIgniter/tests/mocks/database/schema/skeleton.php:36\n/home/travis/build/bcit-ci/CodeIgniter/tests/codeigniter/database/query_builder/count_test.php:12\n/home/travis/build/bcit-ci/CodeIgniter/tests/mocks/ci_testcase.php:45\n/home/travis/build/bcit-ci/CodeIgniter/tests/mocks/ci_testcase.php:351\n\n4) Count_test::test_count_all_results_limit\nRuntimeException: Undefined property: CI_DB_mysql_driver::$_is_unbuffered\n\n/home/travis/build/bcit-ci/CodeIgniter/tests/mocks/database/db.php:136\n/home/travis/build/bcit-ci/CodeIgniter/tests/mocks/database/schema/skeleton.php:36\n/home/travis/build/bcit-ci/CodeIgniter/tests/codeigniter/database/query_builder/count_test.php:12\n/home/travis/build/bcit-ci/CodeIgniter/tests/mocks/ci_testcase.php:45\n/home/travis/build/bcit-ci/CodeIgniter/tests/mocks/ci_testcase.php:351\n\n5) Delete_test::test_delete\nRuntimeException: Undefined property: CI_DB_mysql_driver::$_is_unbuffered\n\n/home/travis/build/bcit-ci/CodeIgniter/tests/mocks/database/db.php:136\n/home/travis/build/bcit-ci/CodeIgniter/tests/mocks/database/schema/skeleton.php:36\n/home/travis/build/bcit-ci/CodeIgniter/tests/codeigniter/database/query_builder/delete_test.php:12\n/home/travis/build/bcit-ci/CodeIgniter/tests/mocks/ci_testcase.php:45\n/home/travis/build/bcit-ci/CodeIgniter/tests/mocks/ci_testcase.php:351\n\n6) Delete_test::test_delete_several_tables\nRuntimeException: Undefined property: CI_DB_mysql_driver::$_is_unbuffered\n\n/home/travis/build/bcit-ci/CodeIgniter/tests/mocks/database/db.php:136\n/home/travis/build/bcit-ci/CodeIgniter/tests/mocks/database/schema/skeleton.php:36\n/home/travis/build/bcit-ci/CodeIgniter/tests/codeigniter/database/query_builder/delete_test.php:12\n/home/travis/build/bcit-ci/CodeIgniter/tests/mocks/ci_testcase.php:45\n/home/travis/build/bcit-ci/CodeIgniter/tests/mocks/ci_testcase.php:351\n\n7) Distinct_test::test_distinct\nRuntimeException: Undefined property: CI_DB_mysql_driver::$_is_unbuffered\n\n/home/travis/build/bcit-ci/CodeIgniter/tests/mocks/database/db.php:136\n/home/travis/build/bcit-ci/CodeIgniter/tests/mocks/database/schema/skeleton.php:36\n/home/travis/build/bcit-ci/CodeIgniter/tests/codeigniter/database/query_builder/distinct_test.php:12\n/home/travis/build/bcit-ci/CodeIgniter/tests/mocks/ci_testcase.php:45\n/home/travis/build/bcit-ci/CodeIgniter/tests/mocks/ci_testcase.php:351\n\n8) Empty_test::test_empty_table\nRuntimeException: Undefined property: CI_DB_mysql_driver::$_is_unbuffered\n\n/home/travis/build/bcit-ci/CodeIgniter/tests/mocks/database/db.php:136\n/home/travis/build/bcit-ci/CodeIgniter/tests/mocks/database/schema/skeleton.php:36\n/home/travis/build/bcit-ci/CodeIgniter/tests/codeigniter/database/query_builder/empty_test.php:12\n/home/travis/build/bcit-ci/CodeIgniter/tests/mocks/ci_testcase.php:45\n/home/travis/build/bcit-ci/CodeIgniter/tests/mocks/ci_testcase.php:351\n\n9) Escape_test::test_escape_like_percent_sign\nRuntimeException: Undefined property: CI_DB_mysql_driver::$_is_unbuffered\n\n/home/travis/build/bcit-ci/CodeIgniter/tests/mocks/database/db.php:136\n/home/travis/build/bcit-ci/CodeIgniter/tests/mocks/database/schema/skeleton.php:36\n/home/travis/build/bcit-ci/CodeIgniter/tests/codeigniter/database/query_builder/escape_test.php:12\n/home/travis/build/bcit-ci/CodeIgniter/tests/mocks/ci_testcase.php:45\n/home/travis/build/bcit-ci/CodeIgniter/tests/mocks/ci_testcase.php:351\n\n10) Escape_test::test_escape_like_backslash_sign\nRuntimeException: Undefined property: CI_DB_mysql_driver::$_is_unbuffered\n\n/home/travis/build/bcit-ci/CodeIgniter/tests/mocks/database/db.php:136\n/home/travis/build/bcit-ci/CodeIgniter/tests/mocks/database/schema/skeleton.php:36\n/home/travis/build/bcit-ci/CodeIgniter/tests/codeigniter/database/query_builder/escape_test.php:12\n/home/travis/build/bcit-ci/CodeIgniter/tests/mocks/ci_testcase.php:45\n/home/travis/build/bcit-ci/CodeIgniter/tests/mocks/ci_testcase.php:351\n\n11) From_test::test_from_simple\nRuntimeException: Undefined property: CI_DB_mysql_driver::$_is_unbuffered\n\n/home/travis/build/bcit-ci/CodeIgniter/tests/mocks/database/db.php:136\n/home/travis/build/bcit-ci/CodeIgniter/tests/mocks/database/schema/skeleton.php:36\n/home/travis/build/bcit-ci/CodeIgniter/tests/codeigniter/database/query_builder/from_test.php:12\n/home/travis/build/bcit-ci/CodeIgniter/tests/mocks/ci_testcase.php:45\n/home/travis/build/bcit-ci/CodeIgniter/tests/mocks/ci_testcase.php:351\n\n12) From_test::test_from_with_where\nRuntimeException: Undefined property: CI_DB_mysql_driver::$_is_unbuffered\n\n/home/travis/build/bcit-ci/CodeIgniter/tests/mocks/database/db.php:136\n/home/travis/build/bcit-ci/CodeIgniter/tests/mocks/database/schema/skeleton.php:36\n/home/travis/build/bcit-ci/CodeIgniter/tests/codeigniter/database/query_builder/from_test.php:12\n/home/travis/build/bcit-ci/CodeIgniter/tests/mocks/ci_testcase.php:45\n/home/travis/build/bcit-ci/CodeIgniter/tests/mocks/ci_testcase.php:351\n\n13) Get_test::test_get_simple\nRuntimeException: Undefined property: CI_DB_mysql_driver::$_is_unbuffered\n\n/home/travis/build/bcit-ci/CodeIgniter/tests/mocks/database/db.php:136\n/home/travis/build/bcit-ci/CodeIgniter/tests/mocks/database/schema/skeleton.php:36\n/home/travis/build/bcit-ci/CodeIgniter/tests/codeigniter/database/query_builder/get_test.php:12\n/home/travis/build/bcit-ci/CodeIgniter/tests/mocks/ci_testcase.php:45\n/home/travis/build/bcit-ci/CodeIgniter/tests/mocks/ci_testcase.php:351\n\n14) Get_test::test_get_where\nRuntimeException: Undefined property: CI_DB_mysql_driver::$_is_unbuffered\n\n/home/travis/build/bcit-ci/CodeIgniter/tests/mocks/database/db.php:136\n/home/travis/build/bcit-ci/CodeIgniter/tests/mocks/database/schema/skeleton.php:36\n/home/travis/build/bcit-ci/CodeIgniter/tests/codeigniter/database/query_builder/get_test.php:12\n/home/travis/build/bcit-ci/CodeIgniter/tests/mocks/ci_testcase.php:45\n/home/travis/build/bcit-ci/CodeIgniter/tests/mocks/ci_testcase.php:351\n\n15) Group_test::test_group_by\nRuntimeException: Undefined property: CI_DB_mysql_driver::$_is_unbuffered\n\n/home/travis/build/bcit-ci/CodeIgniter/tests/mocks/database/db.php:136\n/home/travis/build/bcit-ci/CodeIgniter/tests/mocks/database/schema/skeleton.php:36\n/home/travis/build/bcit-ci/CodeIgniter/tests/codeigniter/database/query_builder/group_test.php:12\n/home/travis/build/bcit-ci/CodeIgniter/tests/mocks/ci_testcase.php:45\n/home/travis/build/bcit-ci/CodeIgniter/tests/mocks/ci_testcase.php:351\n\n16) Group_test::test_having_by\nRuntimeException: Undefined property: CI_DB_mysql_driver::$_is_unbuffered\n\n/home/travis/build/bcit-ci/CodeIgniter/tests/mocks/database/db.php:136\n/home/travis/build/bcit-ci/CodeIgniter/tests/mocks/database/schema/skeleton.php:36\n/home/travis/build/bcit-ci/CodeIgniter/tests/codeigniter/database/query_builder/group_test.php:12\n/home/travis/build/bcit-ci/CodeIgniter/tests/mocks/ci_testcase.php:45\n/home/travis/build/bcit-ci/CodeIgniter/tests/mocks/ci_testcase.php:351\n\n17) Group_test::test_having_in\nRuntimeException: Undefined property: CI_DB_mysql_driver::$_is_unbuffered\n\n/home/travis/build/bcit-ci/CodeIgniter/tests/mocks/database/db.php:136\n/home/travis/build/bcit-ci/CodeIgniter/tests/mocks/database/schema/skeleton.php:36\n/home/travis/build/bcit-ci/CodeIgniter/tests/codeigniter/database/query_builder/group_test.php:12\n/home/travis/build/bcit-ci/CodeIgniter/tests/mocks/ci_testcase.php:45\n/home/travis/build/bcit-ci/CodeIgniter/tests/mocks/ci_testcase.php:351\n\n18) Group_test::test_or_having_in\nRuntimeException: Undefined property: CI_DB_mysql_driver::$_is_unbuffered\n\n/home/travis/build/bcit-ci/CodeIgniter/tests/mocks/database/db.php:136\n/home/travis/build/bcit-ci/CodeIgniter/tests/mocks/database/schema/skeleton.php:36\n/home/travis/build/bcit-ci/CodeIgniter/tests/codeigniter/database/query_builder/group_test.php:12\n/home/travis/build/bcit-ci/CodeIgniter/tests/mocks/ci_testcase.php:45\n/home/travis/build/bcit-ci/CodeIgniter/tests/mocks/ci_testcase.php:351\n\n19) Group_test::test_having_not_in\nRuntimeException: Undefined property: CI_DB_mysql_driver::$_is_unbuffered\n\n/home/travis/build/bcit-ci/CodeIgniter/tests/mocks/database/db.php:136\n/home/travis/build/bcit-ci/CodeIgniter/tests/mocks/database/schema/skeleton.php:36\n/home/travis/build/bcit-ci/CodeIgniter/tests/codeigniter/database/query_builder/group_test.php:12\n/home/travis/build/bcit-ci/CodeIgniter/tests/mocks/ci_testcase.php:45\n/home/travis/build/bcit-ci/CodeIgniter/tests/mocks/ci_testcase.php:351\n\n20) Group_test::test_or_having_not_in\nRuntimeException: Undefined property: CI_DB_mysql_driver::$_is_unbuffered\n\n/home/travis/build/bcit-ci/CodeIgniter/tests/mocks/database/db.php:136\n/home/travis/build/bcit-ci/CodeIgniter/tests/mocks/database/schema/skeleton.php:36\n/home/travis/build/bcit-ci/CodeIgniter/tests/codeigniter/database/query_builder/group_test.php:12\n/home/travis/build/bcit-ci/CodeIgniter/tests/mocks/ci_testcase.php:45\n/home/travis/build/bcit-ci/CodeIgniter/tests/mocks/ci_testcase.php:351\n\n21) Insert_test::test_insert\nRuntimeException: Undefined property: CI_DB_mysql_driver::$_is_unbuffered\n\n/home/travis/build/bcit-ci/CodeIgniter/tests/mocks/database/db.php:136\n/home/travis/build/bcit-ci/CodeIgniter/tests/mocks/database/schema/skeleton.php:36\n/home/travis/build/bcit-ci/CodeIgniter/tests/codeigniter/database/query_builder/insert_test.php:13\n/home/travis/build/bcit-ci/CodeIgniter/tests/mocks/ci_testcase.php:45\n/home/travis/build/bcit-ci/CodeIgniter/tests/mocks/ci_testcase.php:351\n\n22) Insert_test::test_insert_batch\nRuntimeException: Undefined property: CI_DB_mysql_driver::$_is_unbuffered\n\n/home/travis/build/bcit-ci/CodeIgniter/tests/mocks/database/db.php:136\n/home/travis/build/bcit-ci/CodeIgniter/tests/mocks/database/schema/skeleton.php:36\n/home/travis/build/bcit-ci/CodeIgniter/tests/codeigniter/database/query_builder/insert_test.php:13\n/home/travis/build/bcit-ci/CodeIgniter/tests/mocks/ci_testcase.php:45\n/home/travis/build/bcit-ci/CodeIgniter/tests/mocks/ci_testcase.php:351\n\n23) Join_test::test_join_simple\nRuntimeException: Undefined property: CI_DB_mysql_driver::$_is_unbuffered\n\n/home/travis/build/bcit-ci/CodeIgniter/tests/mocks/database/db.php:136\n/home/travis/build/bcit-ci/CodeIgniter/tests/mocks/database/schema/skeleton.php:36\n/home/travis/build/bcit-ci/CodeIgniter/tests/codeigniter/database/query_builder/join_test.php:12\n/home/travis/build/bcit-ci/CodeIgniter/tests/mocks/ci_testcase.php:45\n/home/travis/build/bcit-ci/CodeIgniter/tests/mocks/ci_testcase.php:351\n\n24) Join_test::test_join_escape_is_null\nRuntimeException: Undefined property: CI_DB_mysql_driver::$_is_unbuffered\n\n/home/travis/build/bcit-ci/CodeIgniter/tests/mocks/database/db.php:136\n/home/travis/build/bcit-ci/CodeIgniter/tests/mocks/database/schema/skeleton.php:36\n/home/travis/build/bcit-ci/CodeIgniter/tests/codeigniter/database/query_builder/join_test.php:12\n/home/travis/build/bcit-ci/CodeIgniter/tests/mocks/ci_testcase.php:45\n/home/travis/build/bcit-ci/CodeIgniter/tests/mocks/ci_testcase.php:351\n\n25) Join_test::test_join_escape_multiple_conditions\nRuntimeException: Undefined property: CI_DB_mysql_driver::$_is_unbuffered\n\n/home/travis/build/bcit-ci/CodeIgniter/tests/mocks/database/db.php:136\n/home/travis/build/bcit-ci/CodeIgniter/tests/mocks/database/schema/skeleton.php:36\n/home/travis/build/bcit-ci/CodeIgniter/tests/codeigniter/database/query_builder/join_test.php:12\n/home/travis/build/bcit-ci/CodeIgniter/tests/mocks/ci_testcase.php:45\n/home/travis/build/bcit-ci/CodeIgniter/tests/mocks/ci_testcase.php:351\n\n26) Join_test::test_join_escape_multiple_conditions_with_parentheses\nRuntimeException: Undefined property: CI_DB_mysql_driver::$_is_unbuffered\n\n/home/travis/build/bcit-ci/CodeIgniter/tests/mocks/database/db.php:136\n/home/travis/build/bcit-ci/CodeIgniter/tests/mocks/database/schema/skeleton.php:36\n/home/travis/build/bcit-ci/CodeIgniter/tests/codeigniter/database/query_builder/join_test.php:12\n/home/travis/build/bcit-ci/CodeIgniter/tests/mocks/ci_testcase.php:45\n/home/travis/build/bcit-ci/CodeIgniter/tests/mocks/ci_testcase.php:351\n\n27) Like_test::test_like\nRuntimeException: Undefined property: CI_DB_mysql_driver::$_is_unbuffered\n\n/home/travis/build/bcit-ci/CodeIgniter/tests/mocks/database/db.php:136\n/home/travis/build/bcit-ci/CodeIgniter/tests/mocks/database/schema/skeleton.php:36\n/home/travis/build/bcit-ci/CodeIgniter/tests/codeigniter/database/query_builder/like_test.php:12\n/home/travis/build/bcit-ci/CodeIgniter/tests/mocks/ci_testcase.php:45\n/home/travis/build/bcit-ci/CodeIgniter/tests/mocks/ci_testcase.php:351\n\n28) Like_test::test_or_like\nRuntimeException: Undefined property: CI_DB_mysql_driver::$_is_unbuffered\n\n/home/travis/build/bcit-ci/CodeIgniter/tests/mocks/database/db.php:136\n/home/travis/build/bcit-ci/CodeIgniter/tests/mocks/database/schema/skeleton.php:36\n/home/travis/build/bcit-ci/CodeIgniter/tests/codeigniter/database/query_builder/like_test.php:12\n/home/travis/build/bcit-ci/CodeIgniter/tests/mocks/ci_testcase.php:45\n/home/travis/build/bcit-ci/CodeIgniter/tests/mocks/ci_testcase.php:351\n\n29) Like_test::test_not_like\nRuntimeException: Undefined property: CI_DB_mysql_driver::$_is_unbuffered\n\n/home/travis/build/bcit-ci/CodeIgniter/tests/mocks/database/db.php:136\n/home/travis/build/bcit-ci/CodeIgniter/tests/mocks/database/schema/skeleton.php:36\n/home/travis/build/bcit-ci/CodeIgniter/tests/codeigniter/database/query_builder/like_test.php:12\n/home/travis/build/bcit-ci/CodeIgniter/tests/mocks/ci_testcase.php:45\n/home/travis/build/bcit-ci/CodeIgniter/tests/mocks/ci_testcase.php:351\n\n30) Like_test::test_or_not_like\nRuntimeException: Undefined property: CI_DB_mysql_driver::$_is_unbuffered\n\n/home/travis/build/bcit-ci/CodeIgniter/tests/mocks/database/db.php:136\n/home/travis/build/bcit-ci/CodeIgniter/tests/mocks/database/schema/skeleton.php:36\n/home/travis/build/bcit-ci/CodeIgniter/tests/codeigniter/database/query_builder/like_test.php:12\n/home/travis/build/bcit-ci/CodeIgniter/tests/mocks/ci_testcase.php:45\n/home/travis/build/bcit-ci/CodeIgniter/tests/mocks/ci_testcase.php:351\n\n31) Like_test::test_like_spaces_and_tabs\nRuntimeException: Undefined property: CI_DB_mysql_driver::$_is_unbuffered\n\n/home/travis/build/bcit-ci/CodeIgniter/tests/mocks/database/db.php:136\n/home/travis/build/bcit-ci/CodeIgniter/tests/mocks/database/schema/skeleton.php:36\n/home/travis/build/bcit-ci/CodeIgniter/tests/codeigniter/database/query_builder/like_test.php:12\n/home/travis/build/bcit-ci/CodeIgniter/tests/mocks/ci_testcase.php:45\n/home/travis/build/bcit-ci/CodeIgniter/tests/mocks/ci_testcase.php:351\n\n32) Like_test::test_like_set_side with data set #0 ('Developer', 'none', 'Developer')\nRuntimeException: Undefined property: CI_DB_mysql_driver::$_is_unbuffered\n\n/home/travis/build/bcit-ci/CodeIgniter/tests/mocks/database/db.php:136\n/home/travis/build/bcit-ci/CodeIgniter/tests/mocks/database/schema/skeleton.php:36\n/home/travis/build/bcit-ci/CodeIgniter/tests/codeigniter/database/query_builder/like_test.php:12\n/home/travis/build/bcit-ci/CodeIgniter/tests/mocks/ci_testcase.php:45\n/home/travis/build/bcit-ci/CodeIgniter/tests/mocks/ci_testcase.php:351\n\n33) Like_test::test_like_set_side with data set #1 ('tician', 'before', 'Politician')\nRuntimeException: Undefined property: CI_DB_mysql_driver::$_is_unbuffered\n\n/home/travis/build/bcit-ci/CodeIgniter/tests/mocks/database/db.php:136\n/home/travis/build/bcit-ci/CodeIgniter/tests/mocks/database/schema/skeleton.php:36\n/home/travis/build/bcit-ci/CodeIgniter/tests/codeigniter/database/query_builder/like_test.php:12\n/home/travis/build/bcit-ci/CodeIgniter/tests/mocks/ci_testcase.php:45\n/home/travis/build/bcit-ci/CodeIgniter/tests/mocks/ci_testcase.php:351\n\n34) Like_test::test_like_set_side with data set #2 ('Accou', 'after', 'Accountant')\nRuntimeException: Undefined property: CI_DB_mysql_driver::$_is_unbuffered\n\n/home/travis/build/bcit-ci/CodeIgniter/tests/mocks/database/db.php:136\n/home/travis/build/bcit-ci/CodeIgniter/tests/mocks/database/schema/skeleton.php:36\n/home/travis/build/bcit-ci/CodeIgniter/tests/codeigniter/database/query_builder/like_test.php:12\n/home/travis/build/bcit-ci/CodeIgniter/tests/mocks/ci_testcase.php:45\n/home/travis/build/bcit-ci/CodeIgniter/tests/mocks/ci_testcase.php:351\n\n35) Like_test::test_like_set_side with data set #3 ('usicia', 'both', 'Musician')\nRuntimeException: Undefined property: CI_DB_mysql_driver::$_is_unbuffered\n\n/home/travis/build/bcit-ci/CodeIgniter/tests/mocks/database/db.php:136\n/home/travis/build/bcit-ci/CodeIgniter/tests/mocks/database/schema/skeleton.php:36\n/home/travis/build/bcit-ci/CodeIgniter/tests/codeigniter/database/query_builder/like_test.php:12\n/home/travis/build/bcit-ci/CodeIgniter/tests/mocks/ci_testcase.php:45\n/home/travis/build/bcit-ci/CodeIgniter/tests/mocks/ci_testcase.php:351\n\n36) Limit_test::test_limit\nRuntimeException: Undefined property: CI_DB_mysql_driver::$_is_unbuffered\n\n/home/travis/build/bcit-ci/CodeIgniter/tests/mocks/database/db.php:136\n/home/travis/build/bcit-ci/CodeIgniter/tests/mocks/database/schema/skeleton.php:36\n/home/travis/build/bcit-ci/CodeIgniter/tests/codeigniter/database/query_builder/limit_test.php:12\n/home/travis/build/bcit-ci/CodeIgniter/tests/mocks/ci_testcase.php:45\n/home/travis/build/bcit-ci/CodeIgniter/tests/mocks/ci_testcase.php:351\n\n37) Limit_test::test_limit_and_offset\nRuntimeException: Undefined property: CI_DB_mysql_driver::$_is_unbuffered\n\n/home/travis/build/bcit-ci/CodeIgniter/tests/mocks/database/db.php:136\n/home/travis/build/bcit-ci/CodeIgniter/tests/mocks/database/schema/skeleton.php:36\n/home/travis/build/bcit-ci/CodeIgniter/tests/codeigniter/database/query_builder/limit_test.php:12\n/home/travis/build/bcit-ci/CodeIgniter/tests/mocks/ci_testcase.php:45\n/home/travis/build/bcit-ci/CodeIgniter/tests/mocks/ci_testcase.php:351\n\n38) Order_test::test_order_ascending\nRuntimeException: Undefined property: CI_DB_mysql_driver::$_is_unbuffered\n\n/home/travis/build/bcit-ci/CodeIgniter/tests/mocks/database/db.php:136\n/home/travis/build/bcit-ci/CodeIgniter/tests/mocks/database/schema/skeleton.php:36\n/home/travis/build/bcit-ci/CodeIgniter/tests/codeigniter/database/query_builder/order_test.php:12\n/home/travis/build/bcit-ci/CodeIgniter/tests/mocks/ci_testcase.php:45\n/home/travis/build/bcit-ci/CodeIgniter/tests/mocks/ci_testcase.php:351\n\n39) Order_test::test_order_descending\nRuntimeException: Undefined property: CI_DB_mysql_driver::$_is_unbuffered\n\n/home/travis/build/bcit-ci/CodeIgniter/tests/mocks/database/db.php:136\n/home/travis/build/bcit-ci/CodeIgniter/tests/mocks/database/schema/skeleton.php:36\n/home/travis/build/bcit-ci/CodeIgniter/tests/codeigniter/database/query_builder/order_test.php:12\n/home/travis/build/bcit-ci/CodeIgniter/tests/mocks/ci_testcase.php:45\n/home/travis/build/bcit-ci/CodeIgniter/tests/mocks/ci_testcase.php:351\n\n40) Select_test::test_select_only_one_collumn\nRuntimeException: Undefined property: CI_DB_mysql_driver::$_is_unbuffered\n\n/home/travis/build/bcit-ci/CodeIgniter/tests/mocks/database/db.php:136\n/home/travis/build/bcit-ci/CodeIgniter/tests/mocks/database/schema/skeleton.php:36\n/home/travis/build/bcit-ci/CodeIgniter/tests/codeigniter/database/query_builder/select_test.php:12\n/home/travis/build/bcit-ci/CodeIgniter/tests/mocks/ci_testcase.php:45\n/home/travis/build/bcit-ci/CodeIgniter/tests/mocks/ci_testcase.php:351\n\n41) Select_test::test_select_min\nRuntimeException: Undefined property: CI_DB_mysql_driver::$_is_unbuffered\n\n/home/travis/build/bcit-ci/CodeIgniter/tests/mocks/database/db.php:136\n/home/travis/build/bcit-ci/CodeIgniter/tests/mocks/database/schema/skeleton.php:36\n/home/travis/build/bcit-ci/CodeIgniter/tests/codeigniter/database/query_builder/select_test.php:12\n/home/travis/build/bcit-ci/CodeIgniter/tests/mocks/ci_testcase.php:45\n/home/travis/build/bcit-ci/CodeIgniter/tests/mocks/ci_testcase.php:351\n\n42) Select_test::test_select_max\nRuntimeException: Undefined property: CI_DB_mysql_driver::$_is_unbuffered\n\n/home/travis/build/bcit-ci/CodeIgniter/tests/mocks/database/db.php:136\n/home/travis/build/bcit-ci/CodeIgniter/tests/mocks/database/schema/skeleton.php:36\n/home/travis/build/bcit-ci/CodeIgniter/tests/codeigniter/database/query_builder/select_test.php:12\n/home/travis/build/bcit-ci/CodeIgniter/tests/mocks/ci_testcase.php:45\n/home/travis/build/bcit-ci/CodeIgniter/tests/mocks/ci_testcase.php:351\n\n43) Select_test::test_select_avg\nRuntimeException: Undefined property: CI_DB_mysql_driver::$_is_unbuffered\n\n/home/travis/build/bcit-ci/CodeIgniter/tests/mocks/database/db.php:136\n/home/travis/build/bcit-ci/CodeIgniter/tests/mocks/database/schema/skeleton.php:36\n/home/travis/build/bcit-ci/CodeIgniter/tests/codeigniter/database/query_builder/select_test.php:12\n/home/travis/build/bcit-ci/CodeIgniter/tests/mocks/ci_testcase.php:45\n/home/travis/build/bcit-ci/CodeIgniter/tests/mocks/ci_testcase.php:351\n\n44) Select_test::test_select_sum\nRuntimeException: Undefined property: CI_DB_mysql_driver::$_is_unbuffered\n\n/home/travis/build/bcit-ci/CodeIgniter/tests/mocks/database/db.php:136\n/home/travis/build/bcit-ci/CodeIgniter/tests/mocks/database/schema/skeleton.php:36\n/home/travis/build/bcit-ci/CodeIgniter/tests/codeigniter/database/query_builder/select_test.php:12\n/home/travis/build/bcit-ci/CodeIgniter/tests/mocks/ci_testcase.php:45\n/home/travis/build/bcit-ci/CodeIgniter/tests/mocks/ci_testcase.php:351\n\n45) Truncate_test::test_truncate\nRuntimeException: Undefined property: CI_DB_mysql_driver::$_is_unbuffered\n\n/home/travis/build/bcit-ci/CodeIgniter/tests/mocks/database/db.php:136\n/home/travis/build/bcit-ci/CodeIgniter/tests/mocks/database/schema/skeleton.php:36\n/home/travis/build/bcit-ci/CodeIgniter/tests/codeigniter/database/query_builder/truncate_test.php:12\n/home/travis/build/bcit-ci/CodeIgniter/tests/mocks/ci_testcase.php:45\n/home/travis/build/bcit-ci/CodeIgniter/tests/mocks/ci_testcase.php:351\n\n46) Truncate_test::test_truncate_with_from\nRuntimeException: Undefined property: CI_DB_mysql_driver::$_is_unbuffered\n\n/home/travis/build/bcit-ci/CodeIgniter/tests/mocks/database/db.php:136\n/home/travis/build/bcit-ci/CodeIgniter/tests/mocks/database/schema/skeleton.php:36\n/home/travis/build/bcit-ci/CodeIgniter/tests/codeigniter/database/query_builder/truncate_test.php:12\n/home/travis/build/bcit-ci/CodeIgniter/tests/mocks/ci_testcase.php:45\n/home/travis/build/bcit-ci/CodeIgniter/tests/mocks/ci_testcase.php:351\n\n47) Update_test::test_update\nRuntimeException: Undefined property: CI_DB_mysql_driver::$_is_unbuffered\n\n/home/travis/build/bcit-ci/CodeIgniter/tests/mocks/database/db.php:136\n/home/travis/build/bcit-ci/CodeIgniter/tests/mocks/database/schema/skeleton.php:36\n/home/travis/build/bcit-ci/CodeIgniter/tests/codeigniter/database/query_builder/update_test.php:12\n/home/travis/build/bcit-ci/CodeIgniter/tests/mocks/ci_testcase.php:45\n/home/travis/build/bcit-ci/CodeIgniter/tests/mocks/ci_testcase.php:351\n\n48) Update_test::test_update_with_set\nRuntimeException: Undefined property: CI_DB_mysql_driver::$_is_unbuffered\n\n/home/travis/build/bcit-ci/CodeIgniter/tests/mocks/database/db.php:136\n/home/travis/build/bcit-ci/CodeIgniter/tests/mocks/database/schema/skeleton.php:36\n/home/travis/build/bcit-ci/CodeIgniter/tests/codeigniter/database/query_builder/update_test.php:12\n/home/travis/build/bcit-ci/CodeIgniter/tests/mocks/ci_testcase.php:45\n/home/travis/build/bcit-ci/CodeIgniter/tests/mocks/ci_testcase.php:351\n\n49) Where_test::test_where_simple_key_value\nRuntimeException: Undefined property: CI_DB_mysql_driver::$_is_unbuffered\n\n/home/travis/build/bcit-ci/CodeIgniter/tests/mocks/database/db.php:136\n/home/travis/build/bcit-ci/CodeIgniter/tests/mocks/database/schema/skeleton.php:36\n/home/travis/build/bcit-ci/CodeIgniter/tests/codeigniter/database/query_builder/where_test.php:12\n/home/travis/build/bcit-ci/CodeIgniter/tests/mocks/ci_testcase.php:45\n/home/travis/build/bcit-ci/CodeIgniter/tests/mocks/ci_testcase.php:351\n\n50) Where_test::test_where_custom_key_value\nRuntimeException: Undefined property: CI_DB_mysql_driver::$_is_unbuffered\n\n/home/travis/build/bcit-ci/CodeIgniter/tests/mocks/database/db.php:136\n/home/travis/build/bcit-ci/CodeIgniter/tests/mocks/database/schema/skeleton.php:36\n/home/travis/build/bcit-ci/CodeIgniter/tests/codeigniter/database/query_builder/where_test.php:12\n/home/travis/build/bcit-ci/CodeIgniter/tests/mocks/ci_testcase.php:45\n/home/travis/build/bcit-ci/CodeIgniter/tests/mocks/ci_testcase.php:351\n\n51) Where_test::test_where_associative_array\nRuntimeException: Undefined property: CI_DB_mysql_driver::$_is_unbuffered\n\n/home/travis/build/bcit-ci/CodeIgniter/tests/mocks/database/db.php:136\n/home/travis/build/bcit-ci/CodeIgniter/tests/mocks/database/schema/skeleton.php:36\n/home/travis/build/bcit-ci/CodeIgniter/tests/codeigniter/database/query_builder/where_test.php:12\n/home/travis/build/bcit-ci/CodeIgniter/tests/mocks/ci_testcase.php:45\n/home/travis/build/bcit-ci/CodeIgniter/tests/mocks/ci_testcase.php:351\n\n52) Where_test::test_where_custom_string\nRuntimeException: Undefined property: CI_DB_mysql_driver::$_is_unbuffered\n\n/home/travis/build/bcit-ci/CodeIgniter/tests/mocks/database/db.php:136\n/home/travis/build/bcit-ci/CodeIgniter/tests/mocks/database/schema/skeleton.php:36\n/home/travis/build/bcit-ci/CodeIgniter/tests/codeigniter/database/query_builder/where_test.php:12\n/home/travis/build/bcit-ci/CodeIgniter/tests/mocks/ci_testcase.php:45\n/home/travis/build/bcit-ci/CodeIgniter/tests/mocks/ci_testcase.php:351\n\n53) Where_test::test_where_or\nRuntimeException: Undefined property: CI_DB_mysql_driver::$_is_unbuffered\n\n/home/travis/build/bcit-ci/CodeIgniter/tests/mocks/database/db.php:136\n/home/travis/build/bcit-ci/CodeIgniter/tests/mocks/database/schema/skeleton.php:36\n/home/travis/build/bcit-ci/CodeIgniter/tests/codeigniter/database/query_builder/where_test.php:12\n/home/travis/build/bcit-ci/CodeIgniter/tests/mocks/ci_testcase.php:45\n/home/travis/build/bcit-ci/CodeIgniter/tests/mocks/ci_testcase.php:351\n\n54) Where_test::test_where_in\nRuntimeException: Undefined property: CI_DB_mysql_driver::$_is_unbuffered\n\n/home/travis/build/bcit-ci/CodeIgniter/tests/mocks/database/db.php:136\n/home/travis/build/bcit-ci/CodeIgniter/tests/mocks/database/schema/skeleton.php:36\n/home/travis/build/bcit-ci/CodeIgniter/tests/codeigniter/database/query_builder/where_test.php:12\n/home/travis/build/bcit-ci/CodeIgniter/tests/mocks/ci_testcase.php:45\n/home/travis/build/bcit-ci/CodeIgniter/tests/mocks/ci_testcase.php:351\n\n55) Where_test::test_where_not_in\nRuntimeException: Undefined property: CI_DB_mysql_driver::$_is_unbuffered\n\n/home/travis/build/bcit-ci/CodeIgniter/tests/mocks/database/db.php:136\n/home/travis/build/bcit-ci/CodeIgniter/tests/mocks/database/schema/skeleton.php:36\n/home/travis/build/bcit-ci/CodeIgniter/tests/codeigniter/database/query_builder/where_test.php:12\n/home/travis/build/bcit-ci/CodeIgniter/tests/mocks/ci_testcase.php:45\n/home/travis/build/bcit-ci/CodeIgniter/tests/mocks/ci_testcase.php:351\n\n56) Where_test::test_issue4093\nRuntimeException: Undefined property: CI_DB_mysql_driver::$_is_unbuffered\n\n/home/travis/build/bcit-ci/CodeIgniter/tests/mocks/database/db.php:136\n/home/travis/build/bcit-ci/CodeIgniter/tests/mocks/database/schema/skeleton.php:36\n/home/travis/build/bcit-ci/CodeIgniter/tests/codeigniter/database/query_builder/where_test.php:12\n/home/travis/build/bcit-ci/CodeIgniter/tests/mocks/ci_testcase.php:45\n/home/travis/build/bcit-ci/CodeIgniter/tests/mocks/ci_testcase.php:351",
  "keywords": [
    "error",
    "1)",
    "FAILURE"
  ],
  "category": "0",
  "full_log": "travis_fold:start:worker_info\n\u001b[0K\u001b[33;1mWorker information\u001b[0m\nhostname: d5da0373-775d-4595-a815-2c77c60eb1f1@1.production-1-worker-org-gce-8kv7\nversion: v6.2.0 https://github.com/travis-ci/worker/tree/5e5476e01646095f48eec13196fdb3faf8f5cbf7\ninstance: travis-job-3e50c761-9907-466c-9d9a-209a39ea7ecb precise-php-stable-alternative (via amqp)\nstartup: 6.409754221s\ntravis_fold:end:worker_info\n\u001b[0Ktravis_fold:start:system_info\n\u001b[0K\u001b[33;1mBuild system information\u001b[0m\nBuild language: php\nBuild group: stable\nBuild dist: precise\nBuild id: 496530269\nJob id: 496530270\nRuntime kernel version: 3.13.0-115-generic\ntravis-build version: 275ce64b5\n\u001b[34m\u001b[1mBuild image provisioning date and time\u001b[0m\nTue Apr 11 21:48:56 UTC 2017\n\u001b[34m\u001b[1mOperating System Details\u001b[0m\nDistributor ID:\tUbuntu\nDescription:\tUbuntu 12.04.5 LTS\nRelease:\t12.04\nCodename:\tprecise\n\u001b[34m\u001b[1mLinux Version\u001b[0m\n3.13.0-115-generic\n\u001b[34m\u001b[1mCookbooks Version\u001b[0m\ncc4eb5e https://github.com/travis-ci/travis-cookbooks/tree/cc4eb5e\n\u001b[34m\u001b[1mGit version\u001b[0m\ngit version 1.8.5.6\n\u001b[34m\u001b[1mbash version\u001b[0m\nGNU bash, version 4.2.25(1)-release (x86_64-pc-linux-gnu)\nCopyright (C) 2011 Free Software Foundation, Inc.\nLicense GPLv3+: GNU GPL version 3 or later <http://gnu.org/licenses/gpl.html>\n\nThis is free software; you are free to change and redistribute it.\nThere is NO WARRANTY, to the extent permitted by law.\n\u001b[34m\u001b[1mGCC version\u001b[0m\ngcc (Ubuntu/Linaro 4.6.3-1ubuntu5) 4.6.3\nCopyright (C) 2011 Free Software Foundation, Inc.\nThis is free software; see the source for copying conditions.  There is NO\nwarranty; not even for MERCHANTABILITY or FITNESS FOR A PARTICULAR PURPOSE.\n\n\u001b[34m\u001b[1mLLVM version\u001b[0m\nclang version 3.4 (tags/RELEASE_34/final)\nTarget: x86_64-unknown-linux-gnu\nThread model: posix\n\u001b[34m\u001b[1mPre-installed Ruby versions\u001b[0m\nruby-2.2.6\n\u001b[34m\u001b[1mPre-installed Node.js versions\u001b[0m\nv0.10.36\n\u001b[34m\u001b[1mPre-installed Go versions\u001b[0m\n1.7.4\n\u001b[34m\u001b[1mmysql --version\u001b[0m\nmysql  Ver 14.14 Distrib 5.5.54, for debian-linux-gnu (x86_64) using readline 6.2\n\u001b[34m\u001b[1mPre-installed PostgreSQL versions\u001b[0m\n9.1.24\n9.2.20\n9.3.16\n9.4.11\n9.5.6\n\u001b[34m\u001b[1mRedis version\u001b[0m\nredis-server 3.0.7\n\u001b[34m\u001b[1mriak version\u001b[0m\n2.0.2\n\u001b[34m\u001b[1mmemcached version\u001b[0m\n1.4.13\n\u001b[34m\u001b[1mMongoDB version\u001b[0m\nMongoDB 2.4.14\n\u001b[34m\u001b[1mCouchDB version\u001b[0m\ncouchdb 1.6.1\n\u001b[34m\u001b[1mInstalled Sphinx versions\u001b[0m\n2.0.10\n2.1.9\n2.2.6\n\u001b[34m\u001b[1mDefault Sphinx version\u001b[0m\n2.2.6\n\u001b[34m\u001b[1mInstalled Firefox version\u001b[0m\nfirefox 38.4.0esr\n\u001b[34m\u001b[1mPhantomJS version\u001b[0m\n1.9.8\n\u001b[34m\u001b[1mant -version\u001b[0m\nApache Ant(TM) version 1.8.2 compiled on December 3 2011\n\u001b[34m\u001b[1mmvn -version\u001b[0m\nApache Maven 3.2.5 (12a6b3acb947671f09b81f49094c53f426d8cea1; 2014-12-14T17:29:23+00:00)\nMaven home: /usr/local/maven\nJava version: 1.7.0_80, vendor: Oracle Corporation\nJava home: /usr/lib/jvm/java-7-oracle/jre\nDefault locale: en, platform encoding: UTF-8\nOS name: \"linux\", version: \"3.13.0-115-generic\", arch: \"amd64\", family: \"unix\"\n\u001b[34m\u001b[1mphpenv versions\u001b[0m\n* system (set by /home/travis/.phpenv/version)\n  5.3.29\n  5.3.3\n  5.4\n  5.4.45\n  5.5.29\n  5.5.9\n  5.6.13\ntravis_fold:end:system_info\n\u001b[0K\n\ntravis_fold:start:git.checkout\n\u001b[0Ktravis_time:start:065b7858\n\u001b[0K$ git clone --depth=50 https://github.com/bcit-ci/CodeIgniter.git bcit-ci/CodeIgniter\nCloning into 'bcit-ci/CodeIgniter'...\nremote: Enumerating objects: 4740, done.\u001b[K\nremote: Counting objects:   0% (1/4740)   \u001b[K\nremote: Counting objects:   1% (48/4740)   \u001b[K\nremote: Counting objects:   2% (95/4740)   \u001b[K\nremote: Counting objects:   3% (143/4740)   \u001b[K\nremote: Counting objects:   4% (190/4740)   \u001b[K\nremote: Counting objects:   5% (237/4740)   \u001b[K\nremote: Counting objects:   6% (285/4740)   \u001b[K\nremote: Counting objects:   7% (332/4740)   \u001b[K\nremote: Counting objects:   8% (380/4740)   \u001b[K\nremote: Counting objects:   9% (427/4740)   \u001b[K\nremote: Counting objects:  10% (474/4740)   \u001b[K\nremote: Counting objects:  11% (522/4740)   \u001b[K\nremote: Counting objects:  12% (569/4740)   \u001b[K\nremote: Counting objects:  13% (617/4740)   \u001b[K\nremote: Counting objects:  14% (664/4740)   \u001b[K\nremote: Counting objects:  15% (711/4740)   \u001b[K\nremote: Counting objects:  16% (759/4740)   \u001b[K\nremote: Counting objects:  17% (806/4740)   \u001b[K\nremote: Counting objects:  18% (854/4740)   \u001b[K\nremote: Counting objects:  19% (901/4740)   \u001b[K\nremote: Counting objects:  20% (948/4740)   \u001b[K\nremote: Counting objects:  21% (996/4740)   \u001b[K\nremote: Counting objects:  22% (1043/4740)   \u001b[K\nremote: Counting objects:  23% (1091/4740)   \u001b[K\nremote: Counting objects:  24% (1138/4740)   \u001b[K\nremote: Counting objects:  25% (1185/4740)   \u001b[K\nremote: Counting objects:  26% (1233/4740)   \u001b[K\nremote: Counting objects:  27% (1280/4740)   \u001b[K\nremote: Counting objects:  28% (1328/4740)   \u001b[K\nremote: Counting objects:  29% (1375/4740)   \u001b[K\nremote: Counting objects:  30% (1422/4740)   \u001b[K\nremote: Counting objects:  31% (1470/4740)   \u001b[K\nremote: Counting objects:  32% (1517/4740)   \u001b[K\nremote: Counting objects:  33% (1565/4740)   \u001b[K\nremote: Counting objects:  34% (1612/4740)   \u001b[K\nremote: Counting objects:  35% (1659/4740)   \u001b[K\nremote: Counting objects:  36% (1707/4740)   \u001b[K\nremote: Counting objects:  37% (1754/4740)   \u001b[K\nremote: Counting objects:  38% (1802/4740)   \u001b[K\nremote: Counting objects:  39% (1849/4740)   \u001b[K\nremote: Counting objects:  40% (1896/4740)   \u001b[K\nremote: Counting objects:  41% (1944/4740)   \u001b[K\nremote: Counting objects:  42% (1991/4740)   \u001b[K\nremote: Counting objects:  43% (2039/4740)   \u001b[K\nremote: Counting objects:  44% (2086/4740)   \u001b[K\nremote: Counting objects:  45% (2133/4740)   \u001b[K\nremote: Counting objects:  46% (2181/4740)   \u001b[K\nremote: Counting objects:  47% (2228/4740)   \u001b[K\nremote: Counting objects:  48% (2276/4740)   \u001b[K\nremote: Counting objects:  49% (2323/4740)   \u001b[K\nremote: Counting objects:  50% (2370/4740)   \u001b[K\nremote: Counting objects:  51% (2418/4740)   \u001b[K\nremote: Counting objects:  52% (2465/4740)   \u001b[K\nremote: Counting objects:  53% (2513/4740)   \u001b[K\nremote: Counting objects:  54% (2560/4740)   \u001b[K\nremote: Counting objects:  55% (2607/4740)   \u001b[K\nremote: Counting objects:  56% (2655/4740)   \u001b[K\nremote: Counting objects:  57% (2702/4740)   \u001b[K\nremote: Counting objects:  58% (2750/4740)   \u001b[K\nremote: Counting objects:  59% (2797/4740)   \u001b[K\nremote: Counting objects:  60% (2844/4740)   \u001b[K\nremote: Counting objects:  61% (2892/4740)   \u001b[K\nremote: Counting objects:  62% (2939/4740)   \u001b[K\nremote: Counting objects:  63% (2987/4740)   \u001b[K\nremote: Counting objects:  64% (3034/4740)   \u001b[K\nremote: Counting objects:  65% (3081/4740)   \u001b[K\nremote: Counting objects:  66% (3129/4740)   \u001b[K\nremote: Counting objects:  67% (3176/4740)   \u001b[K\nremote: Counting objects:  68% (3224/4740)   \u001b[K\nremote: Counting objects:  69% (3271/4740)   \u001b[K\nremote: Counting objects:  70% (3318/4740)   \u001b[K\nremote: Counting objects:  71% (3366/4740)   \u001b[K\nremote: Counting objects:  72% (3413/4740)   \u001b[K\nremote: Counting objects:  73% (3461/4740)   \u001b[K\nremote: Counting objects:  74% (3508/4740)   \u001b[K\nremote: Counting objects:  75% (3555/4740)   \u001b[K\nremote: Counting objects:  76% (3603/4740)   \u001b[K\nremote: Counting objects:  77% (3650/4740)   \u001b[K\nremote: Counting objects:  78% (3698/4740)   \u001b[K\nremote: Counting objects:  79% (3745/4740)   \u001b[K\nremote: Counting objects:  80% (3792/4740)   \u001b[K\nremote: Counting objects:  81% (3840/4740)   \u001b[K\nremote: Counting objects:  82% (3887/4740)   \u001b[K\nremote: Counting objects:  83% (3935/4740)   \u001b[K\nremote: Counting objects:  84% (3982/4740)   \u001b[K\nremote: Counting objects:  85% (4029/4740)   \u001b[K\nremote: Counting objects:  86% (4077/4740)   \u001b[K\nremote: Counting objects:  87% (4124/4740)   \u001b[K\nremote: Counting objects:  88% (4172/4740)   \u001b[K\nremote: Counting objects:  89% (4219/4740)   \u001b[K\nremote: Counting objects:  90% (4266/4740)   \u001b[K\nremote: Counting objects:  91% (4314/4740)   \u001b[K\nremote: Counting objects:  92% (4361/4740)   \u001b[K\nremote: Counting objects:  93% (4409/4740)   \u001b[K\nremote: Counting objects:  94% (4456/4740)   \u001b[K\nremote: Counting objects:  95% (4503/4740)   \u001b[K\nremote: Counting objects:  96% (4551/4740)   \u001b[K\nremote: Counting objects:  97% (4598/4740)   \u001b[K\nremote: Counting objects:  98% (4646/4740)   \u001b[K\nremote: Counting objects:  99% (4693/4740)   \u001b[K\nremote: Counting objects: 100% (4740/4740)   \u001b[K\nremote: Counting objects: 100% (4740/4740), done.\u001b[K\nremote: Compressing objects:   0% (1/2145)   \u001b[K\nremote: Compressing objects:   1% (22/2145)   \u001b[K\nremote: Compressing objects:   2% (43/2145)   \u001b[K\nremote: Compressing objects:   3% (65/2145)   \u001b[K\nremote: Compressing objects:   4% (86/2145)   \u001b[K\nremote: Compressing objects:   5% (108/2145)   \u001b[K\nremote: Compressing objects:   6% (129/2145)   \u001b[K\nremote: Compressing objects:   7% (151/2145)   \u001b[K\nremote: Compressing objects:   8% (172/2145)   \u001b[K\nremote: Compressing objects:   9% (194/2145)   \u001b[K\nremote: Compressing objects:  10% (215/2145)   \u001b[K\nremote: Compressing objects:  11% (236/2145)   \u001b[K\nremote: Compressing objects:  12% (258/2145)   \u001b[K\nremote: Compressing objects:  13% (279/2145)   \u001b[K\nremote: Compressing objects:  14% (301/2145)   \u001b[K\nremote: Compressing objects:  15% (322/2145)   \u001b[K\nremote: Compressing objects:  16% (344/2145)   \u001b[K\nremote: Compressing objects:  17% (365/2145)   \u001b[K\nremote: Compressing objects:  18% (387/2145)   \u001b[K\nremote: Compressing objects:  19% (408/2145)   \u001b[K\nremote: Compressing objects:  20% (429/2145)   \u001b[K\nremote: Compressing objects:  21% (451/2145)   \u001b[K\nremote: Compressing objects:  22% (472/2145)   \u001b[K\nremote: Compressing objects:  23% (494/2145)   \u001b[K\nremote: Compressing objects:  24% (515/2145)   \u001b[K\nremote: Compressing objects:  25% (537/2145)   \u001b[K\nremote: Compressing objects:  26% (558/2145)   \u001b[K\nremote: Compressing objects:  27% (580/2145)   \u001b[K\nremote: Compressing objects:  28% (601/2145)   \u001b[K\nremote: Compressing objects:  29% (623/2145)   \u001b[K\nremote: Compressing objects:  30% (644/2145)   \u001b[K\nremote: Compressing objects:  31% (665/2145)   \u001b[K\nremote: Compressing objects:  32% (687/2145)   \u001b[K\nremote: Compressing objects:  33% (708/2145)   \u001b[K\nremote: Compressing objects:  34% (730/2145)   \u001b[K\nremote: Compressing objects:  35% (751/2145)   \u001b[K\nremote: Compressing objects:  36% (773/2145)   \u001b[K\nremote: Compressing objects:  37% (794/2145)   \u001b[K\nremote: Compressing objects:  38% (816/2145)   \u001b[K\nremote: Compressing objects:  39% (837/2145)   \u001b[K\nremote: Compressing objects:  40% (858/2145)   \u001b[K\nremote: Compressing objects:  41% (880/2145)   \u001b[K\nremote: Compressing objects:  42% (901/2145)   \u001b[K\nremote: Compressing objects:  43% (923/2145)   \u001b[K\nremote: Compressing objects:  44% (944/2145)   \u001b[K\nremote: Compressing objects:  45% (966/2145)   \u001b[K\nremote: Compressing objects:  46% (987/2145)   \u001b[K\nremote: Compressing objects:  47% (1009/2145)   \u001b[K\nremote: Compressing objects:  48% (1030/2145)   \u001b[K\nremote: Compressing objects:  49% (1052/2145)   \u001b[K\nremote: Compressing objects:  50% (1073/2145)   \u001b[K\nremote: Compressing objects:  51% (1094/2145)   \u001b[K\nremote: Compressing objects:  52% (1116/2145)   \u001b[K\nremote: Compressing objects:  53% (1137/2145)   \u001b[K\nremote: Compressing objects:  54% (1159/2145)   \u001b[K\nremote: Compressing objects:  55% (1180/2145)   \u001b[K\nremote: Compressing objects:  56% (1202/2145)   \u001b[K\nremote: Compressing objects:  57% (1223/2145)   \u001b[K\nremote: Compressing objects:  58% (1245/2145)   \u001b[K\nremote: Compressing objects:  59% (1266/2145)   \u001b[K\nremote: Compressing objects:  60% (1287/2145)   \u001b[K\nremote: Compressing objects:  61% (1309/2145)   \u001b[K\nremote: Compressing objects:  62% (1330/2145)   \u001b[K\nremote: Compressing objects:  63% (1352/2145)   \u001b[K\nremote: Compressing objects:  64% (1373/2145)   \u001b[K\nremote: Compressing objects:  65% (1395/2145)   \u001b[K\nremote: Compressing objects:  66% (1416/2145)   \u001b[K\nremote: Compressing objects:  67% (1438/2145)   \u001b[K\nremote: Compressing objects:  68% (1459/2145)   \u001b[K\nremote: Compressing objects:  69% (1481/2145)   \u001b[K\nremote: Compressing objects:  70% (1502/2145)   \u001b[K\nremote: Compressing objects:  71% (1523/2145)   \u001b[K\nremote: Compressing objects:  72% (1545/2145)   \u001b[K\nremote: Compressing objects:  73% (1566/2145)   \u001b[K\nremote: Compressing objects:  74% (1588/2145)   \u001b[K\nremote: Compressing objects:  75% (1609/2145)   \u001b[K\nremote: Compressing objects:  76% (1631/2145)   \u001b[K\nremote: Compressing objects:  77% (1652/2145)   \u001b[K\nremote: Compressing objects:  78% (1674/2145)   \u001b[K\nremote: Compressing objects:  79% (1695/2145)   \u001b[K\nremote: Compressing objects:  80% (1716/2145)   \u001b[K\nremote: Compressing objects:  81% (1738/2145)   \u001b[K\nremote: Compressing objects:  82% (1759/2145)   \u001b[K\nremote: Compressing objects:  83% (1781/2145)   \u001b[K\nremote: Compressing objects:  84% (1802/2145)   \u001b[K\nremote: Compressing objects:  85% (1824/2145)   \u001b[K\nremote: Compressing objects:  86% (1845/2145)   \u001b[K\nremote: Compressing objects:  87% (1867/2145)   \u001b[K\nremote: Compressing objects:  88% (1888/2145)   \u001b[K\nremote: Compressing objects:  89% (1910/2145)   \u001b[K\nremote: Compressing objects:  90% (1931/2145)   \u001b[K\nremote: Compressing objects:  91% (1952/2145)   \u001b[K\nremote: Compressing objects:  92% (1974/2145)   \u001b[K\nremote: Compressing objects:  93% (1995/2145)   \u001b[K\nremote: Compressing objects:  94% (2017/2145)   \u001b[K\nremote: Compressing objects:  95% (2038/2145)   \u001b[K\nremote: Compressing objects:  96% (2060/2145)   \u001b[K\nremote: Compressing objects:  97% (2081/2145)   \u001b[K\nremote: Compressing objects:  98% (2103/2145)   \u001b[K\nremote: Compressing objects:  99% (2124/2145)   \u001b[K\nremote: Compressing objects: 100% (2145/2145)   \u001b[K\nremote: Compressing objects: 100% (2145/2145), done.\u001b[K\nReceiving objects:   0% (1/4740)   \nReceiving objects:   1% (48/4740)   \nReceiving objects:   2% (95/4740)   \nReceiving objects:   3% (143/4740)   \nReceiving objects:   4% (190/4740)   \nReceiving objects:   5% (237/4740)   \nReceiving objects:   6% (285/4740)   \nReceiving objects:   7% (332/4740)   \nReceiving objects:   8% (380/4740), 236.00 KiB | 443.00 KiB/s   \nReceiving objects:   9% (427/4740), 236.00 KiB | 443.00 KiB/s   \nReceiving objects:  10% (474/4740), 236.00 KiB | 443.00 KiB/s   \nReceiving objects:  11% (522/4740), 236.00 KiB | 443.00 KiB/s   \nReceiving objects:  12% (569/4740), 236.00 KiB | 443.00 KiB/s   \nReceiving objects:  13% (617/4740), 236.00 KiB | 443.00 KiB/s   \nReceiving objects:  14% (664/4740), 236.00 KiB | 443.00 KiB/s   \nReceiving objects:  14% (683/4740), 236.00 KiB | 443.00 KiB/s   \nReceiving objects:  15% (711/4740), 620.00 KiB | 594.00 KiB/s   \nReceiving objects:  16% (759/4740), 620.00 KiB | 594.00 KiB/s   \nReceiving objects:  17% (806/4740), 620.00 KiB | 594.00 KiB/s   \nReceiving objects:  18% (854/4740), 620.00 KiB | 594.00 KiB/s   \nReceiving objects:  19% (901/4740), 620.00 KiB | 594.00 KiB/s   \nReceiving objects:  20% (948/4740), 620.00 KiB | 594.00 KiB/s   \nReceiving objects:  21% (996/4740), 620.00 KiB | 594.00 KiB/s   \nReceiving objects:  22% (1043/4740), 620.00 KiB | 594.00 KiB/s   \nReceiving objects:  23% (1091/4740), 988.00 KiB | 637.00 KiB/s   \nReceiving objects:  24% (1138/4740), 988.00 KiB | 637.00 KiB/s   \nReceiving objects:  25% (1185/4740), 988.00 KiB | 637.00 KiB/s   \nReceiving objects:  25% (1232/4740), 988.00 KiB | 637.00 KiB/s   \nReceiving objects:  26% (1233/4740), 988.00 KiB | 637.00 KiB/s   \nReceiving objects:  27% (1280/4740), 988.00 KiB | 637.00 KiB/s   \nReceiving objects:  28% (1328/4740), 1.41 MiB | 701.00 KiB/s   \nReceiving objects:  29% (1375/4740), 1.41 MiB | 701.00 KiB/s   \nReceiving objects:  30% (1422/4740), 1.41 MiB | 701.00 KiB/s   \nReceiving objects:  31% (1470/4740), 1.41 MiB | 701.00 KiB/s   \nReceiving objects:  32% (1517/4740), 1.41 MiB | 701.00 KiB/s   \nReceiving objects:  33% (1565/4740), 1.41 MiB | 701.00 KiB/s   \nReceiving objects:  34% (1612/4740), 1.41 MiB | 701.00 KiB/s   \nReceiving objects:  35% (1659/4740), 1.41 MiB | 701.00 KiB/s   \nReceiving objects:  36% (1707/4740), 1.41 MiB | 701.00 KiB/s   \nReceiving objects:  37% (1754/4740), 1.41 MiB | 701.00 KiB/s   \nReceiving objects:  38% (1802/4740), 1.41 MiB | 701.00 KiB/s   \nReceiving objects:  39% (1849/4740), 1.41 MiB | 701.00 KiB/s   \nReceiving objects:  40% (1896/4740), 1.41 MiB | 701.00 KiB/s   \nReceiving objects:  41% (1944/4740), 1.41 MiB | 701.00 KiB/s   \nReceiving objects:  42% (1991/4740), 1.41 MiB | 701.00 KiB/s   \nReceiving objects:  43% (2039/4740), 1.41 MiB | 701.00 KiB/s   \nReceiving objects:  44% (2086/4740), 1.41 MiB | 701.00 KiB/s   \nReceiving objects:  45% (2133/4740), 1.41 MiB | 701.00 KiB/s   \nReceiving objects:  46% (2181/4740), 1.41 MiB | 701.00 KiB/s   \nReceiving objects:  47% (2228/4740), 1.41 MiB | 701.00 KiB/s   \nReceiving objects:  48% (2276/4740), 1.41 MiB | 701.00 KiB/s   \nReceiving objects:  49% (2323/4740), 1.41 MiB | 701.00 KiB/s   \nReceiving objects:  50% (2370/4740), 1.41 MiB | 701.00 KiB/s   \nReceiving objects:  51% (2418/4740), 1.41 MiB | 701.00 KiB/s   \nReceiving objects:  52% (2465/4740), 1.41 MiB | 701.00 KiB/s   \nReceiving objects:  53% (2513/4740), 1.41 MiB | 701.00 KiB/s   \nReceiving objects:  54% (2560/4740), 1.79 MiB | 713.00 KiB/s   \nReceiving objects:  55% (2607/4740), 1.79 MiB | 713.00 KiB/s   \nReceiving objects:  56% (2655/4740), 1.79 MiB | 713.00 KiB/s   \nReceiving objects:  57% (2702/4740), 1.79 MiB | 713.00 KiB/s   \nReceiving objects:  58% (2750/4740), 1.79 MiB | 713.00 KiB/s   \nReceiving objects:  59% (2797/4740), 1.79 MiB | 713.00 KiB/s   \nReceiving objects:  60% (2844/4740), 1.79 MiB | 713.00 KiB/s   \nReceiving objects:  61% (2892/4740), 1.79 MiB | 713.00 KiB/s   \nReceiving objects:  62% (2939/4740), 1.79 MiB | 713.00 KiB/s   \nReceiving objects:  63% (2987/4740), 1.79 MiB | 713.00 KiB/s   \nReceiving objects:  64% (3034/4740), 1.79 MiB | 713.00 KiB/s   \nReceiving objects:  65% (3081/4740), 1.79 MiB | 713.00 KiB/s   \nReceiving objects:  66% (3129/4740), 1.79 MiB | 713.00 KiB/s   \nReceiving objects:  67% (3176/4740), 1.79 MiB | 713.00 KiB/s   \nReceiving objects:  68% (3224/4740), 1.79 MiB | 713.00 KiB/s   \nReceiving objects:  69% (3271/4740), 1.79 MiB | 713.00 KiB/s   \nReceiving objects:  70% (3318/4740), 1.79 MiB | 713.00 KiB/s   \nReceiving objects:  71% (3366/4740), 1.79 MiB | 713.00 KiB/s   \nReceiving objects:  72% (3413/4740), 1.79 MiB | 713.00 KiB/s   \nReceiving objects:  73% (3461/4740), 1.79 MiB | 713.00 KiB/s   \nReceiving objects:  74% (3508/4740), 1.79 MiB | 713.00 KiB/s   \nReceiving objects:  75% (3555/4740), 1.79 MiB | 713.00 KiB/s   \nReceiving objects:  76% (3603/4740), 1.79 MiB | 713.00 KiB/s   \nReceiving objects:  77% (3650/4740), 1.79 MiB | 713.00 KiB/s   \nReceiving objects:  78% (3698/4740), 1.79 MiB | 713.00 KiB/s   \nReceiving objects:  79% (3745/4740), 1.79 MiB | 713.00 KiB/s   \nReceiving objects:  80% (3792/4740), 1.79 MiB | 713.00 KiB/s   \nReceiving objects:  81% (3840/4740), 1.79 MiB | 713.00 KiB/s   \nReceiving objects:  82% (3887/4740), 1.79 MiB | 713.00 KiB/s   \nReceiving objects:  83% (3935/4740), 1.79 MiB | 713.00 KiB/s   \nReceiving objects:  84% (3982/4740), 1.79 MiB | 713.00 KiB/s   \nReceiving objects:  85% (4029/4740), 1.79 MiB | 713.00 KiB/s   \nReceiving objects:  86% (4077/4740), 1.79 MiB | 713.00 KiB/s   \nReceiving objects:  87% (4124/4740), 1.79 MiB | 713.00 KiB/s   \nReceiving objects:  88% (4172/4740), 1.79 MiB | 713.00 KiB/s   \nReceiving objects:  89% (4219/4740), 1.79 MiB | 713.00 KiB/s   \nReceiving objects:  90% (4266/4740), 1.79 MiB | 713.00 KiB/s   \nReceiving objects:  91% (4314/4740), 1.79 MiB | 713.00 KiB/s   \nReceiving objects:  92% (4361/4740), 1.79 MiB | 713.00 KiB/s   \nReceiving objects:  93% (4409/4740), 1.79 MiB | 713.00 KiB/s   \nReceiving objects:  94% (4456/4740), 1.79 MiB | 713.00 KiB/s   \nReceiving objects:  95% (4503/4740), 1.79 MiB | 713.00 KiB/s   \nReceiving objects:  96% (4551/4740), 1.79 MiB | 713.00 KiB/s   \nReceiving objects:  97% (4598/4740), 1.79 MiB | 713.00 KiB/s   \nReceiving objects:  98% (4646/4740), 1.79 MiB | 713.00 KiB/s   \nReceiving objects:  99% (4693/4740), 1.79 MiB | 713.00 KiB/s   \nremote: Total 4740 (delta 3527), reused 3446 (delta 2582), pack-reused 0\u001b[K\nReceiving objects: 100% (4740/4740), 1.79 MiB | 713.00 KiB/s   \nReceiving objects: 100% (4740/4740), 2.15 MiB | 713.00 KiB/s, done.\nResolving deltas:   0% (0/3527)   \nResolving deltas:   1% (68/3527)   \nResolving deltas:   2% (78/3527)   \nResolving deltas:   3% (106/3527)   \nResolving deltas:   4% (143/3527)   \nResolving deltas:   5% (204/3527)   \nResolving deltas:   6% (219/3527)   \nResolving deltas:   7% (268/3527)   \nResolving deltas:   8% (296/3527)   \nResolving deltas:   9% (321/3527)   \nResolving deltas:  10% (376/3527)   \nResolving deltas:  11% (399/3527)   \nResolving deltas:  12% (428/3527)   \nResolving deltas:  13% (476/3527)   \nResolving deltas:  14% (506/3527)   \nResolving deltas:  16% (589/3527)   \nResolving deltas:  17% (620/3527)   \nResolving deltas:  21% (746/3527)   \nResolving deltas:  22% (783/3527)   \nResolving deltas:  24% (864/3527)   \nResolving deltas:  25% (915/3527)   \nResolving deltas:  28% (990/3527)   \nResolving deltas:  29% (1042/3527)   \nResolving deltas:  30% (1059/3527)   \nResolving deltas:  31% (1108/3527)   \nResolving deltas:  32% (1149/3527)   \nResolving deltas:  33% (1177/3527)   \nResolving deltas:  34% (1202/3527)   \nResolving deltas:  35% (1237/3527)   \nResolving deltas:  36% (1271/3527)   \nResolving deltas:  37% (1315/3527)   \nResolving deltas:  38% (1348/3527)   \nResolving deltas:  39% (1383/3527)   \nResolving deltas:  40% (1421/3527)   \nResolving deltas:  41% (1449/3527)   \nResolving deltas:  42% (1490/3527)   \nResolving deltas:  43% (1520/3527)   \nResolving deltas:  44% (1559/3527)   \nResolving deltas:  45% (1593/3527)   \nResolving deltas:  46% (1625/3527)   \nResolving deltas:  47% (1659/3527)   \nResolving deltas:  48% (1693/3527)   \nResolving deltas:  49% (1730/3527)   \nResolving deltas:  50% (1768/3527)   \nResolving deltas:  51% (1809/3527)   \nResolving deltas:  52% (1836/3527)   \nResolving deltas:  53% (1871/3527)   \nResolving deltas:  54% (1908/3527)   \nResolving deltas:  55% (1942/3527)   \nResolving deltas:  56% (1987/3527)   \nResolving deltas:  57% (2011/3527)   \nResolving deltas:  58% (2052/3527)   \nResolving deltas:  59% (2082/3527)   \nResolving deltas:  60% (2118/3527)   \nResolving deltas:  61% (2152/3527)   \nResolving deltas:  62% (2188/3527)   \nResolving deltas:  63% (2228/3527)   \nResolving deltas:  64% (2258/3527)   \nResolving deltas:  66% (2340/3527)   \nResolving deltas:  67% (2368/3527)   \nResolving deltas:  70% (2470/3527)   \nResolving deltas:  71% (2506/3527)   \nResolving deltas:  72% (2542/3527)   \nResolving deltas:  73% (2576/3527)   \nResolving deltas:  74% (2611/3527)   \nResolving deltas:  76% (2700/3527)   \nResolving deltas:  77% (2722/3527)   \nResolving deltas:  79% (2791/3527)   \nResolving deltas:  80% (2829/3527)   \nResolving deltas:  81% (2860/3527)   \nResolving deltas:  82% (2906/3527)   \nResolving deltas:  83% (2929/3527)   \nResolving deltas:  84% (2967/3527)   \nResolving deltas:  85% (3024/3527)   \nResolving deltas:  86% (3035/3527)   \nResolving deltas:  87% (3078/3527)   \nResolving deltas:  88% (3105/3527)   \nResolving deltas:  89% (3148/3527)   \nResolving deltas:  90% (3176/3527)   \nResolving deltas:  91% (3221/3527)   \nResolving deltas:  92% (3249/3527)   \nResolving deltas:  93% (3283/3527)   \nResolving deltas:  94% (3327/3527)   \nResolving deltas:  95% (3362/3527)   \nResolving deltas:  96% (3399/3527)   \nResolving deltas:  97% (3422/3527)   \nResolving deltas: 100% (3527/3527)   \nResolving deltas: 100% (3527/3527), done.\nChecking connectivity... done.\ntravis_time:end:065b7858:start=1550759485671099443,finish=1550759490353885443,duration=4682786000\n\u001b[0K$ cd bcit-ci/CodeIgniter\ntravis_time:start:17610d36\n\u001b[0K$ git fetch origin +refs/pull/5699/merge:\nremote: Enumerating objects: 23, done.\u001b[K\nremote: Counting objects:   4% (1/23)   \u001b[K\nremote: Counting objects:   8% (2/23)   \u001b[K\nremote: Counting objects:  13% (3/23)   \u001b[K\nremote: Counting objects:  17% (4/23)   \u001b[K\nremote: Counting objects:  21% (5/23)   \u001b[K\nremote: Counting objects:  26% (6/23)   \u001b[K\nremote: Counting objects:  30% (7/23)   \u001b[K\nremote: Counting objects:  34% (8/23)   \u001b[K\nremote: Counting objects:  39% (9/23)   \u001b[K\nremote: Counting objects:  43% (10/23)   \u001b[K\nremote: Counting objects:  47% (11/23)   \u001b[K\nremote: Counting objects:  52% (12/23)   \u001b[K\nremote: Counting objects:  56% (13/23)   \u001b[K\nremote: Counting objects:  60% (14/23)   \u001b[K\nremote: Counting objects:  65% (15/23)   \u001b[K\nremote: Counting objects:  69% (16/23)   \u001b[K\nremote: Counting objects:  73% (17/23)   \u001b[K\nremote: Counting objects:  78% (18/23)   \u001b[K\nremote: Counting objects:  82% (19/23)   \u001b[K\nremote: Counting objects:  86% (20/23)   \u001b[K\nremote: Counting objects:  91% (21/23)   \u001b[K\nremote: Counting objects:  95% (22/23)   \u001b[K\nremote: Counting objects: 100% (23/23)   \u001b[K\nremote: Counting objects: 100% (23/23), done.\u001b[K\nremote: Compressing objects:  33% (1/3)   \u001b[K\nremote: Compressing objects:  66% (2/3)   \u001b[K\nremote: Compressing objects: 100% (3/3)   \u001b[K\nremote: Compressing objects: 100% (3/3), done.\u001b[K\nremote: Total 15 (delta 12), reused 14 (delta 12), pack-reused 0\u001b[K\nUnpacking objects:   6% (1/15)   \nUnpacking objects:  13% (2/15)   \nUnpacking objects:  20% (3/15)   \nUnpacking objects:  26% (4/15)   \nUnpacking objects:  33% (5/15)   \nUnpacking objects:  40% (6/15)   \nUnpacking objects:  46% (7/15)   \nUnpacking objects:  53% (8/15)   \nUnpacking objects:  60% (9/15)   \nUnpacking objects:  66% (10/15)   \nUnpacking objects:  73% (11/15)   \nUnpacking objects:  80% (12/15)   \nUnpacking objects:  86% (13/15)   \nUnpacking objects:  93% (14/15)   \nUnpacking objects: 100% (15/15)   \nUnpacking objects: 100% (15/15), done.\nFrom https://github.com/bcit-ci/CodeIgniter\n * branch            refs/pull/5699/merge -> FETCH_HEAD\ntravis_time:end:17610d36:start=1550759490358163486,finish=1550759491199605793,duration=841442307\n\u001b[0K$ git checkout -qf FETCH_HEAD\ntravis_fold:end:git.checkout\n\u001b[0K\n\n\u001b[33;1mSetting environment variables from .travis.yml\u001b[0m\n$ export DB=mysql\n\ntravis_time:start:00886080\n\u001b[0K$ phpenv global 5.4 2>/dev/null\ntravis_time:end:00886080:start=1550759491246688330,finish=1550759491272903808,duration=26215478\n\u001b[0Ktravis_fold:start:pearrc\n\u001b[0K\u001b[33;1mWriting /home/travis/.pearrc\u001b[0m\ntravis_time:start:1c064926\n\u001b[0Ktravis_time:end:1c064926:start=1550759491277907270,finish=1550759491527376741,duration=249469471\n\u001b[0Ktravis_time:start:0026bcaa\n\u001b[0K$ pear config-show\n\u001b[1mConfiguration (channel pear.php.net):\u001b[m\n=====================================\nAuto-discover new Channels     auto_discover    1\nDefault Channel                default_channel  pear.php.net\nHTTP Proxy Server Address      http_proxy       <not set>\nPEAR server [DEPRECATED]       master_server    pear.php.net\nDefault Channel Mirror         preferred_mirror pear.php.net\nRemote Configuration File      remote_config    <not set>\nPEAR executables directory     bin_dir          /home/travis/.phpenv/versions/5.4/bin\nPEAR documentation directory   doc_dir          /home/travis/.phpenv/versions/5.4/docs\nPHP extension directory        ext_dir          /home/travis/.phpenv/versions/5.4.45/lib/php/extensions/no-debug-zts-20100525\nPEAR directory                 php_dir          /home/travis/.phpenv/versions/5.4/share/pear\nPEAR Installer cache directory cache_dir        /tmp/pear/cache\nPEAR configuration file        cfg_dir          /home/travis/.phpenv/versions/5.4/cfg\ndirectory\nPEAR data directory            data_dir         /home/travis/.phpenv/versions/5.4/data\nPEAR Installer download        download_dir     /tmp/pear/install\ndirectory\nSystems manpage files          man_dir          /home/travis/.phpenv/versions/5.4/man\ndirectory\nPEAR metadata directory        metadata_dir     <not set>\nPHP CLI/CGI binary             php_bin          /home/travis/.phpenv/versions/5.4.45/bin/php\nphp.ini location               php_ini          /home/travis/.phpenv/versions/5.4.45/etc/php.ini\n--program-prefix passed to     php_prefix       <not set>\nPHP's ./configure\n--program-suffix passed to     php_suffix       <not set>\nPHP's ./configure\nPEAR Installer temp directory  temp_dir         /tmp/pear/install\nPEAR test directory            test_dir         /home/travis/.phpenv/versions/5.4/tests\nPEAR www files directory       www_dir          /home/travis/.phpenv/versions/5.4/www\nCache TimeToLive               cache_ttl        3600\nPreferred Package State        preferred_state  stable\nUnix file mask                 umask            2\nDebug Log Level                verbose          1\nPEAR password (for             password         <not set>\nmaintainers)\nSignature Handling Program     sig_bin          /usr/bin/gpg\nSignature Key Directory        sig_keydir       /home/travis/.phpenv/versions/5.4.45/etc/pearkeys\nSignature Key Id               sig_keyid        <not set>\nPackage Signature Type         sig_type         gpg\nPEAR username (for             username         <not set>\nmaintainers)\nUser Configuration File        Filename         /home/travis/.pearrc\nSystem Configuration File      Filename         /home/travis/.phpenv/versions/5.4.45/etc/pear.conf\ntravis_time:end:0026bcaa:start=1550759491532045184,finish=1550759491705520598,duration=173475414\n\u001b[0Ktravis_fold:end:pearrc\n\u001b[0Ktravis_time:start:0814a49e\n\u001b[0K$ phpenv global 5.4\ntravis_time:end:0814a49e:start=1550759491709746270,finish=1550759491733724697,duration=23978427\n\u001b[0KWarning: This development build of composer is over 60 days old. It is recommended to update it by running \"/home/travis/.phpenv/versions/5.4/bin/composer self-update\" to get the latest version.\ntravis_time:start:28c32f44\n\u001b[0K$ composer self-update\nUpdating to version \u001b[32m1.8.4\u001b[39m (stable channel).\n   Downloading (\u001b[33mconnecting...\u001b[39m)\b\b\b\b\b\b\b\b\b\b\b\b\b\b\b\b\b\b\b\b\b\b\b\b\b\b\bDownloading (\u001b[33m100%\u001b[39m)         \b\b\b\b\b\b\b\b\b\nUse \u001b[32mcomposer self-update --rollback\u001b[39m to return to version 2c03dab4c38caa498e87fe3300360497ce1bb381\ntravis_time:end:28c32f44:start=1550759492028636799,finish=1550759493701682717,duration=1673045918\n\u001b[0K$ php --version\nPHP 5.4.45 (cli) (built: Mar 10 2017 20:52:21) \nCopyright (c) 1997-2014 The PHP Group\nZend Engine v2.4.0, Copyright (c) 1998-2014 Zend Technologies\n    with Xdebug v2.4.1, Copyright (c) 2002-2016, by Derick Rethans\n$ composer --version\n\u001b[30;43mDeprecation warning: require-dev.mikey179/vfsStream is invalid, it should not contain uppercase characters. Please use mikey179/vfsstream instead. Make sure you fix this as Composer 2.0 will error.\u001b[39;49m\n\u001b[32mComposer\u001b[39m version \u001b[33m1.8.4\u001b[39m 2019-02-11 10:52:10\n\u001b[0m\ntravis_fold:start:before_script.1\n\u001b[0Ktravis_time:start:01b64ef0\n\u001b[0K$ sh -c \"composer install --dev --no-progress\"\n\u001b[30;43mDeprecation warning: require-dev.mikey179/vfsStream is invalid, it should not contain uppercase characters. Please use mikey179/vfsstream instead. Make sure you fix this as Composer 2.0 will error.\u001b[39;49m\n\u001b[30;43mYou are using the deprecated option \"dev\". Dev packages are installed by default now.\u001b[39;49m\n\u001b[32mLoading composer repositories with package information\u001b[39m\n\u001b[32mUpdating dependencies (including require-dev)\u001b[39m\n\u001b[32mPackage operations: 20 installs, 0 updates, 0 removals\u001b[39m\n  - Installing \u001b[32mmikey179/vfsstream\u001b[39m (\u001b[33mv1.1.0\u001b[39m): Downloading (\u001b[33m100%\u001b[39m)\n  - Installing \u001b[32msymfony/polyfill-ctype\u001b[39m (\u001b[33mv1.10.0\u001b[39m): Downloading (\u001b[33m100%\u001b[39m)\n  - Installing \u001b[32msymfony/yaml\u001b[39m (\u001b[33mv2.8.49\u001b[39m): Downloading (\u001b[33m100%\u001b[39m)\n  - Installing \u001b[32msebastian/version\u001b[39m (\u001b[33m1.0.6\u001b[39m): Downloading (\u001b[33m100%\u001b[39m)\n  - Installing \u001b[32msebastian/global-state\u001b[39m (\u001b[33m1.1.1\u001b[39m): Downloading (\u001b[33m100%\u001b[39m)\n  - Installing \u001b[32msebastian/recursion-context\u001b[39m (\u001b[33m1.0.5\u001b[39m): Downloading (\u001b[33m100%\u001b[39m)\n  - Installing \u001b[32msebastian/exporter\u001b[39m (\u001b[33m1.2.2\u001b[39m): Downloading (\u001b[33m100%\u001b[39m)\n  - Installing \u001b[32msebastian/environment\u001b[39m (\u001b[33m1.3.8\u001b[39m): Downloading (\u001b[33m100%\u001b[39m)\n  - Installing \u001b[32msebastian/diff\u001b[39m (\u001b[33m1.4.3\u001b[39m): Downloading (\u001b[33m100%\u001b[39m)\n  - Installing \u001b[32msebastian/comparator\u001b[39m (\u001b[33m1.2.4\u001b[39m): Downloading (\u001b[33m100%\u001b[39m)\n  - Installing \u001b[32mdoctrine/instantiator\u001b[39m (\u001b[33m1.0.5\u001b[39m): Downloading (\u001b[33m100%\u001b[39m)\n  - Installing \u001b[32mphpunit/php-text-template\u001b[39m (\u001b[33m1.2.1\u001b[39m): Downloading (\u001b[33m100%\u001b[39m)\n  - Installing \u001b[32mphpunit/phpunit-mock-objects\u001b[39m (\u001b[33m2.3.8\u001b[39m): Downloading (\u001b[33m100%\u001b[39m)\n  - Installing \u001b[32mphpunit/php-timer\u001b[39m (\u001b[33m1.0.9\u001b[39m): Downloading (\u001b[33m100%\u001b[39m)\n  - Installing \u001b[32mphpunit/php-file-iterator\u001b[39m (\u001b[33m1.4.5\u001b[39m): Downloading (\u001b[33m100%\u001b[39m)\n  - Installing \u001b[32mphpunit/php-token-stream\u001b[39m (\u001b[33m1.4.12\u001b[39m): Downloading (\u001b[33m100%\u001b[39m)\n  - Installing \u001b[32mphpunit/php-code-coverage\u001b[39m (\u001b[33m2.2.4\u001b[39m): Downloading (\u001b[33m100%\u001b[39m)\n  - Installing \u001b[32mphpdocumentor/reflection-docblock\u001b[39m (\u001b[33m2.0.5\u001b[39m): Downloading (\u001b[33m100%\u001b[39m)\n  - Installing \u001b[32mphpspec/prophecy\u001b[39m (\u001b[33m1.8.0\u001b[39m): Downloading (\u001b[33m100%\u001b[39m)\n  - Installing \u001b[32mphpunit/phpunit\u001b[39m (\u001b[33m4.8.36\u001b[39m): Downloading (\u001b[33m100%\u001b[39m)\nsebastian/global-state suggests installing ext-uopz (*)\nphpdocumentor/reflection-docblock suggests installing dflydev/markdown (~1.0)\nphpdocumentor/reflection-docblock suggests installing erusev/parsedown (~1.0)\nphpunit/phpunit suggests installing phpunit/php-invoker (~1.1)\n\u001b[30;43mPackage phpunit/phpunit-mock-objects is abandoned, you should avoid using it. No replacement was suggested.\u001b[39;49m\n\u001b[32mWriting lock file\u001b[39m\n\u001b[32mGenerating autoload files\u001b[39m\ntravis_time:end:01b64ef0:start=1550759493965870290,finish=1550759529548372777,duration=35582502487\n\u001b[0Ktravis_fold:end:before_script.1\n\u001b[0Ktravis_fold:start:before_script.2\n\u001b[0Ktravis_time:start:100e6ae0\n\u001b[0K$ sh -c \"if [ '$DB' = 'pgsql' ] || [ '$DB' = 'pdo/pgsql' ]; then psql -c 'DROP DATABASE IF EXISTS ci_test;' -U postgres; fi\"\ntravis_time:end:100e6ae0:start=1550759529552004794,finish=1550759529555267547,duration=3262753\n\u001b[0Ktravis_fold:end:before_script.2\n\u001b[0Ktravis_fold:start:before_script.3\n\u001b[0Ktravis_time:start:05ce0778\n\u001b[0K$ sh -c \"if [ '$DB' = 'pgsql' ] || [ '$DB' = 'pdo/pgsql' ]; then psql -c 'create database ci_test;' -U postgres; fi\"\ntravis_time:end:05ce0778:start=1550759529558484457,finish=1550759529561693806,duration=3209349\n\u001b[0Ktravis_fold:end:before_script.3\n\u001b[0Ktravis_fold:start:before_script.4\n\u001b[0Ktravis_time:start:159fd016\n\u001b[0K$ sh -c \"if [ '$DB' = 'mysql' ] || [ '$DB' = 'mysqli' ] || [ '$DB' = 'pdo/mysql' ]; then mysql -e 'create database IF NOT EXISTS ci_test;'; fi\"\ntravis_time:end:159fd016:start=1550759529564998017,finish=1550759529572503873,duration=7505856\n\u001b[0Ktravis_fold:end:before_script.4\n\u001b[0Ktravis_time:start:0879d580\n\u001b[0K$ php -d zend.enable_gc=0 -d date.timezone=UTC -d mbstring.func_overload=7 -d mbstring.internal_encoding=UTF-8 vendor/bin/phpunit --coverage-text --configuration tests/travis/$DB.phpunit.xml\nPHPUnit 4.8.36 by Sebastian Bergmann and contributors.\n\n................................\u001b[36;1mS\u001b[0m\u001b[36;1mS\u001b[0m\u001b[36;1mS\u001b[0m............................  63 / 404 ( 15%)\n............................................\u001b[36;1mS\u001b[0m\u001b[36;1mS\u001b[0m\u001b[36;1mS\u001b[0m\u001b[36;1mS\u001b[0m........\u001b[31;1mE\u001b[0m\u001b[31;1mE\u001b[0m\u001b[31;1mE\u001b[0m\u001b[31;1mE\u001b[0m\u001b[31;1mE\u001b[0m\u001b[31;1mE\u001b[0m\u001b[31;1mE\u001b[0m 126 / 404 ( 31%)\n\u001b[31;1mE\u001b[0m\u001b[31;1mE\u001b[0m\u001b[31;1mE\u001b[0m\u001b[31;1mE\u001b[0m\u001b[31;1mE\u001b[0m\u001b[31;1mE\u001b[0m\u001b[31;1mE\u001b[0m\u001b[31;1mE\u001b[0m\u001b[31;1mE\u001b[0m\u001b[31;1mE\u001b[0m\u001b[31;1mE\u001b[0m\u001b[31;1mE\u001b[0m\u001b[31;1mE\u001b[0m\u001b[31;1mE\u001b[0m\u001b[31;1mE\u001b[0m\u001b[31;1mE\u001b[0m\u001b[31;1mE\u001b[0m\u001b[31;1mE\u001b[0m\u001b[31;1mE\u001b[0m\u001b[31;1mE\u001b[0m\u001b[31;1mE\u001b[0m\u001b[31;1mE\u001b[0m\u001b[31;1mE\u001b[0m\u001b[31;1mE\u001b[0m\u001b[31;1mE\u001b[0m\u001b[31;1mE\u001b[0m\u001b[31;1mE\u001b[0m\u001b[31;1mE\u001b[0m\u001b[31;1mE\u001b[0m\u001b[31;1mE\u001b[0m\u001b[31;1mE\u001b[0m\u001b[31;1mE\u001b[0m\u001b[31;1mE\u001b[0m\u001b[31;1mE\u001b[0m\u001b[31;1mE\u001b[0m\u001b[31;1mE\u001b[0m\u001b[31;1mE\u001b[0m\u001b[31;1mE\u001b[0m\u001b[31;1mE\u001b[0m\u001b[31;1mE\u001b[0m\u001b[31;1mE\u001b[0m\u001b[31;1mE\u001b[0m\u001b[31;1mE\u001b[0m\u001b[31;1mE\u001b[0m\u001b[31;1mE\u001b[0m\u001b[31;1mE\u001b[0m\u001b[31;1mE\u001b[0m\u001b[31;1mE\u001b[0m\u001b[31;1mE\u001b[0m...\u001b[36;1mS\u001b[0m\u001b[36;1mS\u001b[0m.\u001b[36;1mS\u001b[0m....... 189 / 404 ( 46%)\n.......\u001b[36;1mS\u001b[0m....................................................... 252 / 404 ( 62%)\n........................................\u001b[36;1mS\u001b[0m...................... 315 / 404 ( 77%)\n..........................................................\u001b[36;1mS\u001b[0m.... 378 / 404 ( 93%)\n........................\n\nTime: 37.12 seconds, Memory: 94.50MB\n\nThere were 56 errors:\n\n1) DB_test::test_db_valid\nRuntimeException: Undefined property: CI_DB_mysql_driver::$_is_unbuffered\n\n/home/travis/build/bcit-ci/CodeIgniter/tests/mocks/database/db.php:136\n/home/travis/build/bcit-ci/CodeIgniter/tests/codeigniter/database/DB_test.php:37\n/home/travis/build/bcit-ci/CodeIgniter/tests/mocks/ci_testcase.php:351\n\n2) Count_test::test_count_all\nRuntimeException: Undefined property: CI_DB_mysql_driver::$_is_unbuffered\n\n/home/travis/build/bcit-ci/CodeIgniter/tests/mocks/database/db.php:136\n/home/travis/build/bcit-ci/CodeIgniter/tests/mocks/database/schema/skeleton.php:36\n/home/travis/build/bcit-ci/CodeIgniter/tests/codeigniter/database/query_builder/count_test.php:12\n/home/travis/build/bcit-ci/CodeIgniter/tests/mocks/ci_testcase.php:45\n/home/travis/build/bcit-ci/CodeIgniter/tests/mocks/ci_testcase.php:351\n\n3) Count_test::test_count_all_results\nRuntimeException: Undefined property: CI_DB_mysql_driver::$_is_unbuffered\n\n/home/travis/build/bcit-ci/CodeIgniter/tests/mocks/database/db.php:136\n/home/travis/build/bcit-ci/CodeIgniter/tests/mocks/database/schema/skeleton.php:36\n/home/travis/build/bcit-ci/CodeIgniter/tests/codeigniter/database/query_builder/count_test.php:12\n/home/travis/build/bcit-ci/CodeIgniter/tests/mocks/ci_testcase.php:45\n/home/travis/build/bcit-ci/CodeIgniter/tests/mocks/ci_testcase.php:351\n\n4) Count_test::test_count_all_results_limit\nRuntimeException: Undefined property: CI_DB_mysql_driver::$_is_unbuffered\n\n/home/travis/build/bcit-ci/CodeIgniter/tests/mocks/database/db.php:136\n/home/travis/build/bcit-ci/CodeIgniter/tests/mocks/database/schema/skeleton.php:36\n/home/travis/build/bcit-ci/CodeIgniter/tests/codeigniter/database/query_builder/count_test.php:12\n/home/travis/build/bcit-ci/CodeIgniter/tests/mocks/ci_testcase.php:45\n/home/travis/build/bcit-ci/CodeIgniter/tests/mocks/ci_testcase.php:351\n\n5) Delete_test::test_delete\nRuntimeException: Undefined property: CI_DB_mysql_driver::$_is_unbuffered\n\n/home/travis/build/bcit-ci/CodeIgniter/tests/mocks/database/db.php:136\n/home/travis/build/bcit-ci/CodeIgniter/tests/mocks/database/schema/skeleton.php:36\n/home/travis/build/bcit-ci/CodeIgniter/tests/codeigniter/database/query_builder/delete_test.php:12\n/home/travis/build/bcit-ci/CodeIgniter/tests/mocks/ci_testcase.php:45\n/home/travis/build/bcit-ci/CodeIgniter/tests/mocks/ci_testcase.php:351\n\n6) Delete_test::test_delete_several_tables\nRuntimeException: Undefined property: CI_DB_mysql_driver::$_is_unbuffered\n\n/home/travis/build/bcit-ci/CodeIgniter/tests/mocks/database/db.php:136\n/home/travis/build/bcit-ci/CodeIgniter/tests/mocks/database/schema/skeleton.php:36\n/home/travis/build/bcit-ci/CodeIgniter/tests/codeigniter/database/query_builder/delete_test.php:12\n/home/travis/build/bcit-ci/CodeIgniter/tests/mocks/ci_testcase.php:45\n/home/travis/build/bcit-ci/CodeIgniter/tests/mocks/ci_testcase.php:351\n\n7) Distinct_test::test_distinct\nRuntimeException: Undefined property: CI_DB_mysql_driver::$_is_unbuffered\n\n/home/travis/build/bcit-ci/CodeIgniter/tests/mocks/database/db.php:136\n/home/travis/build/bcit-ci/CodeIgniter/tests/mocks/database/schema/skeleton.php:36\n/home/travis/build/bcit-ci/CodeIgniter/tests/codeigniter/database/query_builder/distinct_test.php:12\n/home/travis/build/bcit-ci/CodeIgniter/tests/mocks/ci_testcase.php:45\n/home/travis/build/bcit-ci/CodeIgniter/tests/mocks/ci_testcase.php:351\n\n8) Empty_test::test_empty_table\nRuntimeException: Undefined property: CI_DB_mysql_driver::$_is_unbuffered\n\n/home/travis/build/bcit-ci/CodeIgniter/tests/mocks/database/db.php:136\n/home/travis/build/bcit-ci/CodeIgniter/tests/mocks/database/schema/skeleton.php:36\n/home/travis/build/bcit-ci/CodeIgniter/tests/codeigniter/database/query_builder/empty_test.php:12\n/home/travis/build/bcit-ci/CodeIgniter/tests/mocks/ci_testcase.php:45\n/home/travis/build/bcit-ci/CodeIgniter/tests/mocks/ci_testcase.php:351\n\n9) Escape_test::test_escape_like_percent_sign\nRuntimeException: Undefined property: CI_DB_mysql_driver::$_is_unbuffered\n\n/home/travis/build/bcit-ci/CodeIgniter/tests/mocks/database/db.php:136\n/home/travis/build/bcit-ci/CodeIgniter/tests/mocks/database/schema/skeleton.php:36\n/home/travis/build/bcit-ci/CodeIgniter/tests/codeigniter/database/query_builder/escape_test.php:12\n/home/travis/build/bcit-ci/CodeIgniter/tests/mocks/ci_testcase.php:45\n/home/travis/build/bcit-ci/CodeIgniter/tests/mocks/ci_testcase.php:351\n\n10) Escape_test::test_escape_like_backslash_sign\nRuntimeException: Undefined property: CI_DB_mysql_driver::$_is_unbuffered\n\n/home/travis/build/bcit-ci/CodeIgniter/tests/mocks/database/db.php:136\n/home/travis/build/bcit-ci/CodeIgniter/tests/mocks/database/schema/skeleton.php:36\n/home/travis/build/bcit-ci/CodeIgniter/tests/codeigniter/database/query_builder/escape_test.php:12\n/home/travis/build/bcit-ci/CodeIgniter/tests/mocks/ci_testcase.php:45\n/home/travis/build/bcit-ci/CodeIgniter/tests/mocks/ci_testcase.php:351\n\n11) From_test::test_from_simple\nRuntimeException: Undefined property: CI_DB_mysql_driver::$_is_unbuffered\n\n/home/travis/build/bcit-ci/CodeIgniter/tests/mocks/database/db.php:136\n/home/travis/build/bcit-ci/CodeIgniter/tests/mocks/database/schema/skeleton.php:36\n/home/travis/build/bcit-ci/CodeIgniter/tests/codeigniter/database/query_builder/from_test.php:12\n/home/travis/build/bcit-ci/CodeIgniter/tests/mocks/ci_testcase.php:45\n/home/travis/build/bcit-ci/CodeIgniter/tests/mocks/ci_testcase.php:351\n\n12) From_test::test_from_with_where\nRuntimeException: Undefined property: CI_DB_mysql_driver::$_is_unbuffered\n\n/home/travis/build/bcit-ci/CodeIgniter/tests/mocks/database/db.php:136\n/home/travis/build/bcit-ci/CodeIgniter/tests/mocks/database/schema/skeleton.php:36\n/home/travis/build/bcit-ci/CodeIgniter/tests/codeigniter/database/query_builder/from_test.php:12\n/home/travis/build/bcit-ci/CodeIgniter/tests/mocks/ci_testcase.php:45\n/home/travis/build/bcit-ci/CodeIgniter/tests/mocks/ci_testcase.php:351\n\n13) Get_test::test_get_simple\nRuntimeException: Undefined property: CI_DB_mysql_driver::$_is_unbuffered\n\n/home/travis/build/bcit-ci/CodeIgniter/tests/mocks/database/db.php:136\n/home/travis/build/bcit-ci/CodeIgniter/tests/mocks/database/schema/skeleton.php:36\n/home/travis/build/bcit-ci/CodeIgniter/tests/codeigniter/database/query_builder/get_test.php:12\n/home/travis/build/bcit-ci/CodeIgniter/tests/mocks/ci_testcase.php:45\n/home/travis/build/bcit-ci/CodeIgniter/tests/mocks/ci_testcase.php:351\n\n14) Get_test::test_get_where\nRuntimeException: Undefined property: CI_DB_mysql_driver::$_is_unbuffered\n\n/home/travis/build/bcit-ci/CodeIgniter/tests/mocks/database/db.php:136\n/home/travis/build/bcit-ci/CodeIgniter/tests/mocks/database/schema/skeleton.php:36\n/home/travis/build/bcit-ci/CodeIgniter/tests/codeigniter/database/query_builder/get_test.php:12\n/home/travis/build/bcit-ci/CodeIgniter/tests/mocks/ci_testcase.php:45\n/home/travis/build/bcit-ci/CodeIgniter/tests/mocks/ci_testcase.php:351\n\n15) Group_test::test_group_by\nRuntimeException: Undefined property: CI_DB_mysql_driver::$_is_unbuffered\n\n/home/travis/build/bcit-ci/CodeIgniter/tests/mocks/database/db.php:136\n/home/travis/build/bcit-ci/CodeIgniter/tests/mocks/database/schema/skeleton.php:36\n/home/travis/build/bcit-ci/CodeIgniter/tests/codeigniter/database/query_builder/group_test.php:12\n/home/travis/build/bcit-ci/CodeIgniter/tests/mocks/ci_testcase.php:45\n/home/travis/build/bcit-ci/CodeIgniter/tests/mocks/ci_testcase.php:351\n\n16) Group_test::test_having_by\nRuntimeException: Undefined property: CI_DB_mysql_driver::$_is_unbuffered\n\n/home/travis/build/bcit-ci/CodeIgniter/tests/mocks/database/db.php:136\n/home/travis/build/bcit-ci/CodeIgniter/tests/mocks/database/schema/skeleton.php:36\n/home/travis/build/bcit-ci/CodeIgniter/tests/codeigniter/database/query_builder/group_test.php:12\n/home/travis/build/bcit-ci/CodeIgniter/tests/mocks/ci_testcase.php:45\n/home/travis/build/bcit-ci/CodeIgniter/tests/mocks/ci_testcase.php:351\n\n17) Group_test::test_having_in\nRuntimeException: Undefined property: CI_DB_mysql_driver::$_is_unbuffered\n\n/home/travis/build/bcit-ci/CodeIgniter/tests/mocks/database/db.php:136\n/home/travis/build/bcit-ci/CodeIgniter/tests/mocks/database/schema/skeleton.php:36\n/home/travis/build/bcit-ci/CodeIgniter/tests/codeigniter/database/query_builder/group_test.php:12\n/home/travis/build/bcit-ci/CodeIgniter/tests/mocks/ci_testcase.php:45\n/home/travis/build/bcit-ci/CodeIgniter/tests/mocks/ci_testcase.php:351\n\n18) Group_test::test_or_having_in\nRuntimeException: Undefined property: CI_DB_mysql_driver::$_is_unbuffered\n\n/home/travis/build/bcit-ci/CodeIgniter/tests/mocks/database/db.php:136\n/home/travis/build/bcit-ci/CodeIgniter/tests/mocks/database/schema/skeleton.php:36\n/home/travis/build/bcit-ci/CodeIgniter/tests/codeigniter/database/query_builder/group_test.php:12\n/home/travis/build/bcit-ci/CodeIgniter/tests/mocks/ci_testcase.php:45\n/home/travis/build/bcit-ci/CodeIgniter/tests/mocks/ci_testcase.php:351\n\n19) Group_test::test_having_not_in\nRuntimeException: Undefined property: CI_DB_mysql_driver::$_is_unbuffered\n\n/home/travis/build/bcit-ci/CodeIgniter/tests/mocks/database/db.php:136\n/home/travis/build/bcit-ci/CodeIgniter/tests/mocks/database/schema/skeleton.php:36\n/home/travis/build/bcit-ci/CodeIgniter/tests/codeigniter/database/query_builder/group_test.php:12\n/home/travis/build/bcit-ci/CodeIgniter/tests/mocks/ci_testcase.php:45\n/home/travis/build/bcit-ci/CodeIgniter/tests/mocks/ci_testcase.php:351\n\n20) Group_test::test_or_having_not_in\nRuntimeException: Undefined property: CI_DB_mysql_driver::$_is_unbuffered\n\n/home/travis/build/bcit-ci/CodeIgniter/tests/mocks/database/db.php:136\n/home/travis/build/bcit-ci/CodeIgniter/tests/mocks/database/schema/skeleton.php:36\n/home/travis/build/bcit-ci/CodeIgniter/tests/codeigniter/database/query_builder/group_test.php:12\n/home/travis/build/bcit-ci/CodeIgniter/tests/mocks/ci_testcase.php:45\n/home/travis/build/bcit-ci/CodeIgniter/tests/mocks/ci_testcase.php:351\n\n21) Insert_test::test_insert\nRuntimeException: Undefined property: CI_DB_mysql_driver::$_is_unbuffered\n\n/home/travis/build/bcit-ci/CodeIgniter/tests/mocks/database/db.php:136\n/home/travis/build/bcit-ci/CodeIgniter/tests/mocks/database/schema/skeleton.php:36\n/home/travis/build/bcit-ci/CodeIgniter/tests/codeigniter/database/query_builder/insert_test.php:13\n/home/travis/build/bcit-ci/CodeIgniter/tests/mocks/ci_testcase.php:45\n/home/travis/build/bcit-ci/CodeIgniter/tests/mocks/ci_testcase.php:351\n\n22) Insert_test::test_insert_batch\nRuntimeException: Undefined property: CI_DB_mysql_driver::$_is_unbuffered\n\n/home/travis/build/bcit-ci/CodeIgniter/tests/mocks/database/db.php:136\n/home/travis/build/bcit-ci/CodeIgniter/tests/mocks/database/schema/skeleton.php:36\n/home/travis/build/bcit-ci/CodeIgniter/tests/codeigniter/database/query_builder/insert_test.php:13\n/home/travis/build/bcit-ci/CodeIgniter/tests/mocks/ci_testcase.php:45\n/home/travis/build/bcit-ci/CodeIgniter/tests/mocks/ci_testcase.php:351\n\n23) Join_test::test_join_simple\nRuntimeException: Undefined property: CI_DB_mysql_driver::$_is_unbuffered\n\n/home/travis/build/bcit-ci/CodeIgniter/tests/mocks/database/db.php:136\n/home/travis/build/bcit-ci/CodeIgniter/tests/mocks/database/schema/skeleton.php:36\n/home/travis/build/bcit-ci/CodeIgniter/tests/codeigniter/database/query_builder/join_test.php:12\n/home/travis/build/bcit-ci/CodeIgniter/tests/mocks/ci_testcase.php:45\n/home/travis/build/bcit-ci/CodeIgniter/tests/mocks/ci_testcase.php:351\n\n24) Join_test::test_join_escape_is_null\nRuntimeException: Undefined property: CI_DB_mysql_driver::$_is_unbuffered\n\n/home/travis/build/bcit-ci/CodeIgniter/tests/mocks/database/db.php:136\n/home/travis/build/bcit-ci/CodeIgniter/tests/mocks/database/schema/skeleton.php:36\n/home/travis/build/bcit-ci/CodeIgniter/tests/codeigniter/database/query_builder/join_test.php:12\n/home/travis/build/bcit-ci/CodeIgniter/tests/mocks/ci_testcase.php:45\n/home/travis/build/bcit-ci/CodeIgniter/tests/mocks/ci_testcase.php:351\n\n25) Join_test::test_join_escape_multiple_conditions\nRuntimeException: Undefined property: CI_DB_mysql_driver::$_is_unbuffered\n\n/home/travis/build/bcit-ci/CodeIgniter/tests/mocks/database/db.php:136\n/home/travis/build/bcit-ci/CodeIgniter/tests/mocks/database/schema/skeleton.php:36\n/home/travis/build/bcit-ci/CodeIgniter/tests/codeigniter/database/query_builder/join_test.php:12\n/home/travis/build/bcit-ci/CodeIgniter/tests/mocks/ci_testcase.php:45\n/home/travis/build/bcit-ci/CodeIgniter/tests/mocks/ci_testcase.php:351\n\n26) Join_test::test_join_escape_multiple_conditions_with_parentheses\nRuntimeException: Undefined property: CI_DB_mysql_driver::$_is_unbuffered\n\n/home/travis/build/bcit-ci/CodeIgniter/tests/mocks/database/db.php:136\n/home/travis/build/bcit-ci/CodeIgniter/tests/mocks/database/schema/skeleton.php:36\n/home/travis/build/bcit-ci/CodeIgniter/tests/codeigniter/database/query_builder/join_test.php:12\n/home/travis/build/bcit-ci/CodeIgniter/tests/mocks/ci_testcase.php:45\n/home/travis/build/bcit-ci/CodeIgniter/tests/mocks/ci_testcase.php:351\n\n27) Like_test::test_like\nRuntimeException: Undefined property: CI_DB_mysql_driver::$_is_unbuffered\n\n/home/travis/build/bcit-ci/CodeIgniter/tests/mocks/database/db.php:136\n/home/travis/build/bcit-ci/CodeIgniter/tests/mocks/database/schema/skeleton.php:36\n/home/travis/build/bcit-ci/CodeIgniter/tests/codeigniter/database/query_builder/like_test.php:12\n/home/travis/build/bcit-ci/CodeIgniter/tests/mocks/ci_testcase.php:45\n/home/travis/build/bcit-ci/CodeIgniter/tests/mocks/ci_testcase.php:351\n\n28) Like_test::test_or_like\nRuntimeException: Undefined property: CI_DB_mysql_driver::$_is_unbuffered\n\n/home/travis/build/bcit-ci/CodeIgniter/tests/mocks/database/db.php:136\n/home/travis/build/bcit-ci/CodeIgniter/tests/mocks/database/schema/skeleton.php:36\n/home/travis/build/bcit-ci/CodeIgniter/tests/codeigniter/database/query_builder/like_test.php:12\n/home/travis/build/bcit-ci/CodeIgniter/tests/mocks/ci_testcase.php:45\n/home/travis/build/bcit-ci/CodeIgniter/tests/mocks/ci_testcase.php:351\n\n29) Like_test::test_not_like\nRuntimeException: Undefined property: CI_DB_mysql_driver::$_is_unbuffered\n\n/home/travis/build/bcit-ci/CodeIgniter/tests/mocks/database/db.php:136\n/home/travis/build/bcit-ci/CodeIgniter/tests/mocks/database/schema/skeleton.php:36\n/home/travis/build/bcit-ci/CodeIgniter/tests/codeigniter/database/query_builder/like_test.php:12\n/home/travis/build/bcit-ci/CodeIgniter/tests/mocks/ci_testcase.php:45\n/home/travis/build/bcit-ci/CodeIgniter/tests/mocks/ci_testcase.php:351\n\n30) Like_test::test_or_not_like\nRuntimeException: Undefined property: CI_DB_mysql_driver::$_is_unbuffered\n\n/home/travis/build/bcit-ci/CodeIgniter/tests/mocks/database/db.php:136\n/home/travis/build/bcit-ci/CodeIgniter/tests/mocks/database/schema/skeleton.php:36\n/home/travis/build/bcit-ci/CodeIgniter/tests/codeigniter/database/query_builder/like_test.php:12\n/home/travis/build/bcit-ci/CodeIgniter/tests/mocks/ci_testcase.php:45\n/home/travis/build/bcit-ci/CodeIgniter/tests/mocks/ci_testcase.php:351\n\n31) Like_test::test_like_spaces_and_tabs\nRuntimeException: Undefined property: CI_DB_mysql_driver::$_is_unbuffered\n\n/home/travis/build/bcit-ci/CodeIgniter/tests/mocks/database/db.php:136\n/home/travis/build/bcit-ci/CodeIgniter/tests/mocks/database/schema/skeleton.php:36\n/home/travis/build/bcit-ci/CodeIgniter/tests/codeigniter/database/query_builder/like_test.php:12\n/home/travis/build/bcit-ci/CodeIgniter/tests/mocks/ci_testcase.php:45\n/home/travis/build/bcit-ci/CodeIgniter/tests/mocks/ci_testcase.php:351\n\n32) Like_test::test_like_set_side with data set #0 ('Developer', 'none', 'Developer')\nRuntimeException: Undefined property: CI_DB_mysql_driver::$_is_unbuffered\n\n/home/travis/build/bcit-ci/CodeIgniter/tests/mocks/database/db.php:136\n/home/travis/build/bcit-ci/CodeIgniter/tests/mocks/database/schema/skeleton.php:36\n/home/travis/build/bcit-ci/CodeIgniter/tests/codeigniter/database/query_builder/like_test.php:12\n/home/travis/build/bcit-ci/CodeIgniter/tests/mocks/ci_testcase.php:45\n/home/travis/build/bcit-ci/CodeIgniter/tests/mocks/ci_testcase.php:351\n\n33) Like_test::test_like_set_side with data set #1 ('tician', 'before', 'Politician')\nRuntimeException: Undefined property: CI_DB_mysql_driver::$_is_unbuffered\n\n/home/travis/build/bcit-ci/CodeIgniter/tests/mocks/database/db.php:136\n/home/travis/build/bcit-ci/CodeIgniter/tests/mocks/database/schema/skeleton.php:36\n/home/travis/build/bcit-ci/CodeIgniter/tests/codeigniter/database/query_builder/like_test.php:12\n/home/travis/build/bcit-ci/CodeIgniter/tests/mocks/ci_testcase.php:45\n/home/travis/build/bcit-ci/CodeIgniter/tests/mocks/ci_testcase.php:351\n\n34) Like_test::test_like_set_side with data set #2 ('Accou', 'after', 'Accountant')\nRuntimeException: Undefined property: CI_DB_mysql_driver::$_is_unbuffered\n\n/home/travis/build/bcit-ci/CodeIgniter/tests/mocks/database/db.php:136\n/home/travis/build/bcit-ci/CodeIgniter/tests/mocks/database/schema/skeleton.php:36\n/home/travis/build/bcit-ci/CodeIgniter/tests/codeigniter/database/query_builder/like_test.php:12\n/home/travis/build/bcit-ci/CodeIgniter/tests/mocks/ci_testcase.php:45\n/home/travis/build/bcit-ci/CodeIgniter/tests/mocks/ci_testcase.php:351\n\n35) Like_test::test_like_set_side with data set #3 ('usicia', 'both', 'Musician')\nRuntimeException: Undefined property: CI_DB_mysql_driver::$_is_unbuffered\n\n/home/travis/build/bcit-ci/CodeIgniter/tests/mocks/database/db.php:136\n/home/travis/build/bcit-ci/CodeIgniter/tests/mocks/database/schema/skeleton.php:36\n/home/travis/build/bcit-ci/CodeIgniter/tests/codeigniter/database/query_builder/like_test.php:12\n/home/travis/build/bcit-ci/CodeIgniter/tests/mocks/ci_testcase.php:45\n/home/travis/build/bcit-ci/CodeIgniter/tests/mocks/ci_testcase.php:351\n\n36) Limit_test::test_limit\nRuntimeException: Undefined property: CI_DB_mysql_driver::$_is_unbuffered\n\n/home/travis/build/bcit-ci/CodeIgniter/tests/mocks/database/db.php:136\n/home/travis/build/bcit-ci/CodeIgniter/tests/mocks/database/schema/skeleton.php:36\n/home/travis/build/bcit-ci/CodeIgniter/tests/codeigniter/database/query_builder/limit_test.php:12\n/home/travis/build/bcit-ci/CodeIgniter/tests/mocks/ci_testcase.php:45\n/home/travis/build/bcit-ci/CodeIgniter/tests/mocks/ci_testcase.php:351\n\n37) Limit_test::test_limit_and_offset\nRuntimeException: Undefined property: CI_DB_mysql_driver::$_is_unbuffered\n\n/home/travis/build/bcit-ci/CodeIgniter/tests/mocks/database/db.php:136\n/home/travis/build/bcit-ci/CodeIgniter/tests/mocks/database/schema/skeleton.php:36\n/home/travis/build/bcit-ci/CodeIgniter/tests/codeigniter/database/query_builder/limit_test.php:12\n/home/travis/build/bcit-ci/CodeIgniter/tests/mocks/ci_testcase.php:45\n/home/travis/build/bcit-ci/CodeIgniter/tests/mocks/ci_testcase.php:351\n\n38) Order_test::test_order_ascending\nRuntimeException: Undefined property: CI_DB_mysql_driver::$_is_unbuffered\n\n/home/travis/build/bcit-ci/CodeIgniter/tests/mocks/database/db.php:136\n/home/travis/build/bcit-ci/CodeIgniter/tests/mocks/database/schema/skeleton.php:36\n/home/travis/build/bcit-ci/CodeIgniter/tests/codeigniter/database/query_builder/order_test.php:12\n/home/travis/build/bcit-ci/CodeIgniter/tests/mocks/ci_testcase.php:45\n/home/travis/build/bcit-ci/CodeIgniter/tests/mocks/ci_testcase.php:351\n\n39) Order_test::test_order_descending\nRuntimeException: Undefined property: CI_DB_mysql_driver::$_is_unbuffered\n\n/home/travis/build/bcit-ci/CodeIgniter/tests/mocks/database/db.php:136\n/home/travis/build/bcit-ci/CodeIgniter/tests/mocks/database/schema/skeleton.php:36\n/home/travis/build/bcit-ci/CodeIgniter/tests/codeigniter/database/query_builder/order_test.php:12\n/home/travis/build/bcit-ci/CodeIgniter/tests/mocks/ci_testcase.php:45\n/home/travis/build/bcit-ci/CodeIgniter/tests/mocks/ci_testcase.php:351\n\n40) Select_test::test_select_only_one_collumn\nRuntimeException: Undefined property: CI_DB_mysql_driver::$_is_unbuffered\n\n/home/travis/build/bcit-ci/CodeIgniter/tests/mocks/database/db.php:136\n/home/travis/build/bcit-ci/CodeIgniter/tests/mocks/database/schema/skeleton.php:36\n/home/travis/build/bcit-ci/CodeIgniter/tests/codeigniter/database/query_builder/select_test.php:12\n/home/travis/build/bcit-ci/CodeIgniter/tests/mocks/ci_testcase.php:45\n/home/travis/build/bcit-ci/CodeIgniter/tests/mocks/ci_testcase.php:351\n\n41) Select_test::test_select_min\nRuntimeException: Undefined property: CI_DB_mysql_driver::$_is_unbuffered\n\n/home/travis/build/bcit-ci/CodeIgniter/tests/mocks/database/db.php:136\n/home/travis/build/bcit-ci/CodeIgniter/tests/mocks/database/schema/skeleton.php:36\n/home/travis/build/bcit-ci/CodeIgniter/tests/codeigniter/database/query_builder/select_test.php:12\n/home/travis/build/bcit-ci/CodeIgniter/tests/mocks/ci_testcase.php:45\n/home/travis/build/bcit-ci/CodeIgniter/tests/mocks/ci_testcase.php:351\n\n42) Select_test::test_select_max\nRuntimeException: Undefined property: CI_DB_mysql_driver::$_is_unbuffered\n\n/home/travis/build/bcit-ci/CodeIgniter/tests/mocks/database/db.php:136\n/home/travis/build/bcit-ci/CodeIgniter/tests/mocks/database/schema/skeleton.php:36\n/home/travis/build/bcit-ci/CodeIgniter/tests/codeigniter/database/query_builder/select_test.php:12\n/home/travis/build/bcit-ci/CodeIgniter/tests/mocks/ci_testcase.php:45\n/home/travis/build/bcit-ci/CodeIgniter/tests/mocks/ci_testcase.php:351\n\n43) Select_test::test_select_avg\nRuntimeException: Undefined property: CI_DB_mysql_driver::$_is_unbuffered\n\n/home/travis/build/bcit-ci/CodeIgniter/tests/mocks/database/db.php:136\n/home/travis/build/bcit-ci/CodeIgniter/tests/mocks/database/schema/skeleton.php:36\n/home/travis/build/bcit-ci/CodeIgniter/tests/codeigniter/database/query_builder/select_test.php:12\n/home/travis/build/bcit-ci/CodeIgniter/tests/mocks/ci_testcase.php:45\n/home/travis/build/bcit-ci/CodeIgniter/tests/mocks/ci_testcase.php:351\n\n44) Select_test::test_select_sum\nRuntimeException: Undefined property: CI_DB_mysql_driver::$_is_unbuffered\n\n/home/travis/build/bcit-ci/CodeIgniter/tests/mocks/database/db.php:136\n/home/travis/build/bcit-ci/CodeIgniter/tests/mocks/database/schema/skeleton.php:36\n/home/travis/build/bcit-ci/CodeIgniter/tests/codeigniter/database/query_builder/select_test.php:12\n/home/travis/build/bcit-ci/CodeIgniter/tests/mocks/ci_testcase.php:45\n/home/travis/build/bcit-ci/CodeIgniter/tests/mocks/ci_testcase.php:351\n\n45) Truncate_test::test_truncate\nRuntimeException: Undefined property: CI_DB_mysql_driver::$_is_unbuffered\n\n/home/travis/build/bcit-ci/CodeIgniter/tests/mocks/database/db.php:136\n/home/travis/build/bcit-ci/CodeIgniter/tests/mocks/database/schema/skeleton.php:36\n/home/travis/build/bcit-ci/CodeIgniter/tests/codeigniter/database/query_builder/truncate_test.php:12\n/home/travis/build/bcit-ci/CodeIgniter/tests/mocks/ci_testcase.php:45\n/home/travis/build/bcit-ci/CodeIgniter/tests/mocks/ci_testcase.php:351\n\n46) Truncate_test::test_truncate_with_from\nRuntimeException: Undefined property: CI_DB_mysql_driver::$_is_unbuffered\n\n/home/travis/build/bcit-ci/CodeIgniter/tests/mocks/database/db.php:136\n/home/travis/build/bcit-ci/CodeIgniter/tests/mocks/database/schema/skeleton.php:36\n/home/travis/build/bcit-ci/CodeIgniter/tests/codeigniter/database/query_builder/truncate_test.php:12\n/home/travis/build/bcit-ci/CodeIgniter/tests/mocks/ci_testcase.php:45\n/home/travis/build/bcit-ci/CodeIgniter/tests/mocks/ci_testcase.php:351\n\n47) Update_test::test_update\nRuntimeException: Undefined property: CI_DB_mysql_driver::$_is_unbuffered\n\n/home/travis/build/bcit-ci/CodeIgniter/tests/mocks/database/db.php:136\n/home/travis/build/bcit-ci/CodeIgniter/tests/mocks/database/schema/skeleton.php:36\n/home/travis/build/bcit-ci/CodeIgniter/tests/codeigniter/database/query_builder/update_test.php:12\n/home/travis/build/bcit-ci/CodeIgniter/tests/mocks/ci_testcase.php:45\n/home/travis/build/bcit-ci/CodeIgniter/tests/mocks/ci_testcase.php:351\n\n48) Update_test::test_update_with_set\nRuntimeException: Undefined property: CI_DB_mysql_driver::$_is_unbuffered\n\n/home/travis/build/bcit-ci/CodeIgniter/tests/mocks/database/db.php:136\n/home/travis/build/bcit-ci/CodeIgniter/tests/mocks/database/schema/skeleton.php:36\n/home/travis/build/bcit-ci/CodeIgniter/tests/codeigniter/database/query_builder/update_test.php:12\n/home/travis/build/bcit-ci/CodeIgniter/tests/mocks/ci_testcase.php:45\n/home/travis/build/bcit-ci/CodeIgniter/tests/mocks/ci_testcase.php:351\n\n49) Where_test::test_where_simple_key_value\nRuntimeException: Undefined property: CI_DB_mysql_driver::$_is_unbuffered\n\n/home/travis/build/bcit-ci/CodeIgniter/tests/mocks/database/db.php:136\n/home/travis/build/bcit-ci/CodeIgniter/tests/mocks/database/schema/skeleton.php:36\n/home/travis/build/bcit-ci/CodeIgniter/tests/codeigniter/database/query_builder/where_test.php:12\n/home/travis/build/bcit-ci/CodeIgniter/tests/mocks/ci_testcase.php:45\n/home/travis/build/bcit-ci/CodeIgniter/tests/mocks/ci_testcase.php:351\n\n50) Where_test::test_where_custom_key_value\nRuntimeException: Undefined property: CI_DB_mysql_driver::$_is_unbuffered\n\n/home/travis/build/bcit-ci/CodeIgniter/tests/mocks/database/db.php:136\n/home/travis/build/bcit-ci/CodeIgniter/tests/mocks/database/schema/skeleton.php:36\n/home/travis/build/bcit-ci/CodeIgniter/tests/codeigniter/database/query_builder/where_test.php:12\n/home/travis/build/bcit-ci/CodeIgniter/tests/mocks/ci_testcase.php:45\n/home/travis/build/bcit-ci/CodeIgniter/tests/mocks/ci_testcase.php:351\n\n51) Where_test::test_where_associative_array\nRuntimeException: Undefined property: CI_DB_mysql_driver::$_is_unbuffered\n\n/home/travis/build/bcit-ci/CodeIgniter/tests/mocks/database/db.php:136\n/home/travis/build/bcit-ci/CodeIgniter/tests/mocks/database/schema/skeleton.php:36\n/home/travis/build/bcit-ci/CodeIgniter/tests/codeigniter/database/query_builder/where_test.php:12\n/home/travis/build/bcit-ci/CodeIgniter/tests/mocks/ci_testcase.php:45\n/home/travis/build/bcit-ci/CodeIgniter/tests/mocks/ci_testcase.php:351\n\n52) Where_test::test_where_custom_string\nRuntimeException: Undefined property: CI_DB_mysql_driver::$_is_unbuffered\n\n/home/travis/build/bcit-ci/CodeIgniter/tests/mocks/database/db.php:136\n/home/travis/build/bcit-ci/CodeIgniter/tests/mocks/database/schema/skeleton.php:36\n/home/travis/build/bcit-ci/CodeIgniter/tests/codeigniter/database/query_builder/where_test.php:12\n/home/travis/build/bcit-ci/CodeIgniter/tests/mocks/ci_testcase.php:45\n/home/travis/build/bcit-ci/CodeIgniter/tests/mocks/ci_testcase.php:351\n\n53) Where_test::test_where_or\nRuntimeException: Undefined property: CI_DB_mysql_driver::$_is_unbuffered\n\n/home/travis/build/bcit-ci/CodeIgniter/tests/mocks/database/db.php:136\n/home/travis/build/bcit-ci/CodeIgniter/tests/mocks/database/schema/skeleton.php:36\n/home/travis/build/bcit-ci/CodeIgniter/tests/codeigniter/database/query_builder/where_test.php:12\n/home/travis/build/bcit-ci/CodeIgniter/tests/mocks/ci_testcase.php:45\n/home/travis/build/bcit-ci/CodeIgniter/tests/mocks/ci_testcase.php:351\n\n54) Where_test::test_where_in\nRuntimeException: Undefined property: CI_DB_mysql_driver::$_is_unbuffered\n\n/home/travis/build/bcit-ci/CodeIgniter/tests/mocks/database/db.php:136\n/home/travis/build/bcit-ci/CodeIgniter/tests/mocks/database/schema/skeleton.php:36\n/home/travis/build/bcit-ci/CodeIgniter/tests/codeigniter/database/query_builder/where_test.php:12\n/home/travis/build/bcit-ci/CodeIgniter/tests/mocks/ci_testcase.php:45\n/home/travis/build/bcit-ci/CodeIgniter/tests/mocks/ci_testcase.php:351\n\n55) Where_test::test_where_not_in\nRuntimeException: Undefined property: CI_DB_mysql_driver::$_is_unbuffered\n\n/home/travis/build/bcit-ci/CodeIgniter/tests/mocks/database/db.php:136\n/home/travis/build/bcit-ci/CodeIgniter/tests/mocks/database/schema/skeleton.php:36\n/home/travis/build/bcit-ci/CodeIgniter/tests/codeigniter/database/query_builder/where_test.php:12\n/home/travis/build/bcit-ci/CodeIgniter/tests/mocks/ci_testcase.php:45\n/home/travis/build/bcit-ci/CodeIgniter/tests/mocks/ci_testcase.php:351\n\n56) Where_test::test_issue4093\nRuntimeException: Undefined property: CI_DB_mysql_driver::$_is_unbuffered\n\n/home/travis/build/bcit-ci/CodeIgniter/tests/mocks/database/db.php:136\n/home/travis/build/bcit-ci/CodeIgniter/tests/mocks/database/schema/skeleton.php:36\n/home/travis/build/bcit-ci/CodeIgniter/tests/codeigniter/database/query_builder/where_test.php:12\n/home/travis/build/bcit-ci/CodeIgniter/tests/mocks/ci_testcase.php:45\n/home/travis/build/bcit-ci/CodeIgniter/tests/mocks/ci_testcase.php:351\n\n\u001b[37;41mFAILURES!\u001b[0m\n\u001b[37;41mTests: 400\u001b[0m\u001b[37;41m, Assertions: 1223\u001b[0m\u001b[37;41m, Errors: 56\u001b[0m\u001b[37;41m, Skipped: 13\u001b[0m\u001b[37;41m.\u001b[0m\n\n\n\u001b[1;37;40mCode Coverage Report:        \u001b[0m\n\u001b[1;37;40m  2019-02-21 14:32:09        \u001b[0m\n\u001b[1;37;40m                             \u001b[0m\n\u001b[1;37;40m Summary:                    \u001b[0m\n\u001b[37;41m  Classes: 14.81% (4/27)     \u001b[0m\n\u001b[37;41m  Methods: 38.57% (194/503)  \u001b[0m\n\u001b[30;43m  Lines:   53.31% (4427/8305)\u001b[0m\n\n@CI.DB::CI_DB_result\n  \u001b[37;41mMethods:   4.35% ( 1/23)\u001b[0m   \u001b[37;41mLines:   1.82% (  3/165)\u001b[0m\n@CodeIgniter.Drivers::CI_DB_driver\n  \u001b[37;41mMethods:   3.57% ( 2/56)\u001b[0m   \u001b[37;41mLines:   2.46% ( 13/528)\u001b[0m\n@CodeIgniter.Drivers::CI_DB_mysql_driver\n  \u001b[37;41mMethods:   0.00% ( 0/19)\u001b[0m   \u001b[37;41mLines:  28.44% ( 31/109)\u001b[0m\n@CodeIgniter.Libraries::CI_Benchmark\n  \u001b[30;42mMethods: 100.00% ( 3/ 3)\u001b[0m   \u001b[30;42mLines: 100.00% ( 14/ 14)\u001b[0m\n@CodeIgniter.Libraries::CI_Calendar\n  \u001b[30;43mMethods:  55.56% ( 5/ 9)\u001b[0m   \u001b[30;43mLines:  75.00% (147/196)\u001b[0m\n@CodeIgniter.Libraries::CI_Config\n  \u001b[37;41mMethods:  50.00% ( 4/ 8)\u001b[0m   \u001b[30;43mLines:  86.09% ( 99/115)\u001b[0m\n@CodeIgniter.Libraries::CI_Driver\n  \u001b[37;41mMethods:  50.00% ( 2/ 4)\u001b[0m   \u001b[30;42mLines:  94.12% ( 32/ 34)\u001b[0m\n@CodeIgniter.Libraries::CI_Driver_Library\n  \u001b[37;41mMethods:   0.00% ( 0/ 2)\u001b[0m   \u001b[30;42mLines:  90.62% ( 58/ 64)\u001b[0m\n@CodeIgniter.Libraries::CI_Encrypt\n  \u001b[37;41mMethods:  50.00% (10/20)\u001b[0m   \u001b[30;43mLines:  64.29% ( 72/112)\u001b[0m\n@CodeIgniter.Libraries::CI_Encryption\n  \u001b[37;41mMethods:  42.11% ( 8/19)\u001b[0m   \u001b[30;43mLines:  85.96% (306/356)\u001b[0m\n@CodeIgniter.Libraries::CI_Form_validation\n  \u001b[30;43mMethods:  77.36% (41/53)\u001b[0m   \u001b[30;43mLines:  84.48% (392/464)\u001b[0m\n@CodeIgniter.Libraries::CI_Input\n  \u001b[30;43mMethods:  66.67% (12/18)\u001b[0m   \u001b[30;43mLines:  61.72% (129/209)\u001b[0m\n@CodeIgniter.Libraries::CI_Lang\n  \u001b[30;43mMethods:  66.67% ( 2/ 3)\u001b[0m   \u001b[30;43mLines:  83.82% ( 57/ 68)\u001b[0m\n@CodeIgniter.Libraries::CI_Loader\n  \u001b[30;43mMethods:  58.62% (17/29)\u001b[0m   \u001b[30;43mLines:  75.09% (401/534)\u001b[0m\n@CodeIgniter.Libraries::CI_Log\n  \u001b[37;41mMethods:  20.00% ( 1/ 5)\u001b[0m   \u001b[37;41mLines:  32.10% ( 26/ 81)\u001b[0m\n@CodeIgniter.Libraries::CI_Model\n  \u001b[30;42mMethods: 100.00% ( 1/ 1)\u001b[0m   \u001b[30;42mLines: 100.00% (  1/  1)\u001b[0m\n@CodeIgniter.Libraries::CI_Output\n  \u001b[37;41mMethods:  21.05% ( 4/19)\u001b[0m   \u001b[37;41mLines:  14.49% ( 41/283)\u001b[0m\n@CodeIgniter.Libraries::CI_Parser\n  \u001b[30;43mMethods:  57.14% ( 4/ 7)\u001b[0m   \u001b[30;43mLines:  80.00% ( 44/ 55)\u001b[0m\n@CodeIgniter.Libraries::CI_Security\n  \u001b[30;43mMethods:  61.90% (13/21)\u001b[0m   \u001b[30;43mLines:  84.15% (239/284)\u001b[0m\n@CodeIgniter.Libraries::CI_Table\n  \u001b[30;43mMethods:  85.71% (12/14)\u001b[0m   \u001b[30;42mLines:  90.00% (153/170)\u001b[0m\n@CodeIgniter.Libraries::CI_Typography\n  \u001b[30;42mMethods: 100.00% ( 5/ 5)\u001b[0m   \u001b[30;42mLines: 100.00% (127/127)\u001b[0m\n@CodeIgniter.Libraries::CI_URI\n  \u001b[30;43mMethods:  54.55% (12/22)\u001b[0m   \u001b[37;41mLines:  33.70% ( 62/184)\u001b[0m\n@CodeIgniter.Libraries::CI_Upload\n  \u001b[30;43mMethods:  53.57% (15/28)\u001b[0m   \u001b[37;41mLines:  47.70% (207/434)\u001b[0m\n@CodeIgniter.Libraries::CI_User_agent\n  \u001b[30;43mMethods:  72.00% (18/25)\u001b[0m   \u001b[30;43mLines:  89.01% (162/182)\u001b[0m\n@CodeIgniter.Libraries::CI_Utf8\n  \u001b[37;41mMethods:  40.00% ( 2/ 5)\u001b[0m   \u001b[30;43mLines:  77.42% ( 24/ 31)\u001b[0m\ntravis_time:end:0879d580:start=1550759529575913156,finish=1550759569325429445,duration=39749516289\n\u001b[0K\u001b[31;1mThe command \"php -d zend.enable_gc=0 -d date.timezone=UTC -d mbstring.func_overload=7 -d mbstring.internal_encoding=UTF-8 vendor/bin/phpunit --coverage-text --configuration tests/travis/$DB.phpunit.xml\" exited with 2.\u001b[0m\n\n\n\nDone. Your build exited with 1.\n"
}