{
  "log_path": "Python/scikit-learn@scikit-learn/failed/562456534.log",
  "failure_chunk": "Traceback (most recent call last):\n  File \"/home/travis/miniconda/envs/testenv/bin/pytest\", line 11, in module>\n    sys.exit(main())\n  File \"/home/travis/miniconda/envs/testenv/lib/python3.4/site-packages/_pytest/config.py\", line 52, in main\n    config = _prepareconfig(args, plugins)\n  File \"/home/travis/miniconda/envs/testenv/lib/python3.4/site-packages/_pytest/config.py\", line 163, in _prepareconfig\n    pluginmanager=pluginmanager, args=args)\n  File \"/home/travis/miniconda/envs/testenv/lib/python3.4/site-packages/pluggy/__init__.py\", line 617, in __call__\n    return self._hookexec(self, self._nonwrappers + self._wrappers, kwargs)\n  File \"/home/travis/miniconda/envs/testenv/lib/python3.4/site-packages/pluggy/__init__.py\", line 222, in _hookexec\n    return self._inner_hookexec(hook, methods, kwargs)\n  File \"/home/travis/miniconda/envs/testenv/lib/python3.4/site-packages/pluggy/__init__.py\", line 216, in lambda>\n    firstresult=hook.spec_opts.get('firstresult'),\n  File \"/home/travis/miniconda/envs/testenv/lib/python3.4/site-packages/pluggy/callers.py\", line 196, in _multicall\n    gen.send(outcome)\n  File \"/home/travis/miniconda/envs/testenv/lib/python3.4/site-packages/_pytest/helpconfig.py\", line 68, in pytest_cmdline_parse\n    config = outcome.get_result()\n  File \"/home/travis/miniconda/envs/testenv/lib/python3.4/site-packages/pluggy/callers.py\", line 76, in get_result\n    raise ex[1].with_traceback(ex[2])\n  File \"/home/travis/miniconda/envs/testenv/lib/python3.4/site-packages/pluggy/callers.py\", line 180, in _multicall\n    res = hook_impl.function(*args)\n  File \"/home/travis/miniconda/envs/testenv/lib/python3.4/site-packages/_pytest/config.py\", line 936, in pytest_cmdline_parse\n    self.parse(args)\n  File \"/home/travis/miniconda/envs/testenv/lib/python3.4/site-packages/_pytest/config.py\", line 1086, in parse\n    self._preparse(args, addopts=addopts)\n  File \"/home/travis/miniconda/envs/testenv/lib/python3.4/site-packages/_pytest/config.py\", line 1048, in _preparse\n    self.pluginmanager.load_setuptools_entrypoints('pytest11')\n  File \"/home/travis/miniconda/envs/testenv/lib/python3.4/site-packages/pluggy/__init__.py\", line 402, in load_setuptools_entrypoints\n    \"Plugin %r could not be loaded: %s!\" % (ep.name, e))\npluggy.PluginValidationError: Plugin 'pytest_cov' could not be loaded: (pytest 3.5.0 (/home/travis/miniconda/envs/testenv/lib/python3.4/site-packages), Requirement.parse('pytest>=3.6'))!",
  "keywords": [
    "Error",
    "exception",
    ""
  ],
  "category": "2",
  "full_log": "travis_fold:start:worker_info\n\u001b[0K\u001b[33;1mWorker information\u001b[0m\nhostname: 6a3c581a-a31c-4fb5-aa4d-02924c3d6ad3@1.production-2-worker-org-gce-hf8k\nversion: v6.2.0 https://github.com/travis-ci/worker/tree/5e5476e01646095f48eec13196fdb3faf8f5cbf7\ninstance: travis-job-59677018-19c2-4534-b961-dc8eacb9adc4 travis-ci-garnet-trusty-1512502259-986baf0 (via amqp)\nstartup: 6.152676223s\ntravis_fold:end:worker_info\n\u001b[0Ktravis_fold:start:system_info\n\u001b[0K\u001b[33;1mBuild system information\u001b[0m\nBuild language: python\nBuild group: stable\nBuild dist: trusty\nBuild id: 562456534\nJob id: 562456536\nRuntime kernel version: 4.4.0-101-generic\ntravis-build version: 24c88d12b\n\u001b[34m\u001b[1mBuild image provisioning date and time\u001b[0m\nTue Dec  5 19:58:13 UTC 2017\n\u001b[34m\u001b[1mOperating System Details\u001b[0m\nDistributor ID:\tUbuntu\nDescription:\tUbuntu 14.04.5 LTS\nRelease:\t14.04\nCodename:\ttrusty\n\u001b[34m\u001b[1mCookbooks Version\u001b[0m\n7c2c6a6 https://github.com/travis-ci/travis-cookbooks/tree/7c2c6a6\n\u001b[34m\u001b[1mgit version\u001b[0m\ngit version 2.15.1\n\u001b[34m\u001b[1mbash version\u001b[0m\nGNU bash, version 4.3.11(1)-release (x86_64-pc-linux-gnu)\n\u001b[34m\u001b[1mgcc version\u001b[0m\ngcc (Ubuntu 4.8.4-2ubuntu1~14.04.3) 4.8.4\nCopyright (C) 2013 Free Software Foundation, Inc.\nThis is free software; see the source for copying conditions.  There is NO\nwarranty; not even for MERCHANTABILITY or FITNESS FOR A PARTICULAR PURPOSE.\n\n\u001b[34m\u001b[1mdocker version\u001b[0m\nClient:\n Version:      17.09.0-ce\n API version:  1.32\n Go version:   go1.8.3\n Git commit:   afdb6d4\n Built:        Tue Sep 26 22:42:38 2017\n OS/Arch:      linux/amd64\n\nServer:\n Version:      17.09.0-ce\n API version:  1.32 (minimum version 1.12)\n Go version:   go1.8.3\n Git commit:   afdb6d4\n Built:        Tue Sep 26 22:41:20 2017\n OS/Arch:      linux/amd64\n Experimental: false\n\u001b[34m\u001b[1mclang version\u001b[0m\nclang version 5.0.0 (tags/RELEASE_500/final)\nTarget: x86_64-unknown-linux-gnu\nThread model: posix\nInstalledDir: /usr/local/clang-5.0.0/bin\n\u001b[34m\u001b[1mjq version\u001b[0m\njq-1.5\n\u001b[34m\u001b[1mbats version\u001b[0m\nBats 0.4.0\n\u001b[34m\u001b[1mshellcheck version\u001b[0m\n0.4.6\n\u001b[34m\u001b[1mshfmt version\u001b[0m\nv2.0.0\n\u001b[34m\u001b[1mccache version\u001b[0m\nccache version 3.1.9\n\nCopyright (C) 2002-2007 Andrew Tridgell\nCopyright (C) 2009-2011 Joel Rosdahl\n\nThis program is free software; you can redistribute it and/or modify it under\nthe terms of the GNU General Public License as published by the Free Software\nFoundation; either version 3 of the License, or (at your option) any later\nversion.\n\u001b[34m\u001b[1mcmake version\u001b[0m\ncmake version 3.9.2\n\nCMake suite maintained and supported by Kitware (kitware.com/cmake).\n\u001b[34m\u001b[1mheroku version\u001b[0m\nheroku-cli/6.14.39-addc925 (linux-x64) node-v9.2.0\n\u001b[34m\u001b[1mimagemagick version\u001b[0m\nVersion: ImageMagick 6.7.7-10 2017-07-31 Q16 http://www.imagemagick.org\n\u001b[34m\u001b[1mmd5deep version\u001b[0m\n4.2\n\u001b[34m\u001b[1mmercurial version\u001b[0m\nMercurial Distributed SCM (version 4.2.2)\n(see https://mercurial-scm.org for more information)\n\nCopyright (C) 2005-2017 Matt Mackall and others\nThis is free software; see the source for copying conditions. There is NO\nwarranty; not even for MERCHANTABILITY or FITNESS FOR A PARTICULAR PURPOSE.\n\u001b[34m\u001b[1mmysql version\u001b[0m\nmysql  Ver 14.14 Distrib 5.6.33, for debian-linux-gnu (x86_64) using  EditLine wrapper\n\u001b[34m\u001b[1mopenssl version\u001b[0m\nOpenSSL 1.0.1f 6 Jan 2014\n\u001b[34m\u001b[1mpacker version\u001b[0m\nPacker v1.0.2\n\nYour version of Packer is out of date! The latest version\nis 1.1.2. You can update by downloading from www.packer.io\n\u001b[34m\u001b[1mpostgresql client version\u001b[0m\npsql (PostgreSQL) 9.6.6\n\u001b[34m\u001b[1mragel version\u001b[0m\nRagel State Machine Compiler version 6.8 Feb 2013\nCopyright (c) 2001-2009 by Adrian Thurston\n\u001b[34m\u001b[1msubversion version\u001b[0m\nsvn, version 1.8.8 (r1568071)\n   compiled Aug 10 2017, 17:20:39 on x86_64-pc-linux-gnu\n\nCopyright (C) 2013 The Apache Software Foundation.\nThis software consists of contributions made by many people;\nsee the NOTICE file for more information.\nSubversion is open source software, see http://subversion.apache.org/\n\nThe following repository access (RA) modules are available:\n\n* ra_svn : Module for accessing a repository using the svn network protocol.\n  - with Cyrus SASL authentication\n  - handles 'svn' scheme\n* ra_local : Module for accessing a repository on local disk.\n  - handles 'file' scheme\n* ra_serf : Module for accessing a repository via WebDAV protocol using serf.\n  - using serf 1.3.3\n  - handles 'http' scheme\n  - handles 'https' scheme\n\n\u001b[34m\u001b[1msudo version\u001b[0m\nSudo version 1.8.9p5\nConfigure options: --prefix=/usr -v --with-all-insults --with-pam --with-fqdn --with-logging=syslog --with-logfac=authpriv --with-env-editor --with-editor=/usr/bin/editor --with-timeout=15 --with-password-timeout=0 --with-passprompt=[sudo] password for %p:  --without-lecture --with-tty-tickets --disable-root-mailer --enable-admin-flag --with-sendmail=/usr/sbin/sendmail --with-timedir=/var/lib/sudo --mandir=/usr/share/man --libexecdir=/usr/lib/sudo --with-sssd --with-sssd-lib=/usr/lib/x86_64-linux-gnu --with-selinux\nSudoers policy plugin version 1.8.9p5\nSudoers file grammar version 43\n\nSudoers path: /etc/sudoers\nAuthentication methods: 'pam'\nSyslog facility if syslog is being used for logging: authpriv\nSyslog priority to use when user authenticates successfully: notice\nSyslog priority to use when user authenticates unsuccessfully: alert\nSend mail if the user is not in sudoers\nUse a separate timestamp for each user/tty combo\nLecture user the first time they run sudo\nRoot may run sudo\nAllow some information gathering to give useful error messages\nRequire fully-qualified hostnames in the sudoers file\nVisudo will honor the EDITOR environment variable\nSet the LOGNAME and USER environment variables\nLength at which to wrap log file lines (0 for no wrap): 80\nAuthentication timestamp timeout: 15.0 minutes\nPassword prompt timeout: 0.0 minutes\nNumber of tries to enter a password: 3\nUmask to use or 0777 to use user's: 022\nPath to mail program: /usr/sbin/sendmail\nFlags for mail program: -t\nAddress to send mail to: root\nSubject line for mail messages: *** SECURITY information for %h ***\nIncorrect password message: Sorry, try again.\nPath to authentication timestamp dir: /var/lib/sudo\nDefault password prompt: [sudo] password for %p: \nDefault user to run commands as: root\nValue to override user's $PATH with: /usr/local/sbin:/usr/local/bin:/usr/sbin:/usr/bin:/sbin:/bin:/snap/bin\nPath to the editor for use by visudo: /usr/bin/editor\nWhen to require a password for 'list' pseudocommand: any\nWhen to require a password for 'verify' pseudocommand: all\nFile descriptors >= 3 will be closed before executing a command\nEnvironment variables to check for sanity:\n\tTZ\n\tTERM\n\tLINGUAS\n\tLC_*\n\tLANGUAGE\n\tLANG\n\tCOLORTERM\nEnvironment variables to remove:\n\tRUBYOPT\n\tRUBYLIB\n\tPYTHONUSERBASE\n\tPYTHONINSPECT\n\tPYTHONPATH\n\tPYTHONHOME\n\tTMPPREFIX\n\tZDOTDIR\n\tREADNULLCMD\n\tNULLCMD\n\tFPATH\n\tPERL5DB\n\tPERL5OPT\n\tPERL5LIB\n\tPERLLIB\n\tPERLIO_DEBUG \n\tJAVA_TOOL_OPTIONS\n\tSHELLOPTS\n\tGLOBIGNORE\n\tPS4\n\tBASH_ENV\n\tENV\n\tTERMCAP\n\tTERMPATH\n\tTERMINFO_DIRS\n\tTERMINFO\n\t_RLD*\n\tLD_*\n\tPATH_LOCALE\n\tNLSPATH\n\tHOSTALIASES\n\tRES_OPTIONS\n\tLOCALDOMAIN\n\tCDPATH\n\tIFS\nEnvironment variables to preserve:\n\tJAVA_HOME\n\tTRAVIS\n\tCI\n\tDEBIAN_FRONTEND\n\tXAUTHORIZATION\n\tXAUTHORITY\n\tPS2\n\tPS1\n\tPATH\n\tLS_COLORS\n\tKRB5CCNAME\n\tHOSTNAME\n\tHOME\n\tDISPLAY\n\tCOLORS\nLocale to use while parsing sudoers: C\nDirectory in which to store input/output logs: /var/log/sudo-io\nFile in which to store the input/output log: %{seq}\nAdd an entry to the utmp/utmpx file when allocating a pty\nPAM service name to use\nPAM service name to use for login shells\nCreate a new PAM session for the command to run in\nMaximum I/O log sequence number: 0\n\nLocal IP address and netmask pairs:\n\t10.240.0.28/255.255.255.255\n\t172.17.0.1/255.255.0.0\n\nSudoers I/O plugin version 1.8.9p5\n\u001b[34m\u001b[1mgzip version\u001b[0m\ngzip 1.6\nCopyright (C) 2007, 2010, 2011 Free Software Foundation, Inc.\nCopyright (C) 1993 Jean-loup Gailly.\nThis is free software.  You may redistribute copies of it under the terms of\nthe GNU General Public License <http://www.gnu.org/licenses/gpl.html>.\nThere is NO WARRANTY, to the extent permitted by law.\n\nWritten by Jean-loup Gailly.\n\u001b[34m\u001b[1mzip version\u001b[0m\nCopyright (c) 1990-2008 Info-ZIP - Type 'zip \"-L\"' for software license.\nThis is Zip 3.0 (July 5th 2008), by Info-ZIP.\nCurrently maintained by E. Gordon.  Please send bug reports to\nthe authors using the web page at www.info-zip.org; see README for details.\n\nLatest sources and executables are at ftp://ftp.info-zip.org/pub/infozip,\nas of above date; see http://www.info-zip.org/ for other sites.\n\nCompiled with gcc 4.8.2 for Unix (Linux ELF) on Oct 21 2013.\n\nZip special compilation options:\n\tUSE_EF_UT_TIME       (store Universal Time)\n\tBZIP2_SUPPORT        (bzip2 library version 1.0.6, 6-Sept-2010)\n\t    bzip2 code and library copyright (c) Julian R Seward\n\t    (See the bzip2 license for terms of use)\n\tSYMLINK_SUPPORT      (symbolic links supported)\n\tLARGE_FILE_SUPPORT   (can read and write large files on file system)\n\tZIP64_SUPPORT        (use Zip64 to store large files in archives)\n\tUNICODE_SUPPORT      (store and read UTF-8 Unicode paths)\n\tSTORE_UNIX_UIDs_GIDs (store UID/GID sizes/values using new extra field)\n\tUIDGID_NOT_16BIT     (old Unix 16-bit UID/GID extra field not used)\n\t[encryption, version 2.91 of 05 Jan 2007] (modified for Zip 3)\n\nEncryption notice:\n\tThe encryption code of this program is not copyrighted and is\n\tput in the public domain.  It was originally written in Europe\n\tand, to the best of our knowledge, can be freely distributed\n\tin both source and object forms from any country, including\n\tthe USA under License Exception TSU of the U.S. Export\n\tAdministration Regulations (section 740.13(e)) of 6 June 2002.\n\nZip environment options:\n             ZIP:  [none]\n          ZIPOPT:  [none]\n\u001b[34m\u001b[1mvim version\u001b[0m\nVIM - Vi IMproved 7.4 (2013 Aug 10, compiled Nov 24 2016 16:43:18)\nIncluded patches: 1-52\nExtra patches: 8.0.0056\nModified by pkg-vim-maintainers@lists.alioth.debian.org\nCompiled by buildd@\nHuge version without GUI.  Features included (+) or not (-):\n+acl             +farsi           +mouse_netterm   +syntax\n+arabic          +file_in_path    +mouse_sgr       +tag_binary\n+autocmd         +find_in_path    -mouse_sysmouse  +tag_old_static\n-balloon_eval    +float           +mouse_urxvt     -tag_any_white\n-browse          +folding         +mouse_xterm     -tcl\n++builtin_terms  -footer          +multi_byte      +terminfo\n+byte_offset     +fork()          +multi_lang      +termresponse\n+cindent         +gettext         -mzscheme        +textobjects\n-clientserver    -hangul_input    +netbeans_intg   +title\n-clipboard       +iconv           +path_extra      -toolbar\n+cmdline_compl   +insert_expand   -perl            +user_commands\n+cmdline_hist    +jumplist        +persistent_undo +vertsplit\n+cmdline_info    +keymap          +postscript      +virtualedit\n+comments        +langmap         +printer         +visual\n+conceal         +libcall         +profile         +visualextra\n+cryptv          +linebreak       +python          +viminfo\n+cscope          +lispindent      -python3         +vreplace\n+cursorbind      +listcmds        +quickfix        +wildignore\n+cursorshape     +localmap        +reltime         +wildmenu\n+dialog_con      -lua             +rightleft       +windows\n+diff            +menu            -ruby            +writebackup\n+digraphs        +mksession       +scrollbind      -X11\n-dnd             +modify_fname    +signs           -xfontset\n-ebcdic          +mouse           +smartindent     -xim\n+emacs_tags      -mouseshape      -sniff           -xsmp\n+eval            +mouse_dec       +startuptime     -xterm_clipboard\n+ex_extra        +mouse_gpm       +statusline      -xterm_save\n+extra_search    -mouse_jsbterm   -sun_workshop    -xpm\n   system vimrc file: \"$VIM/vimrc\"\n     user vimrc file: \"$HOME/.vimrc\"\n 2nd user vimrc file: \"~/.vim/vimrc\"\n      user exrc file: \"$HOME/.exrc\"\n  fall-back for $VIM: \"/usr/share/vim\"\nCompilation: gcc -c -I. -Iproto -DHAVE_CONFIG_H     -g -O2 -fstack-protector --param=ssp-buffer-size=4 -Wformat -Werror=format-security -U_FORTIFY_SOURCE -D_FORTIFY_SOURCE=1      \nLinking: gcc   -Wl,-Bsymbolic-functions -Wl,-z,relro -Wl,--as-needed -o vim        -lm -ltinfo -lnsl  -lselinux  -lacl -lattr -lgpm -ldl    -L/usr/lib/python2.7/config-x86_64-linux-gnu -lpython2.7 -lpthread -ldl -lutil -lm -Xlinker -export-dynamic -Wl,-O1 -Wl,-Bsymbolic-functions      \n\u001b[34m\u001b[1miptables version\u001b[0m\niptables v1.4.21\n\u001b[34m\u001b[1mcurl version\u001b[0m\ncurl 7.35.0 (x86_64-pc-linux-gnu) libcurl/7.35.0 OpenSSL/1.0.1f zlib/1.2.8 libidn/1.28 librtmp/2.3\n\u001b[34m\u001b[1mwget version\u001b[0m\nGNU Wget 1.15 built on linux-gnu.\n\u001b[34m\u001b[1mrsync version\u001b[0m\nrsync  version 3.1.0  protocol version 31\n\u001b[34m\u001b[1mgimme version\u001b[0m\nv1.2.0\n\u001b[34m\u001b[1mnvm version\u001b[0m\n0.33.6\n\u001b[34m\u001b[1mperlbrew version\u001b[0m\n/home/travis/perl5/perlbrew/bin/perlbrew  - App::perlbrew/0.80\n\u001b[34m\u001b[1mphpenv version\u001b[0m\nrbenv 1.1.1-25-g6aa70b6\n\u001b[34m\u001b[1mrvm version\u001b[0m\nrvm 1.29.3 (latest) by Michal Papis, Piotr Kuczynski, Wayne E. Seguin [https://rvm.io]\n\u001b[34m\u001b[1mdefault ruby version\u001b[0m\nruby 2.4.1p111 (2017-03-22 revision 58053) [x86_64-linux]\n\u001b[34m\u001b[1mCouchDB version\u001b[0m\ncouchdb 1.6.1\n\u001b[34m\u001b[1mElasticSearch version\u001b[0m\n5.5.0\n\u001b[34m\u001b[1mInstalled Firefox version\u001b[0m\nfirefox 56.0.2\n\u001b[34m\u001b[1mMongoDB version\u001b[0m\nMongoDB 3.4.10\n\u001b[34m\u001b[1mPhantomJS version\u001b[0m\n2.1.1\n\u001b[34m\u001b[1mPre-installed PostgreSQL versions\u001b[0m\n9.2.24\n9.3.20\n9.4.15\n9.5.10\n9.6.6\n\u001b[34m\u001b[1mRabbitMQ Version\u001b[0m\n3.6.14\n\u001b[34m\u001b[1mRedis version\u001b[0m\nredis-server 4.0.6\n\u001b[34m\u001b[1mriak version\u001b[0m\n2.2.3\n\u001b[34m\u001b[1mPre-installed Go versions\u001b[0m\n1.7.4\n\u001b[34m\u001b[1mant version\u001b[0m\nApache Ant(TM) version 1.9.3 compiled on April 8 2014\n\u001b[34m\u001b[1mmvn version\u001b[0m\nApache Maven 3.5.2 (138edd61fd100ec658bfa2d307c43b76940a5d7d; 2017-10-18T07:58:13Z)\nMaven home: /usr/local/maven-3.5.2\nJava version: 1.8.0_151, vendor: Oracle Corporation\nJava home: /usr/lib/jvm/java-8-oracle/jre\nDefault locale: en_US, platform encoding: UTF-8\nOS name: \"linux\", version: \"4.4.0-98-generic\", arch: \"amd64\", family: \"unix\"\n\u001b[34m\u001b[1mgradle version\u001b[0m\n\n------------------------------------------------------------\nGradle 4.0.1\n------------------------------------------------------------\n\nBuild time:   2017-07-07 14:02:41 UTC\nRevision:     38e5dc0f772daecca1d2681885d3d85414eb6826\n\nGroovy:       2.4.11\nAnt:          Apache Ant(TM) version 1.9.6 compiled on June 29 2015\nJVM:          1.8.0_151 (Oracle Corporation 25.151-b12)\nOS:           Linux 4.4.0-98-generic amd64\n\n\u001b[34m\u001b[1mlein version\u001b[0m\nLeiningen 2.8.1 on Java 1.8.0_151 Java HotSpot(TM) 64-Bit Server VM\n\u001b[34m\u001b[1mPre-installed Node.js versions\u001b[0m\nv4.8.6\nv6.12.0\nv6.12.1\nv8.9\nv8.9.1\n\u001b[34m\u001b[1mphpenv versions\u001b[0m\n  system\n  5.6\n* 5.6.32 (set by /home/travis/.phpenv/version)\n  7.0\n  7.0.25\n  7.1\n  7.1.11\n  hhvm\n  hhvm-stable\n\u001b[34m\u001b[1mcomposer --version\u001b[0m\nComposer version 1.5.2 2017-09-11 16:59:25\n\u001b[34m\u001b[1mPre-installed Ruby versions\u001b[0m\nruby-2.2.7\nruby-2.3.4\nruby-2.4.1\ntravis_fold:end:system_info\n\u001b[0K\ntravis_fold:start:docker_mtu\n\u001b[0Kdocker stop/waiting\ndocker start/running, process 3620\ntravis_fold:end:docker_mtu\n\u001b[0Ktravis_fold:start:resolvconf\n\u001b[0Kresolvconf stop/waiting\nresolvconf start/running\ntravis_fold:end:resolvconf\n\u001b[0K\ntravis_fold:start:git.checkout\n\u001b[0Ktravis_time:start:11f5acc9\n\u001b[0K$ git clone --depth=50 https://github.com/scikit-learn/scikit-learn.git scikit-learn/scikit-learn\nCloning into 'scikit-learn/scikit-learn'...\nremote: Enumerating objects: 1762, done.\u001b[K\nremote: Counting objects:   0% (1/1762)   \u001b[K\nremote: Counting objects:   1% (18/1762)   \u001b[K\nremote: Counting objects:   2% (36/1762)   \u001b[K\nremote: Counting objects:   3% (53/1762)   \u001b[K\nremote: Counting objects:   4% (71/1762)   \u001b[K\nremote: Counting objects:   5% (89/1762)   \u001b[K\nremote: Counting objects:   6% (106/1762)   \u001b[K\nremote: Counting objects:   7% (124/1762)   \u001b[K\nremote: Counting objects:   8% (141/1762)   \u001b[K\nremote: Counting objects:   9% (159/1762)   \u001b[K\nremote: Counting objects:  10% (177/1762)   \u001b[K\nremote: Counting objects:  11% (194/1762)   \u001b[K\nremote: Counting objects:  12% (212/1762)   \u001b[K\nremote: Counting objects:  13% (230/1762)   \u001b[K\nremote: Counting objects:  14% (247/1762)   \u001b[K\nremote: Counting objects:  15% (265/1762)   \u001b[K\nremote: Counting objects:  16% (282/1762)   \u001b[K\nremote: Counting objects:  17% (300/1762)   \u001b[K\nremote: Counting objects:  18% (318/1762)   \u001b[K\nremote: Counting objects:  19% (335/1762)   \u001b[K\nremote: Counting objects:  20% (353/1762)   \u001b[K\nremote: Counting objects:  21% (371/1762)   \u001b[K\nremote: Counting objects:  22% (388/1762)   \u001b[K\nremote: Counting objects:  23% (406/1762)   \u001b[K\nremote: Counting objects:  24% (423/1762)   \u001b[K\nremote: Counting objects:  25% (441/1762)   \u001b[K\nremote: Counting objects:  26% (459/1762)   \u001b[K\nremote: Counting objects:  27% (476/1762)   \u001b[K\nremote: Counting objects:  28% (494/1762)   \u001b[K\nremote: Counting objects:  29% (511/1762)   \u001b[K\nremote: Counting objects:  30% (529/1762)   \u001b[K\nremote: Counting objects:  31% (547/1762)   \u001b[K\nremote: Counting objects:  32% (564/1762)   \u001b[K\nremote: Counting objects:  33% (582/1762)   \u001b[K\nremote: Counting objects:  34% (600/1762)   \u001b[K\nremote: Counting objects:  35% (617/1762)   \u001b[K\nremote: Counting objects:  36% (635/1762)   \u001b[K\nremote: Counting objects:  37% (652/1762)   \u001b[K\nremote: Counting objects:  38% (670/1762)   \u001b[K\nremote: Counting objects:  39% (688/1762)   \u001b[K\nremote: Counting objects:  40% (705/1762)   \u001b[K\nremote: Counting objects:  41% (723/1762)   \u001b[K\nremote: Counting objects:  42% (741/1762)   \u001b[K\nremote: Counting objects:  43% (758/1762)   \u001b[K\nremote: Counting objects:  44% (776/1762)   \u001b[K\nremote: Counting objects:  45% (793/1762)   \u001b[K\nremote: Counting objects:  46% (811/1762)   \u001b[K\nremote: Counting objects:  47% (829/1762)   \u001b[K\nremote: Counting objects:  48% (846/1762)   \u001b[K\nremote: Counting objects:  49% (864/1762)   \u001b[K\nremote: Counting objects:  50% (881/1762)   \u001b[K\nremote: Counting objects:  51% (899/1762)   \u001b[K\nremote: Counting objects:  52% (917/1762)   \u001b[K\nremote: Counting objects:  53% (934/1762)   \u001b[K\nremote: Counting objects:  54% (952/1762)   \u001b[K\nremote: Counting objects:  55% (970/1762)   \u001b[K\nremote: Counting objects:  56% (987/1762)   \u001b[K\nremote: Counting objects:  57% (1005/1762)   \u001b[K\nremote: Counting objects:  58% (1022/1762)   \u001b[K\nremote: Counting objects:  59% (1040/1762)   \u001b[K\nremote: Counting objects:  60% (1058/1762)   \u001b[K\nremote: Counting objects:  61% (1075/1762)   \u001b[K\nremote: Counting objects:  62% (1093/1762)   \u001b[K\nremote: Counting objects:  63% (1111/1762)   \u001b[K\nremote: Counting objects:  64% (1128/1762)   \u001b[K\nremote: Counting objects:  65% (1146/1762)   \u001b[K\nremote: Counting objects:  66% (1163/1762)   \u001b[K\nremote: Counting objects:  67% (1181/1762)   \u001b[K\nremote: Counting objects:  68% (1199/1762)   \u001b[K\nremote: Counting objects:  69% (1216/1762)   \u001b[K\nremote: Counting objects:  70% (1234/1762)   \u001b[K\nremote: Counting objects:  71% (1252/1762)   \u001b[K\nremote: Counting objects:  72% (1269/1762)   \u001b[K\nremote: Counting objects:  73% (1287/1762)   \u001b[K\nremote: Counting objects:  74% (1304/1762)   \u001b[K\nremote: Counting objects:  75% (1322/1762)   \u001b[K\nremote: Counting objects:  76% (1340/1762)   \u001b[K\nremote: Counting objects:  77% (1357/1762)   \u001b[K\nremote: Counting objects:  78% (1375/1762)   \u001b[K\nremote: Counting objects:  79% (1392/1762)   \u001b[K\nremote: Counting objects:  80% (1410/1762)   \u001b[K\nremote: Counting objects:  81% (1428/1762)   \u001b[K\nremote: Counting objects:  82% (1445/1762)   \u001b[K\nremote: Counting objects:  83% (1463/1762)   \u001b[K\nremote: Counting objects:  84% (1481/1762)   \u001b[K\nremote: Counting objects:  85% (1498/1762)   \u001b[K\nremote: Counting objects:  86% (1516/1762)   \u001b[K\nremote: Counting objects:  87% (1533/1762)   \u001b[K\nremote: Counting objects:  88% (1551/1762)   \u001b[K\nremote: Counting objects:  89% (1569/1762)   \u001b[K\nremote: Counting objects:  90% (1586/1762)   \u001b[K\nremote: Counting objects:  91% (1604/1762)   \u001b[K\nremote: Counting objects:  92% (1622/1762)   \u001b[K\nremote: Counting objects:  93% (1639/1762)   \u001b[K\nremote: Counting objects:  94% (1657/1762)   \u001b[K\nremote: Counting objects:  95% (1674/1762)   \u001b[K\nremote: Counting objects:  96% (1692/1762)   \u001b[K\nremote: Counting objects:  97% (1710/1762)   \u001b[K\nremote: Counting objects:  98% (1727/1762)   \u001b[K\nremote: Counting objects:  99% (1745/1762)   \u001b[K\nremote: Counting objects: 100% (1762/1762)   \u001b[K\nremote: Counting objects: 100% (1762/1762), done.\u001b[K\nremote: Compressing objects:   0% (1/1468)   \u001b[K\nremote: Compressing objects:   1% (15/1468)   \u001b[K\nremote: Compressing objects:   2% (30/1468)   \u001b[K\nremote: Compressing objects:   3% (45/1468)   \u001b[K\nremote: Compressing objects:   4% (59/1468)   \u001b[K\nremote: Compressing objects:   5% (74/1468)   \u001b[K\nremote: Compressing objects:   6% (89/1468)   \u001b[K\nremote: Compressing objects:   7% (103/1468)   \u001b[K\nremote: Compressing objects:   8% (118/1468)   \u001b[K\nremote: Compressing objects:   9% (133/1468)   \u001b[K\nremote: Compressing objects:  10% (147/1468)   \u001b[K\nremote: Compressing objects:  11% (162/1468)   \u001b[K\nremote: Compressing objects:  12% (177/1468)   \u001b[K\nremote: Compressing objects:  13% (191/1468)   \u001b[K\nremote: Compressing objects:  14% (206/1468)   \u001b[K\nremote: Compressing objects:  15% (221/1468)   \u001b[K\nremote: Compressing objects:  16% (235/1468)   \u001b[K\nremote: Compressing objects:  17% (250/1468)   \u001b[K\nremote: Compressing objects:  18% (265/1468)   \u001b[K\nremote: Compressing objects:  19% (279/1468)   \u001b[K\nremote: Compressing objects:  20% (294/1468)   \u001b[K\nremote: Compressing objects:  21% (309/1468)   \u001b[K\nremote: Compressing objects:  22% (323/1468)   \u001b[K\nremote: Compressing objects:  23% (338/1468)   \u001b[K\nremote: Compressing objects:  24% (353/1468)   \u001b[K\nremote: Compressing objects:  25% (367/1468)   \u001b[K\nremote: Compressing objects:  26% (382/1468)   \u001b[K\nremote: Compressing objects:  27% (397/1468)   \u001b[K\nremote: Compressing objects:  28% (412/1468)   \u001b[K\nremote: Compressing objects:  29% (426/1468)   \u001b[K\nremote: Compressing objects:  30% (441/1468)   \u001b[K\nremote: Compressing objects:  31% (456/1468)   \u001b[K\nremote: Compressing objects:  32% (470/1468)   \u001b[K\nremote: Compressing objects:  33% (485/1468)   \u001b[K\nremote: Compressing objects:  34% (500/1468)   \u001b[K\nremote: Compressing objects:  35% (514/1468)   \u001b[K\nremote: Compressing objects:  36% (529/1468)   \u001b[K\nremote: Compressing objects:  37% (544/1468)   \u001b[K\nremote: Compressing objects:  38% (558/1468)   \u001b[K\nremote: Compressing objects:  39% (573/1468)   \u001b[K\nremote: Compressing objects:  40% (588/1468)   \u001b[K\nremote: Compressing objects:  41% (602/1468)   \u001b[K\nremote: Compressing objects:  42% (617/1468)   \u001b[K\nremote: Compressing objects:  43% (632/1468)   \u001b[K\nremote: Compressing objects:  44% (646/1468)   \u001b[K\nremote: Compressing objects:  45% (661/1468)   \u001b[K\nremote: Compressing objects:  46% (676/1468)   \u001b[K\nremote: Compressing objects:  47% (690/1468)   \u001b[K\nremote: Compressing objects:  48% (705/1468)   \u001b[K\nremote: Compressing objects:  49% (720/1468)   \u001b[K\nremote: Compressing objects:  50% (734/1468)   \u001b[K\nremote: Compressing objects:  51% (749/1468)   \u001b[K\nremote: Compressing objects:  52% (764/1468)   \u001b[K\nremote: Compressing objects:  53% (779/1468)   \u001b[K\nremote: Compressing objects:  54% (793/1468)   \u001b[K\nremote: Compressing objects:  55% (808/1468)   \u001b[K\nremote: Compressing objects:  56% (823/1468)   \u001b[K\nremote: Compressing objects:  57% (837/1468)   \u001b[K\nremote: Compressing objects:  58% (852/1468)   \u001b[K\nremote: Compressing objects:  59% (867/1468)   \u001b[K\nremote: Compressing objects:  60% (881/1468)   \u001b[K\nremote: Compressing objects:  61% (896/1468)   \u001b[K\nremote: Compressing objects:  62% (911/1468)   \u001b[K\nremote: Compressing objects:  63% (925/1468)   \u001b[K\nremote: Compressing objects:  64% (940/1468)   \u001b[K\nremote: Compressing objects:  65% (955/1468)   \u001b[K\nremote: Compressing objects:  66% (969/1468)   \u001b[K\nremote: Compressing objects:  67% (984/1468)   \u001b[K\nremote: Compressing objects:  68% (999/1468)   \u001b[K\nremote: Compressing objects:  69% (1013/1468)   \u001b[K\nremote: Compressing objects:  70% (1028/1468)   \u001b[K\nremote: Compressing objects:  71% (1043/1468)   \u001b[K\nremote: Compressing objects:  72% (1057/1468)   \u001b[K\nremote: Compressing objects:  73% (1072/1468)   \u001b[K\nremote: Compressing objects:  74% (1087/1468)   \u001b[K\nremote: Compressing objects:  75% (1101/1468)   \u001b[K\nremote: Compressing objects:  76% (1116/1468)   \u001b[K\nremote: Compressing objects:  77% (1131/1468)   \u001b[K\nremote: Compressing objects:  78% (1146/1468)   \u001b[K\nremote: Compressing objects:  79% (1160/1468)   \u001b[K\nremote: Compressing objects:  80% (1175/1468)   \u001b[K\nremote: Compressing objects:  81% (1190/1468)   \u001b[K\nremote: Compressing objects:  82% (1204/1468)   \u001b[K\nremote: Compressing objects:  83% (1219/1468)   \u001b[K\nremote: Compressing objects:  84% (1234/1468)   \u001b[K\nremote: Compressing objects:  85% (1248/1468)   \u001b[K\nremote: Compressing objects:  86% (1263/1468)   \u001b[K\nremote: Compressing objects:  87% (1278/1468)   \u001b[K\nremote: Compressing objects:  88% (1292/1468)   \u001b[K\nremote: Compressing objects:  89% (1307/1468)   \u001b[K\nremote: Compressing objects:  90% (1322/1468)   \u001b[K\nremote: Compressing objects:  91% (1336/1468)   \u001b[K\nremote: Compressing objects:  92% (1351/1468)   \u001b[K\nremote: Compressing objects:  93% (1366/1468)   \u001b[K\nremote: Compressing objects:  94% (1380/1468)   \u001b[K\nremote: Compressing objects:  95% (1395/1468)   \u001b[K\nremote: Compressing objects:  96% (1410/1468)   \u001b[K\nremote: Compressing objects:  97% (1424/1468)   \u001b[K\nremote: Compressing objects:  98% (1439/1468)   \u001b[K\nremote: Compressing objects:  99% (1454/1468)   \u001b[K\nremote: Compressing objects: 100% (1468/1468)   \u001b[K\nremote: Compressing objects: 100% (1468/1468), done.\u001b[K\nReceiving objects:   0% (1/1762)   \nReceiving objects:   1% (18/1762)   \nReceiving objects:   2% (36/1762)   \nReceiving objects:   3% (53/1762)   \nReceiving objects:   4% (71/1762)   \nReceiving objects:   5% (89/1762)   \nReceiving objects:   6% (106/1762)   \nReceiving objects:   7% (124/1762)   \nReceiving objects:   8% (141/1762)   \nReceiving objects:   9% (159/1762)   \nReceiving objects:  10% (177/1762)   \nReceiving objects:  11% (194/1762)   \nReceiving objects:  12% (212/1762)   \nReceiving objects:  13% (230/1762)   \nReceiving objects:  14% (247/1762)   \nReceiving objects:  15% (265/1762)   \nReceiving objects:  16% (282/1762)   \nReceiving objects:  17% (300/1762)   \nReceiving objects:  18% (318/1762)   \nReceiving objects:  19% (335/1762)   \nReceiving objects:  20% (353/1762)   \nReceiving objects:  21% (371/1762)   \nReceiving objects:  22% (388/1762)   \nReceiving objects:  23% (406/1762)   \nReceiving objects:  24% (423/1762)   \nReceiving objects:  25% (441/1762)   \nReceiving objects:  26% (459/1762)   \nReceiving objects:  27% (476/1762)   \nReceiving objects:  28% (494/1762)   \nReceiving objects:  29% (511/1762)   \nReceiving objects:  30% (529/1762)   \nReceiving objects:  31% (547/1762)   \nReceiving objects:  32% (564/1762)   \nReceiving objects:  33% (582/1762)   \nReceiving objects:  34% (600/1762)   \nReceiving objects:  35% (617/1762)   \nReceiving objects:  36% (635/1762)   \nReceiving objects:  37% (652/1762)   \nReceiving objects:  38% (670/1762)   \nReceiving objects:  39% (688/1762)   \nReceiving objects:  40% (705/1762)   \nReceiving objects:  41% (723/1762)   \nReceiving objects:  42% (741/1762)   \nReceiving objects:  43% (758/1762)   \nReceiving objects:  44% (776/1762)   \nReceiving objects:  45% (793/1762)   \nReceiving objects:  46% (811/1762)   \nReceiving objects:  47% (829/1762)   \nReceiving objects:  48% (846/1762)   \nReceiving objects:  49% (864/1762)   \nReceiving objects:  50% (881/1762)   \nReceiving objects:  51% (899/1762)   \nReceiving objects:  52% (917/1762)   \nReceiving objects:  53% (934/1762)   \nReceiving objects:  54% (952/1762)   \nReceiving objects:  55% (970/1762)   \nReceiving objects:  56% (987/1762)   \nReceiving objects:  57% (1005/1762)   \nReceiving objects:  58% (1022/1762)   \nReceiving objects:  59% (1040/1762)   \nReceiving objects:  60% (1058/1762)   \nReceiving objects:  61% (1075/1762)   \nReceiving objects:  62% (1093/1762)   \nReceiving objects:  63% (1111/1762)   \nReceiving objects:  64% (1128/1762)   \nReceiving objects:  65% (1146/1762)   \nReceiving objects:  66% (1163/1762)   \nReceiving objects:  67% (1181/1762)   \nReceiving objects:  68% (1199/1762)   \nReceiving objects:  69% (1216/1762)   \nReceiving objects:  70% (1234/1762)   \nReceiving objects:  71% (1252/1762)   \nReceiving objects:  72% (1269/1762)   \nReceiving objects:  73% (1287/1762)   \nReceiving objects:  74% (1304/1762)   \nReceiving objects:  75% (1322/1762)   \nReceiving objects:  76% (1340/1762)   \nReceiving objects:  77% (1357/1762)   \nReceiving objects:  78% (1375/1762)   \nReceiving objects:  79% (1392/1762)   \nReceiving objects:  80% (1410/1762)   \nReceiving objects:  81% (1428/1762)   \nReceiving objects:  82% (1445/1762)   \nReceiving objects:  83% (1463/1762)   \nReceiving objects:  84% (1481/1762)   \nReceiving objects:  85% (1498/1762)   \nReceiving objects:  86% (1516/1762)   \nReceiving objects:  87% (1533/1762)   \nReceiving objects:  88% (1551/1762)   \nReceiving objects:  89% (1569/1762)   \nReceiving objects:  90% (1586/1762)   \nReceiving objects:  91% (1604/1762)   \nReceiving objects:  92% (1622/1762)   \nReceiving objects:  93% (1639/1762)   \nReceiving objects:  94% (1657/1762)   \nReceiving objects:  95% (1674/1762)   \nremote: Total 1762 (delta 420), reused 734 (delta 277), pack-reused 0\u001b[K\nReceiving objects:  96% (1692/1762)   \nReceiving objects:  97% (1710/1762)   \nReceiving objects:  98% (1727/1762)   \nReceiving objects:  99% (1745/1762)   \nReceiving objects: 100% (1762/1762)   \nReceiving objects: 100% (1762/1762), 6.56 MiB | 18.55 MiB/s, done.\nResolving deltas:   0% (0/420)   \nResolving deltas:   1% (5/420)   \nResolving deltas:   2% (9/420)   \nResolving deltas:   3% (13/420)   \nResolving deltas:   4% (19/420)   \nResolving deltas:   5% (23/420)   \nResolving deltas:   7% (31/420)   \nResolving deltas:   8% (34/420)   \nResolving deltas:   9% (39/420)   \nResolving deltas:  10% (43/420)   \nResolving deltas:  11% (49/420)   \nResolving deltas:  12% (52/420)   \nResolving deltas:  13% (55/420)   \nResolving deltas:  16% (69/420)   \nResolving deltas:  17% (74/420)   \nResolving deltas:  19% (82/420)   \nResolving deltas:  20% (84/420)   \nResolving deltas:  21% (89/420)   \nResolving deltas:  22% (93/420)   \nResolving deltas:  23% (99/420)   \nResolving deltas:  24% (103/420)   \nResolving deltas:  25% (106/420)   \nResolving deltas:  26% (111/420)   \nResolving deltas:  27% (114/420)   \nResolving deltas:  28% (119/420)   \nResolving deltas:  29% (122/420)   \nResolving deltas:  30% (126/420)   \nResolving deltas:  31% (131/420)   \nResolving deltas:  32% (137/420)   \nResolving deltas:  33% (139/420)   \nResolving deltas:  34% (143/420)   \nResolving deltas:  35% (148/420)   \nResolving deltas:  36% (152/420)   \nResolving deltas:  37% (156/420)   \nResolving deltas:  38% (160/420)   \nResolving deltas:  39% (164/420)   \nResolving deltas:  45% (191/420)   \nResolving deltas:  47% (198/420)   \nResolving deltas:  49% (206/420)   \nResolving deltas:  51% (215/420)   \nResolving deltas:  52% (222/420)   \nResolving deltas:  53% (224/420)   \nResolving deltas:  54% (227/420)   \nResolving deltas:  55% (231/420)   \nResolving deltas:  56% (236/420)   \nResolving deltas:  57% (240/420)   \nResolving deltas:  59% (248/420)   \nResolving deltas:  60% (252/420)   \nResolving deltas:  61% (257/420)   \nResolving deltas:  62% (261/420)   \nResolving deltas:  63% (266/420)   \nResolving deltas:  64% (271/420)   \nResolving deltas:  65% (274/420)   \nResolving deltas:  66% (278/420)   \nResolving deltas:  67% (282/420)   \nResolving deltas:  68% (289/420)   \nResolving deltas:  69% (290/420)   \nResolving deltas:  70% (295/420)   \nResolving deltas:  71% (299/420)   \nResolving deltas:  73% (308/420)   \nResolving deltas:  74% (311/420)   \nResolving deltas:  75% (315/420)   \nResolving deltas:  76% (320/420)   \nResolving deltas:  77% (324/420)   \nResolving deltas:  78% (328/420)   \nResolving deltas:  79% (332/420)   \nResolving deltas:  80% (336/420)   \nResolving deltas:  81% (341/420)   \nResolving deltas:  82% (345/420)   \nResolving deltas:  83% (349/420)   \nResolving deltas:  84% (353/420)   \nResolving deltas:  85% (358/420)   \nResolving deltas:  86% (362/420)   \nResolving deltas:  87% (366/420)   \nResolving deltas:  88% (370/420)   \nResolving deltas:  89% (374/420)   \nResolving deltas:  90% (379/420)   \nResolving deltas:  96% (404/420)   \nResolving deltas:  97% (408/420)   \nResolving deltas:  98% (415/420)   \nResolving deltas:  99% (416/420)   \nResolving deltas: 100% (420/420)   \nResolving deltas: 100% (420/420), done.\ntravis_time:end:11f5acc9:start=1563868010500544654,finish=1563868013332241005,duration=2831696351\n\u001b[0K$ cd scikit-learn/scikit-learn\ntravis_time:start:0306b9b8\n\u001b[0K$ git fetch origin +refs/pull/14443/merge:\nremote: Enumerating objects: 142783   \u001b[K\nremote: Enumerating objects: 155513, done.\u001b[K\nremote: Counting objects:   0% (1/155512)   \u001b[K\nremote: Counting objects:   1% (1556/155512)   \u001b[K\nremote: Counting objects:   2% (3111/155512)   \u001b[K\nremote: Counting objects:   3% (4666/155512)   \u001b[K\nremote: Counting objects:   4% (6221/155512)   \u001b[K\nremote: Counting objects:   5% (7776/155512)   \u001b[K\nremote: Counting objects:   6% (9331/155512)   \u001b[K\nremote: Counting objects:   7% (10886/155512)   \u001b[K\nremote: Counting objects:   8% (12441/155512)   \u001b[K\nremote: Counting objects:   9% (13997/155512)   \u001b[K\nremote: Counting objects:  10% (15552/155512)   \u001b[K\nremote: Counting objects:  11% (17107/155512)   \u001b[K\nremote: Counting objects:  12% (18662/155512)   \u001b[K\nremote: Counting objects:  13% (20217/155512)   \u001b[K\nremote: Counting objects:  14% (21772/155512)   \u001b[K\nremote: Counting objects:  15% (23327/155512)   \u001b[K\nremote: Counting objects:  16% (24882/155512)   \u001b[K\nremote: Counting objects:  17% (26438/155512)   \u001b[K\nremote: Counting objects:  18% (27993/155512)   \u001b[K\nremote: Counting objects:  19% (29548/155512)   \u001b[K\nremote: Counting objects:  20% (31103/155512)   \u001b[K\nremote: Counting objects:  21% (32658/155512)   \u001b[K\nremote: Counting objects:  22% (34213/155512)   \u001b[K\nremote: Counting objects:  23% (35768/155512)   \u001b[K\nremote: Counting objects:  24% (37323/155512)   \u001b[K\nremote: Counting objects:  25% (38878/155512)   \u001b[K\nremote: Counting objects:  26% (40434/155512)   \u001b[K\nremote: Counting objects:  27% (41989/155512)   \u001b[K\nremote: Counting objects:  28% (43544/155512)   \u001b[K\nremote: Counting objects:  29% (45099/155512)   \u001b[K\nremote: Counting objects:  30% (46654/155512)   \u001b[K\nremote: Counting objects:  31% (48209/155512)   \u001b[K\nremote: Counting objects:  32% (49764/155512)   \u001b[K\nremote: Counting objects:  33% (51319/155512)   \u001b[K\nremote: Counting objects:  34% (52875/155512)   \u001b[K\nremote: Counting objects:  35% (54430/155512)   \u001b[K\nremote: Counting objects:  36% (55985/155512)   \u001b[K\nremote: Counting objects:  37% (57540/155512)   \u001b[K\nremote: Counting objects:  38% (59095/155512)   \u001b[K\nremote: Counting objects:  39% (60650/155512)   \u001b[K\nremote: Counting objects:  40% (62205/155512)   \u001b[K\nremote: Counting objects:  41% (63760/155512)   \u001b[K\nremote: Counting objects:  42% (65316/155512)   \u001b[K\nremote: Counting objects:  43% (66871/155512)   \u001b[K\nremote: Counting objects:  44% (68426/155512)   \u001b[K\nremote: Counting objects:  45% (69981/155512)   \u001b[K\nremote: Counting objects:  46% (71536/155512)   \u001b[K\nremote: Counting objects:  47% (73091/155512)   \u001b[K\nremote: Counting objects:  48% (74646/155512)   \u001b[K\nremote: Counting objects:  49% (76201/155512)   \u001b[K\nremote: Counting objects:  50% (77756/155512)   \u001b[K\nremote: Counting objects:  51% (79312/155512)   \u001b[K\nremote: Counting objects:  52% (80867/155512)   \u001b[K\nremote: Counting objects:  53% (82422/155512)   \u001b[K\nremote: Counting objects:  54% (83977/155512)   \u001b[K\nremote: Counting objects:  55% (85532/155512)   \u001b[K\nremote: Counting objects:  56% (87087/155512)   \u001b[K\nremote: Counting objects:  57% (88642/155512)   \u001b[K\nremote: Counting objects:  58% (90197/155512)   \u001b[K\nremote: Counting objects:  59% (91753/155512)   \u001b[K\nremote: Counting objects:  60% (93308/155512)   \u001b[K\nremote: Counting objects:  61% (94863/155512)   \u001b[K\nremote: Counting objects:  62% (96418/155512)   \u001b[K\nremote: Counting objects:  63% (97973/155512)   \u001b[K\nremote: Counting objects:  64% (99528/155512)   \u001b[K\nremote: Counting objects:  65% (101083/155512)   \u001b[K\nremote: Counting objects:  66% (102638/155512)   \u001b[K\nremote: Counting objects:  67% (104194/155512)   \u001b[K\nremote: Counting objects:  68% (105749/155512)   \u001b[K\nremote: Counting objects:  69% (107304/155512)   \u001b[K\nremote: Counting objects:  70% (108859/155512)   \u001b[K\nremote: Counting objects:  71% (110414/155512)   \u001b[K\nremote: Counting objects:  72% (111969/155512)   \u001b[K\nremote: Counting objects:  73% (113524/155512)   \u001b[K\nremote: Counting objects:  74% (115079/155512)   \u001b[K\nremote: Counting objects:  75% (116634/155512)   \u001b[K\nremote: Counting objects:  76% (118190/155512)   \u001b[K\nremote: Counting objects:  77% (119745/155512)   \u001b[K\nremote: Counting objects:  78% (121300/155512)   \u001b[K\nremote: Counting objects:  79% (122855/155512)   \u001b[K\nremote: Counting objects:  80% (124410/155512)   \u001b[K\nremote: Counting objects:  81% (125965/155512)   \u001b[K\nremote: Counting objects:  82% (127520/155512)   \u001b[K\nremote: Counting objects:  83% (129075/155512)   \u001b[K\nremote: Counting objects:  84% (130631/155512)   \u001b[K\nremote: Counting objects:  85% (132186/155512)   \u001b[K\nremote: Counting objects:  86% (133741/155512)   \u001b[K\nremote: Counting objects:  87% (135296/155512)   \u001b[K\nremote: Counting objects:  88% (136851/155512)   \u001b[K\nremote: Counting objects:  89% (138406/155512)   \u001b[K\nremote: Counting objects:  90% (139961/155512)   \u001b[K\nremote: Counting objects:  91% (141516/155512)   \u001b[K\nremote: Counting objects:  92% (143072/155512)   \u001b[K\nremote: Counting objects:  93% (144627/155512)   \u001b[K\nremote: Counting objects:  94% (146182/155512)   \u001b[K\nremote: Counting objects:  95% (147737/155512)   \u001b[K\nremote: Counting objects:  96% (149292/155512)   \u001b[K\nremote: Counting objects:  97% (150847/155512)   \u001b[K\nremote: Counting objects:  98% (152402/155512)   \u001b[K\nremote: Counting objects:  99% (153957/155512)   \u001b[K\nremote: Counting objects: 100% (155512/155512)   \u001b[K\nremote: Counting objects: 100% (155512/155512), done.\u001b[K\nremote: Compressing objects:   0% (1/37826)   \u001b[K\nremote: Compressing objects:   1% (379/37826)   \u001b[K\nremote: Compressing objects:   2% (757/37826)   \u001b[K\nremote: Compressing objects:   3% (1135/37826)   \u001b[K\nremote: Compressing objects:   4% (1514/37826)   \u001b[K\nremote: Compressing objects:   5% (1892/37826)   \u001b[K\nremote: Compressing objects:   6% (2270/37826)   \u001b[K\nremote: Compressing objects:   7% (2648/37826)   \u001b[K\nremote: Compressing objects:   8% (3027/37826)   \u001b[K\nremote: Compressing objects:   9% (3405/37826)   \u001b[K\nremote: Compressing objects:  10% (3783/37826)   \u001b[K\nremote: Compressing objects:  11% (4161/37826)   \u001b[K\nremote: Compressing objects:  12% (4540/37826)   \u001b[K\nremote: Compressing objects:  13% (4918/37826)   \u001b[K\nremote: Compressing objects:  14% (5296/37826)   \u001b[K\nremote: Compressing objects:  15% (5674/37826)   \u001b[K\nremote: Compressing objects:  16% (6053/37826)   \u001b[K\nremote: Compressing objects:  17% (6431/37826)   \u001b[K\nremote: Compressing objects:  18% (6809/37826)   \u001b[K\nremote: Compressing objects:  19% (7187/37826)   \u001b[K\nremote: Compressing objects:  20% (7566/37826)   \u001b[K\nremote: Compressing objects:  21% (7944/37826)   \u001b[K\nremote: Compressing objects:  22% (8322/37826)   \u001b[K\nremote: Compressing objects:  23% (8700/37826)   \u001b[K\nremote: Compressing objects:  24% (9079/37826)   \u001b[K\nremote: Compressing objects:  25% (9457/37826)   \u001b[K\nremote: Compressing objects:  26% (9835/37826)   \u001b[K\nremote: Compressing objects:  27% (10214/37826)   \u001b[K\nremote: Compressing objects:  28% (10592/37826)   \u001b[K\nremote: Compressing objects:  29% (10970/37826)   \u001b[K\nremote: Compressing objects:  30% (11348/37826)   \u001b[K\nremote: Compressing objects:  31% (11727/37826)   \u001b[K\nremote: Compressing objects:  32% (12105/37826)   \u001b[K\nremote: Compressing objects:  33% (12483/37826)   \u001b[K\nremote: Compressing objects:  34% (12861/37826)   \u001b[K\nremote: Compressing objects:  35% (13240/37826)   \u001b[K\nremote: Compressing objects:  36% (13618/37826)   \u001b[K\nremote: Compressing objects:  37% (13996/37826)   \u001b[K\nremote: Compressing objects:  38% (14374/37826)   \u001b[K\nremote: Compressing objects:  39% (14753/37826)   \u001b[K\nremote: Compressing objects:  40% (15131/37826)   \u001b[K\nremote: Compressing objects:  41% (15509/37826)   \u001b[K\nremote: Compressing objects:  42% (15887/37826)   \u001b[K\nremote: Compressing objects:  43% (16266/37826)   \u001b[K\nremote: Compressing objects:  44% (16644/37826)   \u001b[K\nremote: Compressing objects:  45% (17022/37826)   \u001b[K\nremote: Compressing objects:  46% (17400/37826)   \u001b[K\nremote: Compressing objects:  47% (17779/37826)   \u001b[K\nremote: Compressing objects:  48% (18157/37826)   \u001b[K\nremote: Compressing objects:  49% (18535/37826)   \u001b[K\nremote: Compressing objects:  50% (18913/37826)   \u001b[K\nremote: Compressing objects:  51% (19292/37826)   \u001b[K\nremote: Compressing objects:  52% (19670/37826)   \u001b[K\nremote: Compressing objects:  53% (20048/37826)   \u001b[K\nremote: Compressing objects:  54% (20427/37826)   \u001b[K\nremote: Compressing objects:  55% (20805/37826)   \u001b[K\nremote: Compressing objects:  56% (21183/37826)   \u001b[K\nremote: Compressing objects:  57% (21561/37826)   \u001b[K\nremote: Compressing objects:  58% (21940/37826)   \u001b[K\nremote: Compressing objects:  59% (22318/37826)   \u001b[K\nremote: Compressing objects:  60% (22696/37826)   \u001b[K\nremote: Compressing objects:  61% (23074/37826)   \u001b[K\nremote: Compressing objects:  62% (23453/37826)   \u001b[K\nremote: Compressing objects:  63% (23831/37826)   \u001b[K\nremote: Compressing objects:  64% (24209/37826)   \u001b[K\nremote: Compressing objects:  65% (24587/37826)   \u001b[K\nremote: Compressing objects:  66% (24966/37826)   \u001b[K\nremote: Compressing objects:  67% (25344/37826)   \u001b[K\nremote: Compressing objects:  68% (25722/37826)   \u001b[K\nremote: Compressing objects:  69% (26100/37826)   \u001b[K\nremote: Compressing objects:  70% (26479/37826)   \u001b[K\nremote: Compressing objects:  71% (26857/37826)   \u001b[K\nremote: Compressing objects:  72% (27235/37826)   \u001b[K\nremote: Compressing objects:  73% (27613/37826)   \u001b[K\nremote: Compressing objects:  74% (27992/37826)   \u001b[K\nremote: Compressing objects:  75% (28370/37826)   \u001b[K\nremote: Compressing objects:  76% (28748/37826)   \u001b[K\nremote: Compressing objects:  77% (29127/37826)   \u001b[K\nremote: Compressing objects:  78% (29505/37826)   \u001b[K\nremote: Compressing objects:  79% (29883/37826)   \u001b[K\nremote: Compressing objects:  80% (30261/37826)   \u001b[K\nremote: Compressing objects:  81% (30640/37826)   \u001b[K\nremote: Compressing objects:  82% (31018/37826)   \u001b[K\nremote: Compressing objects:  83% (31396/37826)   \u001b[K\nremote: Compressing objects:  84% (31774/37826)   \u001b[K\nremote: Compressing objects:  85% (32153/37826)   \u001b[K\nremote: Compressing objects:  86% (32531/37826)   \u001b[K\nremote: Compressing objects:  87% (32909/37826)   \u001b[K\nremote: Compressing objects:  88% (33287/37826)   \u001b[K\nremote: Compressing objects:  89% (33666/37826)   \u001b[K\nremote: Compressing objects:  90% (34044/37826)   \u001b[K\nremote: Compressing objects:  91% (34422/37826)   \u001b[K\nremote: Compressing objects:  92% (34800/37826)   \u001b[K\nremote: Compressing objects:  93% (35179/37826)   \u001b[K\nremote: Compressing objects:  94% (35557/37826)   \u001b[K\nremote: Compressing objects:  95% (35935/37826)   \u001b[K\nremote: Compressing objects:  96% (36313/37826)   \u001b[K\nremote: Compressing objects:  97% (36692/37826)   \u001b[K\nremote: Compressing objects:  98% (37070/37826)   \u001b[K\nremote: Compressing objects:  99% (37448/37826)   \u001b[K\nremote: Compressing objects: 100% (37826/37826)   \u001b[K\nremote: Compressing objects: 100% (37826/37826), done.\u001b[K\nReceiving objects:   0% (1/154623)   \nReceiving objects:   1% (1547/154623)   \nReceiving objects:   2% (3093/154623)   \nReceiving objects:   3% (4639/154623)   \nReceiving objects:   4% (6185/154623)   \nReceiving objects:   5% (7732/154623)   \nReceiving objects:   6% (9278/154623)   \nReceiving objects:   7% (10824/154623)   \nReceiving objects:   8% (12370/154623)   \nReceiving objects:   9% (13917/154623)   \nReceiving objects:  10% (15463/154623)   \nReceiving objects:  11% (17009/154623)   \nReceiving objects:  12% (18555/154623)   \nReceiving objects:  13% (20101/154623)   \nReceiving objects:  14% (21648/154623)   \nReceiving objects:  15% (23194/154623)   \nReceiving objects:  16% (24740/154623)   \nReceiving objects:  17% (26286/154623)   \nReceiving objects:  18% (27833/154623)   \nReceiving objects:  19% (29379/154623)   \nReceiving objects:  20% (30925/154623)   \nReceiving objects:  21% (32471/154623)   \nReceiving objects:  22% (34018/154623)   \nReceiving objects:  23% (35564/154623)   \nReceiving objects:  24% (37110/154623)   \nReceiving objects:  25% (38656/154623)   \nReceiving objects:  26% (40202/154623), 10.11 MiB | 20.21 MiB/s   \nReceiving objects:  27% (41749/154623), 10.11 MiB | 20.21 MiB/s   \nReceiving objects:  28% (43295/154623), 10.11 MiB | 20.21 MiB/s   \nReceiving objects:  29% (44841/154623), 10.11 MiB | 20.21 MiB/s   \nReceiving objects:  30% (46387/154623), 10.11 MiB | 20.21 MiB/s   \nReceiving objects:  31% (47934/154623), 10.11 MiB | 20.21 MiB/s   \nReceiving objects:  32% (49480/154623), 10.11 MiB | 20.21 MiB/s   \nReceiving objects:  33% (51026/154623), 10.11 MiB | 20.21 MiB/s   \nReceiving objects:  34% (52572/154623), 10.11 MiB | 20.21 MiB/s   \nReceiving objects:  35% (54119/154623), 10.11 MiB | 20.21 MiB/s   \nReceiving objects:  35% (54367/154623), 10.11 MiB | 20.21 MiB/s   \nReceiving objects:  36% (55665/154623), 23.78 MiB | 23.77 MiB/s   \nReceiving objects:  37% (57211/154623), 23.78 MiB | 23.77 MiB/s   \nReceiving objects:  38% (58757/154623), 23.78 MiB | 23.77 MiB/s   \nReceiving objects:  39% (60303/154623), 23.78 MiB | 23.77 MiB/s   \nReceiving objects:  40% (61850/154623), 23.78 MiB | 23.77 MiB/s   \nReceiving objects:  41% (63396/154623), 23.78 MiB | 23.77 MiB/s   \nReceiving objects:  42% (64942/154623), 23.78 MiB | 23.77 MiB/s   \nReceiving objects:  43% (66488/154623), 23.78 MiB | 23.77 MiB/s   \nReceiving objects:  44% (68035/154623), 23.78 MiB | 23.77 MiB/s   \nReceiving objects:  45% (69581/154623), 23.78 MiB | 23.77 MiB/s   \nReceiving objects:  46% (71127/154623), 23.78 MiB | 23.77 MiB/s   \nReceiving objects:  47% (72673/154623), 23.78 MiB | 23.77 MiB/s   \nReceiving objects:  48% (74220/154623), 23.78 MiB | 23.77 MiB/s   \nReceiving objects:  49% (75766/154623), 23.78 MiB | 23.77 MiB/s   \nReceiving objects:  50% (77312/154623), 23.78 MiB | 23.77 MiB/s   \nReceiving objects:  51% (78858/154623), 23.78 MiB | 23.77 MiB/s   \nReceiving objects:  52% (80404/154623), 39.10 MiB | 26.06 MiB/s   \nReceiving objects:  52% (81897/154623), 55.66 MiB | 27.83 MiB/s   \nReceiving objects:  53% (81951/154623), 55.66 MiB | 27.83 MiB/s   \nReceiving objects:  54% (83497/154623), 55.66 MiB | 27.83 MiB/s   \nReceiving objects:  55% (85043/154623), 55.66 MiB | 27.83 MiB/s   \nReceiving objects:  56% (86589/154623), 55.66 MiB | 27.83 MiB/s   \nReceiving objects:  57% (88136/154623), 55.66 MiB | 27.83 MiB/s   \nReceiving objects:  58% (89682/154623), 55.66 MiB | 27.83 MiB/s   \nReceiving objects:  59% (91228/154623), 55.66 MiB | 27.83 MiB/s   \nReceiving objects:  60% (92774/154623), 55.66 MiB | 27.83 MiB/s   \nReceiving objects:  61% (94321/154623), 55.66 MiB | 27.83 MiB/s   \nReceiving objects:  62% (95867/154623), 55.66 MiB | 27.83 MiB/s   \nReceiving objects:  63% (97413/154623), 55.66 MiB | 27.83 MiB/s   \nReceiving objects:  64% (98959/154623), 55.66 MiB | 27.83 MiB/s   \nReceiving objects:  65% (100505/154623), 55.66 MiB | 27.83 MiB/s   \nReceiving objects:  66% (102052/154623), 55.66 MiB | 27.83 MiB/s   \nReceiving objects:  67% (103598/154623), 55.66 MiB | 27.83 MiB/s   \nReceiving objects:  68% (105144/154623), 55.66 MiB | 27.83 MiB/s   \nReceiving objects:  69% (106690/154623), 55.66 MiB | 27.83 MiB/s   \nReceiving objects:  70% (108237/154623), 55.66 MiB | 27.83 MiB/s   \nReceiving objects:  71% (109783/154623), 55.66 MiB | 27.83 MiB/s   \nReceiving objects:  72% (111329/154623), 55.66 MiB | 27.83 MiB/s   \nReceiving objects:  73% (112875/154623), 55.66 MiB | 27.83 MiB/s   \nReceiving objects:  74% (114422/154623), 72.80 MiB | 29.12 MiB/s   \nReceiving objects:  75% (115968/154623), 72.80 MiB | 29.12 MiB/s   \nReceiving objects:  76% (117514/154623), 72.80 MiB | 29.12 MiB/s   \nReceiving objects:  77% (119060/154623), 72.80 MiB | 29.12 MiB/s   \nReceiving objects:  78% (120606/154623), 72.80 MiB | 29.12 MiB/s   \nReceiving objects:  79% (122153/154623), 72.80 MiB | 29.12 MiB/s   \nReceiving objects:  80% (123699/154623), 72.80 MiB | 29.12 MiB/s   \nReceiving objects:  81% (125245/154623), 72.80 MiB | 29.12 MiB/s   \nReceiving objects:  82% (126791/154623), 72.80 MiB | 29.12 MiB/s   \nReceiving objects:  83% (128338/154623), 72.80 MiB | 29.12 MiB/s   \nReceiving objects:  84% (129884/154623), 72.80 MiB | 29.12 MiB/s   \nReceiving objects:  85% (131430/154623), 72.80 MiB | 29.12 MiB/s   \nReceiving objects:  86% (132976/154623), 72.80 MiB | 29.12 MiB/s   \nReceiving objects:  87% (134523/154623), 72.80 MiB | 29.12 MiB/s   \nReceiving objects:  88% (136069/154623), 72.80 MiB | 29.12 MiB/s   \nReceiving objects:  89% (137615/154623), 72.80 MiB | 29.12 MiB/s   \nReceiving objects:  90% (139161/154623), 72.80 MiB | 29.12 MiB/s   \nReceiving objects:  91% (140707/154623), 72.80 MiB | 29.12 MiB/s   \nReceiving objects:  92% (142254/154623), 72.80 MiB | 29.12 MiB/s   \nReceiving objects:  93% (143800/154623), 72.80 MiB | 29.12 MiB/s   \nReceiving objects:  94% (145346/154623), 72.80 MiB | 29.12 MiB/s   \nReceiving objects:  95% (146892/154623), 72.80 MiB | 29.12 MiB/s   \nReceiving objects:  96% (148439/154623), 72.80 MiB | 29.12 MiB/s   \nReceiving objects:  97% (149985/154623), 72.80 MiB | 29.12 MiB/s   \nReceiving objects:  98% (151531/154623), 72.80 MiB | 29.12 MiB/s   \nReceiving objects:  99% (153077/154623), 72.80 MiB | 29.12 MiB/s   \nremote: Total 154623 (delta 117710), reused 152935 (delta 116025), pack-reused 0\u001b[K\nReceiving objects: 100% (154623/154623), 72.80 MiB | 29.12 MiB/s   \nReceiving objects: 100% (154623/154623), 83.06 MiB | 29.31 MiB/s, done.\nResolving deltas:   0% (0/117710)   \nResolving deltas:   1% (1185/117710)   \nResolving deltas:   2% (2371/117710)   \nResolving deltas:   3% (3538/117710)   \nResolving deltas:   4% (4732/117710)   \nResolving deltas:   5% (5890/117710)   \nResolving deltas:   6% (7063/117710)   \nResolving deltas:   7% (8241/117710)   \nResolving deltas:   8% (9495/117710)   \nResolving deltas:   9% (10917/117710)   \nResolving deltas:  10% (11777/117710)   \nResolving deltas:  11% (12950/117710)   \nResolving deltas:  12% (14191/117710)   \nResolving deltas:  13% (15305/117710)   \nResolving deltas:  14% (16483/117710)   \nResolving deltas:  15% (17657/117710)   \nResolving deltas:  16% (19231/117710)   \nResolving deltas:  17% (20388/117710)   \nResolving deltas:  18% (21616/117710)   \nResolving deltas:  19% (22451/117710)   \nResolving deltas:  20% (23547/117710)   \nResolving deltas:  21% (24768/117710)   \nResolving deltas:  22% (25904/117710)   \nResolving deltas:  23% (27141/117710)   \nResolving deltas:  24% (28252/117710)   \nResolving deltas:  25% (29512/117710)   \nResolving deltas:  26% (30605/117710)   \nResolving deltas:  27% (31833/117710)   \nResolving deltas:  28% (33118/117710)   \nResolving deltas:  29% (34178/117710)   \nResolving deltas:  30% (35330/117710)   \nResolving deltas:  31% (36668/117710)   \nResolving deltas:  32% (37690/117710)   \nResolving deltas:  33% (39186/117710)   \nResolving deltas:  34% (40133/117710)   \nResolving deltas:  35% (41224/117710)   \nResolving deltas:  36% (42385/117710)   \nResolving deltas:  37% (43560/117710)   \nResolving deltas:  38% (44751/117710)   \nResolving deltas:  39% (46000/117710)   \nResolving deltas:  40% (47539/117710)   \nResolving deltas:  41% (48275/117710)   \nResolving deltas:  42% (49459/117710)   \nResolving deltas:  43% (50655/117710)   \nResolving deltas:  44% (51808/117710)   \nResolving deltas:  45% (52974/117710)   \nResolving deltas:  46% (54292/117710)   \nResolving deltas:  47% (55392/117710)   \nResolving deltas:  48% (56511/117710)   \nResolving deltas:  49% (58199/117710)   \nResolving deltas:  50% (58873/117710)   \nResolving deltas:  51% (60197/117710)   \nResolving deltas:  52% (61246/117710)   \nResolving deltas:  53% (62405/117710)   \nResolving deltas:  54% (63571/117710)   \nResolving deltas:  55% (64753/117710)   \nResolving deltas:  56% (66392/117710)   \nResolving deltas:  57% (67188/117710)   \nResolving deltas:  58% (68290/117710)   \nResolving deltas:  59% (69477/117710)   \nResolving deltas:  60% (70749/117710)   \nResolving deltas:  61% (71817/117710)   \nResolving deltas:  62% (72985/117710)   \nResolving deltas:  63% (74190/117710)   \nResolving deltas:  64% (75360/117710)   \nResolving deltas:  65% (76524/117710)   \nResolving deltas:  66% (77694/117710)   \nResolving deltas:  67% (78874/117710)   \nResolving deltas:  68% (80077/117710)   \nResolving deltas:  69% (81229/117710)   \nResolving deltas:  70% (82525/117710)   \nResolving deltas:  71% (83586/117710)   \nResolving deltas:  72% (84847/117710)   \nResolving deltas:  73% (85948/117710)   \nResolving deltas:  74% (87199/117710)   \nResolving deltas:  75% (88317/117710)   \nResolving deltas:  76% (89516/117710)   \nResolving deltas:  77% (90699/117710)   \nResolving deltas:  78% (91814/117710)   \nResolving deltas:  79% (93019/117710)   \nResolving deltas:  80% (94170/117710)   \nResolving deltas:  81% (95348/117710)   \nResolving deltas:  82% (96527/117710)   \nResolving deltas:  82% (97267/117710)   \nResolving deltas:  83% (98084/117710)   \nResolving deltas:  84% (98878/117710)   \nResolving deltas:  85% (100145/117710)   \nResolving deltas:  86% (101278/117710)   \nResolving deltas:  87% (102411/117710)   \nResolving deltas:  88% (103605/117710)   \nResolving deltas:  89% (104768/117710)   \nResolving deltas:  90% (105943/117710)   \nResolving deltas:  91% (107177/117710)   \nResolving deltas:  92% (108448/117710)   \nResolving deltas:  93% (109536/117710)   \nResolving deltas:  93% (110008/117710)   \nResolving deltas:  94% (110716/117710)   \nResolving deltas:  95% (111825/117710)   \nResolving deltas:  96% (113012/117710)   \nResolving deltas:  97% (114203/117710)   \nResolving deltas:  98% (115462/117710)   \nResolving deltas:  99% (116534/117710)   \nResolving deltas: 100% (117710/117710)   \nResolving deltas: 100% (117710/117710), completed with 696 local objects.\nFrom https://github.com/scikit-learn/scikit-learn\n * branch                refs/pull/14443/merge -> FETCH_HEAD\ntravis_time:end:0306b9b8:start=1563868013336213741,finish=1563868026674733490,duration=13338519749\n\u001b[0K$ git checkout -qf FETCH_HEAD\ntravis_fold:end:git.checkout\n\u001b[0K\n\n\u001b[33;1mSetting environment variables from .travis.yml\u001b[0m\n$ export TEST_DIR=/tmp/sklearn\n$ export OMP_NUM_THREADS=4\n$ export OPENBLAS_NUM_THREADS=4\n$ export DISTRIB=\"conda\"\n$ export PYTHON_VERSION=\"3.4\"\n$ export INSTALL_MKL=\"false\"\n$ export NUMPY_VERSION=\"1.10.4\"\n$ export SCIPY_VERSION=\"0.17\"\n$ export CYTHON_VERSION=\"0.25.2\"\n$ export PILLOW_VERSION=\"4.0.0\"\n$ export COVERAGE=true\n\ntravis_time:start:097678d0\n\u001b[0K$ source ~/virtualenv/python3.6/bin/activate\ntravis_time:end:097678d0:start=1563868026853970000,finish=1563868026860201939,duration=6231939\n\u001b[0Ktravis_fold:start:cache.1\n\u001b[0KSetting up build cache\n$ export CASHER_DIR=${TRAVIS_HOME}/.casher\ntravis_time:start:05054d0a\n\u001b[0K$ Installing caching utilities\ntravis_time:end:05054d0a:start=1563868031282635051,finish=1563868031433460454,duration=150825403\n\u001b[0Ktravis_time:start:0373e813\n\u001b[0Ktravis_time:end:0373e813:start=1563868031439220902,finish=1563868031442432087,duration=3211185\n\u001b[0Ktravis_time:start:229b742e\n\u001b[0Kattempting to download cache archive\u001b[0m\n\u001b[32;1mfetching PR.14443/cache-linux-trusty-e4b54c2f961aa34daa3aa7a462c215ee910ea508dd760c38e9b0da68b2762612--python-3.6.tgz\u001b[0m\n\u001b[32;1mfetching PR.14443/cache--python-3.6.tgz\u001b[0m\n\u001b[32;1mfetching 0.20.X/cache-linux-trusty-e4b54c2f961aa34daa3aa7a462c215ee910ea508dd760c38e9b0da68b2762612--python-3.6.tgz\u001b[0m\n\u001b[32;1mfetching 0.20.X/cache--python-3.6.tgz\u001b[0m\n\u001b[32;1mfetching master/cache-linux-trusty-e4b54c2f961aa34daa3aa7a462c215ee910ea508dd760c38e9b0da68b2762612--python-3.6.tgz\u001b[0m\n\u001b[32;1mfetching master/cache--python-3.6.tgz\u001b[0m\n\u001b[31;1mcould not download cache\u001b[0m\ntravis_time:end:229b742e:start=1563868031446524827,finish=1563868033100798809,duration=1654273982\n\u001b[0Ktravis_time:start:1669c52d\n\u001b[0Ktravis_time:end:1669c52d:start=1563868033104989955,finish=1563868033107928047,duration=2938092\n\u001b[0Ktravis_time:start:0e184012\n\u001b[0Kadding /home/travis/.cache/pip to cache\u001b[0m\nadding /home/travis/.ccache to cache\u001b[0m\ntravis_time:end:0e184012:start=1563868033111639810,finish=1563868034299370723,duration=1187730913\n\u001b[0Ktravis_fold:end:cache.1\n\u001b[0K\n$ python --version\nPython 3.6.3\n$ pip --version\npip 9.0.1 from /home/travis/virtualenv/python3.6.3/lib/python3.6/site-packages (python 3.6)\ntravis_fold:start:install\n\u001b[0Ktravis_time:start:012630b4\n\u001b[0K$ source build_tools/travis/install.sh\n+++echo 'List files from cached directories'\nList files from cached directories\n+++echo pip:\npip:\n+++ls /home/travis/.cache/pip\nhttp  wheels\n+++export CC=/usr/lib/ccache/gcc\n+++CC=/usr/lib/ccache/gcc\n+++export CXX=/usr/lib/ccache/g++\n+++CXX=/usr/lib/ccache/g++\n+++ccache --max-size 100M --show-stats\nSet cache size limit to 100.0 Mbytes\ncache directory                     /home/travis/.ccache\ncache hit (direct)                     0\ncache hit (preprocessed)               0\ncache miss                             0\nfiles in cache                         0\ncache size                             0 Kbytes\nmax cache size                     100.0 Mbytes\n+++[[ conda == \\c\\o\\n\\d\\a ]]\n+++TO_INSTALL='python=3.4 pip pytest pytest-cov                 numpy=1.10.4 scipy=0.17                 cython=0.25.2'\n+++[[ false == \\t\\r\\u\\e ]]\n+++TO_INSTALL='python=3.4 pip pytest pytest-cov                 numpy=1.10.4 scipy=0.17                 cython=0.25.2 nomkl'\n+++[[ -n '' ]]\n+++[[ -n '' ]]\n+++[[ -n 4.0.0 ]]\n+++TO_INSTALL='python=3.4 pip pytest pytest-cov                 numpy=1.10.4 scipy=0.17                 cython=0.25.2 nomkl pillow=4.0.0'\n+++[[ -n '' ]]\n+++make_conda python=3.4 pip pytest pytest-cov numpy=1.10.4 scipy=0.17 cython=0.25.2 nomkl pillow=4.0.0\n+++TO_INSTALL='python=3.4 pip pytest pytest-cov numpy=1.10.4 scipy=0.17 cython=0.25.2 nomkl pillow=4.0.0'\n+++deactivate\n+++unset -f pydoc\n+++'[' -z _ ']'\n+++PATH=/home/travis/.rvm/gems/ruby-2.4.1/bin:/home/travis/.rvm/gems/ruby-2.4.1@global/bin:/home/travis/.rvm/rubies/ruby-2.4.1/bin:/home/travis/.rvm/bin:/home/travis/bin:/home/travis/.local/bin:/opt/pyenv/shims:/home/travis/.phpenv/shims:/home/travis/perl5/perlbrew/bin:/home/travis/.nvm/versions/node/v8.9.1/bin:/home/travis/.kiex/elixirs/elixir-1.4.5/bin:/home/travis/.kiex/bin:/home/travis/gopath/bin:/home/travis/.gimme/versions/go1.7.4.linux.amd64/bin:/usr/local/phantomjs/bin:/usr/local/phantomjs:/usr/local/neo4j-3.2.7/bin:/usr/local/maven-3.5.2/bin:/usr/local/cmake-3.9.2/bin:/usr/local/clang-5.0.0/bin:/usr/local/sbin:/usr/local/bin:/usr/sbin:/usr/bin:/sbin:/bin:/home/travis/.phpenv/bin:/opt/pyenv/bin:/home/travis/.yarn/bin\n+++export PATH\n+++unset _OLD_VIRTUAL_PATH\n+++'[' -z '' ']'\n+++'[' -n /bin/bash ']'\n+++hash -r\n+++'[' -z _ ']'\n+++PS1='${debian_chroot:+($debian_chroot)}\\u@\\h:\\w\\$ '\n+++export PS1\n+++unset _OLD_VIRTUAL_PS1\n+++unset VIRTUAL_ENV\n+++'[' '!' '' = nondestructive ']'\n+++unset -f deactivate\n+++wget https://repo.continuum.io/miniconda/Miniconda3-latest-Linux-x86_64.sh -O miniconda.sh\n--2019-07-23 07:47:15--  https://repo.continuum.io/miniconda/Miniconda3-latest-Linux-x86_64.sh\nResolving repo.continuum.io (repo.continuum.io)... 104.18.200.79, 104.18.201.79, 2606:4700::6812:c84f, ...\nConnecting to repo.continuum.io (repo.continuum.io)|104.18.200.79|:443... connected.\nHTTP request sent, awaiting response... 200 OK\nLength: 70348401 (67M) [application/x-sh]\nSaving to: \u2018miniconda.sh\u2019\n\n\n 0% [                                       ] 0           --.-K/s              \n56% [====================>                  ] 39,484,160   188MB/s             \n100%[======================================>] 70,348,401   176MB/s   in 0.4s   \n\n2019-07-23 07:47:15 (176 MB/s) - \u2018miniconda.sh\u2019 saved [70348401/70348401]\n\n+++MINICONDA_PATH=/home/travis/miniconda\n+++chmod +x miniconda.sh\n+++./miniconda.sh -b -p /home/travis/miniconda\nPREFIX=/home/travis/miniconda\ninstalling: python-3.7.3-h0371630_0 ...\nPython 3.7.3\ninstalling: ca-certificates-2019.1.23-0 ...\ninstalling: libgcc-ng-8.2.0-hdf63c60_1 ...\ninstalling: libstdcxx-ng-8.2.0-hdf63c60_1 ...\ninstalling: libffi-3.2.1-hd88cf55_4 ...\ninstalling: ncurses-6.1-he6710b0_1 ...\ninstalling: openssl-1.1.1b-h7b6447c_1 ...\ninstalling: xz-5.2.4-h14c3975_4 ...\ninstalling: yaml-0.1.7-had09818_2 ...\ninstalling: zlib-1.2.11-h7b6447c_3 ...\ninstalling: libedit-3.1.20181209-hc058e9b_0 ...\ninstalling: readline-7.0-h7b6447c_5 ...\ninstalling: tk-8.6.8-hbc83047_0 ...\ninstalling: sqlite-3.27.2-h7b6447c_0 ...\ninstalling: asn1crypto-0.24.0-py37_0 ...\ninstalling: certifi-2019.3.9-py37_0 ...\ninstalling: chardet-3.0.4-py37_1 ...\ninstalling: idna-2.8-py37_0 ...\ninstalling: pycosat-0.6.3-py37h14c3975_0 ...\ninstalling: pycparser-2.19-py37_0 ...\ninstalling: pysocks-1.6.8-py37_0 ...\ninstalling: ruamel_yaml-0.15.46-py37h14c3975_0 ...\ninstalling: six-1.12.0-py37_0 ...\ninstalling: cffi-1.12.2-py37h2e261b9_1 ...\ninstalling: setuptools-41.0.0-py37_0 ...\ninstalling: cryptography-2.6.1-py37h1ba5d50_0 ...\ninstalling: wheel-0.33.1-py37_0 ...\ninstalling: pip-19.0.3-py37_0 ...\ninstalling: pyopenssl-19.0.0-py37_0 ...\ninstalling: urllib3-1.24.1-py37_0 ...\ninstalling: requests-2.21.0-py37_0 ...\ninstalling: conda-4.6.14-py37_0 ...\ninstallation finished.\n+++export PATH=/home/travis/miniconda/bin:/home/travis/.rvm/gems/ruby-2.4.1/bin:/home/travis/.rvm/gems/ruby-2.4.1@global/bin:/home/travis/.rvm/rubies/ruby-2.4.1/bin:/home/travis/.rvm/bin:/home/travis/bin:/home/travis/.local/bin:/opt/pyenv/shims:/home/travis/.phpenv/shims:/home/travis/perl5/perlbrew/bin:/home/travis/.nvm/versions/node/v8.9.1/bin:/home/travis/.kiex/elixirs/elixir-1.4.5/bin:/home/travis/.kiex/bin:/home/travis/gopath/bin:/home/travis/.gimme/versions/go1.7.4.linux.amd64/bin:/usr/local/phantomjs/bin:/usr/local/phantomjs:/usr/local/neo4j-3.2.7/bin:/usr/local/maven-3.5.2/bin:/usr/local/cmake-3.9.2/bin:/usr/local/clang-5.0.0/bin:/usr/local/sbin:/usr/local/bin:/usr/sbin:/usr/bin:/sbin:/bin:/home/travis/.phpenv/bin:/opt/pyenv/bin:/home/travis/.yarn/bin\n+++PATH=/home/travis/miniconda/bin:/home/travis/.rvm/gems/ruby-2.4.1/bin:/home/travis/.rvm/gems/ruby-2.4.1@global/bin:/home/travis/.rvm/rubies/ruby-2.4.1/bin:/home/travis/.rvm/bin:/home/travis/bin:/home/travis/.local/bin:/opt/pyenv/shims:/home/travis/.phpenv/shims:/home/travis/perl5/perlbrew/bin:/home/travis/.nvm/versions/node/v8.9.1/bin:/home/travis/.kiex/elixirs/elixir-1.4.5/bin:/home/travis/.kiex/bin:/home/travis/gopath/bin:/home/travis/.gimme/versions/go1.7.4.linux.amd64/bin:/usr/local/phantomjs/bin:/usr/local/phantomjs:/usr/local/neo4j-3.2.7/bin:/usr/local/maven-3.5.2/bin:/usr/local/cmake-3.9.2/bin:/usr/local/clang-5.0.0/bin:/usr/local/sbin:/usr/local/bin:/usr/sbin:/usr/bin:/sbin:/bin:/home/travis/.phpenv/bin:/opt/pyenv/bin:/home/travis/.yarn/bin\n+++conda update --yes conda\nCollecting package metadata: - \b\b\\ \b\b| \b\b/ \b\b- \b\b\\ \b\b| \b\b/ \b\b- \b\b\\ \b\b| \b\b/ \b\b- \b\b\\ \b\b| \b\b/ \b\b- \b\b\\ \b\b| \b\b/ \b\b- \b\b\\ \b\b| \b\b/ \b\b- \b\b\\ \b\b| \b\b/ \b\b- \b\b\\ \b\b| \b\b/ \b\b- \b\b\\ \b\b| \b\b/ \b\b- \b\bdone\nSolving environment: | \b\b/ \b\b- \b\b\\ \b\b| \b\b/ \b\b- \b\b\\ \b\b| \b\b/ \b\bdone\n\n## Package Plan ##\n\n  environment location: /home/travis/miniconda\n\n  added / updated specs:\n    - conda\n\n\nThe following packages will be downloaded:\n\n    package                    |            build\n    ---------------------------|-----------------\n    _libgcc_mutex-0.1          |             main           3 KB\n    bzip2-1.0.8                |       h7b6447c_0         105 KB\n    ca-certificates-2019.5.15  |                0         133 KB\n    certifi-2019.6.16          |           py37_0         154 KB\n    conda-4.7.10               |           py37_0         3.0 MB\n    conda-package-handling-1.3.11|           py37_0         260 KB\n    libarchive-3.3.3           |       h5d8350f_5         1.5 MB\n    libxml2-2.9.9              |       hea5a465_1         2.0 MB\n    lz4-c-1.8.1.2              |       h14c3975_0         158 KB\n    lzo-2.10                   |       h49e0be7_2         313 KB\n    openssl-1.1.1c             |       h7b6447c_1         3.8 MB\n    python-libarchive-c-2.8    |          py37_11          23 KB\n    tqdm-4.32.1                |             py_0          48 KB\n    zstd-1.3.7                 |       h0b5b093_0         887 KB\n    ------------------------------------------------------------\n                                           Total:        12.3 MB\n\nThe following NEW packages will be INSTALLED:\n\n  _libgcc_mutex      pkgs/main/linux-64::_libgcc_mutex-0.1-main\n  bzip2              pkgs/main/linux-64::bzip2-1.0.8-h7b6447c_0\n  conda-package-han~ pkgs/main/linux-64::conda-package-handling-1.3.11-py37_0\n  libarchive         pkgs/main/linux-64::libarchive-3.3.3-h5d8350f_5\n  libxml2            pkgs/main/linux-64::libxml2-2.9.9-hea5a465_1\n  lz4-c              pkgs/main/linux-64::lz4-c-1.8.1.2-h14c3975_0\n  lzo                pkgs/main/linux-64::lzo-2.10-h49e0be7_2\n  python-libarchive~ pkgs/main/linux-64::python-libarchive-c-2.8-py37_11\n  tqdm               pkgs/main/noarch::tqdm-4.32.1-py_0\n  zstd               pkgs/main/linux-64::zstd-1.3.7-h0b5b093_0\n\nThe following packages will be UPDATED:\n\n  ca-certificates                               2019.1.23-0 --> 2019.5.15-0\n  certifi                                   2019.3.9-py37_0 --> 2019.6.16-py37_0\n  conda                                       4.6.14-py37_0 --> 4.7.10-py37_0\n  openssl                                 1.1.1b-h7b6447c_1 --> 1.1.1c-h7b6447c_1\n\n\n\nDownloading and Extracting Packages\n\nlibarchive-3.3.3     | 1.5 MB    |                                       |   0% \nlibarchive-3.3.3     | 1.5 MB    | ##############################7       |  83% \nlibarchive-3.3.3     | 1.5 MB    | ##################################### | 100% \n\n_libgcc_mutex-0.1    | 3 KB      |                                       |   0% \n_libgcc_mutex-0.1    | 3 KB      | ##################################### | 100% \n\npython-libarchive-c- | 23 KB     |                                       |   0% \npython-libarchive-c- | 23 KB     | ##################################### | 100% \n\nconda-package-handli | 260 KB    |                                       |   0% \nconda-package-handli | 260 KB    | ##################################### | 100% \n\nopenssl-1.1.1c       | 3.8 MB    |                                       |   0% \nopenssl-1.1.1c       | 3.8 MB    | ############################5         |  77% \nopenssl-1.1.1c       | 3.8 MB    | ##################################### | 100% \n\nzstd-1.3.7           | 887 KB    |                                       |   0% \nzstd-1.3.7           | 887 KB    | ##################################    |  92% \nzstd-1.3.7           | 887 KB    | ##################################### | 100% \n\nlz4-c-1.8.1.2        | 158 KB    |                                       |   0% \nlz4-c-1.8.1.2        | 158 KB    | ##################################### | 100% \n\ncertifi-2019.6.16    | 154 KB    |                                       |   0% \ncertifi-2019.6.16    | 154 KB    | ##################################### | 100% \n\ntqdm-4.32.1          | 48 KB     |                                       |   0% \ntqdm-4.32.1          | 48 KB     | ##################################### | 100% \n\nlzo-2.10             | 313 KB    |                                       |   0% \nlzo-2.10             | 313 KB    | ##################################### | 100% \n\nlibxml2-2.9.9        | 2.0 MB    |                                       |   0% \nlibxml2-2.9.9        | 2.0 MB    | ############################7         |  78% \nlibxml2-2.9.9        | 2.0 MB    | ##################################### | 100% \n\nconda-4.7.10         | 3.0 MB    |                                       |   0% \nconda-4.7.10         | 3.0 MB    | ############################4         |  77% \nconda-4.7.10         | 3.0 MB    | ##################################### | 100% \n\nbzip2-1.0.8          | 105 KB    |                                       |   0% \nbzip2-1.0.8          | 105 KB    | ##################################### | 100% \n\nca-certificates-2019 | 133 KB    |                                       |   0% \nca-certificates-2019 | 133 KB    | ##################################### | 100% \nPreparing transaction: \\ \b\bdone\nVerifying transaction: / \b\b- \b\bdone\nExecuting transaction: | \b\b/ \b\bdone\n+++conda create -c conda-forge -n testenv --yes python=3.4 pip pytest pytest-cov numpy=1.10.4 scipy=0.17 cython=0.25.2 nomkl pillow=4.0.0\nCollecting package metadata (current_repodata.json): - \b\b\\ \b\b| \b\b/ \b\b- \b\b\\ \b\b| \b\b/ \b\b- \b\b\\ \b\b| \b\b/ \b\b- \b\b\\ \b\b| \b\b/ \b\b- \b\b\\ \b\b| \b\b/ \b\b- \b\b\\ \b\b| \b\b/ \b\b- \b\b\\ \b\b| \b\b/ \b\b- \b\b\\ \b\b| \b\b/ \b\bdone\nSolving environment: \\ \b\bfailed with current_repodata.json, will retry with next repodata source.\nCollecting package metadata (repodata.json): / \b\b- \b\b\\ \b\b| \b\b/ \b\b- \b\b\\ \b\b| \b\b/ \b\b- \b\b\\ \b\b| \b\b/ \b\b- \b\b\\ \b\b| \b\b/ \b\b- \b\b\\ \b\b| \b\b/ \b\b- \b\b\\ \b\b| \b\b/ \b\b- \b\b\\ \b\b| \b\b/ \b\b- \b\b\\ \b\b| \b\b/ \b\b- \b\b\\ \b\b| \b\b/ \b\b- \b\b\\ \b\b| \b\b/ \b\b- \b\b\\ \b\b| \b\b/ \b\b- \b\b\\ \b\b| \b\b/ \b\b- \b\b\\ \b\b| \b\b/ \b\b- \b\b\\ \b\b| \b\b/ \b\b- \b\b\\ \b\b| \b\b/ \b\b- \b\b\\ \b\b| \b\b/ \b\b- \b\b\\ \b\b| \b\b/ \b\b- \b\b\\ \b\b| \b\b/ \b\b- \b\b\\ \b\b| \b\b/ \b\b- \b\b\\ \b\b| \b\b/ \b\b- \b\b\\ \b\b| \b\b/ \b\b- \b\b\\ \b\b| \b\b/ \b\b- \b\b\\ \b\bdone\nSolving environment: / \b\b- \b\b\\ \b\b| \b\b/ \b\b- \b\b\\ \b\bdone\n\n## Package Plan ##\n\n  environment location: /home/travis/miniconda/envs/testenv\n\n  added / updated specs:\n    - cython=0.25.2\n    - nomkl\n    - numpy=1.10.4\n    - pillow=4.0.0\n    - pip\n    - pytest\n    - pytest-cov\n    - python=3.4\n    - scipy=0.17\n\n\nThe following packages will be downloaded:\n\n    package                    |            build\n    ---------------------------|-----------------\n    blas-1.1                   |         openblas           1 KB  conda-forge\n    ca-certificates-2019.6.16  |       hecc5488_0         145 KB  conda-forge\n    certifi-2017.1.23          |           py34_0         222 KB  conda-forge\n    coverage-4.4.2             |           py34_0         238 KB  conda-forge\n    cython-0.25.2              |           py34_0         7.3 MB  conda-forge\n    freetype-2.6.3             |                1         2.8 MB  conda-forge\n    jpeg-9c                    |    h14c3975_1001         251 KB  conda-forge\n    libgcc-ng-9.1.0            |       hdf63c60_0         5.1 MB\n    libgfortran-3.0.0          |                1         281 KB  conda-forge\n    libpng-1.6.37              |       hed695b0_0         343 KB  conda-forge\n    libstdcxx-ng-9.1.0         |       hdf63c60_0         3.1 MB\n    libtiff-4.0.10             |    h57b8799_1003         587 KB  conda-forge\n    lz4-c-1.8.3                |    he1b5a44_1001         187 KB  conda-forge\n    ncurses-5.9                |               10         1.1 MB  conda-forge\n    nomkl-3.0                  |                0          46 KB\n    numpy-1.10.4               |py34_blas_openblas_205         7.1 MB  conda-forge\n    openblas-0.2.19            |                2        14.1 MB  conda-forge\n    openssl-1.0.2r             |       h14c3975_0         3.1 MB  conda-forge\n    pillow-4.0.0               |           py34_0         925 KB  conda-forge\n    pip-9.0.1                  |           py34_0         1.7 MB  conda-forge\n    py-1.8.0                   |             py_0          65 KB  conda-forge\n    pytest-3.2.2               |             py_0         129 KB  conda-forge\n    pytest-cov-2.6.1           |             py_0          17 KB  conda-forge\n    python-3.4.5               |                2        26.9 MB  conda-forge\n    readline-6.2               |                0         713 KB  conda-forge\n    scipy-0.17.1               |np110py34_blas_openblas_205        31.4 MB  conda-forge\n    setuptools-32.3.1          |           py34_0         507 KB  conda-forge\n    sqlite-3.13.0              |                1         4.9 MB  conda-forge\n    tk-8.5.19                  |                2         1.9 MB  conda-forge\n    wheel-0.29.0               |           py34_0          82 KB  conda-forge\n    xz-5.2.4                   |    h14c3975_1001         366 KB  conda-forge\n    zlib-1.2.11                |    h516909a_1005         105 KB  conda-forge\n    zstd-1.4.0                 |       h3b9ef0a_0         928 KB  conda-forge\n    ------------------------------------------------------------\n                                           Total:       116.5 MB\n\nThe following NEW packages will be INSTALLED:\n\n  _libgcc_mutex      pkgs/main/linux-64::_libgcc_mutex-0.1-main\n  blas               conda-forge/linux-64::blas-1.1-openblas\n  ca-certificates    conda-forge/linux-64::ca-certificates-2019.6.16-hecc5488_0\n  certifi            conda-forge/linux-64::certifi-2017.1.23-py34_0\n  coverage           conda-forge/linux-64::coverage-4.4.2-py34_0\n  cython             conda-forge/linux-64::cython-0.25.2-py34_0\n  freetype           conda-forge/linux-64::freetype-2.6.3-1\n  jpeg               conda-forge/linux-64::jpeg-9c-h14c3975_1001\n  libgcc-ng          pkgs/main/linux-64::libgcc-ng-9.1.0-hdf63c60_0\n  libgfortran        conda-forge/linux-64::libgfortran-3.0.0-1\n  libpng             conda-forge/linux-64::libpng-1.6.37-hed695b0_0\n  libstdcxx-ng       pkgs/main/linux-64::libstdcxx-ng-9.1.0-hdf63c60_0\n  libtiff            conda-forge/linux-64::libtiff-4.0.10-h57b8799_1003\n  lz4-c              conda-forge/linux-64::lz4-c-1.8.3-he1b5a44_1001\n  ncurses            conda-forge/linux-64::ncurses-5.9-10\n  nomkl              pkgs/main/linux-64::nomkl-3.0-0\n  numpy              conda-forge/linux-64::numpy-1.10.4-py34_blas_openblas_205\n  openblas           conda-forge/linux-64::openblas-0.2.19-2\n  openssl            conda-forge/linux-64::openssl-1.0.2r-h14c3975_0\n  pillow             conda-forge/linux-64::pillow-4.0.0-py34_0\n  pip                conda-forge/linux-64::pip-9.0.1-py34_0\n  py                 conda-forge/noarch::py-1.8.0-py_0\n  pytest             conda-forge/noarch::pytest-3.2.2-py_0\n  pytest-cov         conda-forge/noarch::pytest-cov-2.6.1-py_0\n  python             conda-forge/linux-64::python-3.4.5-2\n  readline           conda-forge/linux-64::readline-6.2-0\n  scipy              conda-forge/linux-64::scipy-0.17.1-np110py34_blas_openblas_205\n  setuptools         conda-forge/linux-64::setuptools-32.3.1-py34_0\n  sqlite             conda-forge/linux-64::sqlite-3.13.0-1\n  tk                 conda-forge/linux-64::tk-8.5.19-2\n  wheel              conda-forge/linux-64::wheel-0.29.0-py34_0\n  xz                 conda-forge/linux-64::xz-5.2.4-h14c3975_1001\n  zlib               conda-forge/linux-64::zlib-1.2.11-h516909a_1005\n  zstd               conda-forge/linux-64::zstd-1.4.0-h3b9ef0a_0\n\n\n\nDownloading and Extracting Packages\n\npytest-3.2.2         | 129 KB    |                                       |   0% \npytest-3.2.2         | 129 KB    | #############7                        |  37% \npytest-3.2.2         | 129 KB    | ##################################### | 100% \n\nxz-5.2.4             | 366 KB    |                                       |   0% \nxz-5.2.4             | 366 KB    | ##################################### | 100% \n\njpeg-9c              | 251 KB    |                                       |   0% \njpeg-9c              | 251 KB    | ##################################### | 100% \n\nsetuptools-32.3.1    | 507 KB    |                                       |   0% \nsetuptools-32.3.1    | 507 KB    | ##################################### | 100% \n\nscipy-0.17.1         | 31.4 MB   |                                       |   0% \nscipy-0.17.1         | 31.4 MB   | ######8                               |  19% \nscipy-0.17.1         | 31.4 MB   | #######################2              |  63% \nscipy-0.17.1         | 31.4 MB   | ##################################### | 100% \n\nwheel-0.29.0         | 82 KB     |                                       |   0% \nwheel-0.29.0         | 82 KB     | ##################################### | 100% \n\ncoverage-4.4.2       | 238 KB    |                                       |   0% \ncoverage-4.4.2       | 238 KB    | ##################################### | 100% \n\nlibgcc-ng-9.1.0      | 5.1 MB    |                                       |   0% \nlibgcc-ng-9.1.0      | 5.1 MB    | ##6                                   |   7% \nlibgcc-ng-9.1.0      | 5.1 MB    | ##################################### | 100% \n\nlibpng-1.6.37        | 343 KB    |                                       |   0% \nlibpng-1.6.37        | 343 KB    | ##################################### | 100% \n\nlz4-c-1.8.3          | 187 KB    |                                       |   0% \nlz4-c-1.8.3          | 187 KB    | ##################################### | 100% \n\nlibgfortran-3.0.0    | 281 KB    |                                       |   0% \nlibgfortran-3.0.0    | 281 KB    | ##################################### | 100% \n\nlibstdcxx-ng-9.1.0   | 3.1 MB    |                                       |   0% \nlibstdcxx-ng-9.1.0   | 3.1 MB    | ##################################### | 100% \n\nca-certificates-2019 | 145 KB    |                                       |   0% \nca-certificates-2019 | 145 KB    | ##################################### | 100% \n\ncertifi-2017.1.23    | 222 KB    |                                       |   0% \ncertifi-2017.1.23    | 222 KB    | ##################################### | 100% \n\npytest-cov-2.6.1     | 17 KB     |                                       |   0% \npytest-cov-2.6.1     | 17 KB     | ##################################### | 100% \n\ntk-8.5.19            | 1.9 MB    |                                       |   0% \ntk-8.5.19            | 1.9 MB    | ##################################### | 100% \n\nfreetype-2.6.3       | 2.8 MB    |                                       |   0% \nfreetype-2.6.3       | 2.8 MB    | ##################################### | 100% \n\nncurses-5.9          | 1.1 MB    |                                       |   0% \nncurses-5.9          | 1.1 MB    | ##################################### | 100% \n\npython-3.4.5         | 26.9 MB   |                                       |   0% \npython-3.4.5         | 26.9 MB   | #########3                            |  25% \npython-3.4.5         | 26.9 MB   | ###########################8          |  75% \npython-3.4.5         | 26.9 MB   | ##################################### | 100% \n\nopenblas-0.2.19      | 14.1 MB   |                                       |   0% \nopenblas-0.2.19      | 14.1 MB   | ################8                     |  46% \nopenblas-0.2.19      | 14.1 MB   | ##################################### | 100% \n\nlibtiff-4.0.10       | 587 KB    |                                       |   0% \nlibtiff-4.0.10       | 587 KB    | ##################################### | 100% \n\nblas-1.1             | 1 KB      |                                       |   0% \nblas-1.1             | 1 KB      | ##################################### | 100% \n\npy-1.8.0             | 65 KB     |                                       |   0% \npy-1.8.0             | 65 KB     | ##################################### | 100% \n\nzstd-1.4.0           | 928 KB    |                                       |   0% \nzstd-1.4.0           | 928 KB    | ##################################### | 100% \n\nnumpy-1.10.4         | 7.1 MB    |                                       |   0% \nnumpy-1.10.4         | 7.1 MB    | ##################################### | 100% \n\nsqlite-3.13.0        | 4.9 MB    |                                       |   0% \nsqlite-3.13.0        | 4.9 MB    | ##################################### | 100% \n\ncython-0.25.2        | 7.3 MB    |                                       |   0% \ncython-0.25.2        | 7.3 MB    | ##################################### | 100% \n\npip-9.0.1            | 1.7 MB    |                                       |   0% \npip-9.0.1            | 1.7 MB    | ##################################### | 100% \n\nzlib-1.2.11          | 105 KB    |                                       |   0% \nzlib-1.2.11          | 105 KB    | ##################################### | 100% \n\nnomkl-3.0            | 46 KB     |                                       |   0% \nnomkl-3.0            | 46 KB     | ##################################### | 100% \n\nopenssl-1.0.2r       | 3.1 MB    |                                       |   0% \nopenssl-1.0.2r       | 3.1 MB    | ##################################### | 100% \n\npillow-4.0.0         | 925 KB    |                                       |   0% \npillow-4.0.0         | 925 KB    | ##################################### | 100% \n\nreadline-6.2         | 713 KB    |                                       |   0% \nreadline-6.2         | 713 KB    | ##################################### | 100% \nPreparing transaction: / \b\b- \b\b\\ \b\b| \b\b/ \b\bdone\nVerifying transaction: \\ \b\b| \b\b/ \b\b- \b\b\\ \b\b| \b\b/ \b\b- \b\b\\ \b\b| \b\b/ \b\b- \b\b\\ \b\b| \b\b/ \b\b- \b\b\\ \b\bdone\nExecuting transaction: / \b\b- \b\b\\ \b\b| \b\b/ \b\b- \b\b\\ \b\b| \b\b/ \b\b- \b\b\\ \b\b| \b\b/ \b\b- \b\bdone\n#\n# To activate this environment, use\n#\n#     $ conda activate testenv\n#\n# To deactivate an active environment, use\n#\n#     $ conda deactivate\n\n+++source activate testenv\n++++_CONDA_ROOT=/home/travis/miniconda\n++++. /home/travis/miniconda/etc/profile.d/conda.sh\n+++++export CONDA_EXE=/home/travis/miniconda/bin/conda\n+++++CONDA_EXE=/home/travis/miniconda/bin/conda\n+++++export _CE_M=\n+++++_CE_M=\n+++++export _CE_CONDA=\n+++++_CE_CONDA=\n+++++export CONDA_PYTHON_EXE=/home/travis/miniconda/bin/python\n+++++CONDA_PYTHON_EXE=/home/travis/miniconda/bin/python\n+++++'[' -z '' ']'\n+++++export CONDA_SHLVL=0\n+++++CONDA_SHLVL=0\n+++++'[' -n x ']'\n+++++'[' -n '' ']'\n+++++++dirname /home/travis/miniconda/bin/conda\n++++++dirname /home/travis/miniconda/bin\n+++++PATH=/home/travis/miniconda/condabin:/home/travis/miniconda/bin:/home/travis/.rvm/gems/ruby-2.4.1/bin:/home/travis/.rvm/gems/ruby-2.4.1@global/bin:/home/travis/.rvm/rubies/ruby-2.4.1/bin:/home/travis/.rvm/bin:/home/travis/bin:/home/travis/.local/bin:/opt/pyenv/shims:/home/travis/.phpenv/shims:/home/travis/perl5/perlbrew/bin:/home/travis/.nvm/versions/node/v8.9.1/bin:/home/travis/.kiex/elixirs/elixir-1.4.5/bin:/home/travis/.kiex/bin:/home/travis/gopath/bin:/home/travis/.gimme/versions/go1.7.4.linux.amd64/bin:/usr/local/phantomjs/bin:/usr/local/phantomjs:/usr/local/neo4j-3.2.7/bin:/usr/local/maven-3.5.2/bin:/usr/local/cmake-3.9.2/bin:/usr/local/clang-5.0.0/bin:/usr/local/sbin:/usr/local/bin:/usr/sbin:/usr/bin:/sbin:/bin:/home/travis/.phpenv/bin:/opt/pyenv/bin:/home/travis/.yarn/bin\n+++++export PATH\n+++++'[' -z x ']'\n++++conda activate testenv\n++++'[' 2 -lt 1 ']'\n++++local cmd=activate\n++++shift\n++++case \"$cmd\" in\n++++__conda_activate activate testenv\n++++'[' -n '' ']'\n++++local cmd=activate\n++++shift\n++++local ask_conda\n++++OLDPATH=/home/travis/miniconda/condabin:/home/travis/miniconda/bin:/home/travis/.rvm/gems/ruby-2.4.1/bin:/home/travis/.rvm/gems/ruby-2.4.1@global/bin:/home/travis/.rvm/rubies/ruby-2.4.1/bin:/home/travis/.rvm/bin:/home/travis/bin:/home/travis/.local/bin:/opt/pyenv/shims:/home/travis/.phpenv/shims:/home/travis/perl5/perlbrew/bin:/home/travis/.nvm/versions/node/v8.9.1/bin:/home/travis/.kiex/elixirs/elixir-1.4.5/bin:/home/travis/.kiex/bin:/home/travis/gopath/bin:/home/travis/.gimme/versions/go1.7.4.linux.amd64/bin:/usr/local/phantomjs/bin:/usr/local/phantomjs:/usr/local/neo4j-3.2.7/bin:/usr/local/maven-3.5.2/bin:/usr/local/cmake-3.9.2/bin:/usr/local/clang-5.0.0/bin:/usr/local/sbin:/usr/local/bin:/usr/sbin:/usr/bin:/sbin:/bin:/home/travis/.phpenv/bin:/opt/pyenv/bin:/home/travis/.yarn/bin\n++++__add_sys_prefix_to_path\n++++'[' -n '' ']'\n+++++dirname /home/travis/miniconda/bin/conda\n++++SYSP=/home/travis/miniconda/bin\n+++++dirname /home/travis/miniconda/bin\n++++SYSP=/home/travis/miniconda\n++++'[' -n '' ']'\n++++PATH=/home/travis/miniconda/bin:/home/travis/miniconda/condabin:/home/travis/miniconda/bin:/home/travis/.rvm/gems/ruby-2.4.1/bin:/home/travis/.rvm/gems/ruby-2.4.1@global/bin:/home/travis/.rvm/rubies/ruby-2.4.1/bin:/home/travis/.rvm/bin:/home/travis/bin:/home/travis/.local/bin:/opt/pyenv/shims:/home/travis/.phpenv/shims:/home/travis/perl5/perlbrew/bin:/home/travis/.nvm/versions/node/v8.9.1/bin:/home/travis/.kiex/elixirs/elixir-1.4.5/bin:/home/travis/.kiex/bin:/home/travis/gopath/bin:/home/travis/.gimme/versions/go1.7.4.linux.amd64/bin:/usr/local/phantomjs/bin:/usr/local/phantomjs:/usr/local/neo4j-3.2.7/bin:/usr/local/maven-3.5.2/bin:/usr/local/cmake-3.9.2/bin:/usr/local/clang-5.0.0/bin:/usr/local/sbin:/usr/local/bin:/usr/sbin:/usr/bin:/sbin:/bin:/home/travis/.phpenv/bin:/opt/pyenv/bin:/home/travis/.yarn/bin\n++++export PATH\n+++++PS1='${debian_chroot:+($debian_chroot)}\\u@\\h:\\w\\$ '\n+++++/home/travis/miniconda/bin/conda shell.posix activate testenv\n++++ask_conda='PS1='\\''(testenv) ${debian_chroot:+($debian_chroot)}\\u@\\h:\\w\\$ '\\''\nexport PATH='\\''/home/travis/miniconda/envs/testenv/bin:/home/travis/miniconda/condabin:/home/travis/miniconda/bin:/home/travis/.rvm/gems/ruby-2.4.1/bin:/home/travis/.rvm/gems/ruby-2.4.1@global/bin:/home/travis/.rvm/rubies/ruby-2.4.1/bin:/home/travis/.rvm/bin:/home/travis/bin:/home/travis/.local/bin:/opt/pyenv/shims:/home/travis/.phpenv/shims:/home/travis/perl5/perlbrew/bin:/home/travis/.nvm/versions/node/v8.9.1/bin:/home/travis/.kiex/elixirs/elixir-1.4.5/bin:/home/travis/.kiex/bin:/home/travis/gopath/bin:/home/travis/.gimme/versions/go1.7.4.linux.amd64/bin:/usr/local/phantomjs/bin:/usr/local/phantomjs:/usr/local/neo4j-3.2.7/bin:/usr/local/maven-3.5.2/bin:/usr/local/cmake-3.9.2/bin:/usr/local/clang-5.0.0/bin:/usr/local/sbin:/usr/local/bin:/usr/sbin:/usr/bin:/sbin:/bin:/home/travis/.phpenv/bin:/opt/pyenv/bin:/home/travis/.yarn/bin'\\''\nexport CONDA_PREFIX='\\''/home/travis/miniconda/envs/testenv'\\''\nexport CONDA_SHLVL='\\''1'\\''\nexport CONDA_DEFAULT_ENV='\\''testenv'\\''\nexport CONDA_PROMPT_MODIFIER='\\''(testenv) '\\''\nexport CONDA_EXE='\\''/home/travis/miniconda/bin/conda'\\''\nexport _CE_M='\\'''\\''\nexport _CE_CONDA='\\'''\\''\nexport CONDA_PYTHON_EXE='\\''/home/travis/miniconda/bin/python'\\'''\n++++PATH=/home/travis/miniconda/condabin:/home/travis/miniconda/bin:/home/travis/.rvm/gems/ruby-2.4.1/bin:/home/travis/.rvm/gems/ruby-2.4.1@global/bin:/home/travis/.rvm/rubies/ruby-2.4.1/bin:/home/travis/.rvm/bin:/home/travis/bin:/home/travis/.local/bin:/opt/pyenv/shims:/home/travis/.phpenv/shims:/home/travis/perl5/perlbrew/bin:/home/travis/.nvm/versions/node/v8.9.1/bin:/home/travis/.kiex/elixirs/elixir-1.4.5/bin:/home/travis/.kiex/bin:/home/travis/gopath/bin:/home/travis/.gimme/versions/go1.7.4.linux.amd64/bin:/usr/local/phantomjs/bin:/usr/local/phantomjs:/usr/local/neo4j-3.2.7/bin:/usr/local/maven-3.5.2/bin:/usr/local/cmake-3.9.2/bin:/usr/local/clang-5.0.0/bin:/usr/local/sbin:/usr/local/bin:/usr/sbin:/usr/bin:/sbin:/bin:/home/travis/.phpenv/bin:/opt/pyenv/bin:/home/travis/.yarn/bin\n++++eval 'PS1='\\''(testenv) ${debian_chroot:+($debian_chroot)}\\u@\\h:\\w\\$ '\\''\nexport PATH='\\''/home/travis/miniconda/envs/testenv/bin:/home/travis/miniconda/condabin:/home/travis/miniconda/bin:/home/travis/.rvm/gems/ruby-2.4.1/bin:/home/travis/.rvm/gems/ruby-2.4.1@global/bin:/home/travis/.rvm/rubies/ruby-2.4.1/bin:/home/travis/.rvm/bin:/home/travis/bin:/home/travis/.local/bin:/opt/pyenv/shims:/home/travis/.phpenv/shims:/home/travis/perl5/perlbrew/bin:/home/travis/.nvm/versions/node/v8.9.1/bin:/home/travis/.kiex/elixirs/elixir-1.4.5/bin:/home/travis/.kiex/bin:/home/travis/gopath/bin:/home/travis/.gimme/versions/go1.7.4.linux.amd64/bin:/usr/local/phantomjs/bin:/usr/local/phantomjs:/usr/local/neo4j-3.2.7/bin:/usr/local/maven-3.5.2/bin:/usr/local/cmake-3.9.2/bin:/usr/local/clang-5.0.0/bin:/usr/local/sbin:/usr/local/bin:/usr/sbin:/usr/bin:/sbin:/bin:/home/travis/.phpenv/bin:/opt/pyenv/bin:/home/travis/.yarn/bin'\\''\nexport CONDA_PREFIX='\\''/home/travis/miniconda/envs/testenv'\\''\nexport CONDA_SHLVL='\\''1'\\''\nexport CONDA_DEFAULT_ENV='\\''testenv'\\''\nexport CONDA_PROMPT_MODIFIER='\\''(testenv) '\\''\nexport CONDA_EXE='\\''/home/travis/miniconda/bin/conda'\\''\nexport _CE_M='\\'''\\''\nexport _CE_CONDA='\\'''\\''\nexport CONDA_PYTHON_EXE='\\''/home/travis/miniconda/bin/python'\\'''\n+++++PS1='(testenv) ${debian_chroot:+($debian_chroot)}\\u@\\h:\\w\\$ '\n+++++export PATH=/home/travis/miniconda/envs/testenv/bin:/home/travis/miniconda/condabin:/home/travis/miniconda/bin:/home/travis/.rvm/gems/ruby-2.4.1/bin:/home/travis/.rvm/gems/ruby-2.4.1@global/bin:/home/travis/.rvm/rubies/ruby-2.4.1/bin:/home/travis/.rvm/bin:/home/travis/bin:/home/travis/.local/bin:/opt/pyenv/shims:/home/travis/.phpenv/shims:/home/travis/perl5/perlbrew/bin:/home/travis/.nvm/versions/node/v8.9.1/bin:/home/travis/.kiex/elixirs/elixir-1.4.5/bin:/home/travis/.kiex/bin:/home/travis/gopath/bin:/home/travis/.gimme/versions/go1.7.4.linux.amd64/bin:/usr/local/phantomjs/bin:/usr/local/phantomjs:/usr/local/neo4j-3.2.7/bin:/usr/local/maven-3.5.2/bin:/usr/local/cmake-3.9.2/bin:/usr/local/clang-5.0.0/bin:/usr/local/sbin:/usr/local/bin:/usr/sbin:/usr/bin:/sbin:/bin:/home/travis/.phpenv/bin:/opt/pyenv/bin:/home/travis/.yarn/bin\n+++++PATH=/home/travis/miniconda/envs/testenv/bin:/home/travis/miniconda/condabin:/home/travis/miniconda/bin:/home/travis/.rvm/gems/ruby-2.4.1/bin:/home/travis/.rvm/gems/ruby-2.4.1@global/bin:/home/travis/.rvm/rubies/ruby-2.4.1/bin:/home/travis/.rvm/bin:/home/travis/bin:/home/travis/.local/bin:/opt/pyenv/shims:/home/travis/.phpenv/shims:/home/travis/perl5/perlbrew/bin:/home/travis/.nvm/versions/node/v8.9.1/bin:/home/travis/.kiex/elixirs/elixir-1.4.5/bin:/home/travis/.kiex/bin:/home/travis/gopath/bin:/home/travis/.gimme/versions/go1.7.4.linux.amd64/bin:/usr/local/phantomjs/bin:/usr/local/phantomjs:/usr/local/neo4j-3.2.7/bin:/usr/local/maven-3.5.2/bin:/usr/local/cmake-3.9.2/bin:/usr/local/clang-5.0.0/bin:/usr/local/sbin:/usr/local/bin:/usr/sbin:/usr/bin:/sbin:/bin:/home/travis/.phpenv/bin:/opt/pyenv/bin:/home/travis/.yarn/bin\n+++++export CONDA_PREFIX=/home/travis/miniconda/envs/testenv\n+++++CONDA_PREFIX=/home/travis/miniconda/envs/testenv\n+++++export CONDA_SHLVL=1\n+++++CONDA_SHLVL=1\n+++++export CONDA_DEFAULT_ENV=testenv\n+++++CONDA_DEFAULT_ENV=testenv\n+++++export 'CONDA_PROMPT_MODIFIER=(testenv) '\n+++++CONDA_PROMPT_MODIFIER='(testenv) '\n+++++export CONDA_EXE=/home/travis/miniconda/bin/conda\n+++++CONDA_EXE=/home/travis/miniconda/bin/conda\n+++++export _CE_M=\n+++++_CE_M=\n+++++export _CE_CONDA=\n+++++_CE_CONDA=\n+++++export CONDA_PYTHON_EXE=/home/travis/miniconda/bin/python\n+++++CONDA_PYTHON_EXE=/home/travis/miniconda/bin/python\n++++__conda_hashr\n++++'[' -n '' ']'\n++++'[' -n '' ']'\n++++hash -r\n+++[[ 3.4 == \\3\\.\\4 ]]\n+++pip install pytest==3.5\nCollecting pytest==3.5\n  Downloading https://files.pythonhosted.org/packages/ed/96/271c93f75212c06e2a7ec3e2fa8a9c90acee0a4838dc05bf379ea09aae31/pytest-3.5.0-py2.py3-none-any.whl (194kB)\n\u001b[?25l\n\u001b[K    5% |\u2588\u258a                              | 10kB 30.8MB/s eta 0:00:01\n\u001b[K    10% |\u2588\u2588\u2588\u258d                            | 20kB 2.2MB/s eta 0:00:01\n\u001b[K    15% |\u2588\u2588\u2588\u2588\u2588                           | 30kB 3.1MB/s eta 0:00:01\n\u001b[K    21% |\u2588\u2588\u2588\u2588\u2588\u2588\u258a                         | 40kB 2.0MB/s eta 0:00:01\n\u001b[K    26% |\u2588\u2588\u2588\u2588\u2588\u2588\u2588\u2588\u258d                       | 51kB 2.5MB/s eta 0:00:01\n\u001b[K    31% |\u2588\u2588\u2588\u2588\u2588\u2588\u2588\u2588\u2588\u2588\u258f                     | 61kB 3.0MB/s eta 0:00:01\n\u001b[K    36% |\u2588\u2588\u2588\u2588\u2588\u2588\u2588\u2588\u2588\u2588\u2588\u2589                    | 71kB 3.4MB/s eta 0:00:01\n\u001b[K    42% |\u2588\u2588\u2588\u2588\u2588\u2588\u2588\u2588\u2588\u2588\u2588\u2588\u2588\u258c                  | 81kB 2.6MB/s eta 0:00:01\n\u001b[K    47% |\u2588\u2588\u2588\u2588\u2588\u2588\u2588\u2588\u2588\u2588\u2588\u2588\u2588\u2588\u2588\u258f                | 92kB 2.9MB/s eta 0:00:01\n\u001b[K    52% |\u2588\u2588\u2588\u2588\u2588\u2588\u2588\u2588\u2588\u2588\u2588\u2588\u2588\u2588\u2588\u2588\u2589               | 102kB 3.2MB/s eta 0:00:01\n\u001b[K    57% |\u2588\u2588\u2588\u2588\u2588\u2588\u2588\u2588\u2588\u2588\u2588\u2588\u2588\u2588\u2588\u2588\u2588\u2588\u258b             | 112kB 3.2MB/s eta 0:00:01\n\u001b[K    63% |\u2588\u2588\u2588\u2588\u2588\u2588\u2588\u2588\u2588\u2588\u2588\u2588\u2588\u2588\u2588\u2588\u2588\u2588\u2588\u2588\u258e           | 122kB 4.5MB/s eta 0:00:01\n\u001b[K    68% |\u2588\u2588\u2588\u2588\u2588\u2588\u2588\u2588\u2588\u2588\u2588\u2588\u2588\u2588\u2588\u2588\u2588\u2588\u2588\u2588\u2588\u2588          | 133kB 4.5MB/s eta 0:00:01\n\u001b[K    73% |\u2588\u2588\u2588\u2588\u2588\u2588\u2588\u2588\u2588\u2588\u2588\u2588\u2588\u2588\u2588\u2588\u2588\u2588\u2588\u2588\u2588\u2588\u2588\u258b        | 143kB 8.0MB/s eta 0:00:01\n\u001b[K    79% |\u2588\u2588\u2588\u2588\u2588\u2588\u2588\u2588\u2588\u2588\u2588\u2588\u2588\u2588\u2588\u2588\u2588\u2588\u2588\u2588\u2588\u2588\u2588\u2588\u2588\u258e      | 153kB 8.1MB/s eta 0:00:01\n\u001b[K    84% |\u2588\u2588\u2588\u2588\u2588\u2588\u2588\u2588\u2588\u2588\u2588\u2588\u2588\u2588\u2588\u2588\u2588\u2588\u2588\u2588\u2588\u2588\u2588\u2588\u2588\u2588\u2588     | 163kB 8.1MB/s eta 0:00:01\n\u001b[K    89% |\u2588\u2588\u2588\u2588\u2588\u2588\u2588\u2588\u2588\u2588\u2588\u2588\u2588\u2588\u2588\u2588\u2588\u2588\u2588\u2588\u2588\u2588\u2588\u2588\u2588\u2588\u2588\u2588\u258a   | 174kB 8.1MB/s eta 0:00:01\n\u001b[K    94% |\u2588\u2588\u2588\u2588\u2588\u2588\u2588\u2588\u2588\u2588\u2588\u2588\u2588\u2588\u2588\u2588\u2588\u2588\u2588\u2588\u2588\u2588\u2588\u2588\u2588\u2588\u2588\u2588\u2588\u2588\u258d | 184kB 37.6MB/s eta 0:00:01\n\u001b[K    100% |\u2588\u2588\u2588\u2588\u2588\u2588\u2588\u2588\u2588\u2588\u2588\u2588\u2588\u2588\u2588\u2588\u2588\u2588\u2588\u2588\u2588\u2588\u2588\u2588\u2588\u2588\u2588\u2588\u2588\u2588\u2588\u2588| 194kB 5.6MB/s \n\u001b[?25hCollecting attrs>=17.4.0 (from pytest==3.5)\n  Downloading https://files.pythonhosted.org/packages/23/96/d828354fa2dbdf216eaa7b7de0db692f12c234f7ef888cc14980ef40d1d2/attrs-19.1.0-py2.py3-none-any.whl\nCollecting pluggy<0.7,>=0.5 (from pytest==3.5)\n  Downloading https://files.pythonhosted.org/packages/ba/65/ded3bc40bbf8d887f262f150fbe1ae6637765b5c9534bd55690ed2c0b0f7/pluggy-0.6.0-py3-none-any.whl\nRequirement already satisfied: py>=1.5.0 in /home/travis/miniconda/envs/testenv/lib/python3.4/site-packages (from pytest==3.5)\nRequirement already satisfied: setuptools in /home/travis/miniconda/envs/testenv/lib/python3.4/site-packages (from pytest==3.5)\nCollecting more-itertools>=4.0.0 (from pytest==3.5)\n  Downloading https://files.pythonhosted.org/packages/45/dc/3241eef99eb45f1def35cf93af35d1cf9ef4c0991792583b8f33ea41b092/more_itertools-7.2.0-py3-none-any.whl (57kB)\n\u001b[?25l\n\u001b[K    17% |\u2588\u2588\u2588\u2588\u2588\u258a                          | 10kB 38.2MB/s eta 0:00:01\n\u001b[K    35% |\u2588\u2588\u2588\u2588\u2588\u2588\u2588\u2588\u2588\u2588\u2588\u258d                    | 20kB 38.6MB/s eta 0:00:01\n\u001b[K    53% |\u2588\u2588\u2588\u2588\u2588\u2588\u2588\u2588\u2588\u2588\u2588\u2588\u2588\u2588\u2588\u2588\u2588\u258f              | 30kB 40.5MB/s eta 0:00:01\n\u001b[K    71% |\u2588\u2588\u2588\u2588\u2588\u2588\u2588\u2588\u2588\u2588\u2588\u2588\u2588\u2588\u2588\u2588\u2588\u2588\u2588\u2588\u2588\u2588\u2589         | 40kB 40.9MB/s eta 0:00:01\n\u001b[K    89% |\u2588\u2588\u2588\u2588\u2588\u2588\u2588\u2588\u2588\u2588\u2588\u2588\u2588\u2588\u2588\u2588\u2588\u2588\u2588\u2588\u2588\u2588\u2588\u2588\u2588\u2588\u2588\u2588\u258b   | 51kB 42.0MB/s eta 0:00:01\n\u001b[K    100% |\u2588\u2588\u2588\u2588\u2588\u2588\u2588\u2588\u2588\u2588\u2588\u2588\u2588\u2588\u2588\u2588\u2588\u2588\u2588\u2588\u2588\u2588\u2588\u2588\u2588\u2588\u2588\u2588\u2588\u2588\u2588\u2588| 61kB 9.7MB/s \n\u001b[?25hCollecting six>=1.10.0 (from pytest==3.5)\n  Downloading https://files.pythonhosted.org/packages/73/fb/00a976f728d0d1fecfe898238ce23f502a721c0ac0ecfedb80e0d88c64e9/six-1.12.0-py2.py3-none-any.whl\nInstalling collected packages: attrs, pluggy, more-itertools, six, pytest\n  Found existing installation: pytest 3.2.2\n    Uninstalling pytest-3.2.2:\n      Successfully uninstalled pytest-3.2.2\nSuccessfully installed attrs-19.1.0 more-itertools-7.2.0 pluggy-0.6.0 pytest-3.5.0 six-1.12.0\n+++[[ true == \\t\\r\\u\\e ]]\n+++pip install coverage codecov\nRequirement already satisfied: coverage in /home/travis/miniconda/envs/testenv/lib/python3.4/site-packages\nCollecting codecov\n  Downloading https://files.pythonhosted.org/packages/8b/28/4c1950a61c3c5786f0f34d643d0d28ec832433c9a7c0bd157690d4eb1d5f/codecov-2.0.15-py2.py3-none-any.whl\nCollecting requests>=2.7.9 (from codecov)\n  Downloading https://files.pythonhosted.org/packages/7d/e3/20f3d364d6c8e5d2353c72a67778eb189176f08e873c9900e10c0287b84b/requests-2.21.0-py2.py3-none-any.whl (57kB)\n\u001b[?25l\n\u001b[K    17% |\u2588\u2588\u2588\u2588\u2588\u258b                          | 10kB 33.9MB/s eta 0:00:01\n\u001b[K    35% |\u2588\u2588\u2588\u2588\u2588\u2588\u2588\u2588\u2588\u2588\u2588\u258e                    | 20kB 2.2MB/s eta 0:00:01\n\u001b[K    52% |\u2588\u2588\u2588\u2588\u2588\u2588\u2588\u2588\u2588\u2588\u2588\u2588\u2588\u2588\u2588\u2588\u2588               | 30kB 3.2MB/s eta 0:00:01\n\u001b[K    70% |\u2588\u2588\u2588\u2588\u2588\u2588\u2588\u2588\u2588\u2588\u2588\u2588\u2588\u2588\u2588\u2588\u2588\u2588\u2588\u2588\u2588\u2588\u258b         | 40kB 4.2MB/s eta 0:00:01\n\u001b[K    88% |\u2588\u2588\u2588\u2588\u2588\u2588\u2588\u2588\u2588\u2588\u2588\u2588\u2588\u2588\u2588\u2588\u2588\u2588\u2588\u2588\u2588\u2588\u2588\u2588\u2588\u2588\u2588\u2588\u258e   | 51kB 5.1MB/s eta 0:00:01\n\u001b[K    100% |\u2588\u2588\u2588\u2588\u2588\u2588\u2588\u2588\u2588\u2588\u2588\u2588\u2588\u2588\u2588\u2588\u2588\u2588\u2588\u2588\u2588\u2588\u2588\u2588\u2588\u2588\u2588\u2588\u2588\u2588\u2588\u2588| 61kB 4.0MB/s \n\u001b[?25hCollecting certifi>=2017.4.17 (from requests>=2.7.9->codecov)\n  Downloading https://files.pythonhosted.org/packages/69/1b/b853c7a9d4f6a6d00749e94eb6f3a041e342a885b87340b79c1ef73e3a78/certifi-2019.6.16-py2.py3-none-any.whl (157kB)\n\u001b[?25l\n\u001b[K    6% |\u2588\u2588                              | 10kB 36.5MB/s eta 0:00:01\n\u001b[K    13% |\u2588\u2588\u2588\u2588\u258f                           | 20kB 39.1MB/s eta 0:00:01\n\u001b[K    19% |\u2588\u2588\u2588\u2588\u2588\u2588\u258e                         | 30kB 39.5MB/s eta 0:00:01\n\u001b[K    26% |\u2588\u2588\u2588\u2588\u2588\u2588\u2588\u2588\u258d                       | 40kB 41.1MB/s eta 0:00:01\n\u001b[K    32% |\u2588\u2588\u2588\u2588\u2588\u2588\u2588\u2588\u2588\u2588\u258d                     | 51kB 41.6MB/s eta 0:00:01\n\u001b[K    39% |\u2588\u2588\u2588\u2588\u2588\u2588\u2588\u2588\u2588\u2588\u2588\u2588\u258c                   | 61kB 42.7MB/s eta 0:00:01\n\u001b[K    45% |\u2588\u2588\u2588\u2588\u2588\u2588\u2588\u2588\u2588\u2588\u2588\u2588\u2588\u2588\u258b                 | 71kB 7.2MB/s eta 0:00:01\n\u001b[K    52% |\u2588\u2588\u2588\u2588\u2588\u2588\u2588\u2588\u2588\u2588\u2588\u2588\u2588\u2588\u2588\u2588\u258a               | 81kB 8.0MB/s eta 0:00:01\n\u001b[K    58% |\u2588\u2588\u2588\u2588\u2588\u2588\u2588\u2588\u2588\u2588\u2588\u2588\u2588\u2588\u2588\u2588\u2588\u2588\u258a             | 92kB 8.8MB/s eta 0:00:01\n\u001b[K    65% |\u2588\u2588\u2588\u2588\u2588\u2588\u2588\u2588\u2588\u2588\u2588\u2588\u2588\u2588\u2588\u2588\u2588\u2588\u2588\u2588\u2589           | 102kB 9.6MB/s eta 0:00:01\n\u001b[K    71% |\u2588\u2588\u2588\u2588\u2588\u2588\u2588\u2588\u2588\u2588\u2588\u2588\u2588\u2588\u2588\u2588\u2588\u2588\u2588\u2588\u2588\u2588\u2588         | 112kB 9.6MB/s eta 0:00:01\n\u001b[K    78% |\u2588\u2588\u2588\u2588\u2588\u2588\u2588\u2588\u2588\u2588\u2588\u2588\u2588\u2588\u2588\u2588\u2588\u2588\u2588\u2588\u2588\u2588\u2588\u2588\u2588       | 122kB 9.6MB/s eta 0:00:01\n\u001b[K    84% |\u2588\u2588\u2588\u2588\u2588\u2588\u2588\u2588\u2588\u2588\u2588\u2588\u2588\u2588\u2588\u2588\u2588\u2588\u2588\u2588\u2588\u2588\u2588\u2588\u2588\u2588\u2588\u258f    | 133kB 9.6MB/s eta 0:00:01\n\u001b[K    91% |\u2588\u2588\u2588\u2588\u2588\u2588\u2588\u2588\u2588\u2588\u2588\u2588\u2588\u2588\u2588\u2588\u2588\u2588\u2588\u2588\u2588\u2588\u2588\u2588\u2588\u2588\u2588\u2588\u2588\u258f  | 143kB 9.7MB/s eta 0:00:01\n\u001b[K    97% |\u2588\u2588\u2588\u2588\u2588\u2588\u2588\u2588\u2588\u2588\u2588\u2588\u2588\u2588\u2588\u2588\u2588\u2588\u2588\u2588\u2588\u2588\u2588\u2588\u2588\u2588\u2588\u2588\u2588\u2588\u2588\u258e| 153kB 9.7MB/s eta 0:00:01\n\u001b[K    100% |\u2588\u2588\u2588\u2588\u2588\u2588\u2588\u2588\u2588\u2588\u2588\u2588\u2588\u2588\u2588\u2588\u2588\u2588\u2588\u2588\u2588\u2588\u2588\u2588\u2588\u2588\u2588\u2588\u2588\u2588\u2588\u2588| 163kB 4.3MB/s \n\u001b[?25hCollecting idna<2.9,>=2.5 (from requests>=2.7.9->codecov)\n  Downloading https://files.pythonhosted.org/packages/14/2c/cd551d81dbe15200be1cf41cd03869a46fe7226e7450af7a6545bfc474c9/idna-2.8-py2.py3-none-any.whl (58kB)\n\u001b[?25l\n\u001b[K    17% |\u2588\u2588\u2588\u2588\u2588\u258b                          | 10kB 39.5MB/s eta 0:00:01\n\u001b[K    34% |\u2588\u2588\u2588\u2588\u2588\u2588\u2588\u2588\u2588\u2588\u2588\u258f                    | 20kB 38.8MB/s eta 0:00:01\n\u001b[K    52% |\u2588\u2588\u2588\u2588\u2588\u2588\u2588\u2588\u2588\u2588\u2588\u2588\u2588\u2588\u2588\u2588\u258a               | 30kB 41.2MB/s eta 0:00:01\n\u001b[K    69% |\u2588\u2588\u2588\u2588\u2588\u2588\u2588\u2588\u2588\u2588\u2588\u2588\u2588\u2588\u2588\u2588\u2588\u2588\u2588\u2588\u2588\u2588\u258d         | 40kB 42.3MB/s eta 0:00:01\n\u001b[K    87% |\u2588\u2588\u2588\u2588\u2588\u2588\u2588\u2588\u2588\u2588\u2588\u2588\u2588\u2588\u2588\u2588\u2588\u2588\u2588\u2588\u2588\u2588\u2588\u2588\u2588\u2588\u2588\u2588    | 51kB 43.0MB/s eta 0:00:01\n\u001b[K    100% |\u2588\u2588\u2588\u2588\u2588\u2588\u2588\u2588\u2588\u2588\u2588\u2588\u2588\u2588\u2588\u2588\u2588\u2588\u2588\u2588\u2588\u2588\u2588\u2588\u2588\u2588\u2588\u2588\u2588\u2588\u2588\u2588| 61kB 9.6MB/s \n\u001b[?25hCollecting urllib3<1.25,>=1.21.1 (from requests>=2.7.9->codecov)\n  Downloading https://files.pythonhosted.org/packages/01/11/525b02e4acc0c747de8b6ccdab376331597c569c42ea66ab0a1dbd36eca2/urllib3-1.24.3-py2.py3-none-any.whl (118kB)\n\u001b[?25l\n\u001b[K    8% |\u2588\u2588\u258a                             | 10kB 35.4MB/s eta 0:00:01\n\u001b[K    17% |\u2588\u2588\u2588\u2588\u2588\u258c                          | 20kB 37.6MB/s eta 0:00:01\n\u001b[K    25% |\u2588\u2588\u2588\u2588\u2588\u2588\u2588\u2588\u258e                       | 30kB 40.0MB/s eta 0:00:01\n\u001b[K    34% |\u2588\u2588\u2588\u2588\u2588\u2588\u2588\u2588\u2588\u2588\u2588                     | 40kB 41.1MB/s eta 0:00:01\n\u001b[K    43% |\u2588\u2588\u2588\u2588\u2588\u2588\u2588\u2588\u2588\u2588\u2588\u2588\u2588\u2589                  | 51kB 41.2MB/s eta 0:00:01\n\u001b[K    51% |\u2588\u2588\u2588\u2588\u2588\u2588\u2588\u2588\u2588\u2588\u2588\u2588\u2588\u2588\u2588\u2588\u258c               | 61kB 42.6MB/s eta 0:00:01\n\u001b[K    60% |\u2588\u2588\u2588\u2588\u2588\u2588\u2588\u2588\u2588\u2588\u2588\u2588\u2588\u2588\u2588\u2588\u2588\u2588\u2588\u258e            | 71kB 42.5MB/s eta 0:00:01\n\u001b[K    68% |\u2588\u2588\u2588\u2588\u2588\u2588\u2588\u2588\u2588\u2588\u2588\u2588\u2588\u2588\u2588\u2588\u2588\u2588\u2588\u2588\u2588\u2588          | 81kB 42.5MB/s eta 0:00:01\n\u001b[K    77% |\u2588\u2588\u2588\u2588\u2588\u2588\u2588\u2588\u2588\u2588\u2588\u2588\u2588\u2588\u2588\u2588\u2588\u2588\u2588\u2588\u2588\u2588\u2588\u2588\u2589       | 92kB 43.3MB/s eta 0:00:01\n\u001b[K    86% |\u2588\u2588\u2588\u2588\u2588\u2588\u2588\u2588\u2588\u2588\u2588\u2588\u2588\u2588\u2588\u2588\u2588\u2588\u2588\u2588\u2588\u2588\u2588\u2588\u2588\u2588\u2588\u258b    | 102kB 43.4MB/s eta 0:00:01\n\u001b[K    94% |\u2588\u2588\u2588\u2588\u2588\u2588\u2588\u2588\u2588\u2588\u2588\u2588\u2588\u2588\u2588\u2588\u2588\u2588\u2588\u2588\u2588\u2588\u2588\u2588\u2588\u2588\u2588\u2588\u2588\u2588\u258d | 112kB 44.7MB/s eta 0:00:01\n\u001b[K    100% |\u2588\u2588\u2588\u2588\u2588\u2588\u2588\u2588\u2588\u2588\u2588\u2588\u2588\u2588\u2588\u2588\u2588\u2588\u2588\u2588\u2588\u2588\u2588\u2588\u2588\u2588\u2588\u2588\u2588\u2588\u2588\u2588| 122kB 8.0MB/s \n\u001b[?25hCollecting chardet<3.1.0,>=3.0.2 (from requests>=2.7.9->codecov)\n  Downloading https://files.pythonhosted.org/packages/bc/a9/01ffebfb562e4274b6487b4bb1ddec7ca55ec7510b22e4c51f14098443b8/chardet-3.0.4-py2.py3-none-any.whl (133kB)\n\u001b[?25l\n\u001b[K    7% |\u2588\u2588\u258c                             | 10kB 39.6MB/s eta 0:00:01\n\u001b[K    15% |\u2588\u2588\u2588\u2588\u2588                           | 20kB 40.2MB/s eta 0:00:01\n\u001b[K    23% |\u2588\u2588\u2588\u2588\u2588\u2588\u2588\u258d                        | 30kB 40.4MB/s eta 0:00:01\n\u001b[K    30% |\u2588\u2588\u2588\u2588\u2588\u2588\u2588\u2588\u2588\u2589                      | 40kB 41.5MB/s eta 0:00:01\n\u001b[K    38% |\u2588\u2588\u2588\u2588\u2588\u2588\u2588\u2588\u2588\u2588\u2588\u2588\u258e                   | 51kB 41.5MB/s eta 0:00:01\n\u001b[K    46% |\u2588\u2588\u2588\u2588\u2588\u2588\u2588\u2588\u2588\u2588\u2588\u2588\u2588\u2588\u258a                 | 61kB 43.3MB/s eta 0:00:01\n\u001b[K    53% |\u2588\u2588\u2588\u2588\u2588\u2588\u2588\u2588\u2588\u2588\u2588\u2588\u2588\u2588\u2588\u2588\u2588\u258f              | 71kB 43.3MB/s eta 0:00:01\n\u001b[K    61% |\u2588\u2588\u2588\u2588\u2588\u2588\u2588\u2588\u2588\u2588\u2588\u2588\u2588\u2588\u2588\u2588\u2588\u2588\u2588\u258b            | 81kB 43.2MB/s eta 0:00:01\n\u001b[K    69% |\u2588\u2588\u2588\u2588\u2588\u2588\u2588\u2588\u2588\u2588\u2588\u2588\u2588\u2588\u2588\u2588\u2588\u2588\u2588\u2588\u2588\u2588\u258f         | 92kB 43.7MB/s eta 0:00:01\n\u001b[K    76% |\u2588\u2588\u2588\u2588\u2588\u2588\u2588\u2588\u2588\u2588\u2588\u2588\u2588\u2588\u2588\u2588\u2588\u2588\u2588\u2588\u2588\u2588\u2588\u2588\u258b       | 102kB 44.0MB/s eta 0:00:01\n\u001b[K    84% |\u2588\u2588\u2588\u2588\u2588\u2588\u2588\u2588\u2588\u2588\u2588\u2588\u2588\u2588\u2588\u2588\u2588\u2588\u2588\u2588\u2588\u2588\u2588\u2588\u2588\u2588\u2588     | 112kB 45.0MB/s eta 0:00:01\n\u001b[K    92% |\u2588\u2588\u2588\u2588\u2588\u2588\u2588\u2588\u2588\u2588\u2588\u2588\u2588\u2588\u2588\u2588\u2588\u2588\u2588\u2588\u2588\u2588\u2588\u2588\u2588\u2588\u2588\u2588\u2588\u258c  | 122kB 45.3MB/s eta 0:00:01\n\u001b[K    99% |\u2588\u2588\u2588\u2588\u2588\u2588\u2588\u2588\u2588\u2588\u2588\u2588\u2588\u2588\u2588\u2588\u2588\u2588\u2588\u2588\u2588\u2588\u2588\u2588\u2588\u2588\u2588\u2588\u2588\u2588\u2588\u2588| 133kB 45.5MB/s eta 0:00:01\n\u001b[K    100% |\u2588\u2588\u2588\u2588\u2588\u2588\u2588\u2588\u2588\u2588\u2588\u2588\u2588\u2588\u2588\u2588\u2588\u2588\u2588\u2588\u2588\u2588\u2588\u2588\u2588\u2588\u2588\u2588\u2588\u2588\u2588\u2588| 143kB 7.9MB/s \n\u001b[?25hInstalling collected packages: certifi, idna, urllib3, chardet, requests, codecov\n  Found existing installation: certifi 2017.1.23\n\u001b[31m    DEPRECATION: Uninstalling a distutils installed project (certifi) has been deprecated and will be removed in a future version. This is due to the fact that uninstalling a distutils project will only partially uninstall the project.\u001b[0m\n    Uninstalling certifi-2017.1.23:\n      Successfully uninstalled certifi-2017.1.23\nSuccessfully installed certifi-2019.6.16 chardet-3.0.4 codecov-2.0.15 idna-2.8 requests-2.21.0 urllib3-1.24.3\n+++[[ '' == \\t\\r\\u\\e ]]\n+++python --version\nPython 3.4.5\n+++python -c 'import numpy; print('\\''numpy %s'\\'' % numpy.__version__)'\nnumpy 1.10.4\n+++python -c 'import scipy; print('\\''scipy %s'\\'' % scipy.__version__)'\nscipy 0.17.1\n+++python -c 'try:\n    import pandas\n    print('\\''pandas %s'\\'' % pandas.__version__)\nexcept ImportError:\n    pass\n'\n+++python setup.py develop\nPartial import of sklearn during the build process.\n\u001b[39mblas_opt_info:\u001b[0m\n\u001b[39mblas_mkl_info:\u001b[0m\n\u001b[39m  libraries mkl,vml,guide not found in ['/home/travis/miniconda/envs/testenv/lib']\u001b[0m\n\u001b[39m  NOT AVAILABLE\u001b[0m\n\u001b[39m\u001b[0m\n\u001b[39mopenblas_info:\u001b[0m\n/home/travis/miniconda/envs/testenv/lib/python3.4/site-packages/numpy/distutils/system_info.py:635: UserWarning: Specified path  is invalid.\n  warnings.warn('Specified path %s is invalid.' % d)\n\u001b[39m  libraries openblas not found in []\u001b[0m\n\u001b[39mRuntime library openblas was not found. Ignoring\u001b[0m\n\u001b[39m  FOUND:\u001b[0m\n\u001b[39m    library_dirs = ['/home/travis/miniconda/envs/testenv/lib']\u001b[0m\n\u001b[39m    language = c\u001b[0m\n\u001b[39m    define_macros = [('HAVE_CBLAS', None)]\u001b[0m\n\u001b[39m    libraries = ['openblas', 'openblas']\u001b[0m\n\u001b[39m\u001b[0m\n\u001b[39m  FOUND:\u001b[0m\n\u001b[39m    library_dirs = ['/home/travis/miniconda/envs/testenv/lib']\u001b[0m\n\u001b[39m    language = c\u001b[0m\n\u001b[39m    define_macros = [('HAVE_CBLAS', None)]\u001b[0m\n\u001b[39m    libraries = ['openblas', 'openblas']\u001b[0m\n\u001b[39m\u001b[0m\nsklearn/manifold/_barnes_hut_tsne.pyx: cannot find cimported module 'sklearn.neighbors'\nCompiling sklearn/__check_build/_check_build.pyx because it changed.\nCompiling sklearn/cluster/_dbscan_inner.pyx because it changed.\nCompiling sklearn/cluster/_hierarchical.pyx because it changed.\nCompiling sklearn/cluster/_k_means_elkan.pyx because it changed.\nCompiling sklearn/cluster/_k_means.pyx because it changed.\nCompiling sklearn/datasets/_svmlight_format.pyx because it changed.\nCompiling sklearn/decomposition/_online_lda.pyx because it changed.\nCompiling sklearn/decomposition/cdnmf_fast.pyx because it changed.\nCompiling sklearn/ensemble/_gradient_boosting.pyx because it changed.\nCompiling sklearn/feature_extraction/_hashing.pyx because it changed.\nCompiling sklearn/manifold/_utils.pyx because it changed.\nCompiling sklearn/manifold/_barnes_hut_tsne.pyx because it changed.\nCompiling sklearn/metrics/cluster/expected_mutual_info_fast.pyx because it changed.\nCompiling sklearn/metrics/pairwise_fast.pyx because it changed.\nCompiling sklearn/neighbors/ball_tree.pyx because it changed.\nCompiling sklearn/neighbors/kd_tree.pyx because it changed.\nCompiling sklearn/neighbors/dist_metrics.pyx because it changed.\nCompiling sklearn/neighbors/typedefs.pyx because it changed.\nCompiling sklearn/neighbors/quad_tree.pyx because it changed.\nCompiling sklearn/tree/_tree.pyx because it changed.\nCompiling sklearn/tree/_splitter.pyx because it changed.\nCompiling sklearn/tree/_criterion.pyx because it changed.\nCompiling sklearn/tree/_utils.pyx because it changed.\nCompiling sklearn/svm/libsvm.pyx because it changed.\nCompiling sklearn/svm/liblinear.pyx because it changed.\nCompiling sklearn/svm/libsvm_sparse.pyx because it changed.\nCompiling sklearn/_isotonic.pyx because it changed.\nCompiling sklearn/linear_model/cd_fast.pyx because it changed.\nCompiling sklearn/linear_model/sgd_fast.pyx because it changed.\nCompiling sklearn/linear_model/sag_fast.pyx because it changed.\nCompiling sklearn/utils/sparsefuncs_fast.pyx because it changed.\nCompiling sklearn/utils/arrayfuncs.pyx because it changed.\nCompiling sklearn/utils/murmurhash.pyx because it changed.\nCompiling sklearn/utils/lgamma.pyx because it changed.\nCompiling sklearn/utils/graph_shortest_path.pyx because it changed.\nCompiling sklearn/utils/fast_dict.pyx because it changed.\nCompiling sklearn/utils/seq_dataset.pyx because it changed.\nCompiling sklearn/utils/weight_vector.pyx because it changed.\nCompiling sklearn/utils/_random.pyx because it changed.\nCompiling sklearn/utils/_logistic_sigmoid.pyx because it changed.\n[ 1/40] Cythonizing sklearn/__check_build/_check_build.pyx\n[ 2/40] Cythonizing sklearn/_isotonic.pyx\n[ 3/40] Cythonizing sklearn/cluster/_dbscan_inner.pyx\n[ 4/40] Cythonizing sklearn/cluster/_hierarchical.pyx\n[ 5/40] Cythonizing sklearn/cluster/_k_means.pyx\n[ 6/40] Cythonizing sklearn/cluster/_k_means_elkan.pyx\n[ 7/40] Cythonizing sklearn/datasets/_svmlight_format.pyx\n[ 8/40] Cythonizing sklearn/decomposition/_online_lda.pyx\n[ 9/40] Cythonizing sklearn/decomposition/cdnmf_fast.pyx\n[10/40] Cythonizing sklearn/ensemble/_gradient_boosting.pyx\n[11/40] Cythonizing sklearn/feature_extraction/_hashing.pyx\n[12/40] Cythonizing sklearn/linear_model/cd_fast.pyx\n[13/40] Cythonizing sklearn/linear_model/sag_fast.pyx\n[14/40] Cythonizing sklearn/linear_model/sgd_fast.pyx\n[15/40] Cythonizing sklearn/manifold/_barnes_hut_tsne.pyx\n[16/40] Cythonizing sklearn/manifold/_utils.pyx\n[17/40] Cythonizing sklearn/metrics/cluster/expected_mutual_info_fast.pyx\n[18/40] Cythonizing sklearn/metrics/pairwise_fast.pyx\n[19/40] Cythonizing sklearn/neighbors/ball_tree.pyx\n[20/40] Cythonizing sklearn/neighbors/dist_metrics.pyx\n[21/40] Cythonizing sklearn/neighbors/kd_tree.pyx\n[22/40] Cythonizing sklearn/neighbors/quad_tree.pyx\n[23/40] Cythonizing sklearn/neighbors/typedefs.pyx\n[24/40] Cythonizing sklearn/svm/liblinear.pyx\n[25/40] Cythonizing sklearn/svm/libsvm.pyx\n[26/40] Cythonizing sklearn/svm/libsvm_sparse.pyx\n[27/40] Cythonizing sklearn/tree/_criterion.pyx\n[28/40] Cythonizing sklearn/tree/_splitter.pyx\n[29/40] Cythonizing sklearn/tree/_tree.pyx\n[30/40] Cythonizing sklearn/tree/_utils.pyx\n[31/40] Cythonizing sklearn/utils/_logistic_sigmoid.pyx\n[32/40] Cythonizing sklearn/utils/_random.pyx\n[33/40] Cythonizing sklearn/utils/arrayfuncs.pyx\n[34/40] Cythonizing sklearn/utils/fast_dict.pyx\n[35/40] Cythonizing sklearn/utils/graph_shortest_path.pyx\n[36/40] Cythonizing sklearn/utils/lgamma.pyx\n[37/40] Cythonizing sklearn/utils/murmurhash.pyx\n[38/40] Cythonizing sklearn/utils/seq_dataset.pyx\n[39/40] Cythonizing sklearn/utils/sparsefuncs_fast.pyx\n[40/40] Cythonizing sklearn/utils/weight_vector.pyx\n\u001b[39mrunning develop\u001b[0m\n\u001b[39mrunning build_scripts\u001b[0m\n\u001b[39mrunning egg_info\u001b[0m\n\u001b[39mrunning build_src\u001b[0m\n\u001b[39mbuild_src\u001b[0m\n\u001b[39mbuilding library \"libsvm-skl\" sources\u001b[0m\n\u001b[39mbuilding extension \"sklearn.__check_build._check_build\" sources\u001b[0m\n\u001b[39mbuilding extension \"sklearn.cluster._dbscan_inner\" sources\u001b[0m\n\u001b[39mbuilding extension \"sklearn.cluster._hierarchical\" sources\u001b[0m\n\u001b[39mbuilding extension \"sklearn.cluster._k_means_elkan\" sources\u001b[0m\n\u001b[39mbuilding extension \"sklearn.cluster._k_means\" sources\u001b[0m\n\u001b[39mbuilding extension \"sklearn.datasets._svmlight_format\" sources\u001b[0m\n\u001b[39mbuilding extension \"sklearn.decomposition._online_lda\" sources\u001b[0m\n\u001b[39mbuilding extension \"sklearn.decomposition.cdnmf_fast\" sources\u001b[0m\n\u001b[39mbuilding extension \"sklearn.ensemble._gradient_boosting\" sources\u001b[0m\n\u001b[39mbuilding extension \"sklearn.feature_extraction._hashing\" sources\u001b[0m\n\u001b[39mbuilding extension \"sklearn.manifold._utils\" sources\u001b[0m\n\u001b[39mbuilding extension \"sklearn.manifold._barnes_hut_tsne\" sources\u001b[0m\n\u001b[39mbuilding extension \"sklearn.metrics.cluster.expected_mutual_info_fast\" sources\u001b[0m\n\u001b[39mbuilding extension \"sklearn.metrics.pairwise_fast\" sources\u001b[0m\n\u001b[39mbuilding extension \"sklearn.neighbors.ball_tree\" sources\u001b[0m\n\u001b[39mbuilding extension \"sklearn.neighbors.kd_tree\" sources\u001b[0m\n\u001b[39mbuilding extension \"sklearn.neighbors.dist_metrics\" sources\u001b[0m\n\u001b[39mbuilding extension \"sklearn.neighbors.typedefs\" sources\u001b[0m\n\u001b[39mbuilding extension \"sklearn.neighbors.quad_tree\" sources\u001b[0m\n\u001b[39mbuilding extension \"sklearn.tree._tree\" sources\u001b[0m\n\u001b[39mbuilding extension \"sklearn.tree._splitter\" sources\u001b[0m\n\u001b[39mbuilding extension \"sklearn.tree._criterion\" sources\u001b[0m\n\u001b[39mbuilding extension \"sklearn.tree._utils\" sources\u001b[0m\n\u001b[39mbuilding extension \"sklearn.svm.libsvm\" sources\u001b[0m\n\u001b[39mbuilding extension \"sklearn.svm.liblinear\" sources\u001b[0m\n\u001b[39mbuilding extension \"sklearn.svm.libsvm_sparse\" sources\u001b[0m\n\u001b[39mbuilding extension \"sklearn._isotonic\" sources\u001b[0m\n\u001b[39mbuilding extension \"sklearn.linear_model.cd_fast\" sources\u001b[0m\n\u001b[39mbuilding extension \"sklearn.linear_model.sgd_fast\" sources\u001b[0m\n\u001b[39mbuilding extension \"sklearn.linear_model.sag_fast\" sources\u001b[0m\n\u001b[39mbuilding extension \"sklearn.utils.sparsefuncs_fast\" sources\u001b[0m\n\u001b[39mbuilding extension \"sklearn.utils.arrayfuncs\" sources\u001b[0m\n\u001b[39mbuilding extension \"sklearn.utils.murmurhash\" sources\u001b[0m\n\u001b[39mbuilding extension \"sklearn.utils.lgamma\" sources\u001b[0m\n\u001b[39mbuilding extension \"sklearn.utils.graph_shortest_path\" sources\u001b[0m\n\u001b[39mbuilding extension \"sklearn.utils.fast_dict\" sources\u001b[0m\n\u001b[39mbuilding extension \"sklearn.utils.seq_dataset\" sources\u001b[0m\n\u001b[39mbuilding extension \"sklearn.utils.weight_vector\" sources\u001b[0m\n\u001b[39mbuilding extension \"sklearn.utils._random\" sources\u001b[0m\n\u001b[39mbuilding extension \"sklearn.utils._logistic_sigmoid\" sources\u001b[0m\n\u001b[39mbuilding data_files sources\u001b[0m\n\u001b[39mbuild_src: building npy-pkg config files\u001b[0m\n\u001b[39mcreating scikit_learn.egg-info\u001b[0m\n\u001b[39mwriting scikit_learn.egg-info/PKG-INFO\u001b[0m\n\u001b[39mwriting dependency_links to scikit_learn.egg-info/dependency_links.txt\u001b[0m\n\u001b[39mwriting requirements to scikit_learn.egg-info/requires.txt\u001b[0m\n\u001b[39mwriting top-level names to scikit_learn.egg-info/top_level.txt\u001b[0m\n\u001b[39mwriting manifest file 'scikit_learn.egg-info/SOURCES.txt'\u001b[0m\n\u001b[39mreading manifest file 'scikit_learn.egg-info/SOURCES.txt'\u001b[0m\n\u001b[39mreading manifest template 'MANIFEST.in'\u001b[0m\n\u001b[39mwriting manifest file 'scikit_learn.egg-info/SOURCES.txt'\u001b[0m\n\u001b[39mrunning build_ext\u001b[0m\n\u001b[39mcustomize UnixCCompiler\u001b[0m\n\u001b[39mcustomize UnixCCompiler using build_clib\u001b[0m\n\u001b[39mbuilding 'libsvm-skl' library\u001b[0m\n\u001b[39mcompiling C++ sources\u001b[0m\n\u001b[39mC compiler: /usr/lib/ccache/g++ -Wno-unused-result -DNDEBUG -g -fwrapv -O3 -Wall -fPIC\n\u001b[0m\n\u001b[39mcreating build\u001b[0m\n\u001b[39mcreating build/temp.linux-x86_64-3.4\u001b[0m\n\u001b[39mcreating build/temp.linux-x86_64-3.4/sklearn\u001b[0m\n\u001b[39mcreating build/temp.linux-x86_64-3.4/sklearn/svm\u001b[0m\n\u001b[39mcreating build/temp.linux-x86_64-3.4/sklearn/svm/src\u001b[0m\n\u001b[39mcreating build/temp.linux-x86_64-3.4/sklearn/svm/src/libsvm\u001b[0m\n\u001b[39mcompile options: '-I/home/travis/miniconda/envs/testenv/lib/python3.4/site-packages/numpy/core/include -I/home/travis/miniconda/envs/testenv/include/python3.4m -I/home/travis/miniconda/envs/testenv/include/python3.4m -c'\u001b[0m\n\u001b[39mg++: sklearn/svm/src/libsvm/libsvm_template.cpp\u001b[0m\n\u001b[39mar: adding 1 object files to build/temp.linux-x86_64-3.4/liblibsvm-skl.a\u001b[0m\n\u001b[39mcustomize UnixCCompiler\u001b[0m\n\u001b[39mcustomize UnixCCompiler using build_ext\u001b[0m\n\u001b[31mresetting extension 'sklearn.svm.liblinear' language from 'c' to 'c++'.\u001b[0m\n\u001b[39mcustomize UnixCCompiler\u001b[0m\n\u001b[39mcustomize UnixCCompiler using build_ext\u001b[0m\n\u001b[39mbuilding 'sklearn.__check_build._check_build' extension\u001b[0m\n\u001b[39mcompiling C sources\u001b[0m\n\u001b[39mC compiler: /usr/lib/ccache/gcc -Wno-unused-result -DNDEBUG -g -fwrapv -O3 -Wall -Wstrict-prototypes -fPIC\n\u001b[0m\n\u001b[39mcreating build/temp.linux-x86_64-3.4/sklearn/__check_build\u001b[0m\n\u001b[39mcompile options: '-I/home/travis/miniconda/envs/testenv/lib/python3.4/site-packages/numpy/core/include -I/home/travis/miniconda/envs/testenv/lib/python3.4/site-packages/numpy/core/include -I/home/travis/miniconda/envs/testenv/include/python3.4m -I/home/travis/miniconda/envs/testenv/include/python3.4m -c'\u001b[0m\n\u001b[39mgcc: sklearn/__check_build/_check_build.c\u001b[0m\n\u001b[39mgcc -pthread -shared -L/home/travis/miniconda/envs/testenv/lib -Wl,-rpath=/home/travis/miniconda/envs/testenv/lib,--no-as-needed build/temp.linux-x86_64-3.4/sklearn/__check_build/_check_build.o -L/home/travis/miniconda/envs/testenv/lib -Lbuild/temp.linux-x86_64-3.4 -lpython3.4m -o sklearn/__check_build/_check_build.cpython-34m.so\u001b[0m\n\u001b[39mbuilding 'sklearn.cluster._dbscan_inner' extension\u001b[0m\n\u001b[39mcompiling C++ sources\u001b[0m\n\u001b[39mC compiler: /usr/lib/ccache/g++ -Wno-unused-result -DNDEBUG -g -fwrapv -O3 -Wall -fPIC\n\u001b[0m\n\u001b[39mcreating build/temp.linux-x86_64-3.4/sklearn/cluster\u001b[0m\n\u001b[39mcompile options: '-I/home/travis/miniconda/envs/testenv/lib/python3.4/site-packages/numpy/core/include -I/home/travis/miniconda/envs/testenv/lib/python3.4/site-packages/numpy/core/include -I/home/travis/miniconda/envs/testenv/include/python3.4m -I/home/travis/miniconda/envs/testenv/include/python3.4m -c'\u001b[0m\n\u001b[39mg++: sklearn/cluster/_dbscan_inner.cpp\u001b[0m\nIn file included from /home/travis/miniconda/envs/testenv/lib/python3.4/site-packages/numpy/core/include/numpy/ndarraytypes.h:1781:0,\n                 from /home/travis/miniconda/envs/testenv/lib/python3.4/site-packages/numpy/core/include/numpy/ndarrayobject.h:18,\n                 from /home/travis/miniconda/envs/testenv/lib/python3.4/site-packages/numpy/core/include/numpy/arrayobject.h:4,\n                 from sklearn/cluster/_dbscan_inner.cpp:470:\n/home/travis/miniconda/envs/testenv/lib/python3.4/site-packages/numpy/core/include/numpy/npy_1_7_deprecated_api.h:15:2: warning: #warning \"Using deprecated NumPy API, disable it by \" \"#defining NPY_NO_DEPRECATED_API NPY_1_7_API_VERSION\" [-Wcpp]\n #warning \"Using deprecated NumPy API, disable it by \" \\\n  ^\n\u001b[39m/usr/lib/ccache/g++ -pthread -shared -L/home/travis/miniconda/envs/testenv/lib -Wl,-rpath=/home/travis/miniconda/envs/testenv/lib,--no-as-needed build/temp.linux-x86_64-3.4/sklearn/cluster/_dbscan_inner.o -L/home/travis/miniconda/envs/testenv/lib -Lbuild/temp.linux-x86_64-3.4 -lpython3.4m -o sklearn/cluster/_dbscan_inner.cpython-34m.so\u001b[0m\n\u001b[39mbuilding 'sklearn.cluster._hierarchical' extension\u001b[0m\n\u001b[39mcompiling C++ sources\u001b[0m\n\u001b[39mC compiler: /usr/lib/ccache/g++ -Wno-unused-result -DNDEBUG -g -fwrapv -O3 -Wall -fPIC\n\u001b[0m\n\u001b[39mcompile options: '-I/home/travis/miniconda/envs/testenv/lib/python3.4/site-packages/numpy/core/include -I/home/travis/miniconda/envs/testenv/lib/python3.4/site-packages/numpy/core/include -I/home/travis/miniconda/envs/testenv/include/python3.4m -I/home/travis/miniconda/envs/testenv/include/python3.4m -c'\u001b[0m\n\u001b[39mg++: sklearn/cluster/_hierarchical.cpp\u001b[0m\nIn file included from /home/travis/miniconda/envs/testenv/lib/python3.4/site-packages/numpy/core/include/numpy/ndarraytypes.h:1781:0,\n                 from /home/travis/miniconda/envs/testenv/lib/python3.4/site-packages/numpy/core/include/numpy/ndarrayobject.h:18,\n                 from /home/travis/miniconda/envs/testenv/lib/python3.4/site-packages/numpy/core/include/numpy/arrayobject.h:4,\n                 from sklearn/cluster/_hierarchical.cpp:468:\n/home/travis/miniconda/envs/testenv/lib/python3.4/site-packages/numpy/core/include/numpy/npy_1_7_deprecated_api.h:15:2: warning: #warning \"Using deprecated NumPy API, disable it by \" \"#defining NPY_NO_DEPRECATED_API NPY_1_7_API_VERSION\" [-Wcpp]\n #warning \"Using deprecated NumPy API, disable it by \" \\\n  ^\n\u001b[39m/usr/lib/ccache/g++ -pthread -shared -L/home/travis/miniconda/envs/testenv/lib -Wl,-rpath=/home/travis/miniconda/envs/testenv/lib,--no-as-needed build/temp.linux-x86_64-3.4/sklearn/cluster/_hierarchical.o -L/home/travis/miniconda/envs/testenv/lib -Lbuild/temp.linux-x86_64-3.4 -lm -lpython3.4m -o sklearn/cluster/_hierarchical.cpython-34m.so\u001b[0m\n\u001b[39mbuilding 'sklearn.cluster._k_means_elkan' extension\u001b[0m\n\u001b[39mcompiling C sources\u001b[0m\n\u001b[39mC compiler: /usr/lib/ccache/gcc -Wno-unused-result -DNDEBUG -g -fwrapv -O3 -Wall -Wstrict-prototypes -fPIC\n\u001b[0m\n\u001b[39mcompile options: '-I/home/travis/miniconda/envs/testenv/lib/python3.4/site-packages/numpy/core/include -I/home/travis/miniconda/envs/testenv/lib/python3.4/site-packages/numpy/core/include -I/home/travis/miniconda/envs/testenv/include/python3.4m -I/home/travis/miniconda/envs/testenv/include/python3.4m -c'\u001b[0m\n\u001b[39mgcc: sklearn/cluster/_k_means_elkan.c\u001b[0m\nIn file included from /home/travis/miniconda/envs/testenv/lib/python3.4/site-packages/numpy/core/include/numpy/ndarraytypes.h:1781:0,\n                 from /home/travis/miniconda/envs/testenv/lib/python3.4/site-packages/numpy/core/include/numpy/ndarrayobject.h:18,\n                 from /home/travis/miniconda/envs/testenv/lib/python3.4/site-packages/numpy/core/include/numpy/arrayobject.h:4,\n                 from sklearn/cluster/_k_means_elkan.c:453:\n/home/travis/miniconda/envs/testenv/lib/python3.4/site-packages/numpy/core/include/numpy/npy_1_7_deprecated_api.h:15:2: warning: #warning \"Using deprecated NumPy API, disable it by \" \"#defining NPY_NO_DEPRECATED_API NPY_1_7_API_VERSION\" [-Wcpp]\n #warning \"Using deprecated NumPy API, disable it by \" \\\n  ^\n\u001b[39mgcc -pthread -shared -L/home/travis/miniconda/envs/testenv/lib -Wl,-rpath=/home/travis/miniconda/envs/testenv/lib,--no-as-needed build/temp.linux-x86_64-3.4/sklearn/cluster/_k_means_elkan.o -L/home/travis/miniconda/envs/testenv/lib -Lbuild/temp.linux-x86_64-3.4 -lm -lpython3.4m -o sklearn/cluster/_k_means_elkan.cpython-34m.so\u001b[0m\n\u001b[39mbuilding 'sklearn.cluster._k_means' extension\u001b[0m\n\u001b[39mcompiling C sources\u001b[0m\n\u001b[39mC compiler: /usr/lib/ccache/gcc -Wno-unused-result -DNDEBUG -g -fwrapv -O3 -Wall -Wstrict-prototypes -fPIC\n\u001b[0m\n\u001b[39mcompile options: '-DHAVE_CBLAS -Isklearn/src/cblas -I/home/travis/miniconda/envs/testenv/lib/python3.4/site-packages/numpy/core/include -I/home/travis/miniconda/envs/testenv/lib/python3.4/site-packages/numpy/core/include -I/home/travis/miniconda/envs/testenv/include/python3.4m -I/home/travis/miniconda/envs/testenv/include/python3.4m -c'\u001b[0m\n\u001b[39mgcc: sklearn/cluster/_k_means.c\u001b[0m\nIn file included from /home/travis/miniconda/envs/testenv/lib/python3.4/site-packages/numpy/core/include/numpy/ndarraytypes.h:1781:0,\n                 from /home/travis/miniconda/envs/testenv/lib/python3.4/site-packages/numpy/core/include/numpy/ndarrayobject.h:18,\n                 from /home/travis/miniconda/envs/testenv/lib/python3.4/site-packages/numpy/core/include/numpy/arrayobject.h:4,\n                 from sklearn/cluster/_k_means.c:468:\n/home/travis/miniconda/envs/testenv/lib/python3.4/site-packages/numpy/core/include/numpy/npy_1_7_deprecated_api.h:15:2: warning: #warning \"Using deprecated NumPy API, disable it by \" \"#defining NPY_NO_DEPRECATED_API NPY_1_7_API_VERSION\" [-Wcpp]\n #warning \"Using deprecated NumPy API, disable it by \" \\\n  ^\nsklearn/cluster/_k_means.c: In function \u2018__pyx_fuse_0__pyx_f_7sklearn_7cluster_8_k_means__assign_labels_array\u2019:\nsklearn/cluster/_k_means.c:3610:15: warning: assignment from incompatible pointer type [enabled by default]\n   __pyx_v_dot = cblas_sdot;\n               ^\nsklearn/cluster/_k_means.c: In function \u2018__pyx_fuse_1__pyx_f_7sklearn_7cluster_8_k_means__assign_labels_array\u2019:\nsklearn/cluster/_k_means.c:4396:15: warning: assignment from incompatible pointer type [enabled by default]\n   __pyx_v_dot = cblas_ddot;\n               ^\nsklearn/cluster/_k_means.c: In function \u2018__pyx_fuse_0__pyx_f_7sklearn_7cluster_8_k_means__assign_labels_csr\u2019:\nsklearn/cluster/_k_means.c:5888:15: warning: assignment from incompatible pointer type [enabled by default]\n   __pyx_v_dot = cblas_sdot;\n               ^\nsklearn/cluster/_k_means.c: In function \u2018__pyx_fuse_1__pyx_f_7sklearn_7cluster_8_k_means__assign_labels_csr\u2019:\nsklearn/cluster/_k_means.c:6739:15: warning: assignment from incompatible pointer type [enabled by default]\n   __pyx_v_dot = cblas_ddot;\n               ^\n\u001b[39mgcc -pthread -shared -L/home/travis/miniconda/envs/testenv/lib -Wl,-rpath=/home/travis/miniconda/envs/testenv/lib,--no-as-needed build/temp.linux-x86_64-3.4/sklearn/cluster/_k_means.o -L/home/travis/miniconda/envs/testenv/lib -L/home/travis/miniconda/envs/testenv/lib -Lbuild/temp.linux-x86_64-3.4 -lopenblas -lopenblas -lm -lpython3.4m -o sklearn/cluster/_k_means.cpython-34m.so\u001b[0m\n\u001b[39mbuilding 'sklearn.datasets._svmlight_format' extension\u001b[0m\n\u001b[39mcompiling C sources\u001b[0m\n\u001b[39mC compiler: /usr/lib/ccache/gcc -Wno-unused-result -DNDEBUG -g -fwrapv -O3 -Wall -Wstrict-prototypes -fPIC\n\u001b[0m\n\u001b[39mcreating build/temp.linux-x86_64-3.4/sklearn/datasets\u001b[0m\n\u001b[39mcompile options: '-I/home/travis/miniconda/envs/testenv/lib/python3.4/site-packages/numpy/core/include -I/home/travis/miniconda/envs/testenv/lib/python3.4/site-packages/numpy/core/include -I/home/travis/miniconda/envs/testenv/include/python3.4m -I/home/travis/miniconda/envs/testenv/include/python3.4m -c'\u001b[0m\n\u001b[39mgcc: sklearn/datasets/_svmlight_format.c\u001b[0m\nIn file included from /home/travis/miniconda/envs/testenv/lib/python3.4/site-packages/numpy/core/include/numpy/ndarraytypes.h:1781:0,\n                 from /home/travis/miniconda/envs/testenv/lib/python3.4/site-packages/numpy/core/include/numpy/ndarrayobject.h:18,\n                 from /home/travis/miniconda/envs/testenv/lib/python3.4/site-packages/numpy/core/include/numpy/arrayobject.h:4,\n                 from sklearn/datasets/_svmlight_format.c:451:\n/home/travis/miniconda/envs/testenv/lib/python3.4/site-packages/numpy/core/include/numpy/npy_1_7_deprecated_api.h:15:2: warning: #warning \"Using deprecated NumPy API, disable it by \" \"#defining NPY_NO_DEPRECATED_API NPY_1_7_API_VERSION\" [-Wcpp]\n #warning \"Using deprecated NumPy API, disable it by \" \\\n  ^\n\u001b[39mgcc -pthread -shared -L/home/travis/miniconda/envs/testenv/lib -Wl,-rpath=/home/travis/miniconda/envs/testenv/lib,--no-as-needed build/temp.linux-x86_64-3.4/sklearn/datasets/_svmlight_format.o -L/home/travis/miniconda/envs/testenv/lib -Lbuild/temp.linux-x86_64-3.4 -lpython3.4m -o sklearn/datasets/_svmlight_format.cpython-34m.so\u001b[0m\n\u001b[39mbuilding 'sklearn.decomposition._online_lda' extension\u001b[0m\n\u001b[39mcompiling C sources\u001b[0m\n\u001b[39mC compiler: /usr/lib/ccache/gcc -Wno-unused-result -DNDEBUG -g -fwrapv -O3 -Wall -Wstrict-prototypes -fPIC\n\u001b[0m\n\u001b[39mcreating build/temp.linux-x86_64-3.4/sklearn/decomposition\u001b[0m\n\u001b[39mcompile options: '-I/home/travis/miniconda/envs/testenv/lib/python3.4/site-packages/numpy/core/include -I/home/travis/miniconda/envs/testenv/lib/python3.4/site-packages/numpy/core/include -I/home/travis/miniconda/envs/testenv/include/python3.4m -I/home/travis/miniconda/envs/testenv/include/python3.4m -c'\u001b[0m\n\u001b[39mgcc: sklearn/decomposition/_online_lda.c\u001b[0m\nIn file included from /home/travis/miniconda/envs/testenv/lib/python3.4/site-packages/numpy/core/include/numpy/ndarraytypes.h:1781:0,\n                 from /home/travis/miniconda/envs/testenv/lib/python3.4/site-packages/numpy/core/include/numpy/ndarrayobject.h:18,\n                 from /home/travis/miniconda/envs/testenv/lib/python3.4/site-packages/numpy/core/include/numpy/arrayobject.h:4,\n                 from sklearn/decomposition/_online_lda.c:454:\n/home/travis/miniconda/envs/testenv/lib/python3.4/site-packages/numpy/core/include/numpy/npy_1_7_deprecated_api.h:15:2: warning: #warning \"Using deprecated NumPy API, disable it by \" \"#defining NPY_NO_DEPRECATED_API NPY_1_7_API_VERSION\" [-Wcpp]\n #warning \"Using deprecated NumPy API, disable it by \" \\\n  ^\n\u001b[39mgcc -pthread -shared -L/home/travis/miniconda/envs/testenv/lib -Wl,-rpath=/home/travis/miniconda/envs/testenv/lib,--no-as-needed build/temp.linux-x86_64-3.4/sklearn/decomposition/_online_lda.o -L/home/travis/miniconda/envs/testenv/lib -Lbuild/temp.linux-x86_64-3.4 -lm -lpython3.4m -o sklearn/decomposition/_online_lda.cpython-34m.so\u001b[0m\n\u001b[39mbuilding 'sklearn.decomposition.cdnmf_fast' extension\u001b[0m\n\u001b[39mcompiling C sources\u001b[0m\n\u001b[39mC compiler: /usr/lib/ccache/gcc -Wno-unused-result -DNDEBUG -g -fwrapv -O3 -Wall -Wstrict-prototypes -fPIC\n\u001b[0m\n\u001b[39mcompile options: '-I/home/travis/miniconda/envs/testenv/lib/python3.4/site-packages/numpy/core/include -I/home/travis/miniconda/envs/testenv/lib/python3.4/site-packages/numpy/core/include -I/home/travis/miniconda/envs/testenv/include/python3.4m -I/home/travis/miniconda/envs/testenv/include/python3.4m -c'\u001b[0m\n\u001b[39mgcc: sklearn/decomposition/cdnmf_fast.c\u001b[0m\n\u001b[39mgcc -pthread -shared -L/home/travis/miniconda/envs/testenv/lib -Wl,-rpath=/home/travis/miniconda/envs/testenv/lib,--no-as-needed build/temp.linux-x86_64-3.4/sklearn/decomposition/cdnmf_fast.o -L/home/travis/miniconda/envs/testenv/lib -Lbuild/temp.linux-x86_64-3.4 -lm -lpython3.4m -o sklearn/decomposition/cdnmf_fast.cpython-34m.so\u001b[0m\n\u001b[39mbuilding 'sklearn.ensemble._gradient_boosting' extension\u001b[0m\n\u001b[39mcompiling C sources\u001b[0m\n\u001b[39mC compiler: /usr/lib/ccache/gcc -Wno-unused-result -DNDEBUG -g -fwrapv -O3 -Wall -Wstrict-prototypes -fPIC\n\u001b[0m\n\u001b[39mcreating build/temp.linux-x86_64-3.4/sklearn/ensemble\u001b[0m\n\u001b[39mcompile options: '-I/home/travis/miniconda/envs/testenv/lib/python3.4/site-packages/numpy/core/include -I/home/travis/miniconda/envs/testenv/lib/python3.4/site-packages/numpy/core/include -I/home/travis/miniconda/envs/testenv/include/python3.4m -I/home/travis/miniconda/envs/testenv/include/python3.4m -c'\u001b[0m\n\u001b[39mgcc: sklearn/ensemble/_gradient_boosting.c\u001b[0m\nIn file included from /home/travis/miniconda/envs/testenv/lib/python3.4/site-packages/numpy/core/include/numpy/ndarraytypes.h:1781:0,\n                 from /home/travis/miniconda/envs/testenv/lib/python3.4/site-packages/numpy/core/include/numpy/ndarrayobject.h:18,\n                 from /home/travis/miniconda/envs/testenv/lib/python3.4/site-packages/numpy/core/include/numpy/arrayobject.h:4,\n                 from sklearn/ensemble/_gradient_boosting.c:450:\n/home/travis/miniconda/envs/testenv/lib/python3.4/site-packages/numpy/core/include/numpy/npy_1_7_deprecated_api.h:15:2: warning: #warning \"Using deprecated NumPy API, disable it by \" \"#defining NPY_NO_DEPRECATED_API NPY_1_7_API_VERSION\" [-Wcpp]\n #warning \"Using deprecated NumPy API, disable it by \" \\\n  ^\n\u001b[39mgcc -pthread -shared -L/home/travis/miniconda/envs/testenv/lib -Wl,-rpath=/home/travis/miniconda/envs/testenv/lib,--no-as-needed build/temp.linux-x86_64-3.4/sklearn/ensemble/_gradient_boosting.o -L/home/travis/miniconda/envs/testenv/lib -Lbuild/temp.linux-x86_64-3.4 -lpython3.4m -o sklearn/ensemble/_gradient_boosting.cpython-34m.so\u001b[0m\n\u001b[39mbuilding 'sklearn.feature_extraction._hashing' extension\u001b[0m\n\u001b[39mcompiling C sources\u001b[0m\n\u001b[39mC compiler: /usr/lib/ccache/gcc -Wno-unused-result -DNDEBUG -g -fwrapv -O3 -Wall -Wstrict-prototypes -fPIC\n\u001b[0m\n\u001b[39mcreating build/temp.linux-x86_64-3.4/sklearn/feature_extraction\u001b[0m\n\u001b[39mcompile options: '-I/home/travis/miniconda/envs/testenv/lib/python3.4/site-packages/numpy/core/include -I/home/travis/miniconda/envs/testenv/lib/python3.4/site-packages/numpy/core/include -I/home/travis/miniconda/envs/testenv/include/python3.4m -I/home/travis/miniconda/envs/testenv/include/python3.4m -c'\u001b[0m\n\u001b[39mgcc: sklearn/feature_extraction/_hashing.c\u001b[0m\nIn file included from /home/travis/miniconda/envs/testenv/lib/python3.4/site-packages/numpy/core/include/numpy/ndarraytypes.h:1781:0,\n                 from /home/travis/miniconda/envs/testenv/lib/python3.4/site-packages/numpy/core/include/numpy/ndarrayobject.h:18,\n                 from /home/travis/miniconda/envs/testenv/lib/python3.4/site-packages/numpy/core/include/numpy/arrayobject.h:4,\n                 from sklearn/feature_extraction/_hashing.c:454:\n/home/travis/miniconda/envs/testenv/lib/python3.4/site-packages/numpy/core/include/numpy/npy_1_7_deprecated_api.h:15:2: warning: #warning \"Using deprecated NumPy API, disable it by \" \"#defining NPY_NO_DEPRECATED_API NPY_1_7_API_VERSION\" [-Wcpp]\n #warning \"Using deprecated NumPy API, disable it by \" \\\n  ^\n\u001b[39mgcc -pthread -shared -L/home/travis/miniconda/envs/testenv/lib -Wl,-rpath=/home/travis/miniconda/envs/testenv/lib,--no-as-needed build/temp.linux-x86_64-3.4/sklearn/feature_extraction/_hashing.o -L/home/travis/miniconda/envs/testenv/lib -Lbuild/temp.linux-x86_64-3.4 -lm -lpython3.4m -o sklearn/feature_extraction/_hashing.cpython-34m.so\u001b[0m\n\u001b[39mbuilding 'sklearn.manifold._utils' extension\u001b[0m\n\u001b[39mcompiling C sources\u001b[0m\n\u001b[39mC compiler: /usr/lib/ccache/gcc -Wno-unused-result -DNDEBUG -g -fwrapv -O3 -Wall -Wstrict-prototypes -fPIC\n\u001b[0m\n\u001b[39mcreating build/temp.linux-x86_64-3.4/sklearn/manifold\u001b[0m\n\u001b[39mcompile options: '-I/home/travis/miniconda/envs/testenv/lib/python3.4/site-packages/numpy/core/include -I/home/travis/miniconda/envs/testenv/lib/python3.4/site-packages/numpy/core/include -I/home/travis/miniconda/envs/testenv/include/python3.4m -I/home/travis/miniconda/envs/testenv/include/python3.4m -c'\nextra options: '-O3'\u001b[0m\n\u001b[39mgcc: sklearn/manifold/_utils.c\u001b[0m\nIn file included from /home/travis/miniconda/envs/testenv/lib/python3.4/site-packages/numpy/core/include/numpy/ndarraytypes.h:1781:0,\n                 from /home/travis/miniconda/envs/testenv/lib/python3.4/site-packages/numpy/core/include/numpy/ndarrayobject.h:18,\n                 from /home/travis/miniconda/envs/testenv/lib/python3.4/site-packages/numpy/core/include/numpy/arrayobject.h:4,\n                 from sklearn/manifold/_utils.c:458:\n/home/travis/miniconda/envs/testenv/lib/python3.4/site-packages/numpy/core/include/numpy/npy_1_7_deprecated_api.h:15:2: warning: #warning \"Using deprecated NumPy API, disable it by \" \"#defining NPY_NO_DEPRECATED_API NPY_1_7_API_VERSION\" [-Wcpp]\n #warning \"Using deprecated NumPy API, disable it by \" \\\n  ^\n\u001b[39mgcc -pthread -shared -L/home/travis/miniconda/envs/testenv/lib -Wl,-rpath=/home/travis/miniconda/envs/testenv/lib,--no-as-needed build/temp.linux-x86_64-3.4/sklearn/manifold/_utils.o -L/home/travis/miniconda/envs/testenv/lib -Lbuild/temp.linux-x86_64-3.4 -lm -lpython3.4m -o sklearn/manifold/_utils.cpython-34m.so\u001b[0m\n\u001b[39mbuilding 'sklearn.manifold._barnes_hut_tsne' extension\u001b[0m\n\u001b[39mcompiling C sources\u001b[0m\n\u001b[39mC compiler: /usr/lib/ccache/gcc -Wno-unused-result -DNDEBUG -g -fwrapv -O3 -Wall -Wstrict-prototypes -fPIC\n\u001b[0m\n\u001b[39mcompile options: '-DHAVE_CBLAS -Isklearn/src/cblas -I/home/travis/miniconda/envs/testenv/lib/python3.4/site-packages/numpy/core/include -I/home/travis/miniconda/envs/testenv/lib/python3.4/site-packages/numpy/core/include -I/home/travis/miniconda/envs/testenv/include/python3.4m -I/home/travis/miniconda/envs/testenv/include/python3.4m -c'\nextra options: '-O4'\u001b[0m\n\u001b[39mgcc: sklearn/manifold/_barnes_hut_tsne.c\u001b[0m\nIn file included from /home/travis/miniconda/envs/testenv/lib/python3.4/site-packages/numpy/core/include/numpy/ndarraytypes.h:1781:0,\n                 from /home/travis/miniconda/envs/testenv/lib/python3.4/site-packages/numpy/core/include/numpy/ndarrayobject.h:18,\n                 from /home/travis/miniconda/envs/testenv/lib/python3.4/site-packages/numpy/core/include/numpy/arrayobject.h:4,\n                 from sklearn/manifold/_barnes_hut_tsne.c:469:\n/home/travis/miniconda/envs/testenv/lib/python3.4/site-packages/numpy/core/include/numpy/npy_1_7_deprecated_api.h:15:2: warning: #warning \"Using deprecated NumPy API, disable it by \" \"#defining NPY_NO_DEPRECATED_API NPY_1_7_API_VERSION\" [-Wcpp]\n #warning \"Using deprecated NumPy API, disable it by \" \\\n  ^\nsklearn/manifold/_barnes_hut_tsne.c: In function \u2018__pyx_f_7sklearn_8manifold_16_barnes_hut_tsne_compute_gradient_negative\u2019:\nsklearn/manifold/_barnes_hut_tsne.c:3221:9: warning: variable \u2018__pyx_v_force\u2019 set but not used [-Wunused-but-set-variable]\n   float __pyx_v_force[3];\n         ^\nsklearn/manifold/_barnes_hut_tsne.c:3220:9: warning: variable \u2018__pyx_v_iQ\u2019 set but not used [-Wunused-but-set-variable]\n   float __pyx_v_iQ[1];\n         ^\nsklearn/manifold/_barnes_hut_tsne.c: In function \u2018__pyx_pf_7sklearn_8manifold_16_barnes_hut_tsne_gradient.isra.29\u2019:\nsklearn/manifold/_barnes_hut_tsne.c:3122:83: warning: \u2018__pyx_v_buff[1]\u2019 may be used uninitialized in this function [-Wmaybe-uninitialized]\n         (__pyx_v_pos_f[__pyx_t_20]) = ((__pyx_v_pos_f[__pyx_t_20]) + (__pyx_v_dij * (__pyx_v_buff[__pyx_v_ax])));\n                                                                                   ^\nsklearn/manifold/_barnes_hut_tsne.c:2798:9: note: \u2018__pyx_v_buff[1]\u2019 was declared here\n   float __pyx_v_buff[3];\n         ^\nsklearn/manifold/_barnes_hut_tsne.c:3122:83: warning: \u2018__pyx_v_buff[0]\u2019 may be used uninitialized in this function [-Wmaybe-uninitialized]\n         (__pyx_v_pos_f[__pyx_t_20]) = ((__pyx_v_pos_f[__pyx_t_20]) + (__pyx_v_dij * (__pyx_v_buff[__pyx_v_ax])));\n                                                                                   ^\nsklearn/manifold/_barnes_hut_tsne.c:2798:9: note: \u2018__pyx_v_buff[0]\u2019 was declared here\n   float __pyx_v_buff[3];\n         ^\nsklearn/manifold/_barnes_hut_tsne.c:3654:74: warning: \u2018__pyx_v_neg_force[2]\u2019 may be used uninitialized in this function [-Wmaybe-uninitialized]\n       (__pyx_v_neg_f[((__pyx_v_i * __pyx_v_n_dimensions) + __pyx_v_ax)]) = (__pyx_v_neg_force[__pyx_v_ax]);\n                                                                          ^\nsklearn/manifold/_barnes_hut_tsne.c:3222:9: note: \u2018__pyx_v_neg_force[2]\u2019 was declared here\n   float __pyx_v_neg_force[3];\n         ^\nsklearn/manifold/_barnes_hut_tsne.c:3654:74: warning: \u2018__pyx_v_neg_force[1]\u2019 may be used uninitialized in this function [-Wmaybe-uninitialized]\n       (__pyx_v_neg_f[((__pyx_v_i * __pyx_v_n_dimensions) + __pyx_v_ax)]) = (__pyx_v_neg_force[__pyx_v_ax]);\n                                                                          ^\nsklearn/manifold/_barnes_hut_tsne.c:3222:9: note: \u2018__pyx_v_neg_force[1]\u2019 was declared here\n   float __pyx_v_neg_force[3];\n         ^\nsklearn/manifold/_barnes_hut_tsne.c:3654:74: warning: \u2018__pyx_v_neg_force[0]\u2019 may be used uninitialized in this function [-Wmaybe-uninitialized]\n       (__pyx_v_neg_f[((__pyx_v_i * __pyx_v_n_dimensions) + __pyx_v_ax)]) = (__pyx_v_neg_force[__pyx_v_ax]);\n                                                                          ^\nsklearn/manifold/_barnes_hut_tsne.c:3222:9: note: \u2018__pyx_v_neg_force[0]\u2019 was declared here\n   float __pyx_v_neg_force[3];\n         ^\n\u001b[39mgcc -pthread -shared -L/home/travis/miniconda/envs/testenv/lib -Wl,-rpath=/home/travis/miniconda/envs/testenv/lib,--no-as-needed build/temp.linux-x86_64-3.4/sklearn/manifold/_barnes_hut_tsne.o -L/home/travis/miniconda/envs/testenv/lib -L/home/travis/miniconda/envs/testenv/lib -Lbuild/temp.linux-x86_64-3.4 -lopenblas -lopenblas -lpython3.4m -o sklearn/manifold/_barnes_hut_tsne.cpython-34m.so\u001b[0m\n\u001b[39mbuilding 'sklearn.metrics.cluster.expected_mutual_info_fast' extension\u001b[0m\n\u001b[39mcompiling C sources\u001b[0m\n\u001b[39mC compiler: /usr/lib/ccache/gcc -Wno-unused-result -DNDEBUG -g -fwrapv -O3 -Wall -Wstrict-prototypes -fPIC\n\u001b[0m\n\u001b[39mcreating build/temp.linux-x86_64-3.4/sklearn/metrics\u001b[0m\n\u001b[39mcreating build/temp.linux-x86_64-3.4/sklearn/metrics/cluster\u001b[0m\n\u001b[39mcompile options: '-I/home/travis/miniconda/envs/testenv/lib/python3.4/site-packages/numpy/core/include -I/home/travis/miniconda/envs/testenv/lib/python3.4/site-packages/numpy/core/include -I/home/travis/miniconda/envs/testenv/include/python3.4m -I/home/travis/miniconda/envs/testenv/include/python3.4m -c'\u001b[0m\n\u001b[39mgcc: sklearn/metrics/cluster/expected_mutual_info_fast.c\u001b[0m\nIn file included from /home/travis/miniconda/envs/testenv/lib/python3.4/site-packages/numpy/core/include/numpy/ndarraytypes.h:1781:0,\n                 from /home/travis/miniconda/envs/testenv/lib/python3.4/site-packages/numpy/core/include/numpy/ndarrayobject.h:18,\n                 from /home/travis/miniconda/envs/testenv/lib/python3.4/site-packages/numpy/core/include/numpy/arrayobject.h:4,\n                 from sklearn/metrics/cluster/expected_mutual_info_fast.c:454:\n/home/travis/miniconda/envs/testenv/lib/python3.4/site-packages/numpy/core/include/numpy/npy_1_7_deprecated_api.h:15:2: warning: #warning \"Using deprecated NumPy API, disable it by \" \"#defining NPY_NO_DEPRECATED_API NPY_1_7_API_VERSION\" [-Wcpp]\n #warning \"Using deprecated NumPy API, disable it by \" \\\n  ^\n\u001b[39mgcc -pthread -shared -L/home/travis/miniconda/envs/testenv/lib -Wl,-rpath=/home/travis/miniconda/envs/testenv/lib,--no-as-needed build/temp.linux-x86_64-3.4/sklearn/metrics/cluster/expected_mutual_info_fast.o -L/home/travis/miniconda/envs/testenv/lib -Lbuild/temp.linux-x86_64-3.4 -lm -lpython3.4m -o sklearn/metrics/cluster/expected_mutual_info_fast.cpython-34m.so\u001b[0m\n\u001b[39mbuilding 'sklearn.metrics.pairwise_fast' extension\u001b[0m\n\u001b[39mcompiling C sources\u001b[0m\n\u001b[39mC compiler: /usr/lib/ccache/gcc -Wno-unused-result -DNDEBUG -g -fwrapv -O3 -Wall -Wstrict-prototypes -fPIC\n\u001b[0m\n\u001b[39mcompile options: '-DHAVE_CBLAS -Isklearn/src/cblas -I/home/travis/miniconda/envs/testenv/lib/python3.4/site-packages/numpy/core/include -I/home/travis/miniconda/envs/testenv/lib/python3.4/site-packages/numpy/core/include -I/home/travis/miniconda/envs/testenv/include/python3.4m -I/home/travis/miniconda/envs/testenv/include/python3.4m -c'\u001b[0m\n\u001b[39mgcc: sklearn/metrics/pairwise_fast.c\u001b[0m\nIn file included from /home/travis/miniconda/envs/testenv/lib/python3.4/site-packages/numpy/core/include/numpy/ndarraytypes.h:1781:0,\n                 from /home/travis/miniconda/envs/testenv/lib/python3.4/site-packages/numpy/core/include/numpy/ndarrayobject.h:18,\n                 from /home/travis/miniconda/envs/testenv/lib/python3.4/site-packages/numpy/core/include/numpy/arrayobject.h:4,\n                 from sklearn/metrics/pairwise_fast.c:467:\n/home/travis/miniconda/envs/testenv/lib/python3.4/site-packages/numpy/core/include/numpy/npy_1_7_deprecated_api.h:15:2: warning: #warning \"Using deprecated NumPy API, disable it by \" \"#defining NPY_NO_DEPRECATED_API NPY_1_7_API_VERSION\" [-Wcpp]\n #warning \"Using deprecated NumPy API, disable it by \" \\\n  ^\n\u001b[39mgcc -pthread -shared -L/home/travis/miniconda/envs/testenv/lib -Wl,-rpath=/home/travis/miniconda/envs/testenv/lib,--no-as-needed build/temp.linux-x86_64-3.4/sklearn/metrics/pairwise_fast.o -L/home/travis/miniconda/envs/testenv/lib -L/home/travis/miniconda/envs/testenv/lib -Lbuild/temp.linux-x86_64-3.4 -lopenblas -lopenblas -lm -lpython3.4m -o sklearn/metrics/pairwise_fast.cpython-34m.so\u001b[0m\n\u001b[39mbuilding 'sklearn.neighbors.ball_tree' extension\u001b[0m\n\u001b[39mcompiling C sources\u001b[0m\n\u001b[39mC compiler: /usr/lib/ccache/gcc -Wno-unused-result -DNDEBUG -g -fwrapv -O3 -Wall -Wstrict-prototypes -fPIC\n\u001b[0m\n\u001b[39mcreating build/temp.linux-x86_64-3.4/sklearn/neighbors\u001b[0m\n\u001b[39mcompile options: '-I/home/travis/miniconda/envs/testenv/lib/python3.4/site-packages/numpy/core/include -I/home/travis/miniconda/envs/testenv/lib/python3.4/site-packages/numpy/core/include -I/home/travis/miniconda/envs/testenv/include/python3.4m -I/home/travis/miniconda/envs/testenv/include/python3.4m -c'\u001b[0m\n\u001b[39mgcc: sklearn/neighbors/ball_tree.c\u001b[0m\nIn file included from /home/travis/miniconda/envs/testenv/lib/python3.4/site-packages/numpy/core/include/numpy/ndarraytypes.h:1781:0,\n                 from /home/travis/miniconda/envs/testenv/lib/python3.4/site-packages/numpy/core/include/numpy/ndarrayobject.h:18,\n                 from /home/travis/miniconda/envs/testenv/lib/python3.4/site-packages/numpy/core/include/numpy/arrayobject.h:4,\n                 from sklearn/neighbors/ball_tree.c:453:\n/home/travis/miniconda/envs/testenv/lib/python3.4/site-packages/numpy/core/include/numpy/npy_1_7_deprecated_api.h:15:2: warning: #warning \"Using deprecated NumPy API, disable it by \" \"#defining NPY_NO_DEPRECATED_API NPY_1_7_API_VERSION\" [-Wcpp]\n #warning \"Using deprecated NumPy API, disable it by \" \\\n  ^\nsklearn/neighbors/ball_tree.c: In function \u2018__pyx_f_7sklearn_9neighbors_9ball_tree_10BinaryTree__kde_single_depthfirst\u2019:\nsklearn/neighbors/ball_tree.c:20902:63: warning: \u2018__pyx_v_sample_weight\u2019 may be used uninitialized in this function [-Wmaybe-uninitialized]\n         __pyx_t_12 = PyFloat_FromDouble((__pyx_v_sample_weight[(__pyx_v_idx_array[__pyx_v_i])])); if (unlikely(!__pyx_t_12)) __PYX_ERR(0, 2374, __pyx_L1_error)\n                                                               ^\nsklearn/neighbors/ball_tree.c:20579:50: note: \u2018__pyx_v_sample_weight\u2019 was declared here\n   __pyx_t_7sklearn_9neighbors_8typedefs_DTYPE_t *__pyx_v_sample_weight;\n                                                  ^\nsklearn/neighbors/ball_tree.c: In function \u2018__pyx_f_7sklearn_9neighbors_9ball_tree_10BinaryTree__kde_single_breadthfirst\u2019:\nsklearn/neighbors/ball_tree.c:23549:52: warning: \u2018__pyx_v_sample_weight\u2019 may be used uninitialized in this function [-Wmaybe-uninitialized]\n     __pyx_v_N = (__pyx_v_N + (__pyx_v_sample_weight[(__pyx_v_idx_array[__pyx_v_i])]));\n                                                    ^\nsklearn/neighbors/ball_tree.c:19705:50: note: \u2018__pyx_v_sample_weight\u2019 was declared here\n   __pyx_t_7sklearn_9neighbors_8typedefs_DTYPE_t *__pyx_v_sample_weight;\n                                                  ^\n\u001b[39mgcc -pthread -shared -L/home/travis/miniconda/envs/testenv/lib -Wl,-rpath=/home/travis/miniconda/envs/testenv/lib,--no-as-needed build/temp.linux-x86_64-3.4/sklearn/neighbors/ball_tree.o -L/home/travis/miniconda/envs/testenv/lib -Lbuild/temp.linux-x86_64-3.4 -lm -lpython3.4m -o sklearn/neighbors/ball_tree.cpython-34m.so\u001b[0m\n\u001b[39mbuilding 'sklearn.neighbors.kd_tree' extension\u001b[0m\n\u001b[39mcompiling C sources\u001b[0m\n\u001b[39mC compiler: /usr/lib/ccache/gcc -Wno-unused-result -DNDEBUG -g -fwrapv -O3 -Wall -Wstrict-prototypes -fPIC\n\u001b[0m\n\u001b[39mcompile options: '-I/home/travis/miniconda/envs/testenv/lib/python3.4/site-packages/numpy/core/include -I/home/travis/miniconda/envs/testenv/lib/python3.4/site-packages/numpy/core/include -I/home/travis/miniconda/envs/testenv/include/python3.4m -I/home/travis/miniconda/envs/testenv/include/python3.4m -c'\u001b[0m\n\u001b[39mgcc: sklearn/neighbors/kd_tree.c\u001b[0m\nIn file included from /home/travis/miniconda/envs/testenv/lib/python3.4/site-packages/numpy/core/include/numpy/ndarraytypes.h:1781:0,\n                 from /home/travis/miniconda/envs/testenv/lib/python3.4/site-packages/numpy/core/include/numpy/ndarrayobject.h:18,\n                 from /home/travis/miniconda/envs/testenv/lib/python3.4/site-packages/numpy/core/include/numpy/arrayobject.h:4,\n                 from sklearn/neighbors/kd_tree.c:453:\n/home/travis/miniconda/envs/testenv/lib/python3.4/site-packages/numpy/core/include/numpy/npy_1_7_deprecated_api.h:15:2: warning: #warning \"Using deprecated NumPy API, disable it by \" \"#defining NPY_NO_DEPRECATED_API NPY_1_7_API_VERSION\" [-Wcpp]\n #warning \"Using deprecated NumPy API, disable it by \" \\\n  ^\nsklearn/neighbors/kd_tree.c: In function \u2018__pyx_f_7sklearn_9neighbors_7kd_tree_10BinaryTree__kde_single_depthfirst\u2019:\nsklearn/neighbors/kd_tree.c:20873:63: warning: \u2018__pyx_v_sample_weight\u2019 may be used uninitialized in this function [-Wmaybe-uninitialized]\n         __pyx_t_12 = PyFloat_FromDouble((__pyx_v_sample_weight[(__pyx_v_idx_array[__pyx_v_i])])); if (unlikely(!__pyx_t_12)) __PYX_ERR(0, 2374, __pyx_L1_error)\n                                                               ^\nsklearn/neighbors/kd_tree.c:20550:50: note: \u2018__pyx_v_sample_weight\u2019 was declared here\n   __pyx_t_7sklearn_9neighbors_8typedefs_DTYPE_t *__pyx_v_sample_weight;\n                                                  ^\nsklearn/neighbors/kd_tree.c: In function \u2018__pyx_f_7sklearn_9neighbors_7kd_tree_10BinaryTree__kde_single_breadthfirst\u2019:\nsklearn/neighbors/kd_tree.c:23520:52: warning: \u2018__pyx_v_sample_weight\u2019 may be used uninitialized in this function [-Wmaybe-uninitialized]\n     __pyx_v_N = (__pyx_v_N + (__pyx_v_sample_weight[(__pyx_v_idx_array[__pyx_v_i])]));\n                                                    ^\nsklearn/neighbors/kd_tree.c:19676:50: note: \u2018__pyx_v_sample_weight\u2019 was declared here\n   __pyx_t_7sklearn_9neighbors_8typedefs_DTYPE_t *__pyx_v_sample_weight;\n                                                  ^\n\u001b[39mgcc -pthread -shared -L/home/travis/miniconda/envs/testenv/lib -Wl,-rpath=/home/travis/miniconda/envs/testenv/lib,--no-as-needed build/temp.linux-x86_64-3.4/sklearn/neighbors/kd_tree.o -L/home/travis/miniconda/envs/testenv/lib -Lbuild/temp.linux-x86_64-3.4 -lm -lpython3.4m -o sklearn/neighbors/kd_tree.cpython-34m.so\u001b[0m\n\u001b[39mbuilding 'sklearn.neighbors.dist_metrics' extension\u001b[0m\n\u001b[39mcompiling C sources\u001b[0m\n\u001b[39mC compiler: /usr/lib/ccache/gcc -Wno-unused-result -DNDEBUG -g -fwrapv -O3 -Wall -Wstrict-prototypes -fPIC\n\u001b[0m\n\u001b[39mcompile options: '-I/home/travis/miniconda/envs/testenv/lib/python3.4/site-packages/numpy/core/include -I/home/travis/miniconda/envs/testenv/lib/python3.4/site-packages/numpy/core/include/numpy -I/home/travis/miniconda/envs/testenv/lib/python3.4/site-packages/numpy/core/include -I/home/travis/miniconda/envs/testenv/include/python3.4m -I/home/travis/miniconda/envs/testenv/include/python3.4m -c'\u001b[0m\n\u001b[39mgcc: sklearn/neighbors/dist_metrics.c\u001b[0m\nIn file included from /home/travis/miniconda/envs/testenv/lib/python3.4/site-packages/numpy/core/include/numpy/ndarraytypes.h:1781:0,\n                 from /home/travis/miniconda/envs/testenv/lib/python3.4/site-packages/numpy/core/include/numpy/ndarrayobject.h:18,\n                 from /home/travis/miniconda/envs/testenv/lib/python3.4/site-packages/numpy/core/include/numpy/arrayobject.h:4,\n                 from sklearn/neighbors/dist_metrics.c:454:\n/home/travis/miniconda/envs/testenv/lib/python3.4/site-packages/numpy/core/include/numpy/npy_1_7_deprecated_api.h:15:2: warning: #warning \"Using deprecated NumPy API, disable it by \" \"#defining NPY_NO_DEPRECATED_API NPY_1_7_API_VERSION\" [-Wcpp]\n #warning \"Using deprecated NumPy API, disable it by \" \\\n  ^\nsklearn/neighbors/dist_metrics.c: In function \u2018__pyx_f_7sklearn_9neighbors_12dist_metrics_18SEuclideanDistance_dist\u2019:\nsklearn/neighbors/dist_metrics.c:6712:94: warning: passing argument 1 of \u2018__pyx_f_7sklearn_9neighbors_12dist_metrics_18SEuclideanDistance_rdist\u2019 from incompatible pointer type [enabled by default]\n   __pyx_t_1 = __pyx_f_7sklearn_9neighbors_12dist_metrics_18SEuclideanDistance_rdist(((struct __pyx_obj_7sklearn_9neighbors_12dist_metrics_DistanceMetric *)__pyx_v_self), __pyx_v_x1, __pyx_v_x2, __pyx_v_size); if (unlikely(__pyx_t_1 == -1.0)) __PYX_ERR(1, 463, __pyx_L1_error)\n                                                                                              ^\nsklearn/neighbors/dist_metrics.c:6517:54: note: expected \u2018struct __pyx_obj_7sklearn_9neighbors_12dist_metrics_SEuclideanDistance *\u2019 but argument is of type \u2018struct __pyx_obj_7sklearn_9neighbors_12dist_metrics_DistanceMetric *\u2019\n static __pyx_t_7sklearn_9neighbors_8typedefs_DTYPE_t __pyx_f_7sklearn_9neighbors_12dist_metrics_18SEuclideanDistance_rdist(struct __pyx_obj_7sklearn_9neighbors_12dist_metrics_SEuclideanDistance *__pyx_v_self, __pyx_t_7sklearn_9neighbors_8typedefs_DTYPE_t *__pyx_v_x1, __pyx_t_7sklearn_9neighbors_8typedefs_DTYPE_t *__pyx_v_x2, __pyx_t_7sklearn_9neighbors_8typedefs_ITYPE_t __pyx_v_size) {\n                                                      ^\nsklearn/neighbors/dist_metrics.c: In function \u2018__pyx_f_7sklearn_9neighbors_12dist_metrics_17MinkowskiDistance_dist\u2019:\nsklearn/neighbors/dist_metrics.c:7523:93: warning: passing argument 1 of \u2018__pyx_f_7sklearn_9neighbors_12dist_metrics_17MinkowskiDistance_rdist\u2019 from incompatible pointer type [enabled by default]\n   __pyx_t_1 = __pyx_f_7sklearn_9neighbors_12dist_metrics_17MinkowskiDistance_rdist(((struct __pyx_obj_7sklearn_9neighbors_12dist_metrics_DistanceMetric *)__pyx_v_self), __pyx_v_x1, __pyx_v_x2, __pyx_v_size); if (unlikely(__pyx_t_1 == -1.0)) __PYX_ERR(1, 552, __pyx_L1_error)\n                                                                                             ^\nsklearn/neighbors/dist_metrics.c:7444:54: note: expected \u2018struct __pyx_obj_7sklearn_9neighbors_12dist_metrics_MinkowskiDistance *\u2019 but argument is of type \u2018struct __pyx_obj_7sklearn_9neighbors_12dist_metrics_DistanceMetric *\u2019\n static __pyx_t_7sklearn_9neighbors_8typedefs_DTYPE_t __pyx_f_7sklearn_9neighbors_12dist_metrics_17MinkowskiDistance_rdist(struct __pyx_obj_7sklearn_9neighbors_12dist_metrics_MinkowskiDistance *__pyx_v_self, __pyx_t_7sklearn_9neighbors_8typedefs_DTYPE_t *__pyx_v_x1, __pyx_t_7sklearn_9neighbors_8typedefs_DTYPE_t *__pyx_v_x2, __pyx_t_7sklearn_9neighbors_8typedefs_ITYPE_t __pyx_v_size) {\n                                                      ^\nsklearn/neighbors/dist_metrics.c: In function \u2018__pyx_f_7sklearn_9neighbors_12dist_metrics_18WMinkowskiDistance_dist\u2019:\nsklearn/neighbors/dist_metrics.c:8223:94: warning: passing argument 1 of \u2018__pyx_f_7sklearn_9neighbors_12dist_metrics_18WMinkowskiDistance_rdist\u2019 from incompatible pointer type [enabled by default]\n   __pyx_t_1 = __pyx_f_7sklearn_9neighbors_12dist_metrics_18WMinkowskiDistance_rdist(((struct __pyx_obj_7sklearn_9neighbors_12dist_metrics_DistanceMetric *)__pyx_v_self), __pyx_v_x1, __pyx_v_x2, __pyx_v_size); if (unlikely(__pyx_t_1 == -1.0)) __PYX_ERR(1, 611, __pyx_L1_error)\n                                                                                              ^\nsklearn/neighbors/dist_metrics.c:8038:54: note: expected \u2018struct __pyx_obj_7sklearn_9neighbors_12dist_metrics_WMinkowskiDistance *\u2019 but argument is of type \u2018struct __pyx_obj_7sklearn_9neighbors_12dist_metrics_DistanceMetric *\u2019\n static __pyx_t_7sklearn_9neighbors_8typedefs_DTYPE_t __pyx_f_7sklearn_9neighbors_12dist_metrics_18WMinkowskiDistance_rdist(struct __pyx_obj_7sklearn_9neighbors_12dist_metrics_WMinkowskiDistance *__pyx_v_self, __pyx_t_7sklearn_9neighbors_8typedefs_DTYPE_t *__pyx_v_x1, __pyx_t_7sklearn_9neighbors_8typedefs_DTYPE_t *__pyx_v_x2, __pyx_t_7sklearn_9neighbors_8typedefs_ITYPE_t __pyx_v_size) {\n                                                      ^\nsklearn/neighbors/dist_metrics.c: In function \ufffd\ufffd\ufffd__pyx_f_7sklearn_9neighbors_12dist_metrics_19MahalanobisDistance_dist\u2019:\nsklearn/neighbors/dist_metrics.c:9081:95: warning: passing argument 1 of \u2018__pyx_f_7sklearn_9neighbors_12dist_metrics_19MahalanobisDistance_rdist\u2019 from incompatible pointer type [enabled by default]\n   __pyx_t_1 = __pyx_f_7sklearn_9neighbors_12dist_metrics_19MahalanobisDistance_rdist(((struct __pyx_obj_7sklearn_9neighbors_12dist_metrics_DistanceMetric *)__pyx_v_self), __pyx_v_x1, __pyx_v_x2, __pyx_v_size); if (unlikely(__pyx_t_1 == -1.0)) __PYX_ERR(1, 684, __pyx_L1_error)\n                                                                                               ^\nsklearn/neighbors/dist_metrics.c:8841:54: note: expected \u2018struct __pyx_obj_7sklearn_9neighbors_12dist_metrics_MahalanobisDistance *\u2019 but argument is of type \u2018struct __pyx_obj_7sklearn_9neighbors_12dist_metrics_DistanceMetric *\u2019\n static __pyx_t_7sklearn_9neighbors_8typedefs_DTYPE_t __pyx_f_7sklearn_9neighbors_12dist_metrics_19MahalanobisDistance_rdist(struct __pyx_obj_7sklearn_9neighbors_12dist_metrics_MahalanobisDistance *__pyx_v_self, __pyx_t_7sklearn_9neighbors_8typedefs_DTYPE_t *__pyx_v_x1, __pyx_t_7sklearn_9neighbors_8typedefs_DTYPE_t *__pyx_v_x2, __pyx_t_7sklearn_9neighbors_8typedefs_ITYPE_t __pyx_v_size) {\n                                                      ^\n\u001b[39mgcc -pthread -shared -L/home/travis/miniconda/envs/testenv/lib -Wl,-rpath=/home/travis/miniconda/envs/testenv/lib,--no-as-needed build/temp.linux-x86_64-3.4/sklearn/neighbors/dist_metrics.o -L/home/travis/miniconda/envs/testenv/lib -Lbuild/temp.linux-x86_64-3.4 -lm -lpython3.4m -o sklearn/neighbors/dist_metrics.cpython-34m.so\u001b[0m\n\u001b[39mbuilding 'sklearn.neighbors.typedefs' extension\u001b[0m\n\u001b[39mcompiling C sources\u001b[0m\n\u001b[39mC compiler: /usr/lib/ccache/gcc -Wno-unused-result -DNDEBUG -g -fwrapv -O3 -Wall -Wstrict-prototypes -fPIC\n\u001b[0m\n\u001b[39mcompile options: '-I/home/travis/miniconda/envs/testenv/lib/python3.4/site-packages/numpy/core/include -I/home/travis/miniconda/envs/testenv/lib/python3.4/site-packages/numpy/core/include -I/home/travis/miniconda/envs/testenv/include/python3.4m -I/home/travis/miniconda/envs/testenv/include/python3.4m -c'\u001b[0m\n\u001b[39mgcc: sklearn/neighbors/typedefs.c\u001b[0m\nIn file included from /home/travis/miniconda/envs/testenv/lib/python3.4/site-packages/numpy/core/include/numpy/ndarraytypes.h:1781:0,\n                 from /home/travis/miniconda/envs/testenv/lib/python3.4/site-packages/numpy/core/include/numpy/ndarrayobject.h:18,\n                 from /home/travis/miniconda/envs/testenv/lib/python3.4/site-packages/numpy/core/include/numpy/arrayobject.h:4,\n                 from sklearn/neighbors/typedefs.c:453:\n/home/travis/miniconda/envs/testenv/lib/python3.4/site-packages/numpy/core/include/numpy/npy_1_7_deprecated_api.h:15:2: warning: #warning \"Using deprecated NumPy API, disable it by \" \"#defining NPY_NO_DEPRECATED_API NPY_1_7_API_VERSION\" [-Wcpp]\n #warning \"Using deprecated NumPy API, disable it by \" \\\n  ^\n\u001b[39mgcc -pthread -shared -L/home/travis/miniconda/envs/testenv/lib -Wl,-rpath=/home/travis/miniconda/envs/testenv/lib,--no-as-needed build/temp.linux-x86_64-3.4/sklearn/neighbors/typedefs.o -L/home/travis/miniconda/envs/testenv/lib -Lbuild/temp.linux-x86_64-3.4 -lm -lpython3.4m -o sklearn/neighbors/typedefs.cpython-34m.so\u001b[0m\n\u001b[39mbuilding 'sklearn.neighbors.quad_tree' extension\u001b[0m\n\u001b[39mcompiling C sources\u001b[0m\n\u001b[39mC compiler: /usr/lib/ccache/gcc -Wno-unused-result -DNDEBUG -g -fwrapv -O3 -Wall -Wstrict-prototypes -fPIC\n\u001b[0m\n\u001b[39mcompile options: '-I/home/travis/miniconda/envs/testenv/lib/python3.4/site-packages/numpy/core/include -I/home/travis/miniconda/envs/testenv/lib/python3.4/site-packages/numpy/core/include -I/home/travis/miniconda/envs/testenv/include/python3.4m -I/home/travis/miniconda/envs/testenv/include/python3.4m -c'\u001b[0m\n\u001b[39mgcc: sklearn/neighbors/quad_tree.c\u001b[0m\nIn file included from /home/travis/miniconda/envs/testenv/lib/python3.4/site-packages/numpy/core/include/numpy/ndarraytypes.h:1781:0,\n                 from /home/travis/miniconda/envs/testenv/lib/python3.4/site-packages/numpy/core/include/numpy/ndarrayobject.h:18,\n                 from /home/travis/miniconda/envs/testenv/lib/python3.4/site-packages/numpy/core/include/numpy/arrayobject.h:4,\n                 from sklearn/neighbors/quad_tree.c:453:\n/home/travis/miniconda/envs/testenv/lib/python3.4/site-packages/numpy/core/include/numpy/npy_1_7_deprecated_api.h:15:2: warning: #warning \"Using deprecated NumPy API, disable it by \" \"#defining NPY_NO_DEPRECATED_API NPY_1_7_API_VERSION\" [-Wcpp]\n #warning \"Using deprecated NumPy API, disable it by \" \\\n  ^\nsklearn/neighbors/quad_tree.c:2710:1: warning: function declaration isn\u2019t a prototype [-Wstrict-prototypes]\n static PyObject *__pyx_pf_7sklearn_9neighbors_9quad_tree_9_QuadTree_16test_summarize(); /* proto */\n ^\nsklearn/neighbors/quad_tree.c: In function \u2018__pyx_f_7sklearn_9neighbors_9quad_tree_9_QuadTree__get_cell_ndarray\u2019:\nsklearn/neighbors/quad_tree.c:6994:3: warning: passing argument 1 of \u2018(struct PyObject * (*)(struct PyTypeObject *, struct PyArray_Descr *, int,  npy_intp *, npy_intp *, void *, int,  struct PyObject *))*(PyArray_API + 752u)\u2019 from incompatible pointer type [enabled by default]\n   __pyx_t_2 = PyArray_NewFromDescr(((PyObject *)__pyx_ptype_5numpy_ndarray), ((PyArray_Descr *)__pyx_t_1), 1, __pyx_v_shape, __pyx_v_strides, ((void *)__pyx_v_self->cells), NPY_DEFAULT, Py_None); if (unlikely(!__pyx_t_2)) __PYX_ERR(0, 574, __pyx_L1_error)\n   ^\nsklearn/neighbors/quad_tree.c:6994:3: note: expected \u2018struct PyTypeObject *\u2019 but argument is of type \u2018struct PyObject *\u2019\nsklearn/neighbors/quad_tree.c: At top level:\nsklearn/neighbors/quad_tree.c:7419:18: warning: function declaration isn\u2019t a prototype [-Wstrict-prototypes]\n static PyObject *__pyx_pf_7sklearn_9neighbors_9quad_tree_9_QuadTree_16test_summarize() {\n                  ^\n\u001b[39mgcc -pthread -shared -L/home/travis/miniconda/envs/testenv/lib -Wl,-rpath=/home/travis/miniconda/envs/testenv/lib,--no-as-needed build/temp.linux-x86_64-3.4/sklearn/neighbors/quad_tree.o -L/home/travis/miniconda/envs/testenv/lib -Lbuild/temp.linux-x86_64-3.4 -lm -lpython3.4m -o sklearn/neighbors/quad_tree.cpython-34m.so\u001b[0m\n\u001b[39mbuilding 'sklearn.tree._tree' extension\u001b[0m\n\u001b[39mcompiling C sources\u001b[0m\n\u001b[39mC compiler: /usr/lib/ccache/gcc -Wno-unused-result -DNDEBUG -g -fwrapv -O3 -Wall -Wstrict-prototypes -fPIC\n\u001b[0m\n\u001b[39mcreating build/temp.linux-x86_64-3.4/sklearn/tree\u001b[0m\n\u001b[39mcompile options: '-I/home/travis/miniconda/envs/testenv/lib/python3.4/site-packages/numpy/core/include -I/home/travis/miniconda/envs/testenv/lib/python3.4/site-packages/numpy/core/include -I/home/travis/miniconda/envs/testenv/include/python3.4m -I/home/travis/miniconda/envs/testenv/include/python3.4m -c'\nextra options: '-O3'\u001b[0m\n\u001b[39mgcc: sklearn/tree/_tree.c\u001b[0m\nIn file included from /home/travis/miniconda/envs/testenv/lib/python3.4/site-packages/numpy/core/include/numpy/ndarraytypes.h:1781:0,\n                 from /home/travis/miniconda/envs/testenv/lib/python3.4/site-packages/numpy/core/include/numpy/ndarrayobject.h:18,\n                 from /home/travis/miniconda/envs/testenv/lib/python3.4/site-packages/numpy/core/include/numpy/arrayobject.h:4,\n                 from sklearn/tree/_tree.c:456:\n/home/travis/miniconda/envs/testenv/lib/python3.4/site-packages/numpy/core/include/numpy/npy_1_7_deprecated_api.h:15:2: warning: #warning \"Using deprecated NumPy API, disable it by \" \"#defining NPY_NO_DEPRECATED_API NPY_1_7_API_VERSION\" [-Wcpp]\n #warning \"Using deprecated NumPy API, disable it by \" \\\n  ^\nsklearn/tree/_tree.c: In function \u2018__pyx_f_7sklearn_4tree_5_tree_4Tree__get_node_ndarray\u2019:\nsklearn/tree/_tree.c:14116:3: warning: passing argument 1 of \u2018(struct PyObject * (*)(struct PyTypeObject *, struct PyArray_Descr *, int,  npy_intp *, npy_intp *, void *, int,  struct PyObject *))*(PyArray_API + 752u)\u2019 from incompatible pointer type [enabled by default]\n   __pyx_t_2 = PyArray_NewFromDescr(((PyObject *)__pyx_ptype_5numpy_ndarray), ((PyArray_Descr *)__pyx_t_1), 1, __pyx_v_shape, __pyx_v_strides, ((void *)__pyx_v_self->nodes), NPY_DEFAULT, Py_None); if (unlikely(!__pyx_t_2)) __PYX_ERR(0, 1123, __pyx_L1_error)\n   ^\nsklearn/tree/_tree.c:14116:3: note: expected \u2018struct PyTypeObject *\u2019 but argument is of type \u2018struct PyObject *\u2019\nsklearn/tree/_tree.c: In function \u2018__pyx_f_7sklearn_4tree_5_tree_20BestFirstTreeBuilder_build\u2019:\nsklearn/tree/_tree.c:5361:13: warning: \ufffd\ufffd\ufffd__pyx_v_split_node_right.improvement\u2019 may be used uninitialized in this function [-Wmaybe-uninitialized]\n   __pyx_t_1 = ((struct __pyx_vtabstruct_7sklearn_4tree_6_utils_PriorityHeap *)__pyx_v_frontier->__pyx_vtab)->push(__pyx_v_frontier, __pyx_v_rec->node_id, __pyx_v_rec->start, __pyx_v_rec->end, __pyx_v_rec->pos, __pyx_v_rec->depth, __pyx_v_rec->is_leaf, __pyx_v_rec->improvement, __pyx_v_rec->impurity, __pyx_v_rec->impurity_left, __pyx_v_rec->impurity_right); if (unlikely(__pyx_t_1 == -1)) __PYX_ERR(0, 290, __pyx_L1_error)\n             ^\nsklearn/tree/_tree.c:5653:60: note: \u2018__pyx_v_split_node_right.improvement\u2019 was declared here\n   struct __pyx_t_7sklearn_4tree_6_utils_PriorityHeapRecord __pyx_v_split_node_right;\n                                                            ^\nsklearn/tree/_tree.c:5361:13: warning: \u2018__pyx_v_split_node_right.impurity_right\u2019 may be used uninitialized in this function [-Wmaybe-uninitialized]\n   __pyx_t_1 = ((struct __pyx_vtabstruct_7sklearn_4tree_6_utils_PriorityHeap *)__pyx_v_frontier->__pyx_vtab)->push(__pyx_v_frontier, __pyx_v_rec->node_id, __pyx_v_rec->start, __pyx_v_rec->end, __pyx_v_rec->pos, __pyx_v_rec->depth, __pyx_v_rec->is_leaf, __pyx_v_rec->improvement, __pyx_v_rec->impurity, __pyx_v_rec->impurity_left, __pyx_v_rec->impurity_right); if (unlikely(__pyx_t_1 == -1)) __PYX_ERR(0, 290, __pyx_L1_error)\n             ^\nsklearn/tree/_tree.c:5653:60: note: \u2018__pyx_v_split_node_right.impurity_right\u2019 was declared here\n   struct __pyx_t_7sklearn_4tree_6_utils_PriorityHeapRecord __pyx_v_split_node_right;\n                                                            ^\nsklearn/tree/_tree.c:5361:13: warning: \u2018__pyx_v_split_node_right.impurity_left\u2019 may be used uninitialized in this function [-Wmaybe-uninitialized]\n   __pyx_t_1 = ((struct __pyx_vtabstruct_7sklearn_4tree_6_utils_PriorityHeap *)__pyx_v_frontier->__pyx_vtab)->push(__pyx_v_frontier, __pyx_v_rec->node_id, __pyx_v_rec->start, __pyx_v_rec->end, __pyx_v_rec->pos, __pyx_v_rec->depth, __pyx_v_rec->is_leaf, __pyx_v_rec->improvement, __pyx_v_rec->impurity, __pyx_v_rec->impurity_left, __pyx_v_rec->impurity_right); if (unlikely(__pyx_t_1 == -1)) __PYX_ERR(0, 290, __pyx_L1_error)\n             ^\nsklearn/tree/_tree.c:5653:60: note: \u2018__pyx_v_split_node_right.impurity_left\u2019 was declared here\n   struct __pyx_t_7sklearn_4tree_6_utils_PriorityHeapRecord __pyx_v_split_node_right;\n                                                            ^\nsklearn/tree/_tree.c:5361:13: warning: \u2018__pyx_v_split_node_right.impurity\u2019 may be used uninitialized in this function [-Wmaybe-uninitialized]\n   __pyx_t_1 = ((struct __pyx_vtabstruct_7sklearn_4tree_6_utils_PriorityHeap *)__pyx_v_frontier->__pyx_vtab)->push(__pyx_v_frontier, __pyx_v_rec->node_id, __pyx_v_rec->start, __pyx_v_rec->end, __pyx_v_rec->pos, __pyx_v_rec->depth, __pyx_v_rec->is_leaf, __pyx_v_rec->improvement, __pyx_v_rec->impurity, __pyx_v_rec->impurity_left, __pyx_v_rec->impurity_right); if (unlikely(__pyx_t_1 == -1)) __PYX_ERR(0, 290, __pyx_L1_error)\n             ^\nsklearn/tree/_tree.c:5653:60: note: \u2018__pyx_v_split_node_right.impurity\u2019 was declared here\n   struct __pyx_t_7sklearn_4tree_6_utils_PriorityHeapRecord __pyx_v_split_node_right;\n                                                            ^\nsklearn/tree/_tree.c:5361:13: warning: \u2018__pyx_v_split_node_right.is_leaf\u2019 may be used uninitialized in this function [-Wmaybe-uninitialized]\n   __pyx_t_1 = ((struct __pyx_vtabstruct_7sklearn_4tree_6_utils_PriorityHeap *)__pyx_v_frontier->__pyx_vtab)->push(__pyx_v_frontier, __pyx_v_rec->node_id, __pyx_v_rec->start, __pyx_v_rec->end, __pyx_v_rec->pos, __pyx_v_rec->depth, __pyx_v_rec->is_leaf, __pyx_v_rec->improvement, __pyx_v_rec->impurity, __pyx_v_rec->impurity_left, __pyx_v_rec->impurity_right); if (unlikely(__pyx_t_1 == -1)) __PYX_ERR(0, 290, __pyx_L1_error)\n             ^\nsklearn/tree/_tree.c:5653:60: note: \u2018__pyx_v_split_node_right.is_leaf\u2019 was declared here\n   struct __pyx_t_7sklearn_4tree_6_utils_PriorityHeapRecord __pyx_v_split_node_right;\n                                                            ^\nsklearn/tree/_tree.c:5361:13: warning: \u2018__pyx_v_split_node_right.depth\u2019 may be used uninitialized in this function [-Wmaybe-uninitialized]\n   __pyx_t_1 = ((struct __pyx_vtabstruct_7sklearn_4tree_6_utils_PriorityHeap *)__pyx_v_frontier->__pyx_vtab)->push(__pyx_v_frontier, __pyx_v_rec->node_id, __pyx_v_rec->start, __pyx_v_rec->end, __pyx_v_rec->pos, __pyx_v_rec->depth, __pyx_v_rec->is_leaf, __pyx_v_rec->improvement, __pyx_v_rec->impurity, __pyx_v_rec->impurity_left, __pyx_v_rec->impurity_right); if (unlikely(__pyx_t_1 == -1)) __PYX_ERR(0, 290, __pyx_L1_error)\n             ^\nsklearn/tree/_tree.c:5653:60: note: \u2018__pyx_v_split_node_right.depth\u2019 was declared here\n   struct __pyx_t_7sklearn_4tree_6_utils_PriorityHeapRecord __pyx_v_split_node_right;\n                                                            ^\nsklearn/tree/_tree.c:5361:13: warning: \u2018__pyx_v_split_node_right.pos\u2019 may be used uninitialized in this function [-Wmaybe-uninitialized]\n   __pyx_t_1 = ((struct __pyx_vtabstruct_7sklearn_4tree_6_utils_PriorityHeap *)__pyx_v_frontier->__pyx_vtab)->push(__pyx_v_frontier, __pyx_v_rec->node_id, __pyx_v_rec->start, __pyx_v_rec->end, __pyx_v_rec->pos, __pyx_v_rec->depth, __pyx_v_rec->is_leaf, __pyx_v_rec->improvement, __pyx_v_rec->impurity, __pyx_v_rec->impurity_left, __pyx_v_rec->impurity_right); if (unlikely(__pyx_t_1 == -1)) __PYX_ERR(0, 290, __pyx_L1_error)\n             ^\nsklearn/tree/_tree.c:5653:60: note: \u2018__pyx_v_split_node_right.pos\u2019 was declared here\n   struct __pyx_t_7sklearn_4tree_6_utils_PriorityHeapRecord __pyx_v_split_node_right;\n                                                            ^\nsklearn/tree/_tree.c:5361:13: warning: \u2018__pyx_v_split_node_right.end\u2019 may be used uninitialized in this function [-Wmaybe-uninitialized]\n   __pyx_t_1 = ((struct __pyx_vtabstruct_7sklearn_4tree_6_utils_PriorityHeap *)__pyx_v_frontier->__pyx_vtab)->push(__pyx_v_frontier, __pyx_v_rec->node_id, __pyx_v_rec->start, __pyx_v_rec->end, __pyx_v_rec->pos, __pyx_v_rec->depth, __pyx_v_rec->is_leaf, __pyx_v_rec->improvement, __pyx_v_rec->impurity, __pyx_v_rec->impurity_left, __pyx_v_rec->impurity_right); if (unlikely(__pyx_t_1 == -1)) __PYX_ERR(0, 290, __pyx_L1_error)\n             ^\nsklearn/tree/_tree.c:5653:60: note: \u2018__pyx_v_split_node_right.end\u2019 was declared here\n   struct __pyx_t_7sklearn_4tree_6_utils_PriorityHeapRecord __pyx_v_split_node_right;\n                                                            ^\nsklearn/tree/_tree.c:5361:13: warning: \u2018__pyx_v_split_node_right.start\u2019 may be used uninitialized in this function [-Wmaybe-uninitialized]\n   __pyx_t_1 = ((struct __pyx_vtabstruct_7sklearn_4tree_6_utils_PriorityHeap *)__pyx_v_frontier->__pyx_vtab)->push(__pyx_v_frontier, __pyx_v_rec->node_id, __pyx_v_rec->start, __pyx_v_rec->end, __pyx_v_rec->pos, __pyx_v_rec->depth, __pyx_v_rec->is_leaf, __pyx_v_rec->improvement, __pyx_v_rec->impurity, __pyx_v_rec->impurity_left, __pyx_v_rec->impurity_right); if (unlikely(__pyx_t_1 == -1)) __PYX_ERR(0, 290, __pyx_L1_error)\n             ^\nsklearn/tree/_tree.c:5653:60: note: \u2018__pyx_v_split_node_right.start\u2019 was declared here\n   struct __pyx_t_7sklearn_4tree_6_utils_PriorityHeapRecord __pyx_v_split_node_right;\n                                                            ^\nsklearn/tree/_tree.c:5361:13: warning: \u2018__pyx_v_split_node_right.node_id\u2019 may be used uninitialized in this function [-Wmaybe-uninitialized]\n   __pyx_t_1 = ((struct __pyx_vtabstruct_7sklearn_4tree_6_utils_PriorityHeap *)__pyx_v_frontier->__pyx_vtab)->push(__pyx_v_frontier, __pyx_v_rec->node_id, __pyx_v_rec->start, __pyx_v_rec->end, __pyx_v_rec->pos, __pyx_v_rec->depth, __pyx_v_rec->is_leaf, __pyx_v_rec->improvement, __pyx_v_rec->impurity, __pyx_v_rec->impurity_left, __pyx_v_rec->impurity_right); if (unlikely(__pyx_t_1 == -1)) __PYX_ERR(0, 290, __pyx_L1_error)\n             ^\nsklearn/tree/_tree.c:5653:60: note: \u2018__pyx_v_split_node_right.node_id\u2019 was declared here\n   struct __pyx_t_7sklearn_4tree_6_utils_PriorityHeapRecord __pyx_v_split_node_right;\n                                                            ^\nsklearn/tree/_tree.c:5361:13: warning: \u2018__pyx_v_split_node_left.node_id\u2019 may be used uninitialized in this function [-Wmaybe-uninitialized]\n   __pyx_t_1 = ((struct __pyx_vtabstruct_7sklearn_4tree_6_utils_PriorityHeap *)__pyx_v_frontier->__pyx_vtab)->push(__pyx_v_frontier, __pyx_v_rec->node_id, __pyx_v_rec->start, __pyx_v_rec->end, __pyx_v_rec->pos, __pyx_v_rec->depth, __pyx_v_rec->is_leaf, __pyx_v_rec->improvement, __pyx_v_rec->impurity, __pyx_v_rec->impurity_left, __pyx_v_rec->impurity_right); if (unlikely(__pyx_t_1 == -1)) __PYX_ERR(0, 290, __pyx_L1_error)\n             ^\nsklearn/tree/_tree.c:5652:60: note: \u2018__pyx_v_split_node_left.node_id\u2019 was declared here\n   struct __pyx_t_7sklearn_4tree_6_utils_PriorityHeapRecord __pyx_v_split_node_left;\n                                                            ^\nsklearn/tree/_tree.c:5361:13: warning: \u2018__pyx_v_split_node_left.end\u2019 may be used uninitialized in this function [-Wmaybe-uninitialized]\n   __pyx_t_1 = ((struct __pyx_vtabstruct_7sklearn_4tree_6_utils_PriorityHeap *)__pyx_v_frontier->__pyx_vtab)->push(__pyx_v_frontier, __pyx_v_rec->node_id, __pyx_v_rec->start, __pyx_v_rec->end, __pyx_v_rec->pos, __pyx_v_rec->depth, __pyx_v_rec->is_leaf, __pyx_v_rec->improvement, __pyx_v_rec->impurity, __pyx_v_rec->impurity_left, __pyx_v_rec->impurity_right); if (unlikely(__pyx_t_1 == -1)) __PYX_ERR(0, 290, __pyx_L1_error)\n             ^\nsklearn/tree/_tree.c:5652:60: note: \u2018__pyx_v_split_node_left.end\u2019 was declared here\n   struct __pyx_t_7sklearn_4tree_6_utils_PriorityHeapRecord __pyx_v_split_node_left;\n                                                            ^\nsklearn/tree/_tree.c:5361:13: warning: \u2018__pyx_v_split_node_left.pos\u2019 may be used uninitialized in this function [-Wmaybe-uninitialized]\n   __pyx_t_1 = ((struct __pyx_vtabstruct_7sklearn_4tree_6_utils_PriorityHeap *)__pyx_v_frontier->__pyx_vtab)->push(__pyx_v_frontier, __pyx_v_rec->node_id, __pyx_v_rec->start, __pyx_v_rec->end, __pyx_v_rec->pos, __pyx_v_rec->depth, __pyx_v_rec->is_leaf, __pyx_v_rec->improvement, __pyx_v_rec->impurity, __pyx_v_rec->impurity_left, __pyx_v_rec->impurity_right); if (unlikely(__pyx_t_1 == -1)) __PYX_ERR(0, 290, __pyx_L1_error)\n             ^\nsklearn/tree/_tree.c:5652:60: note: \u2018__pyx_v_split_node_left.pos\u2019 was declared here\n   struct __pyx_t_7sklearn_4tree_6_utils_PriorityHeapRecord __pyx_v_split_node_left;\n                                                            ^\nsklearn/tree/_tree.c:5361:13: warning: \u2018__pyx_v_split_node_left.is_leaf\u2019 may be used uninitialized in this function [-Wmaybe-uninitialized]\n   __pyx_t_1 = ((struct __pyx_vtabstruct_7sklearn_4tree_6_utils_PriorityHeap *)__pyx_v_frontier->__pyx_vtab)->push(__pyx_v_frontier, __pyx_v_rec->node_id, __pyx_v_rec->start, __pyx_v_rec->end, __pyx_v_rec->pos, __pyx_v_rec->depth, __pyx_v_rec->is_leaf, __pyx_v_rec->improvement, __pyx_v_rec->impurity, __pyx_v_rec->impurity_left, __pyx_v_rec->impurity_right); if (unlikely(__pyx_t_1 == -1)) __PYX_ERR(0, 290, __pyx_L1_error)\n             ^\nsklearn/tree/_tree.c:5652:60: note: \u2018__pyx_v_split_node_left.is_leaf\u2019 was declared here\n   struct __pyx_t_7sklearn_4tree_6_utils_PriorityHeapRecord __pyx_v_split_node_left;\n                                                            ^\nsklearn/tree/_tree.c:5361:13: warning: \u2018__pyx_v_split_node_left.impurity\u2019 may be used uninitialized in this function [-Wmaybe-uninitialized]\n   __pyx_t_1 = ((struct __pyx_vtabstruct_7sklearn_4tree_6_utils_PriorityHeap *)__pyx_v_frontier->__pyx_vtab)->push(__pyx_v_frontier, __pyx_v_rec->node_id, __pyx_v_rec->start, __pyx_v_rec->end, __pyx_v_rec->pos, __pyx_v_rec->depth, __pyx_v_rec->is_leaf, __pyx_v_rec->improvement, __pyx_v_rec->impurity, __pyx_v_rec->impurity_left, __pyx_v_rec->impurity_right); if (unlikely(__pyx_t_1 == -1)) __PYX_ERR(0, 290, __pyx_L1_error)\n             ^\nsklearn/tree/_tree.c:5652:60: note: \u2018__pyx_v_split_node_left.impurity\u2019 was declared here\n   struct __pyx_t_7sklearn_4tree_6_utils_PriorityHeapRecord __pyx_v_split_node_left;\n                                                            ^\nsklearn/tree/_tree.c:5361:13: warning: \u2018__pyx_v_split_node_left.impurity_left\u2019 may be used uninitialized in this function [-Wmaybe-uninitialized]\n   __pyx_t_1 = ((struct __pyx_vtabstruct_7sklearn_4tree_6_utils_PriorityHeap *)__pyx_v_frontier->__pyx_vtab)->push(__pyx_v_frontier, __pyx_v_rec->node_id, __pyx_v_rec->start, __pyx_v_rec->end, __pyx_v_rec->pos, __pyx_v_rec->depth, __pyx_v_rec->is_leaf, __pyx_v_rec->improvement, __pyx_v_rec->impurity, __pyx_v_rec->impurity_left, __pyx_v_rec->impurity_right); if (unlikely(__pyx_t_1 == -1)) __PYX_ERR(0, 290, __pyx_L1_error)\n             ^\nsklearn/tree/_tree.c:5652:60: note: \u2018__pyx_v_split_node_left.impurity_left\u2019 was declared here\n   struct __pyx_t_7sklearn_4tree_6_utils_PriorityHeapRecord __pyx_v_split_node_left;\n                                                            ^\nsklearn/tree/_tree.c:5361:13: warning: \u2018__pyx_v_split_node_left.impurity_right\u2019 may be used uninitialized in this function [-Wmaybe-uninitialized]\n   __pyx_t_1 = ((struct __pyx_vtabstruct_7sklearn_4tree_6_utils_PriorityHeap *)__pyx_v_frontier->__pyx_vtab)->push(__pyx_v_frontier, __pyx_v_rec->node_id, __pyx_v_rec->start, __pyx_v_rec->end, __pyx_v_rec->pos, __pyx_v_rec->depth, __pyx_v_rec->is_leaf, __pyx_v_rec->improvement, __pyx_v_rec->impurity, __pyx_v_rec->impurity_left, __pyx_v_rec->impurity_right); if (unlikely(__pyx_t_1 == -1)) __PYX_ERR(0, 290, __pyx_L1_error)\n             ^\nsklearn/tree/_tree.c:5652:60: note: \u2018__pyx_v_split_node_left.impurity_right\u2019 was declared here\n   struct __pyx_t_7sklearn_4tree_6_utils_PriorityHeapRecord __pyx_v_split_node_left;\n                                                            ^\nsklearn/tree/_tree.c:5361:13: warning: \u2018__pyx_v_split_node_left.improvement\u2019 may be used uninitialized in this function [-Wmaybe-uninitialized]\n   __pyx_t_1 = ((struct __pyx_vtabstruct_7sklearn_4tree_6_utils_PriorityHeap *)__pyx_v_frontier->__pyx_vtab)->push(__pyx_v_frontier, __pyx_v_rec->node_id, __pyx_v_rec->start, __pyx_v_rec->end, __pyx_v_rec->pos, __pyx_v_rec->depth, __pyx_v_rec->is_leaf, __pyx_v_rec->improvement, __pyx_v_rec->impurity, __pyx_v_rec->impurity_left, __pyx_v_rec->impurity_right); if (unlikely(__pyx_t_1 == -1)) __PYX_ERR(0, 290, __pyx_L1_error)\n             ^\nsklearn/tree/_tree.c:5652:60: note: \u2018__pyx_v_split_node_left.improvement\u2019 was declared here\n   struct __pyx_t_7sklearn_4tree_6_utils_PriorityHeapRecord __pyx_v_split_node_left;\n                                                            ^\n\u001b[39mgcc -pthread -shared -L/home/travis/miniconda/envs/testenv/lib -Wl,-rpath=/home/travis/miniconda/envs/testenv/lib,--no-as-needed build/temp.linux-x86_64-3.4/sklearn/tree/_tree.o -L/home/travis/miniconda/envs/testenv/lib -Lbuild/temp.linux-x86_64-3.4 -lm -lpython3.4m -o sklearn/tree/_tree.cpython-34m.so\u001b[0m\n\u001b[39mbuilding 'sklearn.tree._splitter' extension\u001b[0m\n\u001b[39mcompiling C sources\u001b[0m\n\u001b[39mC compiler: /usr/lib/ccache/gcc -Wno-unused-result -DNDEBUG -g -fwrapv -O3 -Wall -Wstrict-prototypes -fPIC\n\u001b[0m\n\u001b[39mcompile options: '-I/home/travis/miniconda/envs/testenv/lib/python3.4/site-packages/numpy/core/include -I/home/travis/miniconda/envs/testenv/lib/python3.4/site-packages/numpy/core/include -I/home/travis/miniconda/envs/testenv/include/python3.4m -I/home/travis/miniconda/envs/testenv/include/python3.4m -c'\nextra options: '-O3'\u001b[0m\n\u001b[39mgcc: sklearn/tree/_splitter.c\u001b[0m\nIn file included from /home/travis/miniconda/envs/testenv/lib/python3.4/site-packages/numpy/core/include/numpy/ndarraytypes.h:1781:0,\n                 from /home/travis/miniconda/envs/testenv/lib/python3.4/site-packages/numpy/core/include/numpy/ndarrayobject.h:18,\n                 from /home/travis/miniconda/envs/testenv/lib/python3.4/site-packages/numpy/core/include/numpy/arrayobject.h:4,\n                 from sklearn/tree/_splitter.c:456:\n/home/travis/miniconda/envs/testenv/lib/python3.4/site-packages/numpy/core/include/numpy/npy_1_7_deprecated_api.h:15:2: warning: #warning \"Using deprecated NumPy API, disable it by \" \"#defining NPY_NO_DEPRECATED_API NPY_1_7_API_VERSION\" [-Wcpp]\n #warning \"Using deprecated NumPy API, disable it by \" \\\n  ^\n\u001b[39mgcc -pthread -shared -L/home/travis/miniconda/envs/testenv/lib -Wl,-rpath=/home/travis/miniconda/envs/testenv/lib,--no-as-needed build/temp.linux-x86_64-3.4/sklearn/tree/_splitter.o -L/home/travis/miniconda/envs/testenv/lib -Lbuild/temp.linux-x86_64-3.4 -lm -lpython3.4m -o sklearn/tree/_splitter.cpython-34m.so\u001b[0m\n\u001b[39mbuilding 'sklearn.tree._criterion' extension\u001b[0m\n\u001b[39mcompiling C sources\u001b[0m\n\u001b[39mC compiler: /usr/lib/ccache/gcc -Wno-unused-result -DNDEBUG -g -fwrapv -O3 -Wall -Wstrict-prototypes -fPIC\n\u001b[0m\n\u001b[39mcompile options: '-I/home/travis/miniconda/envs/testenv/lib/python3.4/site-packages/numpy/core/include -I/home/travis/miniconda/envs/testenv/lib/python3.4/site-packages/numpy/core/include -I/home/travis/miniconda/envs/testenv/include/python3.4m -I/home/travis/miniconda/envs/testenv/include/python3.4m -c'\nextra options: '-O3'\u001b[0m\n\u001b[39mgcc: sklearn/tree/_criterion.c\u001b[0m\nIn file included from /home/travis/miniconda/envs/testenv/lib/python3.4/site-packages/numpy/core/include/numpy/ndarraytypes.h:1781:0,\n                 from /home/travis/miniconda/envs/testenv/lib/python3.4/site-packages/numpy/core/include/numpy/ndarrayobject.h:18,\n                 from /home/travis/miniconda/envs/testenv/lib/python3.4/site-packages/numpy/core/include/numpy/arrayobject.h:4,\n                 from sklearn/tree/_criterion.c:456:\n/home/travis/miniconda/envs/testenv/lib/python3.4/site-packages/numpy/core/include/numpy/npy_1_7_deprecated_api.h:15:2: warning: #warning \"Using deprecated NumPy API, disable it by \" \"#defining NPY_NO_DEPRECATED_API NPY_1_7_API_VERSION\" [-Wcpp]\n #warning \"Using deprecated NumPy API, disable it by \" \\\n  ^\n\u001b[39mgcc -pthread -shared -L/home/travis/miniconda/envs/testenv/lib -Wl,-rpath=/home/travis/miniconda/envs/testenv/lib,--no-as-needed build/temp.linux-x86_64-3.4/sklearn/tree/_criterion.o -L/home/travis/miniconda/envs/testenv/lib -Lbuild/temp.linux-x86_64-3.4 -lm -lpython3.4m -o sklearn/tree/_criterion.cpython-34m.so\u001b[0m\n\u001b[39mbuilding 'sklearn.tree._utils' extension\u001b[0m\n\u001b[39mcompiling C sources\u001b[0m\n\u001b[39mC compiler: /usr/lib/ccache/gcc -Wno-unused-result -DNDEBUG -g -fwrapv -O3 -Wall -Wstrict-prototypes -fPIC\n\u001b[0m\n\u001b[39mcompile options: '-I/home/travis/miniconda/envs/testenv/lib/python3.4/site-packages/numpy/core/include -I/home/travis/miniconda/envs/testenv/lib/python3.4/site-packages/numpy/core/include -I/home/travis/miniconda/envs/testenv/include/python3.4m -I/home/travis/miniconda/envs/testenv/include/python3.4m -c'\nextra options: '-O3'\u001b[0m\n\u001b[39mgcc: sklearn/tree/_utils.c\u001b[0m\nIn file included from /home/travis/miniconda/envs/testenv/lib/python3.4/site-packages/numpy/core/include/numpy/ndarraytypes.h:1781:0,\n                 from /home/travis/miniconda/envs/testenv/lib/python3.4/site-packages/numpy/core/include/numpy/ndarrayobject.h:18,\n                 from /home/travis/miniconda/envs/testenv/lib/python3.4/site-packages/numpy/core/include/numpy/arrayobject.h:4,\n                 from sklearn/tree/_utils.c:456:\n/home/travis/miniconda/envs/testenv/lib/python3.4/site-packages/numpy/core/include/numpy/npy_1_7_deprecated_api.h:15:2: warning: #warning \"Using deprecated NumPy API, disable it by \" \"#defining NPY_NO_DEPRECATED_API NPY_1_7_API_VERSION\" [-Wcpp]\n #warning \"Using deprecated NumPy API, disable it by \" \\\n  ^\nsklearn/tree/_utils.c: In function \u2018__pyx_f_7sklearn_4tree_6_utils_24WeightedMedianCalculator_remove\u2019:\nsklearn/tree/_utils.c:8755:142: warning: \u2018__pyx_v_original_median\u2019 may be used uninitialized in this function [-Wmaybe-uninitialized]\n   ((struct __pyx_vtabstruct_7sklearn_4tree_6_utils_WeightedMedianCalculator *)__pyx_v_self->__pyx_vtab)->update_median_parameters_post_remove(__pyx_v_self, __pyx_v_data, __pyx_v_weight, __pyx_v_original_median);\n                                                                                                                                              ^\nsklearn/tree/_utils.c:8707:43: note: \u2018__pyx_v_original_median\u2019 was declared here\n   __pyx_t_7sklearn_4tree_6_utils_DOUBLE_t __pyx_v_original_median;\n                                           ^\nsklearn/tree/_utils.c: In function \u2018__pyx_f_7sklearn_4tree_6_utils_24WeightedMedianCalculator_pop\u2019:\nsklearn/tree/_utils.c:8867:142: warning: \u2018__pyx_v_original_median\u2019 may be used uninitialized in this function [-Wmaybe-uninitialized]\n   ((struct __pyx_vtabstruct_7sklearn_4tree_6_utils_WeightedMedianCalculator *)__pyx_v_self->__pyx_vtab)->update_median_parameters_post_remove(__pyx_v_self, (__pyx_v_data[0]), (__pyx_v_weight[0]), __pyx_v_original_median);\n                                                                                                                                              ^\nsklearn/tree/_utils.c:8790:10: note: \u2018__pyx_v_original_median\u2019 was declared here\n   double __pyx_v_original_median;\n          ^\nsklearn/tree/_utils.c: In function \u2018__pyx_f_7sklearn_4tree_6_utils_24WeightedMedianCalculator_push\u2019:\nsklearn/tree/_utils.c:8399:140: warning: \u2018__pyx_v_original_median\u2019 may be used uninitialized in this function [-Wmaybe-uninitialized]\n   ((struct __pyx_vtabstruct_7sklearn_4tree_6_utils_WeightedMedianCalculator *)__pyx_v_self->__pyx_vtab)->update_median_parameters_post_push(__pyx_v_self, __pyx_v_data, __pyx_v_weight, __pyx_v_original_median);\n                                                                                                                                            ^\nsklearn/tree/_utils.c:8349:43: note: \u2018__pyx_v_original_median\u2019 was declared here\n   __pyx_t_7sklearn_4tree_6_utils_DOUBLE_t __pyx_v_original_median;\n                                           ^\n\u001b[39mgcc -pthread -shared -L/home/travis/miniconda/envs/testenv/lib -Wl,-rpath=/home/travis/miniconda/envs/testenv/lib,--no-as-needed build/temp.linux-x86_64-3.4/sklearn/tree/_utils.o -L/home/travis/miniconda/envs/testenv/lib -Lbuild/temp.linux-x86_64-3.4 -lm -lpython3.4m -o sklearn/tree/_utils.cpython-34m.so\u001b[0m\n\u001b[39mbuilding 'sklearn.svm.libsvm' extension\u001b[0m\n\u001b[39mcompiling C sources\u001b[0m\n\u001b[39mC compiler: /usr/lib/ccache/gcc -Wno-unused-result -DNDEBUG -g -fwrapv -O3 -Wall -Wstrict-prototypes -fPIC\n\u001b[0m\n\u001b[39mcompile options: '-I/home/travis/miniconda/envs/testenv/lib/python3.4/site-packages/numpy/core/include -Isklearn/svm/src/libsvm -I/home/travis/miniconda/envs/testenv/lib/python3.4/site-packages/numpy/core/include -I/home/travis/miniconda/envs/testenv/include/python3.4m -I/home/travis/miniconda/envs/testenv/include/python3.4m -c'\u001b[0m\n\u001b[39mgcc: sklearn/svm/libsvm.c\u001b[0m\nIn file included from /home/travis/miniconda/envs/testenv/lib/python3.4/site-packages/numpy/core/include/numpy/ndarraytypes.h:1781:0,\n                 from /home/travis/miniconda/envs/testenv/lib/python3.4/site-packages/numpy/core/include/numpy/ndarrayobject.h:18,\n                 from /home/travis/miniconda/envs/testenv/lib/python3.4/site-packages/numpy/core/include/numpy/arrayobject.h:4,\n                 from sklearn/svm/libsvm.c:458:\n/home/travis/miniconda/envs/testenv/lib/python3.4/site-packages/numpy/core/include/numpy/npy_1_7_deprecated_api.h:15:2: warning: #warning \"Using deprecated NumPy API, disable it by \" \"#defining NPY_NO_DEPRECATED_API NPY_1_7_API_VERSION\" [-Wcpp]\n #warning \"Using deprecated NumPy API, disable it by \" \\\n  ^\n\u001b[39m/usr/lib/ccache/g++ -pthread -shared -L/home/travis/miniconda/envs/testenv/lib -Wl,-rpath=/home/travis/miniconda/envs/testenv/lib,--no-as-needed build/temp.linux-x86_64-3.4/sklearn/svm/libsvm.o -L/home/travis/miniconda/envs/testenv/lib -Lbuild/temp.linux-x86_64-3.4 -llibsvm-skl -lpython3.4m -o sklearn/svm/libsvm.cpython-34m.so\u001b[0m\n\u001b[39mbuilding 'sklearn.svm.liblinear' extension\u001b[0m\n\u001b[39mcompiling C sources\u001b[0m\n\u001b[39mC compiler: /usr/lib/ccache/gcc -Wno-unused-result -DNDEBUG -g -fwrapv -O3 -Wall -Wstrict-prototypes -fPIC\n\u001b[0m\n\u001b[39mcompile options: '-DHAVE_CBLAS -Isklearn/src/cblas -I/home/travis/miniconda/envs/testenv/lib/python3.4/site-packages/numpy/core/include -I/home/travis/miniconda/envs/testenv/lib/python3.4/site-packages/numpy/core/include -I/home/travis/miniconda/envs/testenv/include/python3.4m -I/home/travis/miniconda/envs/testenv/include/python3.4m -c'\u001b[0m\n\u001b[39mgcc: sklearn/svm/liblinear.c\u001b[0m\nIn file included from /home/travis/miniconda/envs/testenv/lib/python3.4/site-packages/numpy/core/include/numpy/ndarraytypes.h:1781:0,\n                 from /home/travis/miniconda/envs/testenv/lib/python3.4/site-packages/numpy/core/include/numpy/ndarrayobject.h:18,\n                 from /home/travis/miniconda/envs/testenv/lib/python3.4/site-packages/numpy/core/include/numpy/arrayobject.h:4,\n                 from sklearn/svm/liblinear.c:469:\n/home/travis/miniconda/envs/testenv/lib/python3.4/site-packages/numpy/core/include/numpy/npy_1_7_deprecated_api.h:15:2: warning: #warning \"Using deprecated NumPy API, disable it by \" \"#defining NPY_NO_DEPRECATED_API NPY_1_7_API_VERSION\" [-Wcpp]\n #warning \"Using deprecated NumPy API, disable it by \" \\\n  ^\nIn file included from sklearn/svm/liblinear.c:472:0:\nsklearn/svm/src/liblinear/liblinear_helper.c: In function \u2018set_problem\u2019:\nsklearn/svm/src/liblinear/liblinear_helper.c:145:28: warning: assignment from incompatible pointer type [enabled by default]\n     problem->sample_weight = sample_weight;\n                            ^\nsklearn/svm/src/liblinear/liblinear_helper.c: In function \u2018csr_set_problem\u2019:\nsklearn/svm/src/liblinear/liblinear_helper.c:174:28: warning: assignment from incompatible pointer type [enabled by default]\n     problem->sample_weight = sample_weight;\n                            ^\n\u001b[39mcompiling C++ sources\u001b[0m\n\u001b[39mC compiler: /usr/lib/ccache/g++ -Wno-unused-result -DNDEBUG -g -fwrapv -O3 -Wall -fPIC\n\u001b[0m\n\u001b[39mcreating build/temp.linux-x86_64-3.4/sklearn/svm/src/liblinear\u001b[0m\n\u001b[39mcompile options: '-DHAVE_CBLAS -Isklearn/src/cblas -I/home/travis/miniconda/envs/testenv/lib/python3.4/site-packages/numpy/core/include -I/home/travis/miniconda/envs/testenv/lib/python3.4/site-packages/numpy/core/include -I/home/travis/miniconda/envs/testenv/include/python3.4m -I/home/travis/miniconda/envs/testenv/include/python3.4m -c'\u001b[0m\n\u001b[39mg++: sklearn/svm/src/liblinear/tron.cpp\u001b[0m\n\u001b[39mg++: sklearn/svm/src/liblinear/linear.cpp\u001b[0m\nsklearn/svm/src/liblinear/linear.cpp: In function \u2018model* train(const problem*, const parameter*)\u2019:\nsklearn/svm/src/liblinear/linear.cpp:2370:6: warning: unused variable \u2018n_iter\u2019 [-Wunused-variable]\n  int n_iter;\n      ^\n\u001b[39m/usr/lib/ccache/g++ -pthread -shared -L/home/travis/miniconda/envs/testenv/lib -Wl,-rpath=/home/travis/miniconda/envs/testenv/lib,--no-as-needed build/temp.linux-x86_64-3.4/sklearn/svm/liblinear.o build/temp.linux-x86_64-3.4/sklearn/svm/src/liblinear/tron.o build/temp.linux-x86_64-3.4/sklearn/svm/src/liblinear/linear.o -L/home/travis/miniconda/envs/testenv/lib -L/home/travis/miniconda/envs/testenv/lib -Lbuild/temp.linux-x86_64-3.4 -lopenblas -lopenblas -lm -lpython3.4m -o sklearn/svm/liblinear.cpython-34m.so\u001b[0m\n\u001b[39mbuilding 'sklearn.svm.libsvm_sparse' extension\u001b[0m\n\u001b[39mcompiling C sources\u001b[0m\n\u001b[39mC compiler: /usr/lib/ccache/gcc -Wno-unused-result -DNDEBUG -g -fwrapv -O3 -Wall -Wstrict-prototypes -fPIC\n\u001b[0m\n\u001b[39mcompile options: '-I/home/travis/miniconda/envs/testenv/lib/python3.4/site-packages/numpy/core/include -Isklearn/svm/src/libsvm -I/home/travis/miniconda/envs/testenv/lib/python3.4/site-packages/numpy/core/include -I/home/travis/miniconda/envs/testenv/include/python3.4m -I/home/travis/miniconda/envs/testenv/include/python3.4m -c'\u001b[0m\n\u001b[39mgcc: sklearn/svm/libsvm_sparse.c\u001b[0m\nIn file included from /home/travis/miniconda/envs/testenv/lib/python3.4/site-packages/numpy/core/include/numpy/ndarraytypes.h:1781:0,\n                 from /home/travis/miniconda/envs/testenv/lib/python3.4/site-packages/numpy/core/include/numpy/ndarrayobject.h:18,\n                 from /home/travis/miniconda/envs/testenv/lib/python3.4/site-packages/numpy/core/include/numpy/arrayobject.h:4,\n                 from sklearn/svm/libsvm_sparse.c:456:\n/home/travis/miniconda/envs/testenv/lib/python3.4/site-packages/numpy/core/include/numpy/npy_1_7_deprecated_api.h:15:2: warning: #warning \"Using deprecated NumPy API, disable it by \" \"#defining NPY_NO_DEPRECATED_API NPY_1_7_API_VERSION\" [-Wcpp]\n #warning \"Using deprecated NumPy API, disable it by \" \\\n  ^\n\u001b[39m/usr/lib/ccache/g++ -pthread -shared -L/home/travis/miniconda/envs/testenv/lib -Wl,-rpath=/home/travis/miniconda/envs/testenv/lib,--no-as-needed build/temp.linux-x86_64-3.4/sklearn/svm/libsvm_sparse.o -L/home/travis/miniconda/envs/testenv/lib -Lbuild/temp.linux-x86_64-3.4 -llibsvm-skl -lpython3.4m -o sklearn/svm/libsvm_sparse.cpython-34m.so\u001b[0m\n\u001b[39mbuilding 'sklearn._isotonic' extension\u001b[0m\n\u001b[39mcompiling C sources\u001b[0m\n\u001b[39mC compiler: /usr/lib/ccache/gcc -Wno-unused-result -DNDEBUG -g -fwrapv -O3 -Wall -Wstrict-prototypes -fPIC\n\u001b[0m\n\u001b[39mcompile options: '-I/home/travis/miniconda/envs/testenv/lib/python3.4/site-packages/numpy/core/include -I/home/travis/miniconda/envs/testenv/lib/python3.4/site-packages/numpy/core/include -I/home/travis/miniconda/envs/testenv/include/python3.4m -I/home/travis/miniconda/envs/testenv/include/python3.4m -c'\u001b[0m\n\u001b[39mgcc: sklearn/_isotonic.c\u001b[0m\nIn file included from /home/travis/miniconda/envs/testenv/lib/python3.4/site-packages/numpy/core/include/numpy/ndarraytypes.h:1781:0,\n                 from /home/travis/miniconda/envs/testenv/lib/python3.4/site-packages/numpy/core/include/numpy/ndarrayobject.h:18,\n                 from /home/travis/miniconda/envs/testenv/lib/python3.4/site-packages/numpy/core/include/numpy/arrayobject.h:4,\n                 from sklearn/_isotonic.c:453:\n/home/travis/miniconda/envs/testenv/lib/python3.4/site-packages/numpy/core/include/numpy/npy_1_7_deprecated_api.h:15:2: warning: #warning \"Using deprecated NumPy API, disable it by \" \"#defining NPY_NO_DEPRECATED_API NPY_1_7_API_VERSION\" [-Wcpp]\n #warning \"Using deprecated NumPy API, disable it by \" \\\n  ^\n\u001b[39mgcc -pthread -shared -L/home/travis/miniconda/envs/testenv/lib -Wl,-rpath=/home/travis/miniconda/envs/testenv/lib,--no-as-needed build/temp.linux-x86_64-3.4/sklearn/_isotonic.o -L/home/travis/miniconda/envs/testenv/lib -Lbuild/temp.linux-x86_64-3.4 -lm -lpython3.4m -o sklearn/_isotonic.cpython-34m.so\u001b[0m\n\u001b[39mbuilding 'sklearn.linear_model.cd_fast' extension\u001b[0m\n\u001b[39mcompiling C sources\u001b[0m\n\u001b[39mC compiler: /usr/lib/ccache/gcc -Wno-unused-result -DNDEBUG -g -fwrapv -O3 -Wall -Wstrict-prototypes -fPIC\n\u001b[0m\n\u001b[39mcreating build/temp.linux-x86_64-3.4/sklearn/linear_model\u001b[0m\n\u001b[39mcompile options: '-DHAVE_CBLAS -Isklearn/src/cblas -I/home/travis/miniconda/envs/testenv/lib/python3.4/site-packages/numpy/core/include -I/home/travis/miniconda/envs/testenv/lib/python3.4/site-packages/numpy/core/include -I/home/travis/miniconda/envs/testenv/include/python3.4m -I/home/travis/miniconda/envs/testenv/include/python3.4m -c'\u001b[0m\n\u001b[39mgcc: sklearn/linear_model/cd_fast.c\u001b[0m\nIn file included from /home/travis/miniconda/envs/testenv/lib/python3.4/site-packages/numpy/core/include/numpy/ndarraytypes.h:1781:0,\n                 from /home/travis/miniconda/envs/testenv/lib/python3.4/site-packages/numpy/core/include/numpy/ndarrayobject.h:18,\n                 from /home/travis/miniconda/envs/testenv/lib/python3.4/site-packages/numpy/core/include/numpy/arrayobject.h:4,\n                 from sklearn/linear_model/cd_fast.c:468:\n/home/travis/miniconda/envs/testenv/lib/python3.4/site-packages/numpy/core/include/numpy/npy_1_7_deprecated_api.h:15:2: warning: #warning \"Using deprecated NumPy API, disable it by \" \"#defining NPY_NO_DEPRECATED_API NPY_1_7_API_VERSION\" [-Wcpp]\n #warning \"Using deprecated NumPy API, disable it by \" \\\n  ^\nsklearn/linear_model/cd_fast.c: In function \u2018__pyx_pf_7sklearn_12linear_model_7cd_fast_8enet_coordinate_descent\u2019:\nsklearn/linear_model/cd_fast.c:4711:16: warning: assignment from incompatible pointer type [enabled by default]\n   __pyx_v_gemv = cblas_sgemv;\n                ^\nsklearn/linear_model/cd_fast.c:4720:15: warning: assignment from incompatible pointer type [enabled by default]\n   __pyx_v_dot = cblas_sdot;\n               ^\nsklearn/linear_model/cd_fast.c:4729:16: warning: assignment from incompatible pointer type [enabled by default]\n   __pyx_v_axpy = cblas_saxpy;\n                ^\nsklearn/linear_model/cd_fast.c:4738:16: warning: assignment from incompatible pointer type [enabled by default]\n   __pyx_v_asum = cblas_sasum;\n                ^\nsklearn/linear_model/cd_fast.c:4747:16: warning: assignment from incompatible pointer type [enabled by default]\n   __pyx_v_copy = cblas_scopy;\n                ^\nsklearn/linear_model/cd_fast.c: In function \u2018__pyx_pf_7sklearn_12linear_model_7cd_fast_10enet_coordinate_descent\u2019:\nsklearn/linear_model/cd_fast.c:6094:16: warning: assignment from incompatible pointer type [enabled by default]\n   __pyx_v_gemv = cblas_dgemv;\n                ^\nsklearn/linear_model/cd_fast.c:6103:15: warning: assignment from incompatible pointer type [enabled by default]\n   __pyx_v_dot = cblas_ddot;\n               ^\nsklearn/linear_model/cd_fast.c:6112:16: warning: assignment from incompatible pointer type [enabled by default]\n   __pyx_v_axpy = cblas_daxpy;\n                ^\nsklearn/linear_model/cd_fast.c:6121:16: warning: assignment from incompatible pointer type [enabled by default]\n   __pyx_v_asum = cblas_dasum;\n                ^\nsklearn/linear_model/cd_fast.c:6130:16: warning: assignment from incompatible pointer type [enabled by default]\n   __pyx_v_copy = cblas_dcopy;\n                ^\nsklearn/linear_model/cd_fast.c: In function \u2018__pyx_pf_7sklearn_12linear_model_7cd_fast_14sparse_enet_coordinate_descent\u2019:\nsklearn/linear_model/cd_fast.c:8275:15: warning: assignment from incompatible pointer type [enabled by default]\n   __pyx_v_dot = cblas_sdot;\n               ^\nsklearn/linear_model/cd_fast.c:8284:16: warning: assignment from incompatible pointer type [enabled by default]\n   __pyx_v_asum = cblas_sasum;\n                ^\nsklearn/linear_model/cd_fast.c: In function \u2018__pyx_pf_7sklearn_12linear_model_7cd_fast_16sparse_enet_coordinate_descent\u2019:\nsklearn/linear_model/cd_fast.c:10215:15: warning: assignment from incompatible pointer type [enabled by default]\n   __pyx_v_dot = cblas_ddot;\n               ^\nsklearn/linear_model/cd_fast.c:10224:16: warning: assignment from incompatible pointer type [enabled by default]\n   __pyx_v_asum = cblas_dasum;\n                ^\nsklearn/linear_model/cd_fast.c: In function \u2018__pyx_pf_7sklearn_12linear_model_7cd_fast_20enet_coordinate_descent_gram\u2019:\nsklearn/linear_model/cd_fast.c:12655:15: warning: assignment from incompatible pointer type [enabled by default]\n   __pyx_v_dot = cblas_sdot;\n               ^\nsklearn/linear_model/cd_fast.c:12664:16: warning: assignment from incompatible pointer type [enabled by default]\n   __pyx_v_axpy = cblas_saxpy;\n                ^\nsklearn/linear_model/cd_fast.c:12673:16: warning: assignment from incompatible pointer type [enabled by default]\n   __pyx_v_asum = cblas_sasum;\n                ^\nsklearn/linear_model/cd_fast.c: In function \u2018__pyx_pf_7sklearn_12linear_model_7cd_fast_22enet_coordinate_descent_gram\u2019:\nsklearn/linear_model/cd_fast.c:14158:15: warning: assignment from incompatible pointer type [enabled by default]\n   __pyx_v_dot = cblas_ddot;\n               ^\nsklearn/linear_model/cd_fast.c:14167:16: warning: assignment from incompatible pointer type [enabled by default]\n   __pyx_v_axpy = cblas_daxpy;\n                ^\nsklearn/linear_model/cd_fast.c:14176:16: warning: assignment from incompatible pointer type [enabled by default]\n   __pyx_v_asum = cblas_dasum;\n                ^\nsklearn/linear_model/cd_fast.c: In function \u2018__pyx_pf_7sklearn_12linear_model_7cd_fast_26enet_coordinate_descent_multi_task\u2019:\nsklearn/linear_model/cd_fast.c:16272:15: warning: assignment from incompatible pointer type [enabled by default]\n   __pyx_v_dot = cblas_sdot;\n               ^\nsklearn/linear_model/cd_fast.c:16281:16: warning: assignment from incompatible pointer type [enabled by default]\n   __pyx_v_nrm2 = cblas_snrm2;\n                ^\nsklearn/linear_model/cd_fast.c:16290:16: warning: assignment from incompatible pointer type [enabled by default]\n   __pyx_v_asum = cblas_sasum;\n                ^\nsklearn/linear_model/cd_fast.c:16299:16: warning: assignment from incompatible pointer type [enabled by default]\n   __pyx_v_copy = cblas_scopy;\n                ^\nsklearn/linear_model/cd_fast.c:16317:15: warning: assignment from incompatible pointer type [enabled by default]\n   __pyx_v_ger = cblas_sger;\n               ^\nsklearn/linear_model/cd_fast.c:16326:16: warning: assignment from incompatible pointer type [enabled by default]\n   __pyx_v_gemv = cblas_sgemv;\n                ^\nsklearn/linear_model/cd_fast.c: In function \u2018__pyx_pf_7sklearn_12linear_model_7cd_fast_28enet_coordinate_descent_multi_task\u2019:\nsklearn/linear_model/cd_fast.c:17979:15: warning: assignment from incompatible pointer type [enabled by default]\n   __pyx_v_dot = cblas_ddot;\n               ^\nsklearn/linear_model/cd_fast.c:17988:16: warning: assignment from incompatible pointer type [enabled by default]\n   __pyx_v_nrm2 = cblas_dnrm2;\n                ^\nsklearn/linear_model/cd_fast.c:17997:16: warning: assignment from incompatible pointer type [enabled by default]\n   __pyx_v_asum = cblas_dasum;\n                ^\nsklearn/linear_model/cd_fast.c:18006:16: warning: assignment from incompatible pointer type [enabled by default]\n   __pyx_v_copy = cblas_dcopy;\n                ^\nsklearn/linear_model/cd_fast.c:18024:15: warning: assignment from incompatible pointer type [enabled by default]\n   __pyx_v_ger = cblas_dger;\n               ^\nsklearn/linear_model/cd_fast.c:18033:16: warning: assignment from incompatible pointer type [enabled by default]\n   __pyx_v_gemv = cblas_dgemv;\n                ^\n\u001b[39mgcc -pthread -shared -L/home/travis/miniconda/envs/testenv/lib -Wl,-rpath=/home/travis/miniconda/envs/testenv/lib,--no-as-needed build/temp.linux-x86_64-3.4/sklearn/linear_model/cd_fast.o -L/home/travis/miniconda/envs/testenv/lib -L/home/travis/miniconda/envs/testenv/lib -Lbuild/temp.linux-x86_64-3.4 -lopenblas -lopenblas -lm -lpython3.4m -o sklearn/linear_model/cd_fast.cpython-34m.so\u001b[0m\n\u001b[39mbuilding 'sklearn.linear_model.sgd_fast' extension\u001b[0m\n\u001b[39mcompiling C sources\u001b[0m\n\u001b[39mC compiler: /usr/lib/ccache/gcc -Wno-unused-result -DNDEBUG -g -fwrapv -O3 -Wall -Wstrict-prototypes -fPIC\n\u001b[0m\n\u001b[39mcompile options: '-DHAVE_CBLAS -Isklearn/src/cblas -I/home/travis/miniconda/envs/testenv/lib/python3.4/site-packages/numpy/core/include -I/home/travis/miniconda/envs/testenv/lib/python3.4/site-packages/numpy/core/include -I/home/travis/miniconda/envs/testenv/include/python3.4m -I/home/travis/miniconda/envs/testenv/include/python3.4m -c'\u001b[0m\n\u001b[39mgcc: sklearn/linear_model/sgd_fast.c\u001b[0m\nIn file included from /home/travis/miniconda/envs/testenv/lib/python3.4/site-packages/numpy/core/include/numpy/ndarraytypes.h:1781:0,\n                 from /home/travis/miniconda/envs/testenv/lib/python3.4/site-packages/numpy/core/include/numpy/ndarrayobject.h:18,\n                 from /home/travis/miniconda/envs/testenv/lib/python3.4/site-packages/numpy/core/include/numpy/arrayobject.h:4,\n                 from sklearn/linear_model/sgd_fast.c:469:\n/home/travis/miniconda/envs/testenv/lib/python3.4/site-packages/numpy/core/include/numpy/npy_1_7_deprecated_api.h:15:2: warning: #warning \"Using deprecated NumPy API, disable it by \" \"#defining NPY_NO_DEPRECATED_API NPY_1_7_API_VERSION\" [-Wcpp]\n #warning \"Using deprecated NumPy API, disable it by \" \\\n  ^\n\u001b[39mgcc -pthread -shared -L/home/travis/miniconda/envs/testenv/lib -Wl,-rpath=/home/travis/miniconda/envs/testenv/lib,--no-as-needed build/temp.linux-x86_64-3.4/sklearn/linear_model/sgd_fast.o -L/home/travis/miniconda/envs/testenv/lib -L/home/travis/miniconda/envs/testenv/lib -Lbuild/temp.linux-x86_64-3.4 -lopenblas -lopenblas -lm -lpython3.4m -o sklearn/linear_model/sgd_fast.cpython-34m.so\u001b[0m\n\u001b[39mbuilding 'sklearn.linear_model.sag_fast' extension\u001b[0m\n\u001b[39mcompiling C sources\u001b[0m\n\u001b[39mC compiler: /usr/lib/ccache/gcc -Wno-unused-result -DNDEBUG -g -fwrapv -O3 -Wall -Wstrict-prototypes -fPIC\n\u001b[0m\n\u001b[39mcompile options: '-I/home/travis/miniconda/envs/testenv/lib/python3.4/site-packages/numpy/core/include -I/home/travis/miniconda/envs/testenv/lib/python3.4/site-packages/numpy/core/include -I/home/travis/miniconda/envs/testenv/include/python3.4m -I/home/travis/miniconda/envs/testenv/include/python3.4m -c'\u001b[0m\n\u001b[39mgcc: sklearn/linear_model/sag_fast.c\u001b[0m\nIn file included from /home/travis/miniconda/envs/testenv/lib/python3.4/site-packages/numpy/core/include/numpy/ndarraytypes.h:1781:0,\n                 from /home/travis/miniconda/envs/testenv/lib/python3.4/site-packages/numpy/core/include/numpy/ndarrayobject.h:18,\n                 from /home/travis/miniconda/envs/testenv/lib/python3.4/site-packages/numpy/core/include/numpy/arrayobject.h:4,\n                 from sklearn/linear_model/sag_fast.c:451:\n/home/travis/miniconda/envs/testenv/lib/python3.4/site-packages/numpy/core/include/numpy/npy_1_7_deprecated_api.h:15:2: warning: #warning \"Using deprecated NumPy API, disable it by \" \"#defining NPY_NO_DEPRECATED_API NPY_1_7_API_VERSION\" [-Wcpp]\n #warning \"Using deprecated NumPy API, disable it by \" \\\n  ^\n\u001b[39mgcc -pthread -shared -L/home/travis/miniconda/envs/testenv/lib -Wl,-rpath=/home/travis/miniconda/envs/testenv/lib,--no-as-needed build/temp.linux-x86_64-3.4/sklearn/linear_model/sag_fast.o -L/home/travis/miniconda/envs/testenv/lib -Lbuild/temp.linux-x86_64-3.4 -lpython3.4m -o sklearn/linear_model/sag_fast.cpython-34m.so\u001b[0m\n\u001b[39mbuilding 'sklearn.utils.sparsefuncs_fast' extension\u001b[0m\n\u001b[39mcompiling C sources\u001b[0m\n\u001b[39mC compiler: /usr/lib/ccache/gcc -Wno-unused-result -DNDEBUG -g -fwrapv -O3 -Wall -Wstrict-prototypes -fPIC\n\u001b[0m\n\u001b[39mcreating build/temp.linux-x86_64-3.4/sklearn/utils\u001b[0m\n\u001b[39mcompile options: '-I/home/travis/miniconda/envs/testenv/lib/python3.4/site-packages/numpy/core/include -I/home/travis/miniconda/envs/testenv/include/python3.4m -I/home/travis/miniconda/envs/testenv/include/python3.4m -c'\u001b[0m\n\u001b[39mgcc: sklearn/utils/sparsefuncs_fast.c\u001b[0m\nIn file included from /home/travis/miniconda/envs/testenv/lib/python3.4/site-packages/numpy/core/include/numpy/ndarraytypes.h:1781:0,\n                 from /home/travis/miniconda/envs/testenv/lib/python3.4/site-packages/numpy/core/include/numpy/ndarrayobject.h:18,\n                 from /home/travis/miniconda/envs/testenv/lib/python3.4/site-packages/numpy/core/include/numpy/arrayobject.h:4,\n                 from sklearn/utils/sparsefuncs_fast.c:448:\n/home/travis/miniconda/envs/testenv/lib/python3.4/site-packages/numpy/core/include/numpy/npy_1_7_deprecated_api.h:15:2: warning: #warning \"Using deprecated NumPy API, disable it by \" \"#defining NPY_NO_DEPRECATED_API NPY_1_7_API_VERSION\" [-Wcpp]\n #warning \"Using deprecated NumPy API, disable it by \" \\\n  ^\n\u001b[39mgcc -pthread -shared -L/home/travis/miniconda/envs/testenv/lib -Wl,-rpath=/home/travis/miniconda/envs/testenv/lib,--no-as-needed build/temp.linux-x86_64-3.4/sklearn/utils/sparsefuncs_fast.o -L/home/travis/miniconda/envs/testenv/lib -Lbuild/temp.linux-x86_64-3.4 -lm -lpython3.4m -o sklearn/utils/sparsefuncs_fast.cpython-34m.so\u001b[0m\n\u001b[39mbuilding 'sklearn.utils.arrayfuncs' extension\u001b[0m\n\u001b[39mcompiling C sources\u001b[0m\n\u001b[39mC compiler: /usr/lib/ccache/gcc -Wno-unused-result -DNDEBUG -g -fwrapv -O3 -Wall -Wstrict-prototypes -fPIC\n\u001b[0m\n\u001b[39mcompile options: '-DHAVE_CBLAS -Isklearn/src/cblas -I/home/travis/miniconda/envs/testenv/lib/python3.4/site-packages/numpy/core/include -I/home/travis/miniconda/envs/testenv/lib/python3.4/site-packages/numpy/core/include -I/home/travis/miniconda/envs/testenv/include/python3.4m -I/home/travis/miniconda/envs/testenv/include/python3.4m -c'\u001b[0m\n\u001b[39mgcc: sklearn/utils/arrayfuncs.c\u001b[0m\nIn file included from /home/travis/miniconda/envs/testenv/lib/python3.4/site-packages/numpy/core/include/numpy/ndarraytypes.h:1781:0,\n                 from /home/travis/miniconda/envs/testenv/lib/python3.4/site-packages/numpy/core/include/numpy/ndarrayobject.h:18,\n                 from /home/travis/miniconda/envs/testenv/lib/python3.4/site-packages/numpy/core/include/numpy/arrayobject.h:4,\n                 from sklearn/utils/arrayfuncs.c:467:\n/home/travis/miniconda/envs/testenv/lib/python3.4/site-packages/numpy/core/include/numpy/npy_1_7_deprecated_api.h:15:2: warning: #warning \"Using deprecated NumPy API, disable it by \" \"#defining NPY_NO_DEPRECATED_API NPY_1_7_API_VERSION\" [-Wcpp]\n #warning \"Using deprecated NumPy API, disable it by \" \\\n  ^\n\u001b[39mgcc -pthread -shared -L/home/travis/miniconda/envs/testenv/lib -Wl,-rpath=/home/travis/miniconda/envs/testenv/lib,--no-as-needed build/temp.linux-x86_64-3.4/sklearn/utils/arrayfuncs.o -L/home/travis/miniconda/envs/testenv/lib -L/home/travis/miniconda/envs/testenv/lib -Lbuild/temp.linux-x86_64-3.4 -lopenblas -lopenblas -lm -lpython3.4m -o sklearn/utils/arrayfuncs.cpython-34m.so\u001b[0m\n\u001b[39mbuilding 'sklearn.utils.murmurhash' extension\u001b[0m\n\u001b[39mcompiling C sources\u001b[0m\n\u001b[39mC compiler: /usr/lib/ccache/gcc -Wno-unused-result -DNDEBUG -g -fwrapv -O3 -Wall -Wstrict-prototypes -fPIC\n\u001b[0m\n\u001b[39mcompile options: '-Isklearn/utils/src -I/home/travis/miniconda/envs/testenv/lib/python3.4/site-packages/numpy/core/include -I/home/travis/miniconda/envs/testenv/include/python3.4m -I/home/travis/miniconda/envs/testenv/include/python3.4m -c'\u001b[0m\n\u001b[39mgcc: sklearn/utils/murmurhash.c\u001b[0m\nIn file included from /home/travis/miniconda/envs/testenv/lib/python3.4/site-packages/numpy/core/include/numpy/ndarraytypes.h:1781:0,\n                 from /home/travis/miniconda/envs/testenv/lib/python3.4/site-packages/numpy/core/include/numpy/ndarrayobject.h:18,\n                 from /home/travis/miniconda/envs/testenv/lib/python3.4/site-packages/numpy/core/include/numpy/arrayobject.h:4,\n                 from sklearn/utils/murmurhash.c:449:\n/home/travis/miniconda/envs/testenv/lib/python3.4/site-packages/numpy/core/include/numpy/npy_1_7_deprecated_api.h:15:2: warning: #warning \"Using deprecated NumPy API, disable it by \" \"#defining NPY_NO_DEPRECATED_API NPY_1_7_API_VERSION\" [-Wcpp]\n #warning \"Using deprecated NumPy API, disable it by \" \\\n  ^\n\u001b[39mcompiling C++ sources\u001b[0m\n\u001b[39mC compiler: /usr/lib/ccache/g++ -Wno-unused-result -DNDEBUG -g -fwrapv -O3 -Wall -fPIC\n\u001b[0m\n\u001b[39mcreating build/temp.linux-x86_64-3.4/sklearn/utils/src\u001b[0m\n\u001b[39mcompile options: '-Isklearn/utils/src -I/home/travis/miniconda/envs/testenv/lib/python3.4/site-packages/numpy/core/include -I/home/travis/miniconda/envs/testenv/include/python3.4m -I/home/travis/miniconda/envs/testenv/include/python3.4m -c'\u001b[0m\n\u001b[39mg++: sklearn/utils/src/MurmurHash3.cpp\u001b[0m\n\u001b[39m/usr/lib/ccache/g++ -pthread -shared -L/home/travis/miniconda/envs/testenv/lib -Wl,-rpath=/home/travis/miniconda/envs/testenv/lib,--no-as-needed build/temp.linux-x86_64-3.4/sklearn/utils/murmurhash.o build/temp.linux-x86_64-3.4/sklearn/utils/src/MurmurHash3.o -L/home/travis/miniconda/envs/testenv/lib -Lbuild/temp.linux-x86_64-3.4 -lpython3.4m -o sklearn/utils/murmurhash.cpython-34m.so\u001b[0m\n\u001b[39mbuilding 'sklearn.utils.lgamma' extension\u001b[0m\n\u001b[39mcompiling C sources\u001b[0m\n\u001b[39mC compiler: /usr/lib/ccache/gcc -Wno-unused-result -DNDEBUG -g -fwrapv -O3 -Wall -Wstrict-prototypes -fPIC\n\u001b[0m\n\u001b[39mcompile options: '-Isklearn/utils/src -I/home/travis/miniconda/envs/testenv/lib/python3.4/site-packages/numpy/core/include -I/home/travis/miniconda/envs/testenv/include/python3.4m -I/home/travis/miniconda/envs/testenv/include/python3.4m -c'\u001b[0m\n\u001b[39mgcc: sklearn/utils/src/gamma.c\u001b[0m\n\u001b[39mgcc: sklearn/utils/lgamma.c\u001b[0m\n\u001b[39mgcc -pthread -shared -L/home/travis/miniconda/envs/testenv/lib -Wl,-rpath=/home/travis/miniconda/envs/testenv/lib,--no-as-needed build/temp.linux-x86_64-3.4/sklearn/utils/lgamma.o build/temp.linux-x86_64-3.4/sklearn/utils/src/gamma.o -L/home/travis/miniconda/envs/testenv/lib -Lbuild/temp.linux-x86_64-3.4 -lm -lpython3.4m -o sklearn/utils/lgamma.cpython-34m.so\u001b[0m\n\u001b[39mbuilding 'sklearn.utils.graph_shortest_path' extension\u001b[0m\n\u001b[39mcompiling C sources\u001b[0m\n\u001b[39mC compiler: /usr/lib/ccache/gcc -Wno-unused-result -DNDEBUG -g -fwrapv -O3 -Wall -Wstrict-prototypes -fPIC\n\u001b[0m\n\u001b[39mcompile options: '-I/home/travis/miniconda/envs/testenv/lib/python3.4/site-packages/numpy/core/include -I/home/travis/miniconda/envs/testenv/lib/python3.4/site-packages/numpy/core/include -I/home/travis/miniconda/envs/testenv/include/python3.4m -I/home/travis/miniconda/envs/testenv/include/python3.4m -c'\u001b[0m\n\u001b[39mgcc: sklearn/utils/graph_shortest_path.c\u001b[0m\nIn file included from /home/travis/miniconda/envs/testenv/lib/python3.4/site-packages/numpy/core/include/numpy/ndarraytypes.h:1781:0,\n                 from /home/travis/miniconda/envs/testenv/lib/python3.4/site-packages/numpy/core/include/numpy/ndarrayobject.h:18,\n                 from /home/travis/miniconda/envs/testenv/lib/python3.4/site-packages/numpy/core/include/numpy/arrayobject.h:4,\n                 from sklearn/utils/graph_shortest_path.c:450:\n/home/travis/miniconda/envs/testenv/lib/python3.4/site-packages/numpy/core/include/numpy/npy_1_7_deprecated_api.h:15:2: warning: #warning \"Using deprecated NumPy API, disable it by \" \"#defining NPY_NO_DEPRECATED_API NPY_1_7_API_VERSION\" [-Wcpp]\n #warning \"Using deprecated NumPy API, disable it by \" \\\n  ^\n\u001b[39mgcc -pthread -shared -L/home/travis/miniconda/envs/testenv/lib -Wl,-rpath=/home/travis/miniconda/envs/testenv/lib,--no-as-needed build/temp.linux-x86_64-3.4/sklearn/utils/graph_shortest_path.o -L/home/travis/miniconda/envs/testenv/lib -Lbuild/temp.linux-x86_64-3.4 -lpython3.4m -o sklearn/utils/graph_shortest_path.cpython-34m.so\u001b[0m\n\u001b[39mbuilding 'sklearn.utils.fast_dict' extension\u001b[0m\n\u001b[39mcompiling C++ sources\u001b[0m\n\u001b[39mC compiler: /usr/lib/ccache/g++ -Wno-unused-result -DNDEBUG -g -fwrapv -O3 -Wall -fPIC\n\u001b[0m\n\u001b[39mcompile options: '-I/home/travis/miniconda/envs/testenv/lib/python3.4/site-packages/numpy/core/include -I/home/travis/miniconda/envs/testenv/lib/python3.4/site-packages/numpy/core/include -I/home/travis/miniconda/envs/testenv/include/python3.4m -I/home/travis/miniconda/envs/testenv/include/python3.4m -c'\u001b[0m\n\u001b[39mg++: sklearn/utils/fast_dict.cpp\u001b[0m\nIn file included from /home/travis/miniconda/envs/testenv/lib/python3.4/site-packages/numpy/core/include/numpy/ndarraytypes.h:1781:0,\n                 from /home/travis/miniconda/envs/testenv/lib/python3.4/site-packages/numpy/core/include/numpy/ndarrayobject.h:18,\n                 from /home/travis/miniconda/envs/testenv/lib/python3.4/site-packages/numpy/core/include/numpy/arrayobject.h:4,\n                 from sklearn/utils/fast_dict.cpp:474:\n/home/travis/miniconda/envs/testenv/lib/python3.4/site-packages/numpy/core/include/numpy/npy_1_7_deprecated_api.h:15:2: warning: #warning \"Using deprecated NumPy API, disable it by \" \"#defining NPY_NO_DEPRECATED_API NPY_1_7_API_VERSION\" [-Wcpp]\n #warning \"Using deprecated NumPy API, disable it by \" \\\n  ^\nsklearn/utils/fast_dict.cpp: In function \u2018PyObject* __pyx_pw_7sklearn_5utils_9fast_dict_1argmin(PyObject*, PyObject*)\u2019:\nsklearn/utils/fast_dict.cpp:22206:48: warning: \u2018__pyx_v_min_key\u2019 may be used uninitialized in this function [-Wmaybe-uninitialized]\n             return PyInt_FromLong((long) value);\n                                                ^\nsklearn/utils/fast_dict.cpp:3836:46: note: \u2018__pyx_v_min_key\u2019 was declared here\n   __pyx_t_7sklearn_5utils_9fast_dict_ITYPE_t __pyx_v_min_key;\n                                              ^\n\u001b[39m/usr/lib/ccache/g++ -pthread -shared -L/home/travis/miniconda/envs/testenv/lib -Wl,-rpath=/home/travis/miniconda/envs/testenv/lib,--no-as-needed build/temp.linux-x86_64-3.4/sklearn/utils/fast_dict.o -L/home/travis/miniconda/envs/testenv/lib -Lbuild/temp.linux-x86_64-3.4 -lm -lpython3.4m -o sklearn/utils/fast_dict.cpython-34m.so\u001b[0m\n\u001b[39mbuilding 'sklearn.utils.seq_dataset' extension\u001b[0m\n\u001b[39mcompiling C sources\u001b[0m\n\u001b[39mC compiler: /usr/lib/ccache/gcc -Wno-unused-result -DNDEBUG -g -fwrapv -O3 -Wall -Wstrict-prototypes -fPIC\n\u001b[0m\n\u001b[39mcompile options: '-I/home/travis/miniconda/envs/testenv/lib/python3.4/site-packages/numpy/core/include -I/home/travis/miniconda/envs/testenv/lib/python3.4/site-packages/numpy/core/include -I/home/travis/miniconda/envs/testenv/include/python3.4m -I/home/travis/miniconda/envs/testenv/include/python3.4m -c'\u001b[0m\n\u001b[39mgcc: sklearn/utils/seq_dataset.c\u001b[0m\nIn file included from /home/travis/miniconda/envs/testenv/lib/python3.4/site-packages/numpy/core/include/numpy/ndarraytypes.h:1781:0,\n                 from /home/travis/miniconda/envs/testenv/lib/python3.4/site-packages/numpy/core/include/numpy/ndarrayobject.h:18,\n                 from /home/travis/miniconda/envs/testenv/lib/python3.4/site-packages/numpy/core/include/numpy/arrayobject.h:4,\n                 from sklearn/utils/seq_dataset.c:450:\n/home/travis/miniconda/envs/testenv/lib/python3.4/site-packages/numpy/core/include/numpy/npy_1_7_deprecated_api.h:15:2: warning: #warning \"Using deprecated NumPy API, disable it by \" \"#defining NPY_NO_DEPRECATED_API NPY_1_7_API_VERSION\" [-Wcpp]\n #warning \"Using deprecated NumPy API, disable it by \" \\\n  ^\n\u001b[39mgcc -pthread -shared -L/home/travis/miniconda/envs/testenv/lib -Wl,-rpath=/home/travis/miniconda/envs/testenv/lib,--no-as-needed build/temp.linux-x86_64-3.4/sklearn/utils/seq_dataset.o -L/home/travis/miniconda/envs/testenv/lib -Lbuild/temp.linux-x86_64-3.4 -lpython3.4m -o sklearn/utils/seq_dataset.cpython-34m.so\u001b[0m\n\u001b[39mbuilding 'sklearn.utils.weight_vector' extension\u001b[0m\n\u001b[39mcompiling C sources\u001b[0m\n\u001b[39mC compiler: /usr/lib/ccache/gcc -Wno-unused-result -DNDEBUG -g -fwrapv -O3 -Wall -Wstrict-prototypes -fPIC\n\u001b[0m\n\u001b[39mcompile options: '-DHAVE_CBLAS -Isklearn/src/cblas -I/home/travis/miniconda/envs/testenv/lib/python3.4/site-packages/numpy/core/include -I/home/travis/miniconda/envs/testenv/lib/python3.4/site-packages/numpy/core/include -I/home/travis/miniconda/envs/testenv/include/python3.4m -I/home/travis/miniconda/envs/testenv/include/python3.4m -c'\u001b[0m\n\u001b[39mgcc: sklearn/utils/weight_vector.c\u001b[0m\nIn file included from /home/travis/miniconda/envs/testenv/lib/python3.4/site-packages/numpy/core/include/numpy/ndarraytypes.h:1781:0,\n                 from /home/travis/miniconda/envs/testenv/lib/python3.4/site-packages/numpy/core/include/numpy/ndarrayobject.h:18,\n                 from /home/travis/miniconda/envs/testenv/lib/python3.4/site-packages/numpy/core/include/numpy/arrayobject.h:4,\n                 from sklearn/utils/weight_vector.c:467:\n/home/travis/miniconda/envs/testenv/lib/python3.4/site-packages/numpy/core/include/numpy/npy_1_7_deprecated_api.h:15:2: warning: #warning \"Using deprecated NumPy API, disable it by \" \"#defining NPY_NO_DEPRECATED_API NPY_1_7_API_VERSION\" [-Wcpp]\n #warning \"Using deprecated NumPy API, disable it by \" \\\n  ^\n\u001b[39mgcc -pthread -shared -L/home/travis/miniconda/envs/testenv/lib -Wl,-rpath=/home/travis/miniconda/envs/testenv/lib,--no-as-needed build/temp.linux-x86_64-3.4/sklearn/utils/weight_vector.o -L/home/travis/miniconda/envs/testenv/lib -L/home/travis/miniconda/envs/testenv/lib -Lbuild/temp.linux-x86_64-3.4 -lopenblas -lopenblas -lm -lpython3.4m -o sklearn/utils/weight_vector.cpython-34m.so\u001b[0m\n\u001b[39mbuilding 'sklearn.utils._random' extension\u001b[0m\n\u001b[39mcompiling C sources\u001b[0m\n\u001b[39mC compiler: /usr/lib/ccache/gcc -Wno-unused-result -DNDEBUG -g -fwrapv -O3 -Wall -Wstrict-prototypes -fPIC\n\u001b[0m\n\u001b[39mcompile options: '-I/home/travis/miniconda/envs/testenv/lib/python3.4/site-packages/numpy/core/include -I/home/travis/miniconda/envs/testenv/lib/python3.4/site-packages/numpy/core/include -I/home/travis/miniconda/envs/testenv/include/python3.4m -I/home/travis/miniconda/envs/testenv/include/python3.4m -c'\u001b[0m\n\u001b[39mgcc: sklearn/utils/_random.c\u001b[0m\nIn file included from /home/travis/miniconda/envs/testenv/lib/python3.4/site-packages/numpy/core/include/numpy/ndarraytypes.h:1781:0,\n                 from /home/travis/miniconda/envs/testenv/lib/python3.4/site-packages/numpy/core/include/numpy/ndarrayobject.h:18,\n                 from /home/travis/miniconda/envs/testenv/lib/python3.4/site-packages/numpy/core/include/numpy/arrayobject.h:4,\n                 from sklearn/utils/_random.c:453:\n/home/travis/miniconda/envs/testenv/lib/python3.4/site-packages/numpy/core/include/numpy/npy_1_7_deprecated_api.h:15:2: warning: #warning \"Using deprecated NumPy API, disable it by \" \"#defining NPY_NO_DEPRECATED_API NPY_1_7_API_VERSION\" [-Wcpp]\n #warning \"Using deprecated NumPy API, disable it by \" \\\n  ^\n\u001b[39mgcc -pthread -shared -L/home/travis/miniconda/envs/testenv/lib -Wl,-rpath=/home/travis/miniconda/envs/testenv/lib,--no-as-needed build/temp.linux-x86_64-3.4/sklearn/utils/_random.o -L/home/travis/miniconda/envs/testenv/lib -Lbuild/temp.linux-x86_64-3.4 -lm -lpython3.4m -o sklearn/utils/_random.cpython-34m.so\u001b[0m\n\u001b[39mbuilding 'sklearn.utils._logistic_sigmoid' extension\u001b[0m\n\u001b[39mcompiling C sources\u001b[0m\n\u001b[39mC compiler: /usr/lib/ccache/gcc -Wno-unused-result -DNDEBUG -g -fwrapv -O3 -Wall -Wstrict-prototypes -fPIC\n\u001b[0m\n\u001b[39mcompile options: '-I/home/travis/miniconda/envs/testenv/lib/python3.4/site-packages/numpy/core/include -I/home/travis/miniconda/envs/testenv/lib/python3.4/site-packages/numpy/core/include -I/home/travis/miniconda/envs/testenv/include/python3.4m -I/home/travis/miniconda/envs/testenv/include/python3.4m -c'\u001b[0m\n\u001b[39mgcc: sklearn/utils/_logistic_sigmoid.c\u001b[0m\nIn file included from /home/travis/miniconda/envs/testenv/lib/python3.4/site-packages/numpy/core/include/numpy/ndarraytypes.h:1781:0,\n                 from /home/travis/miniconda/envs/testenv/lib/python3.4/site-packages/numpy/core/include/numpy/ndarrayobject.h:18,\n                 from /home/travis/miniconda/envs/testenv/lib/python3.4/site-packages/numpy/core/include/numpy/arrayobject.h:4,\n                 from sklearn/utils/_logistic_sigmoid.c:454:\n/home/travis/miniconda/envs/testenv/lib/python3.4/site-packages/numpy/core/include/numpy/npy_1_7_deprecated_api.h:15:2: warning: #warning \"Using deprecated NumPy API, disable it by \" \"#defining NPY_NO_DEPRECATED_API NPY_1_7_API_VERSION\" [-Wcpp]\n #warning \"Using deprecated NumPy API, disable it by \" \\\n  ^\n\u001b[39mgcc -pthread -shared -L/home/travis/miniconda/envs/testenv/lib -Wl,-rpath=/home/travis/miniconda/envs/testenv/lib,--no-as-needed build/temp.linux-x86_64-3.4/sklearn/utils/_logistic_sigmoid.o -L/home/travis/miniconda/envs/testenv/lib -Lbuild/temp.linux-x86_64-3.4 -lm -lpython3.4m -o sklearn/utils/_logistic_sigmoid.cpython-34m.so\u001b[0m\n\u001b[39mCreating /home/travis/miniconda/envs/testenv/lib/python3.4/site-packages/scikit-learn.egg-link (link to .)\u001b[0m\n\u001b[39mAdding scikit-learn 0.20.4 to easy-install.pth file\u001b[0m\n\u001b[39m\nInstalled /home/travis/build/scikit-learn/scikit-learn\u001b[0m\n\u001b[39mProcessing dependencies for scikit-learn==0.20.4\u001b[0m\n\u001b[39mSearching for scipy==0.17.1\u001b[0m\n\u001b[39mBest match: scipy 0.17.1\u001b[0m\n\u001b[39mAdding scipy 0.17.1 to easy-install.pth file\u001b[0m\n\u001b[39m\nUsing /home/travis/miniconda/envs/testenv/lib/python3.4/site-packages\u001b[0m\n\u001b[39mSearching for numpy==1.10.4\u001b[0m\n\u001b[39mBest match: numpy 1.10.4\u001b[0m\n\u001b[39mAdding numpy 1.10.4 to easy-install.pth file\u001b[0m\n\u001b[39m\nUsing /home/travis/miniconda/envs/testenv/lib/python3.4/site-packages\u001b[0m\n\u001b[39mFinished processing dependencies for scikit-learn==0.20.4\u001b[0m\n+++ccache --show-stats\ncache directory                     /home/travis/.ccache\ncache hit (direct)                     0\ncache hit (preprocessed)               0\ncache miss                            45\ncalled for link                        7\nfiles in cache                        90\ncache size                          39.3 Mbytes\nmax cache size                     100.0 Mbytes\n+result=0\n+[[ -n '' ]]\n+[[ -n true ]]\n+travis_time_finish\n+local result=0\n+local travis_timer_end_time\n++travis_nanoseconds\n++local cmd=date\n++local format=+%s%N\n++hash gdate\n++[[ linux == osx ]]\n++date -u +%s%N\n+travis_timer_end_time=1563868300951411128\n+local duration\n+duration=265782435263\n+echo -en 'travis_time:end:012630b4:start=1563868035168975865,finish=1563868300951411128,duration=265782435263\\r\\033[0K'\ntravis_time:end:012630b4:start=1563868035168975865,finish=1563868300951411128,duration=265782435263\n\u001b[0K+return 0\n+[[ -n true ]]\n+travis_assert 0\n+local result=0\n+[[ 0 -ne 0 ]]\n+return 0\n+travis_fold end install\n+local action=end\n+local name=install\n+echo -en 'travis_fold:end:install\\r\\033[0K'\ntravis_fold:end:install\n\u001b[0K+:\n+travis_run_before_script\n+:\n+travis_run_script\n+travis_cmd 'bash build_tools/travis/test_script.sh' --echo --timing\n+local assert output display retry timing cmd result secure\n+cmd='bash build_tools/travis/test_script.sh'\n+export 'TRAVIS_CMD=bash build_tools/travis/test_script.sh'\n+TRAVIS_CMD='bash build_tools/travis/test_script.sh'\n+shift\n+true\n+case \"${1}\" in\n+output=true\n+shift\n+true\n+case \"${1}\" in\n+timing=true\n+shift\n+true\n+case \"${1}\" in\n+break\n+[[ -n true ]]\n+travis_time_start\n++printf %08x 20913115\n+TRAVIS_TIMER_ID=013f1bdb\n++travis_nanoseconds\n++local cmd=date\n++local format=+%s%N\n++hash gdate\n++[[ linux == osx ]]\n++date -u +%s%N\n+TRAVIS_TIMER_START_TIME=1563868300960188505\n+export TRAVIS_TIMER_ID TRAVIS_TIMER_START_TIME\n+echo -en 'travis_time:start:013f1bdb\\r\\033[0K'\ntravis_time:start:013f1bdb\n\u001b[0K+[[ -n true ]]\n+echo '$ bash build_tools/travis/test_script.sh'\n$ bash build_tools/travis/test_script.sh\n+[[ -n '' ]]\n+[[ -n '' ]]\n+eval 'bash build_tools/travis/test_script.sh '\n++bash build_tools/travis/test_script.sh\nPython 3.4.5\nnumpy 1.10.4\nscipy 0.17.1\n2 CPUs\n+pytest --showlocals --durations=20 --pyargs --cov sklearn sklearn\nTraceback (most recent call last):\n  File \"/home/travis/miniconda/envs/testenv/lib/python3.4/site-packages/pluggy/__init__.py\", line 397, in load_setuptools_entrypoints\n    plugin = ep.load()\n  File \"/home/travis/miniconda/envs/testenv/lib/python3.4/site-packages/pkg_resources/__init__.py\", line 2290, in load\n    self.require(*args, **kwargs)\n  File \"/home/travis/miniconda/envs/testenv/lib/python3.4/site-packages/pkg_resources/__init__.py\", line 2307, in require\n    items = working_set.resolve(reqs, env, installer)\n  File \"/home/travis/miniconda/envs/testenv/lib/python3.4/site-packages/pkg_resources/__init__.py\", line 854, in resolve\n    raise VersionConflict(dist, req).with_context(dependent_req)\npkg_resources.VersionConflict: (pytest 3.5.0 (/home/travis/miniconda/envs/testenv/lib/python3.4/site-packages), Requirement.parse('pytest>=3.6'))\n\nDuring handling of the above exception, another exception occurred:\n\nTraceback (most recent call last):\n  File \"/home/travis/miniconda/envs/testenv/bin/pytest\", line 11, in <module>\n    sys.exit(main())\n  File \"/home/travis/miniconda/envs/testenv/lib/python3.4/site-packages/_pytest/config.py\", line 52, in main\n    config = _prepareconfig(args, plugins)\n  File \"/home/travis/miniconda/envs/testenv/lib/python3.4/site-packages/_pytest/config.py\", line 163, in _prepareconfig\n    pluginmanager=pluginmanager, args=args)\n  File \"/home/travis/miniconda/envs/testenv/lib/python3.4/site-packages/pluggy/__init__.py\", line 617, in __call__\n    return self._hookexec(self, self._nonwrappers + self._wrappers, kwargs)\n  File \"/home/travis/miniconda/envs/testenv/lib/python3.4/site-packages/pluggy/__init__.py\", line 222, in _hookexec\n    return self._inner_hookexec(hook, methods, kwargs)\n  File \"/home/travis/miniconda/envs/testenv/lib/python3.4/site-packages/pluggy/__init__.py\", line 216, in <lambda>\n    firstresult=hook.spec_opts.get('firstresult'),\n  File \"/home/travis/miniconda/envs/testenv/lib/python3.4/site-packages/pluggy/callers.py\", line 196, in _multicall\n    gen.send(outcome)\n  File \"/home/travis/miniconda/envs/testenv/lib/python3.4/site-packages/_pytest/helpconfig.py\", line 68, in pytest_cmdline_parse\n    config = outcome.get_result()\n  File \"/home/travis/miniconda/envs/testenv/lib/python3.4/site-packages/pluggy/callers.py\", line 76, in get_result\n    raise ex[1].with_traceback(ex[2])\n  File \"/home/travis/miniconda/envs/testenv/lib/python3.4/site-packages/pluggy/callers.py\", line 180, in _multicall\n    res = hook_impl.function(*args)\n  File \"/home/travis/miniconda/envs/testenv/lib/python3.4/site-packages/_pytest/config.py\", line 936, in pytest_cmdline_parse\n    self.parse(args)\n  File \"/home/travis/miniconda/envs/testenv/lib/python3.4/site-packages/_pytest/config.py\", line 1086, in parse\n    self._preparse(args, addopts=addopts)\n  File \"/home/travis/miniconda/envs/testenv/lib/python3.4/site-packages/_pytest/config.py\", line 1048, in _preparse\n    self.pluginmanager.load_setuptools_entrypoints('pytest11')\n  File \"/home/travis/miniconda/envs/testenv/lib/python3.4/site-packages/pluggy/__init__.py\", line 402, in load_setuptools_entrypoints\n    \"Plugin %r could not be loaded: %s!\" % (ep.name, e))\npluggy.PluginValidationError: Plugin 'pytest_cov' could not be loaded: (pytest 3.5.0 (/home/travis/miniconda/envs/testenv/lib/python3.4/site-packages), Requirement.parse('pytest>=3.6'))!\n"
}