{
  "log_path": "Ruby/jekyll@jekyll/failed/566659348.log",
  "failure_chunk": "Failure:\nTestKramdown#test_: kramdown when a custom highlighter is chosen should use the chosen highlighter if it's available.  [/home/travis/build/jekyll/jekyll/test/test_kramdown.rb:106]\nMinitest::Assertion: Expected true to not be truthy.",
  "keywords": [
    "Failure",
    "",
    ""
  ],
  "category": "0",
  "full_log": "travis_fold:start:worker_info\n\u001b[0K\u001b[33;1mWorker information\u001b[0m\nhostname: 02215d2b-2930-4672-801b-a2ae403d5f12@1.worker-org-5dcc948c89-xzxsq.gce-production-2\nversion: v6.2.1 https://github.com/travis-ci/worker/tree/4e3246c044eb4915c2378ffacd0b3d3ed0136bba\ninstance: travis-job-c7112de0-f85b-4546-8607-297b99ea9cb9 travis-ci-sardonyx-xenial-1553530528-f909ac5 (via amqp)\nstartup: 6.296376876s\ntravis_fold:end:worker_info\n\u001b[0Ktravis_fold:start:system_info\n\u001b[0K\u001b[33;1mBuild system information\u001b[0m\nBuild language: ruby\nBuild group: stable\nBuild dist: xenial\nBuild id: 566659348\nJob id: 566659351\nRuntime kernel version: 4.15.0-1028-gcp\ntravis-build version: 65949ed1e\n\u001b[34m\u001b[1mBuild image provisioning date and time\u001b[0m\nMon Mar 25 16:43:24 UTC 2019\n\u001b[34m\u001b[1mOperating System Details\u001b[0m\nDistributor ID:\tUbuntu\nDescription:\tUbuntu 16.04.6 LTS\nRelease:\t16.04\nCodename:\txenial\n\u001b[34m\u001b[1mSystemd Version\u001b[0m\nsystemd 229\n\u001b[34m\u001b[1mCookbooks Version\u001b[0m\n42e42e4 https://github.com/travis-ci/travis-cookbooks/tree/42e42e4\n\u001b[34m\u001b[1mgit version\u001b[0m\ngit version 2.21.0\n\u001b[34m\u001b[1mbash version\u001b[0m\nGNU bash, version 4.3.48(1)-release (x86_64-pc-linux-gnu)\n\u001b[34m\u001b[1mgcc version\u001b[0m\ngcc (Ubuntu 5.4.0-6ubuntu1~16.04.11) 5.4.0 20160609\n\u001b[34m\u001b[1mdocker version\u001b[0m\nClient:\n Version:           18.06.0-ce\n API version:       1.38\n Go version:        go1.10.3\n Git commit:        0ffa825\n Built:             Wed Jul 18 19:11:02 2018\n OS/Arch:           linux/amd64\n Experimental:      false\n\nServer:\n Engine:\n  Version:          18.06.0-ce\n  API version:      1.38 (minimum version 1.12)\n  Go version:       go1.10.3\n  Git commit:       0ffa825\n  Built:            Wed Jul 18 19:09:05 2018\n  OS/Arch:          linux/amd64\n  Experimental:     false\n\u001b[34m\u001b[1mclang version\u001b[0m\nclang version 7.0.0 (tags/RELEASE_700/final)\n\u001b[34m\u001b[1mjq version\u001b[0m\njq-1.5\n\u001b[34m\u001b[1mbats version\u001b[0m\nBats 0.4.0\n\u001b[34m\u001b[1mshellcheck version\u001b[0m\n0.6.0\n\u001b[34m\u001b[1mshfmt version\u001b[0m\nv2.6.3\n\u001b[34m\u001b[1mccache version\u001b[0m\n3.2.4\n\u001b[34m\u001b[1mcmake version\u001b[0m\ncmake version 3.12.4\n\u001b[34m\u001b[1mheroku version\u001b[0m\nheroku/7.22.7 linux-x64 node-v11.10.1\n\u001b[34m\u001b[1mimagemagick version\u001b[0m\nVersion: ImageMagick 6.8.9-9 Q16 x86_64 2018-09-28 http://www.imagemagick.org\n\u001b[34m\u001b[1mmd5deep version\u001b[0m\n4.4\n\u001b[34m\u001b[1mmercurial version\u001b[0m\nversion 4.8\n\u001b[34m\u001b[1mmysql version\u001b[0m\nmysql  Ver 14.14 Distrib 5.7.25, for Linux (x86_64) using  EditLine wrapper\n\u001b[34m\u001b[1mopenssl version\u001b[0m\nOpenSSL 1.0.2g  1 Mar 2016\n\u001b[34m\u001b[1mpacker version\u001b[0m\n1.3.3\n\u001b[34m\u001b[1mpostgresql client version\u001b[0m\npsql (PostgreSQL) 10.7 (Ubuntu 10.7-1.pgdg16.04+1)\n\u001b[34m\u001b[1mragel version\u001b[0m\nRagel State Machine Compiler version 6.8 Feb 2013\n\u001b[34m\u001b[1msudo version\u001b[0m\n1.8.16\n\u001b[34m\u001b[1mgzip version\u001b[0m\ngzip 1.6\n\u001b[34m\u001b[1mzip version\u001b[0m\nZip 3.0\n\u001b[34m\u001b[1mvim version\u001b[0m\nVIM - Vi IMproved 7.4 (2013 Aug 10, compiled Nov 24 2016 16:44:48)\n\u001b[34m\u001b[1miptables version\u001b[0m\niptables v1.6.0\n\u001b[34m\u001b[1mcurl version\u001b[0m\ncurl 7.47.0 (x86_64-pc-linux-gnu) libcurl/7.47.0 GnuTLS/3.4.10 zlib/1.2.8 libidn/1.32 librtmp/2.3\n\u001b[34m\u001b[1mwget version\u001b[0m\nGNU Wget 1.17.1 built on linux-gnu.\n\u001b[34m\u001b[1mrsync version\u001b[0m\nrsync  version 3.1.1  protocol version 31\n\u001b[34m\u001b[1mgimme version\u001b[0m\nv1.5.3\n\u001b[34m\u001b[1mnvm version\u001b[0m\n0.34.0\n\u001b[34m\u001b[1mperlbrew version\u001b[0m\n/home/travis/perl5/perlbrew/bin/perlbrew  - App::perlbrew/0.86\n\u001b[34m\u001b[1mphpenv version\u001b[0m\nrbenv 1.1.2\n\u001b[34m\u001b[1mrvm version\u001b[0m\nrvm 1.29.7 (latest) by Michal Papis, Piotr Kuczynski, Wayne E. Seguin [https://rvm.io]\n\u001b[34m\u001b[1mdefault ruby version\u001b[0m\nruby 2.5.3p105 (2018-10-18 revision 65156) [x86_64-linux]\n\u001b[34m\u001b[1mCouchDB version\u001b[0m\ncouchdb 1.6.1\n\u001b[34m\u001b[1mElasticSearch version\u001b[0m\n5.5.0\n\u001b[34m\u001b[1mInstalled Firefox version\u001b[0m\nfirefox 63.0.1\n\u001b[34m\u001b[1mMongoDB version\u001b[0m\nMongoDB 4.0.7\n\u001b[34m\u001b[1mPhantomJS version\u001b[0m\n2.1.1\n\u001b[34m\u001b[1mPre-installed PostgreSQL versions\u001b[0m\n9.4.21\n9.5.16\n9.6.12\n\u001b[34m\u001b[1mRedis version\u001b[0m\nredis-server 5.0.4\n\u001b[34m\u001b[1mPre-installed Go versions\u001b[0m\n1.11.1\n\u001b[34m\u001b[1mmvn version\u001b[0m\nApache Maven 3.6.0 (97c98ec64a1fdfee7767ce5ffb20918da4f719f3; 2018-10-24T18:41:47Z)\n\u001b[34m\u001b[1mgradle version\u001b[0m\nGradle 4.10.2!\n\u001b[34m\u001b[1mlein version\u001b[0m\nLeiningen 2.9.1 on Java 11.0.2 OpenJDK 64-Bit Server VM\n\u001b[34m\u001b[1mPre-installed Node.js versions\u001b[0m\nv10.15.3\nv11.0.0\nv4.9.1\nv6.17.0\nv8.12.0\nv8.15.1\nv8.9\n\u001b[34m\u001b[1mphpenv versions\u001b[0m\n  system\n  5.6\n  5.6.40\n  7.1\n  7.1.27\n  7.2\n* 7.2.15 (set by /home/travis/.phpenv/version)\n  hhvm\n  hhvm-stable\n\u001b[34m\u001b[1mcomposer --version\u001b[0m\nComposer version 1.8.4 2019-02-11 10:52:10\n\u001b[34m\u001b[1mPre-installed Ruby versions\u001b[0m\nruby-2.3.8\nruby-2.4.5\nruby-2.5.3\ntravis_fold:end:system_info\n\u001b[0K\ntravis_fold:start:docker_mtu\n\u001b[0Ktravis_fold:end:docker_mtu\n\u001b[0Ktravis_fold:start:resolvconf\n\u001b[0Ktravis_fold:end:resolvconf\n\u001b[0K\ntravis_fold:start:git.checkout\n\u001b[0Ktravis_time:start:1edd4089\n\u001b[0K$ git clone --depth=50 --branch=master https://github.com/jekyll/jekyll.git jekyll/jekyll\nCloning into 'jekyll/jekyll'...\ntravis_time:end:1edd4089:start=1564690915774831710,finish=1564690916963404311,duration=1188572601\n\u001b[0K$ cd jekyll/jekyll\n$ git checkout -qf b55927e8f71b5d3cd6258f7f0d08962dd759cf7d\ntravis_fold:end:git.checkout\n\u001b[0K\n\n\u001b[33;1mSetting environment variables from repository settings\u001b[0m\n$ export CC_TEST_REPORTER_ID=[secure]\n\n\u001b[33;1mSetting environment variables from .travis.yml\u001b[0m\n$ export TEST_SUITE=test\n\ntravis_fold:start:rvm\n\u001b[0Ktravis_time:start:2cbf6b24\n\u001b[0K$ rvm use jruby-9.2.7.0 --install --binary --fuzzy\ncurl: (22) The requested URL returned error: 404 Not Found\nUnknown ruby string (do not know how to handle): jruby-9.2.7.0.\nUnknown ruby string (do not know how to handle): jruby-9.2.7.0.\nUnknown ruby string (do not know how to handle): jruby-9.2.7.0.\nRequired jruby-9.2.7.0 is not installed - installing.\ncurl: (22) The requested URL returned error: 404 Not Found\nUnknown ruby string (do not know how to handle): jruby-9.2.7.0.\nUnknown ruby string (do not know how to handle): jruby-9.2.7.0.\nUnknown ruby string (do not know how to handle): jruby-9.2.7.0.\nSearching for binary rubies, this might take some time.\nUnknown ruby string (do not know how to handle): jruby-9.2.7.0.\nUnknown ruby string (do not know how to handle): jruby-9.2.7.0.\nUnknown ruby string (do not know how to handle): jruby-9.2.7.0.\nFound remote file https://repo1.maven.org/maven2/org/jruby/jruby-dist/9.2.7.0/jruby-dist-9.2.7.0-bin.tar.gz\nChecking requirements for ubuntu.\nRequirements installation successful.\njruby-9.2.7.0 - #configure\nUnknown ruby string (do not know how to handle): jruby-9.2.7.0.\njruby-9.2.7.0 - #download\n  % Total    % Received % Xferd  Average Speed   Time    Time     Time  Current\n                                 Dload  Upload   Total   Spent    Left  Speed\n\n  0     0    0     0    0     0      0      0 --:--:-- --:--:-- --:--:--     0\n  0     0    0     0    0     0      0      0 --:--:-- --:--:-- --:--:--     0\n100 24.4M  100 24.4M    0     0  40.4M      0 --:--:-- --:--:-- --:--:-- 40.4M\nNo checksum for downloaded archive, recording checksum in user configuration.\njruby-9.2.7.0 - #validate archive\njruby-9.2.7.0 - #extract\njruby-9.2.7.0 - #validate binary\njruby-9.2.7.0 - #setup\njruby-9.2.7.0 - #gemset created /home/travis/.rvm/gems/jruby-9.2.7.0@global\n\u001b[32mjruby-9.2.7.0 - #importing gemset /home/travis/.rvm/gemsets/jruby/global.gems\u001b[0m|\b/\b-\b\\\b|\b/\b-\b\\\b|\b.-\b\\\b|\b/\b-\b\\\b|\b/\b-\b.|\b/\b-\b.\n\u001b[32mjruby-9.2.7.0 - #generating global wrappers\u001b[0m|\b/\b-\b\\\b|\b/\b-\b\\\b|\b.-\b\\\b|\b/\b-\b\\\b|\b/\b-\b.|\b/\b-\b\\\b|\b/\b-\b\\\b|\b.-\b\\\b|\b/\b-\b\\\b|\b/\b-\b.|\b/\b-\b\\\b|\b/\b-\b\\\b|\b.-\b\\\b|\b/\b-\b\\\b|\b/\b-\b.|\b/\b-\b\\\b|\b/\b-\b\\\b|\b.-\b\\\b|\b/\b-\b\\\b|\b/\b-\b.|\b/\b-\b\\\b|\b/\b-\b\\\b|\b.-\b\\\b|\b/\b-\b\\\b.\n2019-08-01T20:23:07.599Z [main] WARN FilenoUtil : Native subprocess control requires open access to sun.nio.ch\nPass '--add-opens java.base/sun.nio.ch=org.jruby.dist' or '=org.jruby.core' to enable.\njava.lang.IllegalCallerException: sun.nio.ch is not open to module org.jruby.dist\n\tat java.base/java.lang.Module.addOpens(Module.java:763)\n\tat org.jruby.dist/com.headius.backport9.modules.impl.Module9.addOpens(Module9.java:28)\n\tat org.jruby.dist/com.headius.backport9.modules.Modules.addOpens(Modules.java:22)\n\tat org.jruby.dist/org.jruby.util.io.FilenoUtil$ReflectiveAccess.<clinit>(FilenoUtil.java:140)\n\tat org.jruby.dist/org.jruby.util.io.FilenoUtil.getFilenoUsingReflection(FilenoUtil.java:111)\n\tat org.jruby.dist/org.jruby.util.io.FilenoUtil.filenoFrom(FilenoUtil.java:107)\n\tat org.jruby.dist/org.jruby.util.io.ChannelFD.initFileno(ChannelFD.java:42)\n\tat org.jruby.dist/org.jruby.util.io.ChannelFD.<init>(ChannelFD.java:32)\n\tat org.jruby.dist/org.jruby.RubyIO.<init>(RubyIO.java:174)\n\tat org.jruby.dist/org.jruby.RubyFile.<init>(RubyFile.java:281)\n\tat org.jruby.dist/org.jruby.parser.Parser.parse(Parser.java:99)\n\tat org.jruby.dist/org.jruby.Ruby.parseFileAndGetAST(Ruby.java:2709)\n\tat org.jruby.dist/org.jruby.Ruby.parseFileFromMainAndGetAST(Ruby.java:2702)\n\tat org.jruby.dist/org.jruby.Ruby.parseFileFromMain(Ruby.java:2686)\n\tat org.jruby.dist/org.jruby.Ruby.parseFromMain(Ruby.java:642)\n\tat org.jruby.dist/org.jruby.Ruby.runFromMain(Ruby.java:588)\n\tat org.jruby.dist/org.jruby.Main.doRunFromMain(Main.java:415)\n\tat org.jruby.dist/org.jruby.Main.internalRun(Main.java:307)\n\tat org.jruby.dist/org.jruby.Main.run(Main.java:234)\n\tat org.jruby.dist/org.jruby.Main.main(Main.java:206)\nWARNING: An illegal reflective access operation has occurred\nWARNING: Illegal reflective access by org.jruby.ext.openssl.SecurityHelper (file:/home/travis/.rvm/rubies/jruby-9.2.7.0/lib/ruby/stdlib/jopenssl.jar) to constructor java.security.cert.CertificateFactory(java.security.cert.CertificateFactorySpi,java.security.Provider,java.lang.String)\nWARNING: Please consider reporting this to the maintainers of org.jruby.ext.openssl.SecurityHelper\nWARNING: Use --illegal-access=warn to enable warnings of further illegal reflective access operations\nWARNING: All illegal access operations will be denied in a future release\n2019-08-01T20:23:15.034Z [main] WARN FilenoUtil : Native subprocess control requires open access to sun.nio.ch\nPass '--add-opens java.base/sun.nio.ch=org.jruby.dist' or '=org.jruby.core' to enable.\njava.lang.IllegalCallerException: sun.nio.ch is not open to module org.jruby.dist\n\tat java.base/java.lang.Module.addOpens(Module.java:763)\n\tat org.jruby.dist/com.headius.backport9.modules.impl.Module9.addOpens(Module9.java:28)\n\tat org.jruby.dist/com.headius.backport9.modules.Modules.addOpens(Modules.java:22)\n\tat org.jruby.dist/org.jruby.util.io.FilenoUtil$ReflectiveAccess.<clinit>(FilenoUtil.java:140)\n\tat org.jruby.dist/org.jruby.util.io.FilenoUtil.getFilenoUsingReflection(FilenoUtil.java:111)\n\tat org.jruby.dist/org.jruby.util.io.FilenoUtil.filenoFrom(FilenoUtil.java:107)\n\tat org.jruby.dist/org.jruby.util.io.ChannelFD.initFileno(ChannelFD.java:42)\n\tat org.jruby.dist/org.jruby.util.io.ChannelFD.<init>(ChannelFD.java:32)\n\tat org.jruby.dist/org.jruby.RubyIO.<init>(RubyIO.java:174)\n\tat org.jruby.dist/org.jruby.RubyFile.<init>(RubyFile.java:281)\n\tat org.jruby.dist/org.jruby.parser.Parser.parse(Parser.java:99)\n\tat org.jruby.dist/org.jruby.Ruby.parseFileAndGetAST(Ruby.java:2709)\n\tat org.jruby.dist/org.jruby.Ruby.parseFileFromMainAndGetAST(Ruby.java:2702)\n\tat org.jruby.dist/org.jruby.Ruby.parseFileFromMain(Ruby.java:2686)\n\tat org.jruby.dist/org.jruby.Ruby.parseFromMain(Ruby.java:642)\n\tat org.jruby.dist/org.jruby.Ruby.runFromMain(Ruby.java:588)\n\tat org.jruby.dist/org.jruby.Main.doRunFromMain(Main.java:415)\n\tat org.jruby.dist/org.jruby.Main.internalRun(Main.java:307)\n\tat org.jruby.dist/org.jruby.Main.run(Main.java:234)\n\tat org.jruby.dist/org.jruby.Main.main(Main.java:206)\nWARNING: An illegal reflective access operation has occurred\nWARNING: Illegal reflective access by org.jruby.ext.openssl.SecurityHelper (file:/home/travis/.rvm/rubies/jruby-9.2.7.0/lib/ruby/stdlib/jopenssl.jar) to constructor java.security.cert.CertificateFactory(java.security.cert.CertificateFactorySpi,java.security.Provider,java.lang.String)\nWARNING: Please consider reporting this to the maintainers of org.jruby.ext.openssl.SecurityHelper\nWARNING: Use --illegal-access=warn to enable warnings of further illegal reflective access operations\nWARNING: All illegal access operations will be denied in a future release\n\u001b[32mjruby-9.2.7.0 - #uninstalling gem rubygems-bundler-1.4.5\u001b[0m|\b/\b-\b\\\b|\b/\b-\b\\\b|\b.-\b\\\b|\b/\b-\b\\\b|\b/\b-\b.|\b/\b-\b\\\b|\b/\b-\b\\\b|\b..\njruby-9.2.7.0 - #gemset created /home/travis/.rvm/gems/jruby-9.2.7.0\n2019-08-01T20:23:29.248Z [main] WARN FilenoUtil : Native subprocess control requires open access to sun.nio.ch\nPass '--add-opens java.base/sun.nio.ch=org.jruby.dist' or '=org.jruby.core' to enable.\njava.lang.IllegalCallerException: sun.nio.ch is not open to module org.jruby.dist\n\tat java.base/java.lang.Module.addOpens(Module.java:763)\n\tat org.jruby.dist/com.headius.backport9.modules.impl.Module9.addOpens(Module9.java:28)\n\tat org.jruby.dist/com.headius.backport9.modules.Modules.addOpens(Modules.java:22)\n\tat org.jruby.dist/org.jruby.util.io.FilenoUtil$ReflectiveAccess.<clinit>(FilenoUtil.java:140)\n\tat org.jruby.dist/org.jruby.util.io.FilenoUtil.getFilenoUsingReflection(FilenoUtil.java:111)\n\tat org.jruby.dist/org.jruby.util.io.FilenoUtil.filenoFrom(FilenoUtil.java:107)\n\tat org.jruby.dist/org.jruby.util.io.ChannelFD.initFileno(ChannelFD.java:42)\n\tat org.jruby.dist/org.jruby.util.io.ChannelFD.<init>(ChannelFD.java:32)\n\tat org.jruby.dist/org.jruby.RubyIO.<init>(RubyIO.java:174)\n\tat org.jruby.dist/org.jruby.RubyFile.<init>(RubyFile.java:281)\n\tat org.jruby.dist/org.jruby.parser.Parser.parse(Parser.java:99)\n\tat org.jruby.dist/org.jruby.Ruby.parseFileAndGetAST(Ruby.java:2709)\n\tat org.jruby.dist/org.jruby.Ruby.parseFileFromMainAndGetAST(Ruby.java:2702)\n\tat org.jruby.dist/org.jruby.Ruby.parseFileFromMain(Ruby.java:2686)\n\tat org.jruby.dist/org.jruby.Ruby.parseFromMain(Ruby.java:642)\n\tat org.jruby.dist/org.jruby.Ruby.runFromMain(Ruby.java:588)\n\tat org.jruby.dist/org.jruby.Main.doRunFromMain(Main.java:415)\n\tat org.jruby.dist/org.jruby.Main.internalRun(Main.java:307)\n\tat org.jruby.dist/org.jruby.Main.run(Main.java:234)\n\tat org.jruby.dist/org.jruby.Main.main(Main.java:206)\nWARNING: An illegal reflective access operation has occurred\nWARNING: Illegal reflective access by org.jruby.ext.openssl.SecurityHelper (file:/home/travis/.rvm/rubies/jruby-9.2.7.0/lib/ruby/stdlib/jopenssl.jar) to constructor java.security.cert.CertificateFactory(java.security.cert.CertificateFactorySpi,java.security.Provider,java.lang.String)\nWARNING: Please consider reporting this to the maintainers of org.jruby.ext.openssl.SecurityHelper\nWARNING: Use --illegal-access=warn to enable warnings of further illegal reflective access operations\nWARNING: All illegal access operations will be denied in a future release\n\u001b[32mjruby-9.2.7.0 - #importing gemset /home/travis/.rvm/gemsets/default.gems\u001b[0m|\b/\b-\b\\\b|\b/\b-\b\\\b|\b.-\b\\\b|\b/\b-\b\\\b|\b/\b-\b.|\b/\b-\b\\\b|\b/\b-\b\\\b|\b.-\b\\\b|\b/\b.\n\u001b[32mjruby-9.2.7.0 - #generating default wrappers\u001b[0m|\b/\b-\b\\\b|\b/\b-\b\\\b|\b.-\b\\\b|\b/\b-\b\\\b|\b/\b-\b.|\b/\b-\b\\\b|\b/\b-\b\\\b|\b.-\b\\\b|\b/\b-\b\\\b|\b/\b-\b.|\b/\b-\b\\\b|\b/\b-\b\\\b|\b.-\b\\\b|\b/\b-\b\\\b|\b/\b-\b.|\b/\b-\b\\\b|\b/\b-\b\\\b|\b.-\b\\\b|\b/\b-\b\\\b|\b/\b-\b.|\b/\b-\b\\\b|\b/\b-\b\\\b|\b.-\b\\\b|\b/\b-\b\\\b|\b.\nUsing /home/travis/.rvm/gems/jruby-9.2.7.0\n2019-08-01T20:23:58.972Z [main] WARN FilenoUtil : Native subprocess control requires open access to sun.nio.ch\nPass '--add-opens java.base/sun.nio.ch=org.jruby.dist' or '=org.jruby.core' to enable.\njava.lang.IllegalCallerException: sun.nio.ch is not open to module org.jruby.dist\n\tat java.base/java.lang.Module.addOpens(Module.java:763)\n\tat org.jruby.dist/com.headius.backport9.modules.impl.Module9.addOpens(Module9.java:28)\n\tat org.jruby.dist/com.headius.backport9.modules.Modules.addOpens(Modules.java:22)\n\tat org.jruby.dist/org.jruby.util.io.FilenoUtil$ReflectiveAccess.<clinit>(FilenoUtil.java:140)\n\tat org.jruby.dist/org.jruby.util.io.FilenoUtil.getFilenoUsingReflection(FilenoUtil.java:111)\n\tat org.jruby.dist/org.jruby.util.io.FilenoUtil.filenoFrom(FilenoUtil.java:107)\n\tat org.jruby.dist/org.jruby.util.io.ChannelFD.initFileno(ChannelFD.java:42)\n\tat org.jruby.dist/org.jruby.util.io.ChannelFD.<init>(ChannelFD.java:32)\n\tat org.jruby.dist/org.jruby.RubyIO.<init>(RubyIO.java:174)\n\tat org.jruby.dist/org.jruby.RubyFile.<init>(RubyFile.java:281)\n\tat org.jruby.dist/org.jruby.parser.Parser.parse(Parser.java:99)\n\tat org.jruby.dist/org.jruby.Ruby.parseFileAndGetAST(Ruby.java:2709)\n\tat org.jruby.dist/org.jruby.Ruby.parseFileFromMainAndGetAST(Ruby.java:2702)\n\tat org.jruby.dist/org.jruby.Ruby.parseFileFromMain(Ruby.java:2686)\n\tat org.jruby.dist/org.jruby.Ruby.parseFromMain(Ruby.java:642)\n\tat org.jruby.dist/org.jruby.Ruby.runFromMain(Ruby.java:588)\n\tat org.jruby.dist/org.jruby.Main.doRunFromMain(Main.java:415)\n\tat org.jruby.dist/org.jruby.Main.internalRun(Main.java:307)\n\tat org.jruby.dist/org.jruby.Main.run(Main.java:234)\n\tat org.jruby.dist/org.jruby.Main.main(Main.java:206)\nWARNING: An illegal reflective access operation has occurred\nWARNING: Illegal reflective access by org.jruby.ext.openssl.SecurityHelper (file:/home/travis/.rvm/rubies/jruby-9.2.7.0/lib/ruby/stdlib/jopenssl.jar) to constructor java.security.cert.CertificateFactory(java.security.cert.CertificateFactorySpi,java.security.Provider,java.lang.String)\nWARNING: Please consider reporting this to the maintainers of org.jruby.ext.openssl.SecurityHelper\nWARNING: Use --illegal-access=warn to enable warnings of further illegal reflective access operations\nWARNING: All illegal access operations will be denied in a future release\ntravis_time:end:2cbf6b24:start=1564690917021362536,finish=1564691041021299024,duration=123999936488\n\u001b[0Ktravis_fold:end:rvm\n\u001b[0K\n$ export BUNDLE_GEMFILE=$PWD/Gemfile\ntravis_fold:start:cache.1\n\u001b[0KSetting up build cache\n$ export CASHER_DIR=${TRAVIS_HOME}/.casher\ntravis_time:start:0d6d25a0\n\u001b[0K$ Installing caching utilities\ntravis_time:end:0d6d25a0:start=1564691050517314114,finish=1564691050863339390,duration=346025276\n\u001b[0Ktravis_time:start:15525cd8\n\u001b[0Ktravis_time:end:15525cd8:start=1564691050871841837,finish=1564691050876587477,duration=4745640\n\u001b[0Ktravis_time:start:0a72e2d0\n\u001b[0Kattempting to download cache archive\u001b[0m\n\u001b[32;1mfetching master/cache-linux-xenial-575660ea328e67683a6d612dc1247e3f130b0c6880107c6c0c872c39a43e4747--rvm-jruby-9.2.7.0--gemfile-Gemfile.tgz\u001b[0m\n\u001b[32;1mfound cache\u001b[0m\ntravis_time:end:0a72e2d0:start=1564691050881816031,finish=1564691052760733373,duration=1878917342\n\u001b[0Ktravis_fold:end:cache.1\n\u001b[0K\n\ntravis_fold:start:cache.bundler\n\u001b[0Ktravis_time:start:0e06d9db\n\u001b[0Ktravis_time:end:0e06d9db:start=1564691052767406835,finish=1564691052771940694,duration=4533859\n\u001b[0Ktravis_time:start:18c55903\n\u001b[0Kadding /home/travis/build/jekyll/jekyll/vendor/bundle to cache\u001b[0m\ncreating directory /home/travis/build/jekyll/jekyll/vendor/bundle\u001b[0m\ntravis_time:end:18c55903:start=1564691052777310077,finish=1564691054931844191,duration=2154534114\n\u001b[0Ktravis_fold:end:cache.bundler\n\u001b[0Ktravis_fold:start:ruby.versions\n\u001b[0K$ java -Xmx32m -version\nopenjdk version \"11.0.2\" 2019-01-15\nOpenJDK Runtime Environment 18.9 (build 11.0.2+9)\nOpenJDK 64-Bit Server VM 18.9 (build 11.0.2+9, mixed mode)\n$ javac -J-Xmx32m -version\njavac 11.0.2\n$ ruby --version\njruby 9.2.7.0 (2.5.3) 2019-04-09 8a269e3 OpenJDK 64-Bit Server VM 11.0.2+9 on 11.0.2+9 +jit [linux-x86_64]\n$ rvm --version\nrvm 1.29.7 (latest) by Michal Papis, Piotr Kuczynski, Wayne E. Seguin [https://rvm.io]\n$ bundle --version\n2019-08-01T20:24:18.347Z [main] WARN FilenoUtil : Native subprocess control requires open access to sun.nio.ch\nPass '--add-opens java.base/sun.nio.ch=org.jruby.dist' or '=org.jruby.core' to enable.\njava.lang.IllegalCallerException: sun.nio.ch is not open to module org.jruby.dist\n\tat java.base/java.lang.Module.addOpens(Module.java:763)\n\tat org.jruby.dist/com.headius.backport9.modules.impl.Module9.addOpens(Module9.java:28)\n\tat org.jruby.dist/com.headius.backport9.modules.Modules.addOpens(Modules.java:22)\n\tat org.jruby.dist/org.jruby.util.io.FilenoUtil$ReflectiveAccess.<clinit>(FilenoUtil.java:140)\n\tat org.jruby.dist/org.jruby.util.io.FilenoUtil.getFilenoUsingReflection(FilenoUtil.java:111)\n\tat org.jruby.dist/org.jruby.util.io.FilenoUtil.filenoFrom(FilenoUtil.java:107)\n\tat org.jruby.dist/org.jruby.util.io.ChannelFD.initFileno(ChannelFD.java:42)\n\tat org.jruby.dist/org.jruby.util.io.ChannelFD.<init>(ChannelFD.java:32)\n\tat org.jruby.dist/org.jruby.RubyIO.<init>(RubyIO.java:174)\n\tat org.jruby.dist/org.jruby.RubyFile.<init>(RubyFile.java:281)\n\tat org.jruby.dist/org.jruby.parser.Parser.parse(Parser.java:99)\n\tat org.jruby.dist/org.jruby.Ruby.parseFileAndGetAST(Ruby.java:2709)\n\tat org.jruby.dist/org.jruby.Ruby.parseFileFromMainAndGetAST(Ruby.java:2702)\n\tat org.jruby.dist/org.jruby.Ruby.parseFileFromMain(Ruby.java:2686)\n\tat org.jruby.dist/org.jruby.Ruby.parseFromMain(Ruby.java:642)\n\tat org.jruby.dist/org.jruby.Ruby.runFromMain(Ruby.java:588)\n\tat org.jruby.dist/org.jruby.Main.doRunFromMain(Main.java:415)\n\tat org.jruby.dist/org.jruby.Main.internalRun(Main.java:307)\n\tat org.jruby.dist/org.jruby.Main.run(Main.java:234)\n\tat org.jruby.dist/org.jruby.Main.main(Main.java:206)\nBundler version 2.0.2\n$ gem --version\n2019-08-01T20:24:22.080Z [main] WARN FilenoUtil : Native subprocess control requires open access to sun.nio.ch\nPass '--add-opens java.base/sun.nio.ch=org.jruby.dist' or '=org.jruby.core' to enable.\njava.lang.IllegalCallerException: sun.nio.ch is not open to module org.jruby.dist\n\tat java.base/java.lang.Module.addOpens(Module.java:763)\n\tat org.jruby.dist/com.headius.backport9.modules.impl.Module9.addOpens(Module9.java:28)\n\tat org.jruby.dist/com.headius.backport9.modules.Modules.addOpens(Modules.java:22)\n\tat org.jruby.dist/org.jruby.util.io.FilenoUtil$ReflectiveAccess.<clinit>(FilenoUtil.java:140)\n\tat org.jruby.dist/org.jruby.util.io.FilenoUtil.getFilenoUsingReflection(FilenoUtil.java:111)\n\tat org.jruby.dist/org.jruby.util.io.FilenoUtil.filenoFrom(FilenoUtil.java:107)\n\tat org.jruby.dist/org.jruby.util.io.ChannelFD.initFileno(ChannelFD.java:42)\n\tat org.jruby.dist/org.jruby.util.io.ChannelFD.<init>(ChannelFD.java:32)\n\tat org.jruby.dist/org.jruby.RubyIO.<init>(RubyIO.java:174)\n\tat org.jruby.dist/org.jruby.RubyFile.<init>(RubyFile.java:281)\n\tat org.jruby.dist/org.jruby.parser.Parser.parse(Parser.java:99)\n\tat org.jruby.dist/org.jruby.Ruby.parseFileAndGetAST(Ruby.java:2709)\n\tat org.jruby.dist/org.jruby.Ruby.parseFileFromMainAndGetAST(Ruby.java:2702)\n\tat org.jruby.dist/org.jruby.Ruby.parseFileFromMain(Ruby.java:2686)\n\tat org.jruby.dist/org.jruby.Ruby.parseFromMain(Ruby.java:642)\n\tat org.jruby.dist/org.jruby.Ruby.runFromMain(Ruby.java:588)\n\tat org.jruby.dist/org.jruby.Main.doRunFromMain(Main.java:415)\n\tat org.jruby.dist/org.jruby.Main.internalRun(Main.java:307)\n\tat org.jruby.dist/org.jruby.Main.run(Main.java:234)\n\tat org.jruby.dist/org.jruby.Main.main(Main.java:206)\nWARNING: An illegal reflective access operation has occurred\nWARNING: Illegal reflective access by org.jruby.ext.openssl.SecurityHelper (file:/home/travis/.rvm/rubies/jruby-9.2.7.0/lib/ruby/stdlib/jopenssl.jar) to constructor java.security.cert.CertificateFactory(java.security.cert.CertificateFactorySpi,java.security.Provider,java.lang.String)\nWARNING: Please consider reporting this to the maintainers of org.jruby.ext.openssl.SecurityHelper\nWARNING: Use --illegal-access=warn to enable warnings of further illegal reflective access operations\nWARNING: All illegal access operations will be denied in a future release\n2.7.9\ntravis_fold:end:ruby.versions\n\u001b[0K\ntravis_fold:start:before_install.1\n\u001b[0Ktravis_time:start:03d31fe5\n\u001b[0K$ gem update --system --no-document\n2019-08-01T20:24:26.590Z [main] WARN FilenoUtil : Native subprocess control requires open access to sun.nio.ch\nPass '--add-opens java.base/sun.nio.ch=org.jruby.dist' or '=org.jruby.core' to enable.\njava.lang.IllegalCallerException: sun.nio.ch is not open to module org.jruby.dist\n\tat java.base/java.lang.Module.addOpens(Module.java:763)\n\tat org.jruby.dist/com.headius.backport9.modules.impl.Module9.addOpens(Module9.java:28)\n\tat org.jruby.dist/com.headius.backport9.modules.Modules.addOpens(Modules.java:22)\n\tat org.jruby.dist/org.jruby.util.io.FilenoUtil$ReflectiveAccess.<clinit>(FilenoUtil.java:140)\n\tat org.jruby.dist/org.jruby.util.io.FilenoUtil.getFilenoUsingReflection(FilenoUtil.java:111)\n\tat org.jruby.dist/org.jruby.util.io.FilenoUtil.filenoFrom(FilenoUtil.java:107)\n\tat org.jruby.dist/org.jruby.util.io.ChannelFD.initFileno(ChannelFD.java:42)\n\tat org.jruby.dist/org.jruby.util.io.ChannelFD.<init>(ChannelFD.java:32)\n\tat org.jruby.dist/org.jruby.RubyIO.<init>(RubyIO.java:174)\n\tat org.jruby.dist/org.jruby.RubyFile.<init>(RubyFile.java:281)\n\tat org.jruby.dist/org.jruby.parser.Parser.parse(Parser.java:99)\n\tat org.jruby.dist/org.jruby.Ruby.parseFileAndGetAST(Ruby.java:2709)\n\tat org.jruby.dist/org.jruby.Ruby.parseFileFromMainAndGetAST(Ruby.java:2702)\n\tat org.jruby.dist/org.jruby.Ruby.parseFileFromMain(Ruby.java:2686)\n\tat org.jruby.dist/org.jruby.Ruby.parseFromMain(Ruby.java:642)\n\tat org.jruby.dist/org.jruby.Ruby.runFromMain(Ruby.java:588)\n\tat org.jruby.dist/org.jruby.Main.doRunFromMain(Main.java:415)\n\tat org.jruby.dist/org.jruby.Main.internalRun(Main.java:307)\n\tat org.jruby.dist/org.jruby.Main.run(Main.java:234)\n\tat org.jruby.dist/org.jruby.Main.main(Main.java:206)\nWARNING: An illegal reflective access operation has occurred\nWARNING: Illegal reflective access by org.jruby.ext.openssl.SecurityHelper (file:/home/travis/.rvm/rubies/jruby-9.2.7.0/lib/ruby/stdlib/jopenssl.jar) to constructor java.security.cert.CertificateFactory(java.security.cert.CertificateFactorySpi,java.security.Provider,java.lang.String)\nWARNING: Please consider reporting this to the maintainers of org.jruby.ext.openssl.SecurityHelper\nWARNING: Use --illegal-access=warn to enable warnings of further illegal reflective access operations\nWARNING: All illegal access operations will be denied in a future release\nUpdating rubygems-update\nSuccessfully installed rubygems-update-3.0.4\nInstalling RubyGems 3.0.4\n2019-08-01T20:24:40.736Z [main] WARN FilenoUtil : Native subprocess control requires open access to sun.nio.ch\nPass '--add-opens java.base/sun.nio.ch=org.jruby.dist' or '=org.jruby.core' to enable.\njava.lang.IllegalCallerException: sun.nio.ch is not open to module org.jruby.dist\n\tat java.base/java.lang.Module.addOpens(Module.java:763)\n\tat org.jruby.dist/com.headius.backport9.modules.impl.Module9.addOpens(Module9.java:28)\n\tat org.jruby.dist/com.headius.backport9.modules.Modules.addOpens(Modules.java:22)\n\tat org.jruby.dist/org.jruby.util.io.FilenoUtil$ReflectiveAccess.<clinit>(FilenoUtil.java:140)\n\tat org.jruby.dist/org.jruby.util.io.FilenoUtil.getFilenoUsingReflection(FilenoUtil.java:111)\n\tat org.jruby.dist/org.jruby.util.io.FilenoUtil.filenoFrom(FilenoUtil.java:107)\n\tat org.jruby.dist/org.jruby.util.io.ChannelFD.initFileno(ChannelFD.java:42)\n\tat org.jruby.dist/org.jruby.util.io.ChannelFD.<init>(ChannelFD.java:32)\n\tat org.jruby.dist/org.jruby.RubyIO.<init>(RubyIO.java:174)\n\tat org.jruby.dist/org.jruby.RubyFile.<init>(RubyFile.java:281)\n\tat org.jruby.dist/org.jruby.parser.Parser.parse(Parser.java:99)\n\tat org.jruby.dist/org.jruby.Ruby.parseFileAndGetAST(Ruby.java:2709)\n\tat org.jruby.dist/org.jruby.Ruby.parseFileFromMainAndGetAST(Ruby.java:2702)\n\tat org.jruby.dist/org.jruby.Ruby.parseFileFromMain(Ruby.java:2686)\n\tat org.jruby.dist/org.jruby.Ruby.parseFromMain(Ruby.java:642)\n\tat org.jruby.dist/org.jruby.Ruby.runFromMain(Ruby.java:588)\n\tat org.jruby.dist/org.jruby.Main.doRunFromMain(Main.java:415)\n\tat org.jruby.dist/org.jruby.Main.internalRun(Main.java:307)\n\tat org.jruby.dist/org.jruby.Main.run(Main.java:234)\n\tat org.jruby.dist/org.jruby.Main.main(Main.java:206)\n2019-08-01T20:24:42.760Z [main] WARN FilenoUtil : Native subprocess control requires open access to sun.nio.ch\nPass '--add-opens java.base/sun.nio.ch=org.jruby.dist' or '=org.jruby.core' to enable.\njava.lang.IllegalCallerException: sun.nio.ch is not open to module org.jruby.dist\n\tat java.base/java.lang.Module.addOpens(Module.java:763)\n\tat org.jruby.dist/com.headius.backport9.modules.impl.Module9.addOpens(Module9.java:28)\n\tat org.jruby.dist/com.headius.backport9.modules.Modules.addOpens(Modules.java:22)\n\tat org.jruby.dist/org.jruby.util.io.FilenoUtil$ReflectiveAccess.<clinit>(FilenoUtil.java:140)\n\tat org.jruby.dist/org.jruby.util.io.FilenoUtil.getFilenoUsingReflection(FilenoUtil.java:111)\n\tat org.jruby.dist/org.jruby.util.io.FilenoUtil.filenoFrom(FilenoUtil.java:107)\n\tat org.jruby.dist/org.jruby.util.io.ChannelFD.initFileno(ChannelFD.java:42)\n\tat org.jruby.dist/org.jruby.util.io.ChannelFD.<init>(ChannelFD.java:32)\n\tat org.jruby.dist/org.jruby.RubyIO.<init>(RubyIO.java:174)\n\tat org.jruby.dist/org.jruby.RubyFile.<init>(RubyFile.java:281)\n\tat org.jruby.dist/org.jruby.parser.Parser.parse(Parser.java:99)\n\tat org.jruby.dist/org.jruby.Ruby.parseFileAndGetAST(Ruby.java:2709)\n\tat org.jruby.dist/org.jruby.Ruby.parseFileFromMainAndGetAST(Ruby.java:2702)\n\tat org.jruby.dist/org.jruby.Ruby.parseFileFromMain(Ruby.java:2686)\n\tat org.jruby.dist/org.jruby.Ruby.parseFromMain(Ruby.java:642)\n\tat org.jruby.dist/org.jruby.Ruby.runFromMain(Ruby.java:588)\n\tat org.jruby.dist/org.jruby.Main.doRunFromMain(Main.java:415)\n\tat org.jruby.dist/org.jruby.Main.internalRun(Main.java:307)\n\tat org.jruby.dist/org.jruby.Main.run(Main.java:234)\n\tat org.jruby.dist/org.jruby.Main.main(Main.java:206)\nWARNING: An illegal reflective access operation has occurred\nWARNING: Illegal reflective access by org.jruby.ext.openssl.SecurityHelper (file:/home/travis/.rvm/rubies/jruby-9.2.7.0/lib/ruby/stdlib/jopenssl.jar) to constructor java.security.cert.CertificateFactory(java.security.cert.CertificateFactorySpi,java.security.Provider,java.lang.String)\nWARNING: Please consider reporting this to the maintainers of org.jruby.ext.openssl.SecurityHelper\nWARNING: Use --illegal-access=warn to enable warnings of further illegal reflective access operations\nWARNING: All illegal access operations will be denied in a future release\nBundler 1.17.3 installed\nRubyGems 3.0.4 installed\nRegenerating binstubs\n\n=== 3.0.4 / 2019-06-14\n\nMinor enhancements:\n\n* Add support for TruffleRuby #2612 by Benoit Daloze\n* Serve a more descriptive error when --no-ri or --no-rdoc are used #2572\n  by Grey Baker\n* Improve test compatibility with CMake 2.8. Pull request #2590 by V\u00edt\n  Ondruch.\n* Restore gem build behavior and introduce the \"-C\" flag to gem build.\n  Pull request #2596 by Luis Sagastume.\n* Enabled block call with util_set_arch. Pull request #2603 by SHIBATA\n  Hiroshi.\n* Avoid rdoc hook when it's failed to load rdoc library. Pull request\n  #2604 by SHIBATA Hiroshi.\n* Drop tests for legacy RDoc. Pull request #2608 by Nobuyoshi Nakada.\n* Update TODO comment. Pull request #2658 by Luis Sagastume.\n* Skip malicious extension test with mswin platform. Pull request #2670 by\n  SHIBATA Hiroshi.\n* Check deprecated methods on release. Pull request #2673 by David\n  Rodr\u00edguez.\n* Add steps to run bundler tests. Pull request #2680 by Aditya Prakash.\n* Skip temporary \"No such host is known\" error. Pull request #2684 by\n  Takashi Kokubun.\n* Replaced aws-sdk-s3 instead of s3cmd. Pull request #2688 by SHIBATA\n  Hiroshi.\n* Allow uninstall from symlinked GEM_HOME. Pull request #2720 by David\n  Rodr\u00edguez.\n* Use current checkout in CI to uninstall RVM related gems. Pull request\n  #2729 by David Rodr\u00edguez.\n* Update Contributor Covenant v1.4.1. Pull request #2751 by SHIBATA\n  Hiroshi.\n* Added supported versions of Ruby. Pull request #2756 by SHIBATA Hiroshi.\n* Fix shadowing outer local variable warning. Pull request #2763 by Luis\n  Sagastume.\n* Update the certificate files to make the test pass on Debian 10. Pull\n  request #2777 by Yusuke Endoh.\n* Backport ruby core changes. Pull request #2778 by SHIBATA Hiroshi.\n\nBug fixes:\n\n* Test_gem.rb - intermittent failure fix. Pull request #2613 by MSP-Greg.\n* Fix sporadic CI failures. Pull request #2617 by David Rodr\u00edguez.\n* Fix flaky bundler version finder tests. Pull request #2624 by David\n  Rodr\u00edguez.\n* Fix gem indexer tests leaking utility gems. Pull request #2625 by David\n  Rodr\u00edguez.\n* Clean up default spec dir too. Pull request #2639 by David Rodr\u00edguez.\n* Fix 2.6.1 build against vendored bundler. Pull request #2645 by David\n  Rodr\u00edguez.\n* Fix comment typo. Pull request #2664 by Luis Sagastume.\n* Fix comment of Gem::Specification#required_ruby_version=. Pull request\n  #2732 by Alex Junger.\n* Fix TODOs. Pull request #2748 by David Rodr\u00edguez.\n\n=== 3.0.3 / 2019-03-05\n\nSecurity fixes:\n\n* Fixed following vulnerabilities:\n  * CVE-2019-8320: Delete directory using symlink when decompressing tar\n  * CVE-2019-8321: Escape sequence injection vulnerability in `verbose`\n  * CVE-2019-8322: Escape sequence injection vulnerability in `gem owner`\n  * CVE-2019-8323: Escape sequence injection vulnerability in API response handling\n  * CVE-2019-8324: Installing a malicious gem may lead to arbitrary code execution\n  * CVE-2019-8325: Escape sequence injection vulnerability in errors\n\n=== 3.0.2 / 2019-01-01\n\nMinor enhancements:\n\n* Use Bundler-1.17.3. Pull request #2556 by SHIBATA Hiroshi.\n* Fix document flag description. Pull request #2555 by Luis Sagastume.\n\nBug fixes:\n\n* Fix tests when ruby --program-suffix is used without rubygems\n  --format-executable. Pull request #2549 by Jeremy Evans.\n* Fix Gem::Requirement equality comparison when ~> operator is used. Pull\n  request #2554 by Grey Baker.\n* Unset SOURCE_DATE_EPOCH in the test cases. Pull request #2558 by Sorah\n  Fukumori.\n* Restore SOURCE_DATE_EPOCH. Pull request #2560 by SHIBATA Hiroshi.\n\n=== 3.0.1 / 2018-12-23\n\nBug fixes:\n\n* Ensure globbed files paths are expanded. Pull request #2536 by Tony Ta.\n* Dup the Dir.home string before passing it on. Pull request #2545 by\n  Charles Oliver Nutter.\n* Added permissions to installed files for non-owners. Pull request #2546\n  by SHIBATA Hiroshi.\n* Restore release task without hoe. Pull request #2547 by SHIBATA Hiroshi.\n\n=== 3.0.0 / 2018-12-19\n\nMajor enhancements:\n\n* S3 source. Pull request #1690 by Aditya Prakash.\n* Download gems with threads. Pull request #1898 by Andr\u00e9 Arko.\n* Update to SPDX license list 3.0. Pull request #2152 by Mike Linksvayer.\n* [GSoC] Multi-factor feature for RubyGems. Pull request #2369 by Qiu\n  Chaofan.\n* Use bundler 1.17.2. Pull request #2521 by SHIBATA Hiroshi.\n\nMinor enhancements:\n\n* Don't treat inaccessible working directories as build failures. Pull\n  request #1135 by Pete.\n* Remove useless directory parameter from builders .build methods.\n  [rebased]. Pull request #1433 by Kurtis Rainbolt-Greene.\n* Skipping more than one gem in pristine. Pull request #1592 by Henne\n  Vogelsang.\n* Add info command to print information about an installed gem. Pull\n  request #2023 by Colby Swandale.\n* Add --[no-]check-development option to cleanup command. Pull request\n  #2061 by Lin Jen-Shin (godfat).\n* Show which gem referenced a missing gem. Pull request #2067 by Artem\n  Khramov.\n* Prevent to delete to \"bundler-\" prefix gem like bundler-audit. Pull\n  request #2086 by SHIBATA Hiroshi.\n* Fix rake install_test_deps once the rake clean_env does not exist. Pull\n  request #2090 by Lucas Arantes.\n* Workaround common options mutation in Gem::Command test. Pull request\n  #2098 by Thibault Jouan.\n* Extract a SpecificationPolicy validation class. Pull request #2101 by\n  Olle Jonsson.\n* Handle environment that does not have `flock` system call. Pull request\n  #2107 by SHIBATA Hiroshi.\n* Handle the explain option in gem update. Pull request #2110 by Colby\n  Swandale.\n* Add Gem.operating_system_defaults to allow packagers to override\n  defaults. Pull request #2116 by V\u00edt Ondruch.\n* Update for compatibilty with new minitest. Pull request #2118 by\n  MSP-Greg.\n* Make Windows bin stubs portable. Pull request #2119 by MSP-Greg.\n* Avoid to warnings about gemspec loadings in rubygems tests. Pull request\n  #2125 by SHIBATA Hiroshi.\n* Set whether bundler is used for gemdeps with an environmental variable.\n  Pull request #2126 by SHIBATA Hiroshi.\n* Titleize \"GETTING HELP\" in readme. Pull request #2136 by Colby Swandale.\n* Improve the error message given when using --version with multiple gems\n  in the install command. Pull request #2137 by Colby Swandale.\n* Use `File.open` instead of `open`. Pull request #2142 by SHIBATA\n  Hiroshi.\n* Gem::Util.traverse_parents should not crash on permissions error. Pull\n  request #2147 by Robert Ulejczyk.\n* [Installer] Avoid a #mkdir race condition. Pull request #2148 by Samuel\n  Giddins.\n* Allow writing gemspecs from gem unpack to location specified by target\n  option. Pull request #2150 by Colby Swandale.\n* Raise errors in `gem uninstall` when a file in a gem could not be\n  removed . Pull request #2154 by Colby Swandale.\n* Remove PID from gem index directory. Pull request #2155 by SHIBATA\n  Hiroshi.\n* Nil guard on `Gem::Specification`. Pull request #2164 by SHIBATA\n  Hiroshi.\n* Skip broken test with macOS platform. Pull request #2167 by SHIBATA\n  Hiroshi.\n* Support option for `--destdir` with upgrade installer. Pull request\n  #2169 by SHIBATA Hiroshi.\n* To use constant instead of hard-coded version. Pull request #2171 by\n  SHIBATA Hiroshi.\n* Add Rake task to install dev dependencies. Pull request #2173 by Ellen\n  Marie Dash.\n* Add new sections to the README and explaination of what RubyGems is.\n  Pull request #2174 by Colby Swandale.\n* Prefer to use `Numeric#zero?` instead of `== 0`. Pull request #2176 by\n  SHIBATA Hiroshi.\n* Ignore perfomance test of version regexp pattern. Pull request #2179 by\n  SHIBATA Hiroshi.\n* Ignore .DS_Store files in the update_manifest task. Pull request #2199\n  by Colby Swandale.\n* Allow building gems without having to be in the gem folder . Pull\n  request #2204 by Colby Swandale.\n* Added coverage ability used by simplecov. Pull request #2207 by SHIBATA\n  Hiroshi.\n* Improve invalid proxy error message. Pull request #2217 by Luis\n  Sagastume.\n* Simplify home directory detection and platform condition. Pull request\n  #2218 by SHIBATA Hiroshi.\n* Permission options. Pull request #2219 by Nobuyoshi Nakada.\n* Improve gemspec and package task. Pull request #2220 by SHIBATA Hiroshi.\n* Prefer to use util_spec in `Gem::TestCase`. Pull request #2227 by\n  SHIBATA Hiroshi.\n*  [Requirement] Treat requirements with == versions as equal. Pull\n  request #2230 by Samuel Giddins.\n* Add a note for the non-semantically versioned case. Pull request #2242\n  by David Rodr\u00edguez.\n* Keep feature names loaded in the block. Pull request #2261 by Nobuyoshi\n  Nakada.\n* Tweak warning recommendation. Pull request #2266 by David Rodr\u00edguez.\n* Show git path in gem env. Pull request #2268 by Luis Sagastume.\n* Add `--env-shebang` flag to setup command. Pull request #2271 by James\n  Myers.\n* Support SOURCE_DATE_EPOCH to make gem spec reproducible. Pull request\n  #2278 by Levente Polyak.\n* Chdir back to original directory when building an extension fails. Pull\n  request #2282 by Samuel Giddins.\n* [Rakefile] Add a default task that runs the tests. Pull request #2283 by\n  Samuel Giddins.\n* Support SOURCE_DATE_EPOCH to make gem tar reproducible. Pull request\n  #2289 by Levente Polyak.\n* Reset hooks in test cases. Pull request #2297 by Samuel Giddins.\n* Minor typo: nokogiri. Pull request #2298 by Darshan Baid.\n* Ignore vendored molinillo from code coverage. Pull request #2302 by\n  SHIBATA Hiroshi.\n* Support IO.copy_stream. Pull request #2303 by okkez.\n* Prepare beta release. Pull request #2304 by SHIBATA Hiroshi.\n* Add error message when trying to open a default gem. Pull request #2307\n  by Luis Sagastume.\n* Add alias command 'i' for 'install' command. Pull request #2308 by\n  ota42y.\n* Cleanup rdoc task in Rakefile. Pull request #2318 by SHIBATA Hiroshi.\n* Add testcase to test_gem_text.rb. Pull request #2329 by Oliver.\n* Gem build strict option. Pull request #2332 by David Rodr\u00edguez.\n* Make spec reset more informative. Pull request #2333 by Luis Sagastume.\n* [Rakefile] Set bundler build metadata when doing a release. Pull request\n  #2335 by Samuel Giddins.\n* Speed up globbing relative to given directories. Pull request #2336 by\n  Samuel Giddins.\n* Remove semver gem build warning. Pull request #2351 by David Rodr\u00edguez.\n* Expand symlinks in gem path. Pull request #2352 by Benoit Daloze.\n* Normalize comment indentations. Pull request #2353 by David Rodr\u00edguez.\n* Add bindir flag to pristine. Pull request #2361 by Luis Sagastume.\n* Add --user-install behaviour to cleanup command. Pull request #2362 by\n  Luis Sagastume.\n* Allow build options to be passed to Rake. Pull request #2382 by Alyssa\n  Ross.\n* Add --re-sign flag to cert command. Pull request #2391 by Luis\n  Sagastume.\n* Fix \"interpreted as grouped expression\" warning. Pull request #2399 by\n  Colby Swandale.\n* [Gem::Ext::Builder] Comments to aid future refactoring. Pull request\n  #2405 by Ellen Marie Dash.\n* Move CONTRIBUTING.rdoc and POLICIES.rdoc documents to markdown. Pull\n  request #2412 by Colby Swandale.\n* Improve certificate expiration defaults. Pull request #2420 by Luis\n  Sagastume.\n* Freeze all possible constants. Pull request #2422 by Colby Swandale.\n* Fix bundler rubygems binstub not properly looking for bundler. Pull\n  request #2426 by David Rodr\u00edguez.\n* Make sure rubygems never leaks to another installation. Pull request\n  #2427 by David Rodr\u00edguez.\n* Update README.md. Pull request #2428 by Marc-Andr\u00e9 Lafortune.\n* Restrict special chars from prefixing new gem names. Pull request #2432\n  by Luis Sagastume.\n* This removes support for dynamic API backend lookup via DNS SRV records.\n  Pull request #2433 by Arlandis Word.\n* Fix link to CONTRIBUTING.md doc. Pull request #2434 by Arlandis Word.\n* Support Keyword args with Pysch. Pull request #2439 by SHIBATA Hiroshi.\n* Bug/kernel#warn uplevel. Pull request #2442 by Nobuyoshi Nakada.\n* Improve certificate error message. Pull request #2454 by Luis Sagastume.\n* Update gem open command help text. Pull request #2458 by Aditya Prakash.\n* Uninstall with versions. Pull request #2466 by David Rodr\u00edguez.\n* Add output option to build command. Pull request #2501 by Colby\n  Swandale.\n* Move rubocop into a separate stage in travis ci. Pull request #2510 by\n  Colby Swandale.\n* Ignore warnings with test_gem_specification.rb. Pull request #2523 by\n  SHIBATA Hiroshi.\n* Support the environment without OpenSSL. Pull request #2528 by SHIBATA\n  Hiroshi.\n\nBug fixes:\n\n* Fix undefined method error when printing alert. Pull request #1884 by\n  Robert Ross.\n* Frozen string fix - lib/rubygems/bundler_version_finder.rb. Pull request\n  #2115 by MSP-Greg.\n* Fixed typos. Pull request #2143 by SHIBATA Hiroshi.\n* Fix regression of destdir on Windows platform. Pull request #2178 by\n  SHIBATA Hiroshi.\n* Fixed no assignment variables about default gems installation. Pull\n  request #2181 by SHIBATA Hiroshi.\n* Fix spelling errors in the README. Pull request #2187 by Colby Swandale.\n* Missing comma creates ambiguous meaning. Pull request #2190 by Clifford\n  Heath.\n* Fix getting started instructions. Pull request #2198 by Luis Sagastume.\n* Fix rubygems dev env. Pull request #2201 by Luis Sagastume.\n* Fix #1470: generate documentation when --install-dir is present. Pull\n  request #2229 by Elias Hernandis.\n* Fix activation when multiple platforms installed. Pull request #2339 by\n  MSP-Greg.\n* Fix required_ruby_version with prereleases and improve error message.\n  Pull request #2344 by David Rodr\u00edguez.\n* Update tests for 'newer' Windows builds. Pull request #2348 by MSP-Greg.\n* Fix broken rubocop task by upgrading to 0.58.1. Pull request #2356 by\n  David Rodr\u00edguez.\n* Gem::Version should handle nil like it used to before. Pull request\n  #2363 by Luis Sagastume.\n* Avoid need of C++ compiler to pass the test suite. Pull request #2367 by\n  V\u00edt Ondruch.\n* Fix auto resign expired certificate. Pull request #2380 by Luis\n  Sagastume.\n* Skip permissions-dependent test when root. Pull request #2386 by Alyssa\n  Ross.\n* Fix test that depended on /usr/bin being in PATH. Pull request #2387 by\n  Alyssa Ross.\n* Fixed test fail with mswin environment. Pull request #2390 by SHIBATA\n  Hiroshi.\n* Fix broken builds using the correct rubocop version. Pull request #2396\n  by Luis Sagastume.\n* Fix extension builder failure when verbose. Pull request #2457 by Sorah\n  Fukumori.\n* Fix test warnings. Pull request #2472 by MSP-Greg.\n* The test suite of bundler is not present ruby description. Pull request\n  #2484 by SHIBATA Hiroshi.\n* Fix crash on certain gemspecs. Pull request #2506 by David Rodr\u00edguez.\n* Fixed test fails with the newer version of OpenSSL. Pull request #2507\n  by SHIBATA Hiroshi.\n* Fix broken symlink that points to ../*. Pull request #2516 by Akira\n  Matsuda.\n* Fix remote fetcher tests. Pull request #2520 by Luis Sagastume.\n* Fix tests when --program-suffix and similar ruby configure options are\n  used. Pull request #2529 by Jeremy Evans.\n\nCompatibility changes:\n\n* IO.binread is not provided at Ruby 1.8. Pull request #2093 by SHIBATA\n  Hiroshi.\n* Ignored to publish rdoc documentation of rubygems for\n  docs.seattlerb.org. Pull request #2105 by SHIBATA Hiroshi.\n* Support pre-release RubyGems. Pull request #2128 by SHIBATA Hiroshi.\n* Relax minitest version for 5. Pull request #2131 by SHIBATA Hiroshi.\n* Remove zentest from dev dependency. Pull request #2132 by SHIBATA\n  Hiroshi.\n* Remove hoe for test suite. Pull request #2160 by SHIBATA Hiroshi.\n* Cleanup deprecated tasks. Pull request #2162 by SHIBATA Hiroshi.\n* Drop to support Ruby < 2.2. Pull request #2182 by SHIBATA Hiroshi.\n* Cleanup deprecated style. Pull request #2193 by SHIBATA Hiroshi.\n* Remove CVEs from the rubygems repo. Pull request #2195 by Colby\n  Swandale.\n* Removed needless condition for old version of ruby. Pull request #2206\n  by SHIBATA Hiroshi.\n* Removed deprecated methods over the limit day. Pull request #2216 by\n  SHIBATA Hiroshi.\n* Remove syck support. Pull request #2222 by SHIBATA Hiroshi.\n* Removed needless condition for Encoding. Pull request #2223 by SHIBATA\n  Hiroshi.\n* Removed needless condition for String#force_encoding. Pull request #2225\n  by SHIBATA Hiroshi.\n* Removed needless OpenSSL patch for Ruby 1.8. Pull request #2243 by\n  SHIBATA Hiroshi.\n* Removed compatibility code for Ruby 1.9.2. Pull request #2244 by SHIBATA\n  Hiroshi.\n* Removed needless version condition for the old ruby. Pull request #2252\n  by SHIBATA Hiroshi.\n* Remove needless define/respond_to condition. Pull request #2255 by\n  SHIBATA Hiroshi.\n* Use File.realpath directlry in Gem::Package. Pull request #2284 by\n  SHIBATA Hiroshi.\n* Removed needless condition for old versions of Ruby. Pull request #2286\n  by SHIBATA Hiroshi.\n* Remove the --rdoc and --ri options from install/update. Pull request\n  #2354 by Colby Swandale.\n* Move authors assigner to required attributes section of\n  Gem::Specification. Pull request #2406 by Grey Baker.\n* Remove rubyforge_page functionality. Pull request #2436 by Nick\n  Schwaderer.\n* Drop ruby 1.8 support and use IO.popen. Pull request #2441 by Nobuyoshi\n  Nakada.\n* Drop ruby 2.2 support. Pull request #2487 by David Rodr\u00edguez.\n* Remove some old compatibility code. Pull request #2488 by David\n  Rodr\u00edguez.\n* Remove .document from src. Pull request #2489 by Colby Swandale.\n* Remove old version support. Pull request #2493 by Nobuyoshi Nakada.\n* [BudlerVersionFinder] set .filter! and .compatible? to match only on\n  major versions. Pull request #2515 by Colby Swandale.\n\nStyle changes:\n\n* Add Rubocop. Pull request #2250 by Colby Swandale.\n* Removed explicitly declaration of thread library. Pull request #2324 by\n  SHIBATA Hiroshi.\n* Remove Trailing whitespace with rubocop. Pull request #2394 by SHIBATA\n  Hiroshi.\n* Update rubocop and also use correct pessimistic version. Pull request\n  #2404 by Colby Swandale.\n* Enable more rubocop rules. Pull request #2435 by Ellen Marie Dash.\n* Fix and lock rubocop. Pull request #2465 by David Rodr\u00edguez.\n* Add a rubocop binstub. Pull request #2468 by David Rodr\u00edguez.\n* Restore the `rubocop` task. Pull request #2470 by David Rodr\u00edguez.\n* Remove trailing blank lines. Pull request #2471 by David Rodr\u00edguez.\n* Remove empty lines around method bodies. Pull request #2473 by David\n  Rodr\u00edguez.\n* Enable Style/MethodDefParentheses in Rubocop. Pull request #2478 by\n  Colby Swandale.\n* Enable Style/MultilineIfThen in Rubocop. Pull request #2479 by Luis\n  Sagastume.\n* Remove trailing 'then' from generated code. Pull request #2480 by Luis\n  Sagastume.\n\n\n------------------------------------------------------------------------------\n\nRubyGems installed the following executables:\n\t/home/travis/.rvm/rubies/jruby-9.2.7.0/bin/jgem\n\t/home/travis/.rvm/rubies/jruby-9.2.7.0/bin/jbundle\n\nRubyGems system software updated\ntravis_time:end:03d31fe5:start=1564691064098568754,finish=1564691089591472211,duration=25492903457\n\u001b[0Ktravis_fold:end:before_install.1\n\u001b[0Ktravis_fold:start:before_install.2\n\u001b[0Ktravis_time:start:000fd8c6\n\u001b[0K$ gem install bundler --no-document\n2019-08-01T20:24:52.633Z [main] WARN FilenoUtil : Native subprocess control requires open access to sun.nio.ch\nPass '--add-opens java.base/sun.nio.ch=org.jruby.dist' or '=org.jruby.core' to enable.\njava.lang.IllegalCallerException: sun.nio.ch is not open to module org.jruby.dist\n\tat java.base/java.lang.Module.addOpens(Module.java:763)\n\tat org.jruby.dist/com.headius.backport9.modules.impl.Module9.addOpens(Module9.java:28)\n\tat org.jruby.dist/com.headius.backport9.modules.Modules.addOpens(Modules.java:22)\n\tat org.jruby.dist/org.jruby.util.io.FilenoUtil$ReflectiveAccess.<clinit>(FilenoUtil.java:140)\n\tat org.jruby.dist/org.jruby.util.io.FilenoUtil.getFilenoUsingReflection(FilenoUtil.java:111)\n\tat org.jruby.dist/org.jruby.util.io.FilenoUtil.filenoFrom(FilenoUtil.java:107)\n\tat org.jruby.dist/org.jruby.util.io.ChannelFD.initFileno(ChannelFD.java:42)\n\tat org.jruby.dist/org.jruby.util.io.ChannelFD.<init>(ChannelFD.java:32)\n\tat org.jruby.dist/org.jruby.RubyIO.<init>(RubyIO.java:174)\n\tat org.jruby.dist/org.jruby.RubyFile.<init>(RubyFile.java:281)\n\tat org.jruby.dist/org.jruby.parser.Parser.parse(Parser.java:99)\n\tat org.jruby.dist/org.jruby.Ruby.parseFileAndGetAST(Ruby.java:2709)\n\tat org.jruby.dist/org.jruby.Ruby.parseFileFromMainAndGetAST(Ruby.java:2702)\n\tat org.jruby.dist/org.jruby.Ruby.parseFileFromMain(Ruby.java:2686)\n\tat org.jruby.dist/org.jruby.Ruby.parseFromMain(Ruby.java:642)\n\tat org.jruby.dist/org.jruby.Ruby.runFromMain(Ruby.java:588)\n\tat org.jruby.dist/org.jruby.Main.doRunFromMain(Main.java:415)\n\tat org.jruby.dist/org.jruby.Main.internalRun(Main.java:307)\n\tat org.jruby.dist/org.jruby.Main.run(Main.java:234)\n\tat org.jruby.dist/org.jruby.Main.main(Main.java:206)\nWARNING: An illegal reflective access operation has occurred\nWARNING: Illegal reflective access by org.jruby.ext.openssl.SecurityHelper (file:/home/travis/.rvm/rubies/jruby-9.2.7.0/lib/ruby/stdlib/jopenssl.jar) to constructor java.security.cert.CertificateFactory(java.security.cert.CertificateFactorySpi,java.security.Provider,java.lang.String)\nWARNING: Please consider reporting this to the maintainers of org.jruby.ext.openssl.SecurityHelper\nWARNING: Use --illegal-access=warn to enable warnings of further illegal reflective access operations\nWARNING: All illegal access operations will be denied in a future release\nSuccessfully installed bundler-2.0.2\n1 gem installed\ntravis_time:end:000fd8c6:start=1564691089663902452,finish=1564691099324718192,duration=9660815740\n\u001b[0Ktravis_fold:end:before_install.2\n\u001b[0Ktravis_fold:start:install.bundler\n\u001b[0Ktravis_time:start:07e03f15\n\u001b[0K$ bundle install --without benchmark:development --path=${BUNDLE_PATH:-vendor/bundle}\n2019-08-01T20:25:01.943Z [main] WARN FilenoUtil : Native subprocess control requires open access to sun.nio.ch\nPass '--add-opens java.base/sun.nio.ch=org.jruby.dist' or '=org.jruby.core' to enable.\njava.lang.IllegalCallerException: sun.nio.ch is not open to module org.jruby.dist\n\tat java.base/java.lang.Module.addOpens(Module.java:763)\n\tat org.jruby.dist/com.headius.backport9.modules.impl.Module9.addOpens(Module9.java:28)\n\tat org.jruby.dist/com.headius.backport9.modules.Modules.addOpens(Modules.java:22)\n\tat org.jruby.dist/org.jruby.util.io.FilenoUtil$ReflectiveAccess.<clinit>(FilenoUtil.java:140)\n\tat org.jruby.dist/org.jruby.util.io.FilenoUtil.getFilenoUsingReflection(FilenoUtil.java:111)\n\tat org.jruby.dist/org.jruby.util.io.FilenoUtil.filenoFrom(FilenoUtil.java:107)\n\tat org.jruby.dist/org.jruby.util.io.ChannelFD.initFileno(ChannelFD.java:42)\n\tat org.jruby.dist/org.jruby.util.io.ChannelFD.<init>(ChannelFD.java:32)\n\tat org.jruby.dist/org.jruby.RubyIO.<init>(RubyIO.java:174)\n\tat org.jruby.dist/org.jruby.RubyFile.<init>(RubyFile.java:281)\n\tat org.jruby.dist/org.jruby.parser.Parser.parse(Parser.java:99)\n\tat org.jruby.dist/org.jruby.Ruby.parseFileAndGetAST(Ruby.java:2709)\n\tat org.jruby.dist/org.jruby.Ruby.parseFileFromMainAndGetAST(Ruby.java:2702)\n\tat org.jruby.dist/org.jruby.Ruby.parseFileFromMain(Ruby.java:2686)\n\tat org.jruby.dist/org.jruby.Ruby.parseFromMain(Ruby.java:642)\n\tat org.jruby.dist/org.jruby.Ruby.runFromMain(Ruby.java:588)\n\tat org.jruby.dist/org.jruby.Main.doRunFromMain(Main.java:415)\n\tat org.jruby.dist/org.jruby.Main.internalRun(Main.java:307)\n\tat org.jruby.dist/org.jruby.Main.run(Main.java:234)\n\tat org.jruby.dist/org.jruby.Main.main(Main.java:206)\nWARNING: An illegal reflective access operation has occurred\nWARNING: Illegal reflective access by org.jruby.ext.openssl.SecurityHelper (file:/home/travis/.rvm/rubies/jruby-9.2.7.0/lib/ruby/stdlib/jopenssl.jar) to constructor java.security.cert.CertificateFactory(java.security.cert.CertificateFactorySpi,java.security.Provider,java.lang.String)\nWARNING: Please consider reporting this to the maintainers of org.jruby.ext.openssl.SecurityHelper\nWARNING: Use --illegal-access=warn to enable warnings of further illegal reflective access operations\nWARNING: All illegal access operations will be denied in a future release\nThe dependency classifier-reborn (~> 2.2) will be unused by any of the platforms Bundler is installing for. Bundler is installing for java but the dependency is only for ruby, x86-mswin32, x86-mingw32, x64-mingw32. To add those platforms to the bundle, run `bundle lock --add-platform ruby x86-mswin32 x86-mingw32 x64-mingw32`.\nThe dependency liquid-c (~> 4.0) will be unused by any of the platforms Bundler is installing for. Bundler is installing for java but the dependency is only for ruby, x86-mswin32, x86-mingw32, x64-mingw32. To add those platforms to the bundle, run `bundle lock --add-platform ruby x86-mswin32 x86-mingw32 x64-mingw32`.\nThe dependency yajl-ruby (~> 1.4) will be unused by any of the platforms Bundler is installing for. Bundler is installing for java but the dependency is only for ruby, x86-mswin32, x86-mingw32, x64-mingw32. To add those platforms to the bundle, run `bundle lock --add-platform ruby x86-mswin32 x86-mingw32 x64-mingw32`.\nFetching gem metadata from https://rubygems.org/..........\nFetching gem metadata from https://rubygems.org/.\nResolving dependencies...............\nUsing rake 12.3.3\nUsing concurrent-ruby 1.1.5\nUsing i18n 1.2.0\nUsing minitest 5.11.3\nUsing thread_safe 0.3.6 (java)\nUsing tzinfo 1.2.5\nUsing activesupport 5.2.3\nUsing public_suffix 3.1.1\nUsing addressable 2.6.0\nUsing ansi 1.5.0\nUsing ast 2.4.0\nUsing backports 3.15.0\nUsing builder 3.2.3\nUsing bundler 2.0.2\nUsing coderay 1.1.2\nUsing coffee-script-source 1.12.2\nUsing execjs 2.7.0\nUsing coffee-script 2.4.1\nUsing colorator 1.1.0\nUsing cucumber-tag_expressions 1.1.1\nUsing gherkin 5.1.0\nUsing cucumber-core 3.2.1\nUsing cucumber-expressions 6.0.1\nUsing cucumber-wire 0.0.1\nUsing diff-lcs 1.3\nUsing multi_json 1.13.1\nUsing multi_test 0.1.2\nUsing cucumber 3.1.2\nUsing docile 1.3.2\nUsing eventmachine 1.2.7 (java)\nUsing http_parser.rb 0.6.0 (java)\nUsing em-websocket 0.5.1\nUsing multipart-post 2.1.1\nUsing faraday 0.15.4\nUsing ffi 1.11.1 (java)\nUsing forwardable-extended 2.6.0\nUsing gemoji 3.0.1\nUsing nokogiri 1.10.3 (java)\nUsing html-pipeline 2.11.1\nUsing httpclient 2.8.3\nUsing jaro_winkler 1.5.3 (java)\nUsing rb-fsevent 0.10.3\nUsing rb-inotify 0.10.0\nUsing sass-listen 4.0.0\nUsing sass 3.7.4\nUsing jekyll-sass-converter 1.5.2\nUsing ruby_dep 1.5.0\nUsing listen 3.1.5\nUsing jekyll-watch 2.2.1\nUsing kramdown 2.1.0\nUsing kramdown-parser-gfm 1.1.0\nUsing liquid 4.0.3\nUsing mercenary 0.3.6\nUsing pathutil 0.16.2\nUsing rouge 3.7.0\nUsing safe_yaml 1.0.5\nUsing jekyll 4.0.0.pre.alpha1 from source at `.`\nUsing jekyll-avatar 0.6.0\nUsing jekyll-coffeescript 1.2.2\nUsing jekyll-feed 0.12.1\nUsing sawyer 0.8.2\nUsing octokit 4.14.0\nUsing jekyll-gist 1.5.0\nUsing jekyll-mentions 1.5.1\nUsing jekyll-paginate 1.1.0\nUsing jekyll-redirect-from 0.15.0\nUsing jekyll-seo-tag 2.6.1\nUsing jekyll-sitemap 1.3.1\nUsing jekyll_test_plugin 0.1.0\nUsing jekyll_test_plugin_malicious 0.2.0\nUsing jemoji 0.11.0\nUsing jruby-openssl 0.10.2 (java)\nUsing json 2.2.0 (java)\nUsing kramdown-syntax-coderay 1.0.1\nUsing memory_profiler 0.9.14\nUsing mime-types-data 3.2019.0331\nUsing mime-types 3.2.2\nUsing minitest-profile 0.0.2\nUsing ruby-progressbar 1.10.1\nUsing minitest-reporters 1.3.6\nUsing parallel 1.17.0\nUsing parser 2.6.3.0\nUsing rainbow 3.0.0\nUsing rdoc 6.1.1\nUsing rspec-support 3.8.2\nUsing rspec-core 3.8.2\nUsing rspec-expectations 3.8.4\nUsing rspec-mocks 3.8.1\nUsing rspec 3.8.0\nUsing unicode-display_width 1.6.0\nUsing rubocop 0.72.0\nUsing rubocop-performance 1.4.1\nUsing shoulda-context 1.2.2\nUsing shoulda-matchers 3.1.3\nUsing shoulda 3.6.0\nUsing simplecov-html 0.10.2\nUsing simplecov 0.17.0\nUsing test-dependency-theme 0.1.0 from source at `/home/travis/build/jekyll/jekyll/test/fixtures/test-dependency-theme`\nUsing test-theme 0.1.0 from source at `/home/travis/build/jekyll/jekyll/test/fixtures/test-theme`\nUsing test-theme-skinny 0.1.0 from source at `/home/travis/build/jekyll/jekyll/test/fixtures/test-theme-skinny`\nUsing test-theme-symlink 0.1.0 from source at `/home/travis/build/jekyll/jekyll/test/fixtures/test-theme-symlink`\nUsing tomlrb 1.2.8\nUsing tzinfo-data 1.2019.2\nBundle complete! 44 Gemfile dependencies, 103 gems now installed.\nGems in the groups benchmark and development were not installed.\nBundled gems are installed into `./vendor/bundle`\ntravis_time:end:07e03f15:start=1564691099330949143,finish=1564691121077055345,duration=21746106202\n\u001b[0Ktravis_fold:end:install.bundler\n\u001b[0K\ntravis_fold:start:before_script.1\n\u001b[0Ktravis_time:start:147bbf91\n\u001b[0K$ curl -L https://codeclimate.com/downloads/test-reporter/test-reporter-latest-linux-amd64 > ./cc-test-reporter\ntravis_time:end:147bbf91:start=1564691121083304175,finish=1564691122204556889,duration=1121252714\n\u001b[0Ktravis_fold:end:before_script.1\n\u001b[0Ktravis_fold:start:before_script.2\n\u001b[0Ktravis_time:start:033239a4\n\u001b[0K$ chmod +x ./cc-test-reporter\ntravis_time:end:033239a4:start=1564691122210658352,finish=1564691122216803776,duration=6145424\n\u001b[0Ktravis_fold:end:before_script.2\n\u001b[0Ktravis_fold:start:before_script.3\n\u001b[0Ktravis_time:start:1764016e\n\u001b[0K$ ./cc-test-reporter before-build\ntravis_time:end:1764016e:start=1564691122223218151,finish=1564691122231953522,duration=8735371\n\u001b[0Ktravis_fold:end:before_script.3\n\u001b[0Ktravis_time:start:3152611b\n\u001b[0K$ script/cibuild\n ---------------------------------------------------------- \n          _   ______   _  __ __     __  _        _          \n         | | |  ____| | |/ / \\ \\   / / | |      | |         \n         | | | |__    | ' /   \\ \\_/ /  | |      | |         \n     _   | | |  __|   |  <     \\   /   | |      | |         \n    | |__| | | |____  | . \\     | |    | |____  | |____     \n     \\____/  |______| |_|\\_\\    |_|    |______| |______|    \n                                                            \n ---------------------------------------------------------- \n+ruby -S bundle exec rake TESTOPTS=--profile test\n2019-08-01T20:25:24.744Z [main] WARN FilenoUtil : Native subprocess control requires open access to sun.nio.ch\nPass '--add-opens java.base/sun.nio.ch=org.jruby.dist' or '=org.jruby.core' to enable.\njava.lang.IllegalCallerException: sun.nio.ch is not open to module org.jruby.dist\n\tat java.base/java.lang.Module.addOpens(Module.java:763)\n\tat org.jruby.dist/com.headius.backport9.modules.impl.Module9.addOpens(Module9.java:28)\n\tat org.jruby.dist/com.headius.backport9.modules.Modules.addOpens(Modules.java:22)\n\tat org.jruby.dist/org.jruby.util.io.FilenoUtil$ReflectiveAccess.<clinit>(FilenoUtil.java:140)\n\tat org.jruby.dist/org.jruby.util.io.FilenoUtil.getFilenoUsingReflection(FilenoUtil.java:111)\n\tat org.jruby.dist/org.jruby.util.io.FilenoUtil.filenoFrom(FilenoUtil.java:107)\n\tat org.jruby.dist/org.jruby.util.io.ChannelFD.initFileno(ChannelFD.java:42)\n\tat org.jruby.dist/org.jruby.util.io.ChannelFD.<init>(ChannelFD.java:32)\n\tat org.jruby.dist/org.jruby.RubyIO.<init>(RubyIO.java:174)\n\tat org.jruby.dist/org.jruby.RubyFile.<init>(RubyFile.java:281)\n\tat org.jruby.dist/org.jruby.parser.Parser.parse(Parser.java:99)\n\tat org.jruby.dist/org.jruby.Ruby.parseFileAndGetAST(Ruby.java:2709)\n\tat org.jruby.dist/org.jruby.Ruby.parseFileFromMainAndGetAST(Ruby.java:2702)\n\tat org.jruby.dist/org.jruby.Ruby.parseFileFromMain(Ruby.java:2686)\n\tat org.jruby.dist/org.jruby.Ruby.parseFromMain(Ruby.java:642)\n\tat org.jruby.dist/org.jruby.Ruby.runFromMain(Ruby.java:588)\n\tat org.jruby.dist/org.jruby.Main.doRunFromMain(Main.java:415)\n\tat org.jruby.dist/org.jruby.Main.internalRun(Main.java:307)\n\tat org.jruby.dist/org.jruby.Main.run(Main.java:234)\n\tat org.jruby.dist/org.jruby.Main.main(Main.java:206)\n2019-08-01T20:25:30.918Z [main] WARN FilenoUtil : Native subprocess control requires open access to sun.nio.ch\nPass '--add-opens java.base/sun.nio.ch=org.jruby.dist' or '=org.jruby.core' to enable.\njava.lang.IllegalCallerException: sun.nio.ch is not open to module org.jruby.dist\n\tat java.base/java.lang.Module.addOpens(Module.java:763)\n\tat org.jruby.dist/com.headius.backport9.modules.impl.Module9.addOpens(Module9.java:28)\n\tat org.jruby.dist/com.headius.backport9.modules.Modules.addOpens(Modules.java:22)\n\tat org.jruby.dist/org.jruby.util.io.FilenoUtil$ReflectiveAccess.<clinit>(FilenoUtil.java:140)\n\tat org.jruby.dist/org.jruby.util.io.FilenoUtil.getFilenoUsingReflection(FilenoUtil.java:111)\n\tat org.jruby.dist/org.jruby.util.io.FilenoUtil.filenoFrom(FilenoUtil.java:107)\n\tat org.jruby.dist/org.jruby.util.io.ChannelFD.initFileno(ChannelFD.java:42)\n\tat org.jruby.dist/org.jruby.util.io.ChannelFD.<init>(ChannelFD.java:32)\n\tat org.jruby.dist/org.jruby.RubyIO.<init>(RubyIO.java:174)\n\tat org.jruby.dist/org.jruby.RubyFile.<init>(RubyFile.java:281)\n\tat org.jruby.dist/org.jruby.parser.Parser.parse(Parser.java:99)\n\tat org.jruby.dist/org.jruby.Ruby.parseFileAndGetAST(Ruby.java:2709)\n\tat org.jruby.dist/org.jruby.Ruby.parseFileFromMainAndGetAST(Ruby.java:2702)\n\tat org.jruby.dist/org.jruby.Ruby.parseFileFromMain(Ruby.java:2686)\n\tat org.jruby.dist/org.jruby.Ruby.parseFromMain(Ruby.java:642)\n\tat org.jruby.dist/org.jruby.Ruby.runFromMain(Ruby.java:588)\n\tat org.jruby.dist/org.jruby.Main.doRunFromMain(Main.java:415)\n\tat org.jruby.dist/org.jruby.Main.internalRun(Main.java:307)\n\tat org.jruby.dist/org.jruby.Main.run(Main.java:234)\n\tat org.jruby.dist/org.jruby.Main.main(Main.java:206)\n/home/travis/.rvm/rubies/jruby-9.2.7.0/bin/jruby -w -I\"lib:lib:test\" -I\"/home/travis/build/jekyll/jekyll/vendor/bundle/jruby/2.5.0/gems/rake-12.3.3/lib\" \"/home/travis/build/jekyll/jekyll/vendor/bundle/jruby/2.5.0/gems/rake-12.3.3/lib/rake/rake_test_loader.rb\" \"test/test_ansi.rb\" \"test/test_cleaner.rb\" \"test/test_coffeescript.rb\" \"test/test_collections.rb\" \"test/test_command.rb\" \"test/test_commands_serve.rb\" \"test/test_commands_serve_servlet.rb\" \"test/test_configuration.rb\" \"test/test_convertible.rb\" \"test/test_data_reader.rb\" \"test/test_doctor_command.rb\" \"test/test_document.rb\" \"test/test_drop.rb\" \"test/test_entry_filter.rb\" \"test/test_excerpt.rb\" \"test/test_excerpt_drop.rb\" \"test/test_filters.rb\" \"test/test_front_matter_defaults.rb\" \"test/test_generated_site.rb\" \"test/test_kramdown.rb\" \"test/test_layout_reader.rb\" \"test/test_liquid_extensions.rb\" \"test/test_liquid_renderer.rb\" \"test/test_log_adapter.rb\" \"test/test_new_command.rb\" \"test/test_page.rb\" \"test/test_page_without_a_file.rb\" \"test/test_path_sanitization.rb\" \"test/test_plugin_manager.rb\" \"test/test_post_reader.rb\" \"test/test_regenerator.rb\" \"test/test_related_posts.rb\" \"test/test_sass.rb\" \"test/test_site.rb\" \"test/test_site_drop.rb\" \"test/test_static_file.rb\" \"test/test_tags.rb\" \"test/test_theme.rb\" \"test/test_theme_assets_reader.rb\" \"test/test_url.rb\" \"test/test_utils.rb\" --profile\n/home/travis/.rvm/rubies/jruby-9.2.7.0/lib/ruby/stdlib/rubygems/text.rb:2: warning: loading in progress, circular require considered harmful - /home/travis/.rvm/rubies/jruby-9.2.7.0/lib/ruby/stdlib/rubygems.rb/home/travis/.rvm/rubies/jruby-9.2.7.0/lib/ruby/stdlib/rubygems/text.rb:2:in `require'\n/home/travis/.rvm/rubies/jruby-9.2.7.0/lib/ruby/stdlib/rubygems/text.rb:2:in `<main>'\n/home/travis/.rvm/rubies/jruby-9.2.7.0/lib/ruby/stdlib/rubygems/user_interaction.rb:1:in `require'\n/home/travis/.rvm/rubies/jruby-9.2.7.0/lib/ruby/stdlib/rubygems/user_interaction.rb:1:in `<main>'\n/home/travis/.rvm/rubies/jruby-9.2.7.0/lib/ruby/stdlib/rubygems/user_interaction.rb:10:in `require'\n/home/travis/.rvm/rubies/jruby-9.2.7.0/lib/ruby/stdlib/rubygems/user_interaction.rb:10:in `<main>'\n/home/travis/.rvm/rubies/jruby-9.2.7.0/lib/ruby/stdlib/rubygems/config_file.rb:1:in `<main>'\n/home/travis/.rvm/rubies/jruby-9.2.7.0/lib/ruby/stdlib/rubygems/config_file.rb:8:in `require'\n/home/travis/.rvm/rubies/jruby-9.2.7.0/lib/ruby/stdlib/rubygems/config_file.rb:8:in `<main>'\n/home/travis/.rvm/rubies/jruby-9.2.7.0/lib/ruby/stdlib/rubygems/defaults/jruby_native.rb:1:in `require'\n/home/travis/.rvm/rubies/jruby-9.2.7.0/lib/ruby/stdlib/rubygems/defaults/jruby_native.rb:1:in `<main>'\n/home/travis/.rvm/rubies/jruby-9.2.7.0/lib/ruby/stdlib/rubygems/defaults/jruby_native.rb:1:in `require'\n/home/travis/.rvm/rubies/jruby-9.2.7.0/lib/ruby/stdlib/rubygems/defaults/jruby_native.rb:1:in `<main>'\n/home/travis/.rvm/rubies/jruby-9.2.7.0/lib/ruby/stdlib/rubygems/defaults/jruby.rb:1:in `require'\n/home/travis/.rvm/rubies/jruby-9.2.7.0/lib/ruby/stdlib/rubygems/defaults/jruby.rb:1:in `<main>'\n/home/travis/.rvm/rubies/jruby-9.2.7.0/lib/ruby/stdlib/rubygems/defaults/jruby.rb:122:in `load'\n/home/travis/.rvm/rubies/jruby-9.2.7.0/lib/ruby/stdlib/rubygems/defaults/jruby.rb:122:in `<main>'\n\n2019-08-01T20:25:37.580Z [main] WARN FilenoUtil : Native subprocess control requires open access to sun.nio.ch\nPass '--add-opens java.base/sun.nio.ch=org.jruby.dist' or '=org.jruby.core' to enable.\njava.lang.IllegalCallerException: sun.nio.ch is not open to module org.jruby.dist\n\tat java.base/java.lang.Module.addOpens(Module.java:763)\n\tat org.jruby.dist/com.headius.backport9.modules.impl.Module9.addOpens(Module9.java:28)\n\tat org.jruby.dist/com.headius.backport9.modules.Modules.addOpens(Modules.java:22)\n\tat org.jruby.dist/org.jruby.util.io.FilenoUtil$ReflectiveAccess.<clinit>(FilenoUtil.java:140)\n\tat org.jruby.dist/org.jruby.util.io.FilenoUtil.getFilenoUsingReflection(FilenoUtil.java:111)\n\tat org.jruby.dist/org.jruby.util.io.FilenoUtil.filenoFrom(FilenoUtil.java:107)\n\tat org.jruby.dist/org.jruby.util.io.ChannelFD.initFileno(ChannelFD.java:42)\n\tat org.jruby.dist/org.jruby.util.io.ChannelFD.<init>(ChannelFD.java:32)\n\tat org.jruby.dist/org.jruby.RubyIO.<init>(RubyIO.java:174)\n\tat org.jruby.dist/org.jruby.RubyFile.<init>(RubyFile.java:281)\n\tat org.jruby.dist/org.jruby.parser.Parser.parse(Parser.java:99)\n\tat org.jruby.dist/org.jruby.Ruby.parseFileAndGetAST(Ruby.java:2709)\n\tat org.jruby.dist/org.jruby.Ruby.parseFileFromMainAndGetAST(Ruby.java:2702)\n\tat org.jruby.dist/org.jruby.Ruby.parseFileFromMain(Ruby.java:2686)\n\tat org.jruby.dist/org.jruby.Ruby.parseFromMain(Ruby.java:642)\n\tat org.jruby.dist/org.jruby.Ruby.runFromMain(Ruby.java:588)\n\tat org.jruby.dist/org.jruby.Main.doRunFromMain(Main.java:415)\n\tat org.jruby.dist/org.jruby.Main.internalRun(Main.java:307)\n\tat org.jruby.dist/org.jruby.Main.run(Main.java:234)\n\tat org.jruby.dist/org.jruby.Main.main(Main.java:206)\n# -------------------------------------------------------------\n# SPECS AND TESTS ARE RUNNING WITH WARNINGS OFF.\n# SEE: https://github.com/Shopify/liquid/issues/730\n# SEE: https://github.com/jekyll/jekyll/issues/4719\n# -------------------------------------------------------------\nWARNING: An illegal reflective access operation has occurred\nWARNING: Illegal reflective access by org.jruby.ext.openssl.SecurityHelper (file:/home/travis/.rvm/rubies/jruby-9.2.7.0/lib/ruby/gems/shared/gems/jruby-openssl-0.10.2-java/lib/jopenssl.jar) to constructor java.security.cert.CertificateFactory(java.security.cert.CertificateFactorySpi,java.security.Provider,java.lang.String)\nWARNING: Please consider reporting this to the maintainers of org.jruby.ext.openssl.SecurityHelper\nWARNING: Use --illegal-access=warn to enable warnings of further illegal reflective access operations\nWARNING: All illegal access operations will be denied in a future release\n\n# Running tests with run options --profile --seed 22702:\n\n.........................................................................................................................................................................................................................................................SSS.......................................................................................................................................................S..S.S....S...........................................................................................................................................................................................................................................................2019-08-01T20:28:55.414Z [main] WARN FilenoUtil : Native subprocess control requires open access to sun.nio.ch\nPass '--add-opens java.base/sun.nio.ch=org.jruby.dist' or '=org.jruby.core' to enable.\njava.lang.IllegalCallerException: sun.nio.ch is not open to module org.jruby.dist\n\tat java.base/java.lang.Module.addOpens(Module.java:763)\n\tat org.jruby.dist/com.headius.backport9.modules.impl.Module9.addOpens(Module9.java:28)\n\tat org.jruby.dist/com.headius.backport9.modules.Modules.addOpens(Modules.java:22)\n\tat org.jruby.dist/org.jruby.util.io.FilenoUtil$ReflectiveAccess.<clinit>(FilenoUtil.java:140)\n\tat org.jruby.dist/org.jruby.util.io.FilenoUtil.getFilenoUsingReflection(FilenoUtil.java:111)\n\tat org.jruby.dist/org.jruby.util.io.FilenoUtil.filenoFrom(FilenoUtil.java:107)\n\tat org.jruby.dist/org.jruby.util.io.ChannelFD.initFileno(ChannelFD.java:42)\n\tat org.jruby.dist/org.jruby.util.io.ChannelFD.<init>(ChannelFD.java:32)\n\tat org.jruby.dist/org.jruby.RubyIO.<init>(RubyIO.java:174)\n\tat org.jruby.dist/org.jruby.RubyFile.<init>(RubyFile.java:281)\n\tat org.jruby.dist/org.jruby.parser.Parser.parse(Parser.java:99)\n\tat org.jruby.dist/org.jruby.Ruby.parseFileAndGetAST(Ruby.java:2709)\n\tat org.jruby.dist/org.jruby.Ruby.parseFileFromMainAndGetAST(Ruby.java:2702)\n\tat org.jruby.dist/org.jruby.Ruby.parseFileFromMain(Ruby.java:2686)\n\tat org.jruby.dist/org.jruby.Ruby.parseFromMain(Ruby.java:642)\n\tat org.jruby.dist/org.jruby.Ruby.runFromMain(Ruby.java:588)\n\tat org.jruby.dist/org.jruby.Main.doRunFromMain(Main.java:415)\n\tat org.jruby.dist/org.jruby.Main.internalRun(Main.java:307)\n\tat org.jruby.dist/org.jruby.Main.run(Main.java:234)\n\tat org.jruby.dist/org.jruby.Main.main(Main.java:206)\nWARNING: An illegal reflective access operation has occurred\nWARNING: Illegal reflective access by org.jruby.ext.openssl.SecurityHelper (file:/home/travis/.rvm/rubies/jruby-9.2.7.0/lib/ruby/gems/shared/gems/jruby-openssl-0.10.2-java/lib/jopenssl.jar) to constructor java.security.cert.CertificateFactory(java.security.cert.CertificateFactorySpi,java.security.Provider,java.lang.String)\nWARNING: Please consider reporting this to the maintainers of org.jruby.ext.openssl.SecurityHelper\nWARNING: Use --illegal-access=warn to enable warnings of further illegal reflective access operations\nWARNING: All illegal access operations will be denied in a future release\nThe dependency classifier-reborn (~> 2.2) will be unused by any of the platforms Bundler is installing for. Bundler is installing for java but the dependency is only for ruby, x86-mswin32, x86-mingw32, x64-mingw32. To add those platforms to the bundle, run `bundle lock --add-platform ruby x86-mswin32 x86-mingw32 x64-mingw32`.\nThe dependency liquid-c (~> 4.0) will be unused by any of the platforms Bundler is installing for. Bundler is installing for java but the dependency is only for ruby, x86-mswin32, x86-mingw32, x64-mingw32. To add those platforms to the bundle, run `bundle lock --add-platform ruby x86-mswin32 x86-mingw32 x64-mingw32`.\nThe dependency yajl-ruby (~> 1.4) will be unused by any of the platforms Bundler is installing for. Bundler is installing for java but the dependency is only for ruby, x86-mswin32, x86-mingw32, x64-mingw32. To add those platforms to the bundle, run `bundle lock --add-platform ruby x86-mswin32 x86-mingw32 x64-mingw32`.\nUsing rake 12.3.3\nUsing concurrent-ruby 1.1.5\nUsing i18n 1.2.0\nUsing minitest 5.11.3\nUsing thread_safe 0.3.6 (java)\nUsing tzinfo 1.2.5\nUsing activesupport 5.2.3\nUsing public_suffix 3.1.1\nUsing addressable 2.6.0\nUsing ansi 1.5.0\nUsing ast 2.4.0\nUsing backports 3.15.0\nUsing builder 3.2.3\nUsing bundler 2.0.2\nUsing coderay 1.1.2\nUsing coffee-script-source 1.12.2\nUsing execjs 2.7.0\nUsing coffee-script 2.4.1\nUsing colorator 1.1.0\nUsing cucumber-tag_expressions 1.1.1\nUsing gherkin 5.1.0\nUsing cucumber-core 3.2.1\nUsing cucumber-expressions 6.0.1\nUsing cucumber-wire 0.0.1\nUsing diff-lcs 1.3\nUsing multi_json 1.13.1\nUsing multi_test 0.1.2\nUsing cucumber 3.1.2\nUsing docile 1.3.2\nUsing eventmachine 1.2.7 (java)\nUsing http_parser.rb 0.6.0 (java)\nUsing em-websocket 0.5.1\nUsing multipart-post 2.1.1\nUsing faraday 0.15.4\nUsing ffi 1.11.1 (java)\nUsing forwardable-extended 2.6.0\nUsing gemoji 3.0.1\nUsing nokogiri 1.10.3 (java)\nUsing html-pipeline 2.11.1\nUsing httpclient 2.8.3\nUsing jaro_winkler 1.5.3 (java)\nUsing rb-fsevent 0.10.3\nUsing rb-inotify 0.10.0\nUsing sass-listen 4.0.0\nUsing sass 3.7.4\nUsing jekyll-sass-converter 1.5.2\nUsing ruby_dep 1.5.0\nUsing listen 3.1.5\nUsing jekyll-watch 2.2.1\nUsing kramdown 2.1.0\nUsing kramdown-parser-gfm 1.1.0\nUsing liquid 4.0.3\nUsing mercenary 0.3.6\nUsing pathutil 0.16.2\nUsing rouge 3.7.0\nUsing safe_yaml 1.0.5\nUsing jekyll 4.0.0.pre.alpha1 from source at `.`\nUsing jekyll-avatar 0.6.0\nUsing jekyll-coffeescript 1.2.2\nUsing jekyll-feed 0.12.1\nUsing sawyer 0.8.2\nUsing octokit 4.14.0\nUsing jekyll-gist 1.5.0\nUsing jekyll-mentions 1.5.1\nUsing jekyll-paginate 1.1.0\nUsing jekyll-redirect-from 0.15.0\nUsing jekyll-seo-tag 2.6.1\nUsing jekyll-sitemap 1.3.1\nUsing jekyll_test_plugin 0.1.0\nUsing jekyll_test_plugin_malicious 0.2.0\nUsing jemoji 0.11.0\nUsing jruby-openssl 0.10.2 (java)\nUsing json 2.2.0 (java)\nUsing kramdown-syntax-coderay 1.0.1\nUsing memory_profiler 0.9.14\nUsing mime-types-data 3.2019.0331\nUsing mime-types 3.2.2\nUsing minitest-profile 0.0.2\nUsing ruby-progressbar 1.10.1\nUsing minitest-reporters 1.3.6\nUsing parallel 1.17.0\nUsing parser 2.6.3.0\nUsing rainbow 3.0.0\nUsing rdoc 6.1.1\nUsing rspec-support 3.8.2\nUsing rspec-core 3.8.2\nUsing rspec-expectations 3.8.4\nUsing rspec-mocks 3.8.1\nUsing rspec 3.8.0\nUsing unicode-display_width 1.6.0\nUsing rubocop 0.72.0\nUsing rubocop-performance 1.4.1\nUsing shoulda-context 1.2.2\nUsing shoulda-matchers 3.1.3\nUsing shoulda 3.6.0\nUsing simplecov-html 0.10.2\nUsing simplecov 0.17.0\nUsing test-dependency-theme 0.1.0 from source at `test/fixtures/test-dependency-theme`\nUsing test-theme 0.1.0 from source at `test/fixtures/test-theme`\nUsing test-theme-skinny 0.1.0 from source at `test/fixtures/test-theme-skinny`\nUsing test-theme-symlink 0.1.0 from source at `test/fixtures/test-theme-symlink`\nUsing tomlrb 1.2.8\nUsing tzinfo-data 1.2019.2\nBundle complete! 44 Gemfile dependencies, 103 gems now installed.\nGems in the groups benchmark and development were not installed.\nBundled gems are installed into `../vendor/bundle`\n.2019-08-01T20:29:03.956Z [main] WARN FilenoUtil : Native subprocess control requires open access to sun.nio.ch\nPass '--add-opens java.base/sun.nio.ch=org.jruby.dist' or '=org.jruby.core' to enable.\njava.lang.IllegalCallerException: sun.nio.ch is not open to module org.jruby.dist\n\tat java.base/java.lang.Module.addOpens(Module.java:763)\n\tat org.jruby.dist/com.headius.backport9.modules.impl.Module9.addOpens(Module9.java:28)\n\tat org.jruby.dist/com.headius.backport9.modules.Modules.addOpens(Modules.java:22)\n\tat org.jruby.dist/org.jruby.util.io.FilenoUtil$ReflectiveAccess.<clinit>(FilenoUtil.java:140)\n\tat org.jruby.dist/org.jruby.util.io.FilenoUtil.getFilenoUsingReflection(FilenoUtil.java:111)\n\tat org.jruby.dist/org.jruby.util.io.FilenoUtil.filenoFrom(FilenoUtil.java:107)\n\tat org.jruby.dist/org.jruby.util.io.ChannelFD.initFileno(ChannelFD.java:42)\n\tat org.jruby.dist/org.jruby.util.io.ChannelFD.<init>(ChannelFD.java:32)\n\tat org.jruby.dist/org.jruby.RubyIO.<init>(RubyIO.java:174)\n\tat org.jruby.dist/org.jruby.RubyFile.<init>(RubyFile.java:281)\n\tat org.jruby.dist/org.jruby.parser.Parser.parse(Parser.java:99)\n\tat org.jruby.dist/org.jruby.Ruby.parseFileAndGetAST(Ruby.java:2709)\n\tat org.jruby.dist/org.jruby.Ruby.parseFileFromMainAndGetAST(Ruby.java:2702)\n\tat org.jruby.dist/org.jruby.Ruby.parseFileFromMain(Ruby.java:2686)\n\tat org.jruby.dist/org.jruby.Ruby.parseFromMain(Ruby.java:642)\n\tat org.jruby.dist/org.jruby.Ruby.runFromMain(Ruby.java:588)\n\tat org.jruby.dist/org.jruby.Main.doRunFromMain(Main.java:415)\n\tat org.jruby.dist/org.jruby.Main.internalRun(Main.java:307)\n\tat org.jruby.dist/org.jruby.Main.run(Main.java:234)\n\tat org.jruby.dist/org.jruby.Main.main(Main.java:206)\nWARNING: An illegal reflective access operation has occurred\nWARNING: Illegal reflective access by org.jruby.ext.openssl.SecurityHelper (file:/home/travis/.rvm/rubies/jruby-9.2.7.0/lib/ruby/gems/shared/gems/jruby-openssl-0.10.2-java/lib/jopenssl.jar) to constructor java.security.cert.CertificateFactory(java.security.cert.CertificateFactorySpi,java.security.Provider,java.lang.String)\nWARNING: Please consider reporting this to the maintainers of org.jruby.ext.openssl.SecurityHelper\nWARNING: Use --illegal-access=warn to enable warnings of further illegal reflective access operations\nWARNING: All illegal access operations will be denied in a future release\nThe dependency classifier-reborn (~> 2.2) will be unused by any of the platforms Bundler is installing for. Bundler is installing for java but the dependency is only for ruby, x86-mswin32, x86-mingw32, x64-mingw32. To add those platforms to the bundle, run `bundle lock --add-platform ruby x86-mswin32 x86-mingw32 x64-mingw32`.\nThe dependency liquid-c (~> 4.0) will be unused by any of the platforms Bundler is installing for. Bundler is installing for java but the dependency is only for ruby, x86-mswin32, x86-mingw32, x64-mingw32. To add those platforms to the bundle, run `bundle lock --add-platform ruby x86-mswin32 x86-mingw32 x64-mingw32`.\nThe dependency yajl-ruby (~> 1.4) will be unused by any of the platforms Bundler is installing for. Bundler is installing for java but the dependency is only for ruby, x86-mswin32, x86-mingw32, x64-mingw32. To add those platforms to the bundle, run `bundle lock --add-platform ruby x86-mswin32 x86-mingw32 x64-mingw32`.\nUsing rake 12.3.3\nUsing concurrent-ruby 1.1.5\nUsing i18n 1.2.0\nUsing minitest 5.11.3\nUsing thread_safe 0.3.6 (java)\nUsing tzinfo 1.2.5\nUsing activesupport 5.2.3\nUsing public_suffix 3.1.1\nUsing addressable 2.6.0\nUsing ansi 1.5.0\nUsing ast 2.4.0\nUsing backports 3.15.0\nUsing builder 3.2.3\nUsing bundler 2.0.2\nUsing coderay 1.1.2\nUsing coffee-script-source 1.12.2\nUsing execjs 2.7.0\nUsing coffee-script 2.4.1\nUsing colorator 1.1.0\nUsing cucumber-tag_expressions 1.1.1\nUsing gherkin 5.1.0\nUsing cucumber-core 3.2.1\nUsing cucumber-expressions 6.0.1\nUsing cucumber-wire 0.0.1\nUsing diff-lcs 1.3\nUsing multi_json 1.13.1\nUsing multi_test 0.1.2\nUsing cucumber 3.1.2\nUsing docile 1.3.2\nUsing eventmachine 1.2.7 (java)\nUsing http_parser.rb 0.6.0 (java)\nUsing em-websocket 0.5.1\nUsing multipart-post 2.1.1\nUsing faraday 0.15.4\nUsing ffi 1.11.1 (java)\nUsing forwardable-extended 2.6.0\nUsing gemoji 3.0.1\nUsing nokogiri 1.10.3 (java)\nUsing html-pipeline 2.11.1\nUsing httpclient 2.8.3\nUsing jaro_winkler 1.5.3 (java)\nUsing rb-fsevent 0.10.3\nUsing rb-inotify 0.10.0\nUsing sass-listen 4.0.0\nUsing sass 3.7.4\nUsing jekyll-sass-converter 1.5.2\nUsing ruby_dep 1.5.0\nUsing listen 3.1.5\nUsing jekyll-watch 2.2.1\nUsing kramdown 2.1.0\nUsing kramdown-parser-gfm 1.1.0\nUsing liquid 4.0.3\nUsing mercenary 0.3.6\nUsing pathutil 0.16.2\nUsing rouge 3.7.0\nUsing safe_yaml 1.0.5\nUsing jekyll 4.0.0.pre.alpha1 from source at `.`\nUsing jekyll-avatar 0.6.0\nUsing jekyll-coffeescript 1.2.2\nUsing jekyll-feed 0.12.1\nUsing sawyer 0.8.2\nUsing octokit 4.14.0\nUsing jekyll-gist 1.5.0\nUsing jekyll-mentions 1.5.1\nUsing jekyll-paginate 1.1.0\nUsing jekyll-redirect-from 0.15.0\nUsing jekyll-seo-tag 2.6.1\nUsing jekyll-sitemap 1.3.1\nUsing jekyll_test_plugin 0.1.0\nUsing jekyll_test_plugin_malicious 0.2.0\nUsing jemoji 0.11.0\nUsing jruby-openssl 0.10.2 (java)\nUsing json 2.2.0 (java)\nUsing kramdown-syntax-coderay 1.0.1\nUsing memory_profiler 0.9.14\nUsing mime-types-data 3.2019.0331\nUsing mime-types 3.2.2\nUsing minitest-profile 0.0.2\nUsing ruby-progressbar 1.10.1\nUsing minitest-reporters 1.3.6\nUsing parallel 1.17.0\nUsing parser 2.6.3.0\nUsing rainbow 3.0.0\nUsing rdoc 6.1.1\nUsing rspec-support 3.8.2\nUsing rspec-core 3.8.2\nUsing rspec-expectations 3.8.4\nUsing rspec-mocks 3.8.1\nUsing rspec 3.8.0\nUsing unicode-display_width 1.6.0\nUsing rubocop 0.72.0\nUsing rubocop-performance 1.4.1\nUsing shoulda-context 1.2.2\nUsing shoulda-matchers 3.1.3\nUsing shoulda 3.6.0\nUsing simplecov-html 0.10.2\nUsing simplecov 0.17.0\nUsing test-dependency-theme 0.1.0 from source at `test/fixtures/test-dependency-theme`\nUsing test-theme 0.1.0 from source at `test/fixtures/test-theme`\nUsing test-theme-skinny 0.1.0 from source at `test/fixtures/test-theme-skinny`\nUsing test-theme-symlink 0.1.0 from source at `test/fixtures/test-theme-symlink`\nUsing tomlrb 1.2.8\nUsing tzinfo-data 1.2019.2\nBundle complete! 44 Gemfile dependencies, 103 gems now installed.\nGems in the groups benchmark and development were not installed.\nBundled gems are installed into `../vendor/bundle`\n.2019-08-01T20:29:12.359Z [main] WARN FilenoUtil : Native subprocess control requires open access to sun.nio.ch\nPass '--add-opens java.base/sun.nio.ch=org.jruby.dist' or '=org.jruby.core' to enable.\njava.lang.IllegalCallerException: sun.nio.ch is not open to module org.jruby.dist\n\tat java.base/java.lang.Module.addOpens(Module.java:763)\n\tat org.jruby.dist/com.headius.backport9.modules.impl.Module9.addOpens(Module9.java:28)\n\tat org.jruby.dist/com.headius.backport9.modules.Modules.addOpens(Modules.java:22)\n\tat org.jruby.dist/org.jruby.util.io.FilenoUtil$ReflectiveAccess.<clinit>(FilenoUtil.java:140)\n\tat org.jruby.dist/org.jruby.util.io.FilenoUtil.getFilenoUsingReflection(FilenoUtil.java:111)\n\tat org.jruby.dist/org.jruby.util.io.FilenoUtil.filenoFrom(FilenoUtil.java:107)\n\tat org.jruby.dist/org.jruby.util.io.ChannelFD.initFileno(ChannelFD.java:42)\n\tat org.jruby.dist/org.jruby.util.io.ChannelFD.<init>(ChannelFD.java:32)\n\tat org.jruby.dist/org.jruby.RubyIO.<init>(RubyIO.java:174)\n\tat org.jruby.dist/org.jruby.RubyFile.<init>(RubyFile.java:281)\n\tat org.jruby.dist/org.jruby.parser.Parser.parse(Parser.java:99)\n\tat org.jruby.dist/org.jruby.Ruby.parseFileAndGetAST(Ruby.java:2709)\n\tat org.jruby.dist/org.jruby.Ruby.parseFileFromMainAndGetAST(Ruby.java:2702)\n\tat org.jruby.dist/org.jruby.Ruby.parseFileFromMain(Ruby.java:2686)\n\tat org.jruby.dist/org.jruby.Ruby.parseFromMain(Ruby.java:642)\n\tat org.jruby.dist/org.jruby.Ruby.runFromMain(Ruby.java:588)\n\tat org.jruby.dist/org.jruby.Main.doRunFromMain(Main.java:415)\n\tat org.jruby.dist/org.jruby.Main.internalRun(Main.java:307)\n\tat org.jruby.dist/org.jruby.Main.run(Main.java:234)\n\tat org.jruby.dist/org.jruby.Main.main(Main.java:206)\nWARNING: An illegal reflective access operation has occurred\nWARNING: Illegal reflective access by org.jruby.ext.openssl.SecurityHelper (file:/home/travis/.rvm/rubies/jruby-9.2.7.0/lib/ruby/gems/shared/gems/jruby-openssl-0.10.2-java/lib/jopenssl.jar) to constructor java.security.cert.CertificateFactory(java.security.cert.CertificateFactorySpi,java.security.Provider,java.lang.String)\nWARNING: Please consider reporting this to the maintainers of org.jruby.ext.openssl.SecurityHelper\nWARNING: Use --illegal-access=warn to enable warnings of further illegal reflective access operations\nWARNING: All illegal access operations will be denied in a future release\nThe dependency classifier-reborn (~> 2.2) will be unused by any of the platforms Bundler is installing for. Bundler is installing for java but the dependency is only for ruby, x86-mswin32, x86-mingw32, x64-mingw32. To add those platforms to the bundle, run `bundle lock --add-platform ruby x86-mswin32 x86-mingw32 x64-mingw32`.\nThe dependency liquid-c (~> 4.0) will be unused by any of the platforms Bundler is installing for. Bundler is installing for java but the dependency is only for ruby, x86-mswin32, x86-mingw32, x64-mingw32. To add those platforms to the bundle, run `bundle lock --add-platform ruby x86-mswin32 x86-mingw32 x64-mingw32`.\nThe dependency yajl-ruby (~> 1.4) will be unused by any of the platforms Bundler is installing for. Bundler is installing for java but the dependency is only for ruby, x86-mswin32, x86-mingw32, x64-mingw32. To add those platforms to the bundle, run `bundle lock --add-platform ruby x86-mswin32 x86-mingw32 x64-mingw32`.\nUsing rake 12.3.3\nUsing concurrent-ruby 1.1.5\nUsing i18n 1.2.0\nUsing minitest 5.11.3\nUsing thread_safe 0.3.6 (java)\nUsing tzinfo 1.2.5\nUsing activesupport 5.2.3\nUsing public_suffix 3.1.1\nUsing addressable 2.6.0\nUsing ansi 1.5.0\nUsing ast 2.4.0\nUsing backports 3.15.0\nUsing builder 3.2.3\nUsing bundler 2.0.2\nUsing coderay 1.1.2\nUsing coffee-script-source 1.12.2\nUsing execjs 2.7.0\nUsing coffee-script 2.4.1\nUsing colorator 1.1.0\nUsing cucumber-tag_expressions 1.1.1\nUsing gherkin 5.1.0\nUsing cucumber-core 3.2.1\nUsing cucumber-expressions 6.0.1\nUsing cucumber-wire 0.0.1\nUsing diff-lcs 1.3\nUsing multi_json 1.13.1\nUsing multi_test 0.1.2\nUsing cucumber 3.1.2\nUsing docile 1.3.2\nUsing eventmachine 1.2.7 (java)\nUsing http_parser.rb 0.6.0 (java)\nUsing em-websocket 0.5.1\nUsing multipart-post 2.1.1\nUsing faraday 0.15.4\nUsing ffi 1.11.1 (java)\nUsing forwardable-extended 2.6.0\nUsing gemoji 3.0.1\nUsing nokogiri 1.10.3 (java)\nUsing html-pipeline 2.11.1\nUsing httpclient 2.8.3\nUsing jaro_winkler 1.5.3 (java)\nUsing rb-fsevent 0.10.3\nUsing rb-inotify 0.10.0\nUsing sass-listen 4.0.0\nUsing sass 3.7.4\nUsing jekyll-sass-converter 1.5.2\nUsing ruby_dep 1.5.0\nUsing listen 3.1.5\nUsing jekyll-watch 2.2.1\nUsing kramdown 2.1.0\nUsing kramdown-parser-gfm 1.1.0\nUsing liquid 4.0.3\nUsing mercenary 0.3.6\nUsing pathutil 0.16.2\nUsing rouge 3.7.0\nUsing safe_yaml 1.0.5\nUsing jekyll 4.0.0.pre.alpha1 from source at `.`\nUsing jekyll-avatar 0.6.0\nUsing jekyll-coffeescript 1.2.2\nUsing jekyll-feed 0.12.1\nUsing sawyer 0.8.2\nUsing octokit 4.14.0\nUsing jekyll-gist 1.5.0\nUsing jekyll-mentions 1.5.1\nUsing jekyll-paginate 1.1.0\nUsing jekyll-redirect-from 0.15.0\nUsing jekyll-seo-tag 2.6.1\nUsing jekyll-sitemap 1.3.1\nUsing jekyll_test_plugin 0.1.0\nUsing jekyll_test_plugin_malicious 0.2.0\nUsing jemoji 0.11.0\nUsing jruby-openssl 0.10.2 (java)\nUsing json 2.2.0 (java)\nUsing kramdown-syntax-coderay 1.0.1\nUsing memory_profiler 0.9.14\nUsing mime-types-data 3.2019.0331\nUsing mime-types 3.2.2\nUsing minitest-profile 0.0.2\nUsing ruby-progressbar 1.10.1\nUsing minitest-reporters 1.3.6\nUsing parallel 1.17.0\nUsing parser 2.6.3.0\nUsing rainbow 3.0.0\nUsing rdoc 6.1.1\nUsing rspec-support 3.8.2\nUsing rspec-core 3.8.2\nUsing rspec-expectations 3.8.4\nUsing rspec-mocks 3.8.1\nUsing rspec 3.8.0\nUsing unicode-display_width 1.6.0\nUsing rubocop 0.72.0\nUsing rubocop-performance 1.4.1\nUsing shoulda-context 1.2.2\nUsing shoulda-matchers 3.1.3\nUsing shoulda 3.6.0\nUsing simplecov-html 0.10.2\nUsing simplecov 0.17.0\nUsing test-dependency-theme 0.1.0 from source at `test/fixtures/test-dependency-theme`\nUsing test-theme 0.1.0 from source at `test/fixtures/test-theme`\nUsing test-theme-skinny 0.1.0 from source at `test/fixtures/test-theme-skinny`\nUsing test-theme-symlink 0.1.0 from source at `test/fixtures/test-theme-symlink`\nUsing tomlrb 1.2.8\nUsing tzinfo-data 1.2019.2\nBundle complete! 44 Gemfile dependencies, 103 gems now installed.\nGems in the groups benchmark and development were not installed.\nBundled gems are installed into `../vendor/bundle`\n.2019-08-01T20:29:20.188Z [main] WARN FilenoUtil : Native subprocess control requires open access to sun.nio.ch\nPass '--add-opens java.base/sun.nio.ch=org.jruby.dist' or '=org.jruby.core' to enable.\njava.lang.IllegalCallerException: sun.nio.ch is not open to module org.jruby.dist\n\tat java.base/java.lang.Module.addOpens(Module.java:763)\n\tat org.jruby.dist/com.headius.backport9.modules.impl.Module9.addOpens(Module9.java:28)\n\tat org.jruby.dist/com.headius.backport9.modules.Modules.addOpens(Modules.java:22)\n\tat org.jruby.dist/org.jruby.util.io.FilenoUtil$ReflectiveAccess.<clinit>(FilenoUtil.java:140)\n\tat org.jruby.dist/org.jruby.util.io.FilenoUtil.getFilenoUsingReflection(FilenoUtil.java:111)\n\tat org.jruby.dist/org.jruby.util.io.FilenoUtil.filenoFrom(FilenoUtil.java:107)\n\tat org.jruby.dist/org.jruby.util.io.ChannelFD.initFileno(ChannelFD.java:42)\n\tat org.jruby.dist/org.jruby.util.io.ChannelFD.<init>(ChannelFD.java:32)\n\tat org.jruby.dist/org.jruby.RubyIO.<init>(RubyIO.java:174)\n\tat org.jruby.dist/org.jruby.RubyFile.<init>(RubyFile.java:281)\n\tat org.jruby.dist/org.jruby.parser.Parser.parse(Parser.java:99)\n\tat org.jruby.dist/org.jruby.Ruby.parseFileAndGetAST(Ruby.java:2709)\n\tat org.jruby.dist/org.jruby.Ruby.parseFileFromMainAndGetAST(Ruby.java:2702)\n\tat org.jruby.dist/org.jruby.Ruby.parseFileFromMain(Ruby.java:2686)\n\tat org.jruby.dist/org.jruby.Ruby.parseFromMain(Ruby.java:642)\n\tat org.jruby.dist/org.jruby.Ruby.runFromMain(Ruby.java:588)\n\tat org.jruby.dist/org.jruby.Main.doRunFromMain(Main.java:415)\n\tat org.jruby.dist/org.jruby.Main.internalRun(Main.java:307)\n\tat org.jruby.dist/org.jruby.Main.run(Main.java:234)\n\tat org.jruby.dist/org.jruby.Main.main(Main.java:206)\nWARNING: An illegal reflective access operation has occurred\nWARNING: Illegal reflective access by org.jruby.ext.openssl.SecurityHelper (file:/home/travis/.rvm/rubies/jruby-9.2.7.0/lib/ruby/gems/shared/gems/jruby-openssl-0.10.2-java/lib/jopenssl.jar) to constructor java.security.cert.CertificateFactory(java.security.cert.CertificateFactorySpi,java.security.Provider,java.lang.String)\nWARNING: Please consider reporting this to the maintainers of org.jruby.ext.openssl.SecurityHelper\nWARNING: Use --illegal-access=warn to enable warnings of further illegal reflective access operations\nWARNING: All illegal access operations will be denied in a future release\nThe dependency classifier-reborn (~> 2.2) will be unused by any of the platforms Bundler is installing for. Bundler is installing for java but the dependency is only for ruby, x86-mswin32, x86-mingw32, x64-mingw32. To add those platforms to the bundle, run `bundle lock --add-platform ruby x86-mswin32 x86-mingw32 x64-mingw32`.\nThe dependency liquid-c (~> 4.0) will be unused by any of the platforms Bundler is installing for. Bundler is installing for java but the dependency is only for ruby, x86-mswin32, x86-mingw32, x64-mingw32. To add those platforms to the bundle, run `bundle lock --add-platform ruby x86-mswin32 x86-mingw32 x64-mingw32`.\nThe dependency yajl-ruby (~> 1.4) will be unused by any of the platforms Bundler is installing for. Bundler is installing for java but the dependency is only for ruby, x86-mswin32, x86-mingw32, x64-mingw32. To add those platforms to the bundle, run `bundle lock --add-platform ruby x86-mswin32 x86-mingw32 x64-mingw32`.\nUsing rake 12.3.3\nUsing concurrent-ruby 1.1.5\nUsing i18n 1.2.0\nUsing minitest 5.11.3\nUsing thread_safe 0.3.6 (java)\nUsing tzinfo 1.2.5\nUsing activesupport 5.2.3\nUsing public_suffix 3.1.1\nUsing addressable 2.6.0\nUsing ansi 1.5.0\nUsing ast 2.4.0\nUsing backports 3.15.0\nUsing builder 3.2.3\nUsing bundler 2.0.2\nUsing coderay 1.1.2\nUsing coffee-script-source 1.12.2\nUsing execjs 2.7.0\nUsing coffee-script 2.4.1\nUsing colorator 1.1.0\nUsing cucumber-tag_expressions 1.1.1\nUsing gherkin 5.1.0\nUsing cucumber-core 3.2.1\nUsing cucumber-expressions 6.0.1\nUsing cucumber-wire 0.0.1\nUsing diff-lcs 1.3\nUsing multi_json 1.13.1\nUsing multi_test 0.1.2\nUsing cucumber 3.1.2\nUsing docile 1.3.2\nUsing eventmachine 1.2.7 (java)\nUsing http_parser.rb 0.6.0 (java)\nUsing em-websocket 0.5.1\nUsing multipart-post 2.1.1\nUsing faraday 0.15.4\nUsing ffi 1.11.1 (java)\nUsing forwardable-extended 2.6.0\nUsing gemoji 3.0.1\nUsing nokogiri 1.10.3 (java)\nUsing html-pipeline 2.11.1\nUsing httpclient 2.8.3\nUsing jaro_winkler 1.5.3 (java)\nUsing rb-fsevent 0.10.3\nUsing rb-inotify 0.10.0\nUsing sass-listen 4.0.0\nUsing sass 3.7.4\nUsing jekyll-sass-converter 1.5.2\nUsing ruby_dep 1.5.0\nUsing listen 3.1.5\nUsing jekyll-watch 2.2.1\nUsing kramdown 2.1.0\nUsing kramdown-parser-gfm 1.1.0\nUsing liquid 4.0.3\nUsing mercenary 0.3.6\nUsing pathutil 0.16.2\nUsing rouge 3.7.0\nUsing safe_yaml 1.0.5\nUsing jekyll 4.0.0.pre.alpha1 from source at `.`\nUsing jekyll-avatar 0.6.0\nUsing jekyll-coffeescript 1.2.2\nUsing jekyll-feed 0.12.1\nUsing sawyer 0.8.2\nUsing octokit 4.14.0\nUsing jekyll-gist 1.5.0\nUsing jekyll-mentions 1.5.1\nUsing jekyll-paginate 1.1.0\nUsing jekyll-redirect-from 0.15.0\nUsing jekyll-seo-tag 2.6.1\nUsing jekyll-sitemap 1.3.1\nUsing jekyll_test_plugin 0.1.0\nUsing jekyll_test_plugin_malicious 0.2.0\nUsing jemoji 0.11.0\nUsing jruby-openssl 0.10.2 (java)\nUsing json 2.2.0 (java)\nUsing kramdown-syntax-coderay 1.0.1\nUsing memory_profiler 0.9.14\nUsing mime-types-data 3.2019.0331\nUsing mime-types 3.2.2\nUsing minitest-profile 0.0.2\nUsing ruby-progressbar 1.10.1\nUsing minitest-reporters 1.3.6\nUsing parallel 1.17.0\nUsing parser 2.6.3.0\nUsing rainbow 3.0.0\nUsing rdoc 6.1.1\nUsing rspec-support 3.8.2\nUsing rspec-core 3.8.2\nUsing rspec-expectations 3.8.4\nUsing rspec-mocks 3.8.1\nUsing rspec 3.8.0\nUsing unicode-display_width 1.6.0\nUsing rubocop 0.72.0\nUsing rubocop-performance 1.4.1\nUsing shoulda-context 1.2.2\nUsing shoulda-matchers 3.1.3\nUsing shoulda 3.6.0\nUsing simplecov-html 0.10.2\nUsing simplecov 0.17.0\nUsing test-dependency-theme 0.1.0 from source at `test/fixtures/test-dependency-theme`\nUsing test-theme 0.1.0 from source at `test/fixtures/test-theme`\nUsing test-theme-skinny 0.1.0 from source at `test/fixtures/test-theme-skinny`\nUsing test-theme-symlink 0.1.0 from source at `test/fixtures/test-theme-symlink`\nUsing tomlrb 1.2.8\nUsing tzinfo-data 1.2019.2\nBundle complete! 44 Gemfile dependencies, 103 gems now installed.\nGems in the groups benchmark and development were not installed.\nBundled gems are installed into `../vendor/bundle`\n..2019-08-01T20:29:28.058Z [main] WARN FilenoUtil : Native subprocess control requires open access to sun.nio.ch\nPass '--add-opens java.base/sun.nio.ch=org.jruby.dist' or '=org.jruby.core' to enable.\njava.lang.IllegalCallerException: sun.nio.ch is not open to module org.jruby.dist\n\tat java.base/java.lang.Module.addOpens(Module.java:763)\n\tat org.jruby.dist/com.headius.backport9.modules.impl.Module9.addOpens(Module9.java:28)\n\tat org.jruby.dist/com.headius.backport9.modules.Modules.addOpens(Modules.java:22)\n\tat org.jruby.dist/org.jruby.util.io.FilenoUtil$ReflectiveAccess.<clinit>(FilenoUtil.java:140)\n\tat org.jruby.dist/org.jruby.util.io.FilenoUtil.getFilenoUsingReflection(FilenoUtil.java:111)\n\tat org.jruby.dist/org.jruby.util.io.FilenoUtil.filenoFrom(FilenoUtil.java:107)\n\tat org.jruby.dist/org.jruby.util.io.ChannelFD.initFileno(ChannelFD.java:42)\n\tat org.jruby.dist/org.jruby.util.io.ChannelFD.<init>(ChannelFD.java:32)\n\tat org.jruby.dist/org.jruby.RubyIO.<init>(RubyIO.java:174)\n\tat org.jruby.dist/org.jruby.RubyFile.<init>(RubyFile.java:281)\n\tat org.jruby.dist/org.jruby.parser.Parser.parse(Parser.java:99)\n\tat org.jruby.dist/org.jruby.Ruby.parseFileAndGetAST(Ruby.java:2709)\n\tat org.jruby.dist/org.jruby.Ruby.parseFileFromMainAndGetAST(Ruby.java:2702)\n\tat org.jruby.dist/org.jruby.Ruby.parseFileFromMain(Ruby.java:2686)\n\tat org.jruby.dist/org.jruby.Ruby.parseFromMain(Ruby.java:642)\n\tat org.jruby.dist/org.jruby.Ruby.runFromMain(Ruby.java:588)\n\tat org.jruby.dist/org.jruby.Main.doRunFromMain(Main.java:415)\n\tat org.jruby.dist/org.jruby.Main.internalRun(Main.java:307)\n\tat org.jruby.dist/org.jruby.Main.run(Main.java:234)\n\tat org.jruby.dist/org.jruby.Main.main(Main.java:206)\nWARNING: An illegal reflective access operation has occurred\nWARNING: Illegal reflective access by org.jruby.ext.openssl.SecurityHelper (file:/home/travis/.rvm/rubies/jruby-9.2.7.0/lib/ruby/gems/shared/gems/jruby-openssl-0.10.2-java/lib/jopenssl.jar) to constructor java.security.cert.CertificateFactory(java.security.cert.CertificateFactorySpi,java.security.Provider,java.lang.String)\nWARNING: Please consider reporting this to the maintainers of org.jruby.ext.openssl.SecurityHelper\nWARNING: Use --illegal-access=warn to enable warnings of further illegal reflective access operations\nWARNING: All illegal access operations will be denied in a future release\nThe dependency classifier-reborn (~> 2.2) will be unused by any of the platforms Bundler is installing for. Bundler is installing for java but the dependency is only for ruby, x86-mswin32, x86-mingw32, x64-mingw32. To add those platforms to the bundle, run `bundle lock --add-platform ruby x86-mswin32 x86-mingw32 x64-mingw32`.\nThe dependency liquid-c (~> 4.0) will be unused by any of the platforms Bundler is installing for. Bundler is installing for java but the dependency is only for ruby, x86-mswin32, x86-mingw32, x64-mingw32. To add those platforms to the bundle, run `bundle lock --add-platform ruby x86-mswin32 x86-mingw32 x64-mingw32`.\nThe dependency yajl-ruby (~> 1.4) will be unused by any of the platforms Bundler is installing for. Bundler is installing for java but the dependency is only for ruby, x86-mswin32, x86-mingw32, x64-mingw32. To add those platforms to the bundle, run `bundle lock --add-platform ruby x86-mswin32 x86-mingw32 x64-mingw32`.\nUsing rake 12.3.3\nUsing concurrent-ruby 1.1.5\nUsing i18n 1.2.0\nUsing minitest 5.11.3\nUsing thread_safe 0.3.6 (java)\nUsing tzinfo 1.2.5\nUsing activesupport 5.2.3\nUsing public_suffix 3.1.1\nUsing addressable 2.6.0\nUsing ansi 1.5.0\nUsing ast 2.4.0\nUsing backports 3.15.0\nUsing builder 3.2.3\nUsing bundler 2.0.2\nUsing coderay 1.1.2\nUsing coffee-script-source 1.12.2\nUsing execjs 2.7.0\nUsing coffee-script 2.4.1\nUsing colorator 1.1.0\nUsing cucumber-tag_expressions 1.1.1\nUsing gherkin 5.1.0\nUsing cucumber-core 3.2.1\nUsing cucumber-expressions 6.0.1\nUsing cucumber-wire 0.0.1\nUsing diff-lcs 1.3\nUsing multi_json 1.13.1\nUsing multi_test 0.1.2\nUsing cucumber 3.1.2\nUsing docile 1.3.2\nUsing eventmachine 1.2.7 (java)\nUsing http_parser.rb 0.6.0 (java)\nUsing em-websocket 0.5.1\nUsing multipart-post 2.1.1\nUsing faraday 0.15.4\nUsing ffi 1.11.1 (java)\nUsing forwardable-extended 2.6.0\nUsing gemoji 3.0.1\nUsing nokogiri 1.10.3 (java)\nUsing html-pipeline 2.11.1\nUsing httpclient 2.8.3\nUsing jaro_winkler 1.5.3 (java)\nUsing rb-fsevent 0.10.3\nUsing rb-inotify 0.10.0\nUsing sass-listen 4.0.0\nUsing sass 3.7.4\nUsing jekyll-sass-converter 1.5.2\nUsing ruby_dep 1.5.0\nUsing listen 3.1.5\nUsing jekyll-watch 2.2.1\nUsing kramdown 2.1.0\nUsing kramdown-parser-gfm 1.1.0\nUsing liquid 4.0.3\nUsing mercenary 0.3.6\nUsing pathutil 0.16.2\nUsing rouge 3.7.0\nUsing safe_yaml 1.0.5\nUsing jekyll 4.0.0.pre.alpha1 from source at `.`\nUsing jekyll-avatar 0.6.0\nUsing jekyll-coffeescript 1.2.2\nUsing jekyll-feed 0.12.1\nUsing sawyer 0.8.2\nUsing octokit 4.14.0\nUsing jekyll-gist 1.5.0\nUsing jekyll-mentions 1.5.1\nUsing jekyll-paginate 1.1.0\nUsing jekyll-redirect-from 0.15.0\nUsing jekyll-seo-tag 2.6.1\nUsing jekyll-sitemap 1.3.1\nUsing jekyll_test_plugin 0.1.0\nUsing jekyll_test_plugin_malicious 0.2.0\nUsing jemoji 0.11.0\nUsing jruby-openssl 0.10.2 (java)\nUsing json 2.2.0 (java)\nUsing kramdown-syntax-coderay 1.0.1\nUsing memory_profiler 0.9.14\nUsing mime-types-data 3.2019.0331\nUsing mime-types 3.2.2\nUsing minitest-profile 0.0.2\nUsing ruby-progressbar 1.10.1\nUsing minitest-reporters 1.3.6\nUsing parallel 1.17.0\nUsing parser 2.6.3.0\nUsing rainbow 3.0.0\nUsing rdoc 6.1.1\nUsing rspec-support 3.8.2\nUsing rspec-core 3.8.2\nUsing rspec-expectations 3.8.4\nUsing rspec-mocks 3.8.1\nUsing rspec 3.8.0\nUsing unicode-display_width 1.6.0\nUsing rubocop 0.72.0\nUsing rubocop-performance 1.4.1\nUsing shoulda-context 1.2.2\nUsing shoulda-matchers 3.1.3\nUsing shoulda 3.6.0\nUsing simplecov-html 0.10.2\nUsing simplecov 0.17.0\nUsing test-dependency-theme 0.1.0 from source at `test/fixtures/test-dependency-theme`\nUsing test-theme 0.1.0 from source at `test/fixtures/test-theme`\nUsing test-theme-skinny 0.1.0 from source at `test/fixtures/test-theme-skinny`\nUsing test-theme-symlink 0.1.0 from source at `test/fixtures/test-theme-symlink`\nUsing tomlrb 1.2.8\nUsing tzinfo-data 1.2019.2\nBundle complete! 44 Gemfile dependencies, 103 gems now installed.\nGems in the groups benchmark and development were not installed.\nBundled gems are installed into `../vendor/bundle`\n2019-08-01T20:29:35.865Z [main] WARN FilenoUtil : Native subprocess control requires open access to sun.nio.ch\nPass '--add-opens java.base/sun.nio.ch=org.jruby.dist' or '=org.jruby.core' to enable.\njava.lang.IllegalCallerException: sun.nio.ch is not open to module org.jruby.dist\n\tat java.base/java.lang.Module.addOpens(Module.java:763)\n\tat org.jruby.dist/com.headius.backport9.modules.impl.Module9.addOpens(Module9.java:28)\n\tat org.jruby.dist/com.headius.backport9.modules.Modules.addOpens(Modules.java:22)\n\tat org.jruby.dist/org.jruby.util.io.FilenoUtil$ReflectiveAccess.<clinit>(FilenoUtil.java:140)\n\tat org.jruby.dist/org.jruby.util.io.FilenoUtil.getFilenoUsingReflection(FilenoUtil.java:111)\n\tat org.jruby.dist/org.jruby.util.io.FilenoUtil.filenoFrom(FilenoUtil.java:107)\n\tat org.jruby.dist/org.jruby.util.io.ChannelFD.initFileno(ChannelFD.java:42)\n\tat org.jruby.dist/org.jruby.util.io.ChannelFD.<init>(ChannelFD.java:32)\n\tat org.jruby.dist/org.jruby.RubyIO.<init>(RubyIO.java:174)\n\tat org.jruby.dist/org.jruby.RubyFile.<init>(RubyFile.java:281)\n\tat org.jruby.dist/org.jruby.parser.Parser.parse(Parser.java:99)\n\tat org.jruby.dist/org.jruby.Ruby.parseFileAndGetAST(Ruby.java:2709)\n\tat org.jruby.dist/org.jruby.Ruby.parseFileFromMainAndGetAST(Ruby.java:2702)\n\tat org.jruby.dist/org.jruby.Ruby.parseFileFromMain(Ruby.java:2686)\n\tat org.jruby.dist/org.jruby.Ruby.parseFromMain(Ruby.java:642)\n\tat org.jruby.dist/org.jruby.Ruby.runFromMain(Ruby.java:588)\n\tat org.jruby.dist/org.jruby.Main.doRunFromMain(Main.java:415)\n\tat org.jruby.dist/org.jruby.Main.internalRun(Main.java:307)\n\tat org.jruby.dist/org.jruby.Main.run(Main.java:234)\n\tat org.jruby.dist/org.jruby.Main.main(Main.java:206)\nWARNING: An illegal reflective access operation has occurred\nWARNING: Illegal reflective access by org.jruby.ext.openssl.SecurityHelper (file:/home/travis/.rvm/rubies/jruby-9.2.7.0/lib/ruby/gems/shared/gems/jruby-openssl-0.10.2-java/lib/jopenssl.jar) to constructor java.security.cert.CertificateFactory(java.security.cert.CertificateFactorySpi,java.security.Provider,java.lang.String)\nWARNING: Please consider reporting this to the maintainers of org.jruby.ext.openssl.SecurityHelper\nWARNING: Use --illegal-access=warn to enable warnings of further illegal reflective access operations\nWARNING: All illegal access operations will be denied in a future release\nThe dependency classifier-reborn (~> 2.2) will be unused by any of the platforms Bundler is installing for. Bundler is installing for java but the dependency is only for ruby, x86-mswin32, x86-mingw32, x64-mingw32. To add those platforms to the bundle, run `bundle lock --add-platform ruby x86-mswin32 x86-mingw32 x64-mingw32`.\nThe dependency liquid-c (~> 4.0) will be unused by any of the platforms Bundler is installing for. Bundler is installing for java but the dependency is only for ruby, x86-mswin32, x86-mingw32, x64-mingw32. To add those platforms to the bundle, run `bundle lock --add-platform ruby x86-mswin32 x86-mingw32 x64-mingw32`.\nThe dependency yajl-ruby (~> 1.4) will be unused by any of the platforms Bundler is installing for. Bundler is installing for java but the dependency is only for ruby, x86-mswin32, x86-mingw32, x64-mingw32. To add those platforms to the bundle, run `bundle lock --add-platform ruby x86-mswin32 x86-mingw32 x64-mingw32`.\nUsing rake 12.3.3\nUsing concurrent-ruby 1.1.5\nUsing i18n 1.2.0\nUsing minitest 5.11.3\nUsing thread_safe 0.3.6 (java)\nUsing tzinfo 1.2.5\nUsing activesupport 5.2.3\nUsing public_suffix 3.1.1\nUsing addressable 2.6.0\nUsing ansi 1.5.0\nUsing ast 2.4.0\nUsing backports 3.15.0\nUsing builder 3.2.3\nUsing bundler 2.0.2\nUsing coderay 1.1.2\nUsing coffee-script-source 1.12.2\nUsing execjs 2.7.0\nUsing coffee-script 2.4.1\nUsing colorator 1.1.0\nUsing cucumber-tag_expressions 1.1.1\nUsing gherkin 5.1.0\nUsing cucumber-core 3.2.1\nUsing cucumber-expressions 6.0.1\nUsing cucumber-wire 0.0.1\nUsing diff-lcs 1.3\nUsing multi_json 1.13.1\nUsing multi_test 0.1.2\nUsing cucumber 3.1.2\nUsing docile 1.3.2\nUsing eventmachine 1.2.7 (java)\nUsing http_parser.rb 0.6.0 (java)\nUsing em-websocket 0.5.1\nUsing multipart-post 2.1.1\nUsing faraday 0.15.4\nUsing ffi 1.11.1 (java)\nUsing forwardable-extended 2.6.0\nUsing gemoji 3.0.1\nUsing nokogiri 1.10.3 (java)\nUsing html-pipeline 2.11.1\nUsing httpclient 2.8.3\nUsing jaro_winkler 1.5.3 (java)\nUsing rb-fsevent 0.10.3\nUsing rb-inotify 0.10.0\nUsing sass-listen 4.0.0\nUsing sass 3.7.4\nUsing jekyll-sass-converter 1.5.2\nUsing ruby_dep 1.5.0\nUsing listen 3.1.5\nUsing jekyll-watch 2.2.1\nUsing kramdown 2.1.0\nUsing kramdown-parser-gfm 1.1.0\nUsing liquid 4.0.3\nUsing mercenary 0.3.6\nUsing pathutil 0.16.2\nUsing rouge 3.7.0\nUsing safe_yaml 1.0.5\nUsing jekyll 4.0.0.pre.alpha1 from source at `.`\nUsing jekyll-avatar 0.6.0\nUsing jekyll-coffeescript 1.2.2\nUsing jekyll-feed 0.12.1\nUsing sawyer 0.8.2\nUsing octokit 4.14.0\nUsing jekyll-gist 1.5.0\nUsing jekyll-mentions 1.5.1\nUsing jekyll-paginate 1.1.0\nUsing jekyll-redirect-from 0.15.0\nUsing jekyll-seo-tag 2.6.1\nUsing jekyll-sitemap 1.3.1\nUsing jekyll_test_plugin 0.1.0\nUsing jekyll_test_plugin_malicious 0.2.0\nUsing jemoji 0.11.0\nUsing jruby-openssl 0.10.2 (java)\nUsing json 2.2.0 (java)\nUsing kramdown-syntax-coderay 1.0.1\nUsing memory_profiler 0.9.14\nUsing mime-types-data 3.2019.0331\nUsing mime-types 3.2.2\nUsing minitest-profile 0.0.2\nUsing ruby-progressbar 1.10.1\nUsing minitest-reporters 1.3.6\nUsing parallel 1.17.0\nUsing parser 2.6.3.0\nUsing rainbow 3.0.0\nUsing rdoc 6.1.1\nUsing rspec-support 3.8.2\nUsing rspec-core 3.8.2\nUsing rspec-expectations 3.8.4\nUsing rspec-mocks 3.8.1\nUsing rspec 3.8.0\nUsing unicode-display_width 1.6.0\nUsing rubocop 0.72.0\nUsing rubocop-performance 1.4.1\nUsing shoulda-context 1.2.2\nUsing shoulda-matchers 3.1.3\nUsing shoulda 3.6.0\nUsing simplecov-html 0.10.2\nUsing simplecov 0.17.0\nUsing test-dependency-theme 0.1.0 from source at `test/fixtures/test-dependency-theme`\nUsing test-theme 0.1.0 from source at `test/fixtures/test-theme`\nUsing test-theme-skinny 0.1.0 from source at `test/fixtures/test-theme-skinny`\nUsing test-theme-symlink 0.1.0 from source at `test/fixtures/test-theme-symlink`\nUsing tomlrb 1.2.8\nUsing tzinfo-data 1.2019.2\nBundle complete! 44 Gemfile dependencies, 103 gems now installed.\nGems in the groups benchmark and development were not installed.\nBundled gems are installed into `../vendor/bundle`\n.2019-08-01T20:29:43.824Z [main] WARN FilenoUtil : Native subprocess control requires open access to sun.nio.ch\nPass '--add-opens java.base/sun.nio.ch=org.jruby.dist' or '=org.jruby.core' to enable.\njava.lang.IllegalCallerException: sun.nio.ch is not open to module org.jruby.dist\n\tat java.base/java.lang.Module.addOpens(Module.java:763)\n\tat org.jruby.dist/com.headius.backport9.modules.impl.Module9.addOpens(Module9.java:28)\n\tat org.jruby.dist/com.headius.backport9.modules.Modules.addOpens(Modules.java:22)\n\tat org.jruby.dist/org.jruby.util.io.FilenoUtil$ReflectiveAccess.<clinit>(FilenoUtil.java:140)\n\tat org.jruby.dist/org.jruby.util.io.FilenoUtil.getFilenoUsingReflection(FilenoUtil.java:111)\n\tat org.jruby.dist/org.jruby.util.io.FilenoUtil.filenoFrom(FilenoUtil.java:107)\n\tat org.jruby.dist/org.jruby.util.io.ChannelFD.initFileno(ChannelFD.java:42)\n\tat org.jruby.dist/org.jruby.util.io.ChannelFD.<init>(ChannelFD.java:32)\n\tat org.jruby.dist/org.jruby.RubyIO.<init>(RubyIO.java:174)\n\tat org.jruby.dist/org.jruby.RubyFile.<init>(RubyFile.java:281)\n\tat org.jruby.dist/org.jruby.parser.Parser.parse(Parser.java:99)\n\tat org.jruby.dist/org.jruby.Ruby.parseFileAndGetAST(Ruby.java:2709)\n\tat org.jruby.dist/org.jruby.Ruby.parseFileFromMainAndGetAST(Ruby.java:2702)\n\tat org.jruby.dist/org.jruby.Ruby.parseFileFromMain(Ruby.java:2686)\n\tat org.jruby.dist/org.jruby.Ruby.parseFromMain(Ruby.java:642)\n\tat org.jruby.dist/org.jruby.Ruby.runFromMain(Ruby.java:588)\n\tat org.jruby.dist/org.jruby.Main.doRunFromMain(Main.java:415)\n\tat org.jruby.dist/org.jruby.Main.internalRun(Main.java:307)\n\tat org.jruby.dist/org.jruby.Main.run(Main.java:234)\n\tat org.jruby.dist/org.jruby.Main.main(Main.java:206)\nWARNING: An illegal reflective access operation has occurred\nWARNING: Illegal reflective access by org.jruby.ext.openssl.SecurityHelper (file:/home/travis/.rvm/rubies/jruby-9.2.7.0/lib/ruby/gems/shared/gems/jruby-openssl-0.10.2-java/lib/jopenssl.jar) to constructor java.security.cert.CertificateFactory(java.security.cert.CertificateFactorySpi,java.security.Provider,java.lang.String)\nWARNING: Please consider reporting this to the maintainers of org.jruby.ext.openssl.SecurityHelper\nWARNING: Use --illegal-access=warn to enable warnings of further illegal reflective access operations\nWARNING: All illegal access operations will be denied in a future release\nThe dependency classifier-reborn (~> 2.2) will be unused by any of the platforms Bundler is installing for. Bundler is installing for java but the dependency is only for ruby, x86-mswin32, x86-mingw32, x64-mingw32. To add those platforms to the bundle, run `bundle lock --add-platform ruby x86-mswin32 x86-mingw32 x64-mingw32`.\nThe dependency liquid-c (~> 4.0) will be unused by any of the platforms Bundler is installing for. Bundler is installing for java but the dependency is only for ruby, x86-mswin32, x86-mingw32, x64-mingw32. To add those platforms to the bundle, run `bundle lock --add-platform ruby x86-mswin32 x86-mingw32 x64-mingw32`.\nThe dependency yajl-ruby (~> 1.4) will be unused by any of the platforms Bundler is installing for. Bundler is installing for java but the dependency is only for ruby, x86-mswin32, x86-mingw32, x64-mingw32. To add those platforms to the bundle, run `bundle lock --add-platform ruby x86-mswin32 x86-mingw32 x64-mingw32`.\nUsing rake 12.3.3\nUsing concurrent-ruby 1.1.5\nUsing i18n 1.2.0\nUsing minitest 5.11.3\nUsing thread_safe 0.3.6 (java)\nUsing tzinfo 1.2.5\nUsing activesupport 5.2.3\nUsing public_suffix 3.1.1\nUsing addressable 2.6.0\nUsing ansi 1.5.0\nUsing ast 2.4.0\nUsing backports 3.15.0\nUsing builder 3.2.3\nUsing bundler 2.0.2\nUsing coderay 1.1.2\nUsing coffee-script-source 1.12.2\nUsing execjs 2.7.0\nUsing coffee-script 2.4.1\nUsing colorator 1.1.0\nUsing cucumber-tag_expressions 1.1.1\nUsing gherkin 5.1.0\nUsing cucumber-core 3.2.1\nUsing cucumber-expressions 6.0.1\nUsing cucumber-wire 0.0.1\nUsing diff-lcs 1.3\nUsing multi_json 1.13.1\nUsing multi_test 0.1.2\nUsing cucumber 3.1.2\nUsing docile 1.3.2\nUsing eventmachine 1.2.7 (java)\nUsing http_parser.rb 0.6.0 (java)\nUsing em-websocket 0.5.1\nUsing multipart-post 2.1.1\nUsing faraday 0.15.4\nUsing ffi 1.11.1 (java)\nUsing forwardable-extended 2.6.0\nUsing gemoji 3.0.1\nUsing nokogiri 1.10.3 (java)\nUsing html-pipeline 2.11.1\nUsing httpclient 2.8.3\nUsing jaro_winkler 1.5.3 (java)\nUsing rb-fsevent 0.10.3\nUsing rb-inotify 0.10.0\nUsing sass-listen 4.0.0\nUsing sass 3.7.4\nUsing jekyll-sass-converter 1.5.2\nUsing ruby_dep 1.5.0\nUsing listen 3.1.5\nUsing jekyll-watch 2.2.1\nUsing kramdown 2.1.0\nUsing kramdown-parser-gfm 1.1.0\nUsing liquid 4.0.3\nUsing mercenary 0.3.6\nUsing pathutil 0.16.2\nUsing rouge 3.7.0\nUsing safe_yaml 1.0.5\nUsing jekyll 4.0.0.pre.alpha1 from source at `.`\nUsing jekyll-avatar 0.6.0\nUsing jekyll-coffeescript 1.2.2\nUsing jekyll-feed 0.12.1\nUsing sawyer 0.8.2\nUsing octokit 4.14.0\nUsing jekyll-gist 1.5.0\nUsing jekyll-mentions 1.5.1\nUsing jekyll-paginate 1.1.0\nUsing jekyll-redirect-from 0.15.0\nUsing jekyll-seo-tag 2.6.1\nUsing jekyll-sitemap 1.3.1\nUsing jekyll_test_plugin 0.1.0\nUsing jekyll_test_plugin_malicious 0.2.0\nUsing jemoji 0.11.0\nUsing jruby-openssl 0.10.2 (java)\nUsing json 2.2.0 (java)\nUsing kramdown-syntax-coderay 1.0.1\nUsing memory_profiler 0.9.14\nUsing mime-types-data 3.2019.0331\nUsing mime-types 3.2.2\nUsing minitest-profile 0.0.2\nUsing ruby-progressbar 1.10.1\nUsing minitest-reporters 1.3.6\nUsing parallel 1.17.0\nUsing parser 2.6.3.0\nUsing rainbow 3.0.0\nUsing rdoc 6.1.1\nUsing rspec-support 3.8.2\nUsing rspec-core 3.8.2\nUsing rspec-expectations 3.8.4\nUsing rspec-mocks 3.8.1\nUsing rspec 3.8.0\nUsing unicode-display_width 1.6.0\nUsing rubocop 0.72.0\nUsing rubocop-performance 1.4.1\nUsing shoulda-context 1.2.2\nUsing shoulda-matchers 3.1.3\nUsing shoulda 3.6.0\nUsing simplecov-html 0.10.2\nUsing simplecov 0.17.0\nUsing test-dependency-theme 0.1.0 from source at `test/fixtures/test-dependency-theme`\nUsing test-theme 0.1.0 from source at `test/fixtures/test-theme`\nUsing test-theme-skinny 0.1.0 from source at `test/fixtures/test-theme-skinny`\nUsing test-theme-symlink 0.1.0 from source at `test/fixtures/test-theme-symlink`\nUsing tomlrb 1.2.8\nUsing tzinfo-data 1.2019.2\nBundle complete! 44 Gemfile dependencies, 103 gems now installed.\nGems in the groups benchmark and development were not installed.\nBundled gems are installed into `../vendor/bundle`\n....2019-08-01T20:29:51.686Z [main] WARN FilenoUtil : Native subprocess control requires open access to sun.nio.ch\nPass '--add-opens java.base/sun.nio.ch=org.jruby.dist' or '=org.jruby.core' to enable.\njava.lang.IllegalCallerException: sun.nio.ch is not open to module org.jruby.dist\n\tat java.base/java.lang.Module.addOpens(Module.java:763)\n\tat org.jruby.dist/com.headius.backport9.modules.impl.Module9.addOpens(Module9.java:28)\n\tat org.jruby.dist/com.headius.backport9.modules.Modules.addOpens(Modules.java:22)\n\tat org.jruby.dist/org.jruby.util.io.FilenoUtil$ReflectiveAccess.<clinit>(FilenoUtil.java:140)\n\tat org.jruby.dist/org.jruby.util.io.FilenoUtil.getFilenoUsingReflection(FilenoUtil.java:111)\n\tat org.jruby.dist/org.jruby.util.io.FilenoUtil.filenoFrom(FilenoUtil.java:107)\n\tat org.jruby.dist/org.jruby.util.io.ChannelFD.initFileno(ChannelFD.java:42)\n\tat org.jruby.dist/org.jruby.util.io.ChannelFD.<init>(ChannelFD.java:32)\n\tat org.jruby.dist/org.jruby.RubyIO.<init>(RubyIO.java:174)\n\tat org.jruby.dist/org.jruby.RubyFile.<init>(RubyFile.java:281)\n\tat org.jruby.dist/org.jruby.parser.Parser.parse(Parser.java:99)\n\tat org.jruby.dist/org.jruby.Ruby.parseFileAndGetAST(Ruby.java:2709)\n\tat org.jruby.dist/org.jruby.Ruby.parseFileFromMainAndGetAST(Ruby.java:2702)\n\tat org.jruby.dist/org.jruby.Ruby.parseFileFromMain(Ruby.java:2686)\n\tat org.jruby.dist/org.jruby.Ruby.parseFromMain(Ruby.java:642)\n\tat org.jruby.dist/org.jruby.Ruby.runFromMain(Ruby.java:588)\n\tat org.jruby.dist/org.jruby.Main.doRunFromMain(Main.java:415)\n\tat org.jruby.dist/org.jruby.Main.internalRun(Main.java:307)\n\tat org.jruby.dist/org.jruby.Main.run(Main.java:234)\n\tat org.jruby.dist/org.jruby.Main.main(Main.java:206)\nWARNING: An illegal reflective access operation has occurred\nWARNING: Illegal reflective access by org.jruby.ext.openssl.SecurityHelper (file:/home/travis/.rvm/rubies/jruby-9.2.7.0/lib/ruby/gems/shared/gems/jruby-openssl-0.10.2-java/lib/jopenssl.jar) to constructor java.security.cert.CertificateFactory(java.security.cert.CertificateFactorySpi,java.security.Provider,java.lang.String)\nWARNING: Please consider reporting this to the maintainers of org.jruby.ext.openssl.SecurityHelper\nWARNING: Use --illegal-access=warn to enable warnings of further illegal reflective access operations\nWARNING: All illegal access operations will be denied in a future release\nThe dependency classifier-reborn (~> 2.2) will be unused by any of the platforms Bundler is installing for. Bundler is installing for java but the dependency is only for ruby, x86-mswin32, x86-mingw32, x64-mingw32. To add those platforms to the bundle, run `bundle lock --add-platform ruby x86-mswin32 x86-mingw32 x64-mingw32`.\nThe dependency liquid-c (~> 4.0) will be unused by any of the platforms Bundler is installing for. Bundler is installing for java but the dependency is only for ruby, x86-mswin32, x86-mingw32, x64-mingw32. To add those platforms to the bundle, run `bundle lock --add-platform ruby x86-mswin32 x86-mingw32 x64-mingw32`.\nThe dependency yajl-ruby (~> 1.4) will be unused by any of the platforms Bundler is installing for. Bundler is installing for java but the dependency is only for ruby, x86-mswin32, x86-mingw32, x64-mingw32. To add those platforms to the bundle, run `bundle lock --add-platform ruby x86-mswin32 x86-mingw32 x64-mingw32`.\nUsing rake 12.3.3\nUsing concurrent-ruby 1.1.5\nUsing i18n 1.2.0\nUsing minitest 5.11.3\nUsing thread_safe 0.3.6 (java)\nUsing tzinfo 1.2.5\nUsing activesupport 5.2.3\nUsing public_suffix 3.1.1\nUsing addressable 2.6.0\nUsing ansi 1.5.0\nUsing ast 2.4.0\nUsing backports 3.15.0\nUsing builder 3.2.3\nUsing bundler 2.0.2\nUsing coderay 1.1.2\nUsing coffee-script-source 1.12.2\nUsing execjs 2.7.0\nUsing coffee-script 2.4.1\nUsing colorator 1.1.0\nUsing cucumber-tag_expressions 1.1.1\nUsing gherkin 5.1.0\nUsing cucumber-core 3.2.1\nUsing cucumber-expressions 6.0.1\nUsing cucumber-wire 0.0.1\nUsing diff-lcs 1.3\nUsing multi_json 1.13.1\nUsing multi_test 0.1.2\nUsing cucumber 3.1.2\nUsing docile 1.3.2\nUsing eventmachine 1.2.7 (java)\nUsing http_parser.rb 0.6.0 (java)\nUsing em-websocket 0.5.1\nUsing multipart-post 2.1.1\nUsing faraday 0.15.4\nUsing ffi 1.11.1 (java)\nUsing forwardable-extended 2.6.0\nUsing gemoji 3.0.1\nUsing nokogiri 1.10.3 (java)\nUsing html-pipeline 2.11.1\nUsing httpclient 2.8.3\nUsing jaro_winkler 1.5.3 (java)\nUsing rb-fsevent 0.10.3\nUsing rb-inotify 0.10.0\nUsing sass-listen 4.0.0\nUsing sass 3.7.4\nUsing jekyll-sass-converter 1.5.2\nUsing ruby_dep 1.5.0\nUsing listen 3.1.5\nUsing jekyll-watch 2.2.1\nUsing kramdown 2.1.0\nUsing kramdown-parser-gfm 1.1.0\nUsing liquid 4.0.3\nUsing mercenary 0.3.6\nUsing pathutil 0.16.2\nUsing rouge 3.7.0\nUsing safe_yaml 1.0.5\nUsing jekyll 4.0.0.pre.alpha1 from source at `.`\nUsing jekyll-avatar 0.6.0\nUsing jekyll-coffeescript 1.2.2\nUsing jekyll-feed 0.12.1\nUsing sawyer 0.8.2\nUsing octokit 4.14.0\nUsing jekyll-gist 1.5.0\nUsing jekyll-mentions 1.5.1\nUsing jekyll-paginate 1.1.0\nUsing jekyll-redirect-from 0.15.0\nUsing jekyll-seo-tag 2.6.1\nUsing jekyll-sitemap 1.3.1\nUsing jekyll_test_plugin 0.1.0\nUsing jekyll_test_plugin_malicious 0.2.0\nUsing jemoji 0.11.0\nUsing jruby-openssl 0.10.2 (java)\nUsing json 2.2.0 (java)\nUsing kramdown-syntax-coderay 1.0.1\nUsing memory_profiler 0.9.14\nUsing mime-types-data 3.2019.0331\nUsing mime-types 3.2.2\nUsing minitest-profile 0.0.2\nUsing ruby-progressbar 1.10.1\nUsing minitest-reporters 1.3.6\nUsing parallel 1.17.0\nUsing parser 2.6.3.0\nUsing rainbow 3.0.0\nUsing rdoc 6.1.1\nUsing rspec-support 3.8.2\nUsing rspec-core 3.8.2\nUsing rspec-expectations 3.8.4\nUsing rspec-mocks 3.8.1\nUsing rspec 3.8.0\nUsing unicode-display_width 1.6.0\nUsing rubocop 0.72.0\nUsing rubocop-performance 1.4.1\nUsing shoulda-context 1.2.2\nUsing shoulda-matchers 3.1.3\nUsing shoulda 3.6.0\nUsing simplecov-html 0.10.2\nUsing simplecov 0.17.0\nUsing test-dependency-theme 0.1.0 from source at `test/fixtures/test-dependency-theme`\nUsing test-theme 0.1.0 from source at `test/fixtures/test-theme`\nUsing test-theme-skinny 0.1.0 from source at `test/fixtures/test-theme-skinny`\nUsing test-theme-symlink 0.1.0 from source at `test/fixtures/test-theme-symlink`\nUsing tomlrb 1.2.8\nUsing tzinfo-data 1.2019.2\nBundle complete! 44 Gemfile dependencies, 103 gems now installed.\nGems in the groups benchmark and development were not installed.\nBundled gems are installed into `../vendor/bundle`\n................F................................................................................................................................................................................\n\nFinished tests in 298.643787s, 2.9065 tests/s, 5.1566 assertions/s.\n\n\nSkipped:\nTestRelatedPosts#test_: building related posts with LSI should find related Jekyll::Post objects, given a Jekyll::Post object.  [/home/travis/build/jekyll/jekyll/test/test_related_posts.rb:26]:\nJRuby does not perform well with CExt, test disabled.\n\nSkipped:\nTestRelatedPosts#test_: building related posts with LSI should index Jekyll::Post objects.  [/home/travis/build/jekyll/jekyll/test/test_related_posts.rb:26]:\nJRuby does not perform well with CExt, test disabled.\n\nSkipped:\nTestRelatedPosts#test_: building related posts with LSI should use LSI for the related posts.  [/home/travis/build/jekyll/jekyll/test/test_related_posts.rb:26]:\nJRuby does not perform well with CExt, test disabled.\n\nSkipped:\nTestCommandsServe#test_: using LiveReload should serve livereload.js over HTTP on the default LiveReload port.  [/home/travis/build/jekyll/jekyll/test/test_commands_serve.rb:47]:\nRefinements are not fully supported in JRuby\n\nSkipped:\nTestCommandsServe#test_: using LiveReload should serve nothing else over HTTP on the default LiveReload port.  [/home/travis/build/jekyll/jekyll/test/test_commands_serve.rb:47]:\nRefinements are not fully supported in JRuby\n\nSkipped:\nTestCommandsServe#test_: using LiveReload should apply the max and min delay options.  [/home/travis/build/jekyll/jekyll/test/test_commands_serve.rb:47]:\nRefinements are not fully supported in JRuby\n\nSkipped:\nTestCommandsServe#test_: using LiveReload should insert the LiveReload script tags.  [/home/travis/build/jekyll/jekyll/test/test_commands_serve.rb:47]:\nRefinements are not fully supported in JRuby\n\nFailure:\nTestKramdown#test_: kramdown when a custom highlighter is chosen should use the chosen highlighter if it's available.  [/home/travis/build/jekyll/jekyll/test/test_kramdown.rb:106]\nMinitest::Assertion: Expected true to not be truthy.\n\n868 tests, 1540 assertions, 1 failures, 0 errors, 7 skips\n\n================================================================================\nYour 10 Slowest Tests\n================================================================================\n\n15.8382ms - TestNewCommand#test_: when args contains a path should force created folder. \n 8.8829ms - TestNewCommand#test_: when args contains a path should create a Gemfile. \n 8.2495ms - TestNewCommand#test_: when args contains a path should process any ERB files. \n 8.1023ms - TestNewCommand#test_: when args contains a path should create a new directory. \n 7.8766ms - TestNewCommand#test_: when args contains a path should copy the static files in site template to the new directory. \n 7.8596ms - TestNewCommand#test_: when multiple args are given should create a new directory. \n 7.7445ms - TestNewCommand#test_: when args contains a path should display a success message. \n 5.8509ms - TestSite#test_: creating sites should write static files if not modified but missing in destination. \n 5.8258ms - TestSite#test_: creating sites should write only modified static files. \n 4.6846ms - TestSite#test_: creating sites incremental build should build incrementally. \n\nCoverage report generated for Unit Tests to /home/travis/build/jekyll/jekyll/coverage. 0 / 8270 LOC (0.0%) covered.\nSimpleCov failed with exit 1rake aborted!\nCommand failed with status (1): [ruby -w -I\"lib:lib:test\" -I\"/home/travis/build/jekyll/jekyll/vendor/bundle/jruby/2.5.0/gems/rake-12.3.3/lib\" \"/home/travis/build/jekyll/jekyll/vendor/bundle/jruby/2.5.0/gems/rake-12.3.3/lib/rake/rake_test_loader.rb\" \"test/test_ansi.rb\" \"test/test_cleaner.rb\" \"test/test_coffeescript.rb\" \"test/test_collections.rb\" \"test/test_command.rb\" \"test/test_commands_serve.rb\" \"test/test_commands_serve_servlet.rb\" \"test/test_configuration.rb\" \"test/test_convertible.rb\" \"test/test_data_reader.rb\" \"test/test_doctor_command.rb\" \"test/test_document.rb\" \"test/test_drop.rb\" \"test/test_entry_filter.rb\" \"test/test_excerpt.rb\" \"test/test_excerpt_drop.rb\" \"test/test_filters.rb\" \"test/test_front_matter_defaults.rb\" \"test/test_generated_site.rb\" \"test/test_kramdown.rb\" \"test/test_layout_reader.rb\" \"test/test_liquid_extensions.rb\" \"test/test_liquid_renderer.rb\" \"test/test_log_adapter.rb\" \"test/test_new_command.rb\" \"test/test_page.rb\" \"test/test_page_without_a_file.rb\" \"test/test_path_sanitization.rb\" \"test/test_plugin_manager.rb\" \"test/test_post_reader.rb\" \"test/test_regenerator.rb\" \"test/test_related_posts.rb\" \"test/test_sass.rb\" \"test/test_site.rb\" \"test/test_site_drop.rb\" \"test/test_static_file.rb\" \"test/test_tags.rb\" \"test/test_theme.rb\" \"test/test_theme_assets_reader.rb\" \"test/test_url.rb\" \"test/test_utils.rb\" --profile]\n/home/travis/build/jekyll/jekyll/vendor/bundle/jruby/2.5.0/gems/rake-12.3.3/exe/rake:27:in `<main>'\n/home/travis/build/jekyll/jekyll/vendor/bundle/jruby/2.5.0/bin/jruby_executable_hooks:24:in `eval'\n/home/travis/build/jekyll/jekyll/vendor/bundle/jruby/2.5.0/bin/jruby_executable_hooks:24:in `<main>'\nTasks: TOP => test\n(See full trace by running task with --trace)\ntravis_time:end:3152611b:start=1564691122237204622,finish=1564691441958655746,duration=319721451124\n\u001b[0K\u001b[31;1mThe command \"script/cibuild\" exited with 1.\u001b[0m\n\ntravis_fold:start:cache.2\n\u001b[0Kstore build cache\n$ bundle clean\n2019-08-01T20:30:44.586Z [main] WARN FilenoUtil : Native subprocess control requires open access to sun.nio.ch\nPass '--add-opens java.base/sun.nio.ch=org.jruby.dist' or '=org.jruby.core' to enable.\njava.lang.IllegalCallerException: sun.nio.ch is not open to module org.jruby.dist\n\tat java.base/java.lang.Module.addOpens(Module.java:763)\n\tat org.jruby.dist/com.headius.backport9.modules.impl.Module9.addOpens(Module9.java:28)\n\tat org.jruby.dist/com.headius.backport9.modules.Modules.addOpens(Modules.java:22)\n\tat org.jruby.dist/org.jruby.util.io.FilenoUtil$ReflectiveAccess.<clinit>(FilenoUtil.java:140)\n\tat org.jruby.dist/org.jruby.util.io.FilenoUtil.getFilenoUsingReflection(FilenoUtil.java:111)\n\tat org.jruby.dist/org.jruby.util.io.FilenoUtil.filenoFrom(FilenoUtil.java:107)\n\tat org.jruby.dist/org.jruby.util.io.ChannelFD.initFileno(ChannelFD.java:42)\n\tat org.jruby.dist/org.jruby.util.io.ChannelFD.<init>(ChannelFD.java:32)\n\tat org.jruby.dist/org.jruby.RubyIO.<init>(RubyIO.java:174)\n\tat org.jruby.dist/org.jruby.RubyFile.<init>(RubyFile.java:281)\n\tat org.jruby.dist/org.jruby.parser.Parser.parse(Parser.java:99)\n\tat org.jruby.dist/org.jruby.Ruby.parseFileAndGetAST(Ruby.java:2709)\n\tat org.jruby.dist/org.jruby.Ruby.parseFileFromMainAndGetAST(Ruby.java:2702)\n\tat org.jruby.dist/org.jruby.Ruby.parseFileFromMain(Ruby.java:2686)\n\tat org.jruby.dist/org.jruby.Ruby.parseFromMain(Ruby.java:642)\n\tat org.jruby.dist/org.jruby.Ruby.runFromMain(Ruby.java:588)\n\tat org.jruby.dist/org.jruby.Main.doRunFromMain(Main.java:415)\n\tat org.jruby.dist/org.jruby.Main.internalRun(Main.java:307)\n\tat org.jruby.dist/org.jruby.Main.run(Main.java:234)\n\tat org.jruby.dist/org.jruby.Main.main(Main.java:206)\nThe dependency classifier-reborn (~> 2.2) will be unused by any of the platforms Bundler is installing for. Bundler is installing for java but the dependency is only for ruby, x86-mswin32, x86-mingw32, x64-mingw32. To add those platforms to the bundle, run `bundle lock --add-platform ruby x86-mswin32 x86-mingw32 x64-mingw32`.\nThe dependency liquid-c (~> 4.0) will be unused by any of the platforms Bundler is installing for. Bundler is installing for java but the dependency is only for ruby, x86-mswin32, x86-mingw32, x64-mingw32. To add those platforms to the bundle, run `bundle lock --add-platform ruby x86-mswin32 x86-mingw32 x64-mingw32`.\nThe dependency yajl-ruby (~> 1.4) will be unused by any of the platforms Bundler is installing for. Bundler is installing for java but the dependency is only for ruby, x86-mswin32, x86-mingw32, x64-mingw32. To add those platforms to the bundle, run `bundle lock --add-platform ruby x86-mswin32 x86-mingw32 x64-mingw32`.\ntravis_time:start:1c1f855f\n\u001b[0Ktravis_time:end:1c1f855f:start=1564691447812541010,finish=1564691447816797260,duration=4256250\n\u001b[0Ktravis_time:start:041a50f0\n\u001b[0K\u001b[32;1mnothing changed\u001b[0m\ntravis_time:end:041a50f0:start=1564691447824759591,finish=1564691449457105909,duration=1632346318\n\u001b[0Ktravis_fold:end:cache.2\n\u001b[0K\ntravis_fold:start:after_script\n\u001b[0Ktravis_time:start:056a5d4c\n\u001b[0K$ ./cc-test-reporter after-build --exit-code $TRAVIS_TEST_RESULT\nError: will not run after-build due to previous exit code of 1\nUsage:\n  cc-test-reporter after-build [flags]\n\nFlags:\n  -s, --batch-size int               batch size for source files (default 500)\n  -e, --coverage-endpoint string     endpoint to upload coverage information to (default \"https://api.codeclimate.com/v1/test_reports\")\n  -t, --coverage-input-type string   type of input source to use [clover, cobertura, coverage.py, excoveralls, gcov, gocov, jacoco, lcov, simplecov, xccov]\n      --exit-code int                exit code of the test run\n  -r, --id string                    reporter identifier (default \"[secure]\")\n      --insecure                     send coverage insecurely (without HTTPS)\n  -p, --prefix string                the root directory where the coverage analysis was performed (default \"/home/travis/build/jekyll/jekyll\")\n\nGlobal Flags:\n  -d, --debug   run in debug mode\n\ntravis_time:end:056a5d4c:start=1564691449466802095,finish=1564691449493735170,duration=26933075\n\u001b[0Ktravis_fold:end:after_script\n\u001b[0K\nDone. Your build exited with 1.\n"
}