{
  "log_path": "Rust/jwilm@alacritty/failed/564527447.log",
  "failure_chunk": "error[E0658]: `cfg(target_vendor)` is experimental and subject to change (see issue #29718)\n   --> C:\\Users\\travis\\.cargo\\registry\\src\\github.com-1ecc6299db9ec823\\backtrace-0.3.33\\src\\lib.rs:147:45\n    |\n147 | #[cfg(all(windows, feature = \"dbghelp\", not(target_vendor = \"uwp\")))]\n    |                                             ^^^^^^^^^^^^^^^^^^^^^\n\nerror[E0658]: `cfg(target_vendor)` is experimental and subject to change (see issue #29718)\n   --> C:\\Users\\travis\\.cargo\\registry\\src\\github.com-1ecc6299db9ec823\\backtrace-0.3.33\\src\\backtrace\\mod.rs:140:59\n    |\n140 |     } else if #[cfg(all(windows, feature = \"dbghelp\", not(target_vendor = \"uwp\")))] {\n    |                                                           ^^^^^^^^^^^^^^^^^^^^^\n\nerror[E0658]: `cfg(target_vendor)` is experimental and subject to change (see issue #29718)\n   --> C:\\Users\\travis\\.cargo\\registry\\src\\github.com-1ecc6299db9ec823\\backtrace-0.3.33\\src\\symbolize\\mod.rs:466:52\n    |\n466 |                         any(unix, all(windows, not(target_vendor = \"uwp\"), target_env = \"gnu\")),\n    |                                                    ^^^^^^^^^^^^^^^^^^^^^",
  "keywords": [
    "error",
    "",
    ""
  ],
  "category": "2",
  "full_log": "travis_fold:start:worker_info\n\u001b[0K\u001b[33;1mWorker information\u001b[0m\nhostname: 7f52b660-3c41-4e4f-a142-9a4a2dafa917@1.worker-org-859d75c9bb-8rdh9.gce-production-2\nversion: v6.2.1 https://github.com/travis-ci/worker/tree/4e3246c044eb4915c2378ffacd0b3d3ed0136bba\ninstance: travis-job-31b534e2-13f6-4064-8da9-088185ec5f98 travis-ci-onion-1803-containers-1542208204-ad01dca (via amqp)\nstartup: 7.115516556s\ntravis_fold:end:worker_info\n\u001b[0KSecret environment variables are not obfuscated on Windows, please refer to our documentation: https://docs.travis-ci.com/user/best-practices-security\u001b[0m\n\ntravis_fold:start:git.checkout\n\u001b[0Ktravis_time:start:1c516dc1\n\u001b[0K$ git clone --depth=1 https://github.com/jwilm/alacritty.git jwilm/alacritty\nCloning into 'jwilm/alacritty'...\ntravis_time:end:1c516dc1:start=1564280602886968600,finish=1564280607040292300,duration=4153323700\n\u001b[0K$ cd jwilm/alacritty\ntravis_time:start:1284a68b\n\u001b[0K$ git fetch origin +refs/pull/2681/merge:\ntravis_time:end:1284a68b:start=1564280607098447700,finish=1564280608145287500,duration=1046839800\n\u001b[0K$ git checkout -qf FETCH_HEAD\nFrom https://github.com/jwilm/alacritty\n * branch            refs/pull/2681/merge -> FETCH_HEAD\ntravis_fold:end:git.checkout\n\u001b[0K\ntravis_fold:start:rustup-install\n\u001b[0K\u001b[33;1mInstalling Rust\u001b[0m\ntravis_time:start:0b8b3bb2\n\u001b[0K$ curl -sSf https://build.travis-ci.org/files/rustup-init.sh | sh -s -- --default-toolchain=$TRAVIS_RUST_VERSION -y\ninfo: downloading installer\ninfo: syncing channel updates for '1.32.0-x86_64-pc-windows-msvc'\ninfo: latest update on 2019-01-17, rust version 1.32.0 (9fda7c223 2019-01-16)\ninfo: downloading component 'rustc'\ninfo: downloading component 'rust-std'\ninfo: downloading component 'cargo'\ninfo: downloading component 'rust-docs'\ninfo: installing component 'rustc'\ninfo: installing component 'rust-std'\ninfo: installing component 'cargo'\ninfo: installing component 'rust-docs'\nClosing 15083 deferred file handles\n\n  1.32.0 installed - rustc 1.32.0 (9fda7c223 2019-01-16)\n\n\nRust is installed now. Great!\n\nTo get started you need Cargo's bin directory (%USERPROFILE%\\.cargo\\bin) in \nyour PATH environment variable. Future applications will automatically have the\ncorrect environment, but you may need to restart your current shell.\ntravis_time:end:0b8b3bb2:start=1564280611242870400,finish=1564280759860352300,duration=148617481900\n\u001b[0K$ export PATH=${TRAVIS_HOME}/.cargo/bin:$PATH\ntravis_fold:end:rustup-install\n\u001b[0K$ rustc --version\nrustc 1.32.0 (9fda7c223 2019-01-16)\n$ rustup --version\nrustup 1.18.3 (435397f48 2019-05-22)\n$ cargo --version\ncargo 1.32.0 (8610973aa 2019-01-02)\n\ntravis_fold:start:install\n\u001b[0Ktravis_time:start:074a5e0b\n\u001b[0K$ ci/install.sh\ntravis_time:end:074a5e0b:start=1564280760282221100,finish=1564280760378139400,duration=95918300\n\u001b[0Ktravis_fold:end:install\n\u001b[0Ktravis_time:start:3246be1a\n\u001b[0K$ ci/script.sh\ninfo: default toolchain set to '1.32.0'\n    Updating crates.io index\n Downloading crates ...\n  Downloaded log v0.4.7\n  Downloaded libc v0.2.60\n  Downloaded rfind_url v0.4.0\n  Downloaded mio-anonymous-pipes v0.1.0\n  Downloaded mio-extras v2.0.5\n  Downloaded mio v0.6.19\n  Downloaded clipboard-win v2.2.0\n  Downloaded url v1.7.2\n  Downloaded foreign-types v0.4.0\n  Downloaded rustc_tools_util v0.2.0\n  Downloaded gl_generator v0.11.0\n  Downloaded embed-resource v1.2.1\n  Downloaded serde v1.0.97\n  Downloaded clap v2.33.0\n  Downloaded serde_yaml v0.8.9\n  Downloaded dirs v1.0.5\n  Downloaded fnv v1.0.6\n  Downloaded winapi v0.3.7\n  Downloaded base64 v0.10.1\n  Downloaded notify v4.0.12\n  Downloaded serde_derive v1.0.97\n  Downloaded miow v0.3.3\n  Downloaded bitflags v1.1.0\n  Downloaded widestring v0.4.0\n  Downloaded mio-named-pipes v0.1.6\n  Downloaded glutin v0.21.0\n  Downloaded dunce v1.0.0\n  Downloaded parking_lot v0.7.1\n  Downloaded terminfo v0.6.1\n  Downloaded unicode-width v0.1.5\n  Downloaded image v0.21.2\n  Downloaded zip v0.5.2\n  Downloaded euclid v0.19.9\n  Downloaded crossbeam-channel v0.3.9\n  Downloaded vte v0.3.3\n  Downloaded time v0.1.42\n  Downloaded static_assertions v0.3.3\n  Downloaded errno v0.2.4\n  Downloaded env_logger v0.6.2\n  Downloaded http_req v0.5.2\n  Downloaded winpty-sys v0.4.3\n  Downloaded dwrote v0.9.0\n  Downloaded named_pipe v0.3.0\n  Downloaded crossbeam-utils v0.6.6\n  Downloaded atty v0.2.13\n  Downloaded humantime v1.2.0\n  Downloaded regex v1.2.0\n  Downloaded miow v0.2.1\n  Downloaded socket2 v0.3.10\n  Downloaded phf v0.7.24\n  Downloaded nom v4.2.3\n  Downloaded walkdir v2.2.9\n  Downloaded libloading v0.5.2\n  Downloaded parking_lot_core v0.4.0\n  Downloaded lazycell v1.2.1\n  Downloaded scoped_threadpool v0.1.9\n  Downloaded num-iter v0.1.39\n  Downloaded syn v0.15.42\n  Downloaded lzw v0.10.0\n  Downloaded spsc-buffer v0.1.1\n  Downloaded cfg-if v0.1.9\n  Downloaded tempfile v3.1.0\n  Downloaded vswhom v0.1.0\n  Downloaded winit v0.19.1\n  Downloaded euclid_macros v0.1.0\n  Downloaded serde_json v1.0.40\n  Downloaded khronos_api v3.1.0\n  Downloaded vec_map v0.8.1\n  Downloaded kernel32-sys v0.2.2\n  Downloaded phf_codegen v0.7.24\n  Downloaded proc-macro2 v0.4.30\n  Downloaded utf8parse v0.1.1\n  Downloaded yaml-rust v0.4.3\n  Downloaded jpeg-decoder v0.1.15\n  Downloaded num-rational v0.2.2\n  Downloaded num-traits v0.2.8\n  Downloaded linked-hash-map v0.5.2\n  Downloaded podio v0.1.6\n  Downloaded unicase v2.4.0\n  Downloaded winreg v0.5.1\n  Downloaded foreign-types-macros v0.1.0\n  Downloaded idna v0.1.5\n  Downloaded xml-rs v0.8.0\n  Downloaded matches v0.1.8\n  Downloaded termcolor v1.0.5\n  Downloaded percent-encoding v1.0.1\n  Downloaded textwrap v0.11.0\n  Downloaded slab v0.4.2\n  Downloaded filetime v0.2.5\n  Downloaded foreign-types-shared v0.2.0\n  Downloaded lock_api v0.1.5\n  Downloaded quote v0.6.13\n  Downloaded byteorder v1.3.2\n  Downloaded glutin_egl_sys v0.1.3\n  Downloaded iovec v0.1.2\n  Downloaded glutin_wgl_sys v0.1.3\n  Downloaded png v0.14.1\n  Downloaded gif v0.10.2\n  Downloaded dtoa v0.4.4\n  Downloaded winapi v0.2.8\n  Downloaded bindgen v0.33.2\n  Downloaded cc v1.0.38\n  Downloaded crc32fast v1.2.0\n  Downloaded native-tls v0.2.3\n  Downloaded libflate v0.1.25\n  Downloaded strsim v0.8.0\n  Downloaded lazy_static v1.3.0\n  Downloaded net2 v0.2.33\n  Downloaded itoa v0.4.4\n  Downloaded utf8-ranges v1.0.3\n  Downloaded memchr v2.2.1\n  Downloaded quick-error v1.2.2\n  Downloaded phf_shared v0.7.24\n  Downloaded same-file v1.0.5\n  Downloaded winapi-util v0.1.2\n  Downloaded rustc_version v0.2.3\n  Downloaded inflate v0.4.5\n  Downloaded num-integer v0.1.41\n  Downloaded which v1.0.5\n  Downloaded env_logger v0.5.13\n  Downloaded deflate v0.7.20\n  Downloaded vswhom-sys v0.1.0\n  Downloaded unicode-normalization v0.1.8\n  Downloaded regex v0.2.11\n  Downloaded wincolor v1.0.1\n  Downloaded phf_generator v0.7.24\n  Downloaded owning_ref v0.4.0\n  Downloaded backtrace v0.3.33\n  Downloaded cexpr v0.2.3\n  Downloaded adler32 v1.0.3\n  Downloaded rand v0.7.0\n  Downloaded ws2_32-sys v0.2.1\n  Downloaded quote v0.3.15\n  Downloaded scopeguard v0.3.3\n  Downloaded color_quant v1.0.1\n  Downloaded unicode-xid v0.1.0\n  Downloaded clang-sys v0.22.0\n  Downloaded take_mut v0.2.2\n  Downloaded rle-decode-fast v1.0.1\n  Downloaded aho-corasick v0.7.4\n  Downloaded peeking_take_while v0.1.2\n  Downloaded schannel v0.1.15\n  Downloaded remove_dir_all v0.5.2\n  Downloaded unicode-bidi v0.3.4\n  Downloaded autocfg v0.1.5\n  Downloaded rayon v1.1.0\n  Downloaded rand v0.6.5\n  Downloaded winapi-build v0.1.1\n  Downloaded thread_local v0.3.6\n  Downloaded smallvec v0.6.10\n  Downloaded version_check v0.1.5\n  Downloaded regex-syntax v0.6.10\n  Downloaded ryu v1.0.0\n  Downloaded siphasher v0.2.3\n  Downloaded rand_os v0.1.3\n  Downloaded rand_xorshift v0.1.1\n  Downloaded rand_hc v0.1.0\n  Downloaded either v1.5.2\n  Downloaded rustc-demangle v0.1.15\n  Downloaded aho-corasick v0.6.10\n  Downloaded rand_chacha v0.2.1\n  Downloaded stable_deref_trait v1.1.1\n  Downloaded backtrace-sys v0.1.31\n  Downloaded rayon-core v1.5.0\n  Downloaded getrandom v0.1.6\n  Downloaded nom v3.2.1\n  Downloaded rand_isaac v0.1.1\n  Downloaded rand_core v0.5.0\n  Downloaded semver v0.9.0\n  Downloaded glob v0.2.11\n  Downloaded rand_pcg v0.1.2\n  Downloaded regex-syntax v0.5.6\n  Downloaded rand_core v0.4.0\n  Downloaded crossbeam-deque v0.6.3\n  Downloaded rand_chacha v0.1.1\n  Downloaded rand_jitter v0.1.4\n  Downloaded spin v0.5.0\n  Downloaded rand_core v0.3.1\n  Downloaded crossbeam-epoch v0.7.2\n  Downloaded num_cpus v1.10.1\n  Downloaded c2-chacha v0.2.2\n  Downloaded memchr v1.0.2\n  Downloaded crossbeam-queue v0.1.2\n  Downloaded semver-parser v0.7.0\n  Downloaded ucd-util v0.1.5\n  Downloaded arrayvec v0.4.11\n  Downloaded ppv-lite86 v0.2.5\n  Downloaded memoffset v0.5.1\n  Downloaded scopeguard v1.0.0\n  Downloaded nodrop v0.1.13\n  Downloaded bzip2 v0.3.3\n  Downloaded tiff v0.2.2\n  Downloaded bzip2-sys v0.1.7\n  Downloaded num-derive v0.2.5\n   Compiling semver-parser v0.7.0\n   Compiling arrayvec v0.4.11\n   Compiling spin v0.5.0\n   Compiling cfg-if v0.1.9\n   Compiling libc v0.2.60\n   Compiling nodrop v0.1.13\n   Compiling scopeguard v1.0.0\n   Compiling rayon-core v1.5.0\n   Compiling either v1.5.2\n   Compiling winapi v0.3.7\n   Compiling memchr v2.2.1\n   Compiling proc-macro2 v0.4.30\n   Compiling autocfg v0.1.5\n   Compiling rand_core v0.4.0\n   Compiling unicode-xid v0.1.0\n   Compiling log v0.4.7\n   Compiling bitflags v1.1.0\n   Compiling ucd-util v0.1.5\n   Compiling glob v0.2.11\n   Compiling unicode-width v0.1.5\n   Compiling syn v0.15.42\n   Compiling byteorder v1.3.2\n   Compiling version_check v0.1.5\n   Compiling utf8-ranges v1.0.3\n   Compiling khronos_api v3.1.0\n   Compiling regex v0.2.11\n   Compiling crc32fast v1.2.0\n   Compiling quick-error v1.2.2\n   Compiling ppv-lite86 v0.2.5\n   Compiling getrandom v0.1.6\n   Compiling bindgen v0.33.2\n   Compiling siphasher v0.2.3\n   Compiling native-tls v0.2.3\n   Compiling winapi-build v0.1.1\n   Compiling num-derive v0.2.5\n   Compiling strsim v0.8.0\n   Compiling vec_map v0.8.1\n   Compiling adler32 v1.0.3\n   Compiling peeking_take_while v0.1.2\n   Compiling take_mut v0.2.2\n   Compiling xml-rs v0.8.0\n   Compiling rle-decode-fast v1.0.1\n   Compiling quote v0.3.15\n   Compiling winapi v0.2.8\n   Compiling lzw v0.10.0\n   Compiling stable_deref_trait v1.1.1\n   Compiling serde v1.0.97\n   Compiling podio v0.1.6\n   Compiling color_quant v1.0.1\n   Compiling scoped_threadpool v0.1.9\n   Compiling matches v0.1.8\n   Compiling smallvec v0.6.10\n   Compiling rustc-demangle v0.1.15\n   Compiling scopeguard v0.3.3\n   Compiling slab v0.4.2\n   Compiling linked-hash-map v0.5.2\n   Compiling foreign-types-shared v0.2.0\n   Compiling ryu v1.0.0\n   Compiling percent-encoding v1.0.1\n   Compiling rustc_tools_util v0.2.0\n   Compiling utf8parse v0.1.1\n   Compiling spsc-buffer v0.1.1\n   Compiling fnv v1.0.6\n   Compiling lazycell v1.2.1\n   Compiling dtoa v0.4.4\n   Compiling widestring v0.4.0\n   Compiling dunce v1.0.0\n   Compiling static_assertions v0.3.3\n   Compiling itoa v0.4.4\n   Compiling rfind_url v0.4.0\n   Compiling semver v0.9.0\n   Compiling lazy_static v1.3.0\n   Compiling filetime v0.2.5\n   Compiling num-traits v0.2.8\n   Compiling rand_pcg v0.1.2\n   Compiling rand_chacha v0.1.1\n   Compiling num-integer v0.1.41\n   Compiling rand v0.6.5\n   Compiling num-iter v0.1.39\n   Compiling num-rational v0.2.2\n   Compiling rand_core v0.3.1\n   Compiling regex-syntax v0.6.10\n   Compiling regex-syntax v0.5.6\n   Compiling textwrap v0.11.0\n   Compiling clang-sys v0.22.0\n   Compiling unicase v2.4.0\n   Compiling nom v4.2.3\n   Compiling humantime v1.2.0\n   Compiling rand_core v0.5.0\n   Compiling phf_shared v0.7.24\n   Compiling kernel32-sys v0.2.2\n   Compiling ws2_32-sys v0.2.1\n   Compiling inflate v0.4.5\n   Compiling owning_ref v0.4.0\n   Compiling gif v0.10.2\n   Compiling unicode-bidi v0.3.4\n   Compiling unicode-normalization v0.1.8\n   Compiling yaml-rust v0.4.3\n   Compiling alacritty v0.3.3 (C:\\Users\\travis\\build\\jwilm\\alacritty\\alacritty)\n   Compiling vte v0.3.3\n   Compiling iovec v0.1.2\n   Compiling crossbeam-utils v0.6.6\n   Compiling thread_local v0.3.6\n   Compiling c2-chacha v0.2.2\n   Compiling rustc_version v0.2.3\n   Compiling rand_hc v0.1.0\n   Compiling rand_isaac v0.1.1\n   Compiling rand_xorshift v0.1.1\n   Compiling phf v0.7.24\n   Compiling lock_api v0.1.5\n   Compiling crossbeam-queue v0.1.2\n   Compiling crossbeam-channel v0.3.9\n   Compiling rand_chacha v0.2.1\n   Compiling memoffset v0.5.1\n   Compiling parking_lot_core v0.4.0\n   Compiling num_cpus v1.10.1\n   Compiling memchr v1.0.2\n   Compiling which v1.0.5\n   Compiling idna v0.1.5\n   Compiling winapi-util v0.1.2\n   Compiling rand_os v0.1.3\n   Compiling rand_jitter v0.1.4\n   Compiling atty v0.2.13\n   Compiling schannel v0.1.15\n   Compiling winreg v0.5.1\n   Compiling remove_dir_all v0.5.2\n   Compiling time v0.1.42\n   Compiling net2 v0.2.33\n   Compiling socket2 v0.3.10\n   Compiling clipboard-win v2.2.0\n   Compiling errno v0.2.4\n   Compiling dirs v1.0.5\n   Compiling aho-corasick v0.7.4\n   Compiling aho-corasick v0.6.10\n   Compiling quote v0.6.13\n   Compiling deflate v0.7.20\n   Compiling base64 v0.10.1\n   Compiling gl_generator v0.11.0\n   Compiling libflate v0.1.25\n   Compiling rand v0.7.0\n   Compiling nom v3.2.1\n   Compiling url v1.7.2\n   Compiling wincolor v1.0.1\n   Compiling same-file v1.0.5\n   Compiling serde_yaml v0.8.9\n   Compiling serde_json v1.0.40\n   Compiling clap v2.33.0\n   Compiling miow v0.3.3\n   Compiling copypasta v0.6.0 (C:\\Users\\travis\\build\\jwilm\\alacritty\\copypasta)\n   Compiling regex v1.2.0\n   Compiling named_pipe v0.3.0\n   Compiling miow v0.2.1\n   Compiling glutin_egl_sys v0.1.3\n   Compiling glutin_wgl_sys v0.1.3\n   Compiling alacritty_terminal v0.3.3 (C:\\Users\\travis\\build\\jwilm\\alacritty\\alacritty_terminal)\n   Compiling tempfile v3.1.0\n   Compiling cexpr v0.2.3\n   Compiling termcolor v1.0.5\n   Compiling walkdir v2.2.9\n   Compiling http_req v0.5.2\n   Compiling phf_generator v0.7.24\n   Compiling euclid_macros v0.1.0\n   Compiling serde_derive v1.0.97\n   Compiling foreign-types-macros v0.1.0\n   Compiling mio v0.6.19\n   Compiling crossbeam-epoch v0.7.2\n   Compiling env_logger v0.5.13\n   Compiling env_logger v0.6.2\n   Compiling notify v4.0.12\n   Compiling phf_codegen v0.7.24\n   Compiling png v0.14.1\n   Compiling parking_lot v0.7.1\n   Compiling euclid v0.19.9\n   Compiling tiff v0.2.2\n   Compiling foreign-types v0.4.0\n   Compiling mio-named-pipes v0.1.6\n   Compiling mio-extras v2.0.5\n   Compiling mio-anonymous-pipes v0.1.0\n   Compiling dwrote v0.9.0\n   Compiling crossbeam-deque v0.6.3\n   Compiling terminfo v0.6.1\n   Compiling font v0.1.0 (C:\\Users\\travis\\build\\jwilm\\alacritty\\font)\n   Compiling rayon v1.1.0\n   Compiling cc v1.0.38\n   Compiling jpeg-decoder v0.1.15\n   Compiling libloading v0.5.2\n   Compiling bzip2-sys v0.1.7\n   Compiling vswhom-sys v0.1.0\n   Compiling backtrace-sys v0.1.31\n   Compiling image v0.21.2\n   Compiling bzip2 v0.3.3\n   Compiling vswhom v0.1.0\n   Compiling backtrace v0.3.33\nerror[E0658]: `cfg(target_vendor)` is experimental and subject to change (see issue #29718)\n   --> C:\\Users\\travis\\.cargo\\registry\\src\\github.com-1ecc6299db9ec823\\backtrace-0.3.33\\src\\lib.rs:147:45\n    |\n147 | #[cfg(all(windows, feature = \"dbghelp\", not(target_vendor = \"uwp\")))]\n    |                                             ^^^^^^^^^^^^^^^^^^^^^\n\nerror[E0658]: `cfg(target_vendor)` is experimental and subject to change (see issue #29718)\n   --> C:\\Users\\travis\\.cargo\\registry\\src\\github.com-1ecc6299db9ec823\\backtrace-0.3.33\\src\\backtrace\\mod.rs:140:59\n    |\n140 |     } else if #[cfg(all(windows, feature = \"dbghelp\", not(target_vendor = \"uwp\")))] {\n    |                                                           ^^^^^^^^^^^^^^^^^^^^^\n\nerror[E0658]: `cfg(target_vendor)` is experimental and subject to change (see issue #29718)\n   --> C:\\Users\\travis\\.cargo\\registry\\src\\github.com-1ecc6299db9ec823\\backtrace-0.3.33\\src\\symbolize\\mod.rs:466:52\n    |\n466 |                         any(unix, all(windows, not(target_vendor = \"uwp\"), target_env = \"gnu\")),\n    |                                                    ^^^^^^^^^^^^^^^^^^^^^\n\n   Compiling zip v0.5.2\nerror: aborting due to 3 previous errors\n\nFor more information about this error, try `rustc --explain E0658`.\nerror: Could not compile `backtrace`.\nwarning: build failed, waiting for other jobs to finish...\ntravis_time:end:3246be1a:start=1564280760452877000,finish=1564281345029575300,duration=584576698300\n\u001b[0K\u001b[31;1mThe command \"ci/script.sh\" exited with 101.\u001b[0m\n\nerror: build failed\n\n\nDone. Your build exited with 1.\n"
}