{
  "log_path": "Scala/twitter@finagle/failed/566247562.log",
  "failure_chunk": "[info] - Should not increase dropped_request count when number of requests is less than limit *** FAILED ***\n[info]   9.0 was not greater than or equal to 10 (ConcurrencyEndToEndTest.scala:87)",
  "keywords": [
    "FAILED",
    "***",
    ""
  ],
  "category": "0",
  "full_log": "travis_fold:start:worker_info\n\u001b[0K\u001b[33;1mWorker information\u001b[0m\nhostname: d905fe46-31e3-445b-a87e-d119da75f07d@1.worker-org-5dcc948c89-h4btl.gce-production-2\nversion: v6.2.1 https://github.com/travis-ci/worker/tree/4e3246c044eb4915c2378ffacd0b3d3ed0136bba\ninstance: travis-job-1ecebd94-1494-4e46-922a-d3203ca4692d travis-ci-garnet-trusty-1512502259-986baf0 (via amqp)\nstartup: 6.409052582s\ntravis_fold:end:worker_info\n\u001b[0Ktravis_fold:start:system_info\n\u001b[0K\u001b[33;1mBuild system information\u001b[0m\nBuild language: scala\nBuild group: stable\nBuild dist: trusty\nBuild id: 566247562\nJob id: 566247567\nRuntime kernel version: 4.4.0-101-generic\ntravis-build version: 65949ed1e\n\u001b[34m\u001b[1mBuild image provisioning date and time\u001b[0m\nTue Dec  5 19:58:13 UTC 2017\n\u001b[34m\u001b[1mOperating System Details\u001b[0m\nDistributor ID:\tUbuntu\nDescription:\tUbuntu 14.04.5 LTS\nRelease:\t14.04\nCodename:\ttrusty\n\u001b[34m\u001b[1mCookbooks Version\u001b[0m\n7c2c6a6 https://github.com/travis-ci/travis-cookbooks/tree/7c2c6a6\n\u001b[34m\u001b[1mgit version\u001b[0m\ngit version 2.15.1\n\u001b[34m\u001b[1mbash version\u001b[0m\nGNU bash, version 4.3.11(1)-release (x86_64-pc-linux-gnu)\n\u001b[34m\u001b[1mgcc version\u001b[0m\ngcc (Ubuntu 4.8.4-2ubuntu1~14.04.3) 4.8.4\nCopyright (C) 2013 Free Software Foundation, Inc.\nThis is free software; see the source for copying conditions.  There is NO\nwarranty; not even for MERCHANTABILITY or FITNESS FOR A PARTICULAR PURPOSE.\n\n\u001b[34m\u001b[1mdocker version\u001b[0m\nClient:\n Version:      17.09.0-ce\n API version:  1.32\n Go version:   go1.8.3\n Git commit:   afdb6d4\n Built:        Tue Sep 26 22:42:38 2017\n OS/Arch:      linux/amd64\n\nServer:\n Version:      17.09.0-ce\n API version:  1.32 (minimum version 1.12)\n Go version:   go1.8.3\n Git commit:   afdb6d4\n Built:        Tue Sep 26 22:41:20 2017\n OS/Arch:      linux/amd64\n Experimental: false\n\u001b[34m\u001b[1mclang version\u001b[0m\nclang version 5.0.0 (tags/RELEASE_500/final)\nTarget: x86_64-unknown-linux-gnu\nThread model: posix\nInstalledDir: /usr/local/clang-5.0.0/bin\n\u001b[34m\u001b[1mjq version\u001b[0m\njq-1.5\n\u001b[34m\u001b[1mbats version\u001b[0m\nBats 0.4.0\n\u001b[34m\u001b[1mshellcheck version\u001b[0m\n0.4.6\n\u001b[34m\u001b[1mshfmt version\u001b[0m\nv2.0.0\n\u001b[34m\u001b[1mccache version\u001b[0m\nccache version 3.1.9\n\nCopyright (C) 2002-2007 Andrew Tridgell\nCopyright (C) 2009-2011 Joel Rosdahl\n\nThis program is free software; you can redistribute it and/or modify it under\nthe terms of the GNU General Public License as published by the Free Software\nFoundation; either version 3 of the License, or (at your option) any later\nversion.\n\u001b[34m\u001b[1mcmake version\u001b[0m\ncmake version 3.9.2\n\nCMake suite maintained and supported by Kitware (kitware.com/cmake).\n\u001b[34m\u001b[1mheroku version\u001b[0m\nheroku-cli/6.14.39-addc925 (linux-x64) node-v9.2.0\n\u001b[34m\u001b[1mimagemagick version\u001b[0m\nVersion: ImageMagick 6.7.7-10 2017-07-31 Q16 http://www.imagemagick.org\n\u001b[34m\u001b[1mmd5deep version\u001b[0m\n4.2\n\u001b[34m\u001b[1mmercurial version\u001b[0m\nMercurial Distributed SCM (version 4.2.2)\n(see https://mercurial-scm.org for more information)\n\nCopyright (C) 2005-2017 Matt Mackall and others\nThis is free software; see the source for copying conditions. There is NO\nwarranty; not even for MERCHANTABILITY or FITNESS FOR A PARTICULAR PURPOSE.\n\u001b[34m\u001b[1mmysql version\u001b[0m\nmysql  Ver 14.14 Distrib 5.6.33, for debian-linux-gnu (x86_64) using  EditLine wrapper\n\u001b[34m\u001b[1mopenssl version\u001b[0m\nOpenSSL 1.0.1f 6 Jan 2014\n\u001b[34m\u001b[1mpacker version\u001b[0m\nPacker v1.0.2\n\nYour version of Packer is out of date! The latest version\nis 1.1.2. You can update by downloading from www.packer.io\n\u001b[34m\u001b[1mpostgresql client version\u001b[0m\npsql (PostgreSQL) 9.6.6\n\u001b[34m\u001b[1mragel version\u001b[0m\nRagel State Machine Compiler version 6.8 Feb 2013\nCopyright (c) 2001-2009 by Adrian Thurston\n\u001b[34m\u001b[1msubversion version\u001b[0m\nsvn, version 1.8.8 (r1568071)\n   compiled Aug 10 2017, 17:20:39 on x86_64-pc-linux-gnu\n\nCopyright (C) 2013 The Apache Software Foundation.\nThis software consists of contributions made by many people;\nsee the NOTICE file for more information.\nSubversion is open source software, see http://subversion.apache.org/\n\nThe following repository access (RA) modules are available:\n\n* ra_svn : Module for accessing a repository using the svn network protocol.\n  - with Cyrus SASL authentication\n  - handles 'svn' scheme\n* ra_local : Module for accessing a repository on local disk.\n  - handles 'file' scheme\n* ra_serf : Module for accessing a repository via WebDAV protocol using serf.\n  - using serf 1.3.3\n  - handles 'http' scheme\n  - handles 'https' scheme\n\n\u001b[34m\u001b[1msudo version\u001b[0m\nSudo version 1.8.9p5\nConfigure options: --prefix=/usr -v --with-all-insults --with-pam --with-fqdn --with-logging=syslog --with-logfac=authpriv --with-env-editor --with-editor=/usr/bin/editor --with-timeout=15 --with-password-timeout=0 --with-passprompt=[sudo] password for %p:  --without-lecture --with-tty-tickets --disable-root-mailer --enable-admin-flag --with-sendmail=/usr/sbin/sendmail --with-timedir=/var/lib/sudo --mandir=/usr/share/man --libexecdir=/usr/lib/sudo --with-sssd --with-sssd-lib=/usr/lib/x86_64-linux-gnu --with-selinux\nSudoers policy plugin version 1.8.9p5\nSudoers file grammar version 43\n\nSudoers path: /etc/sudoers\nAuthentication methods: 'pam'\nSyslog facility if syslog is being used for logging: authpriv\nSyslog priority to use when user authenticates successfully: notice\nSyslog priority to use when user authenticates unsuccessfully: alert\nSend mail if the user is not in sudoers\nUse a separate timestamp for each user/tty combo\nLecture user the first time they run sudo\nRoot may run sudo\nAllow some information gathering to give useful error messages\nRequire fully-qualified hostnames in the sudoers file\nVisudo will honor the EDITOR environment variable\nSet the LOGNAME and USER environment variables\nLength at which to wrap log file lines (0 for no wrap): 80\nAuthentication timestamp timeout: 15.0 minutes\nPassword prompt timeout: 0.0 minutes\nNumber of tries to enter a password: 3\nUmask to use or 0777 to use user's: 022\nPath to mail program: /usr/sbin/sendmail\nFlags for mail program: -t\nAddress to send mail to: root\nSubject line for mail messages: *** SECURITY information for %h ***\nIncorrect password message: Sorry, try again.\nPath to authentication timestamp dir: /var/lib/sudo\nDefault password prompt: [sudo] password for %p: \nDefault user to run commands as: root\nValue to override user's $PATH with: /usr/local/sbin:/usr/local/bin:/usr/sbin:/usr/bin:/sbin:/bin:/snap/bin\nPath to the editor for use by visudo: /usr/bin/editor\nWhen to require a password for 'list' pseudocommand: any\nWhen to require a password for 'verify' pseudocommand: all\nFile descriptors >= 3 will be closed before executing a command\nEnvironment variables to check for sanity:\n\tTZ\n\tTERM\n\tLINGUAS\n\tLC_*\n\tLANGUAGE\n\tLANG\n\tCOLORTERM\nEnvironment variables to remove:\n\tRUBYOPT\n\tRUBYLIB\n\tPYTHONUSERBASE\n\tPYTHONINSPECT\n\tPYTHONPATH\n\tPYTHONHOME\n\tTMPPREFIX\n\tZDOTDIR\n\tREADNULLCMD\n\tNULLCMD\n\tFPATH\n\tPERL5DB\n\tPERL5OPT\n\tPERL5LIB\n\tPERLLIB\n\tPERLIO_DEBUG \n\tJAVA_TOOL_OPTIONS\n\tSHELLOPTS\n\tGLOBIGNORE\n\tPS4\n\tBASH_ENV\n\tENV\n\tTERMCAP\n\tTERMPATH\n\tTERMINFO_DIRS\n\tTERMINFO\n\t_RLD*\n\tLD_*\n\tPATH_LOCALE\n\tNLSPATH\n\tHOSTALIASES\n\tRES_OPTIONS\n\tLOCALDOMAIN\n\tCDPATH\n\tIFS\nEnvironment variables to preserve:\n\tJAVA_HOME\n\tTRAVIS\n\tCI\n\tDEBIAN_FRONTEND\n\tXAUTHORIZATION\n\tXAUTHORITY\n\tPS2\n\tPS1\n\tPATH\n\tLS_COLORS\n\tKRB5CCNAME\n\tHOSTNAME\n\tHOME\n\tDISPLAY\n\tCOLORS\nLocale to use while parsing sudoers: C\nDirectory in which to store input/output logs: /var/log/sudo-io\nFile in which to store the input/output log: %{seq}\nAdd an entry to the utmp/utmpx file when allocating a pty\nPAM service name to use\nPAM service name to use for login shells\nCreate a new PAM session for the command to run in\nMaximum I/O log sequence number: 0\n\nLocal IP address and netmask pairs:\n\t10.240.0.28/255.255.255.255\n\t172.17.0.1/255.255.0.0\n\nSudoers I/O plugin version 1.8.9p5\n\u001b[34m\u001b[1mgzip version\u001b[0m\ngzip 1.6\nCopyright (C) 2007, 2010, 2011 Free Software Foundation, Inc.\nCopyright (C) 1993 Jean-loup Gailly.\nThis is free software.  You may redistribute copies of it under the terms of\nthe GNU General Public License <http://www.gnu.org/licenses/gpl.html>.\nThere is NO WARRANTY, to the extent permitted by law.\n\nWritten by Jean-loup Gailly.\n\u001b[34m\u001b[1mzip version\u001b[0m\nCopyright (c) 1990-2008 Info-ZIP - Type 'zip \"-L\"' for software license.\nThis is Zip 3.0 (July 5th 2008), by Info-ZIP.\nCurrently maintained by E. Gordon.  Please send bug reports to\nthe authors using the web page at www.info-zip.org; see README for details.\n\nLatest sources and executables are at ftp://ftp.info-zip.org/pub/infozip,\nas of above date; see http://www.info-zip.org/ for other sites.\n\nCompiled with gcc 4.8.2 for Unix (Linux ELF) on Oct 21 2013.\n\nZip special compilation options:\n\tUSE_EF_UT_TIME       (store Universal Time)\n\tBZIP2_SUPPORT        (bzip2 library version 1.0.6, 6-Sept-2010)\n\t    bzip2 code and library copyright (c) Julian R Seward\n\t    (See the bzip2 license for terms of use)\n\tSYMLINK_SUPPORT      (symbolic links supported)\n\tLARGE_FILE_SUPPORT   (can read and write large files on file system)\n\tZIP64_SUPPORT        (use Zip64 to store large files in archives)\n\tUNICODE_SUPPORT      (store and read UTF-8 Unicode paths)\n\tSTORE_UNIX_UIDs_GIDs (store UID/GID sizes/values using new extra field)\n\tUIDGID_NOT_16BIT     (old Unix 16-bit UID/GID extra field not used)\n\t[encryption, version 2.91 of 05 Jan 2007] (modified for Zip 3)\n\nEncryption notice:\n\tThe encryption code of this program is not copyrighted and is\n\tput in the public domain.  It was originally written in Europe\n\tand, to the best of our knowledge, can be freely distributed\n\tin both source and object forms from any country, including\n\tthe USA under License Exception TSU of the U.S. Export\n\tAdministration Regulations (section 740.13(e)) of 6 June 2002.\n\nZip environment options:\n             ZIP:  [none]\n          ZIPOPT:  [none]\n\u001b[34m\u001b[1mvim version\u001b[0m\nVIM - Vi IMproved 7.4 (2013 Aug 10, compiled Nov 24 2016 16:43:18)\nIncluded patches: 1-52\nExtra patches: 8.0.0056\nModified by pkg-vim-maintainers@lists.alioth.debian.org\nCompiled by buildd@\nHuge version without GUI.  Features included (+) or not (-):\n+acl             +farsi           +mouse_netterm   +syntax\n+arabic          +file_in_path    +mouse_sgr       +tag_binary\n+autocmd         +find_in_path    -mouse_sysmouse  +tag_old_static\n-balloon_eval    +float           +mouse_urxvt     -tag_any_white\n-browse          +folding         +mouse_xterm     -tcl\n++builtin_terms  -footer          +multi_byte      +terminfo\n+byte_offset     +fork()          +multi_lang      +termresponse\n+cindent         +gettext         -mzscheme        +textobjects\n-clientserver    -hangul_input    +netbeans_intg   +title\n-clipboard       +iconv           +path_extra      -toolbar\n+cmdline_compl   +insert_expand   -perl            +user_commands\n+cmdline_hist    +jumplist        +persistent_undo +vertsplit\n+cmdline_info    +keymap          +postscript      +virtualedit\n+comments        +langmap         +printer         +visual\n+conceal         +libcall         +profile         +visualextra\n+cryptv          +linebreak       +python          +viminfo\n+cscope          +lispindent      -python3         +vreplace\n+cursorbind      +listcmds        +quickfix        +wildignore\n+cursorshape     +localmap        +reltime         +wildmenu\n+dialog_con      -lua             +rightleft       +windows\n+diff            +menu            -ruby            +writebackup\n+digraphs        +mksession       +scrollbind      -X11\n-dnd             +modify_fname    +signs           -xfontset\n-ebcdic          +mouse           +smartindent     -xim\n+emacs_tags      -mouseshape      -sniff           -xsmp\n+eval            +mouse_dec       +startuptime     -xterm_clipboard\n+ex_extra        +mouse_gpm       +statusline      -xterm_save\n+extra_search    -mouse_jsbterm   -sun_workshop    -xpm\n   system vimrc file: \"$VIM/vimrc\"\n     user vimrc file: \"$HOME/.vimrc\"\n 2nd user vimrc file: \"~/.vim/vimrc\"\n      user exrc file: \"$HOME/.exrc\"\n  fall-back for $VIM: \"/usr/share/vim\"\nCompilation: gcc -c -I. -Iproto -DHAVE_CONFIG_H     -g -O2 -fstack-protector --param=ssp-buffer-size=4 -Wformat -Werror=format-security -U_FORTIFY_SOURCE -D_FORTIFY_SOURCE=1      \nLinking: gcc   -Wl,-Bsymbolic-functions -Wl,-z,relro -Wl,--as-needed -o vim        -lm -ltinfo -lnsl  -lselinux  -lacl -lattr -lgpm -ldl    -L/usr/lib/python2.7/config-x86_64-linux-gnu -lpython2.7 -lpthread -ldl -lutil -lm -Xlinker -export-dynamic -Wl,-O1 -Wl,-Bsymbolic-functions      \n\u001b[34m\u001b[1miptables version\u001b[0m\niptables v1.4.21\n\u001b[34m\u001b[1mcurl version\u001b[0m\ncurl 7.35.0 (x86_64-pc-linux-gnu) libcurl/7.35.0 OpenSSL/1.0.1f zlib/1.2.8 libidn/1.28 librtmp/2.3\n\u001b[34m\u001b[1mwget version\u001b[0m\nGNU Wget 1.15 built on linux-gnu.\n\u001b[34m\u001b[1mrsync version\u001b[0m\nrsync  version 3.1.0  protocol version 31\n\u001b[34m\u001b[1mgimme version\u001b[0m\nv1.2.0\n\u001b[34m\u001b[1mnvm version\u001b[0m\n0.33.6\n\u001b[34m\u001b[1mperlbrew version\u001b[0m\n/home/travis/perl5/perlbrew/bin/perlbrew  - App::perlbrew/0.80\n\u001b[34m\u001b[1mphpenv version\u001b[0m\nrbenv 1.1.1-25-g6aa70b6\n\u001b[34m\u001b[1mrvm version\u001b[0m\nrvm 1.29.3 (latest) by Michal Papis, Piotr Kuczynski, Wayne E. Seguin [https://rvm.io]\n\u001b[34m\u001b[1mdefault ruby version\u001b[0m\nruby 2.4.1p111 (2017-03-22 revision 58053) [x86_64-linux]\n\u001b[34m\u001b[1mCouchDB version\u001b[0m\ncouchdb 1.6.1\n\u001b[34m\u001b[1mElasticSearch version\u001b[0m\n5.5.0\n\u001b[34m\u001b[1mInstalled Firefox version\u001b[0m\nfirefox 56.0.2\n\u001b[34m\u001b[1mMongoDB version\u001b[0m\nMongoDB 3.4.10\n\u001b[34m\u001b[1mPhantomJS version\u001b[0m\n2.1.1\n\u001b[34m\u001b[1mPre-installed PostgreSQL versions\u001b[0m\n9.2.24\n9.3.20\n9.4.15\n9.5.10\n9.6.6\n\u001b[34m\u001b[1mRabbitMQ Version\u001b[0m\n3.6.14\n\u001b[34m\u001b[1mRedis version\u001b[0m\nredis-server 4.0.6\n\u001b[34m\u001b[1mriak version\u001b[0m\n2.2.3\n\u001b[34m\u001b[1mPre-installed Go versions\u001b[0m\n1.7.4\n\u001b[34m\u001b[1mant version\u001b[0m\nApache Ant(TM) version 1.9.3 compiled on April 8 2014\n\u001b[34m\u001b[1mmvn version\u001b[0m\nApache Maven 3.5.2 (138edd61fd100ec658bfa2d307c43b76940a5d7d; 2017-10-18T07:58:13Z)\nMaven home: /usr/local/maven-3.5.2\nJava version: 1.8.0_151, vendor: Oracle Corporation\nJava home: /usr/lib/jvm/java-8-oracle/jre\nDefault locale: en_US, platform encoding: UTF-8\nOS name: \"linux\", version: \"4.4.0-98-generic\", arch: \"amd64\", family: \"unix\"\n\u001b[34m\u001b[1mgradle version\u001b[0m\n\n------------------------------------------------------------\nGradle 4.0.1\n------------------------------------------------------------\n\nBuild time:   2017-07-07 14:02:41 UTC\nRevision:     38e5dc0f772daecca1d2681885d3d85414eb6826\n\nGroovy:       2.4.11\nAnt:          Apache Ant(TM) version 1.9.6 compiled on June 29 2015\nJVM:          1.8.0_151 (Oracle Corporation 25.151-b12)\nOS:           Linux 4.4.0-98-generic amd64\n\n\u001b[34m\u001b[1mlein version\u001b[0m\nLeiningen 2.8.1 on Java 1.8.0_151 Java HotSpot(TM) 64-Bit Server VM\n\u001b[34m\u001b[1mPre-installed Node.js versions\u001b[0m\nv4.8.6\nv6.12.0\nv6.12.1\nv8.9\nv8.9.1\n\u001b[34m\u001b[1mphpenv versions\u001b[0m\n  system\n  5.6\n* 5.6.32 (set by /home/travis/.phpenv/version)\n  7.0\n  7.0.25\n  7.1\n  7.1.11\n  hhvm\n  hhvm-stable\n\u001b[34m\u001b[1mcomposer --version\u001b[0m\nComposer version 1.5.2 2017-09-11 16:59:25\n\u001b[34m\u001b[1mPre-installed Ruby versions\u001b[0m\nruby-2.2.7\nruby-2.3.4\nruby-2.4.1\ntravis_fold:end:system_info\n\u001b[0K\ntravis_fold:start:docker_mtu\n\u001b[0Kdocker stop/waiting\ndocker start/running, process 4403\ntravis_fold:end:docker_mtu\n\u001b[0Ktravis_fold:start:resolvconf\n\u001b[0Kresolvconf stop/waiting\nresolvconf start/running\ntravis_fold:end:resolvconf\n\u001b[0K\ntravis_fold:start:install_jdk\n\u001b[0K\u001b[33;1mInstalling oraclejdk8\u001b[0m\n$ jdk_switcher use \"oraclejdk8\"\nSwitching to Oracle JDK8 (java-8-oracle), JAVA_HOME will be set to /usr/lib/jvm/java-8-oracle\ntravis_fold:end:install_jdk\n\u001b[0K\u001b[32;1mUpdating sbt\u001b[0m\ntravis_fold:start:apt\n\u001b[0Ktravis_fold:end:apt\n\u001b[0K\ntravis_fold:start:git.checkout\n\u001b[0Ktravis_time:start:1d8e9b40\n\u001b[0K$ git clone --depth=3 --branch=develop --quiet https://github.com/twitter/finagle.git twitter/finagle\ntravis_time:end:1d8e9b40:start=1564619778068881235,finish=1564619779143544590,duration=1074663355\n\u001b[0K$ cd twitter/finagle\n$ git checkout -qf e67c2503291123fc15de64712f05224e0f05e700\ntravis_fold:end:git.checkout\n\u001b[0K\n\n\u001b[33;1mSetting environment variables from repository settings\u001b[0m\n$ export encrypted_17cf396fcb4f_key=[secure]\n$ export encrypted_17cf396fcb4f_iv=[secure]\n\n\u001b[33;1mSetting environment variables from .travis.yml\u001b[0m\n$ export JAVA_OPTS=\"-DSKIP_FLAKY=1 -DSKIP_FLAKY_TRAVIS=1 -Dsbt.log.noformat=true\"\n$ export PROJECT=finagle-exp\n\n$ export JVM_OPTS=@/etc/sbt/jvmopts\n$ export SBT_OPTS=@/etc/sbt/sbtopts\ntravis_fold:start:cache.1\n\u001b[0KSetting up build cache\n$ export CASHER_DIR=${TRAVIS_HOME}/.casher\ntravis_time:start:0d2b4f09\n\u001b[0K$ Installing caching utilities\ntravis_time:end:0d2b4f09:start=1564619783587222175,finish=1564619784204688312,duration=617466137\n\u001b[0Ktravis_time:start:1c9520e8\n\u001b[0Ktravis_time:end:1c9520e8:start=1564619784211000324,finish=1564619784214434146,duration=3433822\n\u001b[0Ktravis_time:start:29c1c14a\n\u001b[0Kattempting to download cache archive\u001b[0m\n\u001b[32;1mfetching develop/cache-linux-trusty-f3b4f49f19737aecd4cdd24d532a14048d993c0a2c588395d0ad48a5230560cd--jdk-oraclejdk8--scala-2.11.12.tgz\u001b[0m\n\u001b[32;1mfound cache\u001b[0m\ntravis_time:end:29c1c14a:start=1564619784219226272,finish=1564619787877401935,duration=3658175663\n\u001b[0Ktravis_time:start:0ad778d2\n\u001b[0Ktravis_time:end:0ad778d2:start=1564619787884450630,finish=1564619787889328789,duration=4878159\n\u001b[0Ktravis_time:start:1e60e55c\n\u001b[0Kadding /home/travis/.ivy2/cache to cache\u001b[0m\ncreating directory /home/travis/.ivy2/cache\u001b[0m\nadding /home/travis/.ivy2/local/com.twitter to cache\u001b[0m\ncreating directory /home/travis/.ivy2/local/com.twitter\u001b[0m\nadding /home/travis/.sbt to cache\u001b[0m\ncreating directory /home/travis/.sbt\u001b[0m\nadding /home/travis/.dodo to cache\u001b[0m\ncreating directory /home/travis/.dodo\u001b[0m\ntravis_time:end:1e60e55c:start=1564619787896874166,finish=1564619792945046942,duration=5048172776\n\u001b[0Ktravis_fold:end:cache.1\n\u001b[0K\n$ java -Xmx32m -version\njava version \"1.8.0_151\"\nJava(TM) SE Runtime Environment (build 1.8.0_151-b12)\nJava HotSpot(TM) 64-Bit Server VM (build 25.151-b12, mixed mode)\n$ javac -J-Xmx32m -version\njavac 1.8.0_151\nUsing Scala 2.11.12\ntravis_fold:start:before_install\n\u001b[0Ktravis_time:start:0faa6351\n\u001b[0K$ sudo apt-get install -y xmlstarlet\nReading package lists...\nBuilding dependency tree...\nReading state information...\nThe following NEW packages will be installed:\n  xmlstarlet\n0 upgraded, 1 newly installed, 0 to remove and 304 not upgraded.\nNeed to get 290 kB of archives.\nAfter this operation, 525 kB of additional disk space will be used.\nGet:1 http://us-east-1.ec2.archive.ubuntu.com/ubuntu trusty/universe amd64 xmlstarlet amd64 1.5.0-1 [290 kB]\nFetched 290 kB in 0s (9,294 kB/s)\nSelecting previously unselected package xmlstarlet.\n(Reading database ... \n(Reading database ... 5%\n(Reading database ... 10%\n(Reading database ... 15%\n(Reading database ... 20%\n(Reading database ... 25%\n(Reading database ... 30%\n(Reading database ... 35%\n(Reading database ... 40%\n(Reading database ... 45%\n(Reading database ... 50%\n(Reading database ... 55%\n(Reading database ... 60%\n(Reading database ... 65%\n(Reading database ... 70%\n(Reading database ... 75%\n(Reading database ... 80%\n(Reading database ... 85%\n(Reading database ... 90%\n(Reading database ... 95%\n(Reading database ... 100%\n(Reading database ... 93695 files and directories currently installed.)\nPreparing to unpack .../xmlstarlet_1.5.0-1_amd64.deb ...\nUnpacking xmlstarlet (1.5.0-1) ...\nProcessing triggers for man-db (2.6.7.1-1ubuntu1) ...\nSetting up xmlstarlet (1.5.0-1) ...\ntravis_time:end:0faa6351:start=1564619793784816414,finish=1564619795653142272,duration=1868325858\n\u001b[0Ktravis_fold:end:before_install\n\u001b[0Ktravis_fold:start:before_script.1\n\u001b[0Ktravis_time:start:29d56467\n\u001b[0K$ unset SBT_OPTS\ntravis_time:end:29d56467:start=1564619795658764664,finish=1564619795662193049,duration=3428385\n\u001b[0Ktravis_fold:end:before_script.1\n\u001b[0Ktravis_fold:start:before_script.2\n\u001b[0Ktravis_time:start:14a16da0\n\u001b[0K$ curl -s https://raw.githubusercontent.com/twitter/dodo/develop/bin/build | bash -s -- --no-test --scala-version $TRAVIS_SCALA_VERSION finagle\n[info] Determining projects...\n[info] ------------------------------------------------------------------------\n[info] Dodo Build Order:\n[info]   util\n[info]   scroogecore\n[info]  \n[info] ------------------------------------------------------------------------\n[info] Building util\n[info] ------------------------------------------------------------------------\n[info]  \n[info] --- git-sha @ 0f0bcd44d8a241c8b2e14af568cbe83dec0c7fae ---\n[info]  \n[info] Using previously built results...\n[info]  \n[info] --- built-sha @ 0f0bcd44d8a241c8b2e14af568cbe83dec0c7fae ---\n[info]  \n[info]  \n[info] ------------------------------------------------------------------------\n[info] Building scroogecore\n[info] ------------------------------------------------------------------------\n[info]  \n[info] --- git-sha @ 14d4b98084551822cda2a50159bab19cd0894338 ---\n[info]  \n[info] Using previously built results...\n[info]  \n[info] --- built-sha @ 14d4b98084551822cda2a50159bab19cd0894338 ---\n[info]  \n[info] ------------------------------------------------------------------------\n[info] BUILD SUCCESS\n[info] ------------------------------------------------------------------------\n[info] Total time: 1 s\n[info] Finished at: 2019T00:36:36+0000\n[info] Twitter Dodo version v19.7.0\n[info] ------------------------------------------------------------------------\ntravis_time:end:14a16da0:start=1564619795667313174,finish=1564619796608853662,duration=941540488\n\u001b[0Ktravis_fold:end:before_script.2\n\u001b[0Ktravis_fold:start:before_script.3\n\u001b[0Ktravis_time:start:116c2830\n\u001b[0K$ travis_retry ./sbt --error ++$TRAVIS_SCALA_VERSION ci:update finagle-memcached/update\ndownloading /home/travis/build/twitter/finagle/sbt-launch.jar\n[info] Loading settings from build.sbt,unidoc.sbt,plugins.sbt ...\n[info] Loading project definition from /home/travis/build/twitter/finagle/project\n[info] Updating ProjectRef(uri(\"file:/home/travis/build/twitter/finagle/project/\"), \"finagle-build\")...\n[warn] Choosing local for com.twitter#scrooge-sbt-plugin;19.8.0-SNAPSHOT\n[warn] Choosing local for com.twitter#scrooge-generator_2.12;19.8.0-SNAPSHOT\n[info] Done updating.\n[info] Loading settings from build.sbt ...\n[info] Resolving key references (17383 settings) ...\n[info] Using Netty SNAPSHOT build mode: false\n[info] Netty version: 4.1.38.Final\n[info] Netty tcnative version 2.0.25.Final\n[info] Set current project to finagle (in build file:/home/travis/build/twitter/finagle/)\n[warn] The `-` command is deprecated in favor of `onFailure` and will be removed in a later version\n[info] Setting Scala version to 2.11.12 on 30 projects.\n[info] Reapplying settings...\n[info] Using Netty SNAPSHOT build mode: false\n[info] Netty version: 4.1.38.Final\n[info] Netty tcnative version 2.0.25.Final\n[info] Set current project to finagle (in build file:/home/travis/build/twitter/finagle/)\nDownloading https://repo1.maven.org/maven2/io/grpc/grpc-context/1.13.2/grpc-context-1.13.2.pom\nDownloading https://repo1.maven.org/maven2/org/scala-lang/scala-library/2.11.12/scala-library-2.11.12.pom\nDownloading https://repo1.maven.org/maven2/io/grpc/grpc-context/1.13.2/grpc-context-1.13.2.pom.sha1\nDownloading https://repo1.maven.org/maven2/org/scala-lang/scala-library/2.11.12/scala-library-2.11.12.pom.sha1\nDownloading https://repo1.maven.org/maven2/org/scalacheck/scalacheck_2.11/1.13.4/scalacheck_2.11-1.13.4.pom\nDownloading https://repo1.maven.org/maven2/org/scalacheck/scalacheck_2.11/1.13.4/scalacheck_2.11-1.13.4.pom.sha1\nDownloaded https://repo1.maven.org/maven2/org/scala-lang/scala-library/2.11.12/scala-library-2.11.12.pom\nDownloaded https://repo1.maven.org/maven2/io/grpc/grpc-context/1.13.2/grpc-context-1.13.2.pom\nDownloaded https://repo1.maven.org/maven2/org/scala-lang/scala-library/2.11.12/scala-library-2.11.12.pom.sha1\nDownloaded https://repo1.maven.org/maven2/io/grpc/grpc-context/1.13.2/grpc-context-1.13.2.pom.sha1\nDownloading https://repo1.maven.org/maven2/org/scalatest/scalatest_2.11/3.0.0/scalatest_2.11-3.0.0.pom\nDownloading https://repo1.maven.org/maven2/org/scalatest/scalatest_2.11/3.0.0/scalatest_2.11-3.0.0.pom.sha1\nDownloading https://repo1.maven.org/maven2/com/novocode/junit-interface/0.11/junit-interface-0.11.pom\nDownloading https://repo1.maven.org/maven2/com/novocode/junit-interface/0.11/junit-interface-0.11.pom.sha1\nDownloaded https://repo1.maven.org/maven2/org/scalacheck/scalacheck_2.11/1.13.4/scalacheck_2.11-1.13.4.pom\nDownloaded https://repo1.maven.org/maven2/org/scalacheck/scalacheck_2.11/1.13.4/scalacheck_2.11-1.13.4.pom.sha1\nDownloading https://repo1.maven.org/maven2/org/mockito/mockito-all/1.9.5/mockito-all-1.9.5.pom\nDownloading https://repo1.maven.org/maven2/org/mockito/mockito-all/1.9.5/mockito-all-1.9.5.pom.sha1\nDownloaded https://repo1.maven.org/maven2/com/novocode/junit-interface/0.11/junit-interface-0.11.pom.sha1\nDownloaded https://repo1.maven.org/maven2/com/novocode/junit-interface/0.11/junit-interface-0.11.pom\nDownloading https://repo1.maven.org/maven2/org/scala-lang/scala-library/2.11.12/\nDownloading https://repo1.maven.org/maven2/io/grpc/grpc-context/1.13.2/\nDownloaded https://repo1.maven.org/maven2/org/scala-lang/scala-library/2.11.12/\nDownloaded https://repo1.maven.org/maven2/io/grpc/grpc-context/1.13.2/\nDownloaded https://repo1.maven.org/maven2/org/mockito/mockito-all/1.9.5/mockito-all-1.9.5.pom.sha1\nDownloading https://repo1.maven.org/maven2/org/scalacheck/scalacheck_2.11/1.13.4/\nDownloaded https://repo1.maven.org/maven2/org/mockito/mockito-all/1.9.5/mockito-all-1.9.5.pom\nDownloading https://repo1.maven.org/maven2/com/novocode/junit-interface/0.11/\nDownloaded https://repo1.maven.org/maven2/org/scalatest/scalatest_2.11/3.0.0/scalatest_2.11-3.0.0.pom.sha1\nDownloaded https://repo1.maven.org/maven2/org/scalatest/scalatest_2.11/3.0.0/scalatest_2.11-3.0.0.pom\nDownloading https://repo1.maven.org/maven2/org/scalatest/scalatest_2.11/3.0.0/\nDownloading https://repo1.maven.org/maven2/org/mockito/mockito-all/1.9.5/\nDownloaded https://repo1.maven.org/maven2/org/scalacheck/scalacheck_2.11/1.13.4/\nDownloaded https://repo1.maven.org/maven2/com/novocode/junit-interface/0.11/\nDownloaded https://repo1.maven.org/maven2/org/scalatest/scalatest_2.11/3.0.0/\nDownloaded https://repo1.maven.org/maven2/org/mockito/mockito-all/1.9.5/\nDownloading https://repo1.maven.org/maven2/org/scala-lang/scala-reflect/2.11.12/scala-reflect-2.11.12.pom\nDownloading https://repo1.maven.org/maven2/org/scala-lang/scala-reflect/2.11.12/scala-reflect-2.11.12.pom.sha1\nDownloaded https://repo1.maven.org/maven2/org/scala-lang/scala-reflect/2.11.12/scala-reflect-2.11.12.pom.sha1\nDownloading https://repo1.maven.org/maven2/org/scala-lang/modules/scala-xml_2.11/1.0.5/scala-xml_2.11-1.0.5.pom\nDownloaded https://repo1.maven.org/maven2/org/scala-lang/scala-reflect/2.11.12/scala-reflect-2.11.12.pom\nDownloaded https://repo1.maven.org/maven2/org/scala-lang/modules/scala-xml_2.11/1.0.5/scala-xml_2.11-1.0.5.pom\nDownloading https://repo1.maven.org/maven2/org/scala-lang/modules/scala-xml_2.11/1.0.5/scala-xml_2.11-1.0.5.pom.sha1\nDownloading https://repo1.maven.org/maven2/org/scala-lang/scala-reflect/2.11.12/\nDownloading https://repo1.maven.org/maven2/org/scala-lang/modules/scala-parser-combinators_2.11/1.0.4/scala-parser-combinators_2.11-1.0.4.pom\nDownloading https://repo1.maven.org/maven2/org/scala-sbt/test-interface/1.0/test-interface-1.0.pom.sha1\nDownloading https://repo1.maven.org/maven2/org/scala-lang/modules/scala-parser-combinators_2.11/1.0.4/scala-parser-combinators_2.11-1.0.4.pom.sha1\nDownloading https://repo1.maven.org/maven2/org/scalactic/scalactic_2.11/3.0.0/scalactic_2.11-3.0.0.pom\nDownloaded https://repo1.maven.org/maven2/org/scala-lang/modules/scala-xml_2.11/1.0.5/scala-xml_2.11-1.0.5.pom.sha1\nDownloading https://repo1.maven.org/maven2/org/scalactic/scalactic_2.11/3.0.0/scalactic_2.11-3.0.0.pom.sha1\nDownloaded https://repo1.maven.org/maven2/org/scala-lang/scala-reflect/2.11.12/\nDownloading https://repo1.maven.org/maven2/org/scala-sbt/test-interface/1.0/test-interface-1.0.pom\nDownloaded https://repo1.maven.org/maven2/org/scala-lang/modules/scala-parser-combinators_2.11/1.0.4/scala-parser-combinators_2.11-1.0.4.pom\nDownloaded https://repo1.maven.org/maven2/org/scalactic/scalactic_2.11/3.0.0/scalactic_2.11-3.0.0.pom\nDownloaded https://repo1.maven.org/maven2/org/scalactic/scalactic_2.11/3.0.0/scalactic_2.11-3.0.0.pom.sha1\nDownloaded https://repo1.maven.org/maven2/org/scala-sbt/test-interface/1.0/test-interface-1.0.pom.sha1\nDownloading https://repo1.maven.org/maven2/org/scalactic/scalactic_2.11/3.0.0/\nDownloaded https://repo1.maven.org/maven2/org/scala-sbt/test-interface/1.0/test-interface-1.0.pom\nDownloading https://repo1.maven.org/maven2/org/scala-sbt/test-interface/1.0/\nDownloading https://repo1.maven.org/maven2/junit/junit/4.11/junit-4.11.pom\nDownloaded https://repo1.maven.org/maven2/org/scala-lang/modules/scala-parser-combinators_2.11/1.0.4/scala-parser-combinators_2.11-1.0.4.pom.sha1\nDownloading https://repo1.maven.org/maven2/junit/junit/4.11/junit-4.11.pom.sha1\nDownloading https://repo1.maven.org/maven2/org/scala-lang/modules/scala-xml_2.11/1.0.5/\nDownloading https://repo1.maven.org/maven2/org/scala-lang/modules/scala-parser-combinators_2.11/1.0.4/\nDownloaded https://repo1.maven.org/maven2/org/scalactic/scalactic_2.11/3.0.0/\nDownloaded https://repo1.maven.org/maven2/org/scala-sbt/test-interface/1.0/\nDownloaded https://repo1.maven.org/maven2/junit/junit/4.11/junit-4.11.pom.sha1\nDownloaded https://repo1.maven.org/maven2/org/scala-lang/modules/scala-parser-combinators_2.11/1.0.4/\nDownloaded https://repo1.maven.org/maven2/junit/junit/4.11/junit-4.11.pom\nDownloading https://repo1.maven.org/maven2/junit/junit/4.11/\nDownloaded https://repo1.maven.org/maven2/junit/junit/4.11/\nDownloaded https://repo1.maven.org/maven2/org/scala-lang/modules/scala-xml_2.11/1.0.5/\nDownloading https://repo1.maven.org/maven2/org/hamcrest/hamcrest-core/1.3/hamcrest-core-1.3.pom\nDownloading https://repo1.maven.org/maven2/org/hamcrest/hamcrest-core/1.3/hamcrest-core-1.3.pom.sha1\nDownloaded https://repo1.maven.org/maven2/org/hamcrest/hamcrest-core/1.3/hamcrest-core-1.3.pom\nDownloaded https://repo1.maven.org/maven2/org/hamcrest/hamcrest-core/1.3/hamcrest-core-1.3.pom.sha1\nDownloading https://repo1.maven.org/maven2/org/hamcrest/hamcrest-core/1.3/\nDownloaded https://repo1.maven.org/maven2/org/hamcrest/hamcrest-core/1.3/\nDownloading https://repo1.maven.org/maven2/org/hamcrest/hamcrest-parent/1.3/hamcrest-parent-1.3.pom\nDownloading https://repo1.maven.org/maven2/org/hamcrest/hamcrest-parent/1.3/hamcrest-parent-1.3.pom.sha1\nDownloaded https://repo1.maven.org/maven2/org/hamcrest/hamcrest-parent/1.3/hamcrest-parent-1.3.pom\nDownloaded https://repo1.maven.org/maven2/org/hamcrest/hamcrest-parent/1.3/hamcrest-parent-1.3.pom.sha1\nDownloading https://repo1.maven.org/maven2/org/hamcrest/hamcrest-parent/1.3/\nDownloaded https://repo1.maven.org/maven2/org/hamcrest/hamcrest-parent/1.3/\nDownloading https://repo1.maven.org/maven2/org/scala-lang/scala-compiler/2.11.12/scala-compiler-2.11.12.pom.sha1\nDownloading https://repo1.maven.org/maven2/org/scala-lang/scala-compiler/2.11.12/scala-compiler-2.11.12.pom\nDownloaded https://repo1.maven.org/maven2/org/scala-lang/scala-compiler/2.11.12/scala-compiler-2.11.12.pom\nDownloaded https://repo1.maven.org/maven2/org/scala-lang/scala-compiler/2.11.12/scala-compiler-2.11.12.pom.sha1\nDownloading https://repo1.maven.org/maven2/org/scala-lang/scala-compiler/2.11.12/\nDownloaded https://repo1.maven.org/maven2/org/scala-lang/scala-compiler/2.11.12/\nDownloading https://repo1.maven.org/maven2/jline/jline/2.14.3/jline-2.14.3.pom\nDownloading https://repo1.maven.org/maven2/jline/jline/2.14.3/jline-2.14.3.pom.sha1\nDownloaded https://repo1.maven.org/maven2/jline/jline/2.14.3/jline-2.14.3.pom.sha1\nDownloaded https://repo1.maven.org/maven2/jline/jline/2.14.3/jline-2.14.3.pom\nDownloading https://repo1.maven.org/maven2/jline/jline/2.14.3/\nDownloaded https://repo1.maven.org/maven2/jline/jline/2.14.3/\nDownloading https://repo1.maven.org/maven2/org/sonatype/oss/oss-parent/9/oss-parent-9.pom\nDownloading https://repo1.maven.org/maven2/org/sonatype/oss/oss-parent/9/oss-parent-9.pom.sha1\nDownloaded https://repo1.maven.org/maven2/org/sonatype/oss/oss-parent/9/oss-parent-9.pom.sha1\nDownloaded https://repo1.maven.org/maven2/org/sonatype/oss/oss-parent/9/oss-parent-9.pom\nDownloading https://repo1.maven.org/maven2/org/sonatype/oss/oss-parent/9/\nDownloaded https://repo1.maven.org/maven2/org/sonatype/oss/oss-parent/9/\nDownloading https://repo1.maven.org/maven2/com/fasterxml/jackson/module/jackson-module-scala_2.11/2.9.9/jackson-module-scala_2.11-2.9.9.pom.sha1\nDownloading https://repo1.maven.org/maven2/com/fasterxml/jackson/module/jackson-module-scala_2.11/2.9.9/jackson-module-scala_2.11-2.9.9.pom\nDownloading https://repo1.maven.org/maven2/com/fasterxml/jackson/core/jackson-core/2.9.9/jackson-core-2.9.9.pom.sha1\nDownloaded https://repo1.maven.org/maven2/com/fasterxml/jackson/module/jackson-module-scala_2.11/2.9.9/jackson-module-scala_2.11-2.9.9.pom.sha1\nDownloading https://repo1.maven.org/maven2/com/fasterxml/jackson/core/jackson-core/2.9.9/jackson-core-2.9.9.pom\nDownloading https://repo1.maven.org/maven2/com/fasterxml/jackson/core/jackson-databind/2.9.9/jackson-databind-2.9.9.pom\nDownloading https://repo1.maven.org/maven2/com/fasterxml/jackson/core/jackson-databind/2.9.9/jackson-databind-2.9.9.pom.sha1\nDownloaded https://repo1.maven.org/maven2/com/fasterxml/jackson/core/jackson-core/2.9.9/jackson-core-2.9.9.pom.sha1\nDownloaded https://repo1.maven.org/maven2/com/fasterxml/jackson/module/jackson-module-scala_2.11/2.9.9/jackson-module-scala_2.11-2.9.9.pom\nDownloaded https://repo1.maven.org/maven2/com/fasterxml/jackson/core/jackson-core/2.9.9/jackson-core-2.9.9.pom\nDownloading https://repo1.maven.org/maven2/com/fasterxml/jackson/module/jackson-module-scala_2.11/2.9.9/\nDownloading https://repo1.maven.org/maven2/com/fasterxml/jackson/core/jackson-core/2.9.9/\nDownloaded https://repo1.maven.org/maven2/com/fasterxml/jackson/core/jackson-databind/2.9.9/jackson-databind-2.9.9.pom.sha1\nDownloaded https://repo1.maven.org/maven2/com/fasterxml/jackson/core/jackson-databind/2.9.9/jackson-databind-2.9.9.pom\nDownloading https://repo1.maven.org/maven2/com/fasterxml/jackson/core/jackson-databind/2.9.9/\nDownloaded https://repo1.maven.org/maven2/com/fasterxml/jackson/module/jackson-module-scala_2.11/2.9.9/\nDownloaded https://repo1.maven.org/maven2/com/fasterxml/jackson/core/jackson-databind/2.9.9/\nDownloaded https://repo1.maven.org/maven2/com/fasterxml/jackson/core/jackson-core/2.9.9/\nDownloading https://repo1.maven.org/maven2/com/fasterxml/jackson/jackson-base/2.9.9/jackson-base-2.9.9.pom\nDownloading https://repo1.maven.org/maven2/com/fasterxml/jackson/jackson-base/2.9.9/jackson-base-2.9.9.pom.sha1\nDownloaded https://repo1.maven.org/maven2/com/fasterxml/jackson/jackson-base/2.9.9/jackson-base-2.9.9.pom.sha1\nDownloaded https://repo1.maven.org/maven2/com/fasterxml/jackson/jackson-base/2.9.9/jackson-base-2.9.9.pom\nDownloading https://repo1.maven.org/maven2/com/fasterxml/jackson/jackson-base/2.9.9/\nDownloaded https://repo1.maven.org/maven2/com/fasterxml/jackson/jackson-base/2.9.9/\nDownloading https://repo1.maven.org/maven2/com/fasterxml/jackson/jackson-bom/2.9.9/jackson-bom-2.9.9.pom\nDownloading https://repo1.maven.org/maven2/com/fasterxml/jackson/jackson-bom/2.9.9/jackson-bom-2.9.9.pom.sha1\nDownloaded https://repo1.maven.org/maven2/com/fasterxml/jackson/jackson-bom/2.9.9/jackson-bom-2.9.9.pom\nDownloaded https://repo1.maven.org/maven2/com/fasterxml/jackson/jackson-bom/2.9.9/jackson-bom-2.9.9.pom.sha1\nDownloading https://repo1.maven.org/maven2/com/fasterxml/jackson/jackson-bom/2.9.9/\nDownloaded https://repo1.maven.org/maven2/com/fasterxml/jackson/jackson-bom/2.9.9/\nDownloading https://repo1.maven.org/maven2/com/fasterxml/jackson/jackson-parent/2.9.1.2/jackson-parent-2.9.1.2.pom\nDownloading https://repo1.maven.org/maven2/com/fasterxml/jackson/jackson-parent/2.9.1.2/jackson-parent-2.9.1.2.pom.sha1\nDownloaded https://repo1.maven.org/maven2/com/fasterxml/jackson/jackson-parent/2.9.1.2/jackson-parent-2.9.1.2.pom\nDownloaded https://repo1.maven.org/maven2/com/fasterxml/jackson/jackson-parent/2.9.1.2/jackson-parent-2.9.1.2.pom.sha1\nDownloading https://repo1.maven.org/maven2/com/fasterxml/jackson/jackson-parent/2.9.1.2/\nDownloaded https://repo1.maven.org/maven2/com/fasterxml/jackson/jackson-parent/2.9.1.2/\nDownloading https://repo1.maven.org/maven2/com/fasterxml/oss-parent/34/oss-parent-34.pom\nDownloading https://repo1.maven.org/maven2/com/fasterxml/oss-parent/34/oss-parent-34.pom.sha1\nDownloaded https://repo1.maven.org/maven2/com/fasterxml/oss-parent/34/oss-parent-34.pom.sha1\nDownloaded https://repo1.maven.org/maven2/com/fasterxml/oss-parent/34/oss-parent-34.pom\nDownloading https://repo1.maven.org/maven2/com/fasterxml/oss-parent/34/\nDownloaded https://repo1.maven.org/maven2/com/fasterxml/oss-parent/34/\nDownloading https://repo1.maven.org/maven2/com/fasterxml/jackson/module/jackson-module-paranamer/2.9.9/jackson-module-paranamer-2.9.9.pom\nDownloading https://repo1.maven.org/maven2/com/fasterxml/jackson/module/jackson-module-paranamer/2.9.9/jackson-module-paranamer-2.9.9.pom.sha1\nDownloaded https://repo1.maven.org/maven2/com/fasterxml/jackson/module/jackson-module-paranamer/2.9.9/jackson-module-paranamer-2.9.9.pom.sha1\nDownloaded https://repo1.maven.org/maven2/com/fasterxml/jackson/module/jackson-module-paranamer/2.9.9/jackson-module-paranamer-2.9.9.pom\nDownloading https://repo1.maven.org/maven2/com/fasterxml/jackson/module/jackson-module-paranamer/2.9.9/\nDownloading https://repo1.maven.org/maven2/com/google/code/findbugs/jsr305/2.0.1/jsr305-2.0.1.pom\nDownloading https://repo1.maven.org/maven2/com/google/code/findbugs/jsr305/2.0.1/jsr305-2.0.1.pom.sha1\nDownloading https://repo1.maven.org/maven2/com/github/ben-manes/caffeine/caffeine/2.3.4/caffeine-2.3.4.pom\nDownloading https://repo1.maven.org/maven2/com/github/ben-manes/caffeine/caffeine/2.3.4/caffeine-2.3.4.pom.sha1\nDownloaded https://repo1.maven.org/maven2/com/fasterxml/jackson/module/jackson-module-paranamer/2.9.9/\nDownloaded https://repo1.maven.org/maven2/com/google/code/findbugs/jsr305/2.0.1/jsr305-2.0.1.pom\nDownloaded https://repo1.maven.org/maven2/com/google/code/findbugs/jsr305/2.0.1/jsr305-2.0.1.pom.sha1\nDownloading https://repo1.maven.org/maven2/com/fasterxml/jackson/core/jackson-annotations/2.9.9/jackson-annotations-2.9.9.pom\nDownloading https://repo1.maven.org/maven2/com/fasterxml/jackson/core/jackson-annotations/2.9.9/jackson-annotations-2.9.9.pom.sha1\nDownloaded https://repo1.maven.org/maven2/com/github/ben-manes/caffeine/caffeine/2.3.4/caffeine-2.3.4.pom\nDownloading https://repo1.maven.org/maven2/com/google/code/findbugs/jsr305/2.0.1/\nDownloaded https://repo1.maven.org/maven2/com/github/ben-manes/caffeine/caffeine/2.3.4/caffeine-2.3.4.pom.sha1\nDownloading https://repo1.maven.org/maven2/com/github/ben-manes/caffeine/caffeine/2.3.4/\nDownloaded https://repo1.maven.org/maven2/com/fasterxml/jackson/core/jackson-annotations/2.9.9/jackson-annotations-2.9.9.pom\nDownloaded https://repo1.maven.org/maven2/com/fasterxml/jackson/core/jackson-annotations/2.9.9/jackson-annotations-2.9.9.pom.sha1\nDownloading https://repo1.maven.org/maven2/com/fasterxml/jackson/core/jackson-annotations/2.9.9/\nDownloaded https://repo1.maven.org/maven2/com/google/code/findbugs/jsr305/2.0.1/\nDownloaded https://repo1.maven.org/maven2/com/github/ben-manes/caffeine/caffeine/2.3.4/\nDownloaded https://repo1.maven.org/maven2/com/fasterxml/jackson/core/jackson-annotations/2.9.9/\nDownloading https://repo1.maven.org/maven2/com/fasterxml/jackson/module/jackson-modules-base/2.9.9/jackson-modules-base-2.9.9.pom\nDownloading https://repo1.maven.org/maven2/com/fasterxml/jackson/module/jackson-modules-base/2.9.9/jackson-modules-base-2.9.9.pom.sha1\nDownloaded https://repo1.maven.org/maven2/com/fasterxml/jackson/module/jackson-modules-base/2.9.9/jackson-modules-base-2.9.9.pom\nDownloaded https://repo1.maven.org/maven2/com/fasterxml/jackson/module/jackson-modules-base/2.9.9/jackson-modules-base-2.9.9.pom.sha1\nDownloading https://repo1.maven.org/maven2/com/fasterxml/jackson/module/jackson-modules-base/2.9.9/\nDownloaded https://repo1.maven.org/maven2/com/fasterxml/jackson/module/jackson-modules-base/2.9.9/\nDownloading https://repo1.maven.org/maven2/com/thoughtworks/paranamer/paranamer/2.8/paranamer-2.8.pom\nDownloading https://repo1.maven.org/maven2/com/thoughtworks/paranamer/paranamer/2.8/paranamer-2.8.pom.sha1\nDownloaded https://repo1.maven.org/maven2/com/thoughtworks/paranamer/paranamer/2.8/paranamer-2.8.pom.sha1\nDownloaded https://repo1.maven.org/maven2/com/thoughtworks/paranamer/paranamer/2.8/paranamer-2.8.pom\nDownloading https://repo1.maven.org/maven2/com/thoughtworks/paranamer/paranamer/2.8/\nDownloaded https://repo1.maven.org/maven2/com/thoughtworks/paranamer/paranamer/2.8/\nDownloading https://repo1.maven.org/maven2/com/thoughtworks/paranamer/paranamer-parent/2.8/paranamer-parent-2.8.pom\nDownloading https://repo1.maven.org/maven2/com/thoughtworks/paranamer/paranamer-parent/2.8/paranamer-parent-2.8.pom.sha1\nDownloaded https://repo1.maven.org/maven2/com/thoughtworks/paranamer/paranamer-parent/2.8/paranamer-parent-2.8.pom.sha1\nDownloaded https://repo1.maven.org/maven2/com/thoughtworks/paranamer/paranamer-parent/2.8/paranamer-parent-2.8.pom\nDownloading https://repo1.maven.org/maven2/com/thoughtworks/paranamer/paranamer-parent/2.8/\nDownloaded https://repo1.maven.org/maven2/com/thoughtworks/paranamer/paranamer-parent/2.8/\nDownloading https://repo1.maven.org/maven2/com/novocode/junit-interface/0.11/junit-interface-0.11.jar\nDownloading https://repo1.maven.org/maven2/org/scala-lang/modules/scala-xml_2.11/1.0.5/scala-xml_2.11-1.0.5.jar\nDownloading https://repo1.maven.org/maven2/org/hamcrest/hamcrest-core/1.3/hamcrest-core-1.3.jar\nDownloading https://repo1.maven.org/maven2/org/scala-sbt/test-interface/1.0/test-interface-1.0.jar\nDownloading https://repo1.maven.org/maven2/org/mockito/mockito-all/1.9.5/mockito-all-1.9.5.jar\nDownloading https://repo1.maven.org/maven2/org/scala-lang/modules/scala-parser-combinators_2.11/1.0.4/scala-parser-combinators_2.11-1.0.4.jar\nDownloaded https://repo1.maven.org/maven2/org/scala-sbt/test-interface/1.0/test-interface-1.0.jar\nDownloading https://repo1.maven.org/maven2/org/scalactic/scalactic_2.11/3.0.0/scalactic_2.11-3.0.0.jar\nDownloaded https://repo1.maven.org/maven2/org/hamcrest/hamcrest-core/1.3/hamcrest-core-1.3.jar\nDownloading https://repo1.maven.org/maven2/org/scalatest/scalatest_2.11/3.0.0/scalatest_2.11-3.0.0.jar\nDownloaded https://repo1.maven.org/maven2/com/novocode/junit-interface/0.11/junit-interface-0.11.jar\nDownloading https://repo1.maven.org/maven2/io/grpc/grpc-context/1.13.2/grpc-context-1.13.2.jar\nDownloaded https://repo1.maven.org/maven2/io/grpc/grpc-context/1.13.2/grpc-context-1.13.2.jar\nDownloading https://repo1.maven.org/maven2/junit/junit/4.11/junit-4.11.jar\nDownloaded https://repo1.maven.org/maven2/junit/junit/4.11/junit-4.11.jar\nDownloading https://repo1.maven.org/maven2/org/scala-lang/scala-library/2.11.12/scala-library-2.11.12.jar\nDownloaded https://repo1.maven.org/maven2/org/scala-lang/modules/scala-parser-combinators_2.11/1.0.4/scala-parser-combinators_2.11-1.0.4.jar\nDownloading https://repo1.maven.org/maven2/org/scala-lang/scala-compiler/2.11.12/scala-compiler-2.11.12.jar\nDownloaded https://repo1.maven.org/maven2/org/scala-lang/modules/scala-xml_2.11/1.0.5/scala-xml_2.11-1.0.5.jar\nDownloading https://repo1.maven.org/maven2/jline/jline/2.14.3/jline-2.14.3.jar\nDownloaded https://repo1.maven.org/maven2/org/scalactic/scalactic_2.11/3.0.0/scalactic_2.11-3.0.0.jar\nDownloading https://repo1.maven.org/maven2/org/scalacheck/scalacheck_2.11/1.13.4/scalacheck_2.11-1.13.4.jar\nDownloaded https://repo1.maven.org/maven2/jline/jline/2.14.3/jline-2.14.3.jar\nDownloading https://repo1.maven.org/maven2/org/scala-lang/scala-reflect/2.11.12/scala-reflect-2.11.12.jar\nDownloaded https://repo1.maven.org/maven2/org/mockito/mockito-all/1.9.5/mockito-all-1.9.5.jar\nDownloaded https://repo1.maven.org/maven2/org/scalacheck/scalacheck_2.11/1.13.4/scalacheck_2.11-1.13.4.jar\nDownloaded https://repo1.maven.org/maven2/org/scala-lang/scala-library/2.11.12/scala-library-2.11.12.jar\nDownloaded https://repo1.maven.org/maven2/org/scala-lang/scala-reflect/2.11.12/scala-reflect-2.11.12.jar\nDownloaded https://repo1.maven.org/maven2/org/scalatest/scalatest_2.11/3.0.0/scalatest_2.11-3.0.0.jar\nDownloaded https://repo1.maven.org/maven2/org/scala-lang/scala-compiler/2.11.12/scala-compiler-2.11.12.jar\nDownloading https://repo1.maven.org/maven2/com/fasterxml/jackson/core/jackson-core/2.9.9/jackson-core-2.9.9.jar\nDownloading https://repo1.maven.org/maven2/com/fasterxml/jackson/module/jackson-module-scala_2.11/2.9.9/jackson-module-scala_2.11-2.9.9.jar\nDownloading https://repo1.maven.org/maven2/com/fasterxml/jackson/core/jackson-annotations/2.9.9/jackson-annotations-2.9.9.jar\nDownloading https://repo1.maven.org/maven2/com/google/code/findbugs/jsr305/2.0.1/jsr305-2.0.1.jar\nDownloading https://repo1.maven.org/maven2/com/github/ben-manes/caffeine/caffeine/2.3.4/caffeine-2.3.4.jar\nDownloading https://repo1.maven.org/maven2/com/thoughtworks/paranamer/paranamer/2.8/paranamer-2.8.jar\nDownloaded https://repo1.maven.org/maven2/com/google/code/findbugs/jsr305/2.0.1/jsr305-2.0.1.jar\nDownloading https://repo1.maven.org/maven2/com/fasterxml/jackson/module/jackson-module-paranamer/2.9.9/jackson-module-paranamer-2.9.9.jar\nDownloaded https://repo1.maven.org/maven2/com/fasterxml/jackson/core/jackson-core/2.9.9/jackson-core-2.9.9.jar\nDownloaded https://repo1.maven.org/maven2/com/fasterxml/jackson/module/jackson-module-paranamer/2.9.9/jackson-module-paranamer-2.9.9.jar\nDownloaded https://repo1.maven.org/maven2/com/fasterxml/jackson/core/jackson-annotations/2.9.9/jackson-annotations-2.9.9.jar\nDownloading https://repo1.maven.org/maven2/com/fasterxml/jackson/core/jackson-databind/2.9.9/jackson-databind-2.9.9.jar\nDownloaded https://repo1.maven.org/maven2/com/fasterxml/jackson/module/jackson-module-scala_2.11/2.9.9/jackson-module-scala_2.11-2.9.9.jar\nDownloaded https://repo1.maven.org/maven2/com/thoughtworks/paranamer/paranamer/2.8/paranamer-2.8.jar\nDownloaded https://repo1.maven.org/maven2/com/github/ben-manes/caffeine/caffeine/2.3.4/caffeine-2.3.4.jar\nDownloaded https://repo1.maven.org/maven2/com/fasterxml/jackson/core/jackson-databind/2.9.9/jackson-databind-2.9.9.jar\nDownloading https://repo1.maven.org/maven2/io/netty/netty-handler/4.1.38.Final/netty-handler-4.1.38.Final.pom\nDownloading https://repo1.maven.org/maven2/io/netty/netty-transport-native-unix-common/4.1.38.Final/netty-transport-native-unix-common-4.1.38.Final.pom.sha1\nDownloading https://repo1.maven.org/maven2/io/netty/netty-transport-native-unix-common/4.1.38.Final/netty-transport-native-unix-common-4.1.38.Final.pom\nDownloading https://repo1.maven.org/maven2/io/netty/netty-handler/4.1.38.Final/netty-handler-4.1.38.Final.pom.sha1\nDownloaded https://repo1.maven.org/maven2/io/netty/netty-transport-native-unix-common/4.1.38.Final/netty-transport-native-unix-common-4.1.38.Final.pom\nDownloaded https://repo1.maven.org/maven2/io/netty/netty-transport-native-unix-common/4.1.38.Final/netty-transport-native-unix-common-4.1.38.Final.pom.sha1\nDownloaded https://repo1.maven.org/maven2/io/netty/netty-handler/4.1.38.Final/netty-handler-4.1.38.Final.pom.sha1\nDownloaded https://repo1.maven.org/maven2/io/netty/netty-handler/4.1.38.Final/netty-handler-4.1.38.Final.pom\nDownloading https://repo1.maven.org/maven2/io/netty/netty-transport-native-unix-common/4.1.38.Final/\nDownloading https://repo1.maven.org/maven2/io/netty/netty-handler/4.1.38.Final/\nDownloading https://repo1.maven.org/maven2/io/netty/netty-transport/4.1.38.Final/netty-transport-4.1.38.Final.pom\nDownloading https://repo1.maven.org/maven2/io/netty/netty-transport/4.1.38.Final/netty-transport-4.1.38.Final.pom.sha1\nDownloading https://repo1.maven.org/maven2/org/hdrhistogram/HdrHistogram/2.1.11/HdrHistogram-2.1.11.pom\nDownloaded https://repo1.maven.org/maven2/io/netty/netty-transport/4.1.38.Final/netty-transport-4.1.38.Final.pom.sha1\nDownloading https://repo1.maven.org/maven2/org/hdrhistogram/HdrHistogram/2.1.11/HdrHistogram-2.1.11.pom.sha1\nDownloading https://repo1.maven.org/maven2/io/netty/netty-transport-native-epoll/4.1.38.Final/netty-transport-native-epoll-4.1.38.Final.pom\nDownloaded https://repo1.maven.org/maven2/io/netty/netty-transport-native-unix-common/4.1.38.Final/\nDownloading https://repo1.maven.org/maven2/io/netty/netty-transport-native-epoll/4.1.38.Final/netty-transport-native-epoll-4.1.38.Final.pom.sha1\nDownloaded https://repo1.maven.org/maven2/io/netty/netty-handler/4.1.38.Final/\nDownloading https://repo1.maven.org/maven2/io/netty/netty-handler-proxy/4.1.38.Final/netty-handler-proxy-4.1.38.Final.pom\nDownloaded https://repo1.maven.org/maven2/io/netty/netty-transport/4.1.38.Final/netty-transport-4.1.38.Final.pom\nDownloading https://repo1.maven.org/maven2/io/netty/netty-handler-proxy/4.1.38.Final/netty-handler-proxy-4.1.38.Final.pom.sha1\nDownloaded https://repo1.maven.org/maven2/org/hdrhistogram/HdrHistogram/2.1.11/HdrHistogram-2.1.11.pom\nDownloaded https://repo1.maven.org/maven2/org/hdrhistogram/HdrHistogram/2.1.11/HdrHistogram-2.1.11.pom.sha1\nDownloaded https://repo1.maven.org/maven2/io/netty/netty-handler-proxy/4.1.38.Final/netty-handler-proxy-4.1.38.Final.pom\nDownloaded https://repo1.maven.org/maven2/io/netty/netty-handler-proxy/4.1.38.Final/netty-handler-proxy-4.1.38.Final.pom.sha1\nDownloading https://repo1.maven.org/maven2/org/hdrhistogram/HdrHistogram/2.1.11/\nDownloading https://repo1.maven.org/maven2/io/netty/netty-transport/4.1.38.Final/\nDownloaded https://repo1.maven.org/maven2/io/netty/netty-transport-native-epoll/4.1.38.Final/netty-transport-native-epoll-4.1.38.Final.pom\nDownloading https://repo1.maven.org/maven2/io/netty/netty-handler-proxy/4.1.38.Final/\nDownloaded https://repo1.maven.org/maven2/org/hdrhistogram/HdrHistogram/2.1.11/\nDownloaded https://repo1.maven.org/maven2/io/netty/netty-handler-proxy/4.1.38.Final/\nDownloaded https://repo1.maven.org/maven2/io/netty/netty-transport/4.1.38.Final/\nDownloaded https://repo1.maven.org/maven2/io/netty/netty-transport-native-epoll/4.1.38.Final/netty-transport-native-epoll-4.1.38.Final.pom.sha1\nDownloading https://repo1.maven.org/maven2/io/netty/netty-transport-native-epoll/4.1.38.Final/\nDownloaded https://repo1.maven.org/maven2/io/netty/netty-transport-native-epoll/4.1.38.Final/\nDownloading https://repo1.maven.org/maven2/io/netty/netty-parent/4.1.38.Final/netty-parent-4.1.38.Final.pom\nDownloading https://repo1.maven.org/maven2/io/netty/netty-parent/4.1.38.Final/netty-parent-4.1.38.Final.pom.sha1\nDownloaded https://repo1.maven.org/maven2/io/netty/netty-parent/4.1.38.Final/netty-parent-4.1.38.Final.pom.sha1\nDownloaded https://repo1.maven.org/maven2/io/netty/netty-parent/4.1.38.Final/netty-parent-4.1.38.Final.pom\nDownloading https://repo1.maven.org/maven2/io/netty/netty-parent/4.1.38.Final/\nDownloaded https://repo1.maven.org/maven2/io/netty/netty-parent/4.1.38.Final/\nDownloading https://repo1.maven.org/maven2/io/netty/netty-codec/4.1.38.Final/netty-codec-4.1.38.Final.pom\nDownloading https://repo1.maven.org/maven2/io/netty/netty-codec/4.1.38.Final/netty-codec-4.1.38.Final.pom.sha1\nDownloading https://repo1.maven.org/maven2/io/netty/netty-codec-http/4.1.38.Final/netty-codec-http-4.1.38.Final.pom\nDownloading https://repo1.maven.org/maven2/io/netty/netty-codec-http/4.1.38.Final/netty-codec-http-4.1.38.Final.pom.sha1\nDownloading https://repo1.maven.org/maven2/io/netty/netty-resolver/4.1.38.Final/netty-resolver-4.1.38.Final.pom\nDownloaded https://repo1.maven.org/maven2/io/netty/netty-codec/4.1.38.Final/netty-codec-4.1.38.Final.pom.sha1\nDownloading https://repo1.maven.org/maven2/io/netty/netty-resolver/4.1.38.Final/netty-resolver-4.1.38.Final.pom.sha1\nDownloaded https://repo1.maven.org/maven2/io/netty/netty-codec/4.1.38.Final/netty-codec-4.1.38.Final.pom\nDownloading https://repo1.maven.org/maven2/io/netty/netty-codec/4.1.38.Final/\nDownloaded https://repo1.maven.org/maven2/io/netty/netty-codec-http/4.1.38.Final/netty-codec-http-4.1.38.Final.pom\nDownloaded https://repo1.maven.org/maven2/io/netty/netty-codec-http/4.1.38.Final/netty-codec-http-4.1.38.Final.pom.sha1\nDownloading https://repo1.maven.org/maven2/io/netty/netty-codec-http/4.1.38.Final/\nDownloaded https://repo1.maven.org/maven2/io/netty/netty-resolver/4.1.38.Final/netty-resolver-4.1.38.Final.pom.sha1\nDownloading https://repo1.maven.org/maven2/io/netty/netty-common/4.1.38.Final/netty-common-4.1.38.Final.pom\nDownloading https://repo1.maven.org/maven2/io/netty/netty-common/4.1.38.Final/netty-common-4.1.38.Final.pom.sha1\nDownloaded https://repo1.maven.org/maven2/io/netty/netty-resolver/4.1.38.Final/netty-resolver-4.1.38.Final.pom\nDownloading https://repo1.maven.org/maven2/io/netty/netty-resolver/4.1.38.Final/\nDownloaded https://repo1.maven.org/maven2/io/netty/netty-codec/4.1.38.Final/\nDownloading https://repo1.maven.org/maven2/io/netty/netty-buffer/4.1.38.Final/netty-buffer-4.1.38.Final.pom\nDownloaded https://repo1.maven.org/maven2/io/netty/netty-codec-http/4.1.38.Final/\nDownloading https://repo1.maven.org/maven2/io/netty/netty-buffer/4.1.38.Final/netty-buffer-4.1.38.Final.pom.sha1\nDownloaded https://repo1.maven.org/maven2/io/netty/netty-resolver/4.1.38.Final/\nDownloaded https://repo1.maven.org/maven2/io/netty/netty-common/4.1.38.Final/netty-common-4.1.38.Final.pom.sha1\nDownloaded https://repo1.maven.org/maven2/io/netty/netty-buffer/4.1.38.Final/netty-buffer-4.1.38.Final.pom\nDownloaded https://repo1.maven.org/maven2/io/netty/netty-common/4.1.38.Final/netty-common-4.1.38.Final.pom\nDownloaded https://repo1.maven.org/maven2/io/netty/netty-buffer/4.1.38.Final/netty-buffer-4.1.38.Final.pom.sha1\nDownloading https://repo1.maven.org/maven2/io/netty/netty-common/4.1.38.Final/\nDownloading https://repo1.maven.org/maven2/io/netty/netty-codec-socks/4.1.38.Final/netty-codec-socks-4.1.38.Final.pom.sha1\nDownloading https://repo1.maven.org/maven2/io/netty/netty-codec-socks/4.1.38.Final/netty-codec-socks-4.1.38.Final.pom\nDownloading https://repo1.maven.org/maven2/io/netty/netty-buffer/4.1.38.Final/\nDownloaded https://repo1.maven.org/maven2/io/netty/netty-common/4.1.38.Final/\nDownloaded https://repo1.maven.org/maven2/io/netty/netty-codec-socks/4.1.38.Final/netty-codec-socks-4.1.38.Final.pom.sha1\nDownloaded https://repo1.maven.org/maven2/io/netty/netty-codec-socks/4.1.38.Final/netty-codec-socks-4.1.38.Final.pom\nDownloading https://repo1.maven.org/maven2/io/netty/netty-codec-socks/4.1.38.Final/\nDownloaded https://repo1.maven.org/maven2/io/netty/netty-buffer/4.1.38.Final/\nDownloaded https://repo1.maven.org/maven2/io/netty/netty-codec-socks/4.1.38.Final/\nDownloading https://repo1.maven.org/maven2/io/netty/netty-resolver/4.1.38.Final/netty-resolver-4.1.38.Final.jar\nDownloading https://repo1.maven.org/maven2/io/netty/netty-common/4.1.38.Final/netty-common-4.1.38.Final.jar\nDownloading https://repo1.maven.org/maven2/io/netty/netty-codec-http/4.1.38.Final/netty-codec-http-4.1.38.Final.jar\nDownloading https://repo1.maven.org/maven2/io/netty/netty-transport-native-epoll/4.1.38.Final/netty-transport-native-epoll-4.1.38.Final-linux-x86_64.jar\nDownloading https://repo1.maven.org/maven2/io/netty/netty-buffer/4.1.38.Final/netty-buffer-4.1.38.Final.jar\nDownloading https://repo1.maven.org/maven2/org/hdrhistogram/HdrHistogram/2.1.11/HdrHistogram-2.1.11.jar\nDownloaded https://repo1.maven.org/maven2/io/netty/netty-resolver/4.1.38.Final/netty-resolver-4.1.38.Final.jar\nDownloading https://repo1.maven.org/maven2/io/netty/netty-transport-native-unix-common/4.1.38.Final/netty-transport-native-unix-common-4.1.38.Final.jar\nDownloaded https://repo1.maven.org/maven2/io/netty/netty-transport-native-epoll/4.1.38.Final/netty-transport-native-epoll-4.1.38.Final-linux-x86_64.jar\nDownloading https://repo1.maven.org/maven2/io/netty/netty-handler-proxy/4.1.38.Final/netty-handler-proxy-4.1.38.Final.jar\nDownloaded https://repo1.maven.org/maven2/io/netty/netty-transport-native-unix-common/4.1.38.Final/netty-transport-native-unix-common-4.1.38.Final.jar\nDownloading https://repo1.maven.org/maven2/io/netty/netty-handler/4.1.38.Final/netty-handler-4.1.38.Final.jar\nDownloaded https://repo1.maven.org/maven2/io/netty/netty-buffer/4.1.38.Final/netty-buffer-4.1.38.Final.jar\nDownloaded https://repo1.maven.org/maven2/io/netty/netty-handler-proxy/4.1.38.Final/netty-handler-proxy-4.1.38.Final.jar\nDownloading https://repo1.maven.org/maven2/io/netty/netty-transport/4.1.38.Final/netty-transport-4.1.38.Final.jar\nDownloading https://repo1.maven.org/maven2/io/netty/netty-codec/4.1.38.Final/netty-codec-4.1.38.Final.jar\nDownloaded https://repo1.maven.org/maven2/io/netty/netty-handler/4.1.38.Final/netty-handler-4.1.38.Final.jar\nDownloaded https://repo1.maven.org/maven2/org/hdrhistogram/HdrHistogram/2.1.11/HdrHistogram-2.1.11.jar\nDownloaded https://repo1.maven.org/maven2/io/netty/netty-common/4.1.38.Final/netty-common-4.1.38.Final.jar\nDownloading https://repo1.maven.org/maven2/io/netty/netty-codec-socks/4.1.38.Final/netty-codec-socks-4.1.38.Final.jar\nDownloaded https://repo1.maven.org/maven2/io/netty/netty-codec-socks/4.1.38.Final/netty-codec-socks-4.1.38.Final.jar\nDownloaded https://repo1.maven.org/maven2/io/netty/netty-transport/4.1.38.Final/netty-transport-4.1.38.Final.jar\nDownloaded https://repo1.maven.org/maven2/io/netty/netty-codec/4.1.38.Final/netty-codec-4.1.38.Final.jar\nDownloaded https://repo1.maven.org/maven2/io/netty/netty-codec-http/4.1.38.Final/netty-codec-http-4.1.38.Final.jar\nDownloading https://repo1.maven.org/maven2/commons-lang/commons-lang/2.6/commons-lang-2.6.pom.sha1\nDownloading https://repo1.maven.org/maven2/com/google/code/gson/gson/2.3.1/gson-2.3.1.pom\nDownloading https://repo1.maven.org/maven2/commons-lang/commons-lang/2.6/commons-lang-2.6.pom\nDownloading https://repo1.maven.org/maven2/org/apache/zookeeper/zookeeper/3.5.0-alpha/zookeeper-3.5.0-alpha.pom\nDownloading https://repo1.maven.org/maven2/com/google/code/gson/gson/2.3.1/gson-2.3.1.pom.sha1\nDownloading https://repo1.maven.org/maven2/org/apache/zookeeper/zookeeper/3.5.0-alpha/zookeeper-3.5.0-alpha.pom.sha1\nDownloaded https://repo1.maven.org/maven2/com/google/code/gson/gson/2.3.1/gson-2.3.1.pom\nDownloaded https://repo1.maven.org/maven2/commons-lang/commons-lang/2.6/commons-lang-2.6.pom.sha1\nDownloading https://repo1.maven.org/maven2/org/apache/thrift/libthrift/0.10.0/libthrift-0.10.0.pom\nDownloaded https://repo1.maven.org/maven2/com/google/code/gson/gson/2.3.1/gson-2.3.1.pom.sha1\nDownloaded https://repo1.maven.org/maven2/org/apache/zookeeper/zookeeper/3.5.0-alpha/zookeeper-3.5.0-alpha.pom\nDownloading https://repo1.maven.org/maven2/org/apache/thrift/libthrift/0.10.0/libthrift-0.10.0.pom.sha1\nDownloading https://repo1.maven.org/maven2/com/google/code/gson/gson/2.3.1/\nDownloaded https://repo1.maven.org/maven2/org/apache/thrift/libthrift/0.10.0/libthrift-0.10.0.pom\nDownloaded https://repo1.maven.org/maven2/commons-lang/commons-lang/2.6/commons-lang-2.6.pom\nDownloaded https://repo1.maven.org/maven2/org/apache/thrift/libthrift/0.10.0/libthrift-0.10.0.pom.sha1\nDownloading https://repo1.maven.org/maven2/commons-lang/commons-lang/2.6/\nDownloading https://repo1.maven.org/maven2/org/apache/thrift/libthrift/0.10.0/\nDownloaded https://repo1.maven.org/maven2/com/google/code/gson/gson/2.3.1/\nDownloaded https://repo1.maven.org/maven2/commons-lang/commons-lang/2.6/\nDownloaded https://repo1.maven.org/maven2/org/apache/zookeeper/zookeeper/3.5.0-alpha/zookeeper-3.5.0-alpha.pom.sha1\nDownloaded https://repo1.maven.org/maven2/org/apache/thrift/libthrift/0.10.0/\nDownloading https://repo1.maven.org/maven2/org/apache/zookeeper/zookeeper/3.5.0-alpha/\nDownloaded https://repo1.maven.org/maven2/org/apache/zookeeper/zookeeper/3.5.0-alpha/\nDownloading https://repo1.maven.org/maven2/org/apache/commons/commons-parent/17/commons-parent-17.pom\nDownloading https://repo1.maven.org/maven2/org/apache/commons/commons-parent/17/commons-parent-17.pom.sha1\nDownloaded https://repo1.maven.org/maven2/org/apache/commons/commons-parent/17/commons-parent-17.pom.sha1\nDownloaded https://repo1.maven.org/maven2/org/apache/commons/commons-parent/17/commons-parent-17.pom\nDownloading https://repo1.maven.org/maven2/org/apache/commons/commons-parent/17/\nDownloaded https://repo1.maven.org/maven2/org/apache/commons/commons-parent/17/\nDownloading https://repo1.maven.org/maven2/org/apache/apache/7/apache-7.pom\nDownloading https://repo1.maven.org/maven2/org/apache/apache/7/apache-7.pom.sha1\nDownloaded https://repo1.maven.org/maven2/org/apache/apache/7/apache-7.pom.sha1\nDownloaded https://repo1.maven.org/maven2/org/apache/apache/7/apache-7.pom\nDownloading https://repo1.maven.org/maven2/org/apache/apache/7/\nDownloaded https://repo1.maven.org/maven2/org/apache/apache/7/\nDownloading https://repo1.maven.org/maven2/net/java/dev/javacc/javacc/5.0/javacc-5.0.pom\nDownloading https://repo1.maven.org/maven2/net/java/dev/javacc/javacc/5.0/javacc-5.0.pom.sha1\nDownloaded https://repo1.maven.org/maven2/net/java/dev/javacc/javacc/5.0/javacc-5.0.pom.sha1\nDownloaded https://repo1.maven.org/maven2/net/java/dev/javacc/javacc/5.0/javacc-5.0.pom\nDownloading https://repo1.maven.org/maven2/net/java/dev/javacc/javacc/5.0/\nDownloading https://repo1.maven.org/maven2/log4j/log4j/1.2.16/log4j-1.2.16.pom\nDownloading https://repo1.maven.org/maven2/log4j/log4j/1.2.16/log4j-1.2.16.pom.sha1\nDownloading https://repo1.maven.org/maven2/io/netty/netty/3.7.0.Final/netty-3.7.0.Final.pom\nDownloading https://repo1.maven.org/maven2/io/netty/netty/3.7.0.Final/netty-3.7.0.Final.pom.sha1\nDownloading https://repo1.maven.org/maven2/org/slf4j/slf4j-api/1.7.5/slf4j-api-1.7.5.pom\nDownloaded https://repo1.maven.org/maven2/net/java/dev/javacc/javacc/5.0/\nDownloading https://repo1.maven.org/maven2/org/slf4j/slf4j-api/1.7.5/slf4j-api-1.7.5.pom.sha1\nDownloaded https://repo1.maven.org/maven2/log4j/log4j/1.2.16/log4j-1.2.16.pom\nDownloaded https://repo1.maven.org/maven2/org/slf4j/slf4j-api/1.7.5/slf4j-api-1.7.5.pom\nDownloading https://repo1.maven.org/maven2/commons-cli/commons-cli/1.2/commons-cli-1.2.pom\nDownloading https://repo1.maven.org/maven2/commons-cli/commons-cli/1.2/commons-cli-1.2.pom.sha1\nDownloaded https://repo1.maven.org/maven2/io/netty/netty/3.7.0.Final/netty-3.7.0.Final.pom\nDownloaded https://repo1.maven.org/maven2/log4j/log4j/1.2.16/log4j-1.2.16.pom.sha1\nDownloading https://repo1.maven.org/maven2/org/slf4j/slf4j-log4j12/1.7.5/slf4j-log4j12-1.7.5.pom\nDownloading https://repo1.maven.org/maven2/org/slf4j/slf4j-log4j12/1.7.5/slf4j-log4j12-1.7.5.pom.sha1\nDownloaded https://repo1.maven.org/maven2/commons-cli/commons-cli/1.2/commons-cli-1.2.pom\nDownloaded https://repo1.maven.org/maven2/commons-cli/commons-cli/1.2/commons-cli-1.2.pom.sha1\nDownloaded https://repo1.maven.org/maven2/org/slf4j/slf4j-api/1.7.5/slf4j-api-1.7.5.pom.sha1\nDownloading https://repo1.maven.org/maven2/commons-cli/commons-cli/1.2/\nDownloading https://repo1.maven.org/maven2/org/slf4j/slf4j-api/1.7.5/\nDownloading https://repo1.maven.org/maven2/log4j/log4j/1.2.16/\nDownloaded https://repo1.maven.org/maven2/org/slf4j/slf4j-log4j12/1.7.5/slf4j-log4j12-1.7.5.pom.sha1\nDownloaded https://repo1.maven.org/maven2/org/slf4j/slf4j-log4j12/1.7.5/slf4j-log4j12-1.7.5.pom\nDownloading https://repo1.maven.org/maven2/org/slf4j/slf4j-log4j12/1.7.5/\nDownloaded https://repo1.maven.org/maven2/commons-cli/commons-cli/1.2/\nDownloaded https://repo1.maven.org/maven2/org/slf4j/slf4j-api/1.7.5/\nDownloaded https://repo1.maven.org/maven2/log4j/log4j/1.2.16/\nDownloaded https://repo1.maven.org/maven2/io/netty/netty/3.7.0.Final/netty-3.7.0.Final.pom.sha1\nDownloading https://repo1.maven.org/maven2/io/netty/netty/3.7.0.Final/\nDownloaded https://repo1.maven.org/maven2/org/slf4j/slf4j-log4j12/1.7.5/\nDownloaded https://repo1.maven.org/maven2/io/netty/netty/3.7.0.Final/\nDownloading https://repo1.maven.org/maven2/org/slf4j/slf4j-parent/1.7.5/slf4j-parent-1.7.5.pom\nDownloading https://repo1.maven.org/maven2/org/slf4j/slf4j-parent/1.7.5/slf4j-parent-1.7.5.pom.sha1\nDownloading https://repo1.maven.org/maven2/org/sonatype/oss/oss-parent/7/oss-parent-7.pom\nDownloading https://repo1.maven.org/maven2/org/sonatype/oss/oss-parent/7/oss-parent-7.pom.sha1\nDownloading https://repo1.maven.org/maven2/org/apache/commons/commons-parent/11/commons-parent-11.pom\nDownloaded https://repo1.maven.org/maven2/org/slf4j/slf4j-parent/1.7.5/slf4j-parent-1.7.5.pom.sha1\nDownloading https://repo1.maven.org/maven2/org/apache/commons/commons-parent/11/commons-parent-11.pom.sha1\nDownloaded https://repo1.maven.org/maven2/org/sonatype/oss/oss-parent/7/oss-parent-7.pom\nDownloaded https://repo1.maven.org/maven2/org/apache/commons/commons-parent/11/commons-parent-11.pom.sha1\nDownloaded https://repo1.maven.org/maven2/org/sonatype/oss/oss-parent/7/oss-parent-7.pom.sha1\nDownloading https://repo1.maven.org/maven2/org/sonatype/oss/oss-parent/7/\nDownloaded https://repo1.maven.org/maven2/org/slf4j/slf4j-parent/1.7.5/slf4j-parent-1.7.5.pom\nDownloading https://repo1.maven.org/maven2/org/slf4j/slf4j-parent/1.7.5/\nDownloaded https://repo1.maven.org/maven2/org/apache/commons/commons-parent/11/commons-parent-11.pom\nDownloading https://repo1.maven.org/maven2/org/apache/commons/commons-parent/11/\nDownloaded https://repo1.maven.org/maven2/org/sonatype/oss/oss-parent/7/\nDownloaded https://repo1.maven.org/maven2/org/apache/commons/commons-parent/11/\nDownloaded https://repo1.maven.org/maven2/org/slf4j/slf4j-parent/1.7.5/\nDownloading https://repo1.maven.org/maven2/org/apache/apache/4/apache-4.pom\nDownloading https://repo1.maven.org/maven2/org/apache/apache/4/apache-4.pom.sha1\nDownloaded https://repo1.maven.org/maven2/org/apache/apache/4/apache-4.pom.sha1\nDownloaded https://repo1.maven.org/maven2/org/apache/apache/4/apache-4.pom\nDownloading https://repo1.maven.org/maven2/org/apache/apache/4/\nDownloaded https://repo1.maven.org/maven2/org/apache/apache/4/\nDownloading https://repo1.maven.org/maven2/log4j/log4j/1.2.17/log4j-1.2.17.pom\nDownloading https://repo1.maven.org/maven2/log4j/log4j/1.2.17/log4j-1.2.17.pom.sha1\nDownloaded https://repo1.maven.org/maven2/log4j/log4j/1.2.17/log4j-1.2.17.pom\nDownloaded https://repo1.maven.org/maven2/log4j/log4j/1.2.17/log4j-1.2.17.pom.sha1\nDownloading https://repo1.maven.org/maven2/log4j/log4j/1.2.17/\nDownloaded https://repo1.maven.org/maven2/log4j/log4j/1.2.17/\nDownloading https://repo1.maven.org/maven2/commons-lang/commons-lang/2.6/commons-lang-2.6.jar\nDownloading https://repo1.maven.org/maven2/org/slf4j/slf4j-api/1.7.5/slf4j-api-1.7.5.jar\nDownloading https://repo1.maven.org/maven2/net/java/dev/javacc/javacc/5.0/javacc-5.0.jar\nDownloading https://repo1.maven.org/maven2/log4j/log4j/1.2.17/log4j-1.2.17.zip\nDownloading https://repo1.maven.org/maven2/log4j/log4j/1.2.17/log4j-1.2.17.jar\nDownloading https://repo1.maven.org/maven2/log4j/log4j/1.2.17/log4j-1.2.17.tar.gz\nDownloaded https://repo1.maven.org/maven2/org/slf4j/slf4j-api/1.7.5/slf4j-api-1.7.5.jar\nDownloading https://repo1.maven.org/maven2/org/apache/thrift/libthrift/0.10.0/libthrift-0.10.0.jar\nDownloaded https://repo1.maven.org/maven2/commons-lang/commons-lang/2.6/commons-lang-2.6.jar\nDownloaded https://repo1.maven.org/maven2/net/java/dev/javacc/javacc/5.0/javacc-5.0.jar\nDownloading https://repo1.maven.org/maven2/commons-cli/commons-cli/1.2/commons-cli-1.2.jar\nDownloading https://repo1.maven.org/maven2/org/slf4j/slf4j-log4j12/1.7.5/slf4j-log4j12-1.7.5.jar\nDownloaded https://repo1.maven.org/maven2/org/apache/thrift/libthrift/0.10.0/libthrift-0.10.0.jar\nDownloading https://repo1.maven.org/maven2/org/apache/zookeeper/zookeeper/3.5.0-alpha/zookeeper-3.5.0-alpha.jar\nDownloaded https://repo1.maven.org/maven2/log4j/log4j/1.2.17/log4j-1.2.17.jar\nDownloading https://repo1.maven.org/maven2/com/google/code/gson/gson/2.3.1/gson-2.3.1.jar\nDownloaded https://repo1.maven.org/maven2/commons-cli/commons-cli/1.2/commons-cli-1.2.jar\nDownloaded https://repo1.maven.org/maven2/com/google/code/gson/gson/2.3.1/gson-2.3.1.jar\nDownloading https://repo1.maven.org/maven2/io/netty/netty/3.7.0.Final/netty-3.7.0.Final.jar\nDownloaded https://repo1.maven.org/maven2/org/slf4j/slf4j-log4j12/1.7.5/slf4j-log4j12-1.7.5.jar\nDownloaded https://repo1.maven.org/maven2/io/netty/netty/3.7.0.Final/netty-3.7.0.Final.jar\nDownloaded https://repo1.maven.org/maven2/org/apache/zookeeper/zookeeper/3.5.0-alpha/zookeeper-3.5.0-alpha.jar\nDownloaded https://repo1.maven.org/maven2/log4j/log4j/1.2.17/log4j-1.2.17.tar.gz\nDownloaded https://repo1.maven.org/maven2/log4j/log4j/1.2.17/log4j-1.2.17.zip\nDownloading https://repo1.maven.org/maven2/com/netflix/concurrency-limits/concurrency-limits-core/0.3.0/concurrency-limits-core-0.3.0.pom\nDownloading https://repo1.maven.org/maven2/com/netflix/concurrency-limits/concurrency-limits-core/0.3.0/concurrency-limits-core-0.3.0.pom.sha1\nDownloaded https://repo1.maven.org/maven2/com/netflix/concurrency-limits/concurrency-limits-core/0.3.0/concurrency-limits-core-0.3.0.pom\nDownloaded https://repo1.maven.org/maven2/com/netflix/concurrency-limits/concurrency-limits-core/0.3.0/concurrency-limits-core-0.3.0.pom.sha1\nDownloading https://repo1.maven.org/maven2/com/netflix/concurrency-limits/concurrency-limits-core/0.3.0/\nDownloaded https://repo1.maven.org/maven2/com/netflix/concurrency-limits/concurrency-limits-core/0.3.0/\nDownloading https://repo1.maven.org/maven2/org/slf4j/slf4j-api/1.7.26/slf4j-api-1.7.26.pom\nDownloading https://repo1.maven.org/maven2/org/slf4j/slf4j-api/1.7.26/slf4j-api-1.7.26.pom.sha1\nDownloaded https://repo1.maven.org/maven2/org/slf4j/slf4j-api/1.7.26/slf4j-api-1.7.26.pom\nDownloaded https://repo1.maven.org/maven2/org/slf4j/slf4j-api/1.7.26/slf4j-api-1.7.26.pom.sha1\nDownloading https://repo1.maven.org/maven2/org/slf4j/slf4j-api/1.7.26/\nDownloaded https://repo1.maven.org/maven2/org/slf4j/slf4j-api/1.7.26/\nDownloading https://repo1.maven.org/maven2/org/slf4j/slf4j-parent/1.7.26/slf4j-parent-1.7.26.pom\nDownloading https://repo1.maven.org/maven2/org/slf4j/slf4j-parent/1.7.26/slf4j-parent-1.7.26.pom.sha1\nDownloaded https://repo1.maven.org/maven2/org/slf4j/slf4j-parent/1.7.26/slf4j-parent-1.7.26.pom.sha1\nDownloaded https://repo1.maven.org/maven2/org/slf4j/slf4j-parent/1.7.26/slf4j-parent-1.7.26.pom\nDownloading https://repo1.maven.org/maven2/org/slf4j/slf4j-parent/1.7.26/\nDownloaded https://repo1.maven.org/maven2/org/slf4j/slf4j-parent/1.7.26/\nDownloading https://repo1.maven.org/maven2/io/netty/netty-tcnative-boringssl-static/2.0.25.Final/netty-tcnative-boringssl-static-2.0.25.Final.pom\nDownloading https://repo1.maven.org/maven2/io/netty/netty-codec-http2/4.1.38.Final/netty-codec-http2-4.1.38.Final.pom.sha1\nDownloading https://repo1.maven.org/maven2/io/netty/netty-tcnative-boringssl-static/2.0.25.Final/netty-tcnative-boringssl-static-2.0.25.Final.pom.sha1\nDownloading https://repo1.maven.org/maven2/io/netty/netty-codec-http2/4.1.38.Final/netty-codec-http2-4.1.38.Final.pom\nDownloaded https://repo1.maven.org/maven2/io/netty/netty-tcnative-boringssl-static/2.0.25.Final/netty-tcnative-boringssl-static-2.0.25.Final.pom.sha1\nDownloaded https://repo1.maven.org/maven2/io/netty/netty-codec-http2/4.1.38.Final/netty-codec-http2-4.1.38.Final.pom\nDownloaded https://repo1.maven.org/maven2/io/netty/netty-codec-http2/4.1.38.Final/netty-codec-http2-4.1.38.Final.pom.sha1\nDownloading https://repo1.maven.org/maven2/io/netty/netty-codec-http2/4.1.38.Final/\nDownloaded https://repo1.maven.org/maven2/io/netty/netty-tcnative-boringssl-static/2.0.25.Final/netty-tcnative-boringssl-static-2.0.25.Final.pom\nDownloading https://repo1.maven.org/maven2/io/netty/netty-tcnative-boringssl-static/2.0.25.Final/\nDownloaded https://repo1.maven.org/maven2/io/netty/netty-codec-http2/4.1.38.Final/\nDownloaded https://repo1.maven.org/maven2/io/netty/netty-tcnative-boringssl-static/2.0.25.Final/\nDownloading https://repo1.maven.org/maven2/io/netty/netty-tcnative-parent/2.0.25.Final/netty-tcnative-parent-2.0.25.Final.pom.sha1\nDownloading https://repo1.maven.org/maven2/io/netty/netty-tcnative-parent/2.0.25.Final/netty-tcnative-parent-2.0.25.Final.pom\nDownloaded https://repo1.maven.org/maven2/io/netty/netty-tcnative-parent/2.0.25.Final/netty-tcnative-parent-2.0.25.Final.pom.sha1\nDownloaded https://repo1.maven.org/maven2/io/netty/netty-tcnative-parent/2.0.25.Final/netty-tcnative-parent-2.0.25.Final.pom\nDownloading https://repo1.maven.org/maven2/io/netty/netty-tcnative-parent/2.0.25.Final/\nDownloaded https://repo1.maven.org/maven2/io/netty/netty-tcnative-parent/2.0.25.Final/\nDownloading https://repo1.maven.org/maven2/io/netty/netty-parent/4.0.29.Final/netty-parent-4.0.29.Final.pom\nDownloading https://repo1.maven.org/maven2/io/netty/netty-parent/4.0.29.Final/netty-parent-4.0.29.Final.pom.sha1\nDownloaded https://repo1.maven.org/maven2/io/netty/netty-parent/4.0.29.Final/netty-parent-4.0.29.Final.pom.sha1\nDownloaded https://repo1.maven.org/maven2/io/netty/netty-parent/4.0.29.Final/netty-parent-4.0.29.Final.pom\nDownloading https://repo1.maven.org/maven2/io/netty/netty-parent/4.0.29.Final/\nDownloaded https://repo1.maven.org/maven2/io/netty/netty-parent/4.0.29.Final/\nDownloading https://repo1.maven.org/maven2/org/slf4j/slf4j-api/1.7.26/slf4j-api-1.7.26.jar\nDownloading https://repo1.maven.org/maven2/com/netflix/concurrency-limits/concurrency-limits-core/0.3.0/concurrency-limits-core-0.3.0.jar\nDownloaded https://repo1.maven.org/maven2/org/slf4j/slf4j-api/1.7.26/slf4j-api-1.7.26.jar\nDownloaded https://repo1.maven.org/maven2/com/netflix/concurrency-limits/concurrency-limits-core/0.3.0/concurrency-limits-core-0.3.0.jar\nDownloading https://repo1.maven.org/maven2/io/netty/netty-tcnative-boringssl-static/2.0.25.Final/netty-tcnative-boringssl-static-2.0.25.Final.jar\nDownloading https://repo1.maven.org/maven2/io/netty/netty-codec-http2/4.1.38.Final/netty-codec-http2-4.1.38.Final.jar\nDownloaded https://repo1.maven.org/maven2/io/netty/netty-codec-http2/4.1.38.Final/netty-codec-http2-4.1.38.Final.jar\nDownloaded https://repo1.maven.org/maven2/io/netty/netty-tcnative-boringssl-static/2.0.25.Final/netty-tcnative-boringssl-static-2.0.25.Final.jar\nDownloading https://repo1.maven.org/maven2/io/opencensus/opencensus-api/0.19.1/opencensus-api-0.19.1.pom\nDownloading https://repo1.maven.org/maven2/io/opencensus/opencensus-impl/0.19.1/opencensus-impl-0.19.1.pom\nDownloading https://repo1.maven.org/maven2/io/opencensus/opencensus-api/0.19.1/opencensus-api-0.19.1.pom.sha1\nDownloading https://repo1.maven.org/maven2/io/opencensus/opencensus-impl/0.19.1/opencensus-impl-0.19.1.pom.sha1\nDownloaded https://repo1.maven.org/maven2/io/opencensus/opencensus-api/0.19.1/opencensus-api-0.19.1.pom.sha1\nDownloaded https://repo1.maven.org/maven2/io/opencensus/opencensus-impl/0.19.1/opencensus-impl-0.19.1.pom\nDownloaded https://repo1.maven.org/maven2/io/opencensus/opencensus-api/0.19.1/opencensus-api-0.19.1.pom\nDownloading https://repo1.maven.org/maven2/io/opencensus/opencensus-api/0.19.1/\nDownloaded https://repo1.maven.org/maven2/io/opencensus/opencensus-api/0.19.1/\nDownloaded https://repo1.maven.org/maven2/io/opencensus/opencensus-impl/0.19.1/opencensus-impl-0.19.1.pom.sha1\nDownloading https://repo1.maven.org/maven2/io/opencensus/opencensus-impl/0.19.1/\nDownloaded https://repo1.maven.org/maven2/io/opencensus/opencensus-impl/0.19.1/\nDownloading https://repo1.maven.org/maven2/io/grpc/grpc-context/1.18.0/grpc-context-1.18.0.pom\nDownloading https://repo1.maven.org/maven2/io/grpc/grpc-context/1.18.0/grpc-context-1.18.0.pom.sha1\nDownloaded https://repo1.maven.org/maven2/io/grpc/grpc-context/1.18.0/grpc-context-1.18.0.pom\nDownloaded https://repo1.maven.org/maven2/io/grpc/grpc-context/1.18.0/grpc-context-1.18.0.pom.sha1\nDownloading https://repo1.maven.org/maven2/io/grpc/grpc-context/1.18.0/\nDownloaded https://repo1.maven.org/maven2/io/grpc/grpc-context/1.18.0/\nDownloading https://repo1.maven.org/maven2/io/opencensus/opencensus-impl-core/0.19.1/opencensus-impl-core-0.19.1.pom\nDownloading https://repo1.maven.org/maven2/io/opencensus/opencensus-impl-core/0.19.1/opencensus-impl-core-0.19.1.pom.sha1\nDownloaded https://repo1.maven.org/maven2/io/opencensus/opencensus-impl-core/0.19.1/opencensus-impl-core-0.19.1.pom\nDownloading https://repo1.maven.org/maven2/com/lmax/disruptor/3.4.2/disruptor-3.4.2.pom.sha1\nDownloading https://repo1.maven.org/maven2/com/lmax/disruptor/3.4.2/disruptor-3.4.2.pom\nDownloaded https://repo1.maven.org/maven2/io/opencensus/opencensus-impl-core/0.19.1/opencensus-impl-core-0.19.1.pom.sha1\nDownloaded https://repo1.maven.org/maven2/com/lmax/disruptor/3.4.2/disruptor-3.4.2.pom.sha1\nDownloading https://repo1.maven.org/maven2/io/opencensus/opencensus-impl-core/0.19.1/\nDownloaded https://repo1.maven.org/maven2/com/lmax/disruptor/3.4.2/disruptor-3.4.2.pom\nDownloading https://repo1.maven.org/maven2/com/lmax/disruptor/3.4.2/\nDownloaded https://repo1.maven.org/maven2/io/opencensus/opencensus-impl-core/0.19.1/\nDownloaded https://repo1.maven.org/maven2/com/lmax/disruptor/3.4.2/\nDownloading https://repo1.maven.org/maven2/com/google/guava/guava/25.1-android/guava-25.1-android.pom\nDownloading https://repo1.maven.org/maven2/com/google/guava/guava/25.1-android/guava-25.1-android.pom.sha1\nDownloaded https://repo1.maven.org/maven2/com/google/guava/guava/25.1-android/guava-25.1-android.pom\nDownloaded https://repo1.maven.org/maven2/com/google/guava/guava/25.1-android/guava-25.1-android.pom.sha1\nDownloading https://repo1.maven.org/maven2/com/google/guava/guava/25.1-android/\nDownloaded https://repo1.maven.org/maven2/com/google/guava/guava/25.1-android/\nDownloading https://repo1.maven.org/maven2/com/google/guava/guava-parent/25.1-android/guava-parent-25.1-android.pom\nDownloading https://repo1.maven.org/maven2/com/google/guava/guava-parent/25.1-android/guava-parent-25.1-android.pom.sha1\nDownloaded https://repo1.maven.org/maven2/com/google/guava/guava-parent/25.1-android/guava-parent-25.1-android.pom\nDownloaded https://repo1.maven.org/maven2/com/google/guava/guava-parent/25.1-android/guava-parent-25.1-android.pom.sha1\nDownloading https://repo1.maven.org/maven2/com/google/guava/guava-parent/25.1-android/\nDownloaded https://repo1.maven.org/maven2/com/google/guava/guava-parent/25.1-android/\nDownloading https://repo1.maven.org/maven2/org/checkerframework/checker-compat-qual/2.0.0/checker-compat-qual-2.0.0.pom\nDownloading https://repo1.maven.org/maven2/org/checkerframework/checker-compat-qual/2.0.0/checker-compat-qual-2.0.0.pom.sha1\nDownloading https://repo1.maven.org/maven2/com/google/errorprone/error_prone_annotations/2.1.3/error_prone_annotations-2.1.3.pom\nDownloading https://repo1.maven.org/maven2/com/google/errorprone/error_prone_annotations/2.1.3/error_prone_annotations-2.1.3.pom.sha1\nDownloading https://repo1.maven.org/maven2/com/google/j2objc/j2objc-annotations/1.1/j2objc-annotations-1.1.pom\nDownloading https://repo1.maven.org/maven2/com/google/j2objc/j2objc-annotations/1.1/j2objc-annotations-1.1.pom.sha1\nDownloaded https://repo1.maven.org/maven2/com/google/errorprone/error_prone_annotations/2.1.3/error_prone_annotations-2.1.3.pom.sha1\nDownloaded https://repo1.maven.org/maven2/com/google/errorprone/error_prone_annotations/2.1.3/error_prone_annotations-2.1.3.pom\nDownloaded https://repo1.maven.org/maven2/org/checkerframework/checker-compat-qual/2.0.0/checker-compat-qual-2.0.0.pom.sha1\nDownloaded https://repo1.maven.org/maven2/org/checkerframework/checker-compat-qual/2.0.0/checker-compat-qual-2.0.0.pom\nDownloading https://repo1.maven.org/maven2/org/checkerframework/checker-compat-qual/2.0.0/\nDownloading https://repo1.maven.org/maven2/com/google/code/findbugs/jsr305/3.0.2/jsr305-3.0.2.pom\nDownloading https://repo1.maven.org/maven2/com/google/code/findbugs/jsr305/3.0.2/jsr305-3.0.2.pom.sha1\nDownloading https://repo1.maven.org/maven2/org/codehaus/mojo/animal-sniffer-annotations/1.14/animal-sniffer-annotations-1.14.pom\nDownloaded https://repo1.maven.org/maven2/org/checkerframework/checker-compat-qual/2.0.0/\nDownloading https://repo1.maven.org/maven2/org/codehaus/mojo/animal-sniffer-annotations/1.14/animal-sniffer-annotations-1.14.pom.sha1\nDownloaded https://repo1.maven.org/maven2/com/google/j2objc/j2objc-annotations/1.1/j2objc-annotations-1.1.pom.sha1\nDownloading https://repo1.maven.org/maven2/com/google/errorprone/error_prone_annotations/2.1.3/\nDownloaded https://repo1.maven.org/maven2/org/codehaus/mojo/animal-sniffer-annotations/1.14/animal-sniffer-annotations-1.14.pom.sha1\nDownloaded https://repo1.maven.org/maven2/com/google/code/findbugs/jsr305/3.0.2/jsr305-3.0.2.pom.sha1\nDownloaded https://repo1.maven.org/maven2/com/google/code/findbugs/jsr305/3.0.2/jsr305-3.0.2.pom\nDownloading https://repo1.maven.org/maven2/com/google/code/findbugs/jsr305/3.0.2/\nDownloaded https://repo1.maven.org/maven2/com/google/j2objc/j2objc-annotations/1.1/j2objc-annotations-1.1.pom\nDownloading https://repo1.maven.org/maven2/com/google/j2objc/j2objc-annotations/1.1/\nDownloaded https://repo1.maven.org/maven2/com/google/errorprone/error_prone_annotations/2.1.3/\nDownloaded https://repo1.maven.org/maven2/com/google/j2objc/j2objc-annotations/1.1/\nDownloaded https://repo1.maven.org/maven2/com/google/code/findbugs/jsr305/3.0.2/\nDownloaded https://repo1.maven.org/maven2/org/codehaus/mojo/animal-sniffer-annotations/1.14/animal-sniffer-annotations-1.14.pom\nDownloading https://repo1.maven.org/maven2/org/codehaus/mojo/animal-sniffer-annotations/1.14/\nDownloaded https://repo1.maven.org/maven2/org/codehaus/mojo/animal-sniffer-annotations/1.14/\nDownloading https://repo1.maven.org/maven2/com/google/errorprone/error_prone_parent/2.1.3/error_prone_parent-2.1.3.pom\nDownloading https://repo1.maven.org/maven2/com/google/errorprone/error_prone_parent/2.1.3/error_prone_parent-2.1.3.pom.sha1\nDownloading https://repo1.maven.org/maven2/org/codehaus/mojo/animal-sniffer-parent/1.14/animal-sniffer-parent-1.14.pom\nDownloading https://repo1.maven.org/maven2/org/codehaus/mojo/animal-sniffer-parent/1.14/animal-sniffer-parent-1.14.pom.sha1\nDownloaded https://repo1.maven.org/maven2/org/codehaus/mojo/animal-sniffer-parent/1.14/animal-sniffer-parent-1.14.pom.sha1\nDownloaded https://repo1.maven.org/maven2/org/codehaus/mojo/animal-sniffer-parent/1.14/animal-sniffer-parent-1.14.pom\nDownloading https://repo1.maven.org/maven2/org/codehaus/mojo/animal-sniffer-parent/1.14/\nDownloaded https://repo1.maven.org/maven2/com/google/errorprone/error_prone_parent/2.1.3/error_prone_parent-2.1.3.pom\nDownloaded https://repo1.maven.org/maven2/com/google/errorprone/error_prone_parent/2.1.3/error_prone_parent-2.1.3.pom.sha1\nDownloading https://repo1.maven.org/maven2/com/google/errorprone/error_prone_parent/2.1.3/\nDownloaded https://repo1.maven.org/maven2/org/codehaus/mojo/animal-sniffer-parent/1.14/\nDownloaded https://repo1.maven.org/maven2/com/google/errorprone/error_prone_parent/2.1.3/\nDownloading https://repo1.maven.org/maven2/org/codehaus/mojo/mojo-parent/34/mojo-parent-34.pom\nDownloading https://repo1.maven.org/maven2/org/codehaus/mojo/mojo-parent/34/mojo-parent-34.pom.sha1\nDownloaded https://repo1.maven.org/maven2/org/codehaus/mojo/mojo-parent/34/mojo-parent-34.pom.sha1\nDownloaded https://repo1.maven.org/maven2/org/codehaus/mojo/mojo-parent/34/mojo-parent-34.pom\nDownloading https://repo1.maven.org/maven2/org/codehaus/mojo/mojo-parent/34/\nDownloaded https://repo1.maven.org/maven2/org/codehaus/mojo/mojo-parent/34/\nDownloading https://repo1.maven.org/maven2/org/codehaus/codehaus-parent/4/codehaus-parent-4.pom\nDownloading https://repo1.maven.org/maven2/org/codehaus/codehaus-parent/4/codehaus-parent-4.pom.sha1\nDownloaded https://repo1.maven.org/maven2/org/codehaus/codehaus-parent/4/codehaus-parent-4.pom.sha1\nDownloaded https://repo1.maven.org/maven2/org/codehaus/codehaus-parent/4/codehaus-parent-4.pom\nDownloading https://repo1.maven.org/maven2/org/codehaus/codehaus-parent/4/\nDownloaded https://repo1.maven.org/maven2/org/codehaus/codehaus-parent/4/\nDownloading https://repo1.maven.org/maven2/io/opencensus/opencensus-impl-core/0.19.1/opencensus-impl-core-0.19.1.jar\nDownloading https://repo1.maven.org/maven2/com/google/j2objc/j2objc-annotations/1.1/j2objc-annotations-1.1.jar\nDownloading https://repo1.maven.org/maven2/com/google/guava/guava/25.1-android/guava-25.1-android.jar\nDownloading https://repo1.maven.org/maven2/com/google/errorprone/error_prone_annotations/2.1.3/error_prone_annotations-2.1.3.jar\nDownloading https://repo1.maven.org/maven2/io/opencensus/opencensus-impl/0.19.1/opencensus-impl-0.19.1.jar\nDownloading https://repo1.maven.org/maven2/io/opencensus/opencensus-api/0.19.1/opencensus-api-0.19.1.jar\nDownloaded https://repo1.maven.org/maven2/com/google/j2objc/j2objc-annotations/1.1/j2objc-annotations-1.1.jar\nDownloading https://repo1.maven.org/maven2/io/grpc/grpc-context/1.18.0/grpc-context-1.18.0.jar\nDownloaded https://repo1.maven.org/maven2/io/opencensus/opencensus-impl/0.19.1/opencensus-impl-0.19.1.jar\nDownloaded https://repo1.maven.org/maven2/com/google/errorprone/error_prone_annotations/2.1.3/error_prone_annotations-2.1.3.jar\nDownloading https://repo1.maven.org/maven2/org/codehaus/mojo/animal-sniffer-annotations/1.14/animal-sniffer-annotations-1.14.jar\nDownloading https://repo1.maven.org/maven2/com/google/code/findbugs/jsr305/3.0.2/jsr305-3.0.2.jar\nDownloaded https://repo1.maven.org/maven2/io/opencensus/opencensus-impl-core/0.19.1/opencensus-impl-core-0.19.1.jar\nDownloading https://repo1.maven.org/maven2/com/lmax/disruptor/3.4.2/disruptor-3.4.2.jar\nDownloaded https://repo1.maven.org/maven2/org/codehaus/mojo/animal-sniffer-annotations/1.14/animal-sniffer-annotations-1.14.jar\nDownloading https://repo1.maven.org/maven2/org/checkerframework/checker-compat-qual/2.0.0/checker-compat-qual-2.0.0.jar\nDownloaded https://repo1.maven.org/maven2/com/google/code/findbugs/jsr305/3.0.2/jsr305-3.0.2.jar\nDownloaded https://repo1.maven.org/maven2/io/grpc/grpc-context/1.18.0/grpc-context-1.18.0.jar\nDownloaded https://repo1.maven.org/maven2/org/checkerframework/checker-compat-qual/2.0.0/checker-compat-qual-2.0.0.jar\nDownloaded https://repo1.maven.org/maven2/com/lmax/disruptor/3.4.2/disruptor-3.4.2.jar\nDownloaded https://repo1.maven.org/maven2/io/opencensus/opencensus-api/0.19.1/opencensus-api-0.19.1.jar\nDownloaded https://repo1.maven.org/maven2/com/google/guava/guava/25.1-android/guava-25.1-android.jar\nDownloading https://repo1.maven.org/maven2/com/twitter/bijection-core_2.11/0.9.4/bijection-core_2.11-0.9.4.pom\nDownloading https://repo1.maven.org/maven2/com/twitter/bijection-core_2.11/0.9.4/bijection-core_2.11-0.9.4.pom.sha1\nDownloaded https://repo1.maven.org/maven2/com/twitter/bijection-core_2.11/0.9.4/bijection-core_2.11-0.9.4.pom.sha1\nDownloaded https://repo1.maven.org/maven2/com/twitter/bijection-core_2.11/0.9.4/bijection-core_2.11-0.9.4.pom\nDownloading https://repo1.maven.org/maven2/com/twitter/bijection-core_2.11/0.9.4/\nDownloaded https://repo1.maven.org/maven2/com/twitter/bijection-core_2.11/0.9.4/\nDownloading https://repo1.maven.org/maven2/org/slf4j/slf4j-api/1.7.12/slf4j-api-1.7.12.pom\nDownloading https://repo1.maven.org/maven2/org/apache/httpcomponents/httpclient/4.4.1/httpclient-4.4.1.pom\nDownloading https://repo1.maven.org/maven2/org/apache/httpcomponents/httpcore/4.4.1/httpcore-4.4.1.pom\nDownloaded https://repo1.maven.org/maven2/org/slf4j/slf4j-api/1.7.12/slf4j-api-1.7.12.pom\nDownloading https://repo1.maven.org/maven2/org/apache/httpcomponents/httpclient/4.4.1/httpclient-4.4.1.pom.sha1\nDownloaded https://repo1.maven.org/maven2/org/apache/httpcomponents/httpclient/4.4.1/httpclient-4.4.1.pom\nDownloading https://repo1.maven.org/maven2/org/apache/httpcomponents/httpcore/4.4.1/httpcore-4.4.1.pom.sha1\nDownloaded https://repo1.maven.org/maven2/org/apache/httpcomponents/httpcore/4.4.1/httpcore-4.4.1.pom\nDownloading https://repo1.maven.org/maven2/org/slf4j/slf4j-api/1.7.12/slf4j-api-1.7.12.pom.sha1\nDownloaded https://repo1.maven.org/maven2/org/apache/httpcomponents/httpclient/4.4.1/httpclient-4.4.1.pom.sha1\nDownloaded https://repo1.maven.org/maven2/org/apache/httpcomponents/httpcore/4.4.1/httpcore-4.4.1.pom.sha1\nDownloading https://repo1.maven.org/maven2/org/apache/httpcomponents/httpcore/4.4.1/\nDownloading https://repo1.maven.org/maven2/org/apache/httpcomponents/httpclient/4.4.1/\nDownloaded https://repo1.maven.org/maven2/org/slf4j/slf4j-api/1.7.12/slf4j-api-1.7.12.pom.sha1\nDownloaded https://repo1.maven.org/maven2/org/apache/httpcomponents/httpcore/4.4.1/\nDownloaded https://repo1.maven.org/maven2/org/apache/httpcomponents/httpclient/4.4.1/\nDownloading https://repo1.maven.org/maven2/org/slf4j/slf4j-api/1.7.12/\nDownloaded https://repo1.maven.org/maven2/org/slf4j/slf4j-api/1.7.12/\nDownloading https://repo1.maven.org/maven2/org/apache/httpcomponents/httpcomponents-client/4.4.1/httpcomponents-client-4.4.1.pom\nDownloading https://repo1.maven.org/maven2/org/apache/httpcomponents/httpcomponents-client/4.4.1/httpcomponents-client-4.4.1.pom.sha1\nDownloading https://repo1.maven.org/maven2/org/slf4j/slf4j-parent/1.7.12/slf4j-parent-1.7.12.pom\nDownloading https://repo1.maven.org/maven2/org/slf4j/slf4j-parent/1.7.12/slf4j-parent-1.7.12.pom.sha1\nDownloading https://repo1.maven.org/maven2/org/apache/httpcomponents/httpcomponents-core/4.4.1/httpcomponents-core-4.4.1.pom\nDownloaded https://repo1.maven.org/maven2/org/apache/httpcomponents/httpcomponents-client/4.4.1/httpcomponents-client-4.4.1.pom.sha1\nDownloaded https://repo1.maven.org/maven2/org/slf4j/slf4j-parent/1.7.12/slf4j-parent-1.7.12.pom.sha1\nDownloaded https://repo1.maven.org/maven2/org/slf4j/slf4j-parent/1.7.12/slf4j-parent-1.7.12.pom\nDownloading https://repo1.maven.org/maven2/org/apache/httpcomponents/httpcomponents-core/4.4.1/httpcomponents-core-4.4.1.pom.sha1\nDownloaded https://repo1.maven.org/maven2/org/apache/httpcomponents/httpcomponents-core/4.4.1/httpcomponents-core-4.4.1.pom\nDownloaded https://repo1.maven.org/maven2/org/apache/httpcomponents/httpcomponents-client/4.4.1/httpcomponents-client-4.4.1.pom\nDownloading https://repo1.maven.org/maven2/org/slf4j/slf4j-parent/1.7.12/\nDownloading https://repo1.maven.org/maven2/org/apache/httpcomponents/httpcomponents-client/4.4.1/\nDownloaded https://repo1.maven.org/maven2/org/apache/httpcomponents/httpcomponents-core/4.4.1/httpcomponents-core-4.4.1.pom.sha1\nDownloading https://repo1.maven.org/maven2/org/apache/httpcomponents/httpcomponents-core/4.4.1/\nDownloaded https://repo1.maven.org/maven2/org/apache/httpcomponents/httpcomponents-client/4.4.1/\nDownloaded https://repo1.maven.org/maven2/org/apache/httpcomponents/httpcomponents-core/4.4.1/\nDownloaded https://repo1.maven.org/maven2/org/slf4j/slf4j-parent/1.7.12/\nDownloading https://repo1.maven.org/maven2/org/apache/httpcomponents/project/7/project-7.pom\nDownloading https://repo1.maven.org/maven2/org/apache/httpcomponents/project/7/project-7.pom.sha1\nDownloaded https://repo1.maven.org/maven2/org/apache/httpcomponents/project/7/project-7.pom\nDownloaded https://repo1.maven.org/maven2/org/apache/httpcomponents/project/7/project-7.pom.sha1\nDownloading https://repo1.maven.org/maven2/org/apache/httpcomponents/project/7/\nDownloaded https://repo1.maven.org/maven2/org/apache/httpcomponents/project/7/\nDownloading https://repo1.maven.org/maven2/org/apache/apache/13/apache-13.pom\nDownloading https://repo1.maven.org/maven2/org/apache/apache/13/apache-13.pom.sha1\nDownloaded https://repo1.maven.org/maven2/org/apache/apache/13/apache-13.pom.sha1\nDownloaded https://repo1.maven.org/maven2/org/apache/apache/13/apache-13.pom\nDownloading https://repo1.maven.org/maven2/org/apache/apache/13/\nDownloaded https://repo1.maven.org/maven2/org/apache/apache/13/\nDownloading https://repo1.maven.org/maven2/commons-codec/commons-codec/1.9/commons-codec-1.9.pom\nDownloading https://repo1.maven.org/maven2/commons-logging/commons-logging/1.2/commons-logging-1.2.pom.sha1\nDownloading https://repo1.maven.org/maven2/commons-logging/commons-logging/1.2/commons-logging-1.2.pom\nDownloading https://repo1.maven.org/maven2/commons-codec/commons-codec/1.9/commons-codec-1.9.pom.sha1\nDownloaded https://repo1.maven.org/maven2/commons-codec/commons-codec/1.9/commons-codec-1.9.pom.sha1\nDownloaded https://repo1.maven.org/maven2/commons-logging/commons-logging/1.2/commons-logging-1.2.pom\nDownloaded https://repo1.maven.org/maven2/commons-logging/commons-logging/1.2/commons-logging-1.2.pom.sha1\nDownloading https://repo1.maven.org/maven2/commons-logging/commons-logging/1.2/\nDownloaded https://repo1.maven.org/maven2/commons-logging/commons-logging/1.2/\nDownloaded https://repo1.maven.org/maven2/commons-codec/commons-codec/1.9/commons-codec-1.9.pom\nDownloading https://repo1.maven.org/maven2/commons-codec/commons-codec/1.9/\nDownloaded https://repo1.maven.org/maven2/commons-codec/commons-codec/1.9/\nDownloading https://repo1.maven.org/maven2/org/apache/commons/commons-parent/34/commons-parent-34.pom\nDownloading https://repo1.maven.org/maven2/org/apache/commons/commons-parent/34/commons-parent-34.pom.sha1\nDownloaded https://repo1.maven.org/maven2/org/apache/commons/commons-parent/34/commons-parent-34.pom\nDownloaded https://repo1.maven.org/maven2/org/apache/commons/commons-parent/34/commons-parent-34.pom.sha1\nDownloading https://repo1.maven.org/maven2/org/apache/commons/commons-parent/34/\nDownloaded https://repo1.maven.org/maven2/org/apache/commons/commons-parent/34/\nDownloading https://repo1.maven.org/maven2/org/apache/commons/commons-parent/32/commons-parent-32.pom\nDownloading https://repo1.maven.org/maven2/org/apache/commons/commons-parent/32/commons-parent-32.pom.sha1\nDownloaded https://repo1.maven.org/maven2/org/apache/commons/commons-parent/32/commons-parent-32.pom.sha1\nDownloaded https://repo1.maven.org/maven2/org/apache/commons/commons-parent/32/commons-parent-32.pom\nDownloading https://repo1.maven.org/maven2/org/apache/commons/commons-parent/32/\nDownloaded https://repo1.maven.org/maven2/org/apache/commons/commons-parent/32/\nDownloading https://repo1.maven.org/maven2/commons-codec/commons-codec/1.9/commons-codec-1.9.jar\nDownloading https://repo1.maven.org/maven2/com/twitter/bijection-core_2.11/0.9.4/bijection-core_2.11-0.9.4.jar\nDownloading https://repo1.maven.org/maven2/commons-logging/commons-logging/1.2/commons-logging-1.2.jar\nDownloading https://repo1.maven.org/maven2/org/slf4j/slf4j-api/1.7.12/slf4j-api-1.7.12.jar\nDownloading https://repo1.maven.org/maven2/org/apache/httpcomponents/httpcore/4.4.1/httpcore-4.4.1.jar\nDownloading https://repo1.maven.org/maven2/org/apache/httpcomponents/httpclient/4.4.1/httpclient-4.4.1.jar\nDownloaded https://repo1.maven.org/maven2/org/slf4j/slf4j-api/1.7.12/slf4j-api-1.7.12.jar\nDownloaded https://repo1.maven.org/maven2/org/apache/httpcomponents/httpcore/4.4.1/httpcore-4.4.1.jar\nDownloaded https://repo1.maven.org/maven2/commons-logging/commons-logging/1.2/commons-logging-1.2.jar\nDownloaded https://repo1.maven.org/maven2/commons-codec/commons-codec/1.9/commons-codec-1.9.jar\nDownloaded https://repo1.maven.org/maven2/org/apache/httpcomponents/httpclient/4.4.1/httpclient-4.4.1.jar\nDownloaded https://repo1.maven.org/maven2/com/twitter/bijection-core_2.11/0.9.4/bijection-core_2.11-0.9.4.jar\n[success] Total time: 20 s, completed Aug 1, 2019 12:37:42 AM\n[success] Total time: 1 s, completed Aug 1, 2019 12:37:43 AM\ntravis_time:end:116c2830:start=1564619796615840904,finish=1564619863660763575,duration=67044922671\n\u001b[0Ktravis_fold:end:before_script.3\n\u001b[0Ktravis_fold:start:before_script.4\n\u001b[0Ktravis_time:start:05afe6e0\n\u001b[0K$ ./sbt ++$TRAVIS_SCALA_VERSION finagle-memcached/test:compile\n[info] Loading settings from build.sbt,unidoc.sbt,plugins.sbt ...\n[info] Loading project definition from /home/travis/build/twitter/finagle/project\n[info] Loading settings from build.sbt ...\n[info] Resolving key references (17383 settings) ...\n[info] Using Netty SNAPSHOT build mode: false\n[info] Netty version: 4.1.38.Final\n[info] Netty tcnative version 2.0.25.Final\n[info] Set current project to finagle (in build file:/home/travis/build/twitter/finagle/)\n[info] Setting Scala version to 2.11.12 on 30 projects.\n[info] Reapplying settings...\n[info] Using Netty SNAPSHOT build mode: false\n[info] Netty version: 4.1.38.Final\n[info] Netty tcnative version 2.0.25.Final\n[info] Set current project to finagle (in build file:/home/travis/build/twitter/finagle/)\n[info] Compiling 1 Scala source to /home/travis/build/twitter/finagle/finagle-init/target/scala-2.11/classes ...\n[info] Compiling 10 Scala sources to /home/travis/build/twitter/finagle/finagle-toggle/target/scala-2.11/classes ...\n[info] Done compiling.\n[info] Generating scrooge thrift for /home/travis/build/twitter/finagle/finagle-serversets/src/main/thrift/com/twitter/thrift/endpoint.thrift ...\n[info] Done compiling.\n[info] Compiling 1 Scala source to /home/travis/build/twitter/finagle/finagle-tunable/target/scala-2.11/classes ...\n[info] Compiling 301 Scala sources and 12 Java sources to /home/travis/build/twitter/finagle/finagle-core/target/scala-2.11/classes ...\n[info] Done compiling.\n[warn] there were three deprecation warnings; re-run with -deprecation for details\n[warn] one warning found\n[info] Done compiling.\n[info] Compiling 38 Scala sources and 17 Java sources to /home/travis/build/twitter/finagle/finagle-serversets/target/scala-2.11/classes ...\n[info] Compiling 59 Scala sources to /home/travis/build/twitter/finagle/finagle-base-http/target/scala-2.11/classes ...\n[warn] there were three deprecation warnings; re-run with -deprecation for details\n[warn] one warning found\n[warn] there were two deprecation warnings; re-run with -deprecation for details\n[warn] one warning found\n[info] Done compiling.\n[info] Compiling 63 Scala sources to /home/travis/build/twitter/finagle/finagle-netty4/target/scala-2.11/classes ...\n[info] /home/travis/build/twitter/finagle/finagle-serversets/src/main/java/com/twitter/finagle/common/zookeeper/ServerSetImpl.java: /home/travis/build/twitter/finagle/finagle-serversets/src/main/java/com/twitter/finagle/common/zookeeper/ServerSetImpl.java uses or overrides a deprecated API.\n[info] /home/travis/build/twitter/finagle/finagle-serversets/src/main/java/com/twitter/finagle/common/zookeeper/ServerSetImpl.java: Recompile with -Xlint:deprecation for details.\n[info] Done compiling.\n[warn] there were 7 deprecation warnings; re-run with -deprecation for details\n[warn] one warning found\n[info] Done compiling.\n[info] Compiling 17 Scala sources to /home/travis/build/twitter/finagle/finagle-netty4-http/target/scala-2.11/classes ...\n[info] Compiling 192 Scala sources and 35 Java sources to /home/travis/build/twitter/finagle/finagle-core/target/scala-2.11/test-classes ...\n[info] Done compiling.\n[info] Compiling 48 Scala sources to /home/travis/build/twitter/finagle/finagle-http2/target/scala-2.11/classes ...\n[warn] there were 10 deprecation warnings; re-run with -deprecation for details\n[warn] one warning found\n[info] Done compiling.\n[info] Compiling 27 Scala sources to /home/travis/build/twitter/finagle/finagle-http/target/scala-2.11/classes ...\n[warn] there were four deprecation warnings; re-run with -deprecation for details\n[warn] one warning found\n[info] Done compiling.\n[info] Compiling 19 Scala sources to /home/travis/build/twitter/finagle/finagle-stats-core/target/scala-2.11/classes ...\n[info] Done compiling.\n[info] Compiling 1 Scala source to /home/travis/build/twitter/finagle/finagle-stats/target/scala-2.11/classes ...\n[info] Done compiling.\n[info] Compiling 45 Scala sources and 3 Java sources to /home/travis/build/twitter/finagle/finagle-memcached/target/scala-2.11/classes ...\n[warn] there were four deprecation warnings; re-run with -deprecation for details\n[warn] one warning found\n[info] Done compiling.\n[warn] there were 16 deprecation warnings; re-run with -deprecation for details\n[warn] one warning found\n[info] Done compiling.\n[info] Compiling 36 Scala sources and 3 Java sources to /home/travis/build/twitter/finagle/finagle-memcached/target/scala-2.11/test-classes ...\n[warn] there was one deprecation warning; re-run with -deprecation for details\n[warn] one warning found\n[info] Done compiling.\n[success] Total time: 160 s, completed Aug 1, 2019 12:40:46 AM\ntravis_time:end:05afe6e0:start=1564619863666921694,finish=1564620046651178796,duration=182984257102\n\u001b[0Ktravis_fold:end:before_script.4\n\u001b[0Ktravis_time:start:07203a8c\n\u001b[0K$ if [[ ! -z \"${USE_NETTY_SNAPSHOT}\" ]]; then source ./netty-snapshot-env.sh $USE_NETTY_SNAPSHOT; fi\ntravis_time:end:07203a8c:start=1564620046656606513,finish=1564620046659939478,duration=3332965\n\u001b[0K\u001b[32;1mThe command \"if [[ ! -z \"${USE_NETTY_SNAPSHOT}\" ]]; then source ./netty-snapshot-env.sh $USE_NETTY_SNAPSHOT; fi\" exited with 0.\u001b[0m\n\ntravis_time:start:09216798\n\u001b[0K$ travis_retry ./sbt ++$TRAVIS_SCALA_VERSION coverage \"$PROJECT/test\" coverageReport\n[info] Loading settings from build.sbt,unidoc.sbt,plugins.sbt ...\n[info] Loading project definition from /home/travis/build/twitter/finagle/project\n[info] Loading settings from build.sbt ...\n[info] Resolving key references (17383 settings) ...\n[info] Using Netty SNAPSHOT build mode: false\n[info] Netty version: 4.1.38.Final\n[info] Netty tcnative version 2.0.25.Final\n[info] Set current project to finagle (in build file:/home/travis/build/twitter/finagle/)\n[info] Setting Scala version to 2.11.12 on 30 projects.\n[info] Reapplying settings...\n[info] Using Netty SNAPSHOT build mode: false\n[info] Netty version: 4.1.38.Final\n[info] Netty tcnative version 2.0.25.Final\n[info] Set current project to finagle (in build file:/home/travis/build/twitter/finagle/)\n[info] Defining ThisBuild / coverageEnabled\n[info] The new value will be used by Compile / compile / scalacOptions, finagle-base-http / Compile / compile / scalacOptions and 57 others.\n[info] \tRun `last` for details.\n[info] Reapplying settings...\n[info] Using Netty SNAPSHOT build mode: false\n[info] Netty version: 4.1.38.Final\n[info] Netty tcnative version 2.0.25.Final\n[info] Set current project to finagle (in build file:/home/travis/build/twitter/finagle/)\nDownloading https://repo1.maven.org/maven2/org/scoverage/scalac-scoverage-runtime_2.11/1.3.1/scalac-scoverage-runtime_2.11-1.3.1.pom.sha1\nDownloading https://repo1.maven.org/maven2/org/scoverage/scalac-scoverage-runtime_2.11/1.3.1/scalac-scoverage-runtime_2.11-1.3.1.pom\nDownloaded https://repo1.maven.org/maven2/org/scoverage/scalac-scoverage-runtime_2.11/1.3.1/scalac-scoverage-runtime_2.11-1.3.1.pom.sha1\nDownloaded https://repo1.maven.org/maven2/org/scoverage/scalac-scoverage-runtime_2.11/1.3.1/scalac-scoverage-runtime_2.11-1.3.1.pom\nDownloading https://repo1.maven.org/maven2/org/scoverage/scalac-scoverage-runtime_2.11/1.3.1/\nDownloaded https://repo1.maven.org/maven2/org/scoverage/scalac-scoverage-runtime_2.11/1.3.1/\nDownloading https://repo1.maven.org/maven2/org/scoverage/scalac-scoverage-plugin_2.11/1.3.1/scalac-scoverage-plugin_2.11-1.3.1.pom\nDownloading https://repo1.maven.org/maven2/org/scoverage/scalac-scoverage-plugin_2.11/1.3.1/scalac-scoverage-plugin_2.11-1.3.1.pom.sha1\nDownloaded https://repo1.maven.org/maven2/org/scoverage/scalac-scoverage-plugin_2.11/1.3.1/scalac-scoverage-plugin_2.11-1.3.1.pom.sha1\nDownloaded https://repo1.maven.org/maven2/org/scoverage/scalac-scoverage-plugin_2.11/1.3.1/scalac-scoverage-plugin_2.11-1.3.1.pom\nDownloading https://repo1.maven.org/maven2/org/scoverage/scalac-scoverage-plugin_2.11/1.3.1/\nDownloaded https://repo1.maven.org/maven2/org/scoverage/scalac-scoverage-plugin_2.11/1.3.1/\nDownloading https://repo1.maven.org/maven2/org/scala-lang/scala-library/2.11.11/scala-library-2.11.11.pom\nDownloading https://repo1.maven.org/maven2/org/scala-lang/scala-library/2.11.11/scala-library-2.11.11.pom.sha1\nDownloaded https://repo1.maven.org/maven2/org/scala-lang/scala-library/2.11.11/scala-library-2.11.11.pom.sha1\nDownloaded https://repo1.maven.org/maven2/org/scala-lang/scala-library/2.11.11/scala-library-2.11.11.pom\nDownloading https://repo1.maven.org/maven2/org/scala-lang/scala-library/2.11.11/\nDownloaded https://repo1.maven.org/maven2/org/scala-lang/scala-library/2.11.11/\nDownloading https://repo1.maven.org/maven2/org/scoverage/scalac-scoverage-runtime_2.11/1.3.1/scalac-scoverage-runtime_2.11-1.3.1.jar\nDownloading https://repo1.maven.org/maven2/org/scala-lang/scala-library/2.11.11/scala-library-2.11.11.jar\nDownloading https://repo1.maven.org/maven2/org/scoverage/scalac-scoverage-plugin_2.11/1.3.1/scalac-scoverage-plugin_2.11-1.3.1.jar\nDownloaded https://repo1.maven.org/maven2/org/scoverage/scalac-scoverage-runtime_2.11/1.3.1/scalac-scoverage-runtime_2.11-1.3.1.jar\nDownloaded https://repo1.maven.org/maven2/org/scoverage/scalac-scoverage-plugin_2.11/1.3.1/scalac-scoverage-plugin_2.11-1.3.1.jar\nDownloaded https://repo1.maven.org/maven2/org/scala-lang/scala-library/2.11.11/scala-library-2.11.11.jar\n[info] Generating scrooge thrift for /home/travis/build/twitter/finagle/finagle-thrift/src/main/thrift/tracing.thrift ...\n[info] Compiling 1 Scala source to /home/travis/build/twitter/finagle/finagle-init/target/scala-2.11/classes ...\n[info] Compiling 10 Scala sources to /home/travis/build/twitter/finagle/finagle-toggle/target/scala-2.11/classes ...\n[info] [info] Cleaning datadir [/home/travis/build/twitter/finagle/finagle-init/target/scala-2.11/scoverage-data]\n[info] [info] Beginning coverage instrumentation\n[info] [info] Instrumentation completed [0 statements]\n[info] [info] Wrote instrumentation file [/home/travis/build/twitter/finagle/finagle-init/target/scala-2.11/scoverage-data/scoverage.coverage.xml]\n[info] [info] Will write measurement data to [/home/travis/build/twitter/finagle/finagle-init/target/scala-2.11/scoverage-data]\n[info] Done compiling.\n[info] [info] Cleaning datadir [/home/travis/build/twitter/finagle/finagle-toggle/target/scala-2.11/scoverage-data]\n[info] [info] Beginning coverage instrumentation\n[info] [info] Instrumentation completed [596 statements]\n[info] [info] Wrote instrumentation file [/home/travis/build/twitter/finagle/finagle-toggle/target/scala-2.11/scoverage-data/scoverage.coverage.xml]\n[info] [info] Will write measurement data to [/home/travis/build/twitter/finagle/finagle-toggle/target/scala-2.11/scoverage-data]\n[info] Done compiling.\n[info] Compiling 301 Scala sources and 12 Java sources to /home/travis/build/twitter/finagle/finagle-core/target/scala-2.11/classes ...\n[info] [info] Cleaning datadir [/home/travis/build/twitter/finagle/finagle-core/target/scala-2.11/scoverage-data]\n[info] [info] Beginning coverage instrumentation\n[info] [info] Instrumentation completed [13960 statements]\n[info] [info] Wrote instrumentation file [/home/travis/build/twitter/finagle/finagle-core/target/scala-2.11/scoverage-data/scoverage.coverage.xml]\n[info] [info] Will write measurement data to [/home/travis/build/twitter/finagle/finagle-core/target/scala-2.11/scoverage-data]\n[warn] there were three deprecation warnings; re-run with -deprecation for details\n[warn] one warning found\n[info] Done compiling.\n[info] Compiling 63 Scala sources to /home/travis/build/twitter/finagle/finagle-netty4/target/scala-2.11/classes ...\n[info] [info] Cleaning datadir [/home/travis/build/twitter/finagle/finagle-netty4/target/scala-2.11/scoverage-data]\n[info] [info] Beginning coverage instrumentation\n[info] [info] Instrumentation completed [2581 statements]\n[info] [info] Wrote instrumentation file [/home/travis/build/twitter/finagle/finagle-netty4/target/scala-2.11/scoverage-data/scoverage.coverage.xml]\n[info] [info] Will write measurement data to [/home/travis/build/twitter/finagle/finagle-netty4/target/scala-2.11/scoverage-data]\n[warn] there were 7 deprecation warnings; re-run with -deprecation for details\n[warn] one warning found\n[info] Done compiling.\n[info] Compiling 64 Scala sources and 15 Java sources to /home/travis/build/twitter/finagle/finagle-thrift/target/scala-2.11/classes ...\n[info] [info] Cleaning datadir [/home/travis/build/twitter/finagle/finagle-thrift/target/scala-2.11/scoverage-data]\n[info] [info] Beginning coverage instrumentation\n[info] [info] Instrumentation completed [6019 statements]\n[info] [info] Wrote instrumentation file [/home/travis/build/twitter/finagle/finagle-thrift/target/scala-2.11/scoverage-data/scoverage.coverage.xml]\n[info] [info] Will write measurement data to [/home/travis/build/twitter/finagle/finagle-thrift/target/scala-2.11/scoverage-data]\n[warn] there were four deprecation warnings; re-run with -deprecation for details\n[warn] one warning found\n[info] Done compiling.\n[info] Compiling 5 Scala sources to /home/travis/build/twitter/finagle/finagle-exp/target/scala-2.11/classes ...\n[info] [info] Cleaning datadir [/home/travis/build/twitter/finagle/finagle-exp/target/scala-2.11/scoverage-data]\n[info] [info] Beginning coverage instrumentation\n[info] [info] Instrumentation completed [146 statements]\n[info] [info] Wrote instrumentation file [/home/travis/build/twitter/finagle/finagle-exp/target/scala-2.11/scoverage-data/scoverage.coverage.xml]\n[info] [info] Will write measurement data to [/home/travis/build/twitter/finagle/finagle-exp/target/scala-2.11/scoverage-data]\n[info] Done compiling.\n[info] Compiling 4 Scala sources to /home/travis/build/twitter/finagle/finagle-exp/target/scala-2.11/test-classes ...\n[info] Done compiling.\n[warn] javaOptions will be ignored, fork is set to false\n[info] ThriftForwardingWarmUpFilterTest:\n[info] - forward all at time zero\n[info] - forward none once passed duration\n[info] - don't forward for bypassed clients\n[info] - don't forward for unidentified clients\nSLF4J: Failed to load class \"org.slf4j.impl.StaticLoggerBinder\".\nSLF4J: Defaulting to no-operation (NOP) logger implementation\nSLF4J: See http://www.slf4j.org/codes.html#StaticLoggerBinder for further details.\nAug 01, 2019 12:42:57 AM com.twitter.finagle.Init$$anonfun$6 apply$mcV$sp\nINFO: Finagle version 19.8.0-SNAPSHOT (rev=e67c2503291123fc15de64712f05224e0f05e700) built at 20190801-004124\nAug 01, 2019 12:42:59 AM com.twitter.finagle.liveness.FailureAccrualFactory$$anon$2$$anon$1 didMarkDead\nINFO: FailureAccrualFactory marking connection to \"testClient\" as dead. Remote Address: Inet(localhost/127.0.0.1:42709,Map())\n[info] ConcurrencyEndToEndTest:\n[info] - Requests exceeding limit should increase dropped_request count\n[info] - Should not increase dropped_request count when number of requests is less than limit *** FAILED ***\n[info]   9.0 was not greater than or equal to 10 (ConcurrencyEndToEndTest.scala:87)\n[info] - Service application failure should not increase dropped_request count\nAug 01, 2019 12:43:00 AM com.twitter.finagle.exp.DarkTrafficFilter handleFailedInvocation\nWARNING: DarkTrafficFilter Failed invocation: fail\njava.lang.Exception: fail\n\tat com.twitter.finagle.exp.DarkTrafficFilterTest$$anonfun$4$$anon$5$$anon$2.apply(DarkTrafficFilterTest.scala:74)\n\tat com.twitter.finagle.exp.DarkTrafficFilterTest$$anonfun$4$$anon$5$$anon$2.apply(DarkTrafficFilterTest.scala:73)\n\tat com.twitter.finagle.exp.AbstractDarkTrafficFilter$class.sendDarkRequest(AbstractDarkTrafficFilter.scala:64)\n\tat com.twitter.finagle.exp.DarkTrafficFilter.sendDarkRequest(DarkTrafficFilter.scala:17)\n\tat com.twitter.finagle.exp.AbstractDarkTrafficFilter$class.serviceConcurrently(AbstractDarkTrafficFilter.scala:45)\n\tat com.twitter.finagle.exp.DarkTrafficFilter.serviceConcurrently(DarkTrafficFilter.scala:17)\n\tat com.twitter.finagle.exp.DarkTrafficFilter.apply(DarkTrafficFilter.scala:39)\n\tat com.twitter.finagle.exp.DarkTrafficFilterTest$$anonfun$4$$anon$5.<init>(DarkTrafficFilterTest.scala:77)\n\tat com.twitter.finagle.exp.DarkTrafficFilterTest$$anonfun$4.apply(DarkTrafficFilterTest.scala:71)\n\tat com.twitter.finagle.exp.DarkTrafficFilterTest$$anonfun$4.apply(DarkTrafficFilterTest.scala:71)\n\tat org.scalatest.OutcomeOf$class.outcomeOf(OutcomeOf.scala:85)\n\tat org.scalatest.OutcomeOf$.outcomeOf(OutcomeOf.scala:104)\n\tat org.scalatest.Transformer.apply(Transformer.scala:22)\n\tat org.scalatest.Transformer.apply(Transformer.scala:20)\n\tat org.scalatest.FunSuiteLike$$anon$1.apply(FunSuiteLike.scala:186)\n\tat org.scalatest.TestSuite$class.withFixture(TestSuite.scala:196)\n\tat org.scalatest.FunSuite.withFixture(FunSuite.scala:1560)\n\tat org.scalatest.FunSuiteLike$class.invokeWithFixture$1(FunSuiteLike.scala:183)\n\tat org.scalatest.FunSuiteLike$$anonfun$runTest$1.apply(FunSuiteLike.scala:196)\n\tat org.scalatest.FunSuiteLike$$anonfun$runTest$1.apply(FunSuiteLike.scala:196)\n\tat org.scalatest.SuperEngine.runTestImpl(Engine.scala:289)\n\tat org.scalatest.FunSuiteLike$class.runTest(FunSuiteLike.scala:196)\n\tat org.scalatest.FunSuite.runTest(FunSuite.scala:1560)\n\tat org.scalatest.FunSuiteLike$$anonfun$runTests$1.apply(FunSuiteLike.scala:229)\n\tat org.scalatest.FunSuiteLike$$anonfun$runTests$1.apply(FunSuiteLike.scala:229)\n\tat org.scalatest.SuperEngine$$anonfun$traverseSubNodes$1$1.apply(Engine.scala:396)\n\tat org.scalatest.SuperEngine$$anonfun$traverseSubNodes$1$1.apply(Engine.scala:384)\n\tat scala.collection.immutable.List.foreach(List.scala:392)\n\tat org.scalatest.SuperEngine.traverseSubNodes$1(Engine.scala:384)\n\tat org.scalatest.SuperEngine.org$scalatest$SuperEngine$$runTestsInBranch(Engine.scala:379)\n\tat org.scalatest.SuperEngine.runTestsImpl(Engine.scala:461)\n\tat org.scalatest.FunSuiteLike$class.runTests(FunSuiteLike.scala:229)\n\tat org.scalatest.FunSuite.runTests(FunSuite.scala:1560)\n\tat org.scalatest.Suite$class.run(Suite.scala:1147)\n\tat org.scalatest.FunSuite.org$scalatest$FunSuiteLike$$super$run(FunSuite.scala:1560)\n\tat org.scalatest.FunSuiteLike$$anonfun$run$1.apply(FunSuiteLike.scala:233)\n\tat org.scalatest.FunSuiteLike$$anonfun$run$1.apply(FunSuiteLike.scala:233)\n\tat org.scalatest.SuperEngine.runImpl(Engine.scala:521)\n\tat org.scalatest.FunSuiteLike$class.run(FunSuiteLike.scala:233)\n\tat org.scalatest.FunSuite.run(FunSuite.scala:1560)\n\tat org.scalatest.tools.Framework.org$scalatest$tools$Framework$$runSuite(Framework.scala:314)\n\tat org.scalatest.tools.Framework$ScalaTestTask.execute(Framework.scala:472)\n\tat sbt.TestRunner.runTest$1(TestFramework.scala:106)\n\tat sbt.TestRunner.run(TestFramework.scala:117)\n\tat sbt.TestFramework$$anon$2$$anonfun$$lessinit$greater$1.$anonfun$apply$1(TestFramework.scala:262)\n\tat sbt.TestFramework$.sbt$TestFramework$$withContextLoader(TestFramework.scala:233)\n\tat sbt.TestFramework$$anon$2$$anonfun$$lessinit$greater$1.apply(TestFramework.scala:262)\n\tat sbt.TestFramework$$anon$2$$anonfun$$lessinit$greater$1.apply(TestFramework.scala:262)\n\tat sbt.TestFunction.apply(TestFramework.scala:271)\n\tat sbt.Tests$.processRunnable$1(Tests.scala:307)\n\tat sbt.Tests$.$anonfun$makeSerial$1(Tests.scala:313)\n\tat sbt.std.Transform$$anon$3.$anonfun$apply$2(System.scala:46)\n\tat sbt.std.Transform$$anon$4.work(System.scala:66)\n\tat sbt.Execute.$anonfun$submit$2(Execute.scala:262)\n\tat sbt.internal.util.ErrorHandling$.wideConvert(ErrorHandling.scala:16)\n\tat sbt.Execute.work(Execute.scala:271)\n\tat sbt.Execute.$anonfun$submit$1(Execute.scala:262)\n\tat sbt.ConcurrentRestrictions$$anon$4.$anonfun$submitValid$1(ConcurrentRestrictions.scala:174)\n\tat sbt.CompletionService$$anon$2.call(CompletionService.scala:36)\n\tat java.util.concurrent.FutureTask.run(FutureTask.java:266)\n\tat java.util.concurrent.Executors$RunnableAdapter.call(Executors.java:511)\n\tat java.util.concurrent.FutureTask.run(FutureTask.java:266)\n\tat java.util.concurrent.ThreadPoolExecutor.runWorker(ThreadPoolExecutor.java:1149)\n\tat java.util.concurrent.ThreadPoolExecutor$Worker.run(ThreadPoolExecutor.java:624)\n\tat java.lang.Thread.run(Thread.java:748)\n\n[info] DarkTrafficFilterTest:\n[info] - send light traffic for all requests\n[info] - when decider is on, send dark traffic to darkService and light to service\n[info] - count failures in forwarding\n[info] - interrupts are propagated to dark traffic\n[info] ConcurrencyLimitFilterTest:\n[info] - Filter can be disabled by configuration param\n[info] - Successful requests should increase limit\n[info] - Dropped requests should decrease limit\n[info] - Requests that exceed limit should be rejected\n[info] - After limit increases, should not reject requests for exceeding initial limit\n[info] ScalaTest\n[info] Run completed in 5 seconds, 220 milliseconds.\n[info] Total number of tests run: 16\n[info] Suites: completed 4, aborted 0\n[info] Tests: succeeded 15, failed 1, canceled 0, ignored 0, pending 0\n[info] *** 1 TEST FAILED ***\n[error] Failed: Total 16, Failed 1, Errors 0, Passed 15\n[error] Failed tests:\n[error] \tcom.twitter.finagle.exp.ConcurrencyEndToEndTest\n[error] (finagle-exp / Test / test) sbt.TestsFailedException: Tests unsuccessful\n[error] Total time: 104 s, completed Aug 1, 2019 12:43:02 AM\n\n\u001b[31;1mThe command \"./sbt ++2.11.12 coverage finagle-exp/test coverageReport\" failed. Retrying, 2 of 3.\u001b[0m\n\n[info] Loading settings from build.sbt,unidoc.sbt,plugins.sbt ...\n[info] Loading project definition from /home/travis/build/twitter/finagle/project\n[info] Loading settings from build.sbt ...\n[info] Resolving key references (17383 settings) ...\n[info] Using Netty SNAPSHOT build mode: false\n[info] Netty version: 4.1.38.Final\n[info] Netty tcnative version 2.0.25.Final\n[info] Set current project to finagle (in build file:/home/travis/build/twitter/finagle/)\n[info] Setting Scala version to 2.11.12 on 30 projects.\n[info] Reapplying settings...\n[info] Using Netty SNAPSHOT build mode: false\n[info] Netty version: 4.1.38.Final\n[info] Netty tcnative version 2.0.25.Final\n[info] Set current project to finagle (in build file:/home/travis/build/twitter/finagle/)\n[info] Defining ThisBuild / coverageEnabled\n[info] The new value will be used by Compile / compile / scalacOptions, finagle-base-http / Compile / compile / scalacOptions and 57 others.\n[info] \tRun `last` for details.\n[info] Reapplying settings...\n[info] Using Netty SNAPSHOT build mode: false\n[info] Netty version: 4.1.38.Final\n[info] Netty tcnative version 2.0.25.Final\n[info] Set current project to finagle (in build file:/home/travis/build/twitter/finagle/)\n[warn] javaOptions will be ignored, fork is set to false\n[info] ThriftForwardingWarmUpFilterTest:\n[info] - forward all at time zero\n[info] - forward none once passed duration\n[info] - don't forward for bypassed clients\n[info] - don't forward for unidentified clients\nSLF4J: Failed to load class \"org.slf4j.impl.StaticLoggerBinder\".\nSLF4J: Defaulting to no-operation (NOP) logger implementation\nSLF4J: See http://www.slf4j.org/codes.html#StaticLoggerBinder for further details.\nAug 01, 2019 12:43:49 AM com.twitter.finagle.Init$$anonfun$6 apply$mcV$sp\nINFO: Finagle version 19.8.0-SNAPSHOT (rev=e67c2503291123fc15de64712f05224e0f05e700) built at 20190801-004341\nAug 01, 2019 12:43:51 AM com.twitter.finagle.liveness.FailureAccrualFactory$$anon$2$$anon$1 didMarkDead\nINFO: FailureAccrualFactory marking connection to \"testClient\" as dead. Remote Address: Inet(localhost/127.0.0.1:33516,Map())\n[info] ConcurrencyEndToEndTest:\n[info] - Requests exceeding limit should increase dropped_request count *** FAILED ***\n[info]   10.0 was not greater than 10 (ConcurrencyEndToEndTest.scala:73)\n[info] - Should not increase dropped_request count when number of requests is less than limit *** FAILED ***\n[info]   8.0 was not greater than or equal to 10 (ConcurrencyEndToEndTest.scala:87)\n[info] - Service application failure should not increase dropped_request count\nAug 01, 2019 12:43:51 AM com.twitter.finagle.exp.DarkTrafficFilter handleFailedInvocation\nWARNING: DarkTrafficFilter Failed invocation: fail\njava.lang.Exception: fail\n\tat com.twitter.finagle.exp.DarkTrafficFilterTest$$anonfun$4$$anon$5$$anon$2.apply(DarkTrafficFilterTest.scala:74)\n\tat com.twitter.finagle.exp.DarkTrafficFilterTest$$anonfun$4$$anon$5$$anon$2.apply(DarkTrafficFilterTest.scala:73)\n\tat com.twitter.finagle.exp.AbstractDarkTrafficFilter$class.sendDarkRequest(AbstractDarkTrafficFilter.scala:64)\n\tat com.twitter.finagle.exp.DarkTrafficFilter.sendDarkRequest(DarkTrafficFilter.scala:17)\n\tat com.twitter.finagle.exp.AbstractDarkTrafficFilter$class.serviceConcurrently(AbstractDarkTrafficFilter.scala:45)\n\tat com.twitter.finagle.exp.DarkTrafficFilter.serviceConcurrently(DarkTrafficFilter.scala:17)\n\tat com.twitter.finagle.exp.DarkTrafficFilter.apply(DarkTrafficFilter.scala:39)\n\tat com.twitter.finagle.exp.DarkTrafficFilterTest$$anonfun$4$$anon$5.<init>(DarkTrafficFilterTest.scala:77)\n\tat com.twitter.finagle.exp.DarkTrafficFilterTest$$anonfun$4.apply(DarkTrafficFilterTest.scala:71)\n\tat com.twitter.finagle.exp.DarkTrafficFilterTest$$anonfun$4.apply(DarkTrafficFilterTest.scala:71)\n\tat org.scalatest.OutcomeOf$class.outcomeOf(OutcomeOf.scala:85)\n\tat org.scalatest.OutcomeOf$.outcomeOf(OutcomeOf.scala:104)\n\tat org.scalatest.Transformer.apply(Transformer.scala:22)\n\tat org.scalatest.Transformer.apply(Transformer.scala:20)\n\tat org.scalatest.FunSuiteLike$$anon$1.apply(FunSuiteLike.scala:186)\n\tat org.scalatest.TestSuite$class.withFixture(TestSuite.scala:196)\n\tat org.scalatest.FunSuite.withFixture(FunSuite.scala:1560)\n\tat org.scalatest.FunSuiteLike$class.invokeWithFixture$1(FunSuiteLike.scala:183)\n\tat org.scalatest.FunSuiteLike$$anonfun$runTest$1.apply(FunSuiteLike.scala:196)\n\tat org.scalatest.FunSuiteLike$$anonfun$runTest$1.apply(FunSuiteLike.scala:196)\n\tat org.scalatest.SuperEngine.runTestImpl(Engine.scala:289)\n\tat org.scalatest.FunSuiteLike$class.runTest(FunSuiteLike.scala:196)\n\tat org.scalatest.FunSuite.runTest(FunSuite.scala:1560)\n\tat org.scalatest.FunSuiteLike$$anonfun$runTests$1.apply(FunSuiteLike.scala:229)\n\tat org.scalatest.FunSuiteLike$$anonfun$runTests$1.apply(FunSuiteLike.scala:229)\n\tat org.scalatest.SuperEngine$$anonfun$traverseSubNodes$1$1.apply(Engine.scala:396)\n\tat org.scalatest.SuperEngine$$anonfun$traverseSubNodes$1$1.apply(Engine.scala:384)\n\tat scala.collection.immutable.List.foreach(List.scala:392)\n\tat org.scalatest.SuperEngine.traverseSubNodes$1(Engine.scala:384)\n\tat org.scalatest.SuperEngine.org$scalatest$SuperEngine$$runTestsInBranch(Engine.scala:379)\n\tat org.scalatest.SuperEngine.runTestsImpl(Engine.scala:461)\n\tat org.scalatest.FunSuiteLike$class.runTests(FunSuiteLike.scala:229)\n\tat org.scalatest.FunSuite.runTests(FunSuite.scala:1560)\n\tat org.scalatest.Suite$class.run(Suite.scala:1147)\n\tat org.scalatest.FunSuite.org$scalatest$FunSuiteLike$$super$run(FunSuite.scala:1560)\n\tat org.scalatest.FunSuiteLike$$anonfun$run$1.apply(FunSuiteLike.scala:233)\n\tat org.scalatest.FunSuiteLike$$anonfun$run$1.apply(FunSuiteLike.scala:233)\n\tat org.scalatest.SuperEngine.runImpl(Engine.scala:521)\n\tat org.scalatest.FunSuiteLike$class.run(FunSuiteLike.scala:233)\n\tat org.scalatest.FunSuite.run(FunSuite.scala:1560)\n\tat org.scalatest.tools.Framework.org$scalatest$tools$Framework$$runSuite(Framework.scala:314)\n\tat org.scalatest.tools.Framework$ScalaTestTask.execute(Framework.scala:472)\n\tat sbt.TestRunner.runTest$1(TestFramework.scala:106)\n\tat sbt.TestRunner.run(TestFramework.scala:117)\n\tat sbt.TestFramework$$anon$2$$anonfun$$lessinit$greater$1.$anonfun$apply$1(TestFramework.scala:262)\n\tat sbt.TestFramework$.sbt$TestFramework$$withContextLoader(TestFramework.scala:233)\n\tat sbt.TestFramework$$anon$2$$anonfun$$lessinit$greater$1.apply(TestFramework.scala:262)\n\tat sbt.TestFramework$$anon$2$$anonfun$$lessinit$greater$1.apply(TestFramework.scala:262)\n\tat sbt.TestFunction.apply(TestFramework.scala:271)\n\tat sbt.Tests$.processRunnable$1(Tests.scala:307)\n\tat sbt.Tests$.$anonfun$makeSerial$1(Tests.scala:313)\n\tat sbt.std.Transform$$anon$3.$anonfun$apply$2(System.scala:46)\n\tat sbt.std.Transform$$anon$4.work(System.scala:66)\n\tat sbt.Execute.$anonfun$submit$2(Execute.scala:262)\n\tat sbt.internal.util.ErrorHandling$.wideConvert(ErrorHandling.scala:16)\n\tat sbt.Execute.work(Execute.scala:271)\n\tat sbt.Execute.$anonfun$submit$1(Execute.scala:262)\n\tat sbt.ConcurrentRestrictions$$anon$4.$anonfun$submitValid$1(ConcurrentRestrictions.scala:174)\n\tat sbt.CompletionService$$anon$2.call(CompletionService.scala:36)\n\tat java.util.concurrent.FutureTask.run(FutureTask.java:266)\n\tat java.util.concurrent.Executors$RunnableAdapter.call(Executors.java:511)\n\tat java.util.concurrent.FutureTask.run(FutureTask.java:266)\n\tat java.util.concurrent.ThreadPoolExecutor.runWorker(ThreadPoolExecutor.java:1149)\n\tat java.util.concurrent.ThreadPoolExecutor$Worker.run(ThreadPoolExecutor.java:624)\n\tat java.lang.Thread.run(Thread.java:748)\n\n[info] DarkTrafficFilterTest:\n[info] - send light traffic for all requests\n[info] - when decider is on, send dark traffic to darkService and light to service\n[info] - count failures in forwarding\n[info] - interrupts are propagated to dark traffic\n[info] ConcurrencyLimitFilterTest:\n[info] - Filter can be disabled by configuration param\n[info] - Successful requests should increase limit\n[info] - Dropped requests should decrease limit\n[info] - Requests that exceed limit should be rejected\n[info] - After limit increases, should not reject requests for exceeding initial limit\n[info] ScalaTest\n[info] Run completed in 5 seconds, 573 milliseconds.\n[info] Total number of tests run: 16\n[info] Suites: completed 4, aborted 0\n[info] Tests: succeeded 14, failed 2, canceled 0, ignored 0, pending 0\n[info] *** 2 TESTS FAILED ***\n[error] Failed: Total 16, Failed 2, Errors 0, Passed 14\n[error] Failed tests:\n[error] \tcom.twitter.finagle.exp.ConcurrencyEndToEndTest\n[error] (finagle-exp / Test / test) sbt.TestsFailedException: Tests unsuccessful\n[error] Total time: 16 s, completed Aug 1, 2019 12:43:51 AM\n\n\u001b[31;1mThe command \"./sbt ++2.11.12 coverage finagle-exp/test coverageReport\" failed. Retrying, 3 of 3.\u001b[0m\n\n[info] Loading settings from build.sbt,unidoc.sbt,plugins.sbt ...\n[info] Loading project definition from /home/travis/build/twitter/finagle/project\n[info] Loading settings from build.sbt ...\n[info] Resolving key references (17383 settings) ...\n[info] Using Netty SNAPSHOT build mode: false\n[info] Netty version: 4.1.38.Final\n[info] Netty tcnative version 2.0.25.Final\n[info] Set current project to finagle (in build file:/home/travis/build/twitter/finagle/)\n[info] Setting Scala version to 2.11.12 on 30 projects.\n[info] Reapplying settings...\n[info] Using Netty SNAPSHOT build mode: false\n[info] Netty version: 4.1.38.Final\n[info] Netty tcnative version 2.0.25.Final\n[info] Set current project to finagle (in build file:/home/travis/build/twitter/finagle/)\n[info] Defining ThisBuild / coverageEnabled\n[info] The new value will be used by Compile / compile / scalacOptions, finagle-base-http / Compile / compile / scalacOptions and 57 others.\n[info] \tRun `last` for details.\n[info] Reapplying settings...\n[info] Using Netty SNAPSHOT build mode: false\n[info] Netty version: 4.1.38.Final\n[info] Netty tcnative version 2.0.25.Final\n[info] Set current project to finagle (in build file:/home/travis/build/twitter/finagle/)\n[warn] javaOptions will be ignored, fork is set to false\n[info] ThriftForwardingWarmUpFilterTest:\n[info] - forward all at time zero\n[info] - forward none once passed duration\n[info] - don't forward for bypassed clients\n[info] - don't forward for unidentified clients\nSLF4J: Failed to load class \"org.slf4j.impl.StaticLoggerBinder\".\nSLF4J: Defaulting to no-operation (NOP) logger implementation\nSLF4J: See http://www.slf4j.org/codes.html#StaticLoggerBinder for further details.\nAug 01, 2019 12:44:36 AM com.twitter.finagle.Init$$anonfun$6 apply$mcV$sp\nINFO: Finagle version 19.8.0-SNAPSHOT (rev=e67c2503291123fc15de64712f05224e0f05e700) built at 20190801-004429\nAug 01, 2019 12:44:39 AM com.twitter.finagle.liveness.FailureAccrualFactory$$anon$2$$anon$1 didMarkDead\nINFO: FailureAccrualFactory marking connection to \"testClient\" as dead. Remote Address: Inet(localhost/127.0.0.1:40545,Map())\n[info] ConcurrencyEndToEndTest:\n[info] - Requests exceeding limit should increase dropped_request count *** FAILED ***\n[info]   9.0 was not greater than 10 (ConcurrencyEndToEndTest.scala:73)\n[info] - Should not increase dropped_request count when number of requests is less than limit\n[info] - Service application failure should not increase dropped_request count\nAug 01, 2019 12:44:39 AM com.twitter.finagle.exp.DarkTrafficFilter handleFailedInvocation\nWARNING: DarkTrafficFilter Failed invocation: fail\njava.lang.Exception: fail\n\tat com.twitter.finagle.exp.DarkTrafficFilterTest$$anonfun$4$$anon$5$$anon$2.apply(DarkTrafficFilterTest.scala:74)\n\tat com.twitter.finagle.exp.DarkTrafficFilterTest$$anonfun$4$$anon$5$$anon$2.apply(DarkTrafficFilterTest.scala:73)\n\tat com.twitter.finagle.exp.AbstractDarkTrafficFilter$class.sendDarkRequest(AbstractDarkTrafficFilter.scala:64)\n\tat com.twitter.finagle.exp.DarkTrafficFilter.sendDarkRequest(DarkTrafficFilter.scala:17)\n\tat com.twitter.finagle.exp.AbstractDarkTrafficFilter$class.serviceConcurrently(AbstractDarkTrafficFilter.scala:45)\n\tat com.twitter.finagle.exp.DarkTrafficFilter.serviceConcurrently(DarkTrafficFilter.scala:17)\n\tat com.twitter.finagle.exp.DarkTrafficFilter.apply(DarkTrafficFilter.scala:39)\n\tat com.twitter.finagle.exp.DarkTrafficFilterTest$$anonfun$4$$anon$5.<init>(DarkTrafficFilterTest.scala:77)\n\tat com.twitter.finagle.exp.DarkTrafficFilterTest$$anonfun$4.apply(DarkTrafficFilterTest.scala:71)\n\tat com.twitter.finagle.exp.DarkTrafficFilterTest$$anonfun$4.apply(DarkTrafficFilterTest.scala:71)\n\tat org.scalatest.OutcomeOf$class.outcomeOf(OutcomeOf.scala:85)\n\tat org.scalatest.OutcomeOf$.outcomeOf(OutcomeOf.scala:104)\n\tat org.scalatest.Transformer.apply(Transformer.scala:22)\n\tat org.scalatest.Transformer.apply(Transformer.scala:20)\n\tat org.scalatest.FunSuiteLike$$anon$1.apply(FunSuiteLike.scala:186)\n\tat org.scalatest.TestSuite$class.withFixture(TestSuite.scala:196)\n\tat org.scalatest.FunSuite.withFixture(FunSuite.scala:1560)\n\tat org.scalatest.FunSuiteLike$class.invokeWithFixture$1(FunSuiteLike.scala:183)\n\tat org.scalatest.FunSuiteLike$$anonfun$runTest$1.apply(FunSuiteLike.scala:196)\n\tat org.scalatest.FunSuiteLike$$anonfun$runTest$1.apply(FunSuiteLike.scala:196)\n\tat org.scalatest.SuperEngine.runTestImpl(Engine.scala:289)\n\tat org.scalatest.FunSuiteLike$class.runTest(FunSuiteLike.scala:196)\n\tat org.scalatest.FunSuite.runTest(FunSuite.scala:1560)\n\tat org.scalatest.FunSuiteLike$$anonfun$runTests$1.apply(FunSuiteLike.scala:229)\n\tat org.scalatest.FunSuiteLike$$anonfun$runTests$1.apply(FunSuiteLike.scala:229)\n\tat org.scalatest.SuperEngine$$anonfun$traverseSubNodes$1$1.apply(Engine.scala:396)\n\tat org.scalatest.SuperEngine$$anonfun$traverseSubNodes$1$1.apply(Engine.scala:384)\n\tat scala.collection.immutable.List.foreach(List.scala:392)\n\tat org.scalatest.SuperEngine.traverseSubNodes$1(Engine.scala:384)\n\tat org.scalatest.SuperEngine.org$scalatest$SuperEngine$$runTestsInBranch(Engine.scala:379)\n\tat org.scalatest.SuperEngine.runTestsImpl(Engine.scala:461)\n\tat org.scalatest.FunSuiteLike$class.runTests(FunSuiteLike.scala:229)\n\tat org.scalatest.FunSuite.runTests(FunSuite.scala:1560)\n\tat org.scalatest.Suite$class.run(Suite.scala:1147)\n\tat org.scalatest.FunSuite.org$scalatest$FunSuiteLike$$super$run(FunSuite.scala:1560)\n\tat org.scalatest.FunSuiteLike$$anonfun$run$1.apply(FunSuiteLike.scala:233)\n\tat org.scalatest.FunSuiteLike$$anonfun$run$1.apply(FunSuiteLike.scala:233)\n\tat org.scalatest.SuperEngine.runImpl(Engine.scala:521)\n\tat org.scalatest.FunSuiteLike$class.run(FunSuiteLike.scala:233)\n\tat org.scalatest.FunSuite.run(FunSuite.scala:1560)\n\tat org.scalatest.tools.Framework.org$scalatest$tools$Framework$$runSuite(Framework.scala:314)\n\tat org.scalatest.tools.Framework$ScalaTestTask.execute(Framework.scala:472)\n\tat sbt.TestRunner.runTest$1(TestFramework.scala:106)\n\tat sbt.TestRunner.run(TestFramework.scala:117)\n\tat sbt.TestFramework$$anon$2$$anonfun$$lessinit$greater$1.$anonfun$apply$1(TestFramework.scala:262)\n\tat sbt.TestFramework$.sbt$TestFramework$$withContextLoader(TestFramework.scala:233)\n\tat sbt.TestFramework$$anon$2$$anonfun$$lessinit$greater$1.apply(TestFramework.scala:262)\n\tat sbt.TestFramework$$anon$2$$anonfun$$lessinit$greater$1.apply(TestFramework.scala:262)\n\tat sbt.TestFunction.apply(TestFramework.scala:271)\n\tat sbt.Tests$.processRunnable$1(Tests.scala:307)\n\tat sbt.Tests$.$anonfun$makeSerial$1(Tests.scala:313)\n\tat sbt.std.Transform$$anon$3.$anonfun$apply$2(System.scala:46)\n\tat sbt.std.Transform$$anon$4.work(System.scala:66)\n\tat sbt.Execute.$anonfun$submit$2(Execute.scala:262)\n\tat sbt.internal.util.ErrorHandling$.wideConvert(ErrorHandling.scala:16)\n\tat sbt.Execute.work(Execute.scala:271)\n\tat sbt.Execute.$anonfun$submit$1(Execute.scala:262)\n\tat sbt.ConcurrentRestrictions$$anon$4.$anonfun$submitValid$1(ConcurrentRestrictions.scala:174)\n\tat sbt.CompletionService$$anon$2.call(CompletionService.scala:36)\n\tat java.util.concurrent.FutureTask.run(FutureTask.java:266)\n\tat java.util.concurrent.Executors$RunnableAdapter.call(Executors.java:511)\n\tat java.util.concurrent.FutureTask.run(FutureTask.java:266)\n\tat java.util.concurrent.ThreadPoolExecutor.runWorker(ThreadPoolExecutor.java:1149)\n\tat java.util.concurrent.ThreadPoolExecutor$Worker.run(ThreadPoolExecutor.java:624)\n\tat java.lang.Thread.run(Thread.java:748)\n\n[info] DarkTrafficFilterTest:\n[info] - send light traffic for all requests\n[info] - when decider is on, send dark traffic to darkService and light to service\n[info] - count failures in forwarding\n[info] - interrupts are propagated to dark traffic\n[info] ConcurrencyLimitFilterTest:\n[info] - Filter can be disabled by configuration param\n[info] - Successful requests should increase limit\n[info] - Dropped requests should decrease limit\n[info] - Requests that exceed limit should be rejected\n[info] - After limit increases, should not reject requests for exceeding initial limit\n[info] ScalaTest\n[info] Run completed in 5 seconds, 559 milliseconds.\n[info] Total number of tests run: 16\n[info] Suites: completed 4, aborted 0\n[info] Tests: succeeded 15, failed 1, canceled 0, ignored 0, pending 0\n[info] *** 1 TEST FAILED ***\n[error] Failed: Total 16, Failed 1, Errors 0, Passed 15\n[error] Failed tests:\n[error] \tcom.twitter.finagle.exp.ConcurrencyEndToEndTest\n[error] (finagle-exp / Test / test) sbt.TestsFailedException: Tests unsuccessful\n[error] Total time: 15 s, completed Aug 1, 2019 12:44:39 AM\n\n\u001b[31;1mThe command \"./sbt ++2.11.12 coverage finagle-exp/test coverageReport\" failed 3 times.\u001b[0m\n\ntravis_time:end:09216798:start=1564620046665361492,finish=1564620280956483616,duration=234291122124\n\u001b[0K\u001b[31;1mThe command \"travis_retry ./sbt ++$TRAVIS_SCALA_VERSION coverage \"$PROJECT/test\" coverageReport\" exited with 1.\u001b[0m\n\ntravis_fold:start:before_cache.1\n\u001b[0Ktravis_time:start:07c40f10\n\u001b[0K$ find $HOME/.ivy2/cache  -name \"ivydata-*.properties\" -delete\ntravis_time:end:07c40f10:start=1564620280962513502,finish=1564620280976580834,duration=14067332\n\u001b[0Ktravis_fold:end:before_cache.1\n\u001b[0Ktravis_fold:start:before_cache.2\n\u001b[0Ktravis_time:start:0b6bc3e6\n\u001b[0K$ find $HOME/.sbt         -name \"*.lock\"               -delete\ntravis_time:end:0b6bc3e6:start=1564620280988852126,finish=1564620280994611207,duration=5759081\n\u001b[0Ktravis_fold:end:before_cache.2\n\u001b[0Ktravis_fold:start:cache.2\n\u001b[0Kstore build cache\ntravis_time:start:101385e4\n\u001b[0Ktravis_time:end:101385e4:start=1564620281001283648,finish=1564620281005002185,duration=3718537\n\u001b[0Ktravis_time:start:15f3ae39\n\u001b[0K\u001b[32;1mnothing changed\u001b[0m\ntravis_time:end:15f3ae39:start=1564620281010881489,finish=1564620282881185879,duration=1870304390\n\u001b[0Ktravis_fold:end:cache.2\n\u001b[0K\n\nDone. Your build exited with 1.\n"
}