{
  "log_path": "Swift/SwiftyJSON@SwiftyJSON/failed/431807746.log",
  "failure_chunk": "[31m\u274c  [0m/Users/travis/build/SwiftyJSON/SwiftyJSON/Source/SwiftyJSON.swift:97:2: [31munknown attribute 'dynamicMemberLookup'[0m\nnl\nnl\nnl\nnl@dynamicMemberLookup\n\n[36m ^[0m",
  "keywords": [
    "\u274c",
    "",
    ""
  ],
  "category": "2",
  "full_log": "travis_fold:start:step_start_instance\n\u001b[0K\u001b[33;1mStarting instance\u001b[0m\n\u2713 selected image \"travis-ci-macos-10.13-xcode9.4.1-1529955246\"\n\u2713 started instance\n\u2022 sleeping 3s before checking instance start\n\u2022 polling for instance start completion......................\n\u2022 waiting for ssh connectivity...\n\u2713 instance is ready (1m7.037s)\ntravis_fold:end:step_start_instance\n\u001b[0Ktravis_fold:start:step_upload_script\n\u001b[0K\u001b[33;1mUploading script\u001b[0m\n\u2022 waiting for ssh connectivity...\n\u2713 ssh connectivity established (96ms)\n\u2713 uploaded script\n\u2713 uploaded wrapper.sh script\ntravis_fold:end:step_upload_script\n\u001b[0Ktravis_fold:start:worker_info\n\u001b[0K\u001b[33;1mWorker information\u001b[0m\nhostname: dfdcd32e-1b19-43e3-baa2-59f610962c38@7250.wjb-2\nversion: v4.1.2 https://github.com/travis-ci/worker/tree/91246b057ccd93649046771f29221f839c19a7d3\ninstance: e84d91b8-f357-4898-86fd-6573ad72f824 travis-ci-macos-10.13-xcode9.4.1-1529955246 (via amqp)\nstartup: 1m7.037203794s\ntravis_fold:end:worker_info\n\u001b[0Ktravis_fold:start:system_info\n\u001b[0K\u001b[33;1mBuild system information\u001b[0m\n\nBuild language: objective-c\n\nBuild id: 431807746\n\nJob id: 431807747\n\nRuntime kernel version: 17.4.0\n\ntravis-build version: 92b1f419b\n\n\u001b[34m\u001b[1mBuild image provisioning date and time\u001b[0m\n\nMon Jun 25 21:55:14 GMT 2018\n\n\u001b[34m\u001b[1mOperating System Details\u001b[0m\n\nProductName:\tMac OS X\n\nProductVersion:\t10.13.3\n\nBuildVersion:\t17D102\n\n\u001b[34m\u001b[1mGit version\u001b[0m\n\ngit version 2.18.0\n\n\u001b[34m\u001b[1mbash version\u001b[0m\n\nGNU bash, version 3.2.57(1)-release (x86_64-apple-darwin17)\n\nCopyright (C) 2007 Free Software Foundation, Inc.\n\n\u001b[34m\u001b[1mGCC version\u001b[0m\n\nApple LLVM version 9.1.0 (clang-902.0.39.2)\n\nTarget: x86_64-apple-darwin17.4.0\n\nThread model: posix\n\nInstalledDir: /Applications/Xcode-9.4.1.app/Contents/Developer/Toolchains/XcodeDefault.xctoolchain/usr/bin\n\n\u001b[34m\u001b[1mLLVM version\u001b[0m\n\nApple LLVM version 9.1.0 (clang-902.0.39.2)\n\nTarget: x86_64-apple-darwin17.4.0\n\nThread model: posix\n\nInstalledDir: /Applications/Xcode-9.4.1.app/Contents/Developer/Toolchains/XcodeDefault.xctoolchain/usr/bin\n\n\u001b[34m\u001b[1mPre-installed Ruby versions\u001b[0m\n\nruby-2.3.5\n\nruby-2.4.3\n\n\u001b[34m\u001b[1mPre-installed Node.js versions\u001b[0m\n\nv4.9.1\n\nv5.12.0\n\nv6.14.3\n\nv8.11.3\n\n\u001b[34m\u001b[1mmvn -version\u001b[0m\n\nApache Maven 3.5.4 (1edded0938998edf8bf061f1ceb3cfdeccf443fe; 2018-06-17T18:33:14Z)\n\nMaven home: /usr/local/Cellar/maven/3.5.4/libexec\n\nJava version: 10.0.1, vendor: Oracle Corporation, runtime: /Library/Java/JavaVirtualMachines/jdk-10.0.1.jdk/Contents/Home\n\nDefault locale: en_US, platform encoding: UTF-8\n\nOS name: \"mac os x\", version: \"10.13.3\", arch: \"x86_64\", family: \"mac\"\n\ntravis_fold:end:system_info\n\u001b[0K\n\n\u001b[32;1mNetwork availability confirmed.\u001b[0m\nnl\nnl\nnl\nnlFix WWDRCA Certificate\n\nUnable to delete certificate matching \"0950B6CD3D2F37EA246A1AAA20DFAADBD6FE1F75\"security: AppleWWDRCA.cer: already in /Library/Keychains/System.keychain\n\n$ rvm use\n\n\u001b[32mUsing /Users/travis/.rvm/gems/ruby-2.4.3\u001b[0m\nnl\nnl\nnl\nnltravis_fold:start:git.checkout\n\u001b[0Ktravis_time:start:0c50c4f1\n\u001b[0K$ git clone --depth=50 https://github.com/SwiftyJSON/SwiftyJSON.git SwiftyJSON/SwiftyJSON\n\nCloning into 'SwiftyJSON/SwiftyJSON'...\n\nremote: Enumerating objects: 881, done.\u001b[K\n\nremote: Counting objects:   0% (1/881)   \u001b[K\nremote: Counting objects:   1% (9/881)   \u001b[K\nremote: Counting objects:   2% (18/881)   \u001b[K\nremote: Counting objects:   3% (27/881)   \u001b[K\nremote: Counting objects:   4% (36/881)   \u001b[K\nremote: Counting objects:   5% (45/881)   \u001b[K\nremote: Counting objects:   6% (53/881)   \u001b[K\nremote: Counting objects:   7% (62/881)   \u001b[K\nremote: Counting objects:   8% (71/881)   \u001b[K\nremote: Counting objects:   9% (80/881)   \u001b[K\nremote: Counting objects:  10% (89/881)   \u001b[K\nremote: Counting objects:  11% (97/881)   \u001b[K\nremote: Counting objects:  12% (106/881)   \u001b[K\nremote: Counting objects:  13% (115/881)   \u001b[K\nremote: Counting objects:  14% (124/881)   \u001b[K\nremote: Counting objects:  15% (133/881)   \u001b[K\nremote: Counting objects:  16% (141/881)   \u001b[K\nremote: Counting objects:  17% (150/881)   \u001b[K\nremote: Counting objects:  18% (159/881)   \u001b[K\nremote: Counting objects:  19% (168/881)   \u001b[K\nremote: Counting objects:  20% (177/881)   \u001b[K\nremote: Counting objects:  21% (186/881)   \u001b[K\nremote: Counting objects:  22% (194/881)   \u001b[K\nremote: Counting objects:  23% (203/881)   \u001b[K\nremote: Counting objects:  24% (212/881)   \u001b[K\nremote: Counting objects:  25% (221/881)   \u001b[K\nremote: Counting objects:  26% (230/881)   \u001b[K\nremote: Counting objects:  27% (238/881)   \u001b[K\nremote: Counting objects:  28% (247/881)   \u001b[K\nremote: Counting objects:  29% (256/881)   \u001b[K\nremote: Counting objects:  30% (265/881)   \u001b[K\nremote: Counting objects:  31% (274/881)   \u001b[K\nremote: Counting objects:  32% (282/881)   \u001b[K\nremote: Counting objects:  33% (291/881)   \u001b[K\nremote: Counting objects:  34% (300/881)   \u001b[K\nremote: Counting objects:  35% (309/881)   \u001b[K\nremote: Counting objects:  36% (318/881)   \u001b[K\nremote: Counting objects:  37% (326/881)   \u001b[K\nremote: Counting objects:  38% (335/881)   \u001b[K\nremote: Counting objects:  39% (344/881)   \u001b[K\nremote: Counting objects:  40% (353/881)   \u001b[K\nremote: Counting objects:  41% (362/881)   \u001b[K\nremote: Counting objects:  42% (371/881)   \u001b[K\nremote: Counting objects:  43% (379/881)   \u001b[K\nremote: Counting objects:  44% (388/881)   \u001b[K\nremote: Counting objects:  45% (397/881)   \u001b[K\nremote: Counting objects:  46% (406/881)   \u001b[K\nremote: Counting objects:  47% (415/881)   \u001b[K\nremote: Counting objects:  48% (423/881)   \u001b[K\nremote: Counting objects:  49% (432/881)   \u001b[K\nremote: Counting objects:  50% (441/881)   \u001b[K\nremote: Counting objects:  51% (450/881)   \u001b[K\nremote: Counting objects:  52% (459/881)   \u001b[K\nremote: Counting objects:  53% (467/881)   \u001b[K\nremote: Counting objects:  54% (476/881)   \u001b[K\nremote: Counting objects:  55% (485/881)   \u001b[K\nremote: Counting objects:  56% (494/881)   \u001b[K\nremote: Counting objects:  57% (503/881)   \u001b[K\nremote: Counting objects:  58% (511/881)   \u001b[K\nremote: Counting objects:  59% (520/881)   \u001b[K\nremote: Counting objects:  60% (529/881)   \u001b[K\nremote: Counting objects:  61% (538/881)   \u001b[K\nremote: Counting objects:  62% (547/881)   \u001b[K\nremote: Counting objects:  63% (556/881)   \u001b[K\nremote: Counting objects:  64% (564/881)   \u001b[K\nremote: Counting objects:  65% (573/881)   \u001b[K\nremote: Counting objects:  66% (582/881)   \u001b[K\nremote: Counting objects:  67% (591/881)   \u001b[K\nremote: Counting objects:  68% (600/881)   \u001b[K\nremote: Counting objects:  69% (608/881)   \u001b[K\nremote: Counting objects:  70% (617/881)   \u001b[K\nremote: Counting objects:  71% (626/881)   \u001b[K\nremote: Counting objects:  72% (635/881)   \u001b[K\nremote: Counting objects:  73% (644/881)   \u001b[K\nremote: Counting objects:  74% (652/881)   \u001b[K\nremote: Counting objects:  75% (661/881)   \u001b[K\nremote: Counting objects:  76% (670/881)   \u001b[K\nremote: Counting objects:  77% (679/881)   \u001b[K\nremote: Counting objects:  78% (688/881)   \u001b[K\nremote: Counting objects:  79% (696/881)   \u001b[K\nremote: Counting objects:  80% (705/881)   \u001b[K\nremote: Counting objects:  81% (714/881)   \u001b[K\nremote: Counting objects:  82% (723/881)   \u001b[K\nremote: Counting objects:  83% (732/881)   \u001b[K\nremote: Counting objects:  84% (741/881)   \u001b[K\nremote: Counting objects:  85% (749/881)   \u001b[K\nremote: Counting objects:  86% (758/881)   \u001b[K\nremote: Counting objects:  87% (767/881)   \u001b[K\nremote: Counting objects:  88% (776/881)   \u001b[K\nremote: Counting objects:  89% (785/881)   \u001b[K\nremote: Counting objects:  90% (793/881)   \u001b[K\nremote: Counting objects:  91% (802/881)   \u001b[K\nremote: Counting objects:  92% (811/881)   \u001b[K\nremote: Counting objects:  93% (820/881)   \u001b[K\nremote: Counting objects:  94% (829/881)   \u001b[K\nremote: Counting objects:  95% (837/881)   \u001b[K\nremote: Counting objects:  96% (846/881)   \u001b[K\nremote: Counting objects:  97% (855/881)   \u001b[K\nremote: Counting objects:  98% (864/881)   \u001b[K\nremote: Counting objects:  99% (873/881)   \u001b[K\nremote: Counting objects: 100% (881/881)   \u001b[K\nremote: Counting objects: 100% (881/881), done.\u001b[K\n\nremote: Compressing objects:   0% (1/424)   \u001b[K\nremote: Compressing objects:   1% (5/424)   \u001b[K\nremote: Compressing objects:   2% (9/424)   \u001b[K\nremote: Compressing objects:   3% (13/424)   \u001b[K\nremote: Compressing objects:   4% (17/424)   \u001b[K\nremote: Compressing objects:   5% (22/424)   \u001b[K\nremote: Compressing objects:   6% (26/424)   \u001b[K\nremote: Compressing objects:   7% (30/424)   \u001b[K\nremote: Compressing objects:   8% (34/424)   \u001b[K\nremote: Compressing objects:   9% (39/424)   \u001b[K\nremote: Compressing objects:  10% (43/424)   \u001b[K\nremote: Compressing objects:  11% (47/424)   \u001b[K\nremote: Compressing objects:  12% (51/424)   \u001b[K\nremote: Compressing objects:  13% (56/424)   \u001b[K\nremote: Compressing objects:  14% (60/424)   \u001b[K\nremote: Compressing objects:  15% (64/424)   \u001b[K\nremote: Compressing objects:  16% (68/424)   \u001b[K\nremote: Compressing objects:  17% (73/424)   \u001b[K\nremote: Compressing objects:  18% (77/424)   \u001b[K\nremote: Compressing objects:  19% (81/424)   \u001b[K\nremote: Compressing objects:  20% (85/424)   \u001b[K\nremote: Compressing objects:  21% (90/424)   \u001b[K\nremote: Compressing objects:  22% (94/424)   \u001b[K\nremote: Compressing objects:  23% (98/424)   \u001b[K\nremote: Compressing objects:  24% (102/424)   \u001b[K\nremote: Compressing objects:  25% (106/424)   \u001b[K\nremote: Compressing objects:  26% (111/424)   \u001b[K\nremote: Compressing objects:  27% (115/424)   \u001b[K\nremote: Compressing objects:  28% (119/424)   \u001b[K\nremote: Compressing objects:  29% (123/424)   \u001b[K\nremote: Compressing objects:  30% (128/424)   \u001b[K\nremote: Compressing objects:  31% (132/424)   \u001b[K\nremote: Compressing objects:  32% (136/424)   \u001b[K\nremote: Compressing objects:  33% (140/424)   \u001b[K\nremote: Compressing objects:  34% (145/424)   \u001b[K\nremote: Compressing objects:  35% (149/424)   \u001b[K\nremote: Compressing objects:  36% (153/424)   \u001b[K\nremote: Compressing objects:  37% (157/424)   \u001b[K\nremote: Compressing objects:  38% (162/424)   \u001b[K\nremote: Compressing objects:  39% (166/424)   \u001b[K\nremote: Compressing objects:  40% (170/424)   \u001b[K\nremote: Compressing objects:  41% (174/424)   \u001b[K\nremote: Compressing objects:  42% (179/424)   \u001b[K\nremote: Compressing objects:  43% (183/424)   \u001b[K\nremote: Compressing objects:  44% (187/424)   \u001b[K\nremote: Compressing objects:  45% (191/424)   \u001b[K\nremote: Compressing objects:  46% (196/424)   \u001b[K\nremote: Compressing objects:  47% (200/424)   \u001b[K\nremote: Compressing objects:  48% (204/424)   \u001b[K\nremote: Compressing objects:  49% (208/424)   \u001b[K\nremote: Compressing objects:  50% (212/424)   \u001b[K\nremote: Compressing objects:  51% (217/424)   \u001b[K\nremote: Compressing objects:  52% (221/424)   \u001b[K\nremote: Compressing objects:  53% (225/424)   \u001b[K\nremote: Compressing objects:  54% (229/424)   \u001b[K\nremote: Compressing objects:  55% (234/424)   \u001b[K\nremote: Compressing objects:  56% (238/424)   \u001b[K\nremote: Compressing objects:  57% (242/424)   \u001b[K\nremote: Compressing objects:  58% (246/424)   \u001b[K\nremote: Compressing objects:  59% (251/424)   \u001b[K\nremote: Compressing objects:  60% (255/424)   \u001b[K\nremote: Compressing objects:  61% (259/424)   \u001b[K\nremote: Compressing objects:  62% (263/424)   \u001b[K\nremote: Compressing objects:  63% (268/424)   \u001b[K\nremote: Compressing objects:  64% (272/424)   \u001b[K\nremote: Compressing objects:  65% (276/424)   \u001b[K\nremote: Compressing objects:  66% (280/424)   \u001b[K\nremote: Compressing objects:  67% (285/424)   \u001b[K\nremote: Compressing objects:  68% (289/424)   \u001b[K\nremote: Compressing objects:  69% (293/424)   \u001b[K\nremote: Compressing objects:  70% (297/424)   \u001b[K\nremote: Compressing objects:  71% (302/424)   \u001b[K\nremote: Compressing objects:  72% (306/424)   \u001b[K\nremote: Compressing objects:  73% (310/424)   \u001b[K\nremote: Compressing objects:  74% (314/424)   \u001b[K\nremote: Compressing objects:  75% (318/424)   \u001b[K\nremote: Compressing objects:  76% (323/424)   \u001b[K\nremote: Compressing objects:  77% (327/424)   \u001b[K\nremote: Compressing objects:  78% (331/424)   \u001b[K\nremote: Compressing objects:  79% (335/424)   \u001b[K\nremote: Compressing objects:  80% (340/424)   \u001b[K\nremote: Compressing objects:  81% (344/424)   \u001b[K\nremote: Compressing objects:  82% (348/424)   \u001b[K\nremote: Compressing objects:  83% (352/424)   \u001b[K\nremote: Compressing objects:  84% (357/424)   \u001b[K\nremote: Compressing objects:  85% (361/424)   \u001b[K\nremote: Compressing objects:  86% (365/424)   \u001b[K\nremote: Compressing objects:  87% (369/424)   \u001b[K\nremote: Compressing objects:  88% (374/424)   \u001b[K\nremote: Compressing objects:  89% (378/424)   \u001b[K\nremote: Compressing objects:  90% (382/424)   \u001b[K\nremote: Compressing objects:  91% (386/424)   \u001b[K\nremote: Compressing objects:  92% (391/424)   \u001b[K\nremote: Compressing objects:  93% (395/424)   \u001b[K\nremote: Compressing objects:  94% (399/424)   \u001b[K\nremote: Compressing objects:  95% (403/424)   \u001b[K\nremote: Compressing objects:  96% (408/424)   \u001b[K\nremote: Compressing objects:  97% (412/424)   \u001b[K\nremote: Compressing objects:  98% (416/424)   \u001b[K\nremote: Compressing objects:  99% (420/424)   \u001b[K\nremote: Compressing objects: 100% (424/424)   \u001b[K\nremote: Compressing objects: 100% (424/424), done.\u001b[K\n\nReceiving objects:   0% (1/881)   \nReceiving objects:   1% (9/881)   \nReceiving objects:   2% (18/881)   \nReceiving objects:   3% (27/881)   \nReceiving objects:   4% (36/881)   \nReceiving objects:   5% (45/881)   \nReceiving objects:   6% (53/881)   \nReceiving objects:   7% (62/881)   \nReceiving objects:   8% (71/881)   \nReceiving objects:   9% (80/881)   \nReceiving objects:  10% (89/881)   \nReceiving objects:  11% (97/881)   \nReceiving objects:  12% (106/881)   \nReceiving objects:  13% (115/881)   \nReceiving objects:  14% (124/881)   \nReceiving objects:  15% (133/881)   \nReceiving objects:  16% (141/881)   \nReceiving objects:  17% (150/881)   \nReceiving objects:  18% (159/881)   \nReceiving objects:  19% (168/881)   \nReceiving objects:  20% (177/881)   \nReceiving objects:  21% (186/881)   \nReceiving objects:  22% (194/881)   \nReceiving objects:  23% (203/881)   \nReceiving objects:  24% (212/881)   \nReceiving objects:  25% (221/881)   \nReceiving objects:  26% (230/881)   \nReceiving objects:  27% (238/881)   \nReceiving objects:  28% (247/881)   \nReceiving objects:  29% (256/881)   \nReceiving objects:  30% (265/881)   \nReceiving objects:  31% (274/881)   \nReceiving objects:  32% (282/881)   \nReceiving objects:  33% (291/881)   \nReceiving objects:  34% (300/881)   \nReceiving objects:  35% (309/881)   \nReceiving objects:  36% (318/881)   \nReceiving objects:  37% (326/881)   \nReceiving objects:  38% (335/881)   \nReceiving objects:  39% (344/881)   \nReceiving objects:  40% (353/881)   \nReceiving objects:  41% (362/881)   \nReceiving objects:  42% (371/881)   \nReceiving objects:  43% (379/881)   \nReceiving objects:  44% (388/881)   \nReceiving objects:  45% (397/881)   \nReceiving objects:  46% (406/881)   \nReceiving objects:  47% (415/881)   \nReceiving objects:  48% (423/881)   \nReceiving objects:  49% (432/881)   \nReceiving objects:  50% (441/881)   \nReceiving objects:  51% (450/881)   \nReceiving objects:  52% (459/881)   \nReceiving objects:  53% (467/881)   \nReceiving objects:  54% (476/881)   \nReceiving objects:  55% (485/881)   \nReceiving objects:  56% (494/881)   \nReceiving objects:  57% (503/881)   \nReceiving objects:  58% (511/881)   \nReceiving objects:  59% (520/881)   \nReceiving objects:  60% (529/881)   \nReceiving objects:  61% (538/881)   \nReceiving objects:  62% (547/881)   \nReceiving objects:  63% (556/881)   \nReceiving objects:  64% (564/881)   \nReceiving objects:  65% (573/881)   \nReceiving objects:  66% (582/881)   \nReceiving objects:  67% (591/881)   \nReceiving objects:  68% (600/881)   \nReceiving objects:  69% (608/881)   \nReceiving objects:  70% (617/881)   \nReceiving objects:  71% (626/881)   \nReceiving objects:  72% (635/881)   \nReceiving objects:  73% (644/881)   \nReceiving objects:  74% (652/881)   \nReceiving objects:  75% (661/881)   \nReceiving objects:  76% (670/881)   \nReceiving objects:  77% (679/881)   \nReceiving objects:  78% (688/881)   \nReceiving objects:  79% (696/881)   \nReceiving objects:  80% (705/881)   \nReceiving objects:  81% (714/881)   \nReceiving objects:  82% (723/881)   \nReceiving objects:  83% (732/881)   \nReceiving objects:  84% (741/881)   \nReceiving objects:  85% (749/881)   \nReceiving objects:  86% (758/881)   \nReceiving objects:  87% (767/881)   \nReceiving objects:  88% (776/881)   \nReceiving objects:  89% (785/881)   \nReceiving objects:  90% (793/881)   \nReceiving objects:  91% (802/881)   \nReceiving objects:  92% (811/881)   \nReceiving objects:  93% (820/881)   \nReceiving objects:  94% (829/881)   \nReceiving objects:  95% (837/881)   \nremote: Total 881 (delta 525), reused 731 (delta 404), pack-reused 0\u001b[K\n\nReceiving objects:  96% (846/881)   \nReceiving objects:  97% (855/881)   \nReceiving objects:  98% (864/881)   \nReceiving objects:  99% (873/881)   \nReceiving objects: 100% (881/881)   \nReceiving objects: 100% (881/881), 217.53 KiB | 6.80 MiB/s, done.\n\nResolving deltas:   0% (0/525)   \nResolving deltas:   1% (7/525)   \nResolving deltas:   2% (11/525)   \nResolving deltas:  15% (82/525)   \nResolving deltas:  16% (84/525)   \nResolving deltas:  20% (108/525)   \nResolving deltas:  22% (118/525)   \nResolving deltas:  24% (130/525)   \nResolving deltas:  25% (133/525)   \nResolving deltas:  26% (138/525)   \nResolving deltas:  27% (146/525)   \nResolving deltas:  28% (147/525)   \nResolving deltas:  30% (162/525)   \nResolving deltas:  31% (163/525)   \nResolving deltas:  36% (192/525)   \nResolving deltas:  37% (195/525)   \nResolving deltas:  40% (214/525)   \nResolving deltas:  41% (216/525)   \nResolving deltas:  42% (222/525)   \nResolving deltas:  43% (226/525)   \nResolving deltas:  44% (234/525)   \nResolving deltas:  46% (244/525)   \nResolving deltas:  48% (252/525)   \nResolving deltas:  49% (258/525)   \nResolving deltas:  50% (266/525)   \nResolving deltas:  53% (279/525)   \nResolving deltas:  54% (285/525)   \nResolving deltas:  59% (310/525)   \nResolving deltas:  61% (323/525)   \nResolving deltas:  62% (330/525)   \nResolving deltas:  63% (332/525)   \nResolving deltas:  67% (356/525)   \nResolving deltas:  72% (379/525)   \nResolving deltas:  76% (404/525)   \nResolving deltas:  77% (405/525)   \nResolving deltas:  78% (414/525)   \nResolving deltas:  82% (435/525)   \nResolving deltas:  84% (443/525)   \nResolving deltas:  86% (452/525)   \nResolving deltas:  90% (476/525)   \nResolving deltas:  92% (484/525)   \nResolving deltas:  94% (497/525)   \nResolving deltas:  95% (500/525)   \nResolving deltas:  97% (513/525)   \nResolving deltas:  98% (519/525)   \nResolving deltas:  99% (520/525)   \nResolving deltas: 100% (525/525)   \nResolving deltas: 100% (525/525), done.\nnl\nnl\nnl\nnltravis_time:end:0c50c4f1:start=1537604836667899000,finish=1537604837281201000,duration=613302000\n\u001b[0K$ cd SwiftyJSON/SwiftyJSON\n\ntravis_time:start:043abbb8\n\u001b[0K$ git fetch origin +refs/pull/986/merge:\n\nremote: Enumerating objects: 58, done.\u001b[K\n\nremote: Counting objects:   1% (1/58)   \u001b[K\nremote: Counting objects:   3% (2/58)   \u001b[K\nremote: Counting objects:   5% (3/58)   \u001b[K\nremote: Counting objects:   6% (4/58)   \u001b[K\nremote: Counting objects:   8% (5/58)   \u001b[K\nremote: Counting objects:  10% (6/58)   \u001b[K\nremote: Counting objects:  12% (7/58)   \u001b[K\nremote: Counting objects:  13% (8/58)   \u001b[K\nremote: Counting objects:  15% (9/58)   \u001b[K\nremote: Counting objects:  17% (10/58)   \u001b[K\nremote: Counting objects:  18% (11/58)   \u001b[K\nremote: Counting objects:  20% (12/58)   \u001b[K\nremote: Counting objects:  22% (13/58)   \u001b[K\nremote: Counting objects:  24% (14/58)   \u001b[K\nremote: Counting objects:  25% (15/58)   \u001b[K\nremote: Counting objects:  27% (16/58)   \u001b[K\nremote: Counting objects:  29% (17/58)   \u001b[K\nremote: Counting objects:  31% (18/58)   \u001b[K\nremote: Counting objects:  32% (19/58)   \u001b[K\nremote: Counting objects:  34% (20/58)   \u001b[K\nremote: Counting objects:  36% (21/58)   \u001b[K\nremote: Counting objects:  37% (22/58)   \u001b[K\nremote: Counting objects:  39% (23/58)   \u001b[K\nremote: Counting objects:  41% (24/58)   \u001b[K\nremote: Counting objects:  43% (25/58)   \u001b[K\nremote: Counting objects:  44% (26/58)   \u001b[K\nremote: Counting objects:  46% (27/58)   \u001b[K\nremote: Counting objects:  48% (28/58)   \u001b[K\nremote: Counting objects:  50% (29/58)   \u001b[K\nremote: Counting objects:  51% (30/58)   \u001b[K\nremote: Counting objects:  53% (31/58)   \u001b[K\nremote: Counting objects:  55% (32/58)   \u001b[K\nremote: Counting objects:  56% (33/58)   \u001b[K\nremote: Counting objects:  58% (34/58)   \u001b[K\nremote: Counting objects:  60% (35/58)   \u001b[K\nremote: Counting objects:  62% (36/58)   \u001b[K\nremote: Counting objects:  63% (37/58)   \u001b[K\nremote: Counting objects:  65% (38/58)   \u001b[K\nremote: Counting objects:  67% (39/58)   \u001b[K\nremote: Counting objects:  68% (40/58)   \u001b[K\nremote: Counting objects:  70% (41/58)   \u001b[K\nremote: Counting objects:  72% (42/58)   \u001b[K\nremote: Counting objects:  74% (43/58)   \u001b[K\nremote: Counting objects:  75% (44/58)   \u001b[K\nremote: Counting objects:  77% (45/58)   \u001b[K\nremote: Counting objects:  79% (46/58)   \u001b[K\nremote: Counting objects:  81% (47/58)   \u001b[K\nremote: Counting objects:  82% (48/58)   \u001b[K\nremote: Counting objects:  84% (49/58)   \u001b[K\nremote: Counting objects:  86% (50/58)   \u001b[K\nremote: Counting objects:  87% (51/58)   \u001b[K\nremote: Counting objects:  89% (52/58)   \u001b[K\nremote: Counting objects:  91% (53/58)   \u001b[K\nremote: Counting objects:  93% (54/58)   \u001b[K\nremote: Counting objects:  94% (55/58)   \u001b[K\nremote: Counting objects:  96% (56/58)   \u001b[K\nremote: Counting objects:  98% (57/58)   \u001b[K\nremote: Counting objects: 100% (58/58)   \u001b[K\nremote: Counting objects: 100% (58/58), done.\u001b[K\n\nremote: Compressing objects:   7% (1/13)   \u001b[K\nremote: Compressing objects:  15% (2/13)   \u001b[K\nremote: Compressing objects:  23% (3/13)   \u001b[K\nremote: Compressing objects:  30% (4/13)   \u001b[K\nremote: Compressing objects:  38% (5/13)   \u001b[K\nremote: Compressing objects:  46% (6/13)   \u001b[K\nremote: Compressing objects:  53% (7/13)   \u001b[K\nremote: Compressing objects:  61% (8/13)   \u001b[K\nremote: Compressing objects:  69% (9/13)   \u001b[K\nremote: Compressing objects:  76% (10/13)   \u001b[K\nremote: Compressing objects:  84% (11/13)   \u001b[K\nremote: Compressing objects:  92% (12/13)   \u001b[K\nremote: Compressing objects: 100% (13/13)   \u001b[K\nremote: Compressing objects: 100% (13/13), done.\u001b[K\n\nremote: Total 25 (delta 15), reused 18 (delta 10), pack-reused 0\u001b[K\n\nUnpacking objects:   4% (1/25)   \nUnpacking objects:   8% (2/25)   \nUnpacking objects:  12% (3/25)   \nUnpacking objects:  16% (4/25)   \nUnpacking objects:  20% (5/25)   \nUnpacking objects:  24% (6/25)   \nUnpacking objects:  28% (7/25)   \nUnpacking objects:  32% (8/25)   \nUnpacking objects:  36% (9/25)   \nUnpacking objects:  40% (10/25)   \nUnpacking objects:  44% (11/25)   \nUnpacking objects:  48% (12/25)   \nUnpacking objects:  52% (13/25)   \nUnpacking objects:  56% (14/25)   \nUnpacking objects:  60% (15/25)   \nUnpacking objects:  64% (16/25)   \nUnpacking objects:  68% (17/25)   \nUnpacking objects:  72% (18/25)   \nUnpacking objects:  76% (19/25)   \nUnpacking objects:  80% (20/25)   \nUnpacking objects:  84% (21/25)   \nUnpacking objects:  88% (22/25)   \nUnpacking objects:  92% (23/25)   \nUnpacking objects:  96% (24/25)   \nUnpacking objects: 100% (25/25)   \nUnpacking objects: 100% (25/25), done.\n\nFrom https://github.com/SwiftyJSON/SwiftyJSON\n\n * branch            refs/pull/986/merge -> FETCH_HEAD\nnl\nnl\nnl\nnltravis_time:end:043abbb8:start=1537604837326179000,finish=1537604837644173000,duration=317994000\n\u001b[0K$ git checkout -qf FETCH_HEAD\n\ntravis_fold:end:git.checkout\n\u001b[0K\u001b[33;1mDisabling Homebrew auto update. If your Homebrew package requires Homebrew DB be up to date, please run `brew update` explicitly.\u001b[0m\n\n$ export HOMEBREW_NO_AUTO_UPDATE=1\n\ntravis_fold:start:rvm\n\u001b[0Ktravis_time:start:0b018002\n\u001b[0K$ rvm use default\n\n\u001b[32mUsing /Users/travis/.rvm/gems/ruby-2.4.3\u001b[0m\nnl\nnl\nnl\nnltravis_time:end:0b018002:start=1537604837734891000,finish=1537604839187802000,duration=1452911000\n\u001b[0Ktravis_fold:end:rvm\n\u001b[0K$ ruby --version\n\nruby 2.4.3p205 (2017-12-14 revision 61247) [x86_64-darwin17]\n\n$ rvm --version\n\nrvm 1.29.3 (latest) by Michal Papis, Piotr Kuczynski, Wayne E. Seguin [https://rvm.io]\n\n$ bundle --version\n\nBundler version 1.16.2\n\ntravis_fold:start:announce\n\u001b[0K$ xcodebuild -version -sdk\n\niPhoneOS11.4.sdk - iOS 11.4 (iphoneos11.4)\n\nSDKVersion: 11.4\n\nPath: /Applications/Xcode-9.4.1.app/Contents/Developer/Platforms/iPhoneOS.platform/Developer/SDKs/iPhoneOS11.4.sdk\n\nPlatformVersion: 11.4\n\nPlatformPath: /Applications/Xcode-9.4.1.app/Contents/Developer/Platforms/iPhoneOS.platform\n\nBuildID: F6E11FE6-5596-11E8-9BDA-5AB96C5CAEA5\n\nProductBuildVersion: 15F79\n\nProductCopyright: 1983-2018 Apple Inc.\n\nProductName: iPhone OS\n\nProductVersion: 11.4\nnl\nnl\nnl\nnliPhoneSimulator11.4.sdk - Simulator - iOS 11.4 (iphonesimulator11.4)\n\nSDKVersion: 11.4\n\nPath: /Applications/Xcode-9.4.1.app/Contents/Developer/Platforms/iPhoneSimulator.platform/Developer/SDKs/iPhoneSimulator11.4.sdk\n\nPlatformVersion: 11.4\n\nPlatformPath: /Applications/Xcode-9.4.1.app/Contents/Developer/Platforms/iPhoneSimulator.platform\n\nBuildID: F6E11FE6-5596-11E8-9BDA-5AB96C5CAEA5\n\nProductBuildVersion: 15F79\n\nProductCopyright: 1983-2018 Apple Inc.\n\nProductName: iPhone OS\n\nProductVersion: 11.4\nnl\nnl\nnl\nnlMacOSX10.13.sdk - macOS 10.13 (macosx10.13)\n\nSDKVersion: 10.13\n\nPath: /Applications/Xcode-9.4.1.app/Contents/Developer/Platforms/MacOSX.platform/Developer/SDKs/MacOSX10.13.sdk\n\nPlatformVersion: 1.1\n\nPlatformPath: /Applications/Xcode-9.4.1.app/Contents/Developer/Platforms/MacOSX.platform\n\nProductBuildVersion: 17E189\n\nProductCopyright: 1983-2018 Apple Inc.\n\nProductName: Mac OS X\n\nProductUserVisibleVersion: 10.13.4\n\nProductVersion: 10.13.4\nnl\nnl\nnl\nnlAppleTVOS11.4.sdk - tvOS 11.4 (appletvos11.4)\n\nSDKVersion: 11.4\n\nPath: /Applications/Xcode-9.4.1.app/Contents/Developer/Platforms/AppleTVOS.platform/Developer/SDKs/AppleTVOS11.4.sdk\n\nPlatformVersion: 11.4\n\nPlatformPath: /Applications/Xcode-9.4.1.app/Contents/Developer/Platforms/AppleTVOS.platform\n\nBuildID: 2A4D8C64-54C2-11E8-9ADF-18993D72DF6D\n\nProductBuildVersion: 15L576\n\nProductCopyright: 1983-2018 Apple Inc.\n\nProductName: Apple TVOS\n\nProductVersion: 11.4\nnl\nnl\nnl\nnlAppleTVSimulator11.4.sdk - Simulator - tvOS 11.4 (appletvsimulator11.4)\n\nSDKVersion: 11.4\n\nPath: /Applications/Xcode-9.4.1.app/Contents/Developer/Platforms/AppleTVSimulator.platform/Developer/SDKs/AppleTVSimulator11.4.sdk\n\nPlatformVersion: 11.4\n\nPlatformPath: /Applications/Xcode-9.4.1.app/Contents/Developer/Platforms/AppleTVSimulator.platform\n\nBuildID: 2A4D8C64-54C2-11E8-9ADF-18993D72DF6D\n\nProductBuildVersion: 15L576\n\nProductCopyright: 1983-2018 Apple Inc.\n\nProductName: Apple TVOS\n\nProductVersion: 11.4\nnl\nnl\nnl\nnlWatchOS4.3.sdk - watchOS 4.3 (watchos4.3)\n\nSDKVersion: 4.3\n\nPath: /Applications/Xcode-9.4.1.app/Contents/Developer/Platforms/WatchOS.platform/Developer/SDKs/WatchOS4.3.sdk\n\nPlatformVersion: 4.3\n\nPlatformPath: /Applications/Xcode-9.4.1.app/Contents/Developer/Platforms/WatchOS.platform\n\nBuildID: 4AF39DC2-2782-11E8-A671-639E35235AA8\n\nProductBuildVersion: 15T212\n\nProductCopyright: 1983-2018 Apple Inc.\n\nProductName: Watch OS\n\nProductVersion: 4.3\nnl\nnl\nnl\nnlWatchSimulator4.3.sdk - Simulator - watchOS 4.3 (watchsimulator4.3)\n\nSDKVersion: 4.3\n\nPath: /Applications/Xcode-9.4.1.app/Contents/Developer/Platforms/WatchSimulator.platform/Developer/SDKs/WatchSimulator4.3.sdk\n\nPlatformVersion: 4.3\n\nPlatformPath: /Applications/Xcode-9.4.1.app/Contents/Developer/Platforms/WatchSimulator.platform\n\nBuildID: 4AF39DC2-2782-11E8-A671-639E35235AA8\n\nProductBuildVersion: 15T212\n\nProductCopyright: 1983-2018 Apple Inc.\n\nProductName: Watch OS\n\nProductVersion: 4.3\nnl\nnl\nnl\nnlXcode 9.4.1\n\nBuild version 9F2000\n\n$ xcrun simctl list\n\n== Device Types ==\n\niPhone 4s (com.apple.CoreSimulator.SimDeviceType.iPhone-4s)\n\niPhone 5 (com.apple.CoreSimulator.SimDeviceType.iPhone-5)\n\niPhone 5s (com.apple.CoreSimulator.SimDeviceType.iPhone-5s)\n\niPhone 6 (com.apple.CoreSimulator.SimDeviceType.iPhone-6)\n\niPhone 6 Plus (com.apple.CoreSimulator.SimDeviceType.iPhone-6-Plus)\n\niPhone 6s (com.apple.CoreSimulator.SimDeviceType.iPhone-6s)\n\niPhone 6s Plus (com.apple.CoreSimulator.SimDeviceType.iPhone-6s-Plus)\n\niPhone 7 (com.apple.CoreSimulator.SimDeviceType.iPhone-7)\n\niPhone 7 Plus (com.apple.CoreSimulator.SimDeviceType.iPhone-7-Plus)\n\niPhone 8 (com.apple.CoreSimulator.SimDeviceType.iPhone-8)\n\niPhone 8 Plus (com.apple.CoreSimulator.SimDeviceType.iPhone-8-Plus)\n\niPhone SE (com.apple.CoreSimulator.SimDeviceType.iPhone-SE)\n\niPhone X (com.apple.CoreSimulator.SimDeviceType.iPhone-X)\n\niPad 2 (com.apple.CoreSimulator.SimDeviceType.iPad-2)\n\niPad Retina (com.apple.CoreSimulator.SimDeviceType.iPad-Retina)\n\niPad Air (com.apple.CoreSimulator.SimDeviceType.iPad-Air)\n\niPad Air 2 (com.apple.CoreSimulator.SimDeviceType.iPad-Air-2)\n\niPad (5th generation) (com.apple.CoreSimulator.SimDeviceType.iPad--5th-generation-)\n\niPad Pro (9.7-inch) (com.apple.CoreSimulator.SimDeviceType.iPad-Pro--9-7-inch-)\n\niPad Pro (12.9-inch) (com.apple.CoreSimulator.SimDeviceType.iPad-Pro)\n\niPad Pro (12.9-inch) (2nd generation) (com.apple.CoreSimulator.SimDeviceType.iPad-Pro--12-9-inch---2nd-generation-)\n\niPad Pro (10.5-inch) (com.apple.CoreSimulator.SimDeviceType.iPad-Pro--10-5-inch-)\n\niPad (6th generation) (com.apple.CoreSimulator.SimDeviceType.iPad--6th-generation-)\n\nApple TV (com.apple.CoreSimulator.SimDeviceType.Apple-TV-1080p)\n\nApple TV 4K (com.apple.CoreSimulator.SimDeviceType.Apple-TV-4K-4K)\n\nApple TV 4K (at 1080p) (com.apple.CoreSimulator.SimDeviceType.Apple-TV-4K-1080p)\n\nApple Watch - 38mm (com.apple.CoreSimulator.SimDeviceType.Apple-Watch-38mm)\n\nApple Watch - 42mm (com.apple.CoreSimulator.SimDeviceType.Apple-Watch-42mm)\n\nApple Watch Series 2 - 38mm (com.apple.CoreSimulator.SimDeviceType.Apple-Watch-Series-2-38mm)\n\nApple Watch Series 2 - 42mm (com.apple.CoreSimulator.SimDeviceType.Apple-Watch-Series-2-42mm)\n\nApple Watch Series 3 - 38mm (com.apple.CoreSimulator.SimDeviceType.Apple-Watch-Series-3-38mm)\n\nApple Watch Series 3 - 42mm (com.apple.CoreSimulator.SimDeviceType.Apple-Watch-Series-3-42mm)\n\n== Runtimes ==\n\niOS 8.1 (8.1 - 12B411) - com.apple.CoreSimulator.SimRuntime.iOS-8-1\n\niOS 8.2 (8.2 - 12D508) - com.apple.CoreSimulator.SimRuntime.iOS-8-2\n\niOS 8.3 (8.3 - 12F70) - com.apple.CoreSimulator.SimRuntime.iOS-8-3\n\niOS 8.4 (8.4 - 12H141) - com.apple.CoreSimulator.SimRuntime.iOS-8-4\n\niOS 9.0 (9.0 - 13A344) - com.apple.CoreSimulator.SimRuntime.iOS-9-0\n\niOS 9.1 (9.1 - 13B143) - com.apple.CoreSimulator.SimRuntime.iOS-9-1\n\niOS 9.2 (9.2 - 13C75) - com.apple.CoreSimulator.SimRuntime.iOS-9-2\n\niOS 9.3 (9.3 - 13E233) - com.apple.CoreSimulator.SimRuntime.iOS-9-3\n\niOS 10.0 (10.0 - 14A345) - com.apple.CoreSimulator.SimRuntime.iOS-10-0\n\niOS 10.1 (10.1 - 14B72) - com.apple.CoreSimulator.SimRuntime.iOS-10-1\n\niOS 10.2 (10.2 - 14C89) - com.apple.CoreSimulator.SimRuntime.iOS-10-2\n\niOS 10.3 (10.3.1 - 14E8301) - com.apple.CoreSimulator.SimRuntime.iOS-10-3\n\niOS 11.0 (11.0.1 - 15A8401) - com.apple.CoreSimulator.SimRuntime.iOS-11-0\n\niOS 11.1 (11.1 - 15B87) - com.apple.CoreSimulator.SimRuntime.iOS-11-1\n\niOS 11.2 (11.2 - 15C107) - com.apple.CoreSimulator.SimRuntime.iOS-11-2\n\niOS 11.3 (11.3 - 15E217) - com.apple.CoreSimulator.SimRuntime.iOS-11-3\n\niOS 11.4 (11.4 - 15F79) - com.apple.CoreSimulator.SimRuntime.iOS-11-4\n\ntvOS 9.0 (9.0 - 13T395) - com.apple.CoreSimulator.SimRuntime.tvOS-9-0\n\ntvOS 9.1 (9.1 - 13U85) - com.apple.CoreSimulator.SimRuntime.tvOS-9-1\n\ntvOS 9.2 (9.2 - 13Y234) - com.apple.CoreSimulator.SimRuntime.tvOS-9-2\n\ntvOS 10.0 (10.0 - 14T328) - com.apple.CoreSimulator.SimRuntime.tvOS-10-0\n\ntvOS 10.1 (10.1 - 14U591) - com.apple.CoreSimulator.SimRuntime.tvOS-10-1\n\ntvOS 10.2 (10.2 - 14W260) - com.apple.CoreSimulator.SimRuntime.tvOS-10-2\n\ntvOS 11.0 (11.0 - 15J380) - com.apple.CoreSimulator.SimRuntime.tvOS-11-0\n\ntvOS 11.1 (11.1 - 15J580) - com.apple.CoreSimulator.SimRuntime.tvOS-11-1\n\ntvOS 11.2 (11.2 - 15K104) - com.apple.CoreSimulator.SimRuntime.tvOS-11-2\n\ntvOS 11.3 (11.3 - 15L211) - com.apple.CoreSimulator.SimRuntime.tvOS-11-3\n\ntvOS 11.4 (11.4 - 15L576) - com.apple.CoreSimulator.SimRuntime.tvOS-11-4\n\nwatchOS 2.0 (2.0 - 13S343) - com.apple.CoreSimulator.SimRuntime.watchOS-2-0\n\nwatchOS 2.1 (2.1 - 13S661) - com.apple.CoreSimulator.SimRuntime.watchOS-2-1\n\nwatchOS 2.2 (2.2 - 13V144) - com.apple.CoreSimulator.SimRuntime.watchOS-2-2\n\nwatchOS 3.1 (3.1 - 14S471a) - com.apple.CoreSimulator.SimRuntime.watchOS-3-1\n\nwatchOS 3.2 (3.2 - 14V243) - com.apple.CoreSimulator.SimRuntime.watchOS-3-2\n\nwatchOS 4.0 (4.0 - 15R372) - com.apple.CoreSimulator.SimRuntime.watchOS-4-0\n\nwatchOS 4.1 (4.1 - 15R844) - com.apple.CoreSimulator.SimRuntime.watchOS-4-1\n\nwatchOS 4.2 (4.2 - 15S100) - com.apple.CoreSimulator.SimRuntime.watchOS-4-2\n\nwatchOS 4.3 (4.3 - 15T212) - com.apple.CoreSimulator.SimRuntime.watchOS-4-3\n\n== Devices ==\n\n-- iOS 8.1 --\n\n    iPhone 4s (0249462A-BCD6-4AD8-8523-EE31C2CCA42B) (Shutdown)\n\n    iPhone 5 (87AA77DF-259E-4E80-87EB-6F3096EAA780) (Shutdown)\n\n    iPhone 5s (EC425828-6440-47B1-9ECE-8B6F3D50DF8B) (Shutdown)\n\n    iPhone 6 (2BFFFD01-80C8-48F9-8D30-2923E85E903F) (Shutdown)\n\n    iPhone 6 Plus (E8BDC41C-DC07-42FA-B3AD-FE9EA25FB796) (Shutdown)\n\n    iPad 2 (A95A6DA8-F5E3-46A9-BE0F-3C6926172DB1) (Shutdown)\n\n    iPad Retina (9EB86673-DB75-45F2-AACC-8AD1F01688FB) (Shutdown)\n\n    iPad Air (17A0E050-FA3A-4F8E-82C7-6A517C14D5DD) (Shutdown)\n\n-- iOS 8.2 --\n\n    iPhone 4s (0D86B03B-6A3D-48CD-A6FC-66BECC590325) (Shutdown)\n\n    iPhone 5 (3C5C488E-3BF2-43B5-BA35-EBC5AC4A34AF) (Shutdown)\n\n    iPhone 5s (88CAAAC2-6590-40FF-9ED6-3EE99DDE1F10) (Shutdown)\n\n    iPhone 6 (6BC69E2C-FA6C-4E3A-BD94-5362E45983E4) (Shutdown)\n\n    iPhone 6 Plus (FAF7DDB6-FA9A-4C32-A22B-B2228F44E1AA) (Shutdown)\n\n    iPad 2 (6160B903-2593-4797-BB14-0332914D09D5) (Shutdown)\n\n    iPad Retina (64070310-53CC-423B-A826-3550762F0297) (Shutdown)\n\n    iPad Air (CB3C5E09-F743-454C-9C3D-B5C41F604E6D) (Shutdown)\n\n-- iOS 8.3 --\n\n    iPhone 4s (1AC930D7-6D9C-4975-BA5E-C2A9132AED44) (Shutdown)\n\n    iPhone 5 (FA316434-7008-438B-A48A-8E47828F4A9F) (Shutdown)\n\n    iPhone 5s (8164B28A-43B5-48D0-BF0E-5138334EDB57) (Shutdown)\n\n    iPhone 6 (A9099B03-FC36-4BE7-AD18-243A47377EA2) (Shutdown)\n\n    iPhone 6 Plus (F0941667-3069-4A6D-9ECD-503B51107C35) (Shutdown)\n\n    iPad 2 (0BF27476-D756-4865-B29D-6D7B3DCA1A70) (Shutdown)\n\n    iPad Retina (55B2AC75-57C7-47B5-9E3B-ABECC590A12A) (Shutdown)\n\n    iPad Air (8C915B98-B608-4AE3-B5AA-B012B72ACFDB) (Shutdown)\n\n-- iOS 8.4 --\n\n    iPhone 4s (4F70190B-85E5-4402-AE9E-465D6FFE491A) (Shutdown)\n\n    iPhone 5 (6099B4C7-8BAE-4D3C-A002-30192D0B41C1) (Shutdown)\n\n    iPhone 5s (3019CA97-7A4E-4599-95C6-B0B04092088F) (Shutdown)\n\n    iPhone 6 (23C347E1-18BD-4E07-A694-A8595FF83C7F) (Shutdown)\n\n    iPhone 6 Plus (99035083-847E-4A11-9F2E-7D08A091B50A) (Shutdown)\n\n    iPad 2 (43E8DCE9-B349-4EFF-9C9D-FCE7ECA47ADE) (Shutdown)\n\n    iPad Retina (6211A19E-97FF-4F9B-9180-48A10434E96C) (Shutdown)\n\n    iPad Air (368DB039-5130-4337-B410-E43C3D8AD452) (Shutdown)\n\n-- iOS 9.0 --\n\n    iPhone 4s (B278A03C-C15F-4F6A-83F1-AF0438C3C7E4) (Shutdown)\n\n    iPhone 5 (9BDA4B06-8978-4405-85A7-A8F595ABDE1E) (Shutdown)\n\n    iPhone 5s (70B5B154-496B-4326-B4B7-B167BC4D09F1) (Shutdown)\n\n    iPhone 6 (A5C64987-58C6-41B6-A821-6ED43F1980E1) (Shutdown)\n\n    iPhone 6 Plus (60969D0C-C43A-42B4-99FE-17DD8839BBC7) (Shutdown)\n\n    iPhone 6s (7DAF65A2-B5ED-4F22-84E5-A9F66B7CAAA2) (Shutdown)\n\n    iPhone 6s Plus (5A8CAE95-6C12-4EEB-B595-CB3A7D522569) (Shutdown)\n\n    iPad 2 (A85A943F-85ED-4D82-8AEC-687197518470) (Shutdown)\n\n    iPad Retina (FDDB0372-BA8F-441C-90AB-FC03F8DF44C2) (Shutdown)\n\n    iPad Air (FD6F3230-846F-4924-A8F7-0A8B53E2B43E) (Shutdown)\n\n    iPad Air 2 (98C9CB4A-935C-4947-A667-1F5CCAE701AF) (Shutdown)\n\n-- iOS 9.1 --\n\n    iPhone 4s (B64D3462-5699-4372-B01B-CE98F8E19999) (Shutdown)\n\n    iPhone 5 (1182E8CA-8864-4928-9670-9283ED0F2C61) (Shutdown)\n\n    iPhone 5s (C6206239-67C1-4B3E-8D0C-DFD8A34DD8DE) (Shutdown)\n\n    iPhone 6 (A663F313-691A-41EA-9B8E-9C13BCED198A) (Shutdown)\n\n    iPhone 6 Plus (85DD6230-FE87-4F47-B0DF-7A90F6DE39B9) (Shutdown)\n\n    iPhone 6s (0804F654-C416-4CA4-8DCC-E669271750F5) (Shutdown)\n\n    iPhone 6s Plus (4079A6CA-F504-4AC0-BBF9-FF5B5ED27177) (Shutdown)\n\n    iPad 2 (C667CE8F-1790-4A1E-972A-9C4463A347D8) (Shutdown)\n\n    iPad Retina (C074D4D9-902B-4F34-A58E-4C0952D1A1DB) (Shutdown)\n\n    iPad Air (218D79B3-DCE8-4094-AC21-C82990E3B41E) (Shutdown)\n\n    iPad Air 2 (AA59EC7F-2848-4801-B5FB-13F5A94B0BAA) (Shutdown)\n\n    iPad Pro (84F62264-105F-412E-9F4B-8947A4B600ED) (Shutdown)\n\n-- iOS 9.2 --\n\n    iPhone 4s (9A367BEB-AEA9-485A-A8DA-B59275891B40) (Shutdown)\n\n    iPhone 5 (CE788CCC-7DD7-4634-804A-8744CFE83ADE) (Shutdown)\n\n    iPhone 5s (020B606F-FA5C-4E37-8E02-7EA7B20878A7) (Shutdown)\n\n    iPhone 6 (611FE619-14F2-4243-B72C-E285BF50C8B5) (Shutdown)\n\n    iPhone 6 Plus (2A7C1989-D6B2-4734-956F-275FDEDB6BFF) (Shutdown)\n\n    iPhone 6s (26799EBF-B3A8-43EE-9E2E-414C7E4C96B9) (Shutdown)\n\n    iPhone 6s Plus (89AB292F-A1C4-43C8-ACD8-67ABED7DD449) (Shutdown)\n\n    iPad 2 (9B35D13B-AEC3-4D43-A15C-F7B2C755CA2A) (Shutdown)\n\n    iPad Retina (8E1F2F61-7C3C-4C3B-AA00-FD8CD5D0C65F) (Shutdown)\n\n    iPad Air (89B7A34A-51B5-40B6-99F6-281A1452388B) (Shutdown)\n\n    iPad Air 2 (8BF6B30B-F942-4315-8783-8542EB848ED9) (Shutdown)\n\n    iPad Pro (FC21F7B0-261C-4D6B-B43E-E0A08B9076DC) (Shutdown)\n\n-- iOS 9.3 --\n\n    iPhone 4s (5C73E8BF-9F1D-4B29-8C69-08B107285FB0) (Shutdown)\n\n    iPhone 5 (01DCAF95-F266-4720-AD2C-51CF279CCB6C) (Shutdown)\n\n    iPhone 5s (8CD51D9A-9F67-4CD7-A8D1-8698B551E577) (Shutdown)\n\n    iPhone 6 (D3EE8F5D-2AED-4A72-802D-FDDC37A6BCB5) (Shutdown)\n\n    iPhone 6 Plus (402A84FF-D922-43D9-93B2-98C29D488D14) (Shutdown)\n\n    iPhone 6s (15C825AA-C8F7-44D2-95FB-C92D38A0D9BA) (Shutdown)\n\n    iPhone 6s Plus (88F3D527-A08C-4A5D-8541-9901BE89336B) (Shutdown)\n\n    iPad 2 (1C3F1904-E0A7-4E5A-A9E9-436E8E79BEC6) (Shutdown)\n\n    iPad Retina (1A8FF421-409E-4FAB-938E-7E91961BD9EB) (Shutdown)\n\n    iPad Air (9073977E-0387-4C08-8628-5F3FDB7E7628) (Shutdown)\n\n    iPad Air 2 (747B2225-4B98-4677-81E7-519A02784945) (Shutdown)\n\n    iPad Pro (B5EA4A24-229C-4840-845E-269FA42E8BEB) (Shutdown)\n\n-- iOS 10.0 --\n\n    iPhone 5 (38602345-96D7-40FE-851D-A18605C3A14D) (Shutdown)\n\n    iPhone 5s (CD6B7230-DDF8-4C42-BFBA-5A2DEFD5F69A) (Shutdown)\n\n    iPhone 6 (BD798BF0-5019-40FD-B2B4-D8D5C8C47A25) (Shutdown)\n\n    iPhone 6 Plus (F31D2E4E-B4BC-43E2-9B5E-C9CFF5669C92) (Shutdown)\n\n    iPhone 6s (FBD5EE0F-F2C5-484C-8B51-1DB1B69ED6AF) (Shutdown)\n\n    iPhone 6s Plus (DAB0E600-4827-492A-8F91-A78F877F4C4C) (Shutdown)\n\n    iPhone SE (C87BBC3B-3B7F-4C09-8F9C-165C2FD827D3) (Shutdown)\n\n    iPad Air (794C8F86-3466-4A1E-BFF3-E7C0A9705DD5) (Shutdown)\n\n    iPad Air 2 (0446F2F8-F7E0-4391-A9F7-D117FF2DFB6E) (Shutdown)\n\n    iPad Pro (9.7 inch) (DB1ECDD4-6297-4D8F-971C-6FF53D9558C5) (Shutdown)\n\n    iPad Pro (12.9 inch) (176C2710-6129-4C31-ADC2-56A2FE9E44B8) (Shutdown)\n\n-- iOS 10.1 --\n\n    iPhone 5 (D3442F27-8F49-4CA0-9904-E33D9FE5D656) (Shutdown)\n\n    iPhone 5s (8C0DF6CB-FE74-4110-ADD7-3210910D7C60) (Shutdown)\n\n    iPhone 6 (27525FD7-EC26-48CC-A9BE-A0C06CC57093) (Shutdown)\n\n    iPhone 6 Plus (6B79DDC4-1382-481D-A53E-9C8F6E790E51) (Shutdown)\n\n    iPhone 6s (3D4E4C6A-772D-4378-90A6-0CB4F1E88D26) (Shutdown)\n\n    iPhone 6s Plus (CD905A1B-47A2-4A6B-AC77-16E4FD2C7D57) (Shutdown)\n\n    iPhone 7 (3817F470-271D-4373-B20F-6FD6C063EA58) (Shutdown)\n\n    iPhone 7 Plus (4A74CE64-F73C-4238-A205-5429738D8CE9) (Shutdown)\n\n    iPhone SE (8F3F0194-E1AF-41C2-B2A1-645456B89F5D) (Shutdown)\n\n    iPad Air (0769C554-89F8-4726-AF4F-2F086BD4E130) (Shutdown)\n\n    iPad Air 2 (A8F97452-1E3A-432C-88BA-6D19F2DEB5B5) (Shutdown)\n\n    iPad Pro (9.7 inch) (43EE6103-FB05-4325-B866-0BB0EB76DA03) (Shutdown)\n\n    iPad Pro (12.9 inch) (7EFCD587-3A33-40B2-ABC6-B778AB7A1D4E) (Shutdown)\n\n-- iOS 10.2 --\n\n    iPhone 5 (3E356030-3500-494E-A676-E1D57CAEE44D) (Shutdown)\n\n    iPhone 5s (3EA9A76D-BCC7-42B3-9783-C71EB76DC6A9) (Shutdown)\n\n    iPhone 6 (136AF46E-4EFF-49D8-BB5D-EE436C578BC4) (Shutdown)\n\n    iPhone 6 Plus (9C41A2C4-A752-4ECB-AFE6-6BC94C2CA98C) (Shutdown)\n\n    iPhone 6s (CF02F9DC-ADFF-468B-B7DB-F49B53311E7C) (Shutdown)\n\n    iPhone 6s Plus (AFEB4258-F039-4360-9B37-977793E98A75) (Shutdown)\n\n    iPhone 7 (B8CA1064-2EEC-4D75-BB1E-662EF7FBC2EC) (Shutdown)\n\n    iPhone 7 Plus (599424B6-B002-4F67-BA5B-91ABDBE3C24D) (Shutdown)\n\n    iPhone SE (24ADD8C1-96A1-4E65-BC56-7B60A45CC272) (Shutdown)\n\n    iPad Air (756B5591-D2C2-40E2-A1C5-4AC7003F27C5) (Shutdown)\n\n    iPad Air 2 (454E07E2-A405-481C-AAFE-5C665A28F869) (Shutdown)\n\n    iPad Pro (9.7 inch) (7B17A4C7-8798-4BB7-9F8E-6066034C2EC8) (Shutdown)\n\n    iPad Pro (12.9 inch) (89D4B43B-4823-46AF-BBD0-A6F56AE66009) (Shutdown)\n\n-- iOS 10.3 --\n\n    iPhone 5 (DC180A1E-B40B-4F10-8F32-BDD141E932E4) (Shutdown)\n\n    iPhone 5s (DB6FCD8E-F844-425E-A5B0-07986A77B6E2) (Shutdown)\n\n    iPhone 6 (6B7C73F6-82E1-4FC7-A47E-C8BE0B2D7B30) (Shutdown)\n\n    iPhone 6 Plus (BB5D3870-77EE-4135-AAE3-C7F0D245862F) (Shutdown)\n\n    iPhone 6s (E68E4CCD-77AA-42AF-9DFB-DEDB9A161166) (Shutdown)\n\n    iPhone 6s Plus (AF20A6BA-8E32-4835-8CA3-69F9978C1C70) (Shutdown)\n\n    iPhone 7 (6AC4C35F-F1A5-4C54-88CF-E903C9B910C4) (Shutdown)\n\n    iPhone 7 Plus (AE68934B-30AF-46A8-BBCC-53FB7205978A) (Shutdown)\n\n    iPhone SE (1C63BDA4-127A-4794-80E8-DB87D29975EC) (Shutdown)\n\n    iPad Air (518EE86F-705C-4668-B366-1AC154700475) (Shutdown)\n\n    iPad Air 2 (305E30FD-E726-4576-8515-DF9BF4793A14) (Shutdown)\n\n    iPad (5th generation) (FD4602BE-4676-4769-BB84-40D92AA0DD73) (Shutdown)\n\n    iPad Pro (9.7 inch) (A1C0F99A-FC6A-47E7-8574-F703FE78BF36) (Shutdown)\n\n    iPad Pro (12.9 inch) (1385412A-6D8D-4205-9440-CFFDA1B2188D) (Shutdown)\n\n    iPad Pro (12.9-inch) (2nd generation) (7502974D-3AF4-4DF5-877E-8EE6D1BC022C) (Shutdown)\n\n    iPad Pro (10.5-inch) (A6E5057C-144C-4FC6-8405-950ABF8BFBFA) (Shutdown)\n\n-- iOS 11.0 --\n\n    iPhone 5s (F063E289-BF52-4F2F-A307-4C68604271CF) (Shutdown)\n\n    iPhone 6 (04C3AE27-EF87-461A-A610-B294146E704A) (Shutdown)\n\n    iPhone 6 Plus (0104293D-D20D-4C2B-8517-DDACA5413279) (Shutdown)\n\n    iPhone 6s (2AB0A048-B2DD-44B5-B6EA-EEFE6B902DA5) (Shutdown)\n\n    iPhone 6s Plus (41DA2456-67C8-48B3-BBB3-667F6BC1436A) (Shutdown)\n\n    iPhone 7 (699ED516-E0C6-4529-9A12-7AA4E8626639) (Shutdown)\n\n    iPhone 7 Plus (6B0C25EA-09DB-4AF5-847F-EB503AE29129) (Shutdown)\n\n    iPhone 8 (BFC6320A-7D97-42F1-ADF2-A3CF74073B61) (Shutdown)\n\n    iPhone 8 Plus (5B92FA1F-120C-4604-8807-0A416979DE0F) (Shutdown)\n\n    iPhone SE (AAE7CB94-027E-4206-BE72-96F1BC072527) (Shutdown)\n\n    iPhone X (AB0DEA05-54F5-49DA-9DC1-6D3EB0E53AFA) (Shutdown)\n\n    iPad Air (B301BF38-6816-42B4-9B56-E63E38AEACCE) (Shutdown)\n\n    iPad Air 2 (2F58313B-68B1-4D7F-A69D-936E754F8AD6) (Shutdown)\n\n    iPad (5th generation) (5217DF5A-6D99-46CA-8E5F-C0A6F784854D) (Shutdown)\n\n    iPad Pro (9.7-inch) (C2F50040-F433-45AC-A6DE-6CD691EEE784) (Shutdown)\n\n    iPad Pro (12.9-inch) (67B41083-C811-4606-A267-20179D0F787A) (Shutdown)\n\n    iPad Pro (12.9-inch) (2nd generation) (56454F44-9C64-46D4-AD1D-CA43F3B6688E) (Shutdown)\n\n    iPad Pro (10.5-inch) (1D0DC981-7AFC-4BC5-8E60-4FD86E0FA876) (Shutdown)\n\n-- iOS 11.1 --\n\n    iPhone 5s (2C9B090B-3617-4024-8836-28329FF46844) (Shutdown)\n\n    iPhone 6 (8420A7FD-699A-4063-A79F-49969CA1BE8C) (Shutdown)\n\n    iPhone 6 Plus (9138A005-5148-4BE4-AD1C-5BF953DA7313) (Shutdown)\n\n    iPhone 6s (345FFAEB-0052-4FDD-AD4B-16BE10226C32) (Shutdown)\n\n    iPhone 6s Plus (2FBFEDDB-B2E8-4371-85B0-04F0B76C2740) (Shutdown)\n\n    iPhone 7 (EFA10134-FE95-4DC6-8225-F70393BB3B65) (Shutdown)\n\n    iPhone 7 Plus (CBC5537A-7911-46DA-9662-22FF8284BB2F) (Shutdown)\n\n    iPhone 8 (1E53D31E-F880-4137-AF9A-A6754E531F04) (Shutdown)\n\n    iPhone 8 Plus (25A1DAA2-FA3C-4CA3-A249-4854E2E7F53A) (Shutdown)\n\n    iPhone SE (B836DC75-54BB-4841-A197-285800F14767) (Shutdown)\n\n    iPhone X (E71AD5B8-2A5E-4F53-B94D-9AC8B4ED1EE5) (Shutdown)\n\n    iPad Air (8EC220ED-B5EF-4136-BF01-D6FA61F88232) (Shutdown)\n\n    iPad Air 2 (9DC346E6-972C-40BF-BBE3-0F63BD4E362B) (Shutdown)\n\n    iPad (5th generation) (9ED52B02-4121-4B95-88E7-28652AEDCFBE) (Shutdown)\n\n    iPad Pro (9.7-inch) (5C4F2820-45AD-4AAD-906C-16DF3960286E) (Shutdown)\n\n    iPad Pro (12.9-inch) (4680F565-4D88-422A-B20C-396810409C3B) (Shutdown)\n\n    iPad Pro (12.9-inch) (2nd generation) (B1E5B4A8-0803-485E-B8EE-2BEAF774DD07) (Shutdown)\n\n    iPad Pro (10.5-inch) (0B35B74D-15B7-4156-AB0E-03D3D7D306A1) (Shutdown)\n\n-- iOS 11.2 --\n\n    iPhone 5s (D19316E0-DC76-4970-9423-C2EF7E7D745E) (Shutdown)\n\n    iPhone 6 (BFE04B76-0D7E-4056-A6C9-CB81F8EEE0E3) (Shutdown)\n\n    iPhone 6 Plus (CD4B9B09-03C1-470B-BDD1-46B42D5919F1) (Shutdown)\n\n    iPhone 6s (70DFBD87-956B-4C10-978E-9AD7807E955E) (Shutdown)\n\n    iPhone 6s Plus (FF8A43CE-7B2C-4F4A-83C3-F2610DEDAA55) (Shutdown)\n\n    iPhone 7 (051D3CB9-40F6-45B1-B6E7-6149190C6565) (Shutdown)\n\n    iPhone 7 Plus (D8AFCF22-19AD-48D3-AA19-AF58BF5911B6) (Shutdown)\n\n    iPhone 8 (F48D4B33-60EE-4C03-96CC-8F9D3F5EAF6D) (Shutdown)\n\n    iPhone 8 Plus (227A9793-7525-429D-92D8-BD1D4BB651CF) (Shutdown)\n\n    iPhone SE (7D3B8D57-0EB8-4A84-AB09-E02D7F3F1AB9) (Shutdown)\n\n    iPhone X (A5BB85E3-EBB5-4767-9B81-4A7DF2DC1B76) (Shutdown)\n\n    iPad Air (D4FE15DB-816E-488C-9297-E942FE3DAD1F) (Shutdown)\n\n    iPad Air 2 (D45224C5-D30C-4B40-8AFF-91D435BE7321) (Shutdown)\n\n    iPad (5th generation) (B0DF6B75-3D8B-4BFE-AA2D-E10FF6BBFAC6) (Shutdown)\n\n    iPad Pro (9.7-inch) (28EF80F2-0293-4D9D-8E04-D116ADC1D6B2) (Shutdown)\n\n    iPad Pro (12.9-inch) (E5F40FE8-5903-4537-9519-A3D4010F2C54) (Shutdown)\n\n    iPad Pro (12.9-inch) (2nd generation) (FE62F490-F5DE-421E-9C99-F6123CD2E1F1) (Shutdown)\n\n    iPad Pro (10.5-inch) (A11880E4-170C-4E27-948C-34E3E2B98EC6) (Shutdown)\n\n-- iOS 11.3 --\n\n    iPhone 5s (746C2A5F-B0BE-4164-A178-B53A6BDBE20C) (Shutdown)\n\n    iPhone 6 (41736ECF-B56E-43C0-92A1-7E1FD8302B88) (Shutdown)\n\n    iPhone 6 Plus (76B76782-4957-42B4-B7B8-779BBB286AE4) (Shutdown)\n\n    iPhone 6s (4B212682-BCF0-49D3-8FEA-01688DEA8711) (Shutdown)\n\n    iPhone 6s Plus (8909BBA4-4FA3-47CB-B2C3-75798A2DD088) (Shutdown)\n\n    iPhone 7 (65DFF9C4-B3A4-45F4-A46D-A906AA5DEB7B) (Shutdown)\n\n    iPhone 7 Plus (F9E3FEC5-D127-4F92-9BE2-3921033653B5) (Shutdown)\n\n    iPhone 8 (361E7D26-A9BD-447D-939C-1DBF01B0B1E0) (Shutdown)\n\n    iPhone 8 Plus (A5C08804-E339-4E78-A478-0D099F54B973) (Shutdown)\n\n    iPhone SE (92550947-1AE2-40B6-9D1C-F04D27BF3ED3) (Shutdown)\n\n    iPhone X (5E4E0408-E061-4CDF-955A-EF404C743CB8) (Shutdown)\n\n    iPad Air (70B8A002-9B21-466E-950C-098F4827C7B6) (Shutdown)\n\n    iPad Air 2 (7AD53AD3-6E79-43B5-B98D-E5134A218F2A) (Shutdown)\n\n    iPad (5th generation) (070A7D7E-830F-4006-9BC2-5332E41EB48F) (Shutdown)\n\n    iPad Pro (9.7-inch) (8B1AB4E3-0781-44F5-9051-C72D44F5A2FE) (Shutdown)\n\n    iPad Pro (12.9-inch) (478F89A7-7796-4207-A6BF-6EBF80D84170) (Shutdown)\n\n    iPad Pro (12.9-inch) (2nd generation) (DFFF359C-6866-455F-AF8B-09BB13418355) (Shutdown)\n\n    iPad Pro (10.5-inch) (2B7A12DA-4F66-402F-84E5-66DC177BA89F) (Shutdown)\n\n-- iOS 11.4 --\n\n    iPhone 5s (F5F84F68-FEE6-4817-92D3-A101BE655657) (Shutdown)\n\n    iPhone 6 (6493A715-04AC-4497-88F8-E81024078287) (Shutdown)\n\n    iPhone 6 Plus (B00AEC63-696C-4297-A3A5-A573B1EFBEBE) (Shutdown)\n\n    iPhone 6s (30883235-39F9-4606-9C83-F4D4C630EDB9) (Shutdown)\n\n    iPhone 6s Plus (BEEA8A39-963D-43F1-A555-70F6EF246A64) (Shutdown)\n\n    iPhone 7 (8ABF0B4E-0370-4D7D-B9F6-E508760687A5) (Shutdown)\n\n    iPhone 7 Plus (6E127CF0-6BCD-4EE2-9C84-25BF64073611) (Shutdown)\n\n    iPhone 8 (1CAB698D-0215-498B-B6DC-6C7CCE5F99D7) (Shutdown)\n\n    iPhone 8 Plus (384E22B2-1BF5-48E7-8FB0-3DC8D6B625D1) (Shutdown)\n\n    iPhone SE (B23EF716-1D30-44F3-916D-778BD8D2DD00) (Shutdown)\n\n    iPhone X (19ABD42A-1EBA-4455-9EB1-8B8D2DD9BC5A) (Shutdown)\n\n    iPad Air (68769750-3781-4D80-B348-D07AF80EA6BA) (Shutdown)\n\n    iPad Air 2 (04D6C823-FDA3-472B-85EA-9B484AF6E42F) (Shutdown)\n\n    iPad (5th generation) (21DD3A28-FAEB-49CA-B92F-C634BC438358) (Shutdown)\n\n    iPad Pro (9.7-inch) (D2E2A588-90B6-4265-B868-52CCC62C5EBF) (Shutdown)\n\n    iPad Pro (12.9-inch) (837DF8E5-F517-4A86-8BB9-048C9998636E) (Shutdown)\n\n    iPad Pro (12.9-inch) (2nd generation) (32B3A5BD-7EC0-4F96-AEFE-9685192C7440) (Shutdown)\n\n    iPad Pro (10.5-inch) (0199AF6F-93CC-46B8-AF63-10AE97DF46DF) (Shutdown)\n\n-- tvOS 9.0 --\n\n    Apple TV 1080p (B44BD845-730F-4222-A5E8-9EF556A73ED9) (Shutdown)\n\n-- tvOS 9.1 --\n\n    Apple TV 1080p (D7BA1BBB-58A2-4F5F-ADCB-D530B64BF07A) (Shutdown)\n\n-- tvOS 9.2 --\n\n    Apple TV 1080p (DD9361A0-3233-44CF-90AB-EECA016ADC6F) (Shutdown)\n\n-- tvOS 10.0 --\n\n    Apple TV 1080p (9AB885F9-D262-49DE-9E54-6CA01B6BE585) (Shutdown)\n\n-- tvOS 10.1 --\n\n    Apple TV 1080p (43FE2980-0524-41CB-93CA-801CC992C9E4) (Shutdown)\n\n-- tvOS 10.2 --\n\n    Apple TV 1080p (4F9152DB-C7D3-4E23-AE69-AA2ED7598CC5) (Shutdown)\n\n-- tvOS 11.0 --\n\n    Apple TV (275FDABC-42E5-4508-ABA0-16E258796612) (Shutdown)\n\n    Apple TV 4K (0B00991F-14DB-486D-AA80-7F4E8AA8AD1D) (Shutdown)\n\n    Apple TV 4K (at 1080p) (FEEEFB34-4CD9-47AD-A556-F76649F6D3DF) (Shutdown)\n\n-- tvOS 11.1 --\n\n    Apple TV (FDA5C07E-94C6-49DF-8AD2-8A4519598113) (Shutdown)\n\n    Apple TV 4K (107D1683-D13A-4E1C-9DFC-E87751F3DEB5) (Shutdown)\n\n    Apple TV 4K (at 1080p) (9E8BF6BF-4F40-47C9-A58A-535EA156B5F9) (Shutdown)\n\n-- tvOS 11.2 --\n\n    Apple TV (ADCAFE81-62F2-44BA-A1CB-AAB8B603FB8A) (Shutdown)\n\n    Apple TV 4K (23B747C9-A90E-4078-BE58-78A815FA6711) (Shutdown)\n\n    Apple TV 4K (at 1080p) (A25169A0-47E3-4296-A2CA-14DC5286816C) (Shutdown)\n\n-- tvOS 11.3 --\n\n    Apple TV (4C61FCE6-10FD-420D-88C2-EB50772D539A) (Shutdown)\n\n    Apple TV 4K (BA8DBE97-9082-441C-89B4-7FD5F4DC922C) (Shutdown)\n\n    Apple TV 4K (at 1080p) (15D00734-AAC3-4B39-BFA9-8A86577A644C) (Shutdown)\n\n-- tvOS 11.4 --\n\n    Apple TV (A6AD8D87-509A-41F3-B093-E05E4E99FDC1) (Shutdown)\n\n    Apple TV 4K (43581E95-B1BF-4EEB-A4FA-6DF0540407C5) (Shutdown)\n\n    Apple TV 4K (at 1080p) (6AF62079-B740-4F04-9B8E-3C07C1ADE71D) (Shutdown)\n\n-- watchOS 2.0 --\n\n    Apple Watch - 38mm (5325215A-B275-4A5F-A5BD-18D4EACD21E9) (Shutdown)\n\n    Apple Watch - 42mm (D3ABCFE8-4FC1-4728-A84F-4E63C4EB3568) (Shutdown)\n\n-- watchOS 2.1 --\n\n    Apple Watch - 38mm (C4219BA0-10B3-48A6-B664-7E684CC40FEB) (Shutdown)\n\n    Apple Watch - 42mm (5666FF7D-12C6-4DB4-91C4-083C6C004EA1) (Shutdown)\n\n-- watchOS 2.2 --\n\n    Apple Watch - 38mm (88FB5B0A-96A6-4306-86D1-475260FC72FD) (Shutdown)\n\n    Apple Watch - 42mm (A112AA4C-AA5D-4A0F-9AA0-40AA1CAB9BC4) (Shutdown)\n\n-- watchOS 3.1 --\n\n    Apple Watch - 38mm (A81E6450-BACC-4201-83AA-C671C356C965) (Shutdown)\n\n    Apple Watch - 42mm (6C5A66B4-11F5-45A6-80F9-6B2B078D4F7B) (Shutdown)\n\n    Apple Watch Series 2 - 38mm (191C4584-20A6-4E20-A5F0-432AC3DAB307) (Shutdown)\n\n    Apple Watch Series 2 - 42mm (7A8F3361-EBAE-436B-9EC5-3A48AD8EAD85) (Shutdown)\n\n-- watchOS 3.2 --\n\n    Apple Watch - 38mm (43002C12-D3DC-4A65-AAB6-B51034E8D71B) (Shutdown)\n\n    Apple Watch - 42mm (BD8B5509-4664-4219-80BE-8306E93299D3) (Shutdown)\n\n    Apple Watch Series 2 - 38mm (47D354A7-A3C1-4C07-96F4-EEA0E6C8C908) (Shutdown)\n\n    Apple Watch Series 2 - 42mm (8996E94F-2667-4AF0-822C-381CA9074F3A) (Shutdown)\n\n-- watchOS 4.0 --\n\n    Apple Watch - 38mm (1454567A-B05C-4E58-B250-46068E295060) (Shutdown)\n\n    Apple Watch - 42mm (027309AA-FAFF-4430-A48E-0F44C38607B1) (Shutdown)\n\n    Apple Watch Series 2 - 38mm (BF3FC4C1-E3D5-4692-8502-779EF1B62682) (Shutdown)\n\n    Apple Watch Series 2 - 42mm (0F6E19BD-F465-42B8-AFAE-679FF2B982A5) (Shutdown)\n\n    Apple Watch Series 3 - 38mm (526C953C-A654-456F-B81C-DC43BE0E315B) (Shutdown)\n\n    Apple Watch Series 3 - 42mm (6642BD7D-3360-48BD-8E6C-6CA99440789D) (Shutdown)\n\n-- watchOS 4.1 --\n\n    Apple Watch - 38mm (8282F8EA-E762-4889-B399-CC7BC0969A88) (Shutdown)\n\n    Apple Watch - 42mm (CE477EAD-8373-4EAB-B0F6-B5989D0D89A2) (Shutdown)\n\n    Apple Watch Series 2 - 38mm (D5E00E10-9263-47E9-A444-BF13960780BB) (Shutdown)\n\n    Apple Watch Series 2 - 42mm (B9847BD0-8DEF-41BA-8008-B79D1189482D) (Shutdown)\n\n    Apple Watch Series 3 - 38mm (AE79B513-305A-418E-838B-3D8185681804) (Shutdown)\n\n    Apple Watch Series 3 - 42mm (F7F86CAE-F5D3-416A-A811-325C536321C6) (Shutdown)\n\n-- watchOS 4.2 --\n\n    Apple Watch - 38mm (F28EEA4A-1EF2-4748-8E27-883D1E7F6156) (Shutdown)\n\n    Apple Watch - 42mm (6FCBF431-CE19-44CB-BE70-9D92A23DB6E4) (Shutdown)\n\n    Apple Watch Series 2 - 38mm (B85A2F75-28C8-42B8-9066-8400638B5667) (Shutdown)\n\n    Apple Watch Series 2 - 42mm (BCF59632-5FED-40EB-B128-7BCE68EAD983) (Shutdown)\n\n    Apple Watch Series 3 - 38mm (37D5399C-D6F3-41AF-95D8-BFF040576B32) (Shutdown)\n\n    Apple Watch Series 3 - 42mm (258E7249-3D6E-43D6-B33F-E6327C112D2B) (Shutdown)\n\n-- watchOS 4.3 --\n\n    Apple Watch - 38mm (C4E58B70-DA61-413B-A352-2DA6D1F1AE66) (Shutdown)\n\n    Apple Watch - 42mm (0B637EA0-65AD-4B3D-8A74-5BEF58DD3555) (Shutdown)\n\n    Apple Watch Series 2 - 38mm (DBB04722-4BE2-4BC7-9890-A279DD6B79AA) (Shutdown)\n\n    Apple Watch Series 2 - 42mm (6EF34C4E-1EB4-495D-8AD1-BC96B9434874) (Shutdown)\n\n    Apple Watch Series 3 - 38mm (AD9342E0-EE28-4714-A34D-374E5D66901F) (Shutdown)\n\n    Apple Watch Series 3 - 42mm (5337670E-C054-4224-AF00-4A5CF6F9B0F0) (Shutdown)\n\n== Device Pairs ==\n\nD25C0A2C-22CE-427B-BAF1-E5BE5DEDBF01 (active, disconnected)\n\n    Watch: Apple Watch Series 2 - 38mm (DBB04722-4BE2-4BC7-9890-A279DD6B79AA) (Shutdown)\n\n    Phone: iPhone 7 (8ABF0B4E-0370-4D7D-B9F6-E508760687A5) (Shutdown)\n\n30975C58-8818-445F-9F9D-DCAE204DB9DE (active, disconnected)\n\n    Watch: Apple Watch Series 2 - 42mm (6EF34C4E-1EB4-495D-8AD1-BC96B9434874) (Shutdown)\n\n    Phone: iPhone 7 Plus (6E127CF0-6BCD-4EE2-9C84-25BF64073611) (Shutdown)\n\n1FE3C90F-B56E-425E-AC93-8699BEFAA23B (active, disconnected)\n\n    Watch: Apple Watch Series 3 - 38mm (AD9342E0-EE28-4714-A34D-374E5D66901F) (Shutdown)\n\n    Phone: iPhone 8 (1CAB698D-0215-498B-B6DC-6C7CCE5F99D7) (Shutdown)\n\n8583E80B-7721-4A88-A880-9AB7E7AF4F37 (active, disconnected)\n\n    Watch: Apple Watch Series 3 - 42mm (5337670E-C054-4224-AF00-4A5CF6F9B0F0) (Shutdown)\n\n    Phone: iPhone 8 Plus (384E22B2-1BF5-48E7-8FB0-3DC8D6B625D1) (Shutdown)\n\ntravis_fold:end:announce\n\u001b[0KNo Gemfile found, skipping bundle install\n\ntravis_time:start:1e258d5c\n\u001b[0K$ set -o pipefail\nnl\nnl\nnl\nnltravis_time:end:1e258d5c:start=1537604842998170000,finish=1537604843008642000,duration=10472000\n\u001b[0K\n\n\u001b[32;1mThe command \"set -o pipefail\" exited with 0.\u001b[0m\n\ntravis_time:start:037af03b\n\u001b[0K$ travis_retry xcodebuild -workspace SwiftyJSON.xcworkspace -scheme \"SwiftyJSON iOS\" -destination \"platform=iOS Simulator,name=iPhone 6\" build-for-testing test | xcpretty\n\n\u001b[33m\u25b8\u001b[0m \u001b[39;1mBuilding\u001b[0m SwiftyJSON/SwiftyJSON iOS [Debug]\n\n\u001b[33m\u25b8\u001b[0m \u001b[39;1mCheck Dependencies\u001b[0m\n\n\u001b[33m\u25b8\u001b[0m \u001b[39;1mProcessing\u001b[0m Info-iOS.plist\n\n\u001b[33m\u25b8\u001b[0m \u001b[39;1mCompiling\u001b[0m SwiftyJSON.swift\nnl\nnl\nnl\nnl\u001b[31m\u274c  \u001b[0m/Users/travis/build/SwiftyJSON/SwiftyJSON/Source/SwiftyJSON.swift:97:2: \u001b[31munknown attribute 'dynamicMemberLookup'\u001b[0m\nnl\nnl\nnl\nnl@dynamicMemberLookup\n\n\u001b[36m ^\u001b[0m\nnl\nnl\nnl\nnl\n\n** TEST BUILD FAILED **\nnl\nnl\nnl\nnl\n\nThe following build commands failed:\n\n\tCompileSwift normal x86_64 /Users/travis/build/SwiftyJSON/SwiftyJSON/Source/SwiftyJSON.swift\n\n\tCompileSwiftSources normal x86_64 com.apple.xcode.tools.swift.compiler\n\n(2 failures)\n\n2018-09-22 08:27:31.893 xcodebuild[2097:5952]  IDETestOperationsObserverDebug: Writing diagnostic log for test session to:\n\n/var/folders/nz/vv4_9tw56nv9k3tkvyszvwg80000gn/T/com.apple.dt.XCTest/IDETestRunSession-9F53D5E7-265C-46F2-8C7F-139484A4BB4F/SwiftyJSON iOS Tests-C383DB0C-629E-47B3-935A-996248DE2EFB/Session-SwiftyJSON iOS Tests-2018-09-22_082731-nCggF7.log\n\n2018-09-22 08:27:31.896 xcodebuild[2097:5948] [MT] IDETestOperationsObserverDebug: (192FF396-0E84-4091-965B-6BB74F6B78FB) Beginning test session SwiftyJSON iOS Tests-192FF396-0E84-4091-965B-6BB74F6B78FB at 2018-09-22 08:27:31.820 with Xcode 9F2000 on target <DVTiPhoneSimulator: 0x7f97b8a13410> {\n\n\t\tSimDevice: iPhone 6 (6493A715-04AC-4497-88F8-E81024078287, iOS 11.4, Booted)\n\n} (11.4 (15F79))\n\n\u001b[33m\u25b8\u001b[0m \u001b[39;1mBuilding\u001b[0m SwiftyJSON/SwiftyJSON iOS [Debug]\n\n\u001b[33m\u25b8\u001b[0m \u001b[39;1mCheck Dependencies\u001b[0m\n\n\u001b[33m\u25b8\u001b[0m \u001b[39;1mCompiling\u001b[0m SwiftyJSON.swift\nnl\nnl\nnl\nnl\u001b[31m\u274c  \u001b[0m/Users/travis/build/SwiftyJSON/SwiftyJSON/Source/SwiftyJSON.swift:97:2: \u001b[31munknown attribute 'dynamicMemberLookup'\u001b[0m\nnl\nnl\nnl\nnl@dynamicMemberLookup\n\n\u001b[36m ^\u001b[0m\nnl\nnl\nnl\nnl\n\n2018-09-22 08:27:43.619 xcodebuild[2097:5948] Error Domain=IDETestOperationsObserverErrorDomain Code=14 \"Test operation was canceled. If you believe this error represents a bug, please attach the log file at /var/folders/nz/vv4_9tw56nv9k3tkvyszvwg80000gn/T/com.apple.dt.XCTest/IDETestRunSession-9F53D5E7-265C-46F2-8C7F-139484A4BB4F/SwiftyJSON iOS Tests-C383DB0C-629E-47B3-935A-996248DE2EFB/Session-SwiftyJSON iOS Tests-2018-09-22_082731-nCggF7.log\" UserInfo={NSLocalizedDescription=Test operation was canceled. If you believe this error represents a bug, please attach the log file at /var/folders/nz/vv4_9tw56nv9k3tkvyszvwg80000gn/T/com.apple.dt.XCTest/IDETestRunSession-9F53D5E7-265C-46F2-8C7F-139484A4BB4F/SwiftyJSON iOS Tests-C383DB0C-629E-47B3-935A-996248DE2EFB/Session-SwiftyJSON iOS Tests-2018-09-22_082731-nCggF7.log}\nnl\nnl\nnl\nnlTesting failed:\n\n\tUnknown attribute 'dynamicMemberLookup'\n\n** TEST FAILED **\nnl\nnl\nnl\nnl\n\nThe following build commands failed:\n\n\tCompileSwift normal x86_64 /Users/travis/build/SwiftyJSON/SwiftyJSON/Source/SwiftyJSON.swift\n\n\tCompileSwiftSources normal x86_64 com.apple.xcode.tools.swift.compiler\n\n(2 failures)\nnl\nnl\nnl\nnl\u001b[31;1mThe command \"xcodebuild -workspace SwiftyJSON.xcworkspace -scheme SwiftyJSON iOS -destination platform=iOS Simulator,name=iPhone 6 build-for-testing test\" failed. Retrying, 2 of 3.\u001b[0m\nnl\nnl\nnl\nnl\u001b[33m\u25b8\u001b[0m \u001b[39;1mBuilding\u001b[0m SwiftyJSON/SwiftyJSON iOS [Debug]\n\n\u001b[33m\u25b8\u001b[0m \u001b[39;1mCheck Dependencies\u001b[0m\n\n\u001b[33m\u25b8\u001b[0m \u001b[39;1mCompiling\u001b[0m SwiftyJSON.swift\nnl\nnl\nnl\nnl\u001b[31m\u274c  \u001b[0m/Users/travis/build/SwiftyJSON/SwiftyJSON/Source/SwiftyJSON.swift:97:2: \u001b[31munknown attribute 'dynamicMemberLookup'\u001b[0m\nnl\nnl\nnl\nnl@dynamicMemberLookup\n\n\u001b[36m ^\u001b[0m\nnl\nnl\nnl\nnl\n\n** TEST BUILD FAILED **\nnl\nnl\nnl\nnl\n\nThe following build commands failed:\n\n\tCompileSwift normal x86_64 /Users/travis/build/SwiftyJSON/SwiftyJSON/Source/SwiftyJSON.swift\n\n\tCompileSwiftSources normal x86_64 com.apple.xcode.tools.swift.compiler\n\n(2 failures)\n\n2018-09-22 08:27:58.291 xcodebuild[2177:6774]  IDETestOperationsObserverDebug: Writing diagnostic log for test session to:\n\n/var/folders/nz/vv4_9tw56nv9k3tkvyszvwg80000gn/T/com.apple.dt.XCTest/IDETestRunSession-BE0749A1-1269-43DB-84B8-10F757C369B9/SwiftyJSON iOS Tests-C729FDCD-DBBB-413E-ACF0-7001DFA64942/Session-SwiftyJSON iOS Tests-2018-09-22_082758-WrlYmF.log\n\n2018-09-22 08:27:58.292 xcodebuild[2177:6743] [MT] IDETestOperationsObserverDebug: (E9CEEBF7-1855-47BD-ACDE-3F743B89D572) Beginning test session SwiftyJSON iOS Tests-E9CEEBF7-1855-47BD-ACDE-3F743B89D572 at 2018-09-22 08:27:58.271 with Xcode 9F2000 on target <DVTiPhoneSimulator: 0x7fd7ccaae1a0> {\n\n\t\tSimDevice: iPhone 6 (6493A715-04AC-4497-88F8-E81024078287, iOS 11.4, Booted)\n\n} (11.4 (15F79))\n\n\u001b[33m\u25b8\u001b[0m \u001b[39;1mBuilding\u001b[0m SwiftyJSON/SwiftyJSON iOS [Debug]\n\n\u001b[33m\u25b8\u001b[0m \u001b[39;1mCheck Dependencies\u001b[0m\n\n\u001b[33m\u25b8\u001b[0m \u001b[39;1mCompiling\u001b[0m SwiftyJSON.swift\nnl\nnl\nnl\nnl\u001b[31m\u274c  \u001b[0m/Users/travis/build/SwiftyJSON/SwiftyJSON/Source/SwiftyJSON.swift:97:2: \u001b[31munknown attribute 'dynamicMemberLookup'\u001b[0m\nnl\nnl\nnl\nnl@dynamicMemberLookup\n\n\u001b[36m ^\u001b[0m\nnl\nnl\nnl\nnl\n\n2018-09-22 08:28:06.201 xcodebuild[2177:6743] Error Domain=IDETestOperationsObserverErrorDomain Code=14 \"Test operation was canceled. If you believe this error represents a bug, please attach the log file at /var/folders/nz/vv4_9tw56nv9k3tkvyszvwg80000gn/T/com.apple.dt.XCTest/IDETestRunSession-BE0749A1-1269-43DB-84B8-10F757C369B9/SwiftyJSON iOS Tests-C729FDCD-DBBB-413E-ACF0-7001DFA64942/Session-SwiftyJSON iOS Tests-2018-09-22_082758-WrlYmF.log\" UserInfo={NSLocalizedDescription=Test operation was canceled. If you believe this error represents a bug, please attach the log file at /var/folders/nz/vv4_9tw56nv9k3tkvyszvwg80000gn/T/com.apple.dt.XCTest/IDETestRunSession-BE0749A1-1269-43DB-84B8-10F757C369B9/SwiftyJSON iOS Tests-C729FDCD-DBBB-413E-ACF0-7001DFA64942/Session-SwiftyJSON iOS Tests-2018-09-22_082758-WrlYmF.log}\nnl\nnl\nnl\nnlTesting failed:\n\n\tUnknown attribute 'dynamicMemberLookup'\n\n** TEST FAILED **\nnl\nnl\nnl\nnl\n\nThe following build commands failed:\n\n\tCompileSwift normal x86_64 /Users/travis/build/SwiftyJSON/SwiftyJSON/Source/SwiftyJSON.swift\n\n\tCompileSwiftSources normal x86_64 com.apple.xcode.tools.swift.compiler\n\n(2 failures)\nnl\nnl\nnl\nnl\u001b[31;1mThe command \"xcodebuild -workspace SwiftyJSON.xcworkspace -scheme SwiftyJSON iOS -destination platform=iOS Simulator,name=iPhone 6 build-for-testing test\" failed. Retrying, 3 of 3.\u001b[0m\nnl\nnl\nnl\nnl\u001b[33m\u25b8\u001b[0m \u001b[39;1mBuilding\u001b[0m SwiftyJSON/SwiftyJSON iOS [Debug]\n\n\u001b[33m\u25b8\u001b[0m \u001b[39;1mCheck Dependencies\u001b[0m\n\n\u001b[33m\u25b8\u001b[0m \u001b[39;1mCompiling\u001b[0m SwiftyJSON.swift\nnl\nnl\nnl\nnl\u001b[31m\u274c  \u001b[0m/Users/travis/build/SwiftyJSON/SwiftyJSON/Source/SwiftyJSON.swift:97:2: \u001b[31munknown attribute 'dynamicMemberLookup'\u001b[0m\nnl\nnl\nnl\nnl@dynamicMemberLookup\n\n\u001b[36m ^\u001b[0m\nnl\nnl\nnl\nnl\n\n** TEST BUILD FAILED **\nnl\nnl\nnl\nnl\n\nThe following build commands failed:\n\n\tCompileSwift normal x86_64 /Users/travis/build/SwiftyJSON/SwiftyJSON/Source/SwiftyJSON.swift\n\n\tCompileSwiftSources normal x86_64 com.apple.xcode.tools.swift.compiler\n\n(2 failures)\n\n2018-09-22 08:28:22.014 xcodebuild[2269:7558] [MT] IDETestOperationsObserverDebug: (89766AF7-7706-4BAF-80E8-C9CF78B02491) Beginning test session SwiftyJSON iOS Tests-89766AF7-7706-4BAF-80E8-C9CF78B02491 at 2018-09-22 08:28:22.014 with Xcode 9F2000 on target <DVTiPhoneSimulator: 0x7fc221a47960> {\n\n\t\tSimDevice: iPhone 6 (6493A715-04AC-4497-88F8-E81024078287, iOS 11.4, Booted)\n\n} (11.4 (15F79))\n\n2018-09-22 08:28:22.214 xcodebuild[2269:7599]  IDETestOperationsObserverDebug: Writing diagnostic log for test session to:\n\n/var/folders/nz/vv4_9tw56nv9k3tkvyszvwg80000gn/T/com.apple.dt.XCTest/IDETestRunSession-C5F0848F-B585-4C41-A8F9-535DE4DDF277/SwiftyJSON iOS Tests-8F4BE29A-D922-4C1F-80FD-962534FDAA90/Session-SwiftyJSON iOS Tests-2018-09-22_082822-1VWxBa.log\n\n\u001b[33m\u25b8\u001b[0m \u001b[39;1mBuilding\u001b[0m SwiftyJSON/SwiftyJSON iOS [Debug]\n\n\u001b[33m\u25b8\u001b[0m \u001b[39;1mCheck Dependencies\u001b[0m\n\n\u001b[33m\u25b8\u001b[0m \u001b[39;1mCompiling\u001b[0m SwiftyJSON.swift\nnl\nnl\nnl\nnl\u001b[31m\u274c  \u001b[0m/Users/travis/build/SwiftyJSON/SwiftyJSON/Source/SwiftyJSON.swift:97:2: \u001b[31munknown attribute 'dynamicMemberLookup'\u001b[0m\nnl\nnl\nnl\nnl@dynamicMemberLookup\n\n\u001b[36m ^\u001b[0m\nnl\nnl\nnl\nnl\n\n2018-09-22 08:28:29.268 xcodebuild[2269:7558] Error Domain=IDETestOperationsObserverErrorDomain Code=14 \"Test operation was canceled. If you believe this error represents a bug, please attach the log file at /var/folders/nz/vv4_9tw56nv9k3tkvyszvwg80000gn/T/com.apple.dt.XCTest/IDETestRunSession-C5F0848F-B585-4C41-A8F9-535DE4DDF277/SwiftyJSON iOS Tests-8F4BE29A-D922-4C1F-80FD-962534FDAA90/Session-SwiftyJSON iOS Tests-2018-09-22_082822-1VWxBa.log\" UserInfo={NSLocalizedDescription=Test operation was canceled. If you believe this error represents a bug, please attach the log file at /var/folders/nz/vv4_9tw56nv9k3tkvyszvwg80000gn/T/com.apple.dt.XCTest/IDETestRunSession-C5F0848F-B585-4C41-A8F9-535DE4DDF277/SwiftyJSON iOS Tests-8F4BE29A-D922-4C1F-80FD-962534FDAA90/Session-SwiftyJSON iOS Tests-2018-09-22_082822-1VWxBa.log}\nnl\nnl\nnl\nnlTesting failed:\n\n\tUnknown attribute 'dynamicMemberLookup'\n\n** TEST FAILED **\nnl\nnl\nnl\nnl\n\nThe following build commands failed:\n\n\tCompileSwift normal x86_64 /Users/travis/build/SwiftyJSON/SwiftyJSON/Source/SwiftyJSON.swift\n\n\tCompileSwiftSources normal x86_64 com.apple.xcode.tools.swift.compiler\n\n(2 failures)\nnl\nnl\nnl\nnl\u001b[31;1mThe command \"xcodebuild -workspace SwiftyJSON.xcworkspace -scheme SwiftyJSON iOS -destination platform=iOS Simulator,name=iPhone 6 build-for-testing test\" failed 3 times.\u001b[0m\nnl\nnl\nnl\nnl\n\ntravis_time:end:037af03b:start=1537604843026355000,finish=1537604920507647000,duration=77481292000\n\u001b[0K\n\n\u001b[31;1mThe command \"travis_retry xcodebuild -workspace SwiftyJSON.xcworkspace -scheme \"SwiftyJSON iOS\" -destination \"platform=iOS Simulator,name=iPhone 6\" build-for-testing test | xcpretty\" exited with 65.\u001b[0m\n\ntravis_time:start:0822862c\n\u001b[0K$ travis_retry xcodebuild -workspace SwiftyJSON.xcworkspace -scheme \"SwiftyJSON macOS\" build-for-testing test | xcpretty\n\n\u001b[33m\u25b8\u001b[0m \u001b[39;1mBuilding\u001b[0m SwiftyJSON/SwiftyJSON macOS [Debug]\n\n\u001b[33m\u25b8\u001b[0m \u001b[39;1mCheck Dependencies\u001b[0m\n\n\u001b[33m\u25b8\u001b[0m \u001b[39;1mProcessing\u001b[0m Info-macOS.plist\n\n\u001b[33m\u25b8\u001b[0m \u001b[39;1mCompiling\u001b[0m SwiftyJSON.swift\nnl\nnl\nnl\nnl\u001b[31m\u274c  \u001b[0m/Users/travis/build/SwiftyJSON/SwiftyJSON/Source/SwiftyJSON.swift:97:2: \u001b[31munknown attribute 'dynamicMemberLookup'\u001b[0m\nnl\nnl\nnl\nnl@dynamicMemberLookup\n\n\u001b[36m ^\u001b[0m\nnl\nnl\nnl\nnl\n\n** TEST BUILD FAILED **\nnl\nnl\nnl\nnl\n\nThe following build commands failed:\n\n\tCompileSwift normal x86_64 /Users/travis/build/SwiftyJSON/SwiftyJSON/Source/SwiftyJSON.swift\n\n\tCompileSwiftSources normal x86_64 com.apple.xcode.tools.swift.compiler\n\n(2 failures)\n\n2018-09-22 08:28:50.317 xcodebuild[2350:8173]  IDETestOperationsObserverDebug: Writing diagnostic log for test session to:\n\n/var/folders/nz/vv4_9tw56nv9k3tkvyszvwg80000gn/T/com.apple.dt.XCTest/IDETestRunSession-B2412CCA-6944-4E95-B6AB-EA442E6B4F3B/SwiftyJSON macOS Tests-F683606F-2A4F-4F33-8487-B4AF7526A430/Session-SwiftyJSON macOS Tests-2018-09-22_082850-aUa0gS.log\n\n2018-09-22 08:28:50.318 xcodebuild[2350:8171] [MT] IDETestOperationsObserverDebug: (A6E1475B-E870-4B69-8CB8-8BB7A8FE22C7) Beginning test session SwiftyJSON macOS Tests-A6E1475B-E870-4B69-8CB8-8BB7A8FE22C7 at 2018-09-22 08:28:50.318 with Xcode 9F2000 on target <DVTLocalComputer: 0x7fbd1f601e60 (My Mac | x86_64)> (10.13.3 (17D102))\n\n\u001b[33m\u25b8\u001b[0m \u001b[39;1mBuilding\u001b[0m SwiftyJSON/SwiftyJSON macOS [Debug]\n\n\u001b[33m\u25b8\u001b[0m \u001b[39;1mCheck Dependencies\u001b[0m\n\n\u001b[33m\u25b8\u001b[0m \u001b[39;1mCompiling\u001b[0m SwiftyJSON.swift\nnl\nnl\nnl\nnl\u001b[31m\u274c  \u001b[0m/Users/travis/build/SwiftyJSON/SwiftyJSON/Source/SwiftyJSON.swift:97:2: \u001b[31munknown attribute 'dynamicMemberLookup'\u001b[0m\nnl\nnl\nnl\nnl@dynamicMemberLookup\n\n\u001b[36m ^\u001b[0m\nnl\nnl\nnl\nnl\n\n2018-09-22 08:28:51.244 xcodebuild[2350:8171] Error Domain=IDETestOperationsObserverErrorDomain Code=14 \"Test operation was canceled. If you believe this error represents a bug, please attach the log file at /var/folders/nz/vv4_9tw56nv9k3tkvyszvwg80000gn/T/com.apple.dt.XCTest/IDETestRunSession-B2412CCA-6944-4E95-B6AB-EA442E6B4F3B/SwiftyJSON macOS Tests-F683606F-2A4F-4F33-8487-B4AF7526A430/Session-SwiftyJSON macOS Tests-2018-09-22_082850-aUa0gS.log\" UserInfo={NSLocalizedDescription=Test operation was canceled. If you believe this error represents a bug, please attach the log file at /var/folders/nz/vv4_9tw56nv9k3tkvyszvwg80000gn/T/com.apple.dt.XCTest/IDETestRunSession-B2412CCA-6944-4E95-B6AB-EA442E6B4F3B/SwiftyJSON macOS Tests-F683606F-2A4F-4F33-8487-B4AF7526A430/Session-SwiftyJSON macOS Tests-2018-09-22_082850-aUa0gS.log}\nnl\nnl\nnl\nnlTesting failed:\n\n\tUnknown attribute 'dynamicMemberLookup'\n\n** TEST FAILED **\nnl\nnl\nnl\nnl\n\nThe following build commands failed:\n\n\tCompileSwift normal x86_64 /Users/travis/build/SwiftyJSON/SwiftyJSON/Source/SwiftyJSON.swift\n\n\tCompileSwiftSources normal x86_64 com.apple.xcode.tools.swift.compiler\n\n(2 failures)\nnl\nnl\nnl\nnl\u001b[31;1mThe command \"xcodebuild -workspace SwiftyJSON.xcworkspace -scheme SwiftyJSON macOS build-for-testing test\" failed. Retrying, 2 of 3.\u001b[0m\nnl\nnl\nnl\nnl\u001b[33m\u25b8\u001b[0m \u001b[39;1mBuilding\u001b[0m SwiftyJSON/SwiftyJSON macOS [Debug]\n\n\u001b[33m\u25b8\u001b[0m \u001b[39;1mCheck Dependencies\u001b[0m\n\n\u001b[33m\u25b8\u001b[0m \u001b[39;1mCompiling\u001b[0m SwiftyJSON.swift\nnl\nnl\nnl\nnl\u001b[31m\u274c  \u001b[0m/Users/travis/build/SwiftyJSON/SwiftyJSON/Source/SwiftyJSON.swift:97:2: \u001b[31munknown attribute 'dynamicMemberLookup'\u001b[0m\nnl\nnl\nnl\nnl@dynamicMemberLookup\n\n\u001b[36m ^\u001b[0m\nnl\nnl\nnl\nnl\n\n** TEST BUILD FAILED **\nnl\nnl\nnl\nnl\n\nThe following build commands failed:\n\n\tCompileSwift normal x86_64 /Users/travis/build/SwiftyJSON/SwiftyJSON/Source/SwiftyJSON.swift\n\n\tCompileSwiftSources normal x86_64 com.apple.xcode.tools.swift.compiler\n\n(2 failures)\n\n2018-09-22 08:28:55.125 xcodebuild[2366:8346]  IDETestOperationsObserverDebug: Writing diagnostic log for test session to:\n\n/var/folders/nz/vv4_9tw56nv9k3tkvyszvwg80000gn/T/com.apple.dt.XCTest/IDETestRunSession-F26AD03F-7180-4EA2-B78B-DC5D8EE2FC31/SwiftyJSON macOS Tests-44BF3681-1570-414C-8E01-4753960ABB60/Session-SwiftyJSON macOS Tests-2018-09-22_082855-nuer0o.log\n\n2018-09-22 08:28:55.125 xcodebuild[2366:8343] [MT] IDETestOperationsObserverDebug: (7FF8C309-8BD3-40ED-8960-216F876C1E19) Beginning test session SwiftyJSON macOS Tests-7FF8C309-8BD3-40ED-8960-216F876C1E19 at 2018-09-22 08:28:55.125 with Xcode 9F2000 on target <DVTLocalComputer: 0x7f951a63b3f0 (My Mac | x86_64)> (10.13.3 (17D102))\n\n\u001b[33m\u25b8\u001b[0m \u001b[39;1mBuilding\u001b[0m SwiftyJSON/SwiftyJSON macOS [Debug]\n\n\u001b[33m\u25b8\u001b[0m \u001b[39;1mCheck Dependencies\u001b[0m\n\n\u001b[33m\u25b8\u001b[0m \u001b[39;1mCompiling\u001b[0m SwiftyJSON.swift\nnl\nnl\nnl\nnl\u001b[31m\u274c  \u001b[0m/Users/travis/build/SwiftyJSON/SwiftyJSON/Source/SwiftyJSON.swift:97:2: \u001b[31munknown attribute 'dynamicMemberLookup'\u001b[0m\nnl\nnl\nnl\nnl@dynamicMemberLookup\n\n\u001b[36m ^\u001b[0m\nnl\nnl\nnl\nnl\n\n2018-09-22 08:28:56.009 xcodebuild[2366:8343] Error Domain=IDETestOperationsObserverErrorDomain Code=14 \"Test operation was canceled. If you believe this error represents a bug, please attach the log file at /var/folders/nz/vv4_9tw56nv9k3tkvyszvwg80000gn/T/com.apple.dt.XCTest/IDETestRunSession-F26AD03F-7180-4EA2-B78B-DC5D8EE2FC31/SwiftyJSON macOS Tests-44BF3681-1570-414C-8E01-4753960ABB60/Session-SwiftyJSON macOS Tests-2018-09-22_082855-nuer0o.log\" UserInfo={NSLocalizedDescription=Test operation was canceled. If you believe this error represents a bug, please attach the log file at /var/folders/nz/vv4_9tw56nv9k3tkvyszvwg80000gn/T/com.apple.dt.XCTest/IDETestRunSession-F26AD03F-7180-4EA2-B78B-DC5D8EE2FC31/SwiftyJSON macOS Tests-44BF3681-1570-414C-8E01-4753960ABB60/Session-SwiftyJSON macOS Tests-2018-09-22_082855-nuer0o.log}\nnl\nnl\nnl\nnlTesting failed:\n\n\tUnknown attribute 'dynamicMemberLookup'\n\n** TEST FAILED **\nnl\nnl\nnl\nnl\n\nThe following build commands failed:\n\n\tCompileSwift normal x86_64 /Users/travis/build/SwiftyJSON/SwiftyJSON/Source/SwiftyJSON.swift\n\n\tCompileSwiftSources normal x86_64 com.apple.xcode.tools.swift.compiler\n\n(2 failures)\nnl\nnl\nnl\nnl\u001b[31;1mThe command \"xcodebuild -workspace SwiftyJSON.xcworkspace -scheme SwiftyJSON macOS build-for-testing test\" failed. Retrying, 3 of 3.\u001b[0m\nnl\nnl\nnl\nnl\u001b[33m\u25b8\u001b[0m \u001b[39;1mBuilding\u001b[0m SwiftyJSON/SwiftyJSON macOS [Debug]\n\n\u001b[33m\u25b8\u001b[0m \u001b[39;1mCheck Dependencies\u001b[0m\n\n\u001b[33m\u25b8\u001b[0m \u001b[39;1mCompiling\u001b[0m SwiftyJSON.swift\nnl\nnl\nnl\nnl\u001b[31m\u274c  \u001b[0m/Users/travis/build/SwiftyJSON/SwiftyJSON/Source/SwiftyJSON.swift:97:2: \u001b[31munknown attribute 'dynamicMemberLookup'\u001b[0m\nnl\nnl\nnl\nnl@dynamicMemberLookup\n\n\u001b[36m ^\u001b[0m\nnl\nnl\nnl\nnl\n\n** TEST BUILD FAILED **\nnl\nnl\nnl\nnl\n\nThe following build commands failed:\n\n\tCompileSwift normal x86_64 /Users/travis/build/SwiftyJSON/SwiftyJSON/Source/SwiftyJSON.swift\n\n\tCompileSwiftSources normal x86_64 com.apple.xcode.tools.swift.compiler\n\n(2 failures)\n\n2018-09-22 08:28:59.876 xcodebuild[2381:8425]  IDETestOperationsObserverDebug: Writing diagnostic log for test session to:\n\n/var/folders/nz/vv4_9tw56nv9k3tkvyszvwg80000gn/T/com.apple.dt.XCTest/IDETestRunSession-3E70B078-0090-4DEA-A3F9-9BF448595D70/SwiftyJSON macOS Tests-2A2A6DC4-4546-4A10-9C19-F0EC4FE0541C/Session-SwiftyJSON macOS Tests-2018-09-22_082859-CTZgIT.log\n\n2018-09-22 08:28:59.876 xcodebuild[2381:8424] [MT] IDETestOperationsObserverDebug: (8D563324-A270-423E-AC4D-6FB9B8377B94) Beginning test session SwiftyJSON macOS Tests-8D563324-A270-423E-AC4D-6FB9B8377B94 at 2018-09-22 08:28:59.876 with Xcode 9F2000 on target <DVTLocalComputer: 0x7f8055badd20 (My Mac | x86_64)> (10.13.3 (17D102))\n\n\u001b[33m\u25b8\u001b[0m \u001b[39;1mBuilding\u001b[0m SwiftyJSON/SwiftyJSON macOS [Debug]\n\n\u001b[33m\u25b8\u001b[0m \u001b[39;1mCheck Dependencies\u001b[0m\n\n\u001b[33m\u25b8\u001b[0m \u001b[39;1mCompiling\u001b[0m SwiftyJSON.swift\nnl\nnl\nnl\nnl\u001b[31m\u274c  \u001b[0m/Users/travis/build/SwiftyJSON/SwiftyJSON/Source/SwiftyJSON.swift:97:2: \u001b[31munknown attribute 'dynamicMemberLookup'\u001b[0m\nnl\nnl\nnl\nnl@dynamicMemberLookup\n\n\u001b[36m ^\u001b[0m\nnl\nnl\nnl\nnl\n\n2018-09-22 08:29:00.723 xcodebuild[2381:8424] Error Domain=IDETestOperationsObserverErrorDomain Code=14 \"Test operation was canceled. If you believe this error represents a bug, please attach the log file at /var/folders/nz/vv4_9tw56nv9k3tkvyszvwg80000gn/T/com.apple.dt.XCTest/IDETestRunSession-3E70B078-0090-4DEA-A3F9-9BF448595D70/SwiftyJSON macOS Tests-2A2A6DC4-4546-4A10-9C19-F0EC4FE0541C/Session-SwiftyJSON macOS Tests-2018-09-22_082859-CTZgIT.log\" UserInfo={NSLocalizedDescription=Test operation was canceled. If you believe this error represents a bug, please attach the log file at /var/folders/nz/vv4_9tw56nv9k3tkvyszvwg80000gn/T/com.apple.dt.XCTest/IDETestRunSession-3E70B078-0090-4DEA-A3F9-9BF448595D70/SwiftyJSON macOS Tests-2A2A6DC4-4546-4A10-9C19-F0EC4FE0541C/Session-SwiftyJSON macOS Tests-2018-09-22_082859-CTZgIT.log}\nnl\nnl\nnl\nnlTesting failed:\n\n\tUnknown attribute 'dynamicMemberLookup'\n\n** TEST FAILED **\nnl\nnl\nnl\nnl\n\nThe following build commands failed:\n\n\tCompileSwift normal x86_64 /Users/travis/build/SwiftyJSON/SwiftyJSON/Source/SwiftyJSON.swift\n\n\tCompileSwiftSources normal x86_64 com.apple.xcode.tools.swift.compiler\n\n(2 failures)\nnl\nnl\nnl\nnl\u001b[31;1mThe command \"xcodebuild -workspace SwiftyJSON.xcworkspace -scheme SwiftyJSON macOS build-for-testing test\" failed 3 times.\u001b[0m\nnl\nnl\nnl\nnl\n\ntravis_time:end:0822862c:start=1537604920527280000,finish=1537604941805697000,duration=21278417000\n\u001b[0K\n\n\u001b[31;1mThe command \"travis_retry xcodebuild -workspace SwiftyJSON.xcworkspace -scheme \"SwiftyJSON macOS\" build-for-testing test | xcpretty\" exited with 65.\u001b[0m\n\ntravis_time:start:047682e4\n\u001b[0K$ travis_retry xcodebuild -workspace SwiftyJSON.xcworkspace -scheme \"SwiftyJSON tvOS\" -destination \"platform=tvOS Simulator,name=Apple TV\" build-for-testing test | xcpretty\n\n\u001b[33m\u25b8\u001b[0m \u001b[39;1mBuilding\u001b[0m SwiftyJSON/SwiftyJSON tvOS [Debug]\n\n\u001b[33m\u25b8\u001b[0m \u001b[39;1mCheck Dependencies\u001b[0m\n\n\u001b[33m\u25b8\u001b[0m \u001b[39;1mProcessing\u001b[0m Info-tvOS.plist\n\n\u001b[33m\u25b8\u001b[0m \u001b[39;1mCompiling\u001b[0m SwiftyJSON.swift\nnl\nnl\nnl\nnl\u001b[31m\u274c  \u001b[0m/Users/travis/build/SwiftyJSON/SwiftyJSON/Source/SwiftyJSON.swift:97:2: \u001b[31munknown attribute 'dynamicMemberLookup'\u001b[0m\nnl\nnl\nnl\nnl@dynamicMemberLookup\n\n\u001b[36m ^\u001b[0m\nnl\nnl\nnl\nnl\n\n** TEST BUILD FAILED **\nnl\nnl\nnl\nnl\n\nThe following build commands failed:\n\n\tCompileSwift normal x86_64 /Users/travis/build/SwiftyJSON/SwiftyJSON/Source/SwiftyJSON.swift\n\n\tCompileSwiftSources normal x86_64 com.apple.xcode.tools.swift.compiler\n\n(2 failures)\n\n2018-09-22 08:29:08.229 xcodebuild[2403:8518] [MT] IDETestOperationsObserverDebug: (A6C42143-862C-455C-99CE-3D8D472EEC26) Beginning test session SwiftyJSON tvOS Tests-A6C42143-862C-455C-99CE-3D8D472EEC26 at 2018-09-22 08:29:08.229 with Xcode 9F2000 on target <DVTiPhoneSimulator: 0x7fb76ea755e0> {\n\n\t\tSimDevice: Apple TV (A6AD8D87-509A-41F3-B093-E05E4E99FDC1, tvOS 11.4, Booted)\n\n} (11.4 (15L576))\n\n2018-09-22 08:29:08.234 xcodebuild[2403:8548]  IDETestOperationsObserverDebug: Writing diagnostic log for test session to:\n\n/var/folders/nz/vv4_9tw56nv9k3tkvyszvwg80000gn/T/com.apple.dt.XCTest/IDETestRunSession-011B9044-5688-4AF5-B03C-C2FC0DD23102/SwiftyJSON tvOS Tests-2D537274-B37D-48F0-B9C6-5810A6C77C82/Session-SwiftyJSON tvOS Tests-2018-09-22_082908-xvKswd.log\n\n\u001b[33m\u25b8\u001b[0m \u001b[39;1mBuilding\u001b[0m SwiftyJSON/SwiftyJSON tvOS [Debug]\n\n\u001b[33m\u25b8\u001b[0m \u001b[39;1mCheck Dependencies\u001b[0m\n\n\u001b[33m\u25b8\u001b[0m \u001b[39;1mCompiling\u001b[0m SwiftyJSON.swift\nnl\nnl\nnl\nnl\u001b[31m\u274c  \u001b[0m/Users/travis/build/SwiftyJSON/SwiftyJSON/Source/SwiftyJSON.swift:97:2: \u001b[31munknown attribute 'dynamicMemberLookup'\u001b[0m\nnl\nnl\nnl\nnl@dynamicMemberLookup\n\n\u001b[36m ^\u001b[0m\nnl\nnl\nnl\nnl\n\n2018-09-22 08:29:18.041 xcodebuild[2403:8518] Error Domain=IDETestOperationsObserverErrorDomain Code=14 \"Test operation was canceled. If you believe this error represents a bug, please attach the log file at /var/folders/nz/vv4_9tw56nv9k3tkvyszvwg80000gn/T/com.apple.dt.XCTest/IDETestRunSession-011B9044-5688-4AF5-B03C-C2FC0DD23102/SwiftyJSON tvOS Tests-2D537274-B37D-48F0-B9C6-5810A6C77C82/Session-SwiftyJSON tvOS Tests-2018-09-22_082908-xvKswd.log\" UserInfo={NSLocalizedDescription=Test operation was canceled. If you believe this error represents a bug, please attach the log file at /var/folders/nz/vv4_9tw56nv9k3tkvyszvwg80000gn/T/com.apple.dt.XCTest/IDETestRunSession-011B9044-5688-4AF5-B03C-C2FC0DD23102/SwiftyJSON tvOS Tests-2D537274-B37D-48F0-B9C6-5810A6C77C82/Session-SwiftyJSON tvOS Tests-2018-09-22_082908-xvKswd.log}\nnl\nnl\nnl\nnlTesting failed:\n\n\tUnknown attribute 'dynamicMemberLookup'\n\n** TEST FAILED **\nnl\nnl\nnl\nnl\n\nThe following build commands failed:\n\n\tCompileSwift normal x86_64 /Users/travis/build/SwiftyJSON/SwiftyJSON/Source/SwiftyJSON.swift\n\n\tCompileSwiftSources normal x86_64 com.apple.xcode.tools.swift.compiler\n\n(2 failures)\nnl\nnl\nnl\nnl\u001b[31;1mThe command \"xcodebuild -workspace SwiftyJSON.xcworkspace -scheme SwiftyJSON tvOS -destination platform=tvOS Simulator,name=Apple TV build-for-testing test\" failed. Retrying, 2 of 3.\u001b[0m\nnl\nnl\nnl\nnl\u001b[33m\u25b8\u001b[0m \u001b[39;1mBuilding\u001b[0m SwiftyJSON/SwiftyJSON tvOS [Debug]\n\n\u001b[33m\u25b8\u001b[0m \u001b[39;1mCheck Dependencies\u001b[0m\n\n\u001b[33m\u25b8\u001b[0m \u001b[39;1mCompiling\u001b[0m SwiftyJSON.swift\nnl\nnl\nnl\nnl\u001b[31m\u274c  \u001b[0m/Users/travis/build/SwiftyJSON/SwiftyJSON/Source/SwiftyJSON.swift:97:2: \u001b[31munknown attribute 'dynamicMemberLookup'\u001b[0m\nnl\nnl\nnl\nnl@dynamicMemberLookup\n\n\u001b[36m ^\u001b[0m\nnl\nnl\nnl\nnl\n\n** TEST BUILD FAILED **\nnl\nnl\nnl\nnl\n\nThe following build commands failed:\n\n\tCompileSwift normal x86_64 /Users/travis/build/SwiftyJSON/SwiftyJSON/Source/SwiftyJSON.swift\n\n\tCompileSwiftSources normal x86_64 com.apple.xcode.tools.swift.compiler\n\n(2 failures)\n\n2018-09-22 08:29:27.781 xcodebuild[2469:9075] [MT] IDETestOperationsObserverDebug: (A09C0849-F809-4246-B896-5A4F3844B77F) Beginning test session SwiftyJSON tvOS Tests-A09C0849-F809-4246-B896-5A4F3844B77F at 2018-09-22 08:29:27.780 with Xcode 9F2000 on target <DVTiPhoneSimulator: 0x7fc2bca69ff0> {\n\n\t\tSimDevice: Apple TV (A6AD8D87-509A-41F3-B093-E05E4E99FDC1, tvOS 11.4, Booted)\n\n} (11.4 (15L576))\n\n2018-09-22 08:29:27.784 xcodebuild[2469:9076]  IDETestOperationsObserverDebug: Writing diagnostic log for test session to:\n\n/var/folders/nz/vv4_9tw56nv9k3tkvyszvwg80000gn/T/com.apple.dt.XCTest/IDETestRunSession-0C518955-4B79-471C-AF45-3BDC3FB47272/SwiftyJSON tvOS Tests-3FF2C487-CDB5-4471-BDBB-55BCEBE7BC86/Session-SwiftyJSON tvOS Tests-2018-09-22_082927-sBoUPY.log\n\n\u001b[33m\u25b8\u001b[0m \u001b[39;1mBuilding\u001b[0m SwiftyJSON/SwiftyJSON tvOS [Debug]\n\n\u001b[33m\u25b8\u001b[0m \u001b[39;1mCheck Dependencies\u001b[0m\n\n\u001b[33m\u25b8\u001b[0m \u001b[39;1mCompiling\u001b[0m SwiftyJSON.swift\nnl\nnl\nnl\nnl\u001b[31m\u274c  \u001b[0m/Users/travis/build/SwiftyJSON/SwiftyJSON/Source/SwiftyJSON.swift:97:2: \u001b[31munknown attribute 'dynamicMemberLookup'\u001b[0m\nnl\nnl\nnl\nnl@dynamicMemberLookup\n\n\u001b[36m ^\u001b[0m\nnl\nnl\nnl\nnl\n\n2018-09-22 08:29:32.833 xcodebuild[2469:9075] Error Domain=IDETestOperationsObserverErrorDomain Code=14 \"Test operation was canceled. If you believe this error represents a bug, please attach the log file at /var/folders/nz/vv4_9tw56nv9k3tkvyszvwg80000gn/T/com.apple.dt.XCTest/IDETestRunSession-0C518955-4B79-471C-AF45-3BDC3FB47272/SwiftyJSON tvOS Tests-3FF2C487-CDB5-4471-BDBB-55BCEBE7BC86/Session-SwiftyJSON tvOS Tests-2018-09-22_082927-sBoUPY.log\" UserInfo={NSLocalizedDescription=Test operation was canceled. If you believe this error represents a bug, please attach the log file at /var/folders/nz/vv4_9tw56nv9k3tkvyszvwg80000gn/T/com.apple.dt.XCTest/IDETestRunSession-0C518955-4B79-471C-AF45-3BDC3FB47272/SwiftyJSON tvOS Tests-3FF2C487-CDB5-4471-BDBB-55BCEBE7BC86/Session-SwiftyJSON tvOS Tests-2018-09-22_082927-sBoUPY.log}\nnl\nnl\nnl\nnlTesting failed:\n\n\tUnknown attribute 'dynamicMemberLookup'\n\n** TEST FAILED **\nnl\nnl\nnl\nnl\n\nThe following build commands failed:\n\n\tCompileSwift normal x86_64 /Users/travis/build/SwiftyJSON/SwiftyJSON/Source/SwiftyJSON.swift\n\n\tCompileSwiftSources normal x86_64 com.apple.xcode.tools.swift.compiler\n\n(2 failures)\nnl\nnl\nnl\nnl\u001b[31;1mThe command \"xcodebuild -workspace SwiftyJSON.xcworkspace -scheme SwiftyJSON tvOS -destination platform=tvOS Simulator,name=Apple TV build-for-testing test\" failed. Retrying, 3 of 3.\u001b[0m\nnl\nnl\nnl\nnl\u001b[33m\u25b8\u001b[0m \u001b[39;1mBuilding\u001b[0m SwiftyJSON/SwiftyJSON tvOS [Debug]\n\n\u001b[33m\u25b8\u001b[0m \u001b[39;1mCheck Dependencies\u001b[0m\n\n\u001b[33m\u25b8\u001b[0m \u001b[39;1mCompiling\u001b[0m SwiftyJSON.swift\nnl\nnl\nnl\nnl\u001b[31m\u274c  \u001b[0m/Users/travis/build/SwiftyJSON/SwiftyJSON/Source/SwiftyJSON.swift:97:2: \u001b[31munknown attribute 'dynamicMemberLookup'\u001b[0m\nnl\nnl\nnl\nnl@dynamicMemberLookup\n\n\u001b[36m ^\u001b[0m\nnl\nnl\nnl\nnl\n\n** TEST BUILD FAILED **\nnl\nnl\nnl\nnl\n\nThe following build commands failed:\n\n\tCompileSwift normal x86_64 /Users/travis/build/SwiftyJSON/SwiftyJSON/Source/SwiftyJSON.swift\n\n\tCompileSwiftSources normal x86_64 com.apple.xcode.tools.swift.compiler\n\n(2 failures)\n\n2018-09-22 08:29:47.207 xcodebuild[2530:9575] [MT] IDETestOperationsObserverDebug: (C809B6E4-3657-4598-9030-096A88A2077D) Beginning test session SwiftyJSON tvOS Tests-C809B6E4-3657-4598-9030-096A88A2077D at 2018-09-22 08:29:47.206 with Xcode 9F2000 on target <DVTiPhoneSimulator: 0x7f8f9d245f10> {\n\n\t\tSimDevice: Apple TV (A6AD8D87-509A-41F3-B093-E05E4E99FDC1, tvOS 11.4, Booted)\n\n} (11.4 (15L576))\n\n2018-09-22 08:29:47.208 xcodebuild[2530:9614]  IDETestOperationsObserverDebug: Writing diagnostic log for test session to:\n\n/var/folders/nz/vv4_9tw56nv9k3tkvyszvwg80000gn/T/com.apple.dt.XCTest/IDETestRunSession-D3ADBB86-6FAD-47CD-B9BA-6EF6C1165F52/SwiftyJSON tvOS Tests-CA896DED-EDD6-4A5D-BA56-74F63B1253F2/Session-SwiftyJSON tvOS Tests-2018-09-22_082947-AXWska.log\n\n\u001b[33m\u25b8\u001b[0m \u001b[39;1mBuilding\u001b[0m SwiftyJSON/SwiftyJSON tvOS [Debug]\n\n\u001b[33m\u25b8\u001b[0m \u001b[39;1mCheck Dependencies\u001b[0m\n\n\u001b[33m\u25b8\u001b[0m \u001b[39;1mCompiling\u001b[0m SwiftyJSON.swift\nnl\nnl\nnl\nnl\u001b[31m\u274c  \u001b[0m/Users/travis/build/SwiftyJSON/SwiftyJSON/Source/SwiftyJSON.swift:97:2: \u001b[31munknown attribute 'dynamicMemberLookup'\u001b[0m\nnl\nnl\nnl\nnl@dynamicMemberLookup\n\n\u001b[36m ^\u001b[0m\nnl\nnl\nnl\nnl\n\n2018-09-22 08:29:52.634 xcodebuild[2530:9575] Error Domain=IDETestOperationsObserverErrorDomain Code=14 \"Test operation was canceled. If you believe this error represents a bug, please attach the log file at /var/folders/nz/vv4_9tw56nv9k3tkvyszvwg80000gn/T/com.apple.dt.XCTest/IDETestRunSession-D3ADBB86-6FAD-47CD-B9BA-6EF6C1165F52/SwiftyJSON tvOS Tests-CA896DED-EDD6-4A5D-BA56-74F63B1253F2/Session-SwiftyJSON tvOS Tests-2018-09-22_082947-AXWska.log\" UserInfo={NSLocalizedDescription=Test operation was canceled. If you believe this error represents a bug, please attach the log file at /var/folders/nz/vv4_9tw56nv9k3tkvyszvwg80000gn/T/com.apple.dt.XCTest/IDETestRunSession-D3ADBB86-6FAD-47CD-B9BA-6EF6C1165F52/SwiftyJSON tvOS Tests-CA896DED-EDD6-4A5D-BA56-74F63B1253F2/Session-SwiftyJSON tvOS Tests-2018-09-22_082947-AXWska.log}\nnl\nnl\nnl\nnlTesting failed:\n\n\tUnknown attribute 'dynamicMemberLookup'\n\n** TEST FAILED **\nnl\nnl\nnl\nnl\n\nThe following build commands failed:\n\n\tCompileSwift normal x86_64 /Users/travis/build/SwiftyJSON/SwiftyJSON/Source/SwiftyJSON.swift\n\n\tCompileSwiftSources normal x86_64 com.apple.xcode.tools.swift.compiler\n\n(2 failures)\nnl\nnl\nnl\nnl\u001b[31;1mThe command \"xcodebuild -workspace SwiftyJSON.xcworkspace -scheme SwiftyJSON tvOS -destination platform=tvOS Simulator,name=Apple TV build-for-testing test\" failed 3 times.\u001b[0m\nnl\nnl\nnl\nnl\n\ntravis_time:end:047682e4:start=1537604941816192000,finish=1537605003873462000,duration=62057270000\n\u001b[0K\n\n\u001b[31;1mThe command \"travis_retry xcodebuild -workspace SwiftyJSON.xcworkspace -scheme \"SwiftyJSON tvOS\" -destination \"platform=tvOS Simulator,name=Apple TV\" build-for-testing test | xcpretty\" exited with 65.\u001b[0m\nnl\nnl\nnl\nnlDone. Your build exited with 1.\n\n"
}