{
  "log_path": "TypeScript/angular@angular/failed/476598534.log",
  "failure_chunk": "[31mFirefox 60.0.0 (Windows 7.0.0) upgrade angular1_providers injectorFactory should throw if the injector value has not been set yet FAILED[39m\n\tExpected function to throw an Error.\n\tJasmine>\n\t@packages/upgrade/test/static/angular1_providers_spec.ts:33:8 - dist/all/@angular/upgrade/test/static/angular1_providers_spec.js:29:17\n\tZoneDelegate.prototype.invoke@node_modules/zone.js/dist/zone.js:388:17\n\tProxyZoneSpec.prototype.onInvoke@node_modules/zone.js/dist/zone-testing.js:288:20\n\tZoneDelegate.prototype.invoke@node_modules/zone.js/dist/zone.js:387:17\n\tZone.prototype.run@node_modules/zone.js/dist/zone.js:138:24\n\trunInTestZone@node_modules/zone.js/dist/zone-testing.js:509:20\n\twrapTestInZone/@node_modules/zone.js/dist/zone-testing.js:524:20\n\tJasmine>\n\tZoneDelegate.prototype.invokeTask@node_modules/zone.js/dist/zone.js:421:17\n\tZone.prototype.runTask@node_modules/zone.js/dist/zone.js:188:28\n\tdrainMicroTaskQueue@node_modules/zone.js/dist/zone.js:595:25\n\trun@node_modules/core-js/client/core.js:6252:22\n\tnotify/@node_modules/core-js/client/core.js:6269:30\n\tflush@node_modules/core-js/client/core.js:2471:9",
  "keywords": [
    "Error",
    "FAILED",
    ""
  ],
  "category": "1",
  "full_log": "travis_fold:start:worker_info\n\u001b[0K\u001b[33;1mWorker information\u001b[0m\nhostname: a4aaa113-4c3b-4764-85a9-525db55a04e7@1.production-1-worker-org-gce-zslt\nversion: v6.1.0 https://github.com/travis-ci/worker/tree/a6071dd64658ecf13ec3190bfb9e9ca3c8f3e10d\ninstance: travis-job-3f8936b0-0f3f-4360-89ab-c2007ca830cc travis-ci-garnet-trusty-1512502259-986baf0 (via amqp)\nstartup: 6.260407805s\ntravis_fold:end:worker_info\n\u001b[0Ktravis_fold:start:system_info\n\u001b[0K\u001b[33;1mBuild system information\u001b[0m\nBuild language: node_js\nBuild group: stable\nBuild dist: trusty\nBuild id: 476598534\nJob id: 476598537\nRuntime kernel version: 4.4.0-101-generic\ntravis-build version: 68abbae36\n\u001b[34m\u001b[1mBuild image provisioning date and time\u001b[0m\nTue Dec  5 19:58:13 UTC 2017\n\u001b[34m\u001b[1mOperating System Details\u001b[0m\nDistributor ID:\tUbuntu\nDescription:\tUbuntu 14.04.5 LTS\nRelease:\t14.04\nCodename:\ttrusty\n\u001b[34m\u001b[1mCookbooks Version\u001b[0m\n7c2c6a6 https://github.com/travis-ci/travis-cookbooks/tree/7c2c6a6\n\u001b[34m\u001b[1mgit version\u001b[0m\ngit version 2.15.1\n\u001b[34m\u001b[1mbash version\u001b[0m\nGNU bash, version 4.3.11(1)-release (x86_64-pc-linux-gnu)\n\u001b[34m\u001b[1mgcc version\u001b[0m\ngcc (Ubuntu 4.8.4-2ubuntu1~14.04.3) 4.8.4\nCopyright (C) 2013 Free Software Foundation, Inc.\nThis is free software; see the source for copying conditions.  There is NO\nwarranty; not even for MERCHANTABILITY or FITNESS FOR A PARTICULAR PURPOSE.\n\n\u001b[34m\u001b[1mdocker version\u001b[0m\nClient:\n Version:      17.09.0-ce\n API version:  1.32\n Go version:   go1.8.3\n Git commit:   afdb6d4\n Built:        Tue Sep 26 22:42:38 2017\n OS/Arch:      linux/amd64\n\nServer:\n Version:      17.09.0-ce\n API version:  1.32 (minimum version 1.12)\n Go version:   go1.8.3\n Git commit:   afdb6d4\n Built:        Tue Sep 26 22:41:20 2017\n OS/Arch:      linux/amd64\n Experimental: false\n\u001b[34m\u001b[1mclang version\u001b[0m\nclang version 5.0.0 (tags/RELEASE_500/final)\nTarget: x86_64-unknown-linux-gnu\nThread model: posix\nInstalledDir: /usr/local/clang-5.0.0/bin\n\u001b[34m\u001b[1mjq version\u001b[0m\njq-1.5\n\u001b[34m\u001b[1mbats version\u001b[0m\nBats 0.4.0\n\u001b[34m\u001b[1mshellcheck version\u001b[0m\n0.4.6\n\u001b[34m\u001b[1mshfmt version\u001b[0m\nv2.0.0\n\u001b[34m\u001b[1mccache version\u001b[0m\nccache version 3.1.9\n\nCopyright (C) 2002-2007 Andrew Tridgell\nCopyright (C) 2009-2011 Joel Rosdahl\n\nThis program is free software; you can redistribute it and/or modify it under\nthe terms of the GNU General Public License as published by the Free Software\nFoundation; either version 3 of the License, or (at your option) any later\nversion.\n\u001b[34m\u001b[1mcmake version\u001b[0m\ncmake version 3.9.2\n\nCMake suite maintained and supported by Kitware (kitware.com/cmake).\n\u001b[34m\u001b[1mheroku version\u001b[0m\nheroku-cli/6.14.39-addc925 (linux-x64) node-v9.2.0\n\u001b[34m\u001b[1mimagemagick version\u001b[0m\nVersion: ImageMagick 6.7.7-10 2017-07-31 Q16 http://www.imagemagick.org\n\u001b[34m\u001b[1mmd5deep version\u001b[0m\n4.2\n\u001b[34m\u001b[1mmercurial version\u001b[0m\nMercurial Distributed SCM (version 4.2.2)\n(see https://mercurial-scm.org for more information)\n\nCopyright (C) 2005-2017 Matt Mackall and others\nThis is free software; see the source for copying conditions. There is NO\nwarranty; not even for MERCHANTABILITY or FITNESS FOR A PARTICULAR PURPOSE.\n\u001b[34m\u001b[1mmysql version\u001b[0m\nmysql  Ver 14.14 Distrib 5.6.33, for debian-linux-gnu (x86_64) using  EditLine wrapper\n\u001b[34m\u001b[1mopenssl version\u001b[0m\nOpenSSL 1.0.1f 6 Jan 2014\n\u001b[34m\u001b[1mpacker version\u001b[0m\nPacker v1.0.2\n\nYour version of Packer is out of date! The latest version\nis 1.1.2. You can update by downloading from www.packer.io\n\u001b[34m\u001b[1mpostgresql client version\u001b[0m\npsql (PostgreSQL) 9.6.6\n\u001b[34m\u001b[1mragel version\u001b[0m\nRagel State Machine Compiler version 6.8 Feb 2013\nCopyright (c) 2001-2009 by Adrian Thurston\n\u001b[34m\u001b[1msubversion version\u001b[0m\nsvn, version 1.8.8 (r1568071)\n   compiled Aug 10 2017, 17:20:39 on x86_64-pc-linux-gnu\n\nCopyright (C) 2013 The Apache Software Foundation.\nThis software consists of contributions made by many people;\nsee the NOTICE file for more information.\nSubversion is open source software, see http://subversion.apache.org/\n\nThe following repository access (RA) modules are available:\n\n* ra_svn : Module for accessing a repository using the svn network protocol.\n  - with Cyrus SASL authentication\n  - handles 'svn' scheme\n* ra_local : Module for accessing a repository on local disk.\n  - handles 'file' scheme\n* ra_serf : Module for accessing a repository via WebDAV protocol using serf.\n  - using serf 1.3.3\n  - handles 'http' scheme\n  - handles 'https' scheme\n\n\u001b[34m\u001b[1msudo version\u001b[0m\nSudo version 1.8.9p5\nConfigure options: --prefix=/usr -v --with-all-insults --with-pam --with-fqdn --with-logging=syslog --with-logfac=authpriv --with-env-editor --with-editor=/usr/bin/editor --with-timeout=15 --with-password-timeout=0 --with-passprompt=[sudo] password for %p:  --without-lecture --with-tty-tickets --disable-root-mailer --enable-admin-flag --with-sendmail=/usr/sbin/sendmail --with-timedir=/var/lib/sudo --mandir=/usr/share/man --libexecdir=/usr/lib/sudo --with-sssd --with-sssd-lib=/usr/lib/x86_64-linux-gnu --with-selinux\nSudoers policy plugin version 1.8.9p5\nSudoers file grammar version 43\n\nSudoers path: /etc/sudoers\nAuthentication methods: 'pam'\nSyslog facility if syslog is being used for logging: authpriv\nSyslog priority to use when user authenticates successfully: notice\nSyslog priority to use when user authenticates unsuccessfully: alert\nSend mail if the user is not in sudoers\nUse a separate timestamp for each user/tty combo\nLecture user the first time they run sudo\nRoot may run sudo\nAllow some information gathering to give useful error messages\nRequire fully-qualified hostnames in the sudoers file\nVisudo will honor the EDITOR environment variable\nSet the LOGNAME and USER environment variables\nLength at which to wrap log file lines (0 for no wrap): 80\nAuthentication timestamp timeout: 15.0 minutes\nPassword prompt timeout: 0.0 minutes\nNumber of tries to enter a password: 3\nUmask to use or 0777 to use user's: 022\nPath to mail program: /usr/sbin/sendmail\nFlags for mail program: -t\nAddress to send mail to: root\nSubject line for mail messages: *** SECURITY information for %h ***\nIncorrect password message: Sorry, try again.\nPath to authentication timestamp dir: /var/lib/sudo\nDefault password prompt: [sudo] password for %p: \nDefault user to run commands as: root\nValue to override user's $PATH with: /usr/local/sbin:/usr/local/bin:/usr/sbin:/usr/bin:/sbin:/bin:/snap/bin\nPath to the editor for use by visudo: /usr/bin/editor\nWhen to require a password for 'list' pseudocommand: any\nWhen to require a password for 'verify' pseudocommand: all\nFile descriptors >= 3 will be closed before executing a command\nEnvironment variables to check for sanity:\n\tTZ\n\tTERM\n\tLINGUAS\n\tLC_*\n\tLANGUAGE\n\tLANG\n\tCOLORTERM\nEnvironment variables to remove:\n\tRUBYOPT\n\tRUBYLIB\n\tPYTHONUSERBASE\n\tPYTHONINSPECT\n\tPYTHONPATH\n\tPYTHONHOME\n\tTMPPREFIX\n\tZDOTDIR\n\tREADNULLCMD\n\tNULLCMD\n\tFPATH\n\tPERL5DB\n\tPERL5OPT\n\tPERL5LIB\n\tPERLLIB\n\tPERLIO_DEBUG \n\tJAVA_TOOL_OPTIONS\n\tSHELLOPTS\n\tGLOBIGNORE\n\tPS4\n\tBASH_ENV\n\tENV\n\tTERMCAP\n\tTERMPATH\n\tTERMINFO_DIRS\n\tTERMINFO\n\t_RLD*\n\tLD_*\n\tPATH_LOCALE\n\tNLSPATH\n\tHOSTALIASES\n\tRES_OPTIONS\n\tLOCALDOMAIN\n\tCDPATH\n\tIFS\nEnvironment variables to preserve:\n\tJAVA_HOME\n\tTRAVIS\n\tCI\n\tDEBIAN_FRONTEND\n\tXAUTHORIZATION\n\tXAUTHORITY\n\tPS2\n\tPS1\n\tPATH\n\tLS_COLORS\n\tKRB5CCNAME\n\tHOSTNAME\n\tHOME\n\tDISPLAY\n\tCOLORS\nLocale to use while parsing sudoers: C\nDirectory in which to store input/output logs: /var/log/sudo-io\nFile in which to store the input/output log: %{seq}\nAdd an entry to the utmp/utmpx file when allocating a pty\nPAM service name to use\nPAM service name to use for login shells\nCreate a new PAM session for the command to run in\nMaximum I/O log sequence number: 0\n\nLocal IP address and netmask pairs:\n\t10.240.0.28/255.255.255.255\n\t172.17.0.1/255.255.0.0\n\nSudoers I/O plugin version 1.8.9p5\n\u001b[34m\u001b[1mgzip version\u001b[0m\ngzip 1.6\nCopyright (C) 2007, 2010, 2011 Free Software Foundation, Inc.\nCopyright (C) 1993 Jean-loup Gailly.\nThis is free software.  You may redistribute copies of it under the terms of\nthe GNU General Public License <http://www.gnu.org/licenses/gpl.html>.\nThere is NO WARRANTY, to the extent permitted by law.\n\nWritten by Jean-loup Gailly.\n\u001b[34m\u001b[1mzip version\u001b[0m\nCopyright (c) 1990-2008 Info-ZIP - Type 'zip \"-L\"' for software license.\nThis is Zip 3.0 (July 5th 2008), by Info-ZIP.\nCurrently maintained by E. Gordon.  Please send bug reports to\nthe authors using the web page at www.info-zip.org; see README for details.\n\nLatest sources and executables are at ftp://ftp.info-zip.org/pub/infozip,\nas of above date; see http://www.info-zip.org/ for other sites.\n\nCompiled with gcc 4.8.2 for Unix (Linux ELF) on Oct 21 2013.\n\nZip special compilation options:\n\tUSE_EF_UT_TIME       (store Universal Time)\n\tBZIP2_SUPPORT        (bzip2 library version 1.0.6, 6-Sept-2010)\n\t    bzip2 code and library copyright (c) Julian R Seward\n\t    (See the bzip2 license for terms of use)\n\tSYMLINK_SUPPORT      (symbolic links supported)\n\tLARGE_FILE_SUPPORT   (can read and write large files on file system)\n\tZIP64_SUPPORT        (use Zip64 to store large files in archives)\n\tUNICODE_SUPPORT      (store and read UTF-8 Unicode paths)\n\tSTORE_UNIX_UIDs_GIDs (store UID/GID sizes/values using new extra field)\n\tUIDGID_NOT_16BIT     (old Unix 16-bit UID/GID extra field not used)\n\t[encryption, version 2.91 of 05 Jan 2007] (modified for Zip 3)\n\nEncryption notice:\n\tThe encryption code of this program is not copyrighted and is\n\tput in the public domain.  It was originally written in Europe\n\tand, to the best of our knowledge, can be freely distributed\n\tin both source and object forms from any country, including\n\tthe USA under License Exception TSU of the U.S. Export\n\tAdministration Regulations (section 740.13(e)) of 6 June 2002.\n\nZip environment options:\n             ZIP:  [none]\n          ZIPOPT:  [none]\n\u001b[34m\u001b[1mvim version\u001b[0m\nVIM - Vi IMproved 7.4 (2013 Aug 10, compiled Nov 24 2016 16:43:18)\nIncluded patches: 1-52\nExtra patches: 8.0.0056\nModified by pkg-vim-maintainers@lists.alioth.debian.org\nCompiled by buildd@\nHuge version without GUI.  Features included (+) or not (-):\n+acl             +farsi           +mouse_netterm   +syntax\n+arabic          +file_in_path    +mouse_sgr       +tag_binary\n+autocmd         +find_in_path    -mouse_sysmouse  +tag_old_static\n-balloon_eval    +float           +mouse_urxvt     -tag_any_white\n-browse          +folding         +mouse_xterm     -tcl\n++builtin_terms  -footer          +multi_byte      +terminfo\n+byte_offset     +fork()          +multi_lang      +termresponse\n+cindent         +gettext         -mzscheme        +textobjects\n-clientserver    -hangul_input    +netbeans_intg   +title\n-clipboard       +iconv           +path_extra      -toolbar\n+cmdline_compl   +insert_expand   -perl            +user_commands\n+cmdline_hist    +jumplist        +persistent_undo +vertsplit\n+cmdline_info    +keymap          +postscript      +virtualedit\n+comments        +langmap         +printer         +visual\n+conceal         +libcall         +profile         +visualextra\n+cryptv          +linebreak       +python          +viminfo\n+cscope          +lispindent      -python3         +vreplace\n+cursorbind      +listcmds        +quickfix        +wildignore\n+cursorshape     +localmap        +reltime         +wildmenu\n+dialog_con      -lua             +rightleft       +windows\n+diff            +menu            -ruby            +writebackup\n+digraphs        +mksession       +scrollbind      -X11\n-dnd             +modify_fname    +signs           -xfontset\n-ebcdic          +mouse           +smartindent     -xim\n+emacs_tags      -mouseshape      -sniff           -xsmp\n+eval            +mouse_dec       +startuptime     -xterm_clipboard\n+ex_extra        +mouse_gpm       +statusline      -xterm_save\n+extra_search    -mouse_jsbterm   -sun_workshop    -xpm\n   system vimrc file: \"$VIM/vimrc\"\n     user vimrc file: \"$HOME/.vimrc\"\n 2nd user vimrc file: \"~/.vim/vimrc\"\n      user exrc file: \"$HOME/.exrc\"\n  fall-back for $VIM: \"/usr/share/vim\"\nCompilation: gcc -c -I. -Iproto -DHAVE_CONFIG_H     -g -O2 -fstack-protector --param=ssp-buffer-size=4 -Wformat -Werror=format-security -U_FORTIFY_SOURCE -D_FORTIFY_SOURCE=1      \nLinking: gcc   -Wl,-Bsymbolic-functions -Wl,-z,relro -Wl,--as-needed -o vim        -lm -ltinfo -lnsl  -lselinux  -lacl -lattr -lgpm -ldl    -L/usr/lib/python2.7/config-x86_64-linux-gnu -lpython2.7 -lpthread -ldl -lutil -lm -Xlinker -export-dynamic -Wl,-O1 -Wl,-Bsymbolic-functions      \n\u001b[34m\u001b[1miptables version\u001b[0m\niptables v1.4.21\n\u001b[34m\u001b[1mcurl version\u001b[0m\ncurl 7.35.0 (x86_64-pc-linux-gnu) libcurl/7.35.0 OpenSSL/1.0.1f zlib/1.2.8 libidn/1.28 librtmp/2.3\n\u001b[34m\u001b[1mwget version\u001b[0m\nGNU Wget 1.15 built on linux-gnu.\n\u001b[34m\u001b[1mrsync version\u001b[0m\nrsync  version 3.1.0  protocol version 31\n\u001b[34m\u001b[1mgimme version\u001b[0m\nv1.2.0\n\u001b[34m\u001b[1mnvm version\u001b[0m\n0.33.6\n\u001b[34m\u001b[1mperlbrew version\u001b[0m\n/home/travis/perl5/perlbrew/bin/perlbrew  - App::perlbrew/0.80\n\u001b[34m\u001b[1mphpenv version\u001b[0m\nrbenv 1.1.1-25-g6aa70b6\n\u001b[34m\u001b[1mrvm version\u001b[0m\nrvm 1.29.3 (latest) by Michal Papis, Piotr Kuczynski, Wayne E. Seguin [https://rvm.io]\n\u001b[34m\u001b[1mdefault ruby version\u001b[0m\nruby 2.4.1p111 (2017-03-22 revision 58053) [x86_64-linux]\n\u001b[34m\u001b[1mCouchDB version\u001b[0m\ncouchdb 1.6.1\n\u001b[34m\u001b[1mElasticSearch version\u001b[0m\n5.5.0\n\u001b[34m\u001b[1mInstalled Firefox version\u001b[0m\nfirefox 56.0.2\n\u001b[34m\u001b[1mMongoDB version\u001b[0m\nMongoDB 3.4.10\n\u001b[34m\u001b[1mPhantomJS version\u001b[0m\n2.1.1\n\u001b[34m\u001b[1mPre-installed PostgreSQL versions\u001b[0m\n9.2.24\n9.3.20\n9.4.15\n9.5.10\n9.6.6\n\u001b[34m\u001b[1mRabbitMQ Version\u001b[0m\n3.6.14\n\u001b[34m\u001b[1mRedis version\u001b[0m\nredis-server 4.0.6\n\u001b[34m\u001b[1mriak version\u001b[0m\n2.2.3\n\u001b[34m\u001b[1mPre-installed Go versions\u001b[0m\n1.7.4\n\u001b[34m\u001b[1mant version\u001b[0m\nApache Ant(TM) version 1.9.3 compiled on April 8 2014\n\u001b[34m\u001b[1mmvn version\u001b[0m\nApache Maven 3.5.2 (138edd61fd100ec658bfa2d307c43b76940a5d7d; 2017-10-18T07:58:13Z)\nMaven home: /usr/local/maven-3.5.2\nJava version: 1.8.0_151, vendor: Oracle Corporation\nJava home: /usr/lib/jvm/java-8-oracle/jre\nDefault locale: en_US, platform encoding: UTF-8\nOS name: \"linux\", version: \"4.4.0-98-generic\", arch: \"amd64\", family: \"unix\"\n\u001b[34m\u001b[1mgradle version\u001b[0m\n\n------------------------------------------------------------\nGradle 4.0.1\n------------------------------------------------------------\n\nBuild time:   2017-07-07 14:02:41 UTC\nRevision:     38e5dc0f772daecca1d2681885d3d85414eb6826\n\nGroovy:       2.4.11\nAnt:          Apache Ant(TM) version 1.9.6 compiled on June 29 2015\nJVM:          1.8.0_151 (Oracle Corporation 25.151-b12)\nOS:           Linux 4.4.0-98-generic amd64\n\n\u001b[34m\u001b[1mlein version\u001b[0m\nLeiningen 2.8.1 on Java 1.8.0_151 Java HotSpot(TM) 64-Bit Server VM\n\u001b[34m\u001b[1mPre-installed Node.js versions\u001b[0m\nv4.8.6\nv6.12.0\nv6.12.1\nv8.9\nv8.9.1\n\u001b[34m\u001b[1mphpenv versions\u001b[0m\n  system\n  5.6\n* 5.6.32 (set by /home/travis/.phpenv/version)\n  7.0\n  7.0.25\n  7.1\n  7.1.11\n  hhvm\n  hhvm-stable\n\u001b[34m\u001b[1mcomposer --version\u001b[0m\nComposer version 1.5.2 2017-09-11 16:59:25\n\u001b[34m\u001b[1mPre-installed Ruby versions\u001b[0m\nruby-2.2.7\nruby-2.3.4\nruby-2.4.1\ntravis_fold:end:system_info\n\u001b[0K\ntravis_fold:start:apt\n\u001b[0K\u001b[33;1mAdding APT Sources\u001b[0m\ntravis_time:start:038c620e\n\u001b[0K$ sudo -E apt-add-repository -y \"ppa:ubuntu-toolchain-r/test\"\ngpg: keyring `/tmp/tmp8ctx9c4w/secring.gpg' created\ngpg: keyring `/tmp/tmp8ctx9c4w/pubring.gpg' created\ngpg: requesting key BA9EF27F from hkp server keyserver.ubuntu.com\ngpg: /tmp/tmp8ctx9c4w/trustdb.gpg: trustdb created\ngpg: key BA9EF27F: public key \"Launchpad Toolchain builds\" imported\ngpg: Total number processed: 1\ngpg:               imported: 1  (RSA: 1)\nOK\ntravis_time:end:038c620e:start=1546902037992143812,finish=1546902039471197958,duration=1479054146\n\u001b[0K\u001b[33;1mInstalling APT Packages\u001b[0m\ntravis_time:start:059ee715\n\u001b[0K$ travis_apt_get_update\ntravis_time:end:059ee715:start=1546902039474595128,finish=1546902048446111871,duration=8971516743\n\u001b[0Ktravis_time:start:33fa0cdc\n\u001b[0K$ sudo -E apt-get -yq --no-install-suggests --no-install-recommends $(travis_apt_get_options) install g++-4.8\nReading package lists...\nBuilding dependency tree...\nReading state information...\nThe following additional packages will be installed:\n  cpp-4.8 gcc-4.8 gcc-4.8-base gcc-8-base libasan0 libatomic1 libgcc-4.8-dev\n  libgomp1 libisl15 libitm1 libmpfr4 libquadmath0 libstdc++-4.8-dev libstdc++6\n  libtsan0\nSuggested packages:\n  gcc-4.8-locales g++-4.8-multilib gcc-4.8-doc libstdc++6-4.8-dbg\n  gcc-4.8-multilib libgcc1-dbg libgomp1-dbg libitm1-dbg libatomic1-dbg\n  libasan0-dbg libtsan0-dbg libquadmath0-dbg libstdc++-4.8-doc\nThe following NEW packages will be installed:\n  gcc-8-base libisl15\nThe following packages will be upgraded:\n  cpp-4.8 g++-4.8 gcc-4.8 gcc-4.8-base libasan0 libatomic1 libgcc-4.8-dev\n  libgomp1 libitm1 libmpfr4 libquadmath0 libstdc++-4.8-dev libstdc++6 libtsan0\n14 upgraded, 2 newly installed, 0 to remove and 272 not upgraded.\nNeed to get 32.2 MB of archives.\nAfter this operation, 3,029 kB of additional disk space will be used.\nGet:1 http://ppa.launchpad.net/ubuntu-toolchain-r/test/ubuntu trusty/main amd64 gcc-8-base amd64 8.1.0-5ubuntu1~14.04 [18.3 kB]\nGet:2 http://ppa.launchpad.net/ubuntu-toolchain-r/test/ubuntu trusty/main amd64 libstdc++6 amd64 8.1.0-5ubuntu1~14.04 [310 kB]\nGet:3 http://ppa.launchpad.net/ubuntu-toolchain-r/test/ubuntu trusty/main amd64 libatomic1 amd64 8.1.0-5ubuntu1~14.04 [9,082 B]\nGet:4 http://ppa.launchpad.net/ubuntu-toolchain-r/test/ubuntu trusty/main amd64 libitm1 amd64 8.1.0-5ubuntu1~14.04 [27.9 kB]\nGet:5 http://ppa.launchpad.net/ubuntu-toolchain-r/test/ubuntu trusty/main amd64 libgomp1 amd64 8.1.0-5ubuntu1~14.04 [75.9 kB]\nGet:6 http://ppa.launchpad.net/ubuntu-toolchain-r/test/ubuntu trusty/main amd64 libisl15 amd64 0.15-3~14.04 [507 kB]\nGet:7 http://ppa.launchpad.net/ubuntu-toolchain-r/test/ubuntu trusty/main amd64 libmpfr4 amd64 3.1.3-1~14.04 [178 kB]\nGet:8 http://ppa.launchpad.net/ubuntu-toolchain-r/test/ubuntu trusty/main amd64 g++-4.8 amd64 4.8.5-4ubuntu8~14.04.2 [18.2 MB]\nGet:9 http://ppa.launchpad.net/ubuntu-toolchain-r/test/ubuntu trusty/main amd64 gcc-4.8 amd64 4.8.5-4ubuntu8~14.04.2 [5,061 kB]\nGet:10 http://ppa.launchpad.net/ubuntu-toolchain-r/test/ubuntu trusty/main amd64 cpp-4.8 amd64 4.8.5-4ubuntu8~14.04.2 [4,602 kB]\nGet:11 http://ppa.launchpad.net/ubuntu-toolchain-r/test/ubuntu trusty/main amd64 libstdc++-4.8-dev amd64 4.8.5-4ubuntu8~14.04.2 [1,053 kB]\nGet:12 http://ppa.launchpad.net/ubuntu-toolchain-r/test/ubuntu trusty/main amd64 libtsan0 amd64 8.1.0-5ubuntu1~14.04 [284 kB]\nGet:13 http://ppa.launchpad.net/ubuntu-toolchain-r/test/ubuntu trusty/main amd64 libquadmath0 amd64 8.1.0-5ubuntu1~14.04 [133 kB]\nGet:14 http://ppa.launchpad.net/ubuntu-toolchain-r/test/ubuntu trusty/main amd64 libgcc-4.8-dev amd64 4.8.5-4ubuntu8~14.04.2 [1,688 kB]\nGet:15 http://ppa.launchpad.net/ubuntu-toolchain-r/test/ubuntu trusty/main amd64 libasan0 amd64 4.8.5-4ubuntu8~14.04.2 [63.1 kB]\nGet:16 http://ppa.launchpad.net/ubuntu-toolchain-r/test/ubuntu trusty/main amd64 gcc-4.8-base amd64 4.8.5-4ubuntu8~14.04.2 [15.7 kB]\nFetched 32.2 MB in 1min 11s (449 kB/s)\nSelecting previously unselected package gcc-8-base:amd64.\n(Reading database ... \n(Reading database ... 5%\n(Reading database ... 10%\n(Reading database ... 15%\n(Reading database ... 20%\n(Reading database ... 25%\n(Reading database ... 30%\n(Reading database ... 35%\n(Reading database ... 40%\n(Reading database ... 45%\n(Reading database ... 50%\n(Reading database ... 55%\n(Reading database ... 60%\n(Reading database ... 65%\n(Reading database ... 70%\n(Reading database ... 75%\n(Reading database ... 80%\n(Reading database ... 85%\n(Reading database ... 90%\n(Reading database ... 95%\n(Reading database ... 100%\n(Reading database ... 93695 files and directories currently installed.)\nPreparing to unpack .../gcc-8-base_8.1.0-5ubuntu1~14.04_amd64.deb ...\nUnpacking gcc-8-base:amd64 (8.1.0-5ubuntu1~14.04) ...\nProcessing triggers for ccache (3.1.9-1) ...\nUpdating symlinks in /usr/lib/ccache ...\nSetting up gcc-8-base:amd64 (8.1.0-5ubuntu1~14.04) ...\n(Reading database ... \n(Reading database ... 5%\n(Reading database ... 10%\n(Reading database ... 15%\n(Reading database ... 20%\n(Reading database ... 25%\n(Reading database ... 30%\n(Reading database ... 35%\n(Reading database ... 40%\n(Reading database ... 45%\n(Reading database ... 50%\n(Reading database ... 55%\n(Reading database ... 60%\n(Reading database ... 65%\n(Reading database ... 70%\n(Reading database ... 75%\n(Reading database ... 80%\n(Reading database ... 85%\n(Reading database ... 90%\n(Reading database ... 95%\n(Reading database ... 100%\n(Reading database ... 93701 files and directories currently installed.)\nPreparing to unpack .../libstdc++6_8.1.0-5ubuntu1~14.04_amd64.deb ...\nUnpacking libstdc++6:amd64 (8.1.0-5ubuntu1~14.04) over (4.8.4-2ubuntu1~14.04.3) ...\nSetting up libstdc++6:amd64 (8.1.0-5ubuntu1~14.04) ...\nProcessing triggers for libc-bin (2.19-0ubuntu6.13) ...\n(Reading database ... \n(Reading database ... 5%\n(Reading database ... 10%\n(Reading database ... 15%\n(Reading database ... 20%\n(Reading database ... 25%\n(Reading database ... 30%\n(Reading database ... 35%\n(Reading database ... 40%\n(Reading database ... 45%\n(Reading database ... 50%\n(Reading database ... 55%\n(Reading database ... 60%\n(Reading database ... 65%\n(Reading database ... 70%\n(Reading database ... 75%\n(Reading database ... 80%\n(Reading database ... 85%\n(Reading database ... 90%\n(Reading database ... 95%\n(Reading database ... 100%\n(Reading database ... 93702 files and directories currently installed.)\nPreparing to unpack .../libatomic1_8.1.0-5ubuntu1~14.04_amd64.deb ...\nUnpacking libatomic1:amd64 (8.1.0-5ubuntu1~14.04) over (4.8.4-2ubuntu1~14.04.3) ...\nPreparing to unpack .../libitm1_8.1.0-5ubuntu1~14.04_amd64.deb ...\nUnpacking libitm1:amd64 (8.1.0-5ubuntu1~14.04) over (4.8.4-2ubuntu1~14.04.3) ...\nPreparing to unpack .../libgomp1_8.1.0-5ubuntu1~14.04_amd64.deb ...\nUnpacking libgomp1:amd64 (8.1.0-5ubuntu1~14.04) over (4.8.4-2ubuntu1~14.04.3) ...\nSelecting previously unselected package libisl15:amd64.\nPreparing to unpack .../libisl15_0.15-3~14.04_amd64.deb ...\nUnpacking libisl15:amd64 (0.15-3~14.04) ...\nPreparing to unpack .../libmpfr4_3.1.3-1~14.04_amd64.deb ...\nUnpacking libmpfr4:amd64 (3.1.3-1~14.04) over (3.1.2-1) ...\nPreparing to unpack .../g++-4.8_4.8.5-4ubuntu8~14.04.2_amd64.deb ...\nUnpacking g++-4.8 (4.8.5-4ubuntu8~14.04.2) over (4.8.4-2ubuntu1~14.04.3) ...\nPreparing to unpack .../gcc-4.8_4.8.5-4ubuntu8~14.04.2_amd64.deb ...\nUnpacking gcc-4.8 (4.8.5-4ubuntu8~14.04.2) over (4.8.4-2ubuntu1~14.04.3) ...\nPreparing to unpack .../cpp-4.8_4.8.5-4ubuntu8~14.04.2_amd64.deb ...\nUnpacking cpp-4.8 (4.8.5-4ubuntu8~14.04.2) over (4.8.4-2ubuntu1~14.04.3) ...\nPreparing to unpack .../libstdc++-4.8-dev_4.8.5-4ubuntu8~14.04.2_amd64.deb ...\nUnpacking libstdc++-4.8-dev:amd64 (4.8.5-4ubuntu8~14.04.2) over (4.8.4-2ubuntu1~14.04.3) ...\nPreparing to unpack .../libtsan0_8.1.0-5ubuntu1~14.04_amd64.deb ...\nUnpacking libtsan0:amd64 (8.1.0-5ubuntu1~14.04) over (4.8.4-2ubuntu1~14.04.3) ...\nPreparing to unpack .../libquadmath0_8.1.0-5ubuntu1~14.04_amd64.deb ...\nUnpacking libquadmath0:amd64 (8.1.0-5ubuntu1~14.04) over (4.8.4-2ubuntu1~14.04.3) ...\nPreparing to unpack .../libgcc-4.8-dev_4.8.5-4ubuntu8~14.04.2_amd64.deb ...\nUnpacking libgcc-4.8-dev:amd64 (4.8.5-4ubuntu8~14.04.2) over (4.8.4-2ubuntu1~14.04.3) ...\nPreparing to unpack .../libasan0_4.8.5-4ubuntu8~14.04.2_amd64.deb ...\nUnpacking libasan0:amd64 (4.8.5-4ubuntu8~14.04.2) over (4.8.4-2ubuntu1~14.04.3) ...\nPreparing to unpack .../gcc-4.8-base_4.8.5-4ubuntu8~14.04.2_amd64.deb ...\nUnpacking gcc-4.8-base:amd64 (4.8.5-4ubuntu8~14.04.2) over (4.8.4-2ubuntu1~14.04.3) ...\nProcessing triggers for man-db (2.6.7.1-1ubuntu1) ...\nProcessing triggers for ccache (3.1.9-1) ...\nUpdating symlinks in /usr/lib/ccache ...\nSetting up libatomic1:amd64 (8.1.0-5ubuntu1~14.04) ...\nSetting up libitm1:amd64 (8.1.0-5ubuntu1~14.04) ...\nSetting up libgomp1:amd64 (8.1.0-5ubuntu1~14.04) ...\nSetting up libisl15:amd64 (0.15-3~14.04) ...\nSetting up libmpfr4:amd64 (3.1.3-1~14.04) ...\nSetting up gcc-4.8-base:amd64 (4.8.5-4ubuntu8~14.04.2) ...\nSetting up cpp-4.8 (4.8.5-4ubuntu8~14.04.2) ...\nSetting up libasan0:amd64 (4.8.5-4ubuntu8~14.04.2) ...\nSetting up libtsan0:amd64 (8.1.0-5ubuntu1~14.04) ...\nSetting up libquadmath0:amd64 (8.1.0-5ubuntu1~14.04) ...\nSetting up libgcc-4.8-dev:amd64 (4.8.5-4ubuntu8~14.04.2) ...\nSetting up gcc-4.8 (4.8.5-4ubuntu8~14.04.2) ...\nSetting up libstdc++-4.8-dev:amd64 (4.8.5-4ubuntu8~14.04.2) ...\nSetting up g++-4.8 (4.8.5-4ubuntu8~14.04.2) ...\nProcessing triggers for libc-bin (2.19-0ubuntu6.13) ...\ntravis_time:end:33fa0cdc:start=1546902048449516017,finish=1546902125897008604,duration=77447492587\n\u001b[0Ktravis_fold:end:apt\n\u001b[0K\ntravis_fold:start:git.checkout\n\u001b[0Ktravis_time:start:0726983a\n\u001b[0K$ git clone --depth=50 https://github.com/angular/angular.git angular/angular\nCloning into 'angular/angular'...\nremote: Enumerating objects: 7929, done.\u001b[K\nremote: Counting objects:   0% (1/7929)   \u001b[K\nremote: Counting objects:   1% (80/7929)   \u001b[K\nremote: Counting objects:   2% (159/7929)   \u001b[K\nremote: Counting objects:   3% (238/7929)   \u001b[K\nremote: Counting objects:   4% (318/7929)   \u001b[K\nremote: Counting objects:   5% (397/7929)   \u001b[K\nremote: Counting objects:   6% (476/7929)   \u001b[K\nremote: Counting objects:   7% (556/7929)   \u001b[K\nremote: Counting objects:   8% (635/7929)   \u001b[K\nremote: Counting objects:   9% (714/7929)   \u001b[K\nremote: Counting objects:  10% (793/7929)   \u001b[K\nremote: Counting objects:  11% (873/7929)   \u001b[K\nremote: Counting objects:  12% (952/7929)   \u001b[K\nremote: Counting objects:  13% (1031/7929)   \u001b[K\nremote: Counting objects:  14% (1111/7929)   \u001b[K\nremote: Counting objects:  15% (1190/7929)   \u001b[K\nremote: Counting objects:  16% (1269/7929)   \u001b[K\nremote: Counting objects:  17% (1348/7929)   \u001b[K\nremote: Counting objects:  18% (1428/7929)   \u001b[K\nremote: Counting objects:  19% (1507/7929)   \u001b[K\nremote: Counting objects:  20% (1586/7929)   \u001b[K\nremote: Counting objects:  21% (1666/7929)   \u001b[K\nremote: Counting objects:  22% (1745/7929)   \u001b[K\nremote: Counting objects:  23% (1824/7929)   \u001b[K\nremote: Counting objects:  24% (1903/7929)   \u001b[K\nremote: Counting objects:  25% (1983/7929)   \u001b[K\nremote: Counting objects:  26% (2062/7929)   \u001b[K\nremote: Counting objects:  27% (2141/7929)   \u001b[K\nremote: Counting objects:  28% (2221/7929)   \u001b[K\nremote: Counting objects:  29% (2300/7929)   \u001b[K\nremote: Counting objects:  30% (2379/7929)   \u001b[K\nremote: Counting objects:  31% (2458/7929)   \u001b[K\nremote: Counting objects:  32% (2538/7929)   \u001b[K\nremote: Counting objects:  33% (2617/7929)   \u001b[K\nremote: Counting objects:  34% (2696/7929)   \u001b[K\nremote: Counting objects:  35% (2776/7929)   \u001b[K\nremote: Counting objects:  36% (2855/7929)   \u001b[K\nremote: Counting objects:  37% (2934/7929)   \u001b[K\nremote: Counting objects:  38% (3014/7929)   \u001b[K\nremote: Counting objects:  39% (3093/7929)   \u001b[K\nremote: Counting objects:  40% (3172/7929)   \u001b[K\nremote: Counting objects:  41% (3251/7929)   \u001b[K\nremote: Counting objects:  42% (3331/7929)   \u001b[K\nremote: Counting objects:  43% (3410/7929)   \u001b[K\nremote: Counting objects:  44% (3489/7929)   \u001b[K\nremote: Counting objects:  45% (3569/7929)   \u001b[K\nremote: Counting objects:  46% (3648/7929)   \u001b[K\nremote: Counting objects:  47% (3727/7929)   \u001b[K\nremote: Counting objects:  48% (3806/7929)   \u001b[K\nremote: Counting objects:  49% (3886/7929)   \u001b[K\nremote: Counting objects:  50% (3965/7929)   \u001b[K\nremote: Counting objects:  51% (4044/7929)   \u001b[K\nremote: Counting objects:  52% (4124/7929)   \u001b[K\nremote: Counting objects:  53% (4203/7929)   \u001b[K\nremote: Counting objects:  54% (4282/7929)   \u001b[K\nremote: Counting objects:  55% (4361/7929)   \u001b[K\nremote: Counting objects:  56% (4441/7929)   \u001b[K\nremote: Counting objects:  57% (4520/7929)   \u001b[K\nremote: Counting objects:  58% (4599/7929)   \u001b[K\nremote: Counting objects:  59% (4679/7929)   \u001b[K\nremote: Counting objects:  60% (4758/7929)   \u001b[K\nremote: Counting objects:  61% (4837/7929)   \u001b[K\nremote: Counting objects:  62% (4916/7929)   \u001b[K\nremote: Counting objects:  63% (4996/7929)   \u001b[K\nremote: Counting objects:  64% (5075/7929)   \u001b[K\nremote: Counting objects:  65% (5154/7929)   \u001b[K\nremote: Counting objects:  66% (5234/7929)   \u001b[K\nremote: Counting objects:  67% (5313/7929)   \u001b[K\nremote: Counting objects:  68% (5392/7929)   \u001b[K\nremote: Counting objects:  69% (5472/7929)   \u001b[K\nremote: Counting objects:  70% (5551/7929)   \u001b[K\nremote: Counting objects:  71% (5630/7929)   \u001b[K\nremote: Counting objects:  72% (5709/7929)   \u001b[K\nremote: Counting objects:  73% (5789/7929)   \u001b[K\nremote: Counting objects:  74% (5868/7929)   \u001b[K\nremote: Counting objects:  75% (5947/7929)   \u001b[K\nremote: Counting objects:  76% (6027/7929)   \u001b[K\nremote: Counting objects:  77% (6106/7929)   \u001b[K\nremote: Counting objects:  78% (6185/7929)   \u001b[K\nremote: Counting objects:  79% (6264/7929)   \u001b[K\nremote: Counting objects:  80% (6344/7929)   \u001b[K\nremote: Counting objects:  81% (6423/7929)   \u001b[K\nremote: Counting objects:  82% (6502/7929)   \u001b[K\nremote: Counting objects:  83% (6582/7929)   \u001b[K\nremote: Counting objects:  84% (6661/7929)   \u001b[K\nremote: Counting objects:  85% (6740/7929)   \u001b[K\nremote: Counting objects:  86% (6819/7929)   \u001b[K\nremote: Counting objects:  87% (6899/7929)   \u001b[K\nremote: Counting objects:  88% (6978/7929)   \u001b[K\nremote: Counting objects:  89% (7057/7929)   \u001b[K\nremote: Counting objects:  90% (7137/7929)   \u001b[K\nremote: Counting objects:  91% (7216/7929)   \u001b[K\nremote: Counting objects:  92% (7295/7929)   \u001b[K\nremote: Counting objects:  93% (7374/7929)   \u001b[K\nremote: Counting objects:  94% (7454/7929)   \u001b[K\nremote: Counting objects:  95% (7533/7929)   \u001b[K\nremote: Counting objects:  96% (7612/7929)   \u001b[K\nremote: Counting objects:  97% (7692/7929)   \u001b[K\nremote: Counting objects:  98% (7771/7929)   \u001b[K\nremote: Counting objects:  99% (7850/7929)   \u001b[K\nremote: Counting objects: 100% (7929/7929)   \u001b[K\nremote: Counting objects: 100% (7929/7929), done.\u001b[K\nremote: Compressing objects:   0% (1/6215)   \u001b[K\nremote: Compressing objects:   1% (63/6215)   \u001b[K\nremote: Compressing objects:   2% (125/6215)   \u001b[K\nremote: Compressing objects:   3% (187/6215)   \u001b[K\nremote: Compressing objects:   4% (249/6215)   \u001b[K\nremote: Compressing objects:   5% (311/6215)   \u001b[K\nremote: Compressing objects:   6% (373/6215)   \u001b[K\nremote: Compressing objects:   7% (436/6215)   \u001b[K\nremote: Compressing objects:   8% (498/6215)   \u001b[K\nremote: Compressing objects:   9% (560/6215)   \u001b[K\nremote: Compressing objects:  10% (622/6215)   \u001b[K\nremote: Compressing objects:  11% (684/6215)   \u001b[K\nremote: Compressing objects:  12% (746/6215)   \u001b[K\nremote: Compressing objects:  13% (808/6215)   \u001b[K\nremote: Compressing objects:  14% (871/6215)   \u001b[K\nremote: Compressing objects:  15% (933/6215)   \u001b[K\nremote: Compressing objects:  16% (995/6215)   \u001b[K\nremote: Compressing objects:  17% (1057/6215)   \u001b[K\nremote: Compressing objects:  18% (1119/6215)   \u001b[K\nremote: Compressing objects:  19% (1181/6215)   \u001b[K\nremote: Compressing objects:  20% (1243/6215)   \u001b[K\nremote: Compressing objects:  21% (1306/6215)   \u001b[K\nremote: Compressing objects:  22% (1368/6215)   \u001b[K\nremote: Compressing objects:  23% (1430/6215)   \u001b[K\nremote: Compressing objects:  24% (1492/6215)   \u001b[K\nremote: Compressing objects:  25% (1554/6215)   \u001b[K\nremote: Compressing objects:  26% (1616/6215)   \u001b[K\nremote: Compressing objects:  27% (1679/6215)   \u001b[K\nremote: Compressing objects:  28% (1741/6215)   \u001b[K\nremote: Compressing objects:  29% (1803/6215)   \u001b[K\nremote: Compressing objects:  30% (1865/6215)   \u001b[K\nremote: Compressing objects:  31% (1927/6215)   \u001b[K\nremote: Compressing objects:  32% (1989/6215)   \u001b[K\nremote: Compressing objects:  33% (2051/6215)   \u001b[K\nremote: Compressing objects:  34% (2114/6215)   \u001b[K\nremote: Compressing objects:  35% (2176/6215)   \u001b[K\nremote: Compressing objects:  36% (2238/6215)   \u001b[K\nremote: Compressing objects:  37% (2300/6215)   \u001b[K\nremote: Compressing objects:  38% (2362/6215)   \u001b[K\nremote: Compressing objects:  39% (2424/6215)   \u001b[K\nremote: Compressing objects:  40% (2486/6215)   \u001b[K\nremote: Compressing objects:  41% (2549/6215)   \u001b[K\nremote: Compressing objects:  42% (2611/6215)   \u001b[K\nremote: Compressing objects:  43% (2673/6215)   \u001b[K\nremote: Compressing objects:  44% (2735/6215)   \u001b[K\nremote: Compressing objects:  45% (2797/6215)   \u001b[K\nremote: Compressing objects:  46% (2859/6215)   \u001b[K\nremote: Compressing objects:  47% (2922/6215)   \u001b[K\nremote: Compressing objects:  48% (2984/6215)   \u001b[K\nremote: Compressing objects:  49% (3046/6215)   \u001b[K\nremote: Compressing objects:  50% (3108/6215)   \u001b[K\nremote: Compressing objects:  51% (3170/6215)   \u001b[K\nremote: Compressing objects:  52% (3232/6215)   \u001b[K\nremote: Compressing objects:  53% (3294/6215)   \u001b[K\nremote: Compressing objects:  54% (3357/6215)   \u001b[K\nremote: Compressing objects:  55% (3419/6215)   \u001b[K\nremote: Compressing objects:  56% (3481/6215)   \u001b[K\nremote: Compressing objects:  57% (3543/6215)   \u001b[K\nremote: Compressing objects:  58% (3605/6215)   \u001b[K\nremote: Compressing objects:  59% (3667/6215)   \u001b[K\nremote: Compressing objects:  60% (3729/6215)   \u001b[K\nremote: Compressing objects:  61% (3792/6215)   \u001b[K\nremote: Compressing objects:  62% (3854/6215)   \u001b[K\nremote: Compressing objects:  63% (3916/6215)   \u001b[K\nremote: Compressing objects:  64% (3978/6215)   \u001b[K\nremote: Compressing objects:  65% (4040/6215)   \u001b[K\nremote: Compressing objects:  66% (4102/6215)   \u001b[K\nremote: Compressing objects:  67% (4165/6215)   \u001b[K\nremote: Compressing objects:  68% (4227/6215)   \u001b[K\nremote: Compressing objects:  69% (4289/6215)   \u001b[K\nremote: Compressing objects:  70% (4351/6215)   \u001b[K\nremote: Compressing objects:  71% (4413/6215)   \u001b[K\nremote: Compressing objects:  72% (4475/6215)   \u001b[K\nremote: Compressing objects:  73% (4537/6215)   \u001b[K\nremote: Compressing objects:  74% (4600/6215)   \u001b[K\nremote: Compressing objects:  75% (4662/6215)   \u001b[K\nremote: Compressing objects:  76% (4724/6215)   \u001b[K\nremote: Compressing objects:  77% (4786/6215)   \u001b[K\nremote: Compressing objects:  78% (4848/6215)   \u001b[K\nremote: Compressing objects:  79% (4910/6215)   \u001b[K\nremote: Compressing objects:  80% (4972/6215)   \u001b[K\nremote: Compressing objects:  81% (5035/6215)   \u001b[K\nremote: Compressing objects:  82% (5097/6215)   \u001b[K\nremote: Compressing objects:  83% (5159/6215)   \u001b[K\nremote: Compressing objects:  84% (5221/6215)   \u001b[K\nremote: Compressing objects:  85% (5283/6215)   \u001b[K\nremote: Compressing objects:  86% (5345/6215)   \u001b[K\nremote: Compressing objects:  87% (5408/6215)   \u001b[K\nremote: Compressing objects:  88% (5470/6215)   \u001b[K\nremote: Compressing objects:  89% (5532/6215)   \u001b[K\nremote: Compressing objects:  90% (5594/6215)   \u001b[K\nremote: Compressing objects:  91% (5656/6215)   \u001b[K\nremote: Compressing objects:  92% (5718/6215)   \u001b[K\nremote: Compressing objects:  93% (5780/6215)   \u001b[K\nremote: Compressing objects:  94% (5843/6215)   \u001b[K\nremote: Compressing objects:  95% (5905/6215)   \u001b[K\nremote: Compressing objects:  96% (5967/6215)   \u001b[K\nremote: Compressing objects:  97% (6029/6215)   \u001b[K\nremote: Compressing objects:  98% (6091/6215)   \u001b[K\nremote: Compressing objects:  99% (6153/6215)   \u001b[K\nremote: Compressing objects: 100% (6215/6215)   \u001b[K\nremote: Compressing objects: 100% (6215/6215), done.\u001b[K\nReceiving objects:   0% (1/7929)   \nReceiving objects:   1% (80/7929)   \nReceiving objects:   2% (159/7929)   \nReceiving objects:   3% (238/7929)   \nReceiving objects:   4% (318/7929)   \nReceiving objects:   5% (397/7929)   \nReceiving objects:   6% (476/7929)   \nReceiving objects:   7% (556/7929)   \nReceiving objects:   8% (635/7929)   \nReceiving objects:   9% (714/7929)   \nReceiving objects:  10% (793/7929)   \nReceiving objects:  11% (873/7929)   \nReceiving objects:  12% (952/7929)   \nReceiving objects:  13% (1031/7929)   \nReceiving objects:  14% (1111/7929)   \nReceiving objects:  15% (1190/7929)   \nReceiving objects:  16% (1269/7929)   \nReceiving objects:  17% (1348/7929)   \nReceiving objects:  18% (1428/7929)   \nReceiving objects:  19% (1507/7929)   \nReceiving objects:  20% (1586/7929)   \nReceiving objects:  21% (1666/7929)   \nReceiving objects:  22% (1745/7929)   \nReceiving objects:  23% (1824/7929)   \nReceiving objects:  24% (1903/7929)   \nReceiving objects:  25% (1983/7929)   \nReceiving objects:  26% (2062/7929)   \nReceiving objects:  27% (2141/7929)   \nReceiving objects:  28% (2221/7929)   \nReceiving objects:  29% (2300/7929)   \nReceiving objects:  30% (2379/7929)   \nReceiving objects:  31% (2458/7929)   \nReceiving objects:  32% (2538/7929)   \nReceiving objects:  33% (2617/7929)   \nReceiving objects:  34% (2696/7929)   \nReceiving objects:  35% (2776/7929)   \nReceiving objects:  36% (2855/7929)   \nReceiving objects:  37% (2934/7929)   \nReceiving objects:  38% (3014/7929)   \nReceiving objects:  39% (3093/7929)   \nReceiving objects:  40% (3172/7929)   \nReceiving objects:  41% (3251/7929)   \nReceiving objects:  42% (3331/7929)   \nReceiving objects:  43% (3410/7929)   \nReceiving objects:  44% (3489/7929)   \nReceiving objects:  45% (3569/7929), 10.19 MiB | 20.37 MiB/s   \nReceiving objects:  46% (3648/7929), 10.19 MiB | 20.37 MiB/s   \nReceiving objects:  47% (3727/7929), 10.19 MiB | 20.37 MiB/s   \nReceiving objects:  48% (3806/7929), 10.19 MiB | 20.37 MiB/s   \nReceiving objects:  49% (3886/7929), 10.19 MiB | 20.37 MiB/s   \nReceiving objects:  50% (3965/7929), 10.19 MiB | 20.37 MiB/s   \nReceiving objects:  51% (4044/7929), 10.19 MiB | 20.37 MiB/s   \nReceiving objects:  52% (4124/7929), 10.19 MiB | 20.37 MiB/s   \nReceiving objects:  53% (4203/7929), 10.19 MiB | 20.37 MiB/s   \nReceiving objects:  54% (4282/7929), 10.19 MiB | 20.37 MiB/s   \nReceiving objects:  55% (4361/7929), 10.19 MiB | 20.37 MiB/s   \nReceiving objects:  56% (4441/7929), 10.19 MiB | 20.37 MiB/s   \nReceiving objects:  57% (4520/7929), 10.19 MiB | 20.37 MiB/s   \nReceiving objects:  58% (4599/7929), 10.19 MiB | 20.37 MiB/s   \nReceiving objects:  59% (4679/7929), 10.19 MiB | 20.37 MiB/s   \nReceiving objects:  60% (4758/7929), 10.19 MiB | 20.37 MiB/s   \nReceiving objects:  61% (4837/7929), 10.19 MiB | 20.37 MiB/s   \nReceiving objects:  62% (4916/7929), 10.19 MiB | 20.37 MiB/s   \nReceiving objects:  63% (4996/7929), 10.19 MiB | 20.37 MiB/s   \nReceiving objects:  64% (5075/7929), 10.19 MiB | 20.37 MiB/s   \nReceiving objects:  65% (5154/7929), 10.19 MiB | 20.37 MiB/s   \nReceiving objects:  66% (5234/7929), 10.19 MiB | 20.37 MiB/s   \nReceiving objects:  67% (5313/7929), 10.19 MiB | 20.37 MiB/s   \nReceiving objects:  68% (5392/7929), 10.19 MiB | 20.37 MiB/s   \nReceiving objects:  69% (5472/7929), 10.19 MiB | 20.37 MiB/s   \nReceiving objects:  70% (5551/7929), 10.19 MiB | 20.37 MiB/s   \nReceiving objects:  71% (5630/7929), 10.19 MiB | 20.37 MiB/s   \nReceiving objects:  72% (5709/7929), 10.19 MiB | 20.37 MiB/s   \nReceiving objects:  73% (5789/7929), 10.19 MiB | 20.37 MiB/s   \nReceiving objects:  74% (5868/7929), 10.19 MiB | 20.37 MiB/s   \nReceiving objects:  75% (5947/7929), 10.19 MiB | 20.37 MiB/s   \nReceiving objects:  76% (6027/7929), 10.19 MiB | 20.37 MiB/s   \nReceiving objects:  77% (6106/7929), 10.19 MiB | 20.37 MiB/s   \nReceiving objects:  78% (6185/7929), 10.19 MiB | 20.37 MiB/s   \nReceiving objects:  79% (6264/7929), 10.19 MiB | 20.37 MiB/s   \nReceiving objects:  80% (6344/7929), 10.19 MiB | 20.37 MiB/s   \nReceiving objects:  81% (6423/7929), 10.19 MiB | 20.37 MiB/s   \nReceiving objects:  82% (6502/7929), 10.19 MiB | 20.37 MiB/s   \nReceiving objects:  83% (6582/7929), 10.19 MiB | 20.37 MiB/s   \nReceiving objects:  84% (6661/7929), 10.19 MiB | 20.37 MiB/s   \nReceiving objects:  85% (6740/7929), 10.19 MiB | 20.37 MiB/s   \nReceiving objects:  86% (6819/7929), 10.19 MiB | 20.37 MiB/s   \nReceiving objects:  87% (6899/7929), 10.19 MiB | 20.37 MiB/s   \nReceiving objects:  88% (6978/7929), 10.19 MiB | 20.37 MiB/s   \nReceiving objects:  89% (7057/7929), 10.19 MiB | 20.37 MiB/s   \nReceiving objects:  90% (7137/7929), 10.19 MiB | 20.37 MiB/s   \nReceiving objects:  91% (7216/7929), 10.19 MiB | 20.37 MiB/s   \nReceiving objects:  92% (7295/7929), 10.19 MiB | 20.37 MiB/s   \nReceiving objects:  93% (7374/7929), 10.19 MiB | 20.37 MiB/s   \nReceiving objects:  94% (7454/7929), 10.19 MiB | 20.37 MiB/s   \nReceiving objects:  95% (7533/7929), 10.19 MiB | 20.37 MiB/s   \nReceiving objects:  96% (7612/7929), 10.19 MiB | 20.37 MiB/s   \nReceiving objects:  97% (7692/7929), 10.19 MiB | 20.37 MiB/s   \nReceiving objects:  98% (7771/7929), 10.19 MiB | 20.37 MiB/s   \nReceiving objects:  99% (7850/7929), 10.19 MiB | 20.37 MiB/s   \nremote: Total 7929 (delta 1887), reused 4616 (delta 1335), pack-reused 0\u001b[K\nReceiving objects: 100% (7929/7929), 10.19 MiB | 20.37 MiB/s   \nReceiving objects: 100% (7929/7929), 18.23 MiB | 20.36 MiB/s, done.\nResolving deltas:   0% (0/1887)   \nResolving deltas:   1% (19/1887)   \nResolving deltas:   2% (39/1887)   \nResolving deltas:   3% (57/1887)   \nResolving deltas:   4% (76/1887)   \nResolving deltas:   7% (149/1887)   \nResolving deltas:   8% (160/1887)   \nResolving deltas:   9% (170/1887)   \nResolving deltas:  11% (210/1887)   \nResolving deltas:  12% (243/1887)   \nResolving deltas:  13% (246/1887)   \nResolving deltas:  14% (265/1887)   \nResolving deltas:  15% (284/1887)   \nResolving deltas:  16% (302/1887)   \nResolving deltas:  17% (323/1887)   \nResolving deltas:  18% (340/1887)   \nResolving deltas:  19% (359/1887)   \nResolving deltas:  20% (380/1887)   \nResolving deltas:  21% (403/1887)   \nResolving deltas:  22% (416/1887)   \nResolving deltas:  23% (437/1887)   \nResolving deltas:  24% (458/1887)   \nResolving deltas:  25% (479/1887)   \nResolving deltas:  26% (491/1887)   \nResolving deltas:  27% (524/1887)   \nResolving deltas:  28% (531/1887)   \nResolving deltas:  29% (554/1887)   \nResolving deltas:  30% (569/1887)   \nResolving deltas:  31% (585/1887)   \nResolving deltas:  32% (604/1887)   \nResolving deltas:  33% (623/1887)   \nResolving deltas:  34% (643/1887)   \nResolving deltas:  35% (662/1887)   \nResolving deltas:  36% (680/1887)   \nResolving deltas:  37% (701/1887)   \nResolving deltas:  38% (719/1887)   \nResolving deltas:  39% (738/1887)   \nResolving deltas:  40% (755/1887)   \nResolving deltas:  41% (774/1887)   \nResolving deltas:  42% (795/1887)   \nResolving deltas:  43% (812/1887)   \nResolving deltas:  44% (832/1887)   \nResolving deltas:  45% (851/1887)   \nResolving deltas:  46% (871/1887)   \nResolving deltas:  47% (887/1887)   \nResolving deltas:  49% (930/1887)   \nResolving deltas:  50% (944/1887)   \nResolving deltas:  51% (965/1887)   \nResolving deltas:  52% (983/1887)   \nResolving deltas:  53% (1001/1887)   \nResolving deltas:  54% (1020/1887)   \nResolving deltas:  55% (1049/1887)   \nResolving deltas:  56% (1057/1887)   \nResolving deltas:  57% (1077/1887)   \nResolving deltas:  58% (1099/1887)   \nResolving deltas:  59% (1128/1887)   \nResolving deltas:  60% (1138/1887)   \nResolving deltas:  61% (1153/1887)   \nResolving deltas:  62% (1181/1887)   \nResolving deltas:  63% (1199/1887)   \nResolving deltas:  64% (1208/1887)   \nResolving deltas:  65% (1229/1887)   \nResolving deltas:  66% (1246/1887)   \nResolving deltas:  67% (1267/1887)   \nResolving deltas:  70% (1321/1887)   \nResolving deltas:  73% (1393/1887)   \nResolving deltas:  75% (1431/1887)   \nResolving deltas:  76% (1436/1887)   \nResolving deltas:  77% (1453/1887)   \nResolving deltas:  78% (1472/1887)   \nResolving deltas:  79% (1491/1887)   \nResolving deltas:  80% (1514/1887)   \nResolving deltas:  81% (1529/1887)   \nResolving deltas:  82% (1551/1887)   \nResolving deltas:  83% (1568/1887)   \nResolving deltas:  84% (1586/1887)   \nResolving deltas:  85% (1607/1887)   \nResolving deltas:  86% (1623/1887)   \nResolving deltas:  87% (1642/1887)   \nResolving deltas:  88% (1661/1887)   \nResolving deltas:  89% (1680/1887)   \nResolving deltas:  90% (1701/1887)   \nResolving deltas:  91% (1718/1887)   \nResolving deltas:  92% (1738/1887)   \nResolving deltas:  93% (1757/1887)   \nResolving deltas:  94% (1774/1887)   \nResolving deltas:  95% (1793/1887)   \nResolving deltas:  96% (1815/1887)   \nResolving deltas:  97% (1832/1887)   \nResolving deltas:  98% (1850/1887)   \nResolving deltas:  99% (1869/1887)   \nResolving deltas: 100% (1887/1887)   \nResolving deltas: 100% (1887/1887), done.\ntravis_time:end:0726983a:start=1546902125900704261,finish=1546902129925848363,duration=4025144102\n\u001b[0K$ cd angular/angular\ntravis_time:start:22973688\n\u001b[0K$ git fetch origin +refs/pull/27898/merge:\nremote: Enumerating objects: 116, done.\u001b[K\nremote: Counting objects:   1% (1/95)   \u001b[K\nremote: Counting objects:   2% (2/95)   \u001b[K\nremote: Counting objects:   3% (3/95)   \u001b[K\nremote: Counting objects:   4% (4/95)   \u001b[K\nremote: Counting objects:   5% (5/95)   \u001b[K\nremote: Counting objects:   6% (6/95)   \u001b[K\nremote: Counting objects:   7% (7/95)   \u001b[K\nremote: Counting objects:   8% (8/95)   \u001b[K\nremote: Counting objects:   9% (9/95)   \u001b[K\nremote: Counting objects:  10% (10/95)   \u001b[K\nremote: Counting objects:  11% (11/95)   \u001b[K\nremote: Counting objects:  12% (12/95)   \u001b[K\nremote: Counting objects:  13% (13/95)   \u001b[K\nremote: Counting objects:  14% (14/95)   \u001b[K\nremote: Counting objects:  15% (15/95)   \u001b[K\nremote: Counting objects:  16% (16/95)   \u001b[K\nremote: Counting objects:  17% (17/95)   \u001b[K\nremote: Counting objects:  18% (18/95)   \u001b[K\nremote: Counting objects:  20% (19/95)   \u001b[K\nremote: Counting objects:  21% (20/95)   \u001b[K\nremote: Counting objects:  22% (21/95)   \u001b[K\nremote: Counting objects:  23% (22/95)   \u001b[K\nremote: Counting objects:  24% (23/95)   \u001b[K\nremote: Counting objects:  25% (24/95)   \u001b[K\nremote: Counting objects:  26% (25/95)   \u001b[K\nremote: Counting objects:  27% (26/95)   \u001b[K\nremote: Counting objects:  28% (27/95)   \u001b[K\nremote: Counting objects:  29% (28/95)   \u001b[K\nremote: Counting objects:  30% (29/95)   \u001b[K\nremote: Counting objects:  31% (30/95)   \u001b[K\nremote: Counting objects:  32% (31/95)   \u001b[K\nremote: Counting objects:  33% (32/95)   \u001b[K\nremote: Counting objects:  34% (33/95)   \u001b[K\nremote: Counting objects:  35% (34/95)   \u001b[K\nremote: Counting objects:  36% (35/95)   \u001b[K\nremote: Counting objects:  37% (36/95)   \u001b[K\nremote: Counting objects:  38% (37/95)   \u001b[K\nremote: Counting objects:  40% (38/95)   \u001b[K\nremote: Counting objects:  41% (39/95)   \u001b[K\nremote: Counting objects:  42% (40/95)   \u001b[K\nremote: Counting objects:  43% (41/95)   \u001b[K\nremote: Counting objects:  44% (42/95)   \u001b[K\nremote: Counting objects:  45% (43/95)   \u001b[K\nremote: Counting objects:  46% (44/95)   \u001b[K\nremote: Counting objects:  47% (45/95)   \u001b[K\nremote: Counting objects:  48% (46/95)   \u001b[K\nremote: Counting objects:  49% (47/95)   \u001b[K\nremote: Counting objects:  50% (48/95)   \u001b[K\nremote: Counting objects:  51% (49/95)   \u001b[K\nremote: Counting objects:  52% (50/95)   \u001b[K\nremote: Counting objects:  53% (51/95)   \u001b[K\nremote: Counting objects:  54% (52/95)   \u001b[K\nremote: Counting objects:  55% (53/95)   \u001b[K\nremote: Counting objects:  56% (54/95)   \u001b[K\nremote: Counting objects:  57% (55/95)   \u001b[K\nremote: Counting objects:  58% (56/95)   \u001b[K\nremote: Counting objects:  60% (57/95)   \u001b[K\nremote: Counting objects:  61% (58/95)   \u001b[K\nremote: Counting objects:  62% (59/95)   \u001b[K\nremote: Counting objects:  63% (60/95)   \u001b[K\nremote: Counting objects:  64% (61/95)   \u001b[K\nremote: Counting objects:  65% (62/95)   \u001b[K\nremote: Counting objects:  66% (63/95)   \u001b[K\nremote: Counting objects:  67% (64/95)   \u001b[K\nremote: Counting objects:  68% (65/95)   \u001b[K\nremote: Counting objects:  69% (66/95)   \u001b[K\nremote: Counting objects:  70% (67/95)   \u001b[K\nremote: Counting objects:  71% (68/95)   \u001b[K\nremote: Counting objects:  72% (69/95)   \u001b[K\nremote: Counting objects:  73% (70/95)   \u001b[K\nremote: Counting objects:  74% (71/95)   \u001b[K\nremote: Counting objects:  75% (72/95)   \u001b[K\nremote: Counting objects:  76% (73/95)   \u001b[K\nremote: Counting objects:  77% (74/95)   \u001b[K\nremote: Counting objects:  78% (75/95)   \u001b[K\nremote: Counting objects:  80% (76/95)   \u001b[K\nremote: Counting objects:  81% (77/95)   \u001b[K\nremote: Counting objects:  82% (78/95)   \u001b[K\nremote: Counting objects:  83% (79/95)   \u001b[K\nremote: Counting objects:  84% (80/95)   \u001b[K\nremote: Counting objects:  85% (81/95)   \u001b[K\nremote: Counting objects:  86% (82/95)   \u001b[K\nremote: Counting objects:  87% (83/95)   \u001b[K\nremote: Counting objects:  88% (84/95)   \u001b[K\nremote: Counting objects:  89% (85/95)   \u001b[K\nremote: Counting objects:  90% (86/95)   \u001b[K\nremote: Counting objects:  91% (87/95)   \u001b[K\nremote: Counting objects:  92% (88/95)   \u001b[K\nremote: Counting objects:  93% (89/95)   \u001b[K\nremote: Counting objects:  94% (90/95)   \u001b[K\nremote: Counting objects:  95% (91/95)   \u001b[K\nremote: Counting objects:  96% (92/95)   \u001b[K\nremote: Counting objects:  97% (93/95)   \u001b[K\nremote: Counting objects:  98% (94/95)   \u001b[K\nremote: Counting objects: 100% (95/95)   \u001b[K\nremote: Counting objects: 100% (95/95), done.\u001b[K\nremote: Compressing objects:   3% (1/32)   \u001b[K\nremote: Compressing objects:   6% (2/32)   \u001b[K\nremote: Compressing objects:   9% (3/32)   \u001b[K\nremote: Compressing objects:  12% (4/32)   \u001b[K\nremote: Compressing objects:  15% (5/32)   \u001b[K\nremote: Compressing objects:  18% (6/32)   \u001b[K\nremote: Compressing objects:  21% (7/32)   \u001b[K\nremote: Compressing objects:  25% (8/32)   \u001b[K\nremote: Compressing objects:  28% (9/32)   \u001b[K\nremote: Compressing objects:  31% (10/32)   \u001b[K\nremote: Compressing objects:  34% (11/32)   \u001b[K\nremote: Compressing objects:  37% (12/32)   \u001b[K\nremote: Compressing objects:  40% (13/32)   \u001b[K\nremote: Compressing objects:  43% (14/32)   \u001b[K\nremote: Compressing objects:  46% (15/32)   \u001b[K\nremote: Compressing objects:  50% (16/32)   \u001b[K\nremote: Compressing objects:  53% (17/32)   \u001b[K\nremote: Compressing objects:  56% (18/32)   \u001b[K\nremote: Compressing objects:  59% (19/32)   \u001b[K\nremote: Compressing objects:  62% (20/32)   \u001b[K\nremote: Compressing objects:  65% (21/32)   \u001b[K\nremote: Compressing objects:  68% (22/32)   \u001b[K\nremote: Compressing objects:  71% (23/32)   \u001b[K\nremote: Compressing objects:  75% (24/32)   \u001b[K\nremote: Compressing objects:  78% (25/32)   \u001b[K\nremote: Compressing objects:  81% (26/32)   \u001b[K\nremote: Compressing objects:  84% (27/32)   \u001b[K\nremote: Compressing objects:  87% (28/32)   \u001b[K\nremote: Compressing objects:  90% (29/32)   \u001b[K\nremote: Compressing objects:  93% (30/32)   \u001b[K\nremote: Compressing objects:  96% (31/32)   \u001b[K\nremote: Compressing objects: 100% (32/32)   \u001b[K\nremote: Compressing objects: 100% (32/32), done.\u001b[K\nremote: Total 68 (delta 55), reused 48 (delta 36), pack-reused 0\u001b[K\nUnpacking objects:   1% (1/68)   \nUnpacking objects:   2% (2/68)   \nUnpacking objects:   4% (3/68)   \nUnpacking objects:   5% (4/68)   \nUnpacking objects:   7% (5/68)   \nUnpacking objects:   8% (6/68)   \nUnpacking objects:  10% (7/68)   \nUnpacking objects:  11% (8/68)   \nUnpacking objects:  13% (9/68)   \nUnpacking objects:  14% (10/68)   \nUnpacking objects:  16% (11/68)   \nUnpacking objects:  17% (12/68)   \nUnpacking objects:  19% (13/68)   \nUnpacking objects:  20% (14/68)   \nUnpacking objects:  22% (15/68)   \nUnpacking objects:  23% (16/68)   \nUnpacking objects:  25% (17/68)   \nUnpacking objects:  26% (18/68)   \nUnpacking objects:  27% (19/68)   \nUnpacking objects:  29% (20/68)   \nUnpacking objects:  30% (21/68)   \nUnpacking objects:  32% (22/68)   \nUnpacking objects:  33% (23/68)   \nUnpacking objects:  35% (24/68)   \nUnpacking objects:  36% (25/68)   \nUnpacking objects:  38% (26/68)   \nUnpacking objects:  39% (27/68)   \nUnpacking objects:  41% (28/68)   \nUnpacking objects:  42% (29/68)   \nUnpacking objects:  44% (30/68)   \nUnpacking objects:  45% (31/68)   \nUnpacking objects:  47% (32/68)   \nUnpacking objects:  48% (33/68)   \nUnpacking objects:  50% (34/68)   \nUnpacking objects:  51% (35/68)   \nUnpacking objects:  52% (36/68)   \nUnpacking objects:  54% (37/68)   \nUnpacking objects:  55% (38/68)   \nUnpacking objects:  57% (39/68)   \nUnpacking objects:  58% (40/68)   \nUnpacking objects:  60% (41/68)   \nUnpacking objects:  61% (42/68)   \nUnpacking objects:  63% (43/68)   \nUnpacking objects:  64% (44/68)   \nUnpacking objects:  66% (45/68)   \nUnpacking objects:  67% (46/68)   \nUnpacking objects:  69% (47/68)   \nUnpacking objects:  70% (48/68)   \nUnpacking objects:  72% (49/68)   \nUnpacking objects:  73% (50/68)   \nUnpacking objects:  75% (51/68)   \nUnpacking objects:  76% (52/68)   \nUnpacking objects:  77% (53/68)   \nUnpacking objects:  79% (54/68)   \nUnpacking objects:  80% (55/68)   \nUnpacking objects:  82% (56/68)   \nUnpacking objects:  83% (57/68)   \nUnpacking objects:  85% (58/68)   \nUnpacking objects:  86% (59/68)   \nUnpacking objects:  88% (60/68)   \nUnpacking objects:  89% (61/68)   \nUnpacking objects:  91% (62/68)   \nUnpacking objects:  92% (63/68)   \nUnpacking objects:  94% (64/68)   \nUnpacking objects:  95% (65/68)   \nUnpacking objects:  97% (66/68)   \nUnpacking objects:  98% (67/68)   \nUnpacking objects: 100% (68/68)   \nUnpacking objects: 100% (68/68), done.\nFrom https://github.com/angular/angular\n * branch            refs/pull/27898/merge -> FETCH_HEAD\ntravis_time:end:22973688:start=1546902129929498364,finish=1546902131423784732,duration=1494286368\n\u001b[0K$ git checkout -qf FETCH_HEAD\ntravis_fold:end:git.checkout\n\u001b[0K\n\n\u001b[33;1mSetting environment variables from .travis.yml\u001b[0m\n$ export CI_MODE=saucelabs_required\n\ntravis_fold:start:nvm.install\n\u001b[0Ktravis_time:start:01d26074\n\u001b[0K$ nvm install 10.9.0\nDownloading and installing node v10.9.0...\nDownloading https://nodejs.org/dist/v10.9.0/node-v10.9.0-linux-x64.tar.xz...\nComputing checksum with sha256sum\nChecksums matched!\nNow using node v10.9.0 (npm v6.2.0)\ntravis_time:end:01d26074:start=1546902133041546813,finish=1546902135977169932,duration=2935623119\n\u001b[0Ktravis_fold:end:nvm.install\n\u001b[0K\ntravis_fold:start:install.yarn\n\u001b[0Ktravis_fold:end:install.yarn\n\u001b[0Ktravis_fold:start:cache.1\n\u001b[0KSetting up build cache\n$ export CASHER_DIR=${TRAVIS_HOME}/.casher\ntravis_time:start:2bb6235e\n\u001b[0K$ Installing caching utilities\ntravis_time:end:2bb6235e:start=1546902140362278410,finish=1546902140538031308,duration=175752898\n\u001b[0Ktravis_time:start:01afb7ab\n\u001b[0Ktravis_time:end:01afb7ab:start=1546902140542645232,finish=1546902140545178082,duration=2532850\n\u001b[0Ktravis_time:start:1e138f20\n\u001b[0K\u001b[32;1mattempting to download cache archive\u001b[0m\n\u001b[32;1mfetching PR.27898/cache-linux-trusty-71eed56ccc795742ce11420618580c0568e9fddd0675e5bf95d37ff156fdd3c7--node-10.9.0.tgz\u001b[0m\n\u001b[32;1mfetching PR.27898/cache--node-10.9.0.tgz\u001b[0m\n\u001b[32;1mfetching master/cache-linux-trusty-71eed56ccc795742ce11420618580c0568e9fddd0675e5bf95d37ff156fdd3c7--node-10.9.0.tgz\u001b[0m\n\u001b[32;1mfound cache\u001b[0m\ntravis_time:end:1e138f20:start=1546902140548386045,finish=1546902155613782515,duration=15065396470\n\u001b[0Ktravis_time:start:01ee7e8b\n\u001b[0Ktravis_time:end:01ee7e8b:start=1546902155617800825,finish=1546902155620500793,duration=2699968\n\u001b[0Ktravis_time:start:0226988a\n\u001b[0K\u001b[32;1madding /home/travis/build/angular/angular/node_modules to cache\u001b[0m\n\u001b[32;1mcreating directory /home/travis/build/angular/angular/node_modules\u001b[0m\n\u001b[32;1madding /home/travis/build/angular/angular/.chrome/chromium to cache\u001b[0m\n\u001b[32;1mcreating directory /home/travis/build/angular/angular/.chrome/chromium\u001b[0m\n\u001b[32;1madding /home/travis/build/angular/angular/aio/node_modules to cache\u001b[0m\n\u001b[32;1mcreating directory /home/travis/build/angular/angular/aio/node_modules\u001b[0m\ntravis_time:end:0226988a:start=1546902155623841433,finish=1546902198960624885,duration=43336783452\n\u001b[0Ktravis_fold:end:cache.1\n\u001b[0K\ntravis_fold:start:cache.yarn\n\u001b[0K\ntravis_time:start:162862e0\n\u001b[0Ktravis_time:end:162862e0:start=1546902198965647897,finish=1546902198968666263,duration=3018366\n\u001b[0Ktravis_time:start:070bdf37\n\u001b[0K\u001b[32;1madding /home/travis/.cache/yarn to cache\u001b[0m\ntravis_time:end:070bdf37:start=1546902198972512689,finish=1546902273636642077,duration=74664129388\n\u001b[0Ktravis_fold:end:cache.yarn\n\u001b[0K$ node --version\nv10.9.0\n$ npm --version\n6.2.0\n$ nvm --version\n0.33.11\n$ yarn --version\n1.3.2\n\ntravis_fold:start:before_install\n\u001b[0Ktravis_time:start:1867bc98\n\u001b[0K$ source ./scripts/ci/env.sh print\nGNU bash, version 4.3.11(1)-release (x86_64-pc-linux-gnu)\nCopyright (C) 2013 Free Software Foundation, Inc.\nLicense GPLv3+: GNU GPL version 3 or later <http://gnu.org/licenses/gpl.html>\n\nThis is free software; you are free to change and redistribute it.\nThere is NO WARRANTY, to the extent permitted by law.\nNODE_VERSION=10.9.0\nYARN_VERSION=1.12.1\nCHROMIUM_VERSION=561733\nCHROMEDRIVER_VERSION_ARG=--versions.chrome 2.41\nSAUCE_CONNECT_VERSION=4.5.2\nANGULAR_CLI_VERSION=1.6.3\nCI_AIO_MIN_PWA_SCORE=95\nCI_BRANCH=master\nCI_COMMIT=6179fccbc2cc6a23c54b8eee37c5673baa0ffec3\nCI_COMMIT_RANGE=51a0bd2e75fd79697b11dd5ab40d01ca526e008c...4a2687b8c377a2b10cf42e8ece9326156265e59a\nCI_PULL_REQUEST=27898\nPROJECT_ROOT=/home/travis/build/angular/angular\nKARMA_JS_BROWSERS=SL_CHROME,SL_FIREFOX,SL_CHROMEBETA,SL_IE10,SL_IE11,SL_ANDROID6,SL_ANDROID7\nDISPLAY=:99.0\nCXX=g++-4.8\nSAUCE_USERNAME=angular-ci\nBROWSER_STACK_USERNAME=angularteam1\nCHROME_BIN=/home/travis/.chrome/chromium/chrome-linux/chrome\nBROWSER_PROVIDER_READY_FILE=/tmp/angular-build/browser-provider-tunnel-init.lock\nPATH=/home/travis/.yarn/bin:/home/travis/.rvm/gems/ruby-2.4.1/bin:/home/travis/.rvm/gems/ruby-2.4.1@global/bin:/home/travis/.rvm/rubies/ruby-2.4.1/bin:/home/travis/.rvm/bin:./node_modules/.bin:/home/travis/bin:/home/travis/.local/bin:/opt/pyenv/shims:/home/travis/.phpenv/shims:/home/travis/perl5/perlbrew/bin:/home/travis/.nvm/versions/node/v10.9.0/bin:/home/travis/.kiex/elixirs/elixir-1.4.5/bin:/home/travis/.kiex/bin:/home/travis/gopath/bin:/home/travis/.gimme/versions/go1.7.4.linux.amd64/bin:/usr/local/phantomjs/bin:/usr/local/phantomjs:/usr/local/neo4j-3.2.7/bin:/usr/local/maven-3.5.2/bin:/usr/local/cmake-3.9.2/bin:/usr/local/clang-5.0.0/bin:/usr/local/sbin:/usr/local/bin:/usr/sbin:/usr/bin:/sbin:/bin:/home/travis/.phpenv/bin:/opt/pyenv/bin:/home/travis/.yarn/bin\nNODE_PATH=:/home/travis/build/angular/angular/dist/all:/home/travis/build/angular/angular/dist/tools\nLOGS_DIR=/tmp/angular-build/logs\nPS4=+(${CURRENT_SHELL_SOURCE_FILE}:${LINENO}): ${FUNCNAME[0]:+${FUNCNAME[0]}(): }\ntravis_time:end:1867bc98:start=1546902277728908009,finish=1546902277813779880,duration=84871871\n\u001b[0Ktravis_fold:end:before_install\n\u001b[0Ktravis_fold:start:install\n\u001b[0Ktravis_time:start:1c03840c\n\u001b[0K$ ./scripts/ci/install.sh\n\ntravis_fold:start:scripts--ci--install.sh----install-yarn\ntravis_time:start:scripts--ci--install.sh----install-yarn\n===> scripts/ci/install.sh install-yarn ==>==>==>==>==>==>==>==>==>==>==>==>==>==>==>==>==>==>==>\n+(scripts/ci/env.sh:34): main(): curl -o- -L https://yarnpkg.com/install.sh\n+(scripts/ci/env.sh:34): main(): bash -s -- --version 1.12.1\n  % Total    % Received % Xferd  Average Speed   Time    Time     Time  Current\n                                 Dload  Upload   Total   Spent    Left  Speed\n\n  0     0    0     0    0     0      0      0 --:--:-- --:--:-- --:--:--     0\n100  7041    0  7041    0     0  66205      0 --:--:-- --:--:-- --:--:-- 66424\n\u001b[37mInstalling Yarn!\u001b[0m\n/usr/local/bin/yarn\n(node:7118) [DEP0005] DeprecationWarning: Buffer() is deprecated due to security and usability issues. Please use the Buffer.alloc(), Buffer.allocUnsafe(), or Buffer.from() methods instead.\n\u001b[33m> 1.3.2 is already installed, Specified version: 1.12.1.\u001b[0m\n\u001b[36m> Downloading tarball...\u001b[0m\n\n[1/2]: https://yarnpkg.com/downloads/1.12.1/yarn-v1.12.1.tar.gz --> /tmp/yarn.tar.gz.l3UHMh5kDB\n  % Total    % Received % Xferd  Average Speed   Time    Time     Time  Current\n                                 Dload  Upload   Total   Spent    Left  Speed\n\n  0     0    0     0    0     0      0      0 --:--:-- --:--:-- --:--:--     0\n100    93  100    93    0     0    968      0 --:--:-- --:--:-- --:--:--   978\n\n  0     0    0     0    0     0      0      0 --:--:-- --:--:-- --:--:--     0\n  0     0    0   609    0     0   1764      0 --:--:-- --:--:-- --:--:--  5536\n\n100 1123k  100 1123k    0     0  1231k      0 --:--:-- --:--:-- --:--:-- 1231k\n\n[2/2]: https://yarnpkg.com/downloads/1.12.1/yarn-v1.12.1.tar.gz.asc --> /tmp/yarn.tar.gz.l3UHMh5kDB.asc\n\n100    97  100    97    0     0   2247      0 --:--:-- --:--:-- --:--:--  2247\n\n  0     0    0   613    0     0   4891      0 --:--:-- --:--:-- --:--:--  4891\n\n100   832  100   832    0     0   5009      0 --:--:-- --:--:-- --:--:--  5009\n\u001b[36m> Verifying integrity...\u001b[0m\ngpg: key 86E50310: public key \"Yarn Packaging <yarn@dan.cx>\" imported\ngpg: Total number processed: 1\ngpg:               imported: 1  (RSA: 1)\ngpg: Signature made Wed 24 Oct 2018 04:49:46 PM UTC using RSA key ID B6FF4DE3\ngpg: Good signature from \"Yarn Packaging <yarn@dan.cx>\"\ngpg: Note: This key has expired!\nPrimary key fingerprint: 72EC F46A 56B4 AD39 C907  BBB7 1646 B01B 86E5 0310\n     Subkey fingerprint: E219 30C4 D0A4 AA46 1858  1F7A E074 D16E B6FF 4DE3\n\u001b[32m> GPG signature looks good\u001b[0m\n\u001b[36m> Extracting to ~/.yarn...\u001b[0m\n\u001b[36m> Adding to $PATH...\u001b[0m\n\u001b[36m> We've added the following to your /home/travis/.bashrc\n> If this isn't the profile of your current shell then please add the following to your correct profile:\n   \nexport PATH=\"$HOME/.yarn/bin:$HOME/.config/yarn/global/node_modules/.bin:$PATH\"\n\u001b[0m\n\u001b[32m> Successfully installed Yarn 1.12.1! Please open another terminal where the `yarn` command will now be available.\u001b[0m\n+(scripts/ci/env.sh:35): main(): travisFoldEnd install-yarn\n+(scripts/ci/env.sh:31): travisFoldEnd(): set +x\n<=== scripts/ci/install.sh install-yarn <==<==<==<==<==<==<==<==<==<==<==<==<==<==<==<==<==<==<==\n\ntravis_time:end:scripts--ci--install.sh----install-yarn:start=1546902277901696787,finish=1546902281523875619,duration=3622178832\ntravis_fold:end:scripts--ci--install.sh----install-yarn\n\ntravis_fold:start:scripts--ci--install.sh----yarn-install\ntravis_time:start:scripts--ci--install.sh----yarn-install\n===> scripts/ci/install.sh yarn-install ==>==>==>==>==>==>==>==>==>==>==>==>==>==>==>==>==>==>==>\n+(scripts/ci/env.sh:40): main(): node tools/npm/check-node-modules --purge\n:-) npm dependencies are looking good!\n+(scripts/ci/env.sh:40): main(): yarn postinstall\n\u001b[2K\u001b[1G\u001b[1myarn run v1.12.1\u001b[22m\n\u001b[2K\u001b[1G\u001b[2m$ yarn update-webdriver && node --preserve-symlinks --preserve-symlinks-main ./tools/postinstall-patches.js\u001b[22m\n\u001b[2K\u001b[1G\u001b[2m$ webdriver-manager update --gecko false $CHROMEDRIVER_VERSION_ARG\u001b[22m\n[\u001b[90m23:04:42\u001b[39m] I/config_source - curl -o/home/travis/build/angular/angular/node_modules/webdriver-manager/selenium/standalone-response.xml https://selenium-release.storage.googleapis.com/\n[\u001b[90m23:04:42\u001b[39m] I/config_source - curl -o/home/travis/build/angular/angular/node_modules/webdriver-manager/selenium/chrome-response.xml https://chromedriver.storage.googleapis.com/\n[\u001b[90m23:04:43\u001b[39m] I/update - chromedriver: file exists /home/travis/build/angular/angular/node_modules/webdriver-manager/selenium/chromedriver_2.41.zip\n[\u001b[90m23:04:43\u001b[39m] I/update - chromedriver: unzipping chromedriver_2.41.zip\n[\u001b[90m23:04:43\u001b[39m] I/update - chromedriver: setting permissions to 0755 for /home/travis/build/angular/angular/node_modules/webdriver-manager/selenium/chromedriver_2.41\n[\u001b[90m23:04:43\u001b[39m] I/update - chromedriver: chromedriver_2.41 up to date\n[\u001b[90m23:04:43\u001b[39m] I/update - selenium standalone: file exists /home/travis/build/angular/angular/node_modules/webdriver-manager/selenium/selenium-server-standalone-3.141.59.jar\n[\u001b[90m23:04:43\u001b[39m] I/update - selenium standalone: selenium-server-standalone-3.141.59.jar up to date\n\u001b[2K\u001b[1GDone in 1.48s.\n+(scripts/ci/env.sh:41): main(): travisFoldEnd yarn-install\n+(scripts/ci/env.sh:31): travisFoldEnd(): set +x\n<=== scripts/ci/install.sh yarn-install <==<==<==<==<==<==<==<==<==<==<==<==<==<==<==<==<==<==<==\n\ntravis_time:end:scripts--ci--install.sh----yarn-install:start=1546902281527441067,finish=1546902283632928630,duration=2105487563\ntravis_fold:end:scripts--ci--install.sh----yarn-install\n\ntravis_fold:start:scripts--ci--install.sh----install-sauceConnect\ntravis_time:start:scripts--ci--install.sh----install-sauceConnect\n===> scripts/ci/install.sh install-sauceConnect ==>==>==>==>==>==>==>==>==>==>==>==>==>==>==>==>=\n+(scripts/ci/env.sh:70): main(): /home/travis/build/angular/angular/scripts/ci/../sauce/sauce_connect_setup.sh\necho \"Starting Sauce Connect in the background.\"\nStarting Sauce Connect in the background.\nsauce-connect/bin/sc -u $SAUCE_USERNAME -k $SAUCE_ACCESS_KEY $ARGS --logfile $CONNECT_LOG \\\n  > $CONNECT_STDOUT &\nset +v\n+(scripts/ci/env.sh:72): main(): travisFoldEnd install-sauceConnect\n+(scripts/ci/env.sh:31): travisFoldEnd(): set +x\n<=== scripts/ci/install.sh install-sauceConnect <==<==<==<==<==<==<==<==<==<==<==<==<==<==<==<==<\n\ntravis_time:end:scripts--ci--install.sh----install-sauceConnect:start=1546902283636692140,finish=1546902285599537869,duration=1962845729\ntravis_fold:end:scripts--ci--install.sh----install-sauceConnect\n\n<=== scripts/ci/install.sh <==<==<==<==<==<==<==<==<==<==<==<==<==<==<==<==<==<==<==<==<==<==<==<=\n<==<==<==<==<==<==<==<==<==<==<==<==<==<==<==<==<==<==<==<==<==<==<==<==<==<==<==<==<==<==<==<==<===\n\ntravis_time:end:1c03840c:start=1546902277820702092,finish=1546902285612509778,duration=7791807686\n\u001b[0Ktravis_fold:end:install\n\u001b[0Ktravis_time:start:1013a783\n\u001b[0K$ ./scripts/ci/build.sh\n\ntravis_fold:start:scripts--ci--build.sh----tsc--tools\ntravis_time:start:scripts--ci--build.sh----tsc--tools\n===> scripts/ci/build.sh tsc tools ==>==>==>==>==>==>==>==>==>==>==>==>==>==>==>==>==>==>==>==>==\n++(scripts/ci/env.sh:23): main(): npm bin\n+(scripts/ci/env.sh:23): main(): /home/travis/build/angular/angular/node_modules/.bin/tsc -p tools\n++(scripts/ci/env.sh:24): main(): npm bin\n+(scripts/ci/env.sh:24): main(): /home/travis/build/angular/angular/node_modules/.bin/tsc -p packages/compiler/tsconfig-tools.json\n++(scripts/ci/env.sh:25): main(): npm bin\n+(scripts/ci/env.sh:25): main(): /home/travis/build/angular/angular/node_modules/.bin/tsc -p packages/compiler-cli/tsconfig-tools.json\n+(scripts/ci/env.sh:26): main(): travisFoldEnd 'tsc tools'\n+(scripts/ci/env.sh:31): travisFoldEnd(): set +x\n<=== scripts/ci/build.sh tsc tools <==<==<==<==<==<==<==<==<==<==<==<==<==<==<==<==<==<==<==<==<=\n\ntravis_time:end:scripts--ci--build.sh----tsc--tools:start=1546902285624865040,finish=1546902306463184646,duration=20838319606\ntravis_fold:end:scripts--ci--build.sh----tsc--tools\n\ntravis_fold:start:scripts--ci--build.sh----tsc--all\ntravis_time:start:scripts--ci--build.sh----tsc--all\n===> scripts/ci/build.sh tsc all ==>==>==>==>==>==>==>==>==>==>==>==>==>==>==>==>==>==>==>==>==>=\n+(scripts/ci/env.sh:30): main(): node dist/tools/@angular/compiler-cli/src/main -p packages/tsconfig-metadata.json\n++(scripts/ci/env.sh:31): main(): npm bin\n+(scripts/ci/env.sh:31): main(): /home/travis/build/angular/angular/node_modules/.bin/tsc -p packages\n++(scripts/ci/env.sh:32): main(): npm bin\n+(scripts/ci/env.sh:32): main(): /home/travis/build/angular/angular/node_modules/.bin/tsc -p packages/examples\n++(scripts/ci/env.sh:33): main(): npm bin\n+(scripts/ci/env.sh:33): main(): /home/travis/build/angular/angular/node_modules/.bin/tsc -p modules\n+(scripts/ci/env.sh:34): main(): travisFoldEnd 'tsc all'\n+(scripts/ci/env.sh:31): travisFoldEnd(): set +x\n<=== scripts/ci/build.sh tsc all <==<==<==<==<==<==<==<==<==<==<==<==<==<==<==<==<==<==<==<==<==<\n\ntravis_time:end:scripts--ci--build.sh----tsc--all:start=1546902306466764578,finish=1546902400942247852,duration=94475483274\ntravis_fold:end:scripts--ci--build.sh----tsc--all\ntravis_time:end:1013a783:start=1546902285619528886,finish=1546902400948294695,duration=115328765809\n\u001b[0K\u001b[32;1mThe command \"./scripts/ci/build.sh\" exited with 0.\u001b[0m\n\ntravis_time:start:097f36a7\n\u001b[0K$ ./scripts/ci/test.sh\n\ntravis_fold:start:--home--travis--build--angular--angular--scripts--ci--test-saucelabs.sh----test.unit.saucelabs\ntravis_time:start:--home--travis--build--angular--angular--scripts--ci--test-saucelabs.sh----test.unit.saucelabs\n===> /home/travis/build/angular/angular/scripts/ci/test-saucelabs.sh test.unit.saucelabs ==>==>==\n+(scripts/ci/env.sh:11): main(): ./scripts/sauce/sauce_connect_block.sh\nConnecting to Sauce.Connected\n++(scripts/ci/env.sh:12): main(): echo 9b988f434ff8-fbca-8aa4-4ae3-35442987\n++(scripts/ci/env.sh:12): main(): rev\n+(scripts/ci/env.sh:12): main(): SAUCE_ACCESS_KEY=78924453-3ea4-4aa8-acbf-8ff434f889b9\n++(scripts/ci/env.sh:13): main(): npm bin\n+(scripts/ci/env.sh:13): main(): /home/travis/build/angular/angular/node_modules/.bin/karma start ./karma-js.conf.js --single-run --browsers=SL_CHROME,SL_FIREFOX,SL_CHROMEBETA,SL_IE10,SL_IE11,SL_ANDROID6,SL_ANDROID7 --reporters dots,saucelabs\n[karma-js.conf] Jasmine random seed: 28337\n\u001b[33m07 01 2019 23:06:42.706:WARN [watcher]: \u001b[39mPattern \"/home/travis/build/angular/angular/packages/common/i18n/**\" does not match any file.\n\u001b[32m07 01 2019 23:06:44.927:INFO [karma-server]: \u001b[39mKarma v3.1.4 server started at http://0.0.0.0:9876/\n\u001b[32m07 01 2019 23:06:44.928:INFO [launcher]: \u001b[39mLaunching browsers SL_CHROME, SL_FIREFOX, SL_CHROMEBETA, SL_IE10, SL_IE11, SL_ANDROID6, SL_ANDROID7 with concurrency unlimited\n\u001b[32m07 01 2019 23:06:44.932:INFO [launcher]: \u001b[39mStarting browser chrome 67 on SauceLabs\n\u001b[32m07 01 2019 23:06:44.935:INFO [launcher]: \u001b[39mStarting browser firefox 60 on SauceLabs\n\u001b[32m07 01 2019 23:06:44.936:INFO [launcher]: \u001b[39mStarting browser chrome beta on SauceLabs\n\u001b[32m07 01 2019 23:06:44.936:INFO [launcher]: \u001b[39mStarting browser internet explorer 10 (Windows 2012) on SauceLabs\n\u001b[32m07 01 2019 23:06:44.936:INFO [launcher]: \u001b[39mStarting browser internet explorer 11 (Windows 8.1) on SauceLabs\n\u001b[32m07 01 2019 23:06:44.936:INFO [launcher]: \u001b[39mStarting browser Chrome 6.0 (Android) on SauceLabs\n\u001b[32m07 01 2019 23:06:44.937:INFO [launcher]: \u001b[39mStarting browser Chrome 7.1 (Android) on SauceLabs\n\u001b[32m07 01 2019 23:06:51.382:INFO [SaucelabsLauncher]: \u001b[39minternet explorer 10 (Windows 2012) session at https://saucelabs.com/tests/ce7cc4a558c3496e9d7b964dc828c4ca\n\u001b[32m07 01 2019 23:06:51.971:INFO [IE 10.0.0 (Windows 8.0.0)]: \u001b[39mConnected on socket l1Hn1RIMhWO05arzAAAA with id 55153248\n\u001b[32m07 01 2019 23:06:53.626:INFO [SaucelabsLauncher]: \u001b[39minternet explorer 11 (Windows 8.1) session at https://saucelabs.com/tests/cce9de6d4ccc4872a090a3947ac4b0f2\n\u001b[32m07 01 2019 23:06:54.249:INFO [SaucelabsLauncher]: \u001b[39mchrome 67 session at https://saucelabs.com/tests/28fd1b95001e4d17ab66866c36627e01\n\u001b[32m07 01 2019 23:06:54.272:INFO [IE 11.0.0 (Windows 8.1.0.0)]: \u001b[39mConnected on socket WqHCeiXQ8WbTbcwNAAAB with id 86226199\n\u001b[32m07 01 2019 23:06:54.947:INFO [Chrome 67.0.3396 (Windows 7.0.0)]: \u001b[39mConnected on socket Tpah2zREJosP8YJjAAAC with id 40151283\n\u001b[32m07 01 2019 23:06:58.537:INFO [SaucelabsLauncher]: \u001b[39mfirefox 60 session at https://saucelabs.com/tests/c23000be37264b04bf1e92e86481a14d\n\u001b[32m07 01 2019 23:06:59.289:INFO [Firefox 60.0.0 (Windows 7.0.0)]: \u001b[39mConnected on socket 1CBXHIWDkXVZk0kEAAAD with id 57956651\nIE 10.0.0 (Windows 8.0.0) LOG: \u001b[36m'Attempting to configure '__esModule' with descriptor '{\"value\":true}' on object 'undefined' and got error, giving up: TypeError: undefined is not an object!'\u001b[39m\n\u001b[32m07 01 2019 23:07:01.946:INFO [SaucelabsLauncher]: \u001b[39mchrome beta session at https://saucelabs.com/tests/150804f0b95a43f5b593532434d05ac6\n\u001b[32m07 01 2019 23:07:03.098:INFO [Chrome 72.0.3626 (Windows 7.0.0)]: \u001b[39mConnected on socket kefZjwd8mtgwfaLsAAAE with id 98630905\nIE 10.0.0 (Windows 8.0.0) LOG: \u001b[36m'Attempting to configure '__esModule' with descriptor '{\"value\":true}' on object 'undefined' and got error, giving up: TypeError: undefined is not an object!'\u001b[39m\nIE 11.0.0 (Windows 8.1.0.0) LOG: \u001b[36m'Attempting to configure '__esModule' with descriptor '{\"value\":true}' on object 'undefined' and got error, giving up: TypeError: undefined is not an object!'\u001b[39m\nIE 10.0.0 (Windows 8.0.0) LOG: \u001b[36m'Running tests with document renderer...'\u001b[39m\nLOG: \u001b[36m'Attempting to configure '__esModule' with descriptor '{\"value\":true}' on object 'undefined' and got error, giving up: TypeError: undefined is not a non-null object'\u001b[39m\n..................................................\nLOG: \u001b[36m'Attempting to configure '__esModule' with descriptor '{\"value\":true}' on object 'undefined' and got error, giving up: TypeError: undefined is not a non-null object'\u001b[39m\nLOG: \u001b[36m'Running tests with document renderer...'\u001b[39m\n..................................................\nLOG: \u001b[36m'Attempting to configure '__esModule' with descriptor '{\"value\":true}' on object 'undefined' and got error, giving up: TypeError: undefined is not an object!'\u001b[39m\n..................................................\nIE 11.0.0 (Windows 8.1.0.0) LOG: \u001b[36m'Running tests with document renderer...'\u001b[39m\n................................................................................\n....................\nIE 10.0.0 (Windows 8.0.0) WARN: \u001b[36m'Asset-group 'test' in 'ngsw-config.json' uses the 'versionedFiles' option.\nAs of v6 'versionedFiles' and 'files' options have the same behavior. Use 'files' instead.'\u001b[39m\n\u001b[32m07 01 2019 23:07:11.135:INFO [SaucelabsLauncher]: \u001b[39mChrome 7.1 (Android) session at https://saucelabs.com/tests/5cdc031187cf432eb3cf0290cb5a18f6\n................................................\u001b[32m07 01 2019 23:07:11.881:INFO [Chrome Mobile 67.0.3396 (Android 7.1.1)]: \u001b[39mConnected on socket o1HM_BNpgMeVWtNKAAAF with id 40596009\n................................\n................................................................................\n................................................................................\n................................................................................\n...........................\nChrome 67.0.3396 (Windows 7.0.0) LOG: \u001b[36m'Attempting to configure '__esModule' with descriptor '{\"value\":true}' on object 'undefined' and got error, giving up: TypeError: Object.defineProperty called on non-object'\u001b[39m\n................................................................................\n................................................................................\n................................................................................\n.........................................................\nChrome 67.0.3396 (Windows 7.0.0) LOG: \u001b[36m'Attempting to configure '__esModule' with descriptor '{\"value\":true}' on object 'undefined' and got error, giving up: TypeError: Object.defineProperty called on non-object'\u001b[39m\n..................................................\nIE 11.0.0 (Windows 8.1.0.0) WARN: \u001b[36m'trackBy must be a function, but received 0. See https://angular.io/docs/ts/latest/api/common/index/NgFor-directive.html#!#change-propagation for more information.'\u001b[39m\n................................................................................\n....................\nChrome 67.0.3396 (Windows 7.0.0) LOG: \u001b[36m'Running tests with document renderer...'\u001b[39m\n................................................................................\n................................................................................\n................................................................................\n.......\nIE 10.0.0 (Windows 8.0.0) WARN: \u001b[36m'WARNING: sanitizing unsafe URL value javascript:alert(1) (see http://g.co/ng/security#xss)'\u001b[39m\n................................................................................\n....................\u001b[33m07 01 2019 23:07:22.553:WARN [web-server]: \u001b[39m404: /x\n\nIE 10.0.0 (Windows 8.0.0) WARN: \u001b[36m'WARNING: sanitizing unsafe URL value javascript:alert(1) (see http://g.co/ng/security#xss)'\u001b[39m\nIE 10.0.0 (Windows 8.0.0) WARN: \u001b[36m'WARNING: sanitizing unsafe style value url(javascript:evil()) (see http://g.co/ng/security#xss).'\u001b[39m\nIE 10.0.0 (Windows 8.0.0) WARN: \u001b[36m'WARNING: sanitizing unsafe URL value javascript:alert(1) (see http://g.co/ng/security#xss)'\u001b[39m\nIE 10.0.0 (Windows 8.0.0) WARN: \u001b[36m'WARNING: sanitizing HTML stripped some content (see http://g.co/ng/security#xss).'\u001b[39m\nIE 10.0.0 (Windows 8.0.0) WARN: \u001b[36m'WARNING: sanitizing HTML stripped some content (see http://g.co/ng/security#xss).'\u001b[39m\nIE 10.0.0 (Windows 8.0.0) WARN: \u001b[36m'WARNING: sanitizing HTML stripped some content (see http://g.co/ng/security#xss).'\u001b[39m\nIE 10.0.0 (Windows 8.0.0) WARN: \u001b[36m'WARNING: sanitizing unsafe URL value javascript:alert(1) (see http://g.co/ng/security#xss)'\u001b[39m\n................................................................................\n................................................................................\n................................................................................\n..........\nIE 10.0.0 (Windows 8.0.0) WARN: \u001b[36m'WARNING: sanitizing HTML stripped some content (see http://g.co/ng/security#xss).'\u001b[39m\nIE 10.0.0 (Windows 8.0.0) WARN: \u001b[36m'WARNING: sanitizing HTML stripped some content (see http://g.co/ng/security#xss).'\u001b[39m\nIE 10.0.0 (Windows 8.0.0) WARN: \u001b[36m'WARNING: sanitizing HTML stripped some content (see http://g.co/ng/security#xss).'\u001b[39m\nIE 10.0.0 (Windows 8.0.0) WARN: \u001b[36m'WARNING: sanitizing unsafe URL value javascript:alert(1) (see http://g.co/ng/security#xss)'\u001b[39m\nIE 10.0.0 (Windows 8.0.0) WARN: \u001b[36m'WARNING: sanitizing unsafe URL value javascript:alert(1) (see http://g.co/ng/security#xss)'\u001b[39m\nIE 10.0.0 (Windows 8.0.0) WARN: \u001b[36m'WARNING: sanitizing unsafe URL value javascript:alert(1) (see http://g.co/ng/security#xss)'\u001b[39m\n..................................................\nFirefox 60.0.0 (Windows 7.0.0) WARN: \u001b[36m'WARNING: sanitizing unsafe URL value javascript:alert(1) (see http://g.co/ng/security#xss)'\u001b[39m\nIE 10.0.0 (Windows 8.0.0) WARN: \u001b[36m'WARNING: sanitizing unsafe URL value javascript:alert(1) (see http://g.co/ng/security#xss)'\u001b[39m\nIE 10.0.0 (Windows 8.0.0) WARN: \u001b[36m'WARNING: sanitizing unsafe style value url(javascript:evil()) (see http://g.co/ng/security#xss).'\u001b[39m\n\u001b[33m07 01 2019 23:07:24.072:WARN [web-server]: \u001b[39m404: /x\n..................................................\nFirefox 60.0.0 (Windows 7.0.0) WARN: \u001b[36m'WARNING: sanitizing unsafe URL value javascript:alert(1) (see http://g.co/ng/security#xss)'\u001b[39m\nFirefox 60.0.0 (Windows 7.0.0) WARN: \u001b[36m'WARNING: sanitizing unsafe style value url(javascript:evil()) (see http://g.co/ng/security#xss).'\u001b[39m\nFirefox 60.0.0 (Windows 7.0.0) WARN: \u001b[36m'WARNING: sanitizing HTML stripped some content (see http://g.co/ng/security#xss).'\u001b[39m\nFirefox 60.0.0 (Windows 7.0.0) WARN: \u001b[36m'WARNING: sanitizing HTML stripped some content (see http://g.co/ng/security#xss).'\u001b[39m\nFirefox 60.0.0 (Windows 7.0.0) WARN: \u001b[36m'WARNING: sanitizing HTML stripped some content (see http://g.co/ng/security#xss).'\u001b[39m\nFirefox 60.0.0 (Windows 7.0.0) WARN: \u001b[36m'WARNING: sanitizing unsafe URL value javascript:alert(1) (see http://g.co/ng/security#xss)'\u001b[39m\nFirefox 60.0.0 (Windows 7.0.0) WARN: \u001b[36m'WARNING: sanitizing unsafe URL value javascript:alert(1) (see http://g.co/ng/security#xss)'\u001b[39m\n................................................................................\n....................\nIE 10.0.0 (Windows 8.0.0) WARN: \u001b[36m'WARNING: sanitizing unsafe URL value javascript:true (see http://g.co/ng/security#xss)'\u001b[39m\nIE 10.0.0 (Windows 8.0.0) WARN: \u001b[36m'WARNING: sanitizing unsafe URL value javascript:true (see http://g.co/ng/security#xss)'\u001b[39m\nIE 10.0.0 (Windows 8.0.0) WARN: \u001b[36m'WARNING: sanitizing unsafe URL value \"http://server\" (see http://g.co/ng/security#xss)'\u001b[39m\nIE 10.0.0 (Windows 8.0.0) WARN: \u001b[36m'WARNING: sanitizing unsafe style value url(\"http://server\") (see http://g.co/ng/security#xss).'\u001b[39m\n................................................................................\n................................................................................\n................................................................................\n................................................................................\n................................................................................\nChrome 67.0.3396 (Windows 7.0.0) LOG: \u001b[36m'Angular is running in the development mode. Call enableProdMode() to enable the production mode.'\u001b[39m\n................................................................................\n................................................................................\n........................................\nChrome 67.0.3396 (Windows 7.0.0) WARN: \u001b[36m'trackBy must be a function, but received 0. See https://angular.io/docs/ts/latest/api/common/index/NgFor-directive.html#!#change-propagation for more information.'\u001b[39m\n................................................................................\n................................................................................\n................................................................................\n................................................................................\n................................................................................\n..................................................\nChrome 67.0.3396 (Windows 7.0.0) LOG: \u001b[36m'Angular is running in the development mode. Call enableProdMode() to enable the production mode.'\u001b[39m\nChrome 67.0.3396 (Windows 7.0.0) LOG: \u001b[36m'Angular is running in the development mode. Call enableProdMode() to enable the production mode.'\u001b[39m\nChrome 67.0.3396 (Windows 7.0.0) LOG: \u001b[36m'Angular is running in the development mode. Call enableProdMode() to enable the production mode.'\u001b[39m\nChrome 67.0.3396 (Windows 7.0.0) LOG: \u001b[36m'Angular is running in the development mode. Call enableProdMode() to enable the production mode.'\u001b[39m\nChrome 67.0.3396 (Windows 7.0.0) LOG: \u001b[36m'Angular is running in the development mode. Call enableProdMode() to enable the production mode.'\u001b[39m\nChrome 67.0.3396 (Windows 7.0.0) LOG: \u001b[36m'Angular is running in the development mode. Call enableProdMode() to enable the production mode.'\u001b[39m\n................................................................................\n....................\nFirefox 60.0.0 (Windows 7.0.0) WARN: \u001b[36m'WARNING: sanitizing unsafe URL value javascript:alert(1) (see http://g.co/ng/security#xss)'\u001b[39m\n..................................................\u001b[33m07 01 2019 23:07:29.538:WARN [web-server]: \u001b[39m404: /x\n\nFirefox 60.0.0 (Windows 7.0.0) WARN: \u001b[36m'WARNING: sanitizing unsafe URL value javascript:alert(1) (see http://g.co/ng/security#xss)'\u001b[39m\nFirefox 60.0.0 (Windows 7.0.0) WARN: \u001b[36m'WARNING: sanitizing unsafe URL value javascript:alert(1) (see http://g.co/ng/security#xss)'\u001b[39m\nFirefox 60.0.0 (Windows 7.0.0) WARN: \u001b[36m'WARNING: sanitizing HTML stripped some content (see http://g.co/ng/security#xss).'\u001b[39m\nFirefox 60.0.0 (Windows 7.0.0) WARN: \u001b[36m'WARNING: sanitizing HTML stripped some content (see http://g.co/ng/security#xss).'\u001b[39m\nFirefox 60.0.0 (Windows 7.0.0) WARN: \u001b[36m'WARNING: sanitizing HTML stripped some content (see http://g.co/ng/security#xss).'\u001b[39m\nFirefox 60.0.0 (Windows 7.0.0) WARN: \u001b[36m'WARNING: sanitizing unsafe style value url(javascript:evil()) (see http://g.co/ng/security#xss).'\u001b[39m\n..................................................\nFirefox 60.0.0 (Windows 7.0.0) WARN: \u001b[36m'WARNING: sanitizing unsafe URL value javascript:alert(1) (see http://g.co/ng/security#xss)'\u001b[39m\n..................................................\nFirefox 60.0.0 (Windows 7.0.0) LOG: \u001b[36m'Angular is running in the development mode. Call enableProdMode() to enable the production mode.'\u001b[39m\n................................................................................\n................................................................................\n................................................................................\n..........\nChrome 67.0.3396 (Windows 7.0.0) LOG: \u001b[36m'Angular is running in the development mode. Call enableProdMode() to enable the production mode.'\u001b[39m\n................................................................................\n................................................................................\n................................................................................\n.......\nChrome Mobile 67.0.3396 (Android 7.1.1) LOG: \u001b[36m'Attempting to configure '__esModule' with descriptor '{\"value\":true}' on object 'undefined' and got error, giving up: TypeError: Object.defineProperty called on non-object'\u001b[39m\n.................................................\nChrome 67.0.3396 (Windows 7.0.0) WARN: \u001b[36m'I18n comments are deprecated, use an <ng-container> element instead (file.ts@33:0)'\u001b[39m\n................................................................................\n....................\nChrome 67.0.3396 (Windows 7.0.0) WARN: \u001b[36m'WARNING: sanitizing unsafe URL value \"http://server\" (see http://g.co/ng/security#xss)'\u001b[39m\nChrome 67.0.3396 (Windows 7.0.0) WARN: \u001b[36m'WARNING: sanitizing unsafe style value url(\"http://server\") (see http://g.co/ng/security#xss).'\u001b[39m\nChrome 67.0.3396 (Windows 7.0.0) WARN: \u001b[36m'WARNING: sanitizing unsafe URL value javascript:true (see http://g.co/ng/security#xss)'\u001b[39m\nChrome 67.0.3396 (Windows 7.0.0) WARN: \u001b[36m'WARNING: sanitizing unsafe URL value javascript:true (see http://g.co/ng/security#xss)'\u001b[39m\n................................................................................\n................................................................................\n................................................................................\n................................................................................\n................................................................................\n................................................................................\n................................................................................\n................................................................................\n............................................................\nFirefox 60.0.0 (Windows 7.0.0) WARN: \u001b[36m'I18n comments are deprecated, use an <ng-container> element instead (extractor spec@0:0)'\u001b[39m\n..................................................\nChrome Mobile 67.0.3396 (Android 7.1.1) LOG: \u001b[36m'Attempting to configure '__esModule' with descriptor '{\"value\":true}' on object 'undefined' and got error, giving up: TypeError: Object.defineProperty called on non-object'\u001b[39m\n................................................................................\n....................\nChrome Mobile 67.0.3396 (Android 7.1.1) LOG: \u001b[36m'Running tests with document renderer...'\u001b[39m\n................................................................................\n................................................................................\n................................................................................\n................................................................................\n................................................................................\n................................................................................\n................................................................................\n................................................................................\n................................................................................\n..............................\nChrome Mobile 67.0.3396 (Android 7.1.1) LOG: \u001b[36m'Angular is running in the development mode. Call enableProdMode() to enable the production mode.'\u001b[39m\n................................................................................\n................................................................................\n........................................\nChrome 72.0.3626 (Windows 7.0.0) LOG: \u001b[36m'Attempting to configure '__esModule' with descriptor '{\"value\":true}' on object 'undefined' and got error, giving up: TypeError: Object.defineProperty called on non-object'\u001b[39m\nChrome 72.0.3626 (Windows 7.0.0) LOG: \u001b[36m'Running tests with document renderer...'\u001b[39m\n................................................................................\n.....................................................................\nFirefox 60.0.0 (Windows 7.0.0) LOG: \u001b[36m'Angular is running in the development mode. Call enableProdMode() to enable the production mode.'\u001b[39m\nFirefox 60.0.0 (Windows 7.0.0) LOG: \u001b[36m'Angular is running in the development mode. Call enableProdMode() to enable the production mode.'\u001b[39m\nFirefox 60.0.0 (Windows 7.0.0) LOG: \u001b[36m'Angular is running in the development mode. Call enableProdMode() to enable the production mode.'\u001b[39m\n................................................................................\n......................................................................\nFirefox 60.0.0 (Windows 7.0.0) LOG: \u001b[36m'Angular is running in the development mode. Call enableProdMode() to enable the production mode.'\u001b[39m\nChrome Mobile 67.0.3396 (Android 7.1.1) WARN: \u001b[36m'trackBy must be a function, but received 0. See https://angular.io/docs/ts/latest/api/common/index/NgFor-directive.html#!#change-propagation for more information.'\u001b[39m\nFirefox 60.0.0 (Windows 7.0.0) LOG: \u001b[36m'Angular is running in the development mode. Call enableProdMode() to enable the production mode.'\u001b[39m\nFirefox 60.0.0 (Windows 7.0.0) LOG: \u001b[36m'Angular is running in the development mode. Call enableProdMode() to enable the production mode.'\u001b[39m\n................................................................................\n................................................................................\n................................................................................\n................................................................................\n................................................................................\n................................................................................\n................................................................................\n................................................................................\n................................................................................\n................................................................................\n................................................................................\n................................................................................\n................................................................................\n................................................................................\n................................................................................\n................................................................................\n................................................................................\n................................................................................\n................................................................................\n......................\nChrome 67.0.3396 (Windows 7.0.0) WARN: \u001b[36m'WARNING: sanitizing unsafe URL value javascript:true (see http://g.co/ng/security#xss)'\u001b[39m\nChrome 67.0.3396 (Windows 7.0.0) WARN: \u001b[36m'WARNING: sanitizing unsafe URL value javascript:true (see http://g.co/ng/security#xss)'\u001b[39m\nChrome 67.0.3396 (Windows 7.0.0) WARN: \u001b[36m'WARNING: sanitizing unsafe URL value javascript:true (see http://g.co/ng/security#xss)'\u001b[39m\nChrome 67.0.3396 (Windows 7.0.0) WARN: \u001b[36m'WARNING: sanitizing unsafe URL value javascript:true (see http://g.co/ng/security#xss)'\u001b[39m\nChrome 67.0.3396 (Windows 7.0.0) WARN: \u001b[36m'WARNING: sanitizing unsafe URL value javascript:true (see http://g.co/ng/security#xss)'\u001b[39m\nChrome 67.0.3396 (Windows 7.0.0) WARN: \u001b[36m'WARNING: sanitizing unsafe URL value javascript:true (see http://g.co/ng/security#xss)'\u001b[39m\nChrome 67.0.3396 (Windows 7.0.0) WARN: \u001b[36m'WARNING: sanitizing unsafe URL value \"http://server\" (see http://g.co/ng/security#xss)'\u001b[39m\nChrome 67.0.3396 (Windows 7.0.0) WARN: \u001b[36m'WARNING: sanitizing unsafe style value url(\"http://server\") (see http://g.co/ng/security#xss).'\u001b[39m\nChrome 67.0.3396 (Windows 7.0.0) WARN: \u001b[36m'WARNING: sanitizing unsafe URL value \"http://server\" (see http://g.co/ng/security#xss)'\u001b[39m\nChrome 67.0.3396 (Windows 7.0.0) WARN: \u001b[36m'WARNING: sanitizing unsafe style value url(\"http://server\") (see http://g.co/ng/security#xss).'\u001b[39m\nChrome 67.0.3396 (Windows 7.0.0) WARN: \u001b[36m'WARNING: sanitizing unsafe URL value \"http://server\" (see http://g.co/ng/security#xss)'\u001b[39m\nChrome 67.0.3396 (Windows 7.0.0) WARN: \u001b[36m'WARNING: sanitizing unsafe style value url(\"http://server\") (see http://g.co/ng/security#xss).'\u001b[39m\n................................................................................\n................................................................................\n................................................................................\n................................................................................\n..............................\nChrome Mobile 67.0.3396 (Android 7.1.1) WARN: \u001b[36m'I18n comments are deprecated, use an <ng-container> element instead (extractor spec@0:0)'\u001b[39m\n................................................................................\n................................................................................\n................................................................................\n................................................................................\n..............................\nChrome 67.0.3396 (Windows 7.0.0) WARN: \u001b[36m'WARNING: sanitizing unsafe URL value javascript:alert(1) (see http://g.co/ng/security#xss)'\u001b[39m\n\u001b[33m07 01 2019 23:07:48.750:WARN [web-server]: \u001b[39m404: /x\nChrome 67.0.3396 (Windows 7.0.0) WARN: \u001b[36m'WARNING: sanitizing unsafe style value url(javascript:evil()) (see http://g.co/ng/security#xss).'\u001b[39m\nChrome 67.0.3396 (Windows 7.0.0) WARN: \u001b[36m'WARNING: sanitizing unsafe URL value javascript:alert(1) (see http://g.co/ng/security#xss)'\u001b[39m\nChrome 67.0.3396 (Windows 7.0.0) WARN: \u001b[36m'WARNING: sanitizing unsafe URL value javascript:alert(1) (see http://g.co/ng/security#xss)'\u001b[39m\nChrome 67.0.3396 (Windows 7.0.0) WARN: \u001b[36m'WARNING: sanitizing unsafe URL value javascript:alert(1) (see http://g.co/ng/security#xss)'\u001b[39m\nChrome 67.0.3396 (Windows 7.0.0) WARN: \u001b[36m'WARNING: sanitizing HTML stripped some content (see http://g.co/ng/security#xss).'\u001b[39m\nChrome 67.0.3396 (Windows 7.0.0) WARN: \u001b[36m'WARNING: sanitizing HTML stripped some content (see http://g.co/ng/security#xss).'\u001b[39m\nChrome 67.0.3396 (Windows 7.0.0) WARN: \u001b[36m'WARNING: sanitizing HTML stripped some content (see http://g.co/ng/security#xss).'\u001b[39m\n................................................................................\n....................\nChrome Mobile 67.0.3396 (Android 7.1.1) LOG: \u001b[36m'Angular is running in the development mode. Call enableProdMode() to enable the production mode.'\u001b[39m\n................................................................................\n....................\nChrome Mobile 67.0.3396 (Android 7.1.1) LOG: \u001b[36m'Angular is running in the development mode. Call enableProdMode() to enable the production mode.'\u001b[39m\n................................................................................\n....................\u001b[32m07 01 2019 23:07:49.504:INFO [SaucelabsLauncher]: \u001b[39mChrome 6.0 (Android) session at https://saucelabs.com/tests/442d452115c948f890f444320611ea5f\n..................................................\nChrome Mobile 67.0.3396 (Android 7.1.1) LOG: \u001b[36m'Angular is running in the development mode. Call enableProdMode() to enable the production mode.'\u001b[39m\n................................................................................\n....................\nChrome Mobile 67.0.3396 (Android 7.1.1) LOG: \u001b[36m'Angular is running in the development mode. Call enableProdMode() to enable the production mode.'\u001b[39m\n................................................................................\n....................\nChrome Mobile 67.0.3396 (Android 7.1.1) LOG: \u001b[36m'Angular is running in the development mode. Call enableProdMode() to enable the production mode.'\u001b[39m\nChrome Mobile 67.0.3396 (Android 7.1.1) LOG: \u001b[36m'Angular is running in the development mode. Call enableProdMode() to enable the production mode.'\u001b[39m\n................................................................................\n................................................................................\n................................................................................\n................................................................................\n................................................................................\n................................................................................\n..................\nChrome 67.0.3396 (Windows 7.0.0) WARN: \u001b[36m'Asset-group 'test' in 'ngsw-config.json' uses the 'versionedFiles' option.\nAs of v6 'versionedFiles' and 'files' options have the same behavior. Use 'files' instead.'\u001b[39m\n................................................................................\n................................................................................\n................................................................................\n..........................................................\nChrome 72.0.3626 (Windows 7.0.0) WARN: \u001b[36m'WARNING: sanitizing unsafe URL value javascript:alert(1) (see http://g.co/ng/security#xss)'\u001b[39m\n\u001b[33m07 01 2019 23:07:52.010:WARN [web-server]: \u001b[39m404: /x\nChrome 72.0.3626 (Windows 7.0.0) WARN: \u001b[36m'WARNING: sanitizing unsafe URL value javascript:alert(1) (see http://g.co/ng/security#xss)'\u001b[39m\nChrome 72.0.3626 (Windows 7.0.0) WARN: \u001b[36m'WARNING: sanitizing unsafe URL value javascript:alert(1) (see http://g.co/ng/security#xss)'\u001b[39m\nChrome 72.0.3626 (Windows 7.0.0) WARN: \u001b[36m'WARNING: sanitizing unsafe style value url(javascript:evil()) (see http://g.co/ng/security#xss).'\u001b[39m\nChrome 72.0.3626 (Windows 7.0.0) WARN: \u001b[36m'WARNING: sanitizing HTML stripped some content (see http://g.co/ng/security#xss).'\u001b[39m\nChrome 72.0.3626 (Windows 7.0.0) WARN: \u001b[36m'WARNING: sanitizing HTML stripped some content (see http://g.co/ng/security#xss).'\u001b[39m\nChrome 72.0.3626 (Windows 7.0.0) WARN: \u001b[36m'WARNING: sanitizing HTML stripped some content (see http://g.co/ng/security#xss).'\u001b[39m\nChrome 72.0.3626 (Windows 7.0.0) WARN: \u001b[36m'WARNING: sanitizing unsafe URL value javascript:alert(1) (see http://g.co/ng/security#xss)'\u001b[39m\n\u001b[32m07 01 2019 23:07:52.226:INFO [Chrome Mobile 67.0.3396 (Android 6.0.0)]: \u001b[39mConnected on socket vzipF8ZwB2nXocirAAAI with id 34936919\n................................................................................\n...................\nChrome 72.0.3626 (Windows 7.0.0) WARN: \u001b[36m'trackBy must be a function, but received 0. See https://angular.io/docs/ts/latest/api/common/index/NgFor-directive.html#!#change-propagation for more information.'\u001b[39m\n................................................................................\n................................................................................\n................................................................................\n................................................................................\n................................................................................\nChrome Mobile 67.0.3396 (Android 7.1.1) LOG: \u001b[36m'Angular is running in the development mode. Call enableProdMode() to enable the production mode.'\u001b[39m\n................................................................................\n................................................................................\n................................................................................\n................................................................................\n................................................................................\n................................................................................\n................................................................................\n................................................................................\n................................................................................\n................................................................................\n................................................................................\n................................................................................\n....................................\nIE 11.0.0 (Windows 8.1.0.0) WARN: \u001b[36m'I18n comments are deprecated, use an <ng-container> element instead (extractor spec@0:0)'\u001b[39m\n................................................................................\n................................................................................\n................................................................................\n................................................................................\n................................................................................\n................................................................................\n.....................................................................\nChrome 67.0.3396 (Windows 7.0.0) WARN: \u001b[36m'WARNING: sanitizing unsafe URL value javascript:alert(1) (see http://g.co/ng/security#xss)'\u001b[39m\n\u001b[33m07 01 2019 23:07:58.770:WARN [web-server]: \u001b[39m404: /x\nChrome 67.0.3396 (Windows 7.0.0) WARN: \u001b[36m'WARNING: sanitizing unsafe URL value javascript:alert(1) (see http://g.co/ng/security#xss)'\u001b[39m\nChrome 67.0.3396 (Windows 7.0.0) WARN: \u001b[36m'WARNING: sanitizing HTML stripped some content (see http://g.co/ng/security#xss).'\u001b[39m\nChrome 67.0.3396 (Windows 7.0.0) WARN: \u001b[36m'WARNING: sanitizing HTML stripped some content (see http://g.co/ng/security#xss).'\u001b[39m\nChrome 67.0.3396 (Windows 7.0.0) WARN: \u001b[36m'WARNING: sanitizing HTML stripped some content (see http://g.co/ng/security#xss).'\u001b[39m\nChrome 67.0.3396 (Windows 7.0.0) WARN: \u001b[36m'WARNING: sanitizing unsafe style value url(javascript:evil()) (see http://g.co/ng/security#xss).'\u001b[39m\nChrome 67.0.3396 (Windows 7.0.0) WARN: \u001b[36m'WARNING: sanitizing unsafe URL value javascript:alert(1) (see http://g.co/ng/security#xss)'\u001b[39m\nChrome 67.0.3396 (Windows 7.0.0) WARN: \u001b[36m'WARNING: sanitizing unsafe URL value javascript:alert(1) (see http://g.co/ng/security#xss)'\u001b[39m\n................................................................................\n................................................................................\n................................................................................\n................................................................................\n................................................................................\n................................................................................\n................................................................................\n...................................\nChrome Mobile 67.0.3396 (Android 7.1.1) WARN: \u001b[36m'WARNING: sanitizing unsafe URL value \"http://server\" (see http://g.co/ng/security#xss)'\u001b[39m\nChrome Mobile 67.0.3396 (Android 7.1.1) WARN: \u001b[36m'WARNING: sanitizing unsafe style value url(\"http://server\") (see http://g.co/ng/security#xss).'\u001b[39m\nChrome Mobile 67.0.3396 (Android 7.1.1) WARN: \u001b[36m'WARNING: sanitizing unsafe URL value javascript:true (see http://g.co/ng/security#xss)'\u001b[39m\nChrome Mobile 67.0.3396 (Android 7.1.1) WARN: \u001b[36m'WARNING: sanitizing unsafe URL value javascript:true (see http://g.co/ng/security#xss)'\u001b[39m\n................................................................................\n................................................................................\n................................................................................\n...........................................................\nChrome 72.0.3626 (Windows 7.0.0) LOG: \u001b[36m'Angular is running in the development mode. Call enableProdMode() to enable the production mode.'\u001b[39m\n..................................................\nChrome 72.0.3626 (Windows 7.0.0) LOG: \u001b[36m'Angular is running in the development mode. Call enableProdMode() to enable the production mode.'\u001b[39m\nChrome 72.0.3626 (Windows 7.0.0) LOG: \u001b[36m'Angular is running in the development mode. Call enableProdMode() to enable the production mode.'\u001b[39m\nChrome 72.0.3626 (Windows 7.0.0) LOG: \u001b[36m'Angular is running in the development mode. Call enableProdMode() to enable the production mode.'\u001b[39m\nChrome 72.0.3626 (Windows 7.0.0) LOG: \u001b[36m'Angular is running in the development mode. Call enableProdMode() to enable the production mode.'\u001b[39m\n................................................................................\n................................................................................\n................................................................................\n............................................................\nFirefox 60.0.0 (Windows 7.0.0) WARN: \u001b[36m'WARNING: sanitizing unsafe URL value javascript:true (see http://g.co/ng/security#xss)'\u001b[39m\nFirefox 60.0.0 (Windows 7.0.0) WARN: \u001b[36m'WARNING: sanitizing unsafe URL value javascript:true (see http://g.co/ng/security#xss)'\u001b[39m\nFirefox 60.0.0 (Windows 7.0.0) WARN: \u001b[36m'WARNING: sanitizing unsafe URL value javascript:true (see http://g.co/ng/security#xss)'\u001b[39m\nFirefox 60.0.0 (Windows 7.0.0) WARN: \u001b[36m'WARNING: sanitizing unsafe URL value \"http://server\" (see http://g.co/ng/security#xss)'\u001b[39m\nFirefox 60.0.0 (Windows 7.0.0) WARN: \u001b[36m'WARNING: sanitizing unsafe style value url(\"http://server\") (see http://g.co/ng/security#xss).'\u001b[39m\nFirefox 60.0.0 (Windows 7.0.0) WARN: \u001b[36m'WARNING: sanitizing unsafe URL value \"http://server\" (see http://g.co/ng/security#xss)'\u001b[39m\nFirefox 60.0.0 (Windows 7.0.0) WARN: \u001b[36m'WARNING: sanitizing unsafe style value url(\"http://server\") (see http://g.co/ng/security#xss).'\u001b[39m\nFirefox 60.0.0 (Windows 7.0.0) WARN: \u001b[36m'WARNING: sanitizing unsafe URL value \"http://server\" (see http://g.co/ng/security#xss)'\u001b[39m\nFirefox 60.0.0 (Windows 7.0.0) WARN: \u001b[36m'WARNING: sanitizing unsafe style value url(\"http://server\") (see http://g.co/ng/security#xss).'\u001b[39m\nFirefox 60.0.0 (Windows 7.0.0) WARN: \u001b[36m'WARNING: sanitizing unsafe URL value javascript:true (see http://g.co/ng/security#xss)'\u001b[39m\nFirefox 60.0.0 (Windows 7.0.0) WARN: \u001b[36m'WARNING: sanitizing unsafe URL value javascript:true (see http://g.co/ng/security#xss)'\u001b[39m\nFirefox 60.0.0 (Windows 7.0.0) WARN: \u001b[36m'WARNING: sanitizing unsafe URL value javascript:true (see http://g.co/ng/security#xss)'\u001b[39m\n................................................................................\n....................\nChrome 72.0.3626 (Windows 7.0.0) LOG: \u001b[36m'Angular is running in the development mode. Call enableProdMode() to enable the production mode.'\u001b[39m\n................................................................................\n................................................................................\n................................................................................\n................................................................................\n............................................................................\nChrome 72.0.3626 (Windows 7.0.0) WARN: \u001b[36m'I18n comments are deprecated, use an <ng-container> element instead (file.ts@3:0)'\u001b[39m\n..................................................\nChrome 67.0.3396 (Windows 7.0.0) LOG: \u001b[36m'ran 257595 change detection cycles'\u001b[39m\n................................................................................\n....................\nChrome 72.0.3626 (Windows 7.0.0) WARN: \u001b[36m'Asset-group 'test' in 'ngsw-config.json' uses the 'versionedFiles' option.\nAs of v6 'versionedFiles' and 'files' options have the same behavior. Use 'files' instead.'\u001b[39m\nChrome 72.0.3626 (Windows 7.0.0) WARN: \u001b[36m'WARNING: sanitizing unsafe URL value javascript:true (see http://g.co/ng/security#xss)'\u001b[39m\nChrome 72.0.3626 (Windows 7.0.0) WARN: \u001b[36m'WARNING: sanitizing unsafe URL value \"http://server\" (see http://g.co/ng/security#xss)'\u001b[39m\nChrome 72.0.3626 (Windows 7.0.0) WARN: \u001b[36m'WARNING: sanitizing unsafe style value url(\"http://server\") (see http://g.co/ng/security#xss).'\u001b[39m\nChrome 72.0.3626 (Windows 7.0.0) WARN: \u001b[36m'WARNING: sanitizing unsafe URL value javascript:true (see http://g.co/ng/security#xss)'\u001b[39m\n................................................................................\n....................\nChrome 67.0.3396 (Windows 7.0.0) LOG: \u001b[36m'0.00 ms per check'\u001b[39m\nChrome 67.0.3396 (Windows 7.0.0) LOG: \u001b[36m'ran 159143 change detection cycles'\u001b[39m\nChrome 67.0.3396 (Windows 7.0.0) LOG: \u001b[36m'0.00 ms per check'\u001b[39m\n................................................................................\n................................................................................\n................................................................................\n................................................................................\n................................................................................\n................................................................................\n................................................................................\n................................................................................\n................................................................................\n................................................................................\n................................................................................\n................................................................................\n......................................\u001b[33m07 01 2019 23:08:10.936:WARN [web-server]: \u001b[39m404: /non-existent.html\n..........................................\n................................................................................\n................................................................................\n................................................................................\n..................\u001b[33m07 01 2019 23:08:12.913:WARN [web-server]: \u001b[39m404: /bad/path/404.html\n..............................................................\n................................................................................\n................................................................................\n................................................................................\n................................................................................\n................................................................................\n................................................................................\n................................................................................\n................................................................................\n................................................................................\n................................................................................\n................................................................................\n................................................................................\n.............................................................................\nChrome Mobile 67.0.3396 (Android 6.0.0) LOG: \u001b[36m'Attempting to configure '__esModule' with descriptor '{\"value\":true}' on object 'undefined' and got error, giving up: TypeError: Object.defineProperty called on non-object'\u001b[39m\n................................................................................\n................................................................................\n................................................................................\n................................................................................\n................................................................................\n................................................................................\n................................................................................\n................................................................................\n................................................................................\n................................................................................\n..................................................\nChrome Mobile 67.0.3396 (Android 7.1.1) WARN: \u001b[36m'WARNING: sanitizing unsafe URL value javascript:true (see http://g.co/ng/security#xss)'\u001b[39m\nChrome Mobile 67.0.3396 (Android 7.1.1) WARN: \u001b[36m'WARNING: sanitizing unsafe URL value javascript:true (see http://g.co/ng/security#xss)'\u001b[39m\nChrome Mobile 67.0.3396 (Android 7.1.1) WARN: \u001b[36m'WARNING: sanitizing unsafe URL value javascript:true (see http://g.co/ng/security#xss)'\u001b[39m\nChrome Mobile 67.0.3396 (Android 7.1.1) WARN: \u001b[36m'WARNING: sanitizing unsafe URL value javascript:true (see http://g.co/ng/security#xss)'\u001b[39m\nChrome Mobile 67.0.3396 (Android 7.1.1) WARN: \u001b[36m'WARNING: sanitizing unsafe URL value javascript:true (see http://g.co/ng/security#xss)'\u001b[39m\nChrome Mobile 67.0.3396 (Android 7.1.1) WARN: \u001b[36m'WARNING: sanitizing unsafe URL value javascript:true (see http://g.co/ng/security#xss)'\u001b[39m\nChrome Mobile 67.0.3396 (Android 7.1.1) WARN: \u001b[36m'WARNING: sanitizing unsafe URL value \"http://server\" (see http://g.co/ng/security#xss)'\u001b[39m\nChrome Mobile 67.0.3396 (Android 7.1.1) WARN: \u001b[36m'WARNING: sanitizing unsafe style value url(\"http://server\") (see http://g.co/ng/security#xss).'\u001b[39m\nChrome Mobile 67.0.3396 (Android 7.1.1) WARN: \u001b[36m'WARNING: sanitizing unsafe URL value \"http://server\" (see http://g.co/ng/security#xss)'\u001b[39m\nChrome Mobile 67.0.3396 (Android 7.1.1) WARN: \u001b[36m'WARNING: sanitizing unsafe style value url(\"http://server\") (see http://g.co/ng/security#xss).'\u001b[39m\nChrome Mobile 67.0.3396 (Android 7.1.1) WARN: \u001b[36m'WARNING: sanitizing unsafe URL value \"http://server\" (see http://g.co/ng/security#xss)'\u001b[39m\nChrome Mobile 67.0.3396 (Android 7.1.1) WARN: \u001b[36m'WARNING: sanitizing unsafe style value url(\"http://server\") (see http://g.co/ng/security#xss).'\u001b[39m\n................................................................................\n................................................................................\n.....................................................................\nChrome 67.0.3396 (Windows 7.0.0): Executed 6064 of 6079 (skipped 15)\u001b[32m SUCCESS\u001b[39m (56.685 secs / 44.261 secs)\n................................................................................\n................................................................................\n................................................................................\n..........\nChrome Mobile 67.0.3396 (Android 7.1.1) WARN: \u001b[36m'WARNING: sanitizing HTML stripped some content (see http://g.co/ng/security#xss).'\u001b[39m\n\u001b[33m07 01 2019 23:08:18.264:WARN [web-server]: \u001b[39m404: /x\nChrome Mobile 67.0.3396 (Android 7.1.1) WARN: \u001b[36m'WARNING: sanitizing HTML stripped some content (see http://g.co/ng/security#xss).'\u001b[39m\nChrome Mobile 67.0.3396 (Android 7.1.1) WARN: \u001b[36m'WARNING: sanitizing HTML stripped some content (see http://g.co/ng/security#xss).'\u001b[39m\nChrome Mobile 67.0.3396 (Android 7.1.1) WARN: \u001b[36m'WARNING: sanitizing unsafe URL value javascript:alert(1) (see http://g.co/ng/security#xss)'\u001b[39m\nChrome Mobile 67.0.3396 (Android 7.1.1) WARN: \u001b[36m'WARNING: sanitizing unsafe URL value javascript:alert(1) (see http://g.co/ng/security#xss)'\u001b[39m\nChrome Mobile 67.0.3396 (Android 7.1.1) WARN: \u001b[36m'WARNING: sanitizing unsafe URL value javascript:alert(1) (see http://g.co/ng/security#xss)'\u001b[39m\nChrome Mobile 67.0.3396 (Android 7.1.1) WARN: \u001b[36m'WARNING: sanitizing unsafe URL value javascript:alert(1) (see http://g.co/ng/security#xss)'\u001b[39m\nChrome Mobile 67.0.3396 (Android 7.1.1) WARN: \u001b[36m'WARNING: sanitizing unsafe style value url(javascript:evil()) (see http://g.co/ng/security#xss).'\u001b[39m\n................................................................................\n................................................................................\n................................................................................\n..........\nChrome Mobile 67.0.3396 (Android 6.0.0) LOG: \u001b[36m'Attempting to configure '__esModule' with descriptor '{\"value\":true}' on object 'undefined' and got error, giving up: TypeError: Object.defineProperty called on non-object'\u001b[39m\n................................................................................\n................................................................................\n........................................\nFirefox 60.0.0 (Windows 7.0.0) LOG: \u001b[36m'Angular is running in the development mode. Call enableProdMode() to enable the production mode.'\u001b[39m\n................................................................................\n.....................................................................\nChrome Mobile 67.0.3396 (Android 6.0.0) LOG: \u001b[36m'Running tests with document renderer...'\u001b[39m\n..................................................\nChrome 72.0.3626 (Windows 7.0.0) WARN: \u001b[36m'WARNING: sanitizing unsafe URL value javascript:true (see http://g.co/ng/security#xss)'\u001b[39m\nChrome 72.0.3626 (Windows 7.0.0) WARN: \u001b[36m'WARNING: sanitizing unsafe URL value javascript:true (see http://g.co/ng/security#xss)'\u001b[39m\nChrome 72.0.3626 (Windows 7.0.0) WARN: \u001b[36m'WARNING: sanitizing unsafe URL value javascript:true (see http://g.co/ng/security#xss)'\u001b[39m\nChrome 72.0.3626 (Windows 7.0.0) WARN: \u001b[36m'WARNING: sanitizing unsafe URL value javascript:true (see http://g.co/ng/security#xss)'\u001b[39m\nChrome 72.0.3626 (Windows 7.0.0) WARN: \u001b[36m'WARNING: sanitizing unsafe URL value javascript:true (see http://g.co/ng/security#xss)'\u001b[39m\nChrome 72.0.3626 (Windows 7.0.0) WARN: \u001b[36m'WARNING: sanitizing unsafe URL value javascript:true (see http://g.co/ng/security#xss)'\u001b[39m\nChrome 72.0.3626 (Windows 7.0.0) WARN: \u001b[36m'WARNING: sanitizing unsafe URL value \"http://server\" (see http://g.co/ng/security#xss)'\u001b[39m\nChrome 72.0.3626 (Windows 7.0.0) WARN: \u001b[36m'WARNING: sanitizing unsafe style value url(\"http://server\") (see http://g.co/ng/security#xss).'\u001b[39m\nChrome 72.0.3626 (Windows 7.0.0) WARN: \u001b[36m'WARNING: sanitizing unsafe URL value \"http://server\" (see http://g.co/ng/security#xss)'\u001b[39m\nChrome 72.0.3626 (Windows 7.0.0) WARN: \u001b[36m'WARNING: sanitizing unsafe style value url(\"http://server\") (see http://g.co/ng/security#xss).'\u001b[39m\nChrome 72.0.3626 (Windows 7.0.0) WARN: \u001b[36m'WARNING: sanitizing unsafe URL value \"http://server\" (see http://g.co/ng/security#xss)'\u001b[39m\nChrome 72.0.3626 (Windows 7.0.0) WARN: \u001b[36m'WARNING: sanitizing unsafe style value url(\"http://server\") (see http://g.co/ng/security#xss).'\u001b[39m\n................................................................................\n................................................................................\n........................................\nChrome 72.0.3626 (Windows 7.0.0) LOG: \u001b[36m'Angular is running in the development mode. Call enableProdMode() to enable the production mode.'\u001b[39m\n................................................................................\n................................................................................\n................................................................................\n................................................................................\n................................................................................\n................................................................................\n................................................................................\n................................................................................\n................................................................................\n................................................................................\n................................................................................\n...................\nChrome Mobile 67.0.3396 (Android 6.0.0) LOG: \u001b[36m'Angular is running in the development mode. Call enableProdMode() to enable the production mode.'\u001b[39m\n................................................................................\n................................................................................\n................................................................................\n............................................................\nFirefox 60.0.0 (Windows 7.0.0) WARN: \u001b[36m'trackBy must be a function, but received 0. See https://angular.io/docs/ts/latest/api/common/index/NgFor-directive.html#!#change-propagation for more information.'\u001b[39m\n................................................................................\n......................................................................\nChrome Mobile 67.0.3396 (Android 7.1.1) WARN: \u001b[36m'Asset-group 'test' in 'ngsw-config.json' uses the 'versionedFiles' option.\nAs of v6 'versionedFiles' and 'files' options have the same behavior. Use 'files' instead.'\u001b[39m\n................................................................................\n................................................................................\n................................................................................\n............................................................\u001b[33m07 01 2019 23:08:25.559:WARN [web-server]: \u001b[39m404: /x\n\nChrome Mobile 67.0.3396 (Android 6.0.0) WARN: \u001b[36m'WARNING: sanitizing unsafe URL value javascript:alert(1) (see http://g.co/ng/security#xss)'\u001b[39m\nChrome Mobile 67.0.3396 (Android 6.0.0) WARN: \u001b[36m'WARNING: sanitizing HTML stripped some content (see http://g.co/ng/security#xss).'\u001b[39m\nChrome Mobile 67.0.3396 (Android 6.0.0) WARN: \u001b[36m'WARNING: sanitizing HTML stripped some content (see http://g.co/ng/security#xss).'\u001b[39m\nChrome Mobile 67.0.3396 (Android 6.0.0) WARN: \u001b[36m'WARNING: sanitizing HTML stripped some content (see http://g.co/ng/security#xss).'\u001b[39m\n..................................................\nFirefox 60.0.0 (Windows 7.0.0) WARN: \u001b[36m'Asset-group 'test' in 'ngsw-config.json' uses the 'versionedFiles' option.\nAs of v6 'versionedFiles' and 'files' options have the same behavior. Use 'files' instead.'\u001b[39m\nChrome Mobile 67.0.3396 (Android 6.0.0) WARN: \u001b[36m'WARNING: sanitizing unsafe URL value javascript:alert(1) (see http://g.co/ng/security#xss)'\u001b[39m\nChrome Mobile 67.0.3396 (Android 6.0.0) WARN: \u001b[36m'WARNING: sanitizing unsafe URL value javascript:alert(1) (see http://g.co/ng/security#xss)'\u001b[39m\n..................................................\nChrome Mobile 67.0.3396 (Android 6.0.0) WARN: \u001b[36m'WARNING: sanitizing unsafe style value url(javascript:evil()) (see http://g.co/ng/security#xss).'\u001b[39m\nChrome Mobile 67.0.3396 (Android 6.0.0) WARN: \u001b[36m'WARNING: sanitizing unsafe URL value javascript:alert(1) (see http://g.co/ng/security#xss)'\u001b[39m\n................................................................................\n....................\nChrome 72.0.3626 (Windows 7.0.0) LOG: \u001b[36m'ran 311014 change detection cycles'\u001b[39m\nChrome 72.0.3626 (Windows 7.0.0) LOG: \u001b[36m'0.00 ms per check'\u001b[39m\n................................................................................\n....................\nChrome 72.0.3626 (Windows 7.0.0) LOG: \u001b[36m'ran 316748 change detection cycles'\u001b[39m\nChrome 72.0.3626 (Windows 7.0.0) LOG: \u001b[36m'0.00 ms per check'\u001b[39m\n................................................................................\n................................................................................\n................................................................................\n............................................................\nFirefox 60.0.0 (Windows 7.0.0) WARN: \u001b[36m'WARNING: sanitizing unsafe URL value \"http://server\" (see http://g.co/ng/security#xss)'\u001b[39m\n..................................................\nFirefox 60.0.0 (Windows 7.0.0) WARN: \u001b[36m'WARNING: sanitizing unsafe style value url(\"http://server\") (see http://g.co/ng/security#xss).'\u001b[39m\nFirefox 60.0.0 (Windows 7.0.0) WARN: \u001b[36m'WARNING: sanitizing unsafe URL value javascript:true (see http://g.co/ng/security#xss)'\u001b[39m\n..................................................\nFirefox 60.0.0 (Windows 7.0.0) WARN: \u001b[36m'WARNING: sanitizing unsafe URL value javascript:true (see http://g.co/ng/security#xss)'\u001b[39m\n................................................................................\n................................................................................\n................................................................................\n................................................................................\n................................................................................\n................................................................................\n................................................................................\n................................................................................\n................................................................................\n................................................................................\n................................................................................\n................................................................................\n................................................................................\n................................................................................\n................................................................................\n................................................................................\n................................................................................\n................................................................................\n................................................................................\n................................................................................\n................................................................................\n................................................................................\n................................................................................\n.....\nIE 10.0.0 (Windows 8.0.0) WARN: \u001b[36m'I18n comments are deprecated, use an <ng-container> element instead (file.ts@33:0)'\u001b[39m\n................................................................................\n................................................................................\n........................................\nChrome Mobile 67.0.3396 (Android 6.0.0) WARN: \u001b[36m'trackBy must be a function, but received 0. See https://angular.io/docs/ts/latest/api/common/index/NgFor-directive.html#!#change-propagation for more information.'\u001b[39m\n..................................................\u001b[33m07 01 2019 23:08:34.870:WARN [web-server]: \u001b[39m404: /x\n..............................\n....................\nChrome Mobile 67.0.3396 (Android 7.1.1) WARN: \u001b[36m'WARNING: sanitizing unsafe URL value javascript:alert(1) (see http://g.co/ng/security#xss)'\u001b[39m\nChrome Mobile 67.0.3396 (Android 7.1.1) WARN: \u001b[36m'WARNING: sanitizing unsafe URL value javascript:alert(1) (see http://g.co/ng/security#xss)'\u001b[39m\nChrome Mobile 67.0.3396 (Android 7.1.1) WARN: \u001b[36m'WARNING: sanitizing unsafe URL value javascript:alert(1) (see http://g.co/ng/security#xss)'\u001b[39m\nChrome Mobile 67.0.3396 (Android 7.1.1) WARN: \u001b[36m'WARNING: sanitizing unsafe style value url(javascript:evil()) (see http://g.co/ng/security#xss).'\u001b[39m\nChrome Mobile 67.0.3396 (Android 7.1.1) WARN: \u001b[36m'WARNING: sanitizing HTML stripped some content (see http://g.co/ng/security#xss).'\u001b[39m\nChrome Mobile 67.0.3396 (Android 7.1.1) WARN: \u001b[36m'WARNING: sanitizing HTML stripped some content (see http://g.co/ng/security#xss).'\u001b[39m\nChrome Mobile 67.0.3396 (Android 7.1.1) WARN: \u001b[36m'WARNING: sanitizing HTML stripped some content (see http://g.co/ng/security#xss).'\u001b[39m\nChrome Mobile 67.0.3396 (Android 7.1.1) WARN: \u001b[36m'WARNING: sanitizing unsafe URL value javascript:alert(1) (see http://g.co/ng/security#xss)'\u001b[39m\n................................................................................\n................................................................................\n................................................................................\n................................................................................\n................................................................................\n................................................................................\n................................................................................\n................................................................................\n................................................................................\n................................................................................\n................................................................................\n....................................................................\nIE 10.0.0 (Windows 8.0.0) WARN: \u001b[36m'trackBy must be a function, but received 0. See https://angular.io/docs/ts/latest/api/common/index/NgFor-directive.html#!#change-propagation for more information.'\u001b[39m\n................................................................................\n................................................................................\n................................................................................\n................................................................................\n..............................\nChrome Mobile 67.0.3396 (Android 7.1.1) LOG: \u001b[36m'ran 168439 change detection cycles'\u001b[39m\nChrome Mobile 67.0.3396 (Android 7.1.1) LOG: \u001b[36m'0.00 ms per check'\u001b[39m\n................................................................................\n................................................................................\n................................................................................\n................................................................................\n..............................\nChrome Mobile 67.0.3396 (Android 6.0.0) WARN: \u001b[36m'WARNING: sanitizing unsafe style value url(javascript:evil()) (see http://g.co/ng/security#xss).'\u001b[39m\nChrome Mobile 67.0.3396 (Android 7.1.1) LOG: \u001b[36m'ran 148673 change detection cycles'\u001b[39m\nChrome Mobile 67.0.3396 (Android 7.1.1) LOG: \u001b[36m'0.00 ms per check'\u001b[39m\n................................................................................\n................................................................................\n................................................................................\n..........\u001b[33m07 01 2019 23:08:39.151:WARN [web-server]: \u001b[39m404: /x\n\nChrome Mobile 67.0.3396 (Android 6.0.0) WARN: \u001b[36m'WARNING: sanitizing HTML stripped some content (see http://g.co/ng/security#xss).'\u001b[39m\nChrome Mobile 67.0.3396 (Android 6.0.0) WARN: \u001b[36m'WARNING: sanitizing HTML stripped some content (see http://g.co/ng/security#xss).'\u001b[39m\nChrome Mobile 67.0.3396 (Android 6.0.0) WARN: \u001b[36m'WARNING: sanitizing HTML stripped some content (see http://g.co/ng/security#xss).'\u001b[39m\nChrome Mobile 67.0.3396 (Android 6.0.0) WARN: \u001b[36m'WARNING: sanitizing unsafe URL value javascript:alert(1) (see http://g.co/ng/security#xss)'\u001b[39m\nChrome Mobile 67.0.3396 (Android 6.0.0) WARN: \u001b[36m'WARNING: sanitizing unsafe URL value javascript:alert(1) (see http://g.co/ng/security#xss)'\u001b[39m\n................................................................................\n................................................................................\n......................................\nChrome Mobile 67.0.3396 (Android 6.0.0) WARN: \u001b[36m'WARNING: sanitizing unsafe URL value javascript:alert(1) (see http://g.co/ng/security#xss)'\u001b[39m\nChrome Mobile 67.0.3396 (Android 6.0.0) WARN: \u001b[36m'WARNING: sanitizing unsafe URL value javascript:alert(1) (see http://g.co/ng/security#xss)'\u001b[39m\n................................................................................\n................................................................................\n................................................................................\n................................................................................\n................................................................................\n................................................................................\n................................................................................\n................................................................................\n............................................................\u001b[33m07 01 2019 23:08:41.075:WARN [web-server]: \u001b[39m404: /non-existent.html\n....................\n.............................\nChrome 72.0.3626 (Windows 7.0.0) LOG: \u001b[36m'Angular is running in the development mode. Call enableProdMode() to enable the production mode.'\u001b[39m\n................................................................................\n....................\u001b[33m07 01 2019 23:08:41.602:WARN [web-server]: \u001b[39m404: /x\n............................................................\n........................................\nChrome 72.0.3626 (Windows 7.0.0) WARN: \u001b[36m'WARNING: sanitizing unsafe URL value javascript:alert(1) (see http://g.co/ng/security#xss)'\u001b[39m\nChrome 72.0.3626 (Windows 7.0.0) WARN: \u001b[36m'WARNING: sanitizing unsafe URL value javascript:alert(1) (see http://g.co/ng/security#xss)'\u001b[39m\n..................................................\nChrome 72.0.3626 (Windows 7.0.0) WARN: \u001b[36m'WARNING: sanitizing unsafe style value url(javascript:evil()) (see http://g.co/ng/security#xss).'\u001b[39m\nChrome 72.0.3626 (Windows 7.0.0) WARN: \u001b[36m'WARNING: sanitizing HTML stripped some content (see http://g.co/ng/security#xss).'\u001b[39m\nChrome 72.0.3626 (Windows 7.0.0) WARN: \u001b[36m'WARNING: sanitizing HTML stripped some content (see http://g.co/ng/security#xss).'\u001b[39m\nChrome 72.0.3626 (Windows 7.0.0) WARN: \u001b[36m'WARNING: sanitizing HTML stripped some content (see http://g.co/ng/security#xss).'\u001b[39m\nChrome 72.0.3626 (Windows 7.0.0) WARN: \u001b[36m'WARNING: sanitizing unsafe URL value javascript:alert(1) (see http://g.co/ng/security#xss)'\u001b[39m\nChrome 72.0.3626 (Windows 7.0.0) WARN: \u001b[36m'WARNING: sanitizing unsafe URL value javascript:alert(1) (see http://g.co/ng/security#xss)'\u001b[39m\n................................................................................\n................................................................................\n................................................................................\n................................................................................\n................................................................................\n................................................................................\n................................................................................\n................................\n\u001b[31mFirefox 60.0.0 (Windows 7.0.0) upgrade angular1_providers injectorFactory should throw if the injector value has not been set yet FAILED\u001b[39m\n\tExpected function to throw an Error.\n\t<Jasmine>\n\t@packages/upgrade/test/static/angular1_providers_spec.ts:33:8 <- dist/all/@angular/upgrade/test/static/angular1_providers_spec.js:29:17\n\tZoneDelegate.prototype.invoke@node_modules/zone.js/dist/zone.js:388:17\n\tProxyZoneSpec.prototype.onInvoke@node_modules/zone.js/dist/zone-testing.js:288:20\n\tZoneDelegate.prototype.invoke@node_modules/zone.js/dist/zone.js:387:17\n\tZone.prototype.run@node_modules/zone.js/dist/zone.js:138:24\n\trunInTestZone@node_modules/zone.js/dist/zone-testing.js:509:20\n\twrapTestInZone/<@node_modules/zone.js/dist/zone-testing.js:524:20\n\t<Jasmine>\n\tZoneDelegate.prototype.invokeTask@node_modules/zone.js/dist/zone.js:421:17\n\tZone.prototype.runTask@node_modules/zone.js/dist/zone.js:188:28\n\tdrainMicroTaskQueue@node_modules/zone.js/dist/zone.js:595:25\n\trun@node_modules/core-js/client/core.js:6252:22\n\tnotify/<@node_modules/core-js/client/core.js:6269:30\n\tflush@node_modules/core-js/client/core.js:2471:9\n................................................................................\n........................\u001b[33m07 01 2019 23:08:43.887:WARN [web-server]: \u001b[39m404: /non-existent.html\n........................................................\n................................................................................\n................................................................................\n................................................................................\n......................................................\u001b[33m07 01 2019 23:08:44.560:WARN [web-server]: \u001b[39m404: /non-existent.html\n..........................\n................................................................................\n................................................................................\n................................................................................\n................................................................................\n................................................................................\n......................\nIE 10.0.0 (Windows 8.0.0) LOG: \u001b[36m'ran 20292 change detection cycles'\u001b[39m\n................................................................................\n......................................................................\nIE 11.0.0 (Windows 8.1.0.0) WARN: \u001b[36m'WARNING: sanitizing HTML stripped some content (see http://g.co/ng/security#xss).'\u001b[39m\n..................................................\nIE 11.0.0 (Windows 8.1.0.0) WARN: \u001b[36m'WARNING: sanitizing HTML stripped some content (see http://g.co/ng/security#xss).'\u001b[39m\nIE 11.0.0 (Windows 8.1.0.0) WARN: \u001b[36m'WARNING: sanitizing HTML stripped some content (see http://g.co/ng/security#xss).'\u001b[39m\nIE 11.0.0 (Windows 8.1.0.0) WARN: \u001b[36m'WARNING: sanitizing unsafe URL value javascript:alert(1) (see http://g.co/ng/security#xss)'\u001b[39m\nIE 11.0.0 (Windows 8.1.0.0) WARN: \u001b[36m'WARNING: sanitizing unsafe style value url(javascript:evil()) (see http://g.co/ng/security#xss).'\u001b[39m\nIE 11.0.0 (Windows 8.1.0.0) WARN: \u001b[36m'WARNING: sanitizing unsafe URL value javascript:alert(1) (see http://g.co/ng/security#xss)'\u001b[39m\nIE 11.0.0 (Windows 8.1.0.0) WARN: \u001b[36m'WARNING: sanitizing unsafe URL value javascript:alert(1) (see http://g.co/ng/security#xss)'\u001b[39m\nIE 11.0.0 (Windows 8.1.0.0) WARN: \u001b[36m'WARNING: sanitizing unsafe URL value javascript:alert(1) (see http://g.co/ng/security#xss)'\u001b[39m\n................................................................................\n................................................................................\n................................................................................\n.......\nIE 10.0.0 (Windows 8.0.0) LOG: \u001b[36m'0.02 ms per check'\u001b[39m\nIE 10.0.0 (Windows 8.0.0) LOG: \u001b[36m'ran 40042 change detection cycles'\u001b[39m\nIE 10.0.0 (Windows 8.0.0) LOG: \u001b[36m'0.01 ms per check'\u001b[39m\n................................................................................\n......................................................................\u001b[33m07 01 2019 23:08:47.278:WARN [web-server]: \u001b[39m404: /bad/path/404.html\n..........\n................................................................................\n................................................................................\n............................\nIE 11.0.0 (Windows 8.1.0.0) LOG: \u001b[36m'ran 27346 change detection cycles'\u001b[39m\n..................................................\nIE 11.0.0 (Windows 8.1.0.0) LOG: \u001b[36m'0.02 ms per check'\u001b[39m\nIE 11.0.0 (Windows 8.1.0.0) LOG: \u001b[36m'ran 23032 change detection cycles'\u001b[39m\nIE 11.0.0 (Windows 8.1.0.0) LOG: \u001b[36m'0.02 ms per check'\u001b[39m\nIE 11.0.0 (Windows 8.1.0.0) LOG: \u001b[36m'Angular is running in the development mode. Call enableProdMode() to enable the production mode.'\u001b[39m\n..................................................\nIE 11.0.0 (Windows 8.1.0.0) LOG: \u001b[36m'Angular is running in the development mode. Call enableProdMode() to enable the production mode.'\u001b[39m\n................................................................................\n................................................................................\n................................................................................\n................................................................................\n................................................................................\n................................................................................\n..................\nIE 11.0.0 (Windows 8.1.0.0) LOG: \u001b[36m'Angular is running in the development mode. Call enableProdMode() to enable the production mode.'\u001b[39m\nIE 11.0.0 (Windows 8.1.0.0) LOG: \u001b[36m'Angular is running in the development mode. Call enableProdMode() to enable the production mode.'\u001b[39m\n..................................................\nIE 11.0.0 (Windows 8.1.0.0) LOG: \u001b[36m'Angular is running in the development mode. Call enableProdMode() to enable the production mode.'\u001b[39m\n..................................................\nIE 11.0.0 (Windows 8.1.0.0) LOG: \u001b[36m'Angular is running in the development mode. Call enableProdMode() to enable the production mode.'\u001b[39m\n................................................................................\n................................................................................\n................................................................................\n................................................................................\n................................................................................\n................................................................................\n....................\u001b[33m07 01 2019 23:08:50.930:WARN [web-server]: \u001b[39m404: /bad/path/404.html\n............................................................\n................................................................................\n................................................................................\n................................................................................\n................................................................................\n................................................................................\n................................................................................\n...................................\nChrome 72.0.3626 (Windows 7.0.0): Executed 6064 of 0 (skipped 15)\u001b[32m SUCCESS\u001b[39m (1 min 49.43 secs / 50.053 secs)\n................................................................................\n................................................................................\n................................................................................\n................................................................................\n................................................................................\n..........................\nChrome Mobile 67.0.3396 (Android 7.1.1): Executed 6062 of 6077 (skipped 15)\u001b[32m SUCCESS\u001b[39m (1 min 13.144 secs / 59.468 secs)\n................................................................................\n................................................................................\n................................................................................\n................................................................................\n................................................................................\n................................................................................\n................................................................................\n................................................................................\n................................................................................\n................................................................................\n................................................................................\n...................................................................\nChrome Mobile 67.0.3396 (Android 6.0.0) LOG: \u001b[36m'Angular is running in the development mode. Call enableProdMode() to enable the production mode.'\u001b[39m\nIE 11.0.0 (Windows 8.1.0.0) LOG: \u001b[36m'Angular is running in the development mode. Call enableProdMode() to enable the production mode.'\u001b[39m\n................................................................................\n......................................................................\nChrome Mobile 67.0.3396 (Android 6.0.0) LOG: \u001b[36m'Angular is running in the development mode. Call enableProdMode() to enable the production mode.'\u001b[39m\n..................................................\nIE 11.0.0 (Windows 8.1.0.0) WARN: \u001b[36m'Asset-group 'test' in 'ngsw-config.json' uses the 'versionedFiles' option.\nAs of v6 'versionedFiles' and 'files' options have the same behavior. Use 'files' instead.'\u001b[39m\n\u001b[33m07 01 2019 23:08:59.079:WARN [web-server]: \u001b[39m404: /bad/path/404.html\n................................................................................\n......................................................................\nFirefox 60.0.0 (Windows 7.0.0) LOG: \u001b[36m'ran 41947 change detection cycles'\u001b[39m\nFirefox 60.0.0 (Windows 7.0.0) LOG: \u001b[36m'0.01 ms per check'\u001b[39m\n..................................................\nChrome Mobile 67.0.3396 (Android 6.0.0) LOG: \u001b[36m'Angular is running in the development mode. Call enableProdMode() to enable the production mode.'\u001b[39m\nChrome Mobile 67.0.3396 (Android 6.0.0) LOG: \u001b[36m'Angular is running in the development mode. Call enableProdMode() to enable the production mode.'\u001b[39m\nFirefox 60.0.0 (Windows 7.0.0) LOG: \u001b[36m'ran 42693 change detection cycles'\u001b[39m\nFirefox 60.0.0 (Windows 7.0.0) LOG: \u001b[36m'0.01 ms per check'\u001b[39m\n................\nFirefox 60.0.0 (Windows 7.0.0): Executed 6051 of 6066\u001b[31m (1 FAILED)\u001b[39m (skipped 15) (1 min 52.258 secs / 1 min 32.057 secs)\n.................................................\nIE 10.0.0 (Windows 8.0.0) LOG: \u001b[36m'Angular is running in the development mode. Call enableProdMode() to enable the production mode.'\u001b[39m\n..................................................\nIE 11.0.0 (Windows 8.1.0.0) WARN: \u001b[36m'WARNING: sanitizing unsafe URL value \"http://server\" (see http://g.co/ng/security#xss)'\u001b[39m\nIE 11.0.0 (Windows 8.1.0.0) WARN: \u001b[36m'WARNING: sanitizing unsafe style value url(\"http://server\") (see http://g.co/ng/security#xss).'\u001b[39m\nIE 11.0.0 (Windows 8.1.0.0) WARN: \u001b[36m'WARNING: sanitizing unsafe URL value javascript:true (see http://g.co/ng/security#xss)'\u001b[39m\nIE 11.0.0 (Windows 8.1.0.0) WARN: \u001b[36m'WARNING: sanitizing unsafe URL value javascript:true (see http://g.co/ng/security#xss)'\u001b[39m\nChrome Mobile 67.0.3396 (Android 6.0.0) LOG: \u001b[36m'Angular is running in the development mode. Call enableProdMode() to enable the production mode.'\u001b[39m\n..................................................\nChrome Mobile 67.0.3396 (Android 6.0.0) LOG: \u001b[36m'Angular is running in the development mode. Call enableProdMode() to enable the production mode.'\u001b[39m\n................................................................................\n................................................................................\n................................................................................\n................................................................................\n................................................................................\nIE 11.0.0 (Windows 8.1.0.0) WARN: \u001b[36m'WARNING: sanitizing HTML stripped some content (see http://g.co/ng/security#xss).'\u001b[39m\n..................................................\nIE 11.0.0 (Windows 8.1.0.0) WARN: \u001b[36m'WARNING: sanitizing HTML stripped some content (see http://g.co/ng/security#xss).'\u001b[39m\nIE 11.0.0 (Windows 8.1.0.0) WARN: \u001b[36m'WARNING: sanitizing HTML stripped some content (see http://g.co/ng/security#xss).'\u001b[39m\nIE 11.0.0 (Windows 8.1.0.0) WARN: \u001b[36m'WARNING: sanitizing unsafe URL value javascript:alert(1) (see http://g.co/ng/security#xss)'\u001b[39m\nIE 11.0.0 (Windows 8.1.0.0) WARN: \u001b[36m'WARNING: sanitizing unsafe URL value javascript:alert(1) (see http://g.co/ng/security#xss)'\u001b[39m\nIE 11.0.0 (Windows 8.1.0.0) WARN: \u001b[36m'WARNING: sanitizing unsafe style value url(javascript:evil()) (see http://g.co/ng/security#xss).'\u001b[39m\nIE 11.0.0 (Windows 8.1.0.0) WARN: \u001b[36m'WARNING: sanitizing unsafe URL value javascript:alert(1) (see http://g.co/ng/security#xss)'\u001b[39m\nIE 11.0.0 (Windows 8.1.0.0) WARN: \u001b[36m'WARNING: sanitizing unsafe URL value javascript:alert(1) (see http://g.co/ng/security#xss)'\u001b[39m\n................................................................................\n................................................................................\n................................................................................\n................................................................................\n................................................................................\n................................................................................\n................................................................................\n................................................................................\n................................................................................\n................................................................................\n................................................................................\n................................................................................\n................................................................................\n................................................................................\n................................................................................\n................................................................................\n................................................................................\n................................................................................\n................................................................................\n................................................................................\n...............................................\nIE 11.0.0 (Windows 8.1.0.0) WARN: \u001b[36m'WARNING: sanitizing unsafe URL value javascript:true (see http://g.co/ng/security#xss)'\u001b[39m\nIE 11.0.0 (Windows 8.1.0.0) WARN: \u001b[36m'WARNING: sanitizing unsafe URL value javascript:true (see http://g.co/ng/security#xss)'\u001b[39m\nIE 11.0.0 (Windows 8.1.0.0) WARN: \u001b[36m'WARNING: sanitizing unsafe URL value javascript:true (see http://g.co/ng/security#xss)'\u001b[39m\nIE 11.0.0 (Windows 8.1.0.0) WARN: \u001b[36m'WARNING: sanitizing unsafe URL value javascript:true (see http://g.co/ng/security#xss)'\u001b[39m\nIE 11.0.0 (Windows 8.1.0.0) WARN: \u001b[36m'WARNING: sanitizing unsafe URL value javascript:true (see http://g.co/ng/security#xss)'\u001b[39m\nIE 11.0.0 (Windows 8.1.0.0) WARN: \u001b[36m'WARNING: sanitizing unsafe URL value javascript:true (see http://g.co/ng/security#xss)'\u001b[39m\nIE 11.0.0 (Windows 8.1.0.0) WARN: \u001b[36m'WARNING: sanitizing unsafe URL value \"http://server\" (see http://g.co/ng/security#xss)'\u001b[39m\nIE 11.0.0 (Windows 8.1.0.0) WARN: \u001b[36m'WARNING: sanitizing unsafe style value url(\"http://server\") (see http://g.co/ng/security#xss).'\u001b[39m\nIE 11.0.0 (Windows 8.1.0.0) WARN: \u001b[36m'WARNING: sanitizing unsafe URL value \"http://server\" (see http://g.co/ng/security#xss)'\u001b[39m\nIE 11.0.0 (Windows 8.1.0.0) WARN: \u001b[36m'WARNING: sanitizing unsafe style value url(\"http://server\") (see http://g.co/ng/security#xss).'\u001b[39m\nIE 11.0.0 (Windows 8.1.0.0) WARN: \u001b[36m'WARNING: sanitizing unsafe URL value \"http://server\" (see http://g.co/ng/security#xss)'\u001b[39m\nIE 11.0.0 (Windows 8.1.0.0) WARN: \u001b[36m'WARNING: sanitizing unsafe style value url(\"http://server\") (see http://g.co/ng/security#xss).'\u001b[39m\n................................................................................\n................................................................................\n................................................................................\n................................................................................\n................................................................................\n................................................................................\n................................................................................\n................................................................................\n................................................................................\n.........................................................................\nIE 10.0.0 (Windows 8.0.0) WARN: \u001b[36m'WARNING: sanitizing unsafe URL value javascript:true (see http://g.co/ng/security#xss)'\u001b[39m\nIE 10.0.0 (Windows 8.0.0) WARN: \u001b[36m'WARNING: sanitizing unsafe URL value javascript:true (see http://g.co/ng/security#xss)'\u001b[39m\nIE 10.0.0 (Windows 8.0.0) WARN: \u001b[36m'WARNING: sanitizing unsafe URL value javascript:true (see http://g.co/ng/security#xss)'\u001b[39m\nIE 10.0.0 (Windows 8.0.0) WARN: \u001b[36m'WARNING: sanitizing unsafe URL value javascript:true (see http://g.co/ng/security#xss)'\u001b[39m\nIE 10.0.0 (Windows 8.0.0) WARN: \u001b[36m'WARNING: sanitizing unsafe URL value javascript:true (see http://g.co/ng/security#xss)'\u001b[39m\nIE 10.0.0 (Windows 8.0.0) WARN: \u001b[36m'WARNING: sanitizing unsafe URL value javascript:true (see http://g.co/ng/security#xss)'\u001b[39m\nIE 10.0.0 (Windows 8.0.0) WARN: \u001b[36m'WARNING: sanitizing unsafe URL value \"http://server\" (see http://g.co/ng/security#xss)'\u001b[39m\nIE 10.0.0 (Windows 8.0.0) WARN: \u001b[36m'WARNING: sanitizing unsafe style value url(\"http://server\") (see http://g.co/ng/security#xss).'\u001b[39m\nIE 10.0.0 (Windows 8.0.0) WARN: \u001b[36m'WARNING: sanitizing unsafe URL value \"http://server\" (see http://g.co/ng/security#xss)'\u001b[39m\nIE 10.0.0 (Windows 8.0.0) WARN: \u001b[36m'WARNING: sanitizing unsafe style value url(\"http://server\") (see http://g.co/ng/security#xss).'\u001b[39m\nIE 10.0.0 (Windows 8.0.0) WARN: \u001b[36m'WARNING: sanitizing unsafe URL value \"http://server\" (see http://g.co/ng/security#xss)'\u001b[39m\nIE 10.0.0 (Windows 8.0.0) WARN: \u001b[36m'WARNING: sanitizing unsafe style value url(\"http://server\") (see http://g.co/ng/security#xss).'\u001b[39m\n................................................................................\n................................................................................\n................................................................................\n................................................................................\n................................................................................\n................................................................................\n................................................................................\n................................................................................\n............................................................\nIE 10.0.0 (Windows 8.0.0) LOG: \u001b[36m'Angular is running in the development mode. Call enableProdMode() to enable the production mode.'\u001b[39m\nIE 10.0.0 (Windows 8.0.0) LOG: \u001b[36m'Angular is running in the development mode. Call enableProdMode() to enable the production mode.'\u001b[39m\nIE 10.0.0 (Windows 8.0.0) LOG: \u001b[36m'Angular is running in the development mode. Call enableProdMode() to enable the production mode.'\u001b[39m\nIE 10.0.0 (Windows 8.0.0) LOG: \u001b[36m'Angular is running in the development mode. Call enableProdMode() to enable the production mode.'\u001b[39m\nIE 10.0.0 (Windows 8.0.0) LOG: \u001b[36m'Angular is running in the development mode. Call enableProdMode() to enable the production mode.'\u001b[39m\nIE 10.0.0 (Windows 8.0.0) LOG: \u001b[36m'Angular is running in the development mode. Call enableProdMode() to enable the production mode.'\u001b[39m\n................................................................................\n................................................................................\n................................................................................\n................................................................................\n................................................................................\n................................................................................\n................................................................................\n................................................................................\n................................................................................\n................................................................................\n................................................................................\n................................................................................\n................................................................................\n.......................................................\nChrome Mobile 67.0.3396 (Android 6.0.0) WARN: \u001b[36m'I18n comments are deprecated, use an <ng-container> element instead (ng:///DynamicTestModule/I18nComponent.html@33:0)'\u001b[39m\nIE 11.0.0 (Windows 8.1.0.0) LOG: \u001b[36m'Angular is running in the development mode. Call enableProdMode() to enable the production mode.'\u001b[39m\n................................................................................\n................................................................................\n................................................................................\n...........................................................\u001b[33m07 01 2019 23:09:48.768:WARN [web-server]: \u001b[39m404: /non-existent.html\n.....................\n................................................................................\n................................................................................\n...................\nIE 10.0.0 (Windows 8.0.0) LOG: \u001b[36m'Angular is running in the development mode. Call enableProdMode() to enable the production mode.'\u001b[39m\n................................................................................\n................................................................................\n................................................................................\n..........\u001b[33m07 01 2019 23:09:54.479:WARN [web-server]: \u001b[39m404: /non-existent.html\n......................................................................\n..............................\u001b[33m07 01 2019 23:09:56.776:WARN [web-server]: \u001b[39m404: /bad/path/404.html\n.......................................\nIE 11.0.0 (Windows 8.1.0.0): Executed 5974 of 5989 (skipped 15)\u001b[32m SUCCESS\u001b[39m (2 mins 46.463 secs / 2 mins 26.103 secs)\n................................................................................\n................................................................................\n................................................................................\n..........\nChrome Mobile 67.0.3396 (Android 6.0.0) WARN: \u001b[36m'WARNING: sanitizing unsafe URL value \"http://server\" (see http://g.co/ng/security#xss)'\u001b[39m\nChrome Mobile 67.0.3396 (Android 6.0.0) WARN: \u001b[36m'WARNING: sanitizing unsafe style value url(\"http://server\") (see http://g.co/ng/security#xss).'\u001b[39m\n..................................................\nChrome Mobile 67.0.3396 (Android 6.0.0) WARN: \u001b[36m'WARNING: sanitizing unsafe URL value javascript:true (see http://g.co/ng/security#xss)'\u001b[39m\nChrome Mobile 67.0.3396 (Android 6.0.0) WARN: \u001b[36m'WARNING: sanitizing unsafe URL value javascript:true (see http://g.co/ng/security#xss)'\u001b[39m\n................................................................................\n................................................................................\n........................................\u001b[33m07 01 2019 23:10:07.660:WARN [web-server]: \u001b[39m404: /bad/path/404.html\n.......................................\nIE 10.0.0 (Windows 8.0.0): Executed 5924 of 5989 (skipped 15)\u001b[32m SUCCESS\u001b[39m (3 mins 3.61 secs / 2 mins 35.64 secs)\n................................................................................\n................................................................................\n................................................................................\n................................................................................\n................................................................................\n................................................................................\n................................................................................\n................................................................................\n................................................................................\n................................................................................\n................................................................................\n.................\nChrome Mobile 67.0.3396 (Android 6.0.0) WARN: \u001b[36m'WARNING: sanitizing unsafe URL value javascript:true (see http://g.co/ng/security#xss)'\u001b[39m\nChrome Mobile 67.0.3396 (Android 6.0.0) WARN: \u001b[36m'WARNING: sanitizing unsafe URL value javascript:true (see http://g.co/ng/security#xss)'\u001b[39m\nChrome Mobile 67.0.3396 (Android 6.0.0) WARN: \u001b[36m'WARNING: sanitizing unsafe URL value javascript:true (see http://g.co/ng/security#xss)'\u001b[39m\nChrome Mobile 67.0.3396 (Android 6.0.0) WARN: \u001b[36m'WARNING: sanitizing unsafe URL value javascript:true (see http://g.co/ng/security#xss)'\u001b[39m\nChrome Mobile 67.0.3396 (Android 6.0.0) WARN: \u001b[36m'WARNING: sanitizing unsafe URL value javascript:true (see http://g.co/ng/security#xss)'\u001b[39m\nChrome Mobile 67.0.3396 (Android 6.0.0) WARN: \u001b[36m'WARNING: sanitizing unsafe URL value javascript:true (see http://g.co/ng/security#xss)'\u001b[39m\nChrome Mobile 67.0.3396 (Android 6.0.0) WARN: \u001b[36m'WARNING: sanitizing unsafe URL value \"http://server\" (see http://g.co/ng/security#xss)'\u001b[39m\nChrome Mobile 67.0.3396 (Android 6.0.0) WARN: \u001b[36m'WARNING: sanitizing unsafe style value url(\"http://server\") (see http://g.co/ng/security#xss).'\u001b[39m\nChrome Mobile 67.0.3396 (Android 6.0.0) WARN: \u001b[36m'WARNING: sanitizing unsafe URL value \"http://server\" (see http://g.co/ng/security#xss)'\u001b[39m\nChrome Mobile 67.0.3396 (Android 6.0.0) WARN: \u001b[36m'WARNING: sanitizing unsafe style value url(\"http://server\") (see http://g.co/ng/security#xss).'\u001b[39m\nChrome Mobile 67.0.3396 (Android 6.0.0) WARN: \u001b[36m'WARNING: sanitizing unsafe URL value \"http://server\" (see http://g.co/ng/security#xss)'\u001b[39m\nChrome Mobile 67.0.3396 (Android 6.0.0) WARN: \u001b[36m'WARNING: sanitizing unsafe style value url(\"http://server\") (see http://g.co/ng/security#xss).'\u001b[39m\n................................................................................\n................................................................................\n................................................................................\n................................................................................\n................................................................................\n................................................................................\n................................................................................\n................................................................................\n................................................................................\n................................................................................\n................................................................................\n................................................................................\n................................................................................\n................................................................................\n................................................................................\n................................................................................\n................................................................................\n................................................................................\n................................................................................\n................................................................................\n................................................................................\n................................................................................\n................................................................................\n................................................................................\n................................................................................\n................................................................................\n.................................................................\nChrome Mobile 67.0.3396 (Android 6.0.0) LOG: \u001b[36m'Angular is running in the development mode. Call enableProdMode() to enable the production mode.'\u001b[39m\n..................................................\nChrome Mobile 67.0.3396 (Android 6.0.0) LOG: \u001b[36m'ran 41098 change detection cycles'\u001b[39m\nChrome Mobile 67.0.3396 (Android 6.0.0) LOG: \u001b[36m'0.01 ms per check'\u001b[39m\nChrome Mobile 67.0.3396 (Android 6.0.0) LOG: \u001b[36m'ran 47197 change detection cycles'\u001b[39m\nChrome Mobile 67.0.3396 (Android 6.0.0) LOG: \u001b[36m'0.01 ms per check'\u001b[39m\n................................................................................\n................................................................................\n................................................................................\n................................................................................\n.............................................................................\nChrome Mobile 67.0.3396 (Android 6.0.0) WARN: \u001b[36m'Asset-group 'test' in 'ngsw-config.json' uses the 'versionedFiles' option.\nAs of v6 'versionedFiles' and 'files' options have the same behavior. Use 'files' instead.'\u001b[39m\n................................................................................\n......................................................................\u001b[33m07 01 2019 23:13:56.931:WARN [web-server]: \u001b[39m404: /bad/path/404.html\n..........\n................................................................................\n................................................................................\n................................................................................\n................................................................................\n................................................................................\n................................................................................\n................................................................................\n................................................................................\n..................................................\u001b[33m07 01 2019 23:14:34.303:WARN [web-server]: \u001b[39m404: /non-existent.html\n...........................\nChrome Mobile 67.0.3396 (Android 6.0.0): Executed 6012 of 6077 (skipped 15)\u001b[32m SUCCESS\u001b[39m (6 mins 12.457 secs / 5 mins 11.464 secs)\n\u001b[31mTOTAL: 1 FAILED, 42150 SUCCESS\u001b[39m\ntravis_time:end:097f36a7:start=1546902400954168977,finish=1546902878157328083,duration=477203159106\n\u001b[0K\u001b[31;1mThe command \"./scripts/ci/test.sh\" exited with 1.\u001b[0m\n\ntravis_time:start:1e58084c\n\u001b[0K$ ./scripts/ci/angular.sh\ntravis_time:end:1e58084c:start=1546902878166923330,finish=1546902878177285167,duration=10361837\n\u001b[0K\u001b[31;1mThe command \"./scripts/ci/angular.sh\" exited with 1.\u001b[0m\n\ntravis_time:start:065b4b99\n\u001b[0K$ ./scripts/ci/cleanup.sh\n\ntravis_fold:start:scripts--ci--cleanup.sh----teardown.sauceConnect\ntravis_time:start:scripts--ci--cleanup.sh----teardown.sauceConnect\n===> scripts/ci/cleanup.sh teardown.sauceConnect ==>==>==>==>==>==>==>==>==>==>==>==>==>==>==>==>\n+(scripts/ci/env.sh:15): main(): ./scripts/sauce/sauce_connect_teardown.sh\nShutting down Sauce Connect tunnel\n\nSauce Connect tunnel has been shut down\n+(scripts/ci/env.sh:16): main(): travisFoldEnd teardown.sauceConnect\n+(scripts/ci/env.sh:31): travisFoldEnd(): set +x\n<=== scripts/ci/cleanup.sh teardown.sauceConnect <==<==<==<==<==<==<==<==<==<==<==<==<==<==<==<==\n\ntravis_time:end:scripts--ci--cleanup.sh----teardown.sauceConnect:start=1546902878194846755,finish=1546902878233854754,duration=39007999\ntravis_fold:end:scripts--ci--cleanup.sh----teardown.sauceConnect\n\n<=== scripts/ci/cleanup.sh <==<==<==<==<==<==<==<==<==<==<==<==<==<==<==<==<==<==<==<==<==<==<==<=\n<==<==<==<==<==<==<==<==<==<==<==<==<==<==<==<==<==<==<==<==<==<==<==<==<==<==<==<==<==<==<==<==<===\n\ntravis_time:end:065b4b99:start=1546902878186236290,finish=1546902878241776533,duration=55540243\n\u001b[0K\u001b[32;1mThe command \"./scripts/ci/cleanup.sh\" exited with 0.\u001b[0m\n\ntravis_time:start:08d15956\n\u001b[0K$ ./scripts/ci/print-logs.sh\n\ntravis_fold:start:scripts--ci--print-logs.sh----print--log--file------tmp--angular-build--logs--build-perf.log\ntravis_time:start:scripts--ci--print-logs.sh----print--log--file------tmp--angular-build--logs--build-perf.log\n===> scripts/ci/print-logs.sh print log file: /tmp/angular-build/logs/build-perf.log ==>==>==>==>\n+(scripts/ci/env.sh:12): main(): cat /tmp/angular-build/logs/build-perf.log\n     3s : scripts/ci/install.sh  install-yarn\n     2s : scripts/ci/install.sh  yarn-install\n     1s : scripts/ci/install.sh  install-sauceConnect\n    20s : scripts/ci/build.sh  tsc tools\n    94s : scripts/ci/build.sh  tsc all\n     0s : scripts/ci/cleanup.sh  teardown.sauceConnect\n+(scripts/ci/env.sh:13): main(): travisFoldEnd 'print log file: /tmp/angular-build/logs/build-perf.log'\n+(scripts/ci/env.sh:31): travisFoldEnd(): set +x\n<=== scripts/ci/print-logs.sh print log file: /tmp/angular-build/logs/build-perf.log <==<==<==<==\n\ntravis_time:end:scripts--ci--print-logs.sh----print--log--file------tmp--angular-build--logs--build-perf.log:start=1546902878259608889,finish=1546902878265592945,duration=5984056\ntravis_fold:end:scripts--ci--print-logs.sh----print--log--file------tmp--angular-build--logs--build-perf.log\n\n<=== scripts/ci/print-logs.sh <==<==<==<==<==<==<==<==<==<==<==<==<==<==<==<==<==<==<==<==<==<==<=\n<==<==<==<==<==<==<==<==<==<==<==<==<==<==<==<==<==<==<==<==<==<==<==<==<==<==<==<==<==<==<==<==<===\n\ntravis_time:end:08d15956:start=1546902878251173659,finish=1546902878273302308,duration=22128649\n\u001b[0K\u001b[32;1mThe command \"./scripts/ci/print-logs.sh\" exited with 0.\u001b[0m\n\ntravis_fold:start:cache.2\n\u001b[0Kstore build cache\ntravis_time:start:0248cf88\n\u001b[0Ktravis_time:end:0248cf88:start=1546902878281652239,finish=1546902878287235309,duration=5583070\n\u001b[0Ktravis_time:start:200c2b00\n\u001b[0K\u001b[32;1mnothing changed, not updating cache\u001b[0m\ntravis_time:end:200c2b00:start=1546902878296100075,finish=1546902894433232183,duration=16137132108\n\u001b[0Ktravis_fold:end:cache.2\n\u001b[0K\n\nDone. Your build exited with 1.\n"
}